<?xml version="1.0" encoding="utf-8"?>
<TestRun id="c1b9b6ac-ba26-4c39-8eaf-d6781371d2c7" name="@Unbutu-Ai-Chads-PC 2025-09-13 14:01:36" xmlns="http://microsoft.com/schemas/VisualStudio/TeamTest/2010">
  <Times creation="2025-09-13T14:01:36.9090357-04:00" queuing="2025-09-13T14:01:36.9090357-04:00" start="2025-09-13T14:01:36.3508894-04:00" finish="2025-09-13T14:01:37.1551022-04:00" />
  <TestSettings name="default" id="6fd4f79f-57c8-4c34-855d-d4fd15308f7d">
    <Deployment runDeploymentRoot="_Unbutu-Ai-Chads-PC_2025-09-13_14_01_36" />
  </TestSettings>
  <Results>
    <UnitTestResult executionId="47593f8f-11bf-4556-9bff-a9e4ade5da0b" testId="574c936a-97e8-6930-d3e3-ee56b6e1968d" testName="WitchCityRope.Core.Tests.ValueObjects.MoneyTests.Multiply_ValidFactor_MultipliesSuccessfully(amount: 10.5, factor: 3, expected: 31.5)" computerName="Unbutu-Ai-Chads-PC" duration="00:00:00.0000031" startTime="2025-09-13T14:01:36.8875757-04:00" endTime="2025-09-13T14:01:36.8876100-04:00" testType="13cdc9d9-ddb5-4fa4-a97d-d965ccfc6d4b" outcome="Passed" testListId="8c84fa94-04c1-424b-9868-57a2d4851a1d" relativeResultsDirectory="47593f8f-11bf-4556-9bff-a9e4ade5da0b" />
    <UnitTestResult executionId="53ce17d1-3563-4065-a09a-5b0441baf848" testId="0bfa9a81-3d14-9055-54e8-e5fb35de7fcb" testName="WitchCityRope.Core.Tests.ValueObjects.MoneyTests.ToDisplayString_VariousCurrencies_FormatsCorrectly(currency: &quot;EUR&quot;, expected: &quot;€10.50&quot;)" computerName="Unbutu-Ai-Chads-PC" duration="00:00:00.0000038" startTime="2025-09-13T14:01:36.8931350-04:00" endTime="2025-09-13T14:01:36.8931778-04:00" testType="13cdc9d9-ddb5-4fa4-a97d-d965ccfc6d4b" outcome="Passed" testListId="8c84fa94-04c1-424b-9868-57a2d4851a1d" relativeResultsDirectory="53ce17d1-3563-4065-a09a-5b0441baf848" />
    <UnitTestResult executionId="63998340-4221-43f2-b703-b065c0dc4e05" testId="290b34ee-8997-dfca-77ff-82ad44a16796" testName="WitchCityRope.Core.Tests.Entities.RegistrationTests.Confirm_NullPayment_ThrowsArgumentNullException" computerName="Unbutu-Ai-Chads-PC" duration="00:00:00.0056028" startTime="2025-09-13T14:01:37.0054339-04:00" endTime="2025-09-13T14:01:37.0109047-04:00" testType="13cdc9d9-ddb5-4fa4-a97d-d965ccfc6d4b" outcome="Passed" testListId="8c84fa94-04c1-424b-9868-57a2d4851a1d" relativeResultsDirectory="63998340-4221-43f2-b703-b065c0dc4e05" />
    <UnitTestResult executionId="2e32a089-7ddd-4ec5-beed-21dc6ecaba06" testId="608e931e-de24-f30a-1df4-2d44e7f89163" testName="WitchCityRope.Core.Tests.Entities.RegistrationTests.StatusTransitions_VariousScenarios_BehavesCorrectly(initialStatus: Cancelled, targetStatus: Confirmed, shouldSucceed: False)" computerName="Unbutu-Ai-Chads-PC" duration="00:00:00.0035814" startTime="2025-09-13T14:01:36.8964147-04:00" endTime="2025-09-13T14:01:36.8974298-04:00" testType="13cdc9d9-ddb5-4fa4-a97d-d965ccfc6d4b" outcome="Passed" testListId="8c84fa94-04c1-424b-9868-57a2d4851a1d" relativeResultsDirectory="2e32a089-7ddd-4ec5-beed-21dc6ecaba06" />
    <UnitTestResult executionId="429373cd-0de0-4ac4-b9b7-8daf672ff3a9" testId="1a35023b-af8e-7459-b8da-b70b67577be3" testName="WitchCityRope.Core.Tests.ValueObjects.MoneyTests.ToString_ReturnsStandardFormat" computerName="Unbutu-Ai-Chads-PC" duration="00:00:00.0000871" startTime="2025-09-13T14:01:36.8946506-04:00" endTime="2025-09-13T14:01:36.8946979-04:00" testType="13cdc9d9-ddb5-4fa4-a97d-d965ccfc6d4b" outcome="Passed" testListId="8c84fa94-04c1-424b-9868-57a2d4851a1d" relativeResultsDirectory="429373cd-0de0-4ac4-b9b7-8daf672ff3a9" />
    <UnitTestResult executionId="1aebd4c2-6217-4611-ab0b-fbd2eef1977a" testId="ae396dcc-673d-748e-2480-155148bbd99c" testName="WitchCityRope.Core.Tests.ValueObjects.MoneyTests.ToDisplayString_VariousCurrencies_FormatsCorrectly(currency: &quot;GBP&quot;, expected: &quot;£10.50&quot;)" computerName="Unbutu-Ai-Chads-PC" duration="00:00:00.0000066" startTime="2025-09-13T14:01:36.8929677-04:00" endTime="2025-09-13T14:01:36.8930263-04:00" testType="13cdc9d9-ddb5-4fa4-a97d-d965ccfc6d4b" outcome="Passed" testListId="8c84fa94-04c1-424b-9868-57a2d4851a1d" relativeResultsDirectory="1aebd4c2-6217-4611-ab0b-fbd2eef1977a" />
    <UnitTestResult executionId="a0089b8a-bc6f-4339-9c22-53d8fd80efa1" testId="2b3fb6ad-f8dd-9716-9a2a-ebbd430d3b9e" testName="WitchCityRope.Core.Tests.Entities.EventTests.Publish_AlreadyPublished_ThrowsDomainException" computerName="Unbutu-Ai-Chads-PC" duration="00:00:00.0020564" startTime="2025-09-13T14:01:36.9422468-04:00" endTime="2025-09-13T14:01:36.9441507-04:00" testType="13cdc9d9-ddb5-4fa4-a97d-d965ccfc6d4b" outcome="Passed" testListId="8c84fa94-04c1-424b-9868-57a2d4851a1d" relativeResultsDirectory="a0089b8a-bc6f-4339-9c22-53d8fd80efa1" />
    <UnitTestResult executionId="02d2d602-d3da-4bf6-9777-35a95ab62af6" testId="2f21a058-e21f-cf4b-831f-a132a3f4eafc" testName="WitchCityRope.Core.Tests.ValueObjects.SceneNameTests.CaseInsensitiveComparison_WorksCorrectly(name1: &quot;Scene Name&quot;, name2: &quot;scene name&quot;)" computerName="Unbutu-Ai-Chads-PC" duration="00:00:00.0000074" startTime="2025-09-13T14:01:36.8724967-04:00" endTime="2025-09-13T14:01:36.8725940-04:00" testType="13cdc9d9-ddb5-4fa4-a97d-d965ccfc6d4b" outcome="Passed" testListId="8c84fa94-04c1-424b-9868-57a2d4851a1d" relativeResultsDirectory="02d2d602-d3da-4bf6-9777-35a95ab62af6" />
    <UnitTestResult executionId="cbb511c2-b545-4cbc-b84a-dd3489935aee" testId="7d873735-73f3-afa9-1dba-8902862c0ad8" testName="WitchCityRope.Core.Tests.Entities.EventTests.Constructor_NegativeCapacity_ThrowsDomainException" computerName="Unbutu-Ai-Chads-PC" duration="00:00:00.0019245" startTime="2025-09-13T14:01:36.9522758-04:00" endTime="2025-09-13T14:01:36.9540616-04:00" testType="13cdc9d9-ddb5-4fa4-a97d-d965ccfc6d4b" outcome="Passed" testListId="8c84fa94-04c1-424b-9868-57a2d4851a1d" relativeResultsDirectory="cbb511c2-b545-4cbc-b84a-dd3489935aee" />
    <UnitTestResult executionId="601972e3-9952-4a2c-9edb-8424f9056b30" testId="c3e42df9-274a-a616-9d53-0e461b6f0fcc" testName="WitchCityRope.Core.Tests.ValueObjects.MoneyTests.Equals_DifferentAmount_ReturnsFalse" computerName="Unbutu-Ai-Chads-PC" duration="00:00:00.0003139" startTime="2025-09-13T14:01:36.8742565-04:00" endTime="2025-09-13T14:01:36.8753448-04:00" testType="13cdc9d9-ddb5-4fa4-a97d-d965ccfc6d4b" outcome="Passed" testListId="8c84fa94-04c1-424b-9868-57a2d4851a1d" relativeResultsDirectory="601972e3-9952-4a2c-9edb-8424f9056b30" />
    <UnitTestResult executionId="4838e70f-c18e-4c2e-94d6-f2ebdb39d620" testId="67df0293-27d6-f4c5-0e20-f1ffe205ccc9" testName="WitchCityRope.Core.Tests.ValueObjects.SceneNameTests.Create_ValidSceneName_CreatesSuccessfully(name: &quot;AB&quot;)" computerName="Unbutu-Ai-Chads-PC" duration="00:00:00.0000070" startTime="2025-09-13T14:01:36.8750192-04:00" endTime="2025-09-13T14:01:36.8750685-04:00" testType="13cdc9d9-ddb5-4fa4-a97d-d965ccfc6d4b" outcome="Passed" testListId="8c84fa94-04c1-424b-9868-57a2d4851a1d" relativeResultsDirectory="4838e70f-c18e-4c2e-94d6-f2ebdb39d620" />
    <UnitTestResult executionId="e7183609-1f48-47f9-af97-24833cf3933a" testId="dcd2f006-b615-aca4-03f2-93049cc2989f" testName="WitchCityRope.Core.Tests.ValueObjects.SceneNameTests.CaseInsensitiveComparison_WorksCorrectly(name1: &quot;scene name&quot;, name2: &quot;SCENE NAME&quot;)" computerName="Unbutu-Ai-Chads-PC" duration="00:00:00.0001305" startTime="2025-09-13T14:01:36.8723791-04:00" endTime="2025-09-13T14:01:36.8724137-04:00" testType="13cdc9d9-ddb5-4fa4-a97d-d965ccfc6d4b" outcome="Passed" testListId="8c84fa94-04c1-424b-9868-57a2d4851a1d" relativeResultsDirectory="e7183609-1f48-47f9-af97-24833cf3933a" />
    <UnitTestResult executionId="7bafe714-ea11-4ad0-bba3-65f94b959cf1" testId="69a533cc-02b9-6682-8046-8e98933b150c" testName="WitchCityRope.Core.Tests.Entities.RegistrationTests.IsEligibleForRefund_NotCancelled_ReturnsFalse" computerName="Unbutu-Ai-Chads-PC" duration="00:00:00.0055452" startTime="2025-09-13T14:01:36.9689621-04:00" endTime="2025-09-13T14:01:36.9744346-04:00" testType="13cdc9d9-ddb5-4fa4-a97d-d965ccfc6d4b" outcome="Passed" testListId="8c84fa94-04c1-424b-9868-57a2d4851a1d" relativeResultsDirectory="7bafe714-ea11-4ad0-bba3-65f94b959cf1" />
    <UnitTestResult executionId="9b178a85-418e-441b-9dee-ed627f510e25" testId="d455764c-ebf5-92ab-8b89-d7a291338524" testName="WitchCityRope.Core.Tests.ValueObjects.EmailAddressTests.Value_AlwaysLowercase(input: &quot;Test@Example.Com&quot;, expected: &quot;test@example.com&quot;)" computerName="Unbutu-Ai-Chads-PC" duration="00:00:00.0000970" startTime="2025-09-13T14:01:36.8738382-04:00" endTime="2025-09-13T14:01:36.8738732-04:00" testType="13cdc9d9-ddb5-4fa4-a97d-d965ccfc6d4b" outcome="Passed" testListId="8c84fa94-04c1-424b-9868-57a2d4851a1d" relativeResultsDirectory="9b178a85-418e-441b-9dee-ed627f510e25" />
    <UnitTestResult executionId="74caf38a-5c5a-41da-950d-0c2359700408" testId="0d8317ff-abfb-72ae-197e-3f07e59847af" testName="WitchCityRope.Core.Tests.ValueObjects.EmailAddressTests.GetHashCode_SameEmailDifferentCase_ReturnsSameHash" computerName="Unbutu-Ai-Chads-PC" duration="00:00:00.0009051" startTime="2025-09-13T14:01:36.8657928-04:00" endTime="2025-09-13T14:01:36.8700060-04:00" testType="13cdc9d9-ddb5-4fa4-a97d-d965ccfc6d4b" outcome="Passed" testListId="8c84fa94-04c1-424b-9868-57a2d4851a1d" relativeResultsDirectory="74caf38a-5c5a-41da-950d-0c2359700408" />
    <UnitTestResult executionId="98a1e79a-a53e-45fb-9ce5-2e4e2d146ed8" testId="8e5b6cc8-b426-b5a6-a2e6-d33c03b3846d" testName="WitchCityRope.Core.Tests.Entities.UserTests.PromoteToRole_VariousScenarios_BehavesCorrectly(currentRole: Organizer, newRole: Member, shouldSucceed: False)" computerName="Unbutu-Ai-Chads-PC" duration="00:00:00.0065934" startTime="2025-09-13T14:01:36.8950135-04:00" endTime="2025-09-13T14:01:36.8950688-04:00" testType="13cdc9d9-ddb5-4fa4-a97d-d965ccfc6d4b" outcome="Passed" testListId="8c84fa94-04c1-424b-9868-57a2d4851a1d" relativeResultsDirectory="98a1e79a-a53e-45fb-9ce5-2e4e2d146ed8" />
    <UnitTestResult executionId="08555b14-b309-430f-8fe1-e6da51bb0e39" testId="84dcc98b-de79-8a60-e10c-9ece06fa7fb3" testName="WitchCityRope.Core.Tests.ValueObjects.EmailAddressTests.Create_InvalidFormat_ThrowsDomainException(email: &quot;user@&quot;)" computerName="Unbutu-Ai-Chads-PC" duration="00:00:00.0002523" startTime="2025-09-13T14:01:36.8797386-04:00" endTime="2025-09-13T14:01:36.8800827-04:00" testType="13cdc9d9-ddb5-4fa4-a97d-d965ccfc6d4b" outcome="Passed" testListId="8c84fa94-04c1-424b-9868-57a2d4851a1d" relativeResultsDirectory="08555b14-b309-430f-8fe1-e6da51bb0e39" />
    <UnitTestResult executionId="74383899-c8cc-44d7-a3bf-c796c2fd9a18" testId="4b09bb72-974f-d7f4-bee4-dbca350a7176" testName="WitchCityRope.Core.Tests.ValueObjects.MoneyTests.Create_ValidAmount_CreatesSuccessfully(amount: 10.5)" computerName="Unbutu-Ai-Chads-PC" duration="00:00:00.0002053" startTime="2025-09-13T14:01:36.8755764-04:00" endTime="2025-09-13T14:01:36.8766706-04:00" testType="13cdc9d9-ddb5-4fa4-a97d-d965ccfc6d4b" outcome="Passed" testListId="8c84fa94-04c1-424b-9868-57a2d4851a1d" relativeResultsDirectory="74383899-c8cc-44d7-a3bf-c796c2fd9a18" />
    <UnitTestResult executionId="be514a49-a1af-4f48-ae4e-071b64d1bc53" testId="7cfbf625-df92-ef50-1f46-50f40c1d104f" testName="WitchCityRope.Core.Tests.Entities.EventTests.GetAvailableSpots_FullCapacity_ReturnsCapacity" computerName="Unbutu-Ai-Chads-PC" duration="00:00:00.0017451" startTime="2025-09-13T14:01:36.9542400-04:00" endTime="2025-09-13T14:01:36.9558403-04:00" testType="13cdc9d9-ddb5-4fa4-a97d-d965ccfc6d4b" outcome="Passed" testListId="8c84fa94-04c1-424b-9868-57a2d4851a1d" relativeResultsDirectory="be514a49-a1af-4f48-ae4e-071b64d1bc53" />
    <UnitTestResult executionId="9087ae3a-bf18-4e25-adfd-98b1f63295ee" testId="8122439b-37fb-4922-97ba-e403cc364eed" testName="WitchCityRope.Core.Tests.ValueObjects.EmailAddressTests.Create_ValidEmail_CreatesSuccessfully(email: &quot;test123@subdomain.example.com&quot;)" computerName="Unbutu-Ai-Chads-PC" duration="00:00:00.0003570" startTime="2025-09-13T14:01:36.8628136-04:00" endTime="2025-09-13T14:01:36.8628824-04:00" testType="13cdc9d9-ddb5-4fa4-a97d-d965ccfc6d4b" outcome="Passed" testListId="8c84fa94-04c1-424b-9868-57a2d4851a1d" relativeResultsDirectory="9087ae3a-bf18-4e25-adfd-98b1f63295ee" />
    <UnitTestResult executionId="0afc4306-2cb1-4228-9d79-e2faf90d0255" testId="db9487ae-f8bb-6c77-456e-477251a97694" testName="WitchCityRope.Core.Tests.ValueObjects.SceneNameTests.Create_EmptyOrNull_ThrowsArgumentException(name: &quot; &quot;)" computerName="Unbutu-Ai-Chads-PC" duration="00:00:00.0002167" startTime="2025-09-13T14:01:36.8700655-04:00" endTime="2025-09-13T14:01:36.8709491-04:00" testType="13cdc9d9-ddb5-4fa4-a97d-d965ccfc6d4b" outcome="Passed" testListId="8c84fa94-04c1-424b-9868-57a2d4851a1d" relativeResultsDirectory="0afc4306-2cb1-4228-9d79-e2faf90d0255" />
    <UnitTestResult executionId="6de03b31-c237-437f-9db9-4936fccf90aa" testId="0879fc39-5bc5-a25c-cfc2-e0638ee2992f" testName="WitchCityRope.Core.Tests.Entities.EventTests.Publish_UnpublishedEvent_PublishesSuccessfully" computerName="Unbutu-Ai-Chads-PC" duration="00:00:00.0042581" startTime="2025-09-13T14:01:36.9013728-04:00" endTime="2025-09-13T14:01:36.9015853-04:00" testType="13cdc9d9-ddb5-4fa4-a97d-d965ccfc6d4b" outcome="Passed" testListId="8c84fa94-04c1-424b-9868-57a2d4851a1d" relativeResultsDirectory="6de03b31-c237-437f-9db9-4936fccf90aa" />
    <UnitTestResult executionId="2fb307fd-0be1-4169-b044-bad9bd83e5a4" testId="a1b786bd-3420-a755-d1b7-26283940726c" testName="WitchCityRope.Core.Tests.Entities.EventTests.Constructor_VariousCapacities_CreatesSuccessfully(capacity: 100)" computerName="Unbutu-Ai-Chads-PC" duration="00:00:00.0054138" startTime="2025-09-13T14:01:36.8995754-04:00" endTime="2025-09-13T14:01:36.8997499-04:00" testType="13cdc9d9-ddb5-4fa4-a97d-d965ccfc6d4b" outcome="Passed" testListId="8c84fa94-04c1-424b-9868-57a2d4851a1d" relativeResultsDirectory="2fb307fd-0be1-4169-b044-bad9bd83e5a4" />
    <UnitTestResult executionId="57d6da1f-9acb-4a08-a543-b33e1bda4112" testId="a17f7256-4498-6316-6913-96f986b70443" testName="WitchCityRope.Core.Tests.ValueObjects.MoneyTests.Subtract_DifferentCurrency_ThrowsDomainException" computerName="Unbutu-Ai-Chads-PC" duration="00:00:00.0009178" startTime="2025-09-13T14:01:36.8852851-04:00" endTime="2025-09-13T14:01:36.8857624-04:00" testType="13cdc9d9-ddb5-4fa4-a97d-d965ccfc6d4b" outcome="Passed" testListId="8c84fa94-04c1-424b-9868-57a2d4851a1d" relativeResultsDirectory="57d6da1f-9acb-4a08-a543-b33e1bda4112" />
    <UnitTestResult executionId="a961a878-cc52-42b5-a19f-70f03197fe1a" testId="602812ce-9acf-c63f-3d9e-ab7e38da8bfb" testName="WitchCityRope.Core.Tests.ValueObjects.EmailAddressTests.DisplayValue_PreservesOriginalCase(input: &quot;Test@Example.Com&quot;, expected: &quot;Test@Example.Com&quot;)" computerName="Unbutu-Ai-Chads-PC" duration="00:00:00.0001161" startTime="2025-09-13T14:01:36.8714832-04:00" endTime="2025-09-13T14:01:36.8715181-04:00" testType="13cdc9d9-ddb5-4fa4-a97d-d965ccfc6d4b" outcome="Passed" testListId="8c84fa94-04c1-424b-9868-57a2d4851a1d" relativeResultsDirectory="a961a878-cc52-42b5-a19f-70f03197fe1a" />
    <UnitTestResult executionId="1b94e6c5-3772-4445-9e07-ffbfb1d6bce1" testId="252a288d-ed9d-192f-9ca0-2b8477995f8a" testName="WitchCityRope.Core.Tests.Entities.RegistrationTests.Constructor_InvalidPrice_ThrowsDomainException" computerName="Unbutu-Ai-Chads-PC" duration="00:00:00.0027714" startTime="2025-09-13T14:01:36.9745692-04:00" endTime="2025-09-13T14:01:36.9772257-04:00" testType="13cdc9d9-ddb5-4fa4-a97d-d965ccfc6d4b" outcome="Passed" testListId="8c84fa94-04c1-424b-9868-57a2d4851a1d" relativeResultsDirectory="1b94e6c5-3772-4445-9e07-ffbfb1d6bce1" />
    <UnitTestResult executionId="604b0dcd-a612-499a-b9af-0358a75fc8d7" testId="aa10c3e1-a4c0-c3d8-9c2e-168e33c3cacb" testName="WitchCityRope.Core.Tests.Entities.RegistrationTests.Constructor_NoSpecialNeeds_CreatesRegistration" computerName="Unbutu-Ai-Chads-PC" duration="00:00:00.0031652" startTime="2025-09-13T14:01:36.9028581-04:00" endTime="2025-09-13T14:01:36.9030738-04:00" testType="13cdc9d9-ddb5-4fa4-a97d-d965ccfc6d4b" outcome="Passed" testListId="8c84fa94-04c1-424b-9868-57a2d4851a1d" relativeResultsDirectory="604b0dcd-a612-499a-b9af-0358a75fc8d7" />
    <UnitTestResult executionId="20ad6a82-0b7d-4698-a33b-ab5a6b69b907" testId="56521df1-5782-2595-2caa-652e0c9a7393" testName="WitchCityRope.Core.Tests.Entities.EventTests.AddOrganizer_NullOrganizer_ThrowsArgumentNullException" computerName="Unbutu-Ai-Chads-PC" duration="00:00:00.0021778" startTime="2025-09-13T14:01:36.9004037-04:00" endTime="2025-09-13T14:01:36.9012359-04:00" testType="13cdc9d9-ddb5-4fa4-a97d-d965ccfc6d4b" outcome="Passed" testListId="8c84fa94-04c1-424b-9868-57a2d4851a1d" relativeResultsDirectory="20ad6a82-0b7d-4698-a33b-ab5a6b69b907" />
    <UnitTestResult executionId="f3fa92ec-1b1e-4581-8775-d63e34e047d8" testId="8f5f971f-a71a-13e1-4708-f9d625af241d" testName="WitchCityRope.Core.Tests.ValueObjects.MoneyTests.ToDisplayString_VariousCurrencies_FormatsCorrectly(currency: &quot;USD&quot;, expected: &quot;$10.50&quot;)" computerName="Unbutu-Ai-Chads-PC" duration="00:00:00.0001213" startTime="2025-09-13T14:01:36.8877940-04:00" endTime="2025-09-13T14:01:36.8878283-04:00" testType="13cdc9d9-ddb5-4fa4-a97d-d965ccfc6d4b" outcome="Passed" testListId="8c84fa94-04c1-424b-9868-57a2d4851a1d" relativeResultsDirectory="f3fa92ec-1b1e-4581-8775-d63e34e047d8" />
    <UnitTestResult executionId="77746384-ee83-42bf-aea3-ec643ff503cc" testId="9028b45d-2cc9-07bd-c10e-d070f0a1ff95" testName="WitchCityRope.Core.Tests.ValueObjects.MoneyTests.Add_DifferentCurrency_ThrowsDomainException" computerName="Unbutu-Ai-Chads-PC" duration="00:00:00.0003828" startTime="2025-09-13T14:01:36.8940360-04:00" endTime="2025-09-13T14:01:36.8940781-04:00" testType="13cdc9d9-ddb5-4fa4-a97d-d965ccfc6d4b" outcome="Passed" testListId="8c84fa94-04c1-424b-9868-57a2d4851a1d" relativeResultsDirectory="77746384-ee83-42bf-aea3-ec643ff503cc" />
    <UnitTestResult executionId="9bce06e6-dd9a-419d-b662-48d084d5240c" testId="bb63d3b1-377d-9b8b-04fd-78b169853397" testName="WitchCityRope.Core.Tests.ValueObjects.SceneNameTests.Create_ExceedsMaxLength_ThrowsDomainException" computerName="Unbutu-Ai-Chads-PC" duration="00:00:00.0004687" startTime="2025-09-13T14:01:36.8813167-04:00" endTime="2025-09-13T14:01:36.8815452-04:00" testType="13cdc9d9-ddb5-4fa4-a97d-d965ccfc6d4b" outcome="Passed" testListId="8c84fa94-04c1-424b-9868-57a2d4851a1d" relativeResultsDirectory="9bce06e6-dd9a-419d-b662-48d084d5240c" />
    <UnitTestResult executionId="9c5121e4-2169-4e53-9d21-0956cdda49c5" testId="9be31e2b-f3e8-8c08-dd98-d5e45bfef077" testName="WitchCityRope.Core.Tests.Entities.UserTests.Constructor_ValidData_CreatesUser" computerName="Unbutu-Ai-Chads-PC" duration="00:00:00.0016230" startTime="2025-09-13T14:01:36.8961839-04:00" endTime="2025-09-13T14:01:36.8964385-04:00" testType="13cdc9d9-ddb5-4fa4-a97d-d965ccfc6d4b" outcome="Passed" testListId="8c84fa94-04c1-424b-9868-57a2d4851a1d" relativeResultsDirectory="9c5121e4-2169-4e53-9d21-0956cdda49c5" />
    <UnitTestResult executionId="d7fccdc5-a8b0-4988-8ed2-ffa5b34af96b" testId="fab29629-ecda-5b7c-a197-ec8aaf8cb2b1" testName="WitchCityRope.Core.Tests.ValueObjects.EmailAddressTests.Create_InvalidFormat_ThrowsDomainException(email: &quot;user name@example.com&quot;)" computerName="Unbutu-Ai-Chads-PC" duration="00:00:00.0002492" startTime="2025-09-13T14:01:36.8814125-04:00" endTime="2025-09-13T14:01:36.8814477-04:00" testType="13cdc9d9-ddb5-4fa4-a97d-d965ccfc6d4b" outcome="Passed" testListId="8c84fa94-04c1-424b-9868-57a2d4851a1d" relativeResultsDirectory="d7fccdc5-a8b0-4988-8ed2-ffa5b34af96b" />
    <UnitTestResult executionId="aec4f919-6d5b-4dfe-8bed-55756b3da6e5" testId="2c65e45d-6c80-9ae7-ff51-b65cb1415f9c" testName="WitchCityRope.Core.Tests.ValueObjects.EmailAddressTests.TryCreate_InvalidEmail_ReturnsFalse(invalidEmail: &quot;@example.com&quot;)" computerName="Unbutu-Ai-Chads-PC" duration="00:00:00.0000035" startTime="2025-09-13T14:01:36.8729092-04:00" endTime="2025-09-13T14:01:36.8729446-04:00" testType="13cdc9d9-ddb5-4fa4-a97d-d965ccfc6d4b" outcome="Passed" testListId="8c84fa94-04c1-424b-9868-57a2d4851a1d" relativeResultsDirectory="aec4f919-6d5b-4dfe-8bed-55756b3da6e5" />
    <UnitTestResult executionId="1bab86fe-4cca-435b-85d1-de634e02f834" testId="9999148d-bc60-e4a0-453e-526e689ed5b8" testName="WitchCityRope.Core.Tests.ValueObjects.MoneyTests.Create_ValidCurrency_CreatesSuccessfully(currency: &quot;EUR&quot;)" computerName="Unbutu-Ai-Chads-PC" duration="00:00:00.0000056" startTime="2025-09-13T14:01:36.8808637-04:00" endTime="2025-09-13T14:01:36.8809004-04:00" testType="13cdc9d9-ddb5-4fa4-a97d-d965ccfc6d4b" outcome="Passed" testListId="8c84fa94-04c1-424b-9868-57a2d4851a1d" relativeResultsDirectory="1bab86fe-4cca-435b-85d1-de634e02f834" />
    <UnitTestResult executionId="0c768d04-fa5f-4b72-89e0-31f9329756fd" testId="b59e7e18-f75f-bdce-9410-2ab9f6845df9" testName="WitchCityRope.Core.Tests.Entities.UserTests.PromoteToRole_LowerRole_ThrowsDomainException" computerName="Unbutu-Ai-Chads-PC" duration="00:00:00.0047628" startTime="2025-09-13T14:01:36.8997051-04:00" endTime="2025-09-13T14:01:36.8998566-04:00" testType="13cdc9d9-ddb5-4fa4-a97d-d965ccfc6d4b" outcome="Passed" testListId="8c84fa94-04c1-424b-9868-57a2d4851a1d" relativeResultsDirectory="0c768d04-fa5f-4b72-89e0-31f9329756fd" />
    <UnitTestResult executionId="b057ab56-6cb2-4c3d-ac47-df6a13f472a4" testId="03fa85b2-43b0-99e5-97e9-18bd4cd6c123" testName="WitchCityRope.Core.Tests.ValueObjects.SceneNameTests.Create_ExactlyMinLength_CreatesSuccessfully" computerName="Unbutu-Ai-Chads-PC" duration="00:00:00.0001061" startTime="2025-09-13T14:01:36.8820356-04:00" endTime="2025-09-13T14:01:36.8820733-04:00" testType="13cdc9d9-ddb5-4fa4-a97d-d965ccfc6d4b" outcome="Passed" testListId="8c84fa94-04c1-424b-9868-57a2d4851a1d" relativeResultsDirectory="b057ab56-6cb2-4c3d-ac47-df6a13f472a4" />
    <UnitTestResult executionId="19bbf3bd-82b6-41e2-a0bf-fc75dd5a6a1d" testId="cb2ec5a2-32db-52c0-a6a1-934dccc75132" testName="WitchCityRope.Core.Tests.Entities.EventTests.Constructor_NoPricingTiers_ThrowsDomainException" computerName="Unbutu-Ai-Chads-PC" duration="00:00:00.0034718" startTime="2025-09-13T14:01:36.9017008-04:00" endTime="2025-09-13T14:01:36.9017646-04:00" testType="13cdc9d9-ddb5-4fa4-a97d-d965ccfc6d4b" outcome="Passed" testListId="8c84fa94-04c1-424b-9868-57a2d4851a1d" relativeResultsDirectory="19bbf3bd-82b6-41e2-a0bf-fc75dd5a6a1d" />
    <UnitTestResult executionId="c97556f0-4129-4e81-baa1-cb35692147a2" testId="df1412dd-e26c-843c-183a-67aa60fd9760" testName="WitchCityRope.Core.Tests.ValueObjects.SceneNameTests.Value_PreservesOriginalCase(input: &quot;SCENENAME&quot;, expected: &quot;SCENENAME&quot;)" computerName="Unbutu-Ai-Chads-PC" duration="00:00:00.0001198" startTime="2025-09-13T14:01:36.8824931-04:00" endTime="2025-09-13T14:01:36.8827699-04:00" testType="13cdc9d9-ddb5-4fa4-a97d-d965ccfc6d4b" outcome="Passed" testListId="8c84fa94-04c1-424b-9868-57a2d4851a1d" relativeResultsDirectory="c97556f0-4129-4e81-baa1-cb35692147a2" />
    <UnitTestResult executionId="eb3ada6f-ec86-4a99-8a40-bb40fcf9ba15" testId="ef8d04dc-547e-cdcb-50a3-2a0559d1c59b" testName="WitchCityRope.Core.Tests.Entities.EventTests.Constructor_VariousCapacities_CreatesSuccessfully(capacity: 10)" computerName="Unbutu-Ai-Chads-PC" duration="00:00:00.0021499" startTime="2025-09-13T14:01:36.8987543-04:00" endTime="2025-09-13T14:01:36.8991448-04:00" testType="13cdc9d9-ddb5-4fa4-a97d-d965ccfc6d4b" outcome="Passed" testListId="8c84fa94-04c1-424b-9868-57a2d4851a1d" relativeResultsDirectory="eb3ada6f-ec86-4a99-8a40-bb40fcf9ba15" />
    <UnitTestResult executionId="6024a766-27ef-45d5-aa75-04c18f5a827a" testId="f59f7a21-07b4-832f-fda9-0f8e86b99025" testName="WitchCityRope.Core.Tests.ValueObjects.EmailAddressTests.Create_InvalidFormat_ThrowsDomainException(email: &quot;user@exam ple.com&quot;)" computerName="Unbutu-Ai-Chads-PC" duration="00:00:00.0002514" startTime="2025-09-13T14:01:36.8801653-04:00" endTime="2025-09-13T14:01:36.8811390-04:00" testType="13cdc9d9-ddb5-4fa4-a97d-d965ccfc6d4b" outcome="Passed" testListId="8c84fa94-04c1-424b-9868-57a2d4851a1d" relativeResultsDirectory="6024a766-27ef-45d5-aa75-04c18f5a827a" />
    <UnitTestResult executionId="d152ca13-7927-462a-bdd0-63c86e93d118" testId="c13be69c-9ab3-60d1-faea-fc8d33dba310" testName="WitchCityRope.Core.Tests.ValueObjects.MoneyTests.Create_ValidCurrency_CreatesSuccessfully(currency: &quot;CAD&quot;)" computerName="Unbutu-Ai-Chads-PC" duration="00:00:00.0000079" startTime="2025-09-13T14:01:36.8803606-04:00" endTime="2025-09-13T14:01:36.8804287-04:00" testType="13cdc9d9-ddb5-4fa4-a97d-d965ccfc6d4b" outcome="Passed" testListId="8c84fa94-04c1-424b-9868-57a2d4851a1d" relativeResultsDirectory="d152ca13-7927-462a-bdd0-63c86e93d118" />
    <UnitTestResult executionId="fe758fe6-ff82-4771-8806-dc2685722581" testId="070a6f14-3a30-3377-c694-35b4f6e518ef" testName="WitchCityRope.Core.Tests.ValueObjects.MoneyTests.Create_InvalidCurrencyLength_ThrowsDomainException(currency: &quot;USDD&quot;)" computerName="Unbutu-Ai-Chads-PC" duration="00:00:00.0005491" startTime="2025-09-13T14:01:36.8641229-04:00" endTime="2025-09-13T14:01:36.8659167-04:00" testType="13cdc9d9-ddb5-4fa4-a97d-d965ccfc6d4b" outcome="Passed" testListId="8c84fa94-04c1-424b-9868-57a2d4851a1d" relativeResultsDirectory="fe758fe6-ff82-4771-8806-dc2685722581" />
    <UnitTestResult executionId="524824b1-d1b0-42dd-906e-546636d23056" testId="c214f8b2-fb5d-eb0c-dc8f-b53e5bf80bd1" testName="WitchCityRope.Core.Tests.Entities.RegistrationTests.UpdateDietaryRestrictions_CancelledRegistration_ThrowsDomainException" computerName="Unbutu-Ai-Chads-PC" duration="00:00:00.0122005" startTime="2025-09-13T14:01:36.8990035-04:00" endTime="2025-09-13T14:01:36.9014223-04:00" testType="13cdc9d9-ddb5-4fa4-a97d-d965ccfc6d4b" outcome="Passed" testListId="8c84fa94-04c1-424b-9868-57a2d4851a1d" relativeResultsDirectory="524824b1-d1b0-42dd-906e-546636d23056" />
    <UnitTestResult executionId="fe613fb2-1509-44c1-b853-a567cb5cd49d" testId="ef439f9a-370d-abf0-fc41-3f1c34b7e801" testName="WitchCityRope.Core.Tests.ValueObjects.EmailAddressTests.TryCreate_InvalidEmail_ReturnsFalse(invalidEmail: null)" computerName="Unbutu-Ai-Chads-PC" duration="00:00:00.0000051" startTime="2025-09-13T14:01:36.8728126-04:00" endTime="2025-09-13T14:01:36.8728483-04:00" testType="13cdc9d9-ddb5-4fa4-a97d-d965ccfc6d4b" outcome="Passed" testListId="8c84fa94-04c1-424b-9868-57a2d4851a1d" relativeResultsDirectory="fe613fb2-1509-44c1-b853-a567cb5cd49d" />
    <UnitTestResult executionId="0f811926-8701-4c05-abc0-28c93f54c440" testId="10000ed7-f77c-a414-a92a-a0c685e3c96d" testName="WitchCityRope.Core.Tests.Entities.EventTests.UpdateDates_StartDateInPast_ThrowsDomainException" computerName="Unbutu-Ai-Chads-PC" duration="00:00:00.0019627" startTime="2025-09-13T14:01:36.9026913-04:00" endTime="2025-09-13T14:01:36.9028908-04:00" testType="13cdc9d9-ddb5-4fa4-a97d-d965ccfc6d4b" outcome="Passed" testListId="8c84fa94-04c1-424b-9868-57a2d4851a1d" relativeResultsDirectory="0f811926-8701-4c05-abc0-28c93f54c440" />
    <UnitTestResult executionId="5e7e1dc5-5f12-442c-9ccd-547b394036d6" testId="21d49e36-092f-4776-cb8b-30332ca4fe90" testName="WitchCityRope.Core.Tests.Entities.RegistrationTests.Constructor_EventAtCapacity_ThrowsDomainException" computerName="Unbutu-Ai-Chads-PC" duration="00:00:00.0010000" startTime="2025-09-13T14:01:37.0110264-04:00" endTime="2025-09-13T14:01:37.0113194-04:00" testType="13cdc9d9-ddb5-4fa4-a97d-d965ccfc6d4b" outcome="NotExecuted" testListId="8c84fa94-04c1-424b-9868-57a2d4851a1d" relativeResultsDirectory="5e7e1dc5-5f12-442c-9ccd-547b394036d6">
      <Output>
        <ErrorInfo>
          <Message>Need to implement a way to simulate full event with existing registrations</Message>
        </ErrorInfo>
      </Output>
    </UnitTestResult>
    <UnitTestResult executionId="23026915-970f-4e94-b298-a9f3b6811521" testId="052861ce-b146-5192-7743-f88dfaaffc4d" testName="WitchCityRope.Core.Tests.Entities.UserTests.VettingApplications_NewUser_ReturnsEmptyCollection" computerName="Unbutu-Ai-Chads-PC" duration="00:00:00.0013771" startTime="2025-09-13T14:01:36.8978763-04:00" endTime="2025-09-13T14:01:36.8983718-04:00" testType="13cdc9d9-ddb5-4fa4-a97d-d965ccfc6d4b" outcome="Passed" testListId="8c84fa94-04c1-424b-9868-57a2d4851a1d" relativeResultsDirectory="23026915-970f-4e94-b298-a9f3b6811521" />
    <UnitTestResult executionId="b1168e99-af8f-4bed-ba93-579e59611a12" testId="b0987aca-f375-7579-f115-4e980fac2fe4" testName="WitchCityRope.Core.Tests.ValueObjects.EmailAddressTests.GetLocalPart_ValidEmail_ReturnsLocalPart" computerName="Unbutu-Ai-Chads-PC" duration="00:00:00.0001786" startTime="2025-09-13T14:01:36.8836546-04:00" endTime="2025-09-13T14:01:36.8836925-04:00" testType="13cdc9d9-ddb5-4fa4-a97d-d965ccfc6d4b" outcome="Passed" testListId="8c84fa94-04c1-424b-9868-57a2d4851a1d" relativeResultsDirectory="b1168e99-af8f-4bed-ba93-579e59611a12" />
    <UnitTestResult executionId="d2cdb7e0-19e1-4509-960b-c76535ed0302" testId="5a455a12-fe5d-d76b-6701-c651d0901ce0" testName="WitchCityRope.Core.Tests.Entities.UserTests.UpdateSceneName_ValidSceneName_UpdatesSuccessfully" computerName="Unbutu-Ai-Chads-PC" duration="00:00:00.0011225" startTime="2025-09-13T14:01:36.8991100-04:00" endTime="2025-09-13T14:01:36.8996141-04:00" testType="13cdc9d9-ddb5-4fa4-a97d-d965ccfc6d4b" outcome="Passed" testListId="8c84fa94-04c1-424b-9868-57a2d4851a1d" relativeResultsDirectory="d2cdb7e0-19e1-4509-960b-c76535ed0302" />
    <UnitTestResult executionId="3d3226e3-958b-4d06-98f2-180670d3dd87" testId="0df1aa3b-c928-8b6a-0977-0b4429c2ad4f" testName="WitchCityRope.Core.Tests.Entities.RegistrationTests.Constructor_NullSelectedPrice_ThrowsArgumentNullException" computerName="Unbutu-Ai-Chads-PC" duration="00:00:00.0026716" startTime="2025-09-13T14:01:36.9662713-04:00" endTime="2025-09-13T14:01:36.9688440-04:00" testType="13cdc9d9-ddb5-4fa4-a97d-d965ccfc6d4b" outcome="Passed" testListId="8c84fa94-04c1-424b-9868-57a2d4851a1d" relativeResultsDirectory="3d3226e3-958b-4d06-98f2-180670d3dd87" />
    <UnitTestResult executionId="50b53027-b478-4740-98c5-c869a5c2efcc" testId="c05012ef-d0ab-afcf-bc6a-16ea57c9f455" testName="WitchCityRope.Core.Tests.Entities.EventTests.Constructor_StartDateAfterEndDate_ThrowsDomainException" computerName="Unbutu-Ai-Chads-PC" duration="00:00:00.0022578" startTime="2025-09-13T14:01:36.8963056-04:00" endTime="2025-09-13T14:01:36.8972981-04:00" testType="13cdc9d9-ddb5-4fa4-a97d-d965ccfc6d4b" outcome="Passed" testListId="8c84fa94-04c1-424b-9868-57a2d4851a1d" relativeResultsDirectory="50b53027-b478-4740-98c5-c869a5c2efcc" />
    <UnitTestResult executionId="0d02b82d-e488-457b-8689-da4aa30d795a" testId="e52cb23e-8dbf-be48-4879-01d3bf5f878c" testName="WitchCityRope.Core.Tests.ValueObjects.EmailAddressTests.Create_ValidEmail_CreatesSuccessfully(email: &quot;test@example.com&quot;)" computerName="Unbutu-Ai-Chads-PC" duration="00:00:00.0000090" startTime="2025-09-13T14:01:36.8273217-04:00" endTime="2025-09-13T14:01:36.8273637-04:00" testType="13cdc9d9-ddb5-4fa4-a97d-d965ccfc6d4b" outcome="Passed" testListId="8c84fa94-04c1-424b-9868-57a2d4851a1d" relativeResultsDirectory="0d02b82d-e488-457b-8689-da4aa30d795a" />
    <UnitTestResult executionId="031977a4-b2ef-477e-b043-033f8b8a4633" testId="0faa10f1-9b22-e3b7-c9cf-4a05f411e7a0" testName="WitchCityRope.Core.Tests.Entities.RegistrationTests.UpdateAccessibilityNeeds_ActiveRegistration_UpdatesSuccessfully" computerName="Unbutu-Ai-Chads-PC" duration="00:00:00.0064067" startTime="2025-09-13T14:01:37.0500611-04:00" endTime="2025-09-13T14:01:37.0564018-04:00" testType="13cdc9d9-ddb5-4fa4-a97d-d965ccfc6d4b" outcome="Passed" testListId="8c84fa94-04c1-424b-9868-57a2d4851a1d" relativeResultsDirectory="031977a4-b2ef-477e-b043-033f8b8a4633" />
    <UnitTestResult executionId="dad15a03-de2b-4261-850d-d9341dc1cffc" testId="99678022-cb23-0a38-5149-ac4d37b69a85" testName="WitchCityRope.Core.Tests.ValueObjects.MoneyTests.ToDisplayString_VariousCurrencies_FormatsCorrectly(currency: &quot;CAD&quot;, expected: &quot;CAD 10.50&quot;)" computerName="Unbutu-Ai-Chads-PC" duration="00:00:00.0010303" startTime="2025-09-13T14:01:36.8876918-04:00" endTime="2025-09-13T14:01:36.8877260-04:00" testType="13cdc9d9-ddb5-4fa4-a97d-d965ccfc6d4b" outcome="Passed" testListId="8c84fa94-04c1-424b-9868-57a2d4851a1d" relativeResultsDirectory="dad15a03-de2b-4261-850d-d9341dc1cffc" />
    <UnitTestResult executionId="710b2788-5711-4d9d-8e57-63a2d544cbe0" testId="81c4e769-cb62-799e-3506-93d60500134c" testName="WitchCityRope.Core.Tests.ValueObjects.MoneyTests.Create_LowercaseCurrency_ConvertsToUppercase" computerName="Unbutu-Ai-Chads-PC" duration="00:00:00.0001005" startTime="2025-09-13T14:01:36.8948098-04:00" endTime="2025-09-13T14:01:36.8948513-04:00" testType="13cdc9d9-ddb5-4fa4-a97d-d965ccfc6d4b" outcome="Passed" testListId="8c84fa94-04c1-424b-9868-57a2d4851a1d" relativeResultsDirectory="710b2788-5711-4d9d-8e57-63a2d544cbe0" />
    <UnitTestResult executionId="ae0d9b50-a8c7-4b43-9d8d-3e30eb016a9b" testId="305b144b-8ed9-0941-31df-2aff6a8173dd" testName="WitchCityRope.Core.Tests.Entities.UserTests.PromoteToRole_HigherRole_PromotesSuccessfully" computerName="Unbutu-Ai-Chads-PC" duration="00:00:00.0011051" startTime="2025-09-13T14:01:36.8986308-04:00" endTime="2025-09-13T14:01:36.8987892-04:00" testType="13cdc9d9-ddb5-4fa4-a97d-d965ccfc6d4b" outcome="Passed" testListId="8c84fa94-04c1-424b-9868-57a2d4851a1d" relativeResultsDirectory="ae0d9b50-a8c7-4b43-9d8d-3e30eb016a9b" />
    <UnitTestResult executionId="39502d2e-6b4a-47d4-a0ed-ca4d78a2ed86" testId="c79ecd78-0d7c-8763-abc4-4db98409363a" testName="WitchCityRope.Core.Tests.ValueObjects.EmailAddressTests.TryCreate_InvalidEmail_ReturnsFalse(invalidEmail: &quot;&quot;)" computerName="Unbutu-Ai-Chads-PC" duration="00:00:00.0000841" startTime="2025-09-13T14:01:36.8726624-04:00" endTime="2025-09-13T14:01:36.8727499-04:00" testType="13cdc9d9-ddb5-4fa4-a97d-d965ccfc6d4b" outcome="Passed" testListId="8c84fa94-04c1-424b-9868-57a2d4851a1d" relativeResultsDirectory="39502d2e-6b4a-47d4-a0ed-ca4d78a2ed86" />
    <UnitTestResult executionId="a97e49fa-1028-4fa8-9d9c-e344cdb8d104" testId="478f96ed-2221-5007-b98f-8630532b55b1" testName="WitchCityRope.Core.Tests.Entities.RegistrationTests.UpdateDietaryRestrictions_ActiveRegistration_UpdatesSuccessfully" computerName="Unbutu-Ai-Chads-PC" duration="00:00:00.0055598" startTime="2025-09-13T14:01:37.0450321-04:00" endTime="2025-09-13T14:01:37.0499361-04:00" testType="13cdc9d9-ddb5-4fa4-a97d-d965ccfc6d4b" outcome="Passed" testListId="8c84fa94-04c1-424b-9868-57a2d4851a1d" relativeResultsDirectory="a97e49fa-1028-4fa8-9d9c-e344cdb8d104" />
    <UnitTestResult executionId="ab29e449-3b72-49e1-81b8-15350f68efbf" testId="50f4f714-e192-57f9-2983-3e5c7146ec8d" testName="WitchCityRope.Core.Tests.Entities.UserTests.GetAge_CalculatesCorrectly" computerName="Unbutu-Ai-Chads-PC" duration="00:00:00.0009812" startTime="2025-09-13T14:01:36.9002856-04:00" endTime="2025-09-13T14:01:36.9004375-04:00" testType="13cdc9d9-ddb5-4fa4-a97d-d965ccfc6d4b" outcome="Passed" testListId="8c84fa94-04c1-424b-9868-57a2d4851a1d" relativeResultsDirectory="ab29e449-3b72-49e1-81b8-15350f68efbf" />
    <UnitTestResult executionId="9e1e2e7b-0bf3-4d70-96cc-cc9f8b3e951b" testId="615864e0-c790-9bed-1d05-9dd7ad15c39e" testName="WitchCityRope.Core.Tests.ValueObjects.MoneyTests.Create_ValidAmount_CreatesSuccessfully(amount: 0)" computerName="Unbutu-Ai-Chads-PC" duration="00:00:00.0000090" startTime="2025-09-13T14:01:36.8770596-04:00" endTime="2025-09-13T14:01:36.8772561-04:00" testType="13cdc9d9-ddb5-4fa4-a97d-d965ccfc6d4b" outcome="Passed" testListId="8c84fa94-04c1-424b-9868-57a2d4851a1d" relativeResultsDirectory="9e1e2e7b-0bf3-4d70-96cc-cc9f8b3e951b" />
    <UnitTestResult executionId="d4467327-cf35-46d9-bbf7-4b44a687aefa" testId="0c59e933-24d5-adbb-33bf-d68b154cd5f8" testName="WitchCityRope.Core.Tests.ValueObjects.SceneNameTests.Create_EmptyOrNull_ThrowsArgumentException(name: null)" computerName="Unbutu-Ai-Chads-PC" duration="00:00:00.0003178" startTime="2025-09-13T14:01:36.8698805-04:00" endTime="2025-09-13T14:01:36.8699265-04:00" testType="13cdc9d9-ddb5-4fa4-a97d-d965ccfc6d4b" outcome="Passed" testListId="8c84fa94-04c1-424b-9868-57a2d4851a1d" relativeResultsDirectory="d4467327-cf35-46d9-bbf7-4b44a687aefa" />
    <UnitTestResult executionId="7e980dea-07c7-45b6-b65e-a6d75064462f" testId="d62e8641-98ea-1230-1843-e706f07349bc" testName="WitchCityRope.Core.Tests.ValueObjects.SceneNameTests.Create_TrimsWhitespace_ButPreservesInternalSpaces(input: &quot;  Both Spaces  &quot;)" computerName="Unbutu-Ai-Chads-PC" duration="00:00:00.0000090" startTime="2025-09-13T14:01:36.8659936-04:00" endTime="2025-09-13T14:01:36.8661141-04:00" testType="13cdc9d9-ddb5-4fa4-a97d-d965ccfc6d4b" outcome="Passed" testListId="8c84fa94-04c1-424b-9868-57a2d4851a1d" relativeResultsDirectory="7e980dea-07c7-45b6-b65e-a6d75064462f" />
    <UnitTestResult executionId="ac46a905-398a-45d2-aae5-8f14edd46d54" testId="d37f8d70-658e-9a68-38a9-dcf4a5011bb5" testName="WitchCityRope.Core.Tests.ValueObjects.MoneyTests.Subtract_SameCurrencySufficientFunds_SubtractsSuccessfully" computerName="Unbutu-Ai-Chads-PC" duration="00:00:00.0003583" startTime="2025-09-13T14:01:36.8722704-04:00" endTime="2025-09-13T14:01:36.8736009-04:00" testType="13cdc9d9-ddb5-4fa4-a97d-d965ccfc6d4b" outcome="Passed" testListId="8c84fa94-04c1-424b-9868-57a2d4851a1d" relativeResultsDirectory="ac46a905-398a-45d2-aae5-8f14edd46d54" />
    <UnitTestResult executionId="a3383b29-1b35-4b42-8d8b-67ee86ff306f" testId="184ae763-6928-b09d-3745-32f2f3043958" testName="WitchCityRope.Core.Tests.Entities.UserTests.Constructor_ExactlyMinimumAge_CreatesUser" computerName="Unbutu-Ai-Chads-PC" duration="00:00:00.0002859" startTime="2025-09-13T14:01:36.9010885-04:00" endTime="2025-09-13T14:01:36.9011377-04:00" testType="13cdc9d9-ddb5-4fa4-a97d-d965ccfc6d4b" outcome="Passed" testListId="8c84fa94-04c1-424b-9868-57a2d4851a1d" relativeResultsDirectory="a3383b29-1b35-4b42-8d8b-67ee86ff306f" />
    <UnitTestResult executionId="75cd4e7d-2e40-4e08-9895-deb870a547d1" testId="aa176635-c157-d6ec-5a41-2b2da25c3c08" testName="WitchCityRope.Core.Tests.Entities.EventTests.Constructor_VariousCapacities_CreatesSuccessfully(capacity: 1000)" computerName="Unbutu-Ai-Chads-PC" duration="00:00:00.0015232" startTime="2025-09-13T14:01:36.9001645-04:00" endTime="2025-09-13T14:01:36.9003193-04:00" testType="13cdc9d9-ddb5-4fa4-a97d-d965ccfc6d4b" outcome="Passed" testListId="8c84fa94-04c1-424b-9868-57a2d4851a1d" relativeResultsDirectory="75cd4e7d-2e40-4e08-9895-deb870a547d1" />
    <UnitTestResult executionId="5bd4b555-4b99-4e05-9f01-202443d64f36" testId="83f6ab29-21e5-3ac7-386b-8fc4ab977c78" testName="WitchCityRope.Core.Tests.ValueObjects.MoneyTests.GetHashCode_SameValues_ReturnsSameHash" computerName="Unbutu-Ai-Chads-PC" duration="00:00:00.0001948" startTime="2025-09-13T14:01:36.8932880-04:00" endTime="2025-09-13T14:01:36.8933298-04:00" testType="13cdc9d9-ddb5-4fa4-a97d-d965ccfc6d4b" outcome="Passed" testListId="8c84fa94-04c1-424b-9868-57a2d4851a1d" relativeResultsDirectory="5bd4b555-4b99-4e05-9f01-202443d64f36" />
    <UnitTestResult executionId="67d1af84-c282-43b7-bf16-cabbd4e8c269" testId="aa71a203-3d80-3323-0c0d-232f4f20becc" testName="WitchCityRope.Core.Tests.ValueObjects.SceneNameTests.Create_TrimsWhitespace_ButPreservesInternalSpaces(input: &quot;Trailing Space  &quot;)" computerName="Unbutu-Ai-Chads-PC" duration="00:00:00.0004024" startTime="2025-09-13T14:01:36.8640885-04:00" endTime="2025-09-13T14:01:36.8643291-04:00" testType="13cdc9d9-ddb5-4fa4-a97d-d965ccfc6d4b" outcome="Passed" testListId="8c84fa94-04c1-424b-9868-57a2d4851a1d" relativeResultsDirectory="67d1af84-c282-43b7-bf16-cabbd4e8c269" />
    <UnitTestResult executionId="c844bb21-731c-43c8-9451-581c59729909" testId="64686666-a5d9-6b6e-00f3-a4a97c5c4745" testName="WitchCityRope.Core.Tests.Entities.UserTests.PromoteToRole_VariousScenarios_BehavesCorrectly(currentRole: Organizer, newRole: Moderator, shouldSucceed: True)" computerName="Unbutu-Ai-Chads-PC" duration="00:00:00.0378379" startTime="2025-09-13T14:01:36.7925190-04:00" endTime="2025-09-13T14:01:36.8938001-04:00" testType="13cdc9d9-ddb5-4fa4-a97d-d965ccfc6d4b" outcome="Passed" testListId="8c84fa94-04c1-424b-9868-57a2d4851a1d" relativeResultsDirectory="c844bb21-731c-43c8-9451-581c59729909" />
    <UnitTestResult executionId="985deeff-8404-4347-8ea3-ff0384651855" testId="4456710a-57c1-169e-c51f-6d26dac4e142" testName="WitchCityRope.Core.Tests.Entities.RegistrationTests.Constructor_ValidData_CreatesRegistration" computerName="Unbutu-Ai-Chads-PC" duration="00:00:00.0029959" startTime="2025-09-13T14:01:37.0415192-04:00" endTime="2025-09-13T14:01:37.0443216-04:00" testType="13cdc9d9-ddb5-4fa4-a97d-d965ccfc6d4b" outcome="Passed" testListId="8c84fa94-04c1-424b-9868-57a2d4851a1d" relativeResultsDirectory="985deeff-8404-4347-8ea3-ff0384651855" />
    <UnitTestResult executionId="05a20fd5-fa55-43e2-89f3-e6c646d50397" testId="15b218ad-d361-384d-bb79-41a5ba40dc79" testName="WitchCityRope.Core.Tests.Entities.RegistrationTests.IsEligibleForRefund_VariousTimings_ReturnsCorrectResult(hoursBeforeEvent: 48.100000000000001, expectedEligible: True)" computerName="Unbutu-Ai-Chads-PC" duration="00:00:00.0096583" startTime="2025-09-13T14:01:36.9192583-04:00" endTime="2025-09-13T14:01:36.9282853-04:00" testType="13cdc9d9-ddb5-4fa4-a97d-d965ccfc6d4b" outcome="Passed" testListId="8c84fa94-04c1-424b-9868-57a2d4851a1d" relativeResultsDirectory="05a20fd5-fa55-43e2-89f3-e6c646d50397" />
    <UnitTestResult executionId="4e091ccb-4d0e-4ac1-95c7-9380c8cd7d56" testId="55c9a313-0561-d40b-755a-d926aa2d9d32" testName="WitchCityRope.Core.Tests.ValueObjects.EmailAddressTests.Create_ValidEmail_CreatesSuccessfully(email: &quot;user+tag@example.co.uk&quot;)" computerName="Unbutu-Ai-Chads-PC" duration="00:00:00.0000071" startTime="2025-09-13T14:01:36.8274437-04:00" endTime="2025-09-13T14:01:36.8275009-04:00" testType="13cdc9d9-ddb5-4fa4-a97d-d965ccfc6d4b" outcome="Passed" testListId="8c84fa94-04c1-424b-9868-57a2d4851a1d" relativeResultsDirectory="4e091ccb-4d0e-4ac1-95c7-9380c8cd7d56" />
    <UnitTestResult executionId="88068d57-52ac-4add-82c0-5fc5f7850ff6" testId="f7294f44-14ca-4699-6daa-7c708f502a76" testName="WitchCityRope.Core.Tests.Entities.UserTests.Constructor_UnderageUser_ThrowsDomainException" computerName="Unbutu-Ai-Chads-PC" duration="00:00:00.0004590" startTime="2025-09-13T14:01:36.8965449-04:00" endTime="2025-09-13T14:01:36.8965793-04:00" testType="13cdc9d9-ddb5-4fa4-a97d-d965ccfc6d4b" outcome="Passed" testListId="8c84fa94-04c1-424b-9868-57a2d4851a1d" relativeResultsDirectory="88068d57-52ac-4add-82c0-5fc5f7850ff6" />
    <UnitTestResult executionId="98084ca8-3832-4dd0-ad6a-35f2fa5b5d2e" testId="347519fa-20da-2415-a333-db65c694b8f6" testName="WitchCityRope.Core.Tests.ValueObjects.SceneNameTests.Equals_DifferentNames_ReturnsFalse" computerName="Unbutu-Ai-Chads-PC" duration="00:00:00.0001490" startTime="2025-09-13T14:01:36.8759022-04:00" endTime="2025-09-13T14:01:36.8766944-04:00" testType="13cdc9d9-ddb5-4fa4-a97d-d965ccfc6d4b" outcome="Passed" testListId="8c84fa94-04c1-424b-9868-57a2d4851a1d" relativeResultsDirectory="98084ca8-3832-4dd0-ad6a-35f2fa5b5d2e" />
    <UnitTestResult executionId="965ef345-3bc6-47eb-bb49-682a383f234a" testId="d16237a8-90bf-68f0-8cb9-70c28d5553b3" testName="WitchCityRope.Core.Tests.Entities.EventTests.RemoveOrganizer_MultipleOrganizers_RemovesSuccessfully" computerName="Unbutu-Ai-Chads-PC" duration="00:00:00.0113585" startTime="2025-09-13T14:01:36.9018762-04:00" endTime="2025-09-13T14:01:36.9019266-04:00" testType="13cdc9d9-ddb5-4fa4-a97d-d965ccfc6d4b" outcome="Passed" testListId="8c84fa94-04c1-424b-9868-57a2d4851a1d" relativeResultsDirectory="965ef345-3bc6-47eb-bb49-682a383f234a" />
    <UnitTestResult executionId="724bacfc-9182-4d94-8033-1e890edd932c" testId="9453135b-223b-97a5-cd9b-6df89673c33a" testName="WitchCityRope.Core.Tests.ValueObjects.MoneyTests.CompareTo_SameCurrency_ComparesAmounts" computerName="Unbutu-Ai-Chads-PC" duration="00:00:00.0002705" startTime="2025-09-13T14:01:36.8862947-04:00" endTime="2025-09-13T14:01:36.8863427-04:00" testType="13cdc9d9-ddb5-4fa4-a97d-d965ccfc6d4b" outcome="Passed" testListId="8c84fa94-04c1-424b-9868-57a2d4851a1d" relativeResultsDirectory="724bacfc-9182-4d94-8033-1e890edd932c" />
    <UnitTestResult executionId="6360f666-31ad-4b20-9f31-90a0085e2e5b" testId="acd44a8e-dfd9-4e90-4d13-3e6feed5eeb0" testName="WitchCityRope.Core.Tests.ValueObjects.SceneNameTests.Create_EmptyOrNull_ThrowsArgumentException(name: &quot;&quot;)" computerName="Unbutu-Ai-Chads-PC" duration="00:00:00.0004892" startTime="2025-09-13T14:01:36.8662177-04:00" endTime="2025-09-13T14:01:36.8662526-04:00" testType="13cdc9d9-ddb5-4fa4-a97d-d965ccfc6d4b" outcome="Passed" testListId="8c84fa94-04c1-424b-9868-57a2d4851a1d" relativeResultsDirectory="6360f666-31ad-4b20-9f31-90a0085e2e5b" />
    <UnitTestResult executionId="048a446d-9be8-4d09-b993-2dc50340f6e0" testId="361c1120-aeb7-b54d-75a2-9ae03fb892c4" testName="WitchCityRope.Core.Tests.Entities.UserTests.PromoteToRole_VariousScenarios_BehavesCorrectly(currentRole: Administrator, newRole: Administrator, shouldSucceed: False)" computerName="Unbutu-Ai-Chads-PC" duration="00:00:00.0009712" startTime="2025-09-13T14:01:36.8951416-04:00" endTime="2025-09-13T14:01:36.8952882-04:00" testType="13cdc9d9-ddb5-4fa4-a97d-d965ccfc6d4b" outcome="Passed" testListId="8c84fa94-04c1-424b-9868-57a2d4851a1d" relativeResultsDirectory="048a446d-9be8-4d09-b993-2dc50340f6e0" />
    <UnitTestResult executionId="1b520730-7e4e-4409-85b9-7478f9983f52" testId="58183c69-e8f2-fc1d-1451-124433b27fa3" testName="WitchCityRope.Core.Tests.Entities.RegistrationTests.CheckIn_ConfirmedRegistrationAfterEventStart_ChecksInSuccessfully" computerName="Unbutu-Ai-Chads-PC" duration="00:00:00.0119164" startTime="2025-09-13T14:01:37.0163646-04:00" endTime="2025-09-13T14:01:37.0282083-04:00" testType="13cdc9d9-ddb5-4fa4-a97d-d965ccfc6d4b" outcome="Passed" testListId="8c84fa94-04c1-424b-9868-57a2d4851a1d" relativeResultsDirectory="1b520730-7e4e-4409-85b9-7478f9983f52" />
    <UnitTestResult executionId="81fb4db1-ab62-444c-9525-0a278dccf328" testId="f93aa139-c4ae-68d9-3951-bf310f85f479" testName="WitchCityRope.Core.Tests.Entities.EventTests.UpdatePricingTiers_EmptyTiers_ThrowsDomainException" computerName="Unbutu-Ai-Chads-PC" duration="00:00:00.0020648" startTime="2025-09-13T14:01:36.9020537-04:00" endTime="2025-09-13T14:01:36.9021088-04:00" testType="13cdc9d9-ddb5-4fa4-a97d-d965ccfc6d4b" outcome="Passed" testListId="8c84fa94-04c1-424b-9868-57a2d4851a1d" relativeResultsDirectory="81fb4db1-ab62-444c-9525-0a278dccf328" />
    <UnitTestResult executionId="512a5d51-6c32-4697-8ef2-8c27319a36e4" testId="f477f2d2-9bad-36ff-7fb7-b81867202bef" testName="WitchCityRope.Core.Tests.ValueObjects.MoneyTests.Create_EmptyCurrency_ThrowsArgumentException(currency: &quot;&quot;)" computerName="Unbutu-Ai-Chads-PC" duration="00:00:00.0001332" startTime="2025-09-13T14:01:36.8860606-04:00" endTime="2025-09-13T14:01:36.8860948-04:00" testType="13cdc9d9-ddb5-4fa4-a97d-d965ccfc6d4b" outcome="Passed" testListId="8c84fa94-04c1-424b-9868-57a2d4851a1d" relativeResultsDirectory="512a5d51-6c32-4697-8ef2-8c27319a36e4" />
    <UnitTestResult executionId="c63f4602-b148-4eb8-81a8-bff66d8cdba0" testId="a273b370-2d95-b550-7a4f-799e4a38d75a" testName="WitchCityRope.Core.Tests.ValueObjects.MoneyTests.CompareTo_DifferentCurrency_ThrowsInvalidOperationException" computerName="Unbutu-Ai-Chads-PC" duration="00:00:00.0011937" startTime="2025-09-13T14:01:36.8809892-04:00" endTime="2025-09-13T14:01:36.8825285-04:00" testType="13cdc9d9-ddb5-4fa4-a97d-d965ccfc6d4b" outcome="Passed" testListId="8c84fa94-04c1-424b-9868-57a2d4851a1d" relativeResultsDirectory="c63f4602-b148-4eb8-81a8-bff66d8cdba0" />
    <UnitTestResult executionId="10d5b4a4-9d04-4e34-87f0-cdfec260ceae" testId="0ff1a7b2-6bb9-42a4-2271-8b9a55b04a36" testName="WitchCityRope.Core.Tests.ValueObjects.EmailAddressTests.Create_ValidEmail_CreatesSuccessfully(email: &quot;user.name@example.com&quot;)" computerName="Unbutu-Ai-Chads-PC" duration="00:00:00.0197611" startTime="2025-09-13T14:01:36.7924955-04:00" endTime="2025-09-13T14:01:36.8172059-04:00" testType="13cdc9d9-ddb5-4fa4-a97d-d965ccfc6d4b" outcome="Passed" testListId="8c84fa94-04c1-424b-9868-57a2d4851a1d" relativeResultsDirectory="10d5b4a4-9d04-4e34-87f0-cdfec260ceae" />
    <UnitTestResult executionId="dc0d7ce2-04b8-4272-b563-034e44fb06b3" testId="de32cd1b-7d7c-7f38-c9ad-12abae7a7f92" testName="WitchCityRope.Core.Tests.ValueObjects.SceneNameTests.Equals_NullSceneName_ReturnsFalse" computerName="Unbutu-Ai-Chads-PC" duration="00:00:00.0002076" startTime="2025-09-13T14:01:36.8736575-04:00" endTime="2025-09-13T14:01:36.8740125-04:00" testType="13cdc9d9-ddb5-4fa4-a97d-d965ccfc6d4b" outcome="Passed" testListId="8c84fa94-04c1-424b-9868-57a2d4851a1d" relativeResultsDirectory="dc0d7ce2-04b8-4272-b563-034e44fb06b3" />
    <UnitTestResult executionId="971902a9-a746-4ef4-aaa6-3964ea37a02c" testId="40c5fe37-8eee-b570-c8e5-584c9555dd5b" testName="WitchCityRope.Core.Tests.ValueObjects.EmailAddressTests.ToString_ReturnsDisplayValue" computerName="Unbutu-Ai-Chads-PC" duration="00:00:00.0001764" startTime="2025-09-13T14:01:36.8835222-04:00" endTime="2025-09-13T14:01:36.8835572-04:00" testType="13cdc9d9-ddb5-4fa4-a97d-d965ccfc6d4b" outcome="Passed" testListId="8c84fa94-04c1-424b-9868-57a2d4851a1d" relativeResultsDirectory="971902a9-a746-4ef4-aaa6-3964ea37a02c" />
    <UnitTestResult executionId="adca4acd-b5c7-4855-b0df-95244e065a3b" testId="0d2531b7-57a8-6cf2-eb3a-7be7131df56a" testName="WitchCityRope.Core.Tests.ValueObjects.MoneyTests.Create_ValidAmount_CreatesSuccessfully(amount: 0.01)" computerName="Unbutu-Ai-Chads-PC" duration="00:00:00.0000074" startTime="2025-09-13T14:01:36.8790299-04:00" endTime="2025-09-13T14:01:36.8790654-04:00" testType="13cdc9d9-ddb5-4fa4-a97d-d965ccfc6d4b" outcome="Passed" testListId="8c84fa94-04c1-424b-9868-57a2d4851a1d" relativeResultsDirectory="adca4acd-b5c7-4855-b0df-95244e065a3b" />
    <UnitTestResult executionId="b2ad1d64-9ce4-4f9b-82e0-ad457befa576" testId="91f4eb05-11bd-5689-aac1-bef8fa038320" testName="WitchCityRope.Core.Tests.Entities.RegistrationTests.Constructor_NullUser_ThrowsArgumentNullException" computerName="Unbutu-Ai-Chads-PC" duration="00:00:00.0034245" startTime="2025-09-13T14:01:36.9773405-04:00" endTime="2025-09-13T14:01:36.9806884-04:00" testType="13cdc9d9-ddb5-4fa4-a97d-d965ccfc6d4b" outcome="Passed" testListId="8c84fa94-04c1-424b-9868-57a2d4851a1d" relativeResultsDirectory="b2ad1d64-9ce4-4f9b-82e0-ad457befa576" />
    <UnitTestResult executionId="ac302753-ade7-481b-8206-4c384c5130f6" testId="dafcd462-6d8d-7546-db79-401cb1f8ea54" testName="WitchCityRope.Core.Tests.ValueObjects.MoneyTests.Multiply_ValidFactor_MultipliesSuccessfully(amount: 100, factor: 0, expected: 0)" computerName="Unbutu-Ai-Chads-PC" duration="00:00:00.0001782" startTime="2025-09-13T14:01:36.8873258-04:00" endTime="2025-09-13T14:01:36.8873737-04:00" testType="13cdc9d9-ddb5-4fa4-a97d-d965ccfc6d4b" outcome="Passed" testListId="8c84fa94-04c1-424b-9868-57a2d4851a1d" relativeResultsDirectory="ac302753-ade7-481b-8206-4c384c5130f6" />
    <UnitTestResult executionId="bfeb6035-d5a0-4ccf-89c1-1af8874f2d4d" testId="f49f87f3-be84-5956-2e64-b7741ecf4d50" testName="WitchCityRope.Core.Tests.Entities.RegistrationTests.CheckIn_BeforeEventStart_ThrowsDomainException" computerName="Unbutu-Ai-Chads-PC" duration="00:00:00.0115593" startTime="2025-09-13T14:01:37.0565512-04:00" endTime="2025-09-13T14:01:37.0679851-04:00" testType="13cdc9d9-ddb5-4fa4-a97d-d965ccfc6d4b" outcome="Passed" testListId="8c84fa94-04c1-424b-9868-57a2d4851a1d" relativeResultsDirectory="bfeb6035-d5a0-4ccf-89c1-1af8874f2d4d" />
    <UnitTestResult executionId="9f617b43-2b60-497e-bc69-a1bff06f5cf6" testId="b044912f-a46a-5c40-95af-4fdef8a1afaf" testName="WitchCityRope.Core.Tests.Entities.EventTests.Constructor_ValidData_CreatesEvent" computerName="Unbutu-Ai-Chads-PC" duration="00:00:00.0025697" startTime="2025-09-13T14:01:36.9282079-04:00" endTime="2025-09-13T14:01:36.9306304-04:00" testType="13cdc9d9-ddb5-4fa4-a97d-d965ccfc6d4b" outcome="Passed" testListId="8c84fa94-04c1-424b-9868-57a2d4851a1d" relativeResultsDirectory="9f617b43-2b60-497e-bc69-a1bff06f5cf6" />
    <UnitTestResult executionId="c3f5ad50-e81b-410b-be12-e25376c0002c" testId="574b0e4a-1088-dc8e-931b-5757557d5af9" testName="WitchCityRope.Core.Tests.Entities.UserTests.Constructor_NullSceneName_ThrowsArgumentNullException" computerName="Unbutu-Ai-Chads-PC" duration="00:00:00.0003429" startTime="2025-09-13T14:01:36.8966648-04:00" endTime="2025-09-13T14:01:36.8966996-04:00" testType="13cdc9d9-ddb5-4fa4-a97d-d965ccfc6d4b" outcome="Passed" testListId="8c84fa94-04c1-424b-9868-57a2d4851a1d" relativeResultsDirectory="c3f5ad50-e81b-410b-be12-e25376c0002c" />
    <UnitTestResult executionId="fbe561b4-80e8-4470-8d5e-48a40982b15e" testId="438d3011-f46f-16f1-0e65-feb01a5ce604" testName="WitchCityRope.Core.Tests.Entities.RegistrationTests.Confirm_AlreadyConfirmed_ThrowsDomainException" computerName="Unbutu-Ai-Chads-PC" duration="00:00:00.0105668" startTime="2025-09-13T14:01:37.0843931-04:00" endTime="2025-09-13T14:01:37.0948950-04:00" testType="13cdc9d9-ddb5-4fa4-a97d-d965ccfc6d4b" outcome="Passed" testListId="8c84fa94-04c1-424b-9868-57a2d4851a1d" relativeResultsDirectory="fbe561b4-80e8-4470-8d5e-48a40982b15e" />
    <UnitTestResult executionId="95138629-52c3-4986-9ee6-7341db579838" testId="13649248-17fa-672a-9167-63b725801bed" testName="WitchCityRope.Core.Tests.ValueObjects.SceneNameTests.CaseInsensitiveComparison_WorksCorrectly(name1: &quot;SCENE NAME&quot;, name2: &quot;Scene Name&quot;)" computerName="Unbutu-Ai-Chads-PC" duration="00:00:00.0010538" startTime="2025-09-13T14:01:36.8710772-04:00" endTime="2025-09-13T14:01:36.8723099-04:00" testType="13cdc9d9-ddb5-4fa4-a97d-d965ccfc6d4b" outcome="Passed" testListId="8c84fa94-04c1-424b-9868-57a2d4851a1d" relativeResultsDirectory="95138629-52c3-4986-9ee6-7341db579838" />
    <UnitTestResult executionId="b7a7ca35-03a7-4505-b108-dd2c7734371a" testId="fef76b0c-11ac-af47-b28e-f6f2e45eb1b9" testName="WitchCityRope.Core.Tests.ValueObjects.MoneyTests.Create_EmptyCurrency_ThrowsArgumentException(currency: &quot; &quot;)" computerName="Unbutu-Ai-Chads-PC" duration="00:00:00.0002758" startTime="2025-09-13T14:01:36.8859655-04:00" endTime="2025-09-13T14:01:36.8859999-04:00" testType="13cdc9d9-ddb5-4fa4-a97d-d965ccfc6d4b" outcome="Passed" testListId="8c84fa94-04c1-424b-9868-57a2d4851a1d" relativeResultsDirectory="b7a7ca35-03a7-4505-b108-dd2c7734371a" />
    <UnitTestResult executionId="c506b377-c1c9-4207-9ca7-90c24e867d0e" testId="958f5f16-2ddf-2665-85ad-94a609e1cd4b" testName="WitchCityRope.Core.Tests.ValueObjects.SceneNameTests.Create_ValidSceneName_CreatesSuccessfully(name: &quot;Scene_Name_123&quot;)" computerName="Unbutu-Ai-Chads-PC" duration="00:00:00.0000064" startTime="2025-09-13T14:01:36.8755499-04:00" endTime="2025-09-13T14:01:36.8756517-04:00" testType="13cdc9d9-ddb5-4fa4-a97d-d965ccfc6d4b" outcome="Passed" testListId="8c84fa94-04c1-424b-9868-57a2d4851a1d" relativeResultsDirectory="c506b377-c1c9-4207-9ca7-90c24e867d0e" />
    <UnitTestResult executionId="de0ab60c-cc3d-49c1-a2d0-b52b2bb5c194" testId="68159470-54bd-6fc2-a6df-cfd6e298d6cb" testName="WitchCityRope.Core.Tests.Entities.RegistrationTests.Cancel_PendingRegistration_CancelsSuccessfully" computerName="Unbutu-Ai-Chads-PC" duration="00:00:00.0061009" startTime="2025-09-13T14:01:37.0352496-04:00" endTime="2025-09-13T14:01:37.0413166-04:00" testType="13cdc9d9-ddb5-4fa4-a97d-d965ccfc6d4b" outcome="Passed" testListId="8c84fa94-04c1-424b-9868-57a2d4851a1d" relativeResultsDirectory="de0ab60c-cc3d-49c1-a2d0-b52b2bb5c194" />
    <UnitTestResult executionId="3d6af290-c29a-4da0-8ca7-7802204c6d77" testId="64df16bb-168d-b86d-0c2a-41836ed7a731" testName="WitchCityRope.Core.Tests.ValueObjects.EmailAddressTests.Create_EmptyOrNull_ThrowsArgumentException(email: &quot; &quot;)" computerName="Unbutu-Ai-Chads-PC" duration="00:00:00.0024853" startTime="2025-09-13T14:01:36.8637175-04:00" endTime="2025-09-13T14:01:36.8638416-04:00" testType="13cdc9d9-ddb5-4fa4-a97d-d965ccfc6d4b" outcome="Passed" testListId="8c84fa94-04c1-424b-9868-57a2d4851a1d" relativeResultsDirectory="3d6af290-c29a-4da0-8ca7-7802204c6d77" />
    <UnitTestResult executionId="a585141a-13b8-4d1b-908b-070ad6afdde8" testId="8dc4b32e-1d6e-f702-48ff-68937539ae3a" testName="WitchCityRope.Core.Tests.Entities.RegistrationTests.CheckIn_NotConfirmed_ThrowsDomainException" computerName="Unbutu-Ai-Chads-PC" duration="00:00:00.0061623" startTime="2025-09-13T14:01:36.9872193-04:00" endTime="2025-09-13T14:01:36.9932767-04:00" testType="13cdc9d9-ddb5-4fa4-a97d-d965ccfc6d4b" outcome="Passed" testListId="8c84fa94-04c1-424b-9868-57a2d4851a1d" relativeResultsDirectory="a585141a-13b8-4d1b-908b-070ad6afdde8" />
    <UnitTestResult executionId="893fe0aa-9e71-4043-92a9-2a604a92e7be" testId="5527d0db-ca8b-e7da-08c4-922b907c4840" testName="WitchCityRope.Core.Tests.Entities.UserTests.Registrations_NewUser_ReturnsEmptyCollection" computerName="Unbutu-Ai-Chads-PC" duration="00:00:00.0025911" startTime="2025-09-13T14:01:36.8972629-04:00" endTime="2025-09-13T14:01:36.8975409-04:00" testType="13cdc9d9-ddb5-4fa4-a97d-d965ccfc6d4b" outcome="Passed" testListId="8c84fa94-04c1-424b-9868-57a2d4851a1d" relativeResultsDirectory="893fe0aa-9e71-4043-92a9-2a604a92e7be" />
    <UnitTestResult executionId="08d1434a-b9ae-434c-abb8-4af57116ac56" testId="9b5af3e7-7cb0-d72f-e621-a08fe9eb4ae5" testName="WitchCityRope.Core.Tests.Entities.UserTests.UpdateEmail_ValidEmail_UpdatesSuccessfully" computerName="Unbutu-Ai-Chads-PC" duration="00:00:00.0010321" startTime="2025-09-13T14:01:36.9009026-04:00" endTime="2025-09-13T14:01:36.9009639-04:00" testType="13cdc9d9-ddb5-4fa4-a97d-d965ccfc6d4b" outcome="Passed" testListId="8c84fa94-04c1-424b-9868-57a2d4851a1d" relativeResultsDirectory="08d1434a-b9ae-434c-abb8-4af57116ac56" />
    <UnitTestResult executionId="90ac81af-ad7a-44b4-bf1c-499374167fae" testId="21f2e882-89f0-b471-6a62-6c3a786684b9" testName="WitchCityRope.Core.Tests.Entities.UserTests.Constructor_NullEncryptedLegalName_ThrowsArgumentNullException" computerName="Unbutu-Ai-Chads-PC" duration="00:00:00.0004056" startTime="2025-09-13T14:01:36.8984785-04:00" endTime="2025-09-13T14:01:36.8985265-04:00" testType="13cdc9d9-ddb5-4fa4-a97d-d965ccfc6d4b" outcome="Passed" testListId="8c84fa94-04c1-424b-9868-57a2d4851a1d" relativeResultsDirectory="90ac81af-ad7a-44b4-bf1c-499374167fae" />
    <UnitTestResult executionId="70e12a6b-548e-4163-a150-a0220c97e45c" testId="5103f879-550d-fbea-5ebd-81a2562bffc5" testName="WitchCityRope.Core.Tests.ValueObjects.EmailAddressTests.Create_EmailExceedsMaxLength_ThrowsDomainException" computerName="Unbutu-Ai-Chads-PC" duration="00:00:00.0003969" startTime="2025-09-13T14:01:36.8701666-04:00" endTime="2025-09-13T14:01:36.8711218-04:00" testType="13cdc9d9-ddb5-4fa4-a97d-d965ccfc6d4b" outcome="Passed" testListId="8c84fa94-04c1-424b-9868-57a2d4851a1d" relativeResultsDirectory="70e12a6b-548e-4163-a150-a0220c97e45c" />
    <UnitTestResult executionId="ee441578-b882-4b52-b203-f99bc92669c0" testId="cff969f1-ffa2-d5f1-9715-5a871f37fe84" testName="WitchCityRope.Core.Tests.Entities.EventTests.HasAvailableCapacity_SpotsAvailable_ReturnsTrue" computerName="Unbutu-Ai-Chads-PC" duration="00:00:00.0037098" startTime="2025-09-13T14:01:36.9035010-04:00" endTime="2025-09-13T14:01:36.9068547-04:00" testType="13cdc9d9-ddb5-4fa4-a97d-d965ccfc6d4b" outcome="Passed" testListId="8c84fa94-04c1-424b-9868-57a2d4851a1d" relativeResultsDirectory="ee441578-b882-4b52-b203-f99bc92669c0" />
    <UnitTestResult executionId="eb3aa39d-95c0-4935-b995-c8b68b231b50" testId="ec873698-20e8-0ca0-d17c-b99a021aa23f" testName="WitchCityRope.Core.Tests.ValueObjects.SceneNameTests.Value_PreservesOriginalCase(input: &quot;SceneName&quot;, expected: &quot;SceneName&quot;)" computerName="Unbutu-Ai-Chads-PC" duration="00:00:00.0000840" startTime="2025-09-13T14:01:36.8823809-04:00" endTime="2025-09-13T14:01:36.8824151-04:00" testType="13cdc9d9-ddb5-4fa4-a97d-d965ccfc6d4b" outcome="Passed" testListId="8c84fa94-04c1-424b-9868-57a2d4851a1d" relativeResultsDirectory="eb3aa39d-95c0-4935-b995-c8b68b231b50" />
    <UnitTestResult executionId="0539ef74-14c8-4526-a2d8-e7dfe2f61d6b" testId="d81728c7-49e8-e89f-b6c0-b279756a6680" testName="WitchCityRope.Core.Tests.ValueObjects.SceneNameTests.Create_ValidSceneName_CreatesSuccessfully(name: &quot;SceneName&quot;)" computerName="Unbutu-Ai-Chads-PC" duration="00:00:00.0000073" startTime="2025-09-13T14:01:36.8757350-04:00" endTime="2025-09-13T14:01:36.8757827-04:00" testType="13cdc9d9-ddb5-4fa4-a97d-d965ccfc6d4b" outcome="Passed" testListId="8c84fa94-04c1-424b-9868-57a2d4851a1d" relativeResultsDirectory="0539ef74-14c8-4526-a2d8-e7dfe2f61d6b" />
    <UnitTestResult executionId="b01cce3c-3d00-480c-9a0b-e8dbf9f66456" testId="6e472b23-c7af-c847-8f3d-5f6c902a0623" testName="WitchCityRope.Core.Tests.ValueObjects.SceneNameTests.Create_ValidSceneName_CreatesSuccessfully(name: &quot;Scene Name&quot;)" computerName="Unbutu-Ai-Chads-PC" duration="00:00:00.0000067" startTime="2025-09-13T14:01:36.8751651-04:00" endTime="2025-09-13T14:01:36.8752179-04:00" testType="13cdc9d9-ddb5-4fa4-a97d-d965ccfc6d4b" outcome="Passed" testListId="8c84fa94-04c1-424b-9868-57a2d4851a1d" relativeResultsDirectory="b01cce3c-3d00-480c-9a0b-e8dbf9f66456" />
    <UnitTestResult executionId="218f7a4e-4e76-4128-a841-7b797928fbdb" testId="c85d19fa-2a2d-a911-c9ff-d701b01bca76" testName="WitchCityRope.Core.Tests.ValueObjects.MoneyTests.Create_EmptyCurrency_ThrowsArgumentException(currency: null)" computerName="Unbutu-Ai-Chads-PC" duration="00:00:00.0003903" startTime="2025-09-13T14:01:36.8858656-04:00" endTime="2025-09-13T14:01:36.8859023-04:00" testType="13cdc9d9-ddb5-4fa4-a97d-d965ccfc6d4b" outcome="Passed" testListId="8c84fa94-04c1-424b-9868-57a2d4851a1d" relativeResultsDirectory="218f7a4e-4e76-4128-a841-7b797928fbdb" />
    <UnitTestResult executionId="ed2252d0-c5c8-4290-ba12-3c1e00771524" testId="13e9326e-8fe8-43a8-c4a7-f5d4fe61d313" testName="WitchCityRope.Core.Tests.Entities.EventTests.Constructor_VariousCapacities_CreatesSuccessfully(capacity: 1)" computerName="Unbutu-Ai-Chads-PC" duration="00:00:00.0015767" startTime="2025-09-13T14:01:36.8998132-04:00" endTime="2025-09-13T14:01:36.9000930-04:00" testType="13cdc9d9-ddb5-4fa4-a97d-d965ccfc6d4b" outcome="Passed" testListId="8c84fa94-04c1-424b-9868-57a2d4851a1d" relativeResultsDirectory="ed2252d0-c5c8-4290-ba12-3c1e00771524" />
    <UnitTestResult executionId="ad97e8c7-d8ee-4615-8c02-e302aff82fbd" testId="2d987cbc-fd5e-628e-2b30-915e893db291" testName="WitchCityRope.Core.Tests.Entities.UserTests.PromoteToRole_VariousScenarios_BehavesCorrectly(currentRole: Attendee, newRole: Member, shouldSucceed: True)" computerName="Unbutu-Ai-Chads-PC" duration="00:00:00.0008881" startTime="2025-09-13T14:01:36.8954445-04:00" endTime="2025-09-13T14:01:36.8954865-04:00" testType="13cdc9d9-ddb5-4fa4-a97d-d965ccfc6d4b" outcome="Passed" testListId="8c84fa94-04c1-424b-9868-57a2d4851a1d" relativeResultsDirectory="ad97e8c7-d8ee-4615-8c02-e302aff82fbd" />
    <UnitTestResult executionId="a9dc5571-696f-41a6-a0da-5b4fced8ebca" testId="c3081fdc-d142-f914-3509-6d3142a54806" testName="WitchCityRope.Core.Tests.ValueObjects.MoneyTests.Create_NegativeAmount_ThrowsDomainException" computerName="Unbutu-Ai-Chads-PC" duration="00:00:00.0003217" startTime="2025-09-13T14:01:36.8868641-04:00" endTime="2025-09-13T14:01:36.8869052-04:00" testType="13cdc9d9-ddb5-4fa4-a97d-d965ccfc6d4b" outcome="Passed" testListId="8c84fa94-04c1-424b-9868-57a2d4851a1d" relativeResultsDirectory="a9dc5571-696f-41a6-a0da-5b4fced8ebca" />
    <UnitTestResult executionId="63fbd311-eb7b-48c2-be04-7b8ac5f37b96" testId="e773b851-8c18-36bf-b413-b6eff82ab4e8" testName="WitchCityRope.Core.Tests.Entities.EventTests.UpdateCapacity_LessThanConfirmedRegistrations_ThrowsDomainException" computerName="Unbutu-Ai-Chads-PC" duration="00:00:00.0107534" startTime="2025-09-13T14:01:36.8973843-04:00" endTime="2025-09-13T14:01:36.8976615-04:00" testType="13cdc9d9-ddb5-4fa4-a97d-d965ccfc6d4b" outcome="Passed" testListId="8c84fa94-04c1-424b-9868-57a2d4851a1d" relativeResultsDirectory="63fbd311-eb7b-48c2-be04-7b8ac5f37b96" />
    <UnitTestResult executionId="fc2437cc-70ac-4bb6-aee5-e24bb3921b68" testId="ccbf7e0d-7b7a-a8f1-7983-3f248694b75c" testName="WitchCityRope.Core.Tests.ValueObjects.MoneyTests.Create_ValidAmount_CreatesSuccessfully(amount: 100)" computerName="Unbutu-Ai-Chads-PC" duration="00:00:00.0001323" startTime="2025-09-13T14:01:36.8768792-04:00" endTime="2025-09-13T14:01:36.8769671-04:00" testType="13cdc9d9-ddb5-4fa4-a97d-d965ccfc6d4b" outcome="Passed" testListId="8c84fa94-04c1-424b-9868-57a2d4851a1d" relativeResultsDirectory="fc2437cc-70ac-4bb6-aee5-e24bb3921b68" />
    <UnitTestResult executionId="a832d0ae-5468-4d20-8153-615155673da4" testId="bcc1e113-1701-9956-f5a9-415e31736096" testName="WitchCityRope.Core.Tests.Entities.RegistrationTests.Cancel_NullReason_UsesDefaultReason" computerName="Unbutu-Ai-Chads-PC" duration="00:00:00.0063526" startTime="2025-09-13T14:01:36.9808061-04:00" endTime="2025-09-13T14:01:36.9870924-04:00" testType="13cdc9d9-ddb5-4fa4-a97d-d965ccfc6d4b" outcome="Passed" testListId="8c84fa94-04c1-424b-9868-57a2d4851a1d" relativeResultsDirectory="a832d0ae-5468-4d20-8153-615155673da4" />
    <UnitTestResult executionId="d0f393c7-a00b-40ae-b457-03379223da5e" testId="1a91289e-57e5-be3c-8381-67252df4124f" testName="WitchCityRope.Core.Tests.Entities.RegistrationTests.Constructor_SelectsLowestPriceTier_ValidatesSuccessfully" computerName="Unbutu-Ai-Chads-PC" duration="00:00:00.0042317" startTime="2025-09-13T14:01:37.0283362-04:00" endTime="2025-09-13T14:01:37.0324759-04:00" testType="13cdc9d9-ddb5-4fa4-a97d-d965ccfc6d4b" outcome="Passed" testListId="8c84fa94-04c1-424b-9868-57a2d4851a1d" relativeResultsDirectory="d0f393c7-a00b-40ae-b457-03379223da5e" />
    <UnitTestResult executionId="b2cada68-865b-4a1d-b5d5-1d54fa5218d3" testId="ed1ab1b0-e0da-f61a-8479-70793f974089" testName="WitchCityRope.Core.Tests.Entities.EventTests.RemoveOrganizer_LastOrganizer_ThrowsDomainException" computerName="Unbutu-Ai-Chads-PC" duration="00:00:00.0048722" startTime="2025-09-13T14:01:36.9584792-04:00" endTime="2025-09-13T14:01:36.9633011-04:00" testType="13cdc9d9-ddb5-4fa4-a97d-d965ccfc6d4b" outcome="Passed" testListId="8c84fa94-04c1-424b-9868-57a2d4851a1d" relativeResultsDirectory="b2cada68-865b-4a1d-b5d5-1d54fa5218d3" />
    <UnitTestResult executionId="de970014-db03-4d76-8387-920642de1ef9" testId="4c3704a2-f126-706a-ee45-09631f5d1024" testName="WitchCityRope.Core.Tests.ValueObjects.EmailAddressTests.Equals_SameEmailDifferentCase_ReturnsTrue" computerName="Unbutu-Ai-Chads-PC" duration="00:00:00.0001284" startTime="2025-09-13T14:01:36.8845468-04:00" endTime="2025-09-13T14:01:36.8845867-04:00" testType="13cdc9d9-ddb5-4fa4-a97d-d965ccfc6d4b" outcome="Passed" testListId="8c84fa94-04c1-424b-9868-57a2d4851a1d" relativeResultsDirectory="de970014-db03-4d76-8387-920642de1ef9" />
    <UnitTestResult executionId="147f33c8-a628-4144-bd85-430acb02e65c" testId="d5159d6d-2952-3694-1eec-00946e14957e" testName="WitchCityRope.Core.Tests.ValueObjects.SceneNameTests.ImplicitStringConversion_ReturnsValue" computerName="Unbutu-Ai-Chads-PC" duration="00:00:00.0001326" startTime="2025-09-13T14:01:36.8821631-04:00" endTime="2025-09-13T14:01:36.8822964-04:00" testType="13cdc9d9-ddb5-4fa4-a97d-d965ccfc6d4b" outcome="Passed" testListId="8c84fa94-04c1-424b-9868-57a2d4851a1d" relativeResultsDirectory="147f33c8-a628-4144-bd85-430acb02e65c" />
    <UnitTestResult executionId="818c3ea9-dc09-4a7b-b7da-10e088baa3d7" testId="85f2852e-58e5-6345-60a2-fbf11f9a2020" testName="WitchCityRope.Core.Tests.ValueObjects.EmailAddressTests.TryCreate_InvalidEmail_ReturnsFalse(invalidEmail: &quot;notanemail&quot;)" computerName="Unbutu-Ai-Chads-PC" duration="00:00:00.0005774" startTime="2025-09-13T14:01:36.8717002-04:00" endTime="2025-09-13T14:01:36.8725316-04:00" testType="13cdc9d9-ddb5-4fa4-a97d-d965ccfc6d4b" outcome="Passed" testListId="8c84fa94-04c1-424b-9868-57a2d4851a1d" relativeResultsDirectory="818c3ea9-dc09-4a7b-b7da-10e088baa3d7" />
    <UnitTestResult executionId="d35f9b49-cc15-4ba7-9559-3153e319acf3" testId="289ca8c1-6229-0a00-b027-f38a937cfdf0" testName="WitchCityRope.Core.Tests.Entities.EventTests.UpdateDates_EventAlreadyStarted_ThrowsDomainException" computerName="Unbutu-Ai-Chads-PC" duration="00:00:00.0025049" startTime="2025-09-13T14:01:36.9450194-04:00" endTime="2025-09-13T14:01:36.9466927-04:00" testType="13cdc9d9-ddb5-4fa4-a97d-d965ccfc6d4b" outcome="Passed" testListId="8c84fa94-04c1-424b-9868-57a2d4851a1d" relativeResultsDirectory="d35f9b49-cc15-4ba7-9559-3153e319acf3" />
    <UnitTestResult executionId="ecaa666b-5f53-4190-975f-382775f03f9c" testId="f8ab723d-cb6b-49c6-5dbb-7ffd207243cd" testName="WitchCityRope.Core.Tests.ValueObjects.MoneyTests.Zero_DefaultCurrency_CreatesZeroUSD" computerName="Unbutu-Ai-Chads-PC" duration="00:00:00.0000935" startTime="2025-09-13T14:01:36.8871159-04:00" endTime="2025-09-13T14:01:36.8871497-04:00" testType="13cdc9d9-ddb5-4fa4-a97d-d965ccfc6d4b" outcome="Passed" testListId="8c84fa94-04c1-424b-9868-57a2d4851a1d" relativeResultsDirectory="ecaa666b-5f53-4190-975f-382775f03f9c" />
    <UnitTestResult executionId="99e5b6bd-82a5-4a6c-905b-feeda4e2b20d" testId="17510853-dc9d-0e30-3c21-5738bddd2d2c" testName="WitchCityRope.Core.Tests.Entities.RegistrationTests.Confirm_PendingRegistrationWithCompletedPayment_ConfirmsSuccessfully" computerName="Unbutu-Ai-Chads-PC" duration="00:00:00.0121341" startTime="2025-09-13T14:01:36.9452363-04:00" endTime="2025-09-13T14:01:36.9570070-04:00" testType="13cdc9d9-ddb5-4fa4-a97d-d965ccfc6d4b" outcome="Passed" testListId="8c84fa94-04c1-424b-9868-57a2d4851a1d" relativeResultsDirectory="99e5b6bd-82a5-4a6c-905b-feeda4e2b20d" />
    <UnitTestResult executionId="37d7d636-b209-4956-8c1a-03c86c34d6b4" testId="6e366377-6d41-5fcc-48f5-0930249fee5e" testName="WitchCityRope.Core.Tests.Entities.RegistrationTests.IsEligibleForRefund_VariousTimings_ReturnsCorrectResult(hoursBeforeEvent: 49, expectedEligible: True)" computerName="Unbutu-Ai-Chads-PC" duration="00:00:00.0105447" startTime="2025-09-13T14:01:36.9031804-04:00" endTime="2025-09-13T14:01:36.9110855-04:00" testType="13cdc9d9-ddb5-4fa4-a97d-d965ccfc6d4b" outcome="Passed" testListId="8c84fa94-04c1-424b-9868-57a2d4851a1d" relativeResultsDirectory="37d7d636-b209-4956-8c1a-03c86c34d6b4" />
    <UnitTestResult executionId="cb7a3855-b0b5-4b28-af79-c7b8bba40d77" testId="db13cb67-4291-79eb-080b-59693ae602e4" testName="WitchCityRope.Core.Tests.Entities.EventTests.AddOrganizer_NewOrganizer_AddsSuccessfully" computerName="Unbutu-Ai-Chads-PC" duration="00:00:00.0514264" startTime="2025-09-13T14:01:36.7913988-04:00" endTime="2025-09-13T14:01:36.8962205-04:00" testType="13cdc9d9-ddb5-4fa4-a97d-d965ccfc6d4b" outcome="Passed" testListId="8c84fa94-04c1-424b-9868-57a2d4851a1d" relativeResultsDirectory="cb7a3855-b0b5-4b28-af79-c7b8bba40d77" />
    <UnitTestResult executionId="a4897bd4-9414-4c28-a45e-738fa5340a28" testId="36ce1916-f738-bf06-e525-9bcb167b94be" testName="WitchCityRope.Core.Tests.ValueObjects.MoneyTests.Create_NumericCurrency_ThrowsDomainException" computerName="Unbutu-Ai-Chads-PC" duration="00:00:00.0005330" startTime="2025-09-13T14:01:36.8839013-04:00" endTime="2025-09-13T14:01:36.8851240-04:00" testType="13cdc9d9-ddb5-4fa4-a97d-d965ccfc6d4b" outcome="Passed" testListId="8c84fa94-04c1-424b-9868-57a2d4851a1d" relativeResultsDirectory="a4897bd4-9414-4c28-a45e-738fa5340a28" />
    <UnitTestResult executionId="477a1210-8b31-4070-981a-8153d9dacb0b" testId="445b2f5b-ab0f-f41e-344b-753a5cf07080" testName="WitchCityRope.Core.Tests.Entities.UserTests.Constructor_NullEmail_ThrowsArgumentNullException" computerName="Unbutu-Ai-Chads-PC" duration="00:00:00.0003287" startTime="2025-09-13T14:01:36.8971353-04:00" endTime="2025-09-13T14:01:36.8971728-04:00" testType="13cdc9d9-ddb5-4fa4-a97d-d965ccfc6d4b" outcome="Passed" testListId="8c84fa94-04c1-424b-9868-57a2d4851a1d" relativeResultsDirectory="477a1210-8b31-4070-981a-8153d9dacb0b" />
    <UnitTestResult executionId="2d934182-11d4-4f18-8529-7534fc4b5250" testId="18f0023f-b7b6-64e0-d99f-67f362201e02" testName="WitchCityRope.Core.Tests.ValueObjects.EmailAddressTests.ImplicitStringConversion_ReturnsDisplayValue" computerName="Unbutu-Ai-Chads-PC" duration="00:00:00.0001172" startTime="2025-09-13T14:01:36.8846790-04:00" endTime="2025-09-13T14:01:36.8851962-04:00" testType="13cdc9d9-ddb5-4fa4-a97d-d965ccfc6d4b" outcome="Passed" testListId="8c84fa94-04c1-424b-9868-57a2d4851a1d" relativeResultsDirectory="2d934182-11d4-4f18-8529-7534fc4b5250" />
    <UnitTestResult executionId="4ba59bf1-7405-4e83-92f9-82bb08114e31" testId="008887e8-4708-1efe-5a02-72d0dd65e958" testName="WitchCityRope.Core.Tests.Entities.EventTests.Unpublish_PublishedEventNoRegistrations_UnpublishesSuccessfully" computerName="Unbutu-Ai-Chads-PC" duration="00:00:00.0019286" startTime="2025-09-13T14:01:36.9030119-04:00" endTime="2025-09-13T14:01:36.9032158-04:00" testType="13cdc9d9-ddb5-4fa4-a97d-d965ccfc6d4b" outcome="Passed" testListId="8c84fa94-04c1-424b-9868-57a2d4851a1d" relativeResultsDirectory="4ba59bf1-7405-4e83-92f9-82bb08114e31" />
    <UnitTestResult executionId="05a58b6b-49d6-44ea-9536-19075c7f1730" testId="b3adae82-3060-af8b-8907-f3afdf3e3905" testName="WitchCityRope.Core.Tests.Entities.RegistrationTests.StatusTransitions_VariousScenarios_BehavesCorrectly(initialStatus: Pending, targetStatus: Cancelled, shouldSucceed: True)" computerName="Unbutu-Ai-Chads-PC" duration="00:00:00.0025874" startTime="2025-09-13T14:01:36.8960725-04:00" endTime="2025-09-13T14:01:36.8963516-04:00" testType="13cdc9d9-ddb5-4fa4-a97d-d965ccfc6d4b" outcome="Passed" testListId="8c84fa94-04c1-424b-9868-57a2d4851a1d" relativeResultsDirectory="05a58b6b-49d6-44ea-9536-19075c7f1730" />
    <UnitTestResult executionId="41842b9b-4c86-44b9-9792-85880b8abad2" testId="57828f1b-953d-89a2-bee2-b021bb8b5c17" testName="WitchCityRope.Core.Tests.ValueObjects.EmailAddressTests.Equals_DifferentEmails_ReturnsFalse" computerName="Unbutu-Ai-Chads-PC" duration="00:00:00.0004359" startTime="2025-09-13T14:01:36.8742040-04:00" endTime="2025-09-13T14:01:36.8759754-04:00" testType="13cdc9d9-ddb5-4fa4-a97d-d965ccfc6d4b" outcome="Passed" testListId="8c84fa94-04c1-424b-9868-57a2d4851a1d" relativeResultsDirectory="41842b9b-4c86-44b9-9792-85880b8abad2" />
    <UnitTestResult executionId="57051a10-cb27-4611-a7dc-6bfdc2e664da" testId="8733cb82-c09e-1fe6-efe8-6e4e312806a6" testName="WitchCityRope.Core.Tests.ValueObjects.SceneNameTests.Equals_WithObject_WorksCorrectly" computerName="Unbutu-Ai-Chads-PC" duration="00:00:00.0002450" startTime="2025-09-13T14:01:36.8773619-04:00" endTime="2025-09-13T14:01:36.8799035-04:00" testType="13cdc9d9-ddb5-4fa4-a97d-d965ccfc6d4b" outcome="Passed" testListId="8c84fa94-04c1-424b-9868-57a2d4851a1d" relativeResultsDirectory="57051a10-cb27-4611-a7dc-6bfdc2e664da" />
    <UnitTestResult executionId="f9a578e4-4f88-4773-bf9b-e5608351b208" testId="425f8ec7-7edb-3559-f99e-fb751608c9cb" testName="WitchCityRope.Core.Tests.Entities.EventTests.UpdatePricingTiers_NoConfirmedRegistrations_UpdatesSuccessfully" computerName="Unbutu-Ai-Chads-PC" duration="00:00:00.0181114" startTime="2025-09-13T14:01:36.9069806-04:00" endTime="2025-09-13T14:01:36.9250289-04:00" testType="13cdc9d9-ddb5-4fa4-a97d-d965ccfc6d4b" outcome="Passed" testListId="8c84fa94-04c1-424b-9868-57a2d4851a1d" relativeResultsDirectory="f9a578e4-4f88-4773-bf9b-e5608351b208" />
    <UnitTestResult executionId="6c7c1d14-c5a6-4fe8-94da-dbd172abf01a" testId="7ab09a5d-83cb-6155-db19-0ce8eb3f79f5" testName="WitchCityRope.Core.Tests.Entities.UserTests.UpdateSceneName_NullSceneName_ThrowsArgumentNullException" computerName="Unbutu-Ai-Chads-PC" duration="00:00:00.0015113" startTime="2025-09-13T14:01:36.8959429-04:00" endTime="2025-09-13T14:01:36.8960965-04:00" testType="13cdc9d9-ddb5-4fa4-a97d-d965ccfc6d4b" outcome="Passed" testListId="8c84fa94-04c1-424b-9868-57a2d4851a1d" relativeResultsDirectory="6c7c1d14-c5a6-4fe8-94da-dbd172abf01a" />
    <UnitTestResult executionId="b232d7d0-5b93-4ebb-8b71-9a957ea5db89" testId="4d097658-d194-1751-06b0-bbf62cb8a2b5" testName="WitchCityRope.Core.Tests.ValueObjects.EmailAddressTests.Equals_NullEmail_ReturnsFalse" computerName="Unbutu-Ai-Chads-PC" duration="00:00:00.0001336" startTime="2025-09-13T14:01:36.8827352-04:00" endTime="2025-09-13T14:01:36.8834163-04:00" testType="13cdc9d9-ddb5-4fa4-a97d-d965ccfc6d4b" outcome="Passed" testListId="8c84fa94-04c1-424b-9868-57a2d4851a1d" relativeResultsDirectory="b232d7d0-5b93-4ebb-8b71-9a957ea5db89" />
    <UnitTestResult executionId="9cfd3b94-362a-41d5-b7db-51bb9d1dfde8" testId="2f4716b1-0c68-9378-d5bc-e4de249c2aa2" testName="WitchCityRope.Core.Tests.ValueObjects.EmailAddressTests.Create_ValidEmail_CreatesSuccessfully(email: &quot;TEST@EXAMPLE.COM&quot;)" computerName="Unbutu-Ai-Chads-PC" duration="00:00:00.0001118" startTime="2025-09-13T14:01:36.8262203-04:00" endTime="2025-09-13T14:01:36.8267844-04:00" testType="13cdc9d9-ddb5-4fa4-a97d-d965ccfc6d4b" outcome="Passed" testListId="8c84fa94-04c1-424b-9868-57a2d4851a1d" relativeResultsDirectory="9cfd3b94-362a-41d5-b7db-51bb9d1dfde8" />
    <UnitTestResult executionId="17f196d1-9fc2-4b7d-a193-c0622e2f9cfe" testId="e9ff79d1-7c74-ba00-c289-731f38c9ae9d" testName="WitchCityRope.Core.Tests.ValueObjects.EmailAddressTests.Value_AlwaysLowercase(input: &quot;TEST@EXAMPLE.COM&quot;, expected: &quot;test@example.com&quot;)" computerName="Unbutu-Ai-Chads-PC" duration="00:00:00.0000059" startTime="2025-09-13T14:01:36.8739349-04:00" endTime="2025-09-13T14:01:36.8739693-04:00" testType="13cdc9d9-ddb5-4fa4-a97d-d965ccfc6d4b" outcome="Passed" testListId="8c84fa94-04c1-424b-9868-57a2d4851a1d" relativeResultsDirectory="17f196d1-9fc2-4b7d-a193-c0622e2f9cfe" />
    <UnitTestResult executionId="0c7d2038-c6e0-480a-ba7d-21ca2fc3521f" testId="8d20f875-f9f1-f972-48ca-5f006dd2b59b" testName="WitchCityRope.Core.Tests.Entities.RegistrationTests.Cancel_AfterCheckIn_ThrowsDomainException" computerName="Unbutu-Ai-Chads-PC" duration="00:00:00.0119485" startTime="2025-09-13T14:01:36.9939823-04:00" endTime="2025-09-13T14:01:37.0052982-04:00" testType="13cdc9d9-ddb5-4fa4-a97d-d965ccfc6d4b" outcome="Passed" testListId="8c84fa94-04c1-424b-9868-57a2d4851a1d" relativeResultsDirectory="0c7d2038-c6e0-480a-ba7d-21ca2fc3521f" />
    <UnitTestResult executionId="553a4104-a65f-450e-82af-4a29f460a973" testId="e7b9a62d-2f8b-d3f2-4a3a-9cebb6d2d56f" testName="WitchCityRope.Core.Tests.ValueObjects.SceneNameTests.Create_WithWhitespace_TrimsSuccessfully" computerName="Unbutu-Ai-Chads-PC" duration="00:00:00.0000976" startTime="2025-09-13T14:01:36.8800393-04:00" endTime="2025-09-13T14:01:36.8802617-04:00" testType="13cdc9d9-ddb5-4fa4-a97d-d965ccfc6d4b" outcome="Passed" testListId="8c84fa94-04c1-424b-9868-57a2d4851a1d" relativeResultsDirectory="553a4104-a65f-450e-82af-4a29f460a973" />
    <UnitTestResult executionId="cdfe78ac-38e0-4738-9b22-97034c2a23b5" testId="38d6e065-1a55-e71e-b81e-ae9ea067e84e" testName="WitchCityRope.Core.Tests.ValueObjects.MoneyTests.Create_ValidAmount_CreatesSuccessfully(amount: 9999.99)" computerName="Unbutu-Ai-Chads-PC" duration="00:00:00.0000068" startTime="2025-09-13T14:01:36.8774004-04:00" endTime="2025-09-13T14:01:36.8789568-04:00" testType="13cdc9d9-ddb5-4fa4-a97d-d965ccfc6d4b" outcome="Passed" testListId="8c84fa94-04c1-424b-9868-57a2d4851a1d" relativeResultsDirectory="cdfe78ac-38e0-4738-9b22-97034c2a23b5" />
    <UnitTestResult executionId="24e6f397-9097-4bab-beb3-1639b2bd9093" testId="22bc6493-6675-abab-9e4f-15cedef729a8" testName="WitchCityRope.Core.Tests.ValueObjects.SceneNameTests.Value_PreservesOriginalCase(input: &quot;Scene Name&quot;, expected: &quot;Scene Name&quot;)" computerName="Unbutu-Ai-Chads-PC" duration="00:00:00.0000069" startTime="2025-09-13T14:01:36.8832058-04:00" endTime="2025-09-13T14:01:36.8832435-04:00" testType="13cdc9d9-ddb5-4fa4-a97d-d965ccfc6d4b" outcome="Passed" testListId="8c84fa94-04c1-424b-9868-57a2d4851a1d" relativeResultsDirectory="24e6f397-9097-4bab-beb3-1639b2bd9093" />
    <UnitTestResult executionId="94ec05d9-62a8-47b7-8530-f98804bfeab7" testId="703dfb97-0b83-83a5-714a-04c761334f21" testName="WitchCityRope.Core.Tests.Entities.RegistrationTests.Confirm_IncompletePayment_ThrowsDomainException" computerName="Unbutu-Ai-Chads-PC" duration="00:00:00.0104957" startTime="2025-09-13T14:01:37.0681814-04:00" endTime="2025-09-13T14:01:37.0785188-04:00" testType="13cdc9d9-ddb5-4fa4-a97d-d965ccfc6d4b" outcome="Passed" testListId="8c84fa94-04c1-424b-9868-57a2d4851a1d" relativeResultsDirectory="94ec05d9-62a8-47b7-8530-f98804bfeab7" />
    <UnitTestResult executionId="483ae04f-bffc-4795-8da4-93bef76b26de" testId="1d3881ee-33da-ca8e-2a5d-4849cdb1409b" testName="WitchCityRope.Core.Tests.Entities.RegistrationTests.IsEligibleForRefund_VariousTimings_ReturnsCorrectResult(hoursBeforeEvent: 24, expectedEligible: False)" computerName="Unbutu-Ai-Chads-PC" duration="00:00:00.0073190" startTime="2025-09-13T14:01:36.9111918-04:00" endTime="2025-09-13T14:01:36.9184861-04:00" testType="13cdc9d9-ddb5-4fa4-a97d-d965ccfc6d4b" outcome="Passed" testListId="8c84fa94-04c1-424b-9868-57a2d4851a1d" relativeResultsDirectory="483ae04f-bffc-4795-8da4-93bef76b26de" />
    <UnitTestResult executionId="50fd9e8d-6260-48ac-9398-bd8636b5478b" testId="390f5574-ce2b-a8b0-ecb1-10d89b55bb71" testName="WitchCityRope.Core.Tests.Entities.UserTests.Deactivate_ActiveUser_DeactivatesSuccessfully" computerName="Unbutu-Ai-Chads-PC" duration="00:00:00.0091350" startTime="2025-09-13T14:01:36.8976270-04:00" endTime="2025-09-13T14:01:36.8977893-04:00" testType="13cdc9d9-ddb5-4fa4-a97d-d965ccfc6d4b" outcome="Passed" testListId="8c84fa94-04c1-424b-9868-57a2d4851a1d" relativeResultsDirectory="50fd9e8d-6260-48ac-9398-bd8636b5478b" />
    <UnitTestResult executionId="66fc1406-005e-41a8-94c7-937377a8a097" testId="d036616b-6b86-99d5-cd58-29b5267bbff4" testName="WitchCityRope.Core.Tests.ValueObjects.SceneNameTests.Create_ValidSceneName_CreatesSuccessfully(name: &quot;12345&quot;)" computerName="Unbutu-Ai-Chads-PC" duration="00:00:00.0001094" startTime="2025-09-13T14:01:36.8742414-04:00" endTime="2025-09-13T14:01:36.8743209-04:00" testType="13cdc9d9-ddb5-4fa4-a97d-d965ccfc6d4b" outcome="Passed" testListId="8c84fa94-04c1-424b-9868-57a2d4851a1d" relativeResultsDirectory="66fc1406-005e-41a8-94c7-937377a8a097" />
    <UnitTestResult executionId="c58eb5a9-1e8c-4401-bdba-8865b830eeaa" testId="44f3481b-e4bb-4f17-196a-e00c0217ed87" testName="WitchCityRope.Core.Tests.ValueObjects.EmailAddressTests.Create_InvalidFormat_ThrowsDomainException(email: &quot;user@@example.com&quot;)" computerName="Unbutu-Ai-Chads-PC" duration="00:00:00.0003386" startTime="2025-09-13T14:01:36.8766189-04:00" endTime="2025-09-13T14:01:36.8791317-04:00" testType="13cdc9d9-ddb5-4fa4-a97d-d965ccfc6d4b" outcome="Passed" testListId="8c84fa94-04c1-424b-9868-57a2d4851a1d" relativeResultsDirectory="c58eb5a9-1e8c-4401-bdba-8865b830eeaa" />
    <UnitTestResult executionId="8932c72f-462d-4e9a-8a06-fd0a08cc6b46" testId="c774f67f-9417-304b-9fb5-ba0ee243e9da" testName="WitchCityRope.Core.Tests.ValueObjects.SceneNameTests.Create_SingleCharacter_ThrowsDomainException" computerName="Unbutu-Ai-Chads-PC" duration="00:00:00.0247085" startTime="2025-09-13T14:01:36.7924690-04:00" endTime="2025-09-13T14:01:36.8637701-04:00" testType="13cdc9d9-ddb5-4fa4-a97d-d965ccfc6d4b" outcome="Passed" testListId="8c84fa94-04c1-424b-9868-57a2d4851a1d" relativeResultsDirectory="8932c72f-462d-4e9a-8a06-fd0a08cc6b46" />
    <UnitTestResult executionId="4dd3d4c3-c79e-4b40-962f-aec93c43c465" testId="b8255f44-88d8-5031-490d-d1db53977af2" testName="WitchCityRope.Core.Tests.ValueObjects.EmailAddressTests.Create_EmptyOrNull_ThrowsArgumentException(email: null)" computerName="Unbutu-Ai-Chads-PC" duration="00:00:00.0003287" startTime="2025-09-13T14:01:36.8640668-04:00" endTime="2025-09-13T14:01:36.8642046-04:00" testType="13cdc9d9-ddb5-4fa4-a97d-d965ccfc6d4b" outcome="Passed" testListId="8c84fa94-04c1-424b-9868-57a2d4851a1d" relativeResultsDirectory="4dd3d4c3-c79e-4b40-962f-aec93c43c465" />
    <UnitTestResult executionId="3330ac9f-a76e-43d0-959d-390fdeb8809f" testId="9f763760-2f4c-fefb-9a56-8f2602c55157" testName="WitchCityRope.Core.Tests.Entities.EventTests.UpdateDates_ValidFutureDates_UpdatesSuccessfully" computerName="Unbutu-Ai-Chads-PC" duration="00:00:00.0023612" startTime="2025-09-13T14:01:36.8977464-04:00" endTime="2025-09-13T14:01:36.8986666-04:00" testType="13cdc9d9-ddb5-4fa4-a97d-d965ccfc6d4b" outcome="Passed" testListId="8c84fa94-04c1-424b-9868-57a2d4851a1d" relativeResultsDirectory="3330ac9f-a76e-43d0-959d-390fdeb8809f" />
    <UnitTestResult executionId="39d8bdf2-071e-45d1-bdc2-6a5318708c79" testId="0956fa5d-4aed-486e-f7dc-84f44811deb3" testName="WitchCityRope.Core.Tests.Entities.UserTests.PromoteToRole_VariousScenarios_BehavesCorrectly(currentRole: Member, newRole: Organizer, shouldSucceed: True)" computerName="Unbutu-Ai-Chads-PC" duration="00:00:00.0008897" startTime="2025-09-13T14:01:36.8953523-04:00" endTime="2025-09-13T14:01:36.8953852-04:00" testType="13cdc9d9-ddb5-4fa4-a97d-d965ccfc6d4b" outcome="Passed" testListId="8c84fa94-04c1-424b-9868-57a2d4851a1d" relativeResultsDirectory="39d8bdf2-071e-45d1-bdc2-6a5318708c79" />
    <UnitTestResult executionId="654fbb53-55d8-4098-b555-68df8162f0e0" testId="f1e20cc6-36e9-f4be-b8af-7b8e470faa96" testName="WitchCityRope.Core.Tests.ValueObjects.EmailAddressTests.DisplayValue_PreservesOriginalCase(input: &quot;TEST@EXAMPLE.COM&quot;, expected: &quot;TEST@EXAMPLE.COM&quot;)" computerName="Unbutu-Ai-Chads-PC" duration="00:00:00.0000068" startTime="2025-09-13T14:01:36.8715806-04:00" endTime="2025-09-13T14:01:36.8716152-04:00" testType="13cdc9d9-ddb5-4fa4-a97d-d965ccfc6d4b" outcome="Passed" testListId="8c84fa94-04c1-424b-9868-57a2d4851a1d" relativeResultsDirectory="654fbb53-55d8-4098-b555-68df8162f0e0" />
    <UnitTestResult executionId="4ebb642e-62cf-4e82-8133-fc87ad69cc94" testId="789befc7-bdb1-4aa4-6ce3-ddf2fed3eb3a" testName="WitchCityRope.Core.Tests.ValueObjects.SceneNameTests.Create_TrimsWhitespace_ButPreservesInternalSpaces(input: &quot;  Leading Space&quot;)" computerName="Unbutu-Ai-Chads-PC" duration="00:00:00.0001088" startTime="2025-09-13T14:01:36.8644069-04:00" endTime="2025-09-13T14:01:36.8658417-04:00" testType="13cdc9d9-ddb5-4fa4-a97d-d965ccfc6d4b" outcome="Passed" testListId="8c84fa94-04c1-424b-9868-57a2d4851a1d" relativeResultsDirectory="4ebb642e-62cf-4e82-8133-fc87ad69cc94" />
    <UnitTestResult executionId="3362717d-ce93-4374-bdfe-8997fd23440b" testId="2a16daf1-9828-ac46-13aa-565928c9b938" testName="WitchCityRope.Core.Tests.Entities.RegistrationTests.IsEligibleForRefund_VariousTimings_ReturnsCorrectResult(hoursBeforeEvent: 47.899999999999999, expectedEligible: False)" computerName="Unbutu-Ai-Chads-PC" duration="00:00:00.0092809" startTime="2025-09-13T14:01:36.9284071-04:00" endTime="2025-09-13T14:01:36.9375315-04:00" testType="13cdc9d9-ddb5-4fa4-a97d-d965ccfc6d4b" outcome="Passed" testListId="8c84fa94-04c1-424b-9868-57a2d4851a1d" relativeResultsDirectory="3362717d-ce93-4374-bdfe-8997fd23440b" />
    <UnitTestResult executionId="a68a6185-b682-43ce-93c0-205bb6a25d9a" testId="16b86624-9e7b-1dad-64c2-35f2e1bcf205" testName="WitchCityRope.Core.Tests.Entities.UserTests.PromoteToRole_SameRole_ThrowsDomainException" computerName="Unbutu-Ai-Chads-PC" duration="00:00:00.0010926" startTime="2025-09-13T14:01:36.9000594-04:00" endTime="2025-09-13T14:01:36.9001996-04:00" testType="13cdc9d9-ddb5-4fa4-a97d-d965ccfc6d4b" outcome="Passed" testListId="8c84fa94-04c1-424b-9868-57a2d4851a1d" relativeResultsDirectory="a68a6185-b682-43ce-93c0-205bb6a25d9a" />
    <UnitTestResult executionId="4eca65ab-d04f-4d37-8237-1182a0b686ff" testId="7d8e1bdd-5b0a-e86b-4cc6-21776e72712f" testName="WitchCityRope.Core.Tests.ValueObjects.MoneyTests.OperatorMinus_SameCurrency_SubtractsSuccessfully" computerName="Unbutu-Ai-Chads-PC" duration="00:00:00.0001375" startTime="2025-09-13T14:01:36.8869979-04:00" endTime="2025-09-13T14:01:36.8870325-04:00" testType="13cdc9d9-ddb5-4fa4-a97d-d965ccfc6d4b" outcome="Passed" testListId="8c84fa94-04c1-424b-9868-57a2d4851a1d" relativeResultsDirectory="4eca65ab-d04f-4d37-8237-1182a0b686ff" />
    <UnitTestResult executionId="08b89da8-be13-4c5f-8bcf-185f239f32b8" testId="05cc17c1-28ea-dce3-3c35-bd28b793225a" testName="WitchCityRope.Core.Tests.Entities.EventTests.UpdateCapacity_IncreaseCapacity_UpdatesSuccessfully" computerName="Unbutu-Ai-Chads-PC" duration="00:00:00.0020988" startTime="2025-09-13T14:01:36.9564292-04:00" endTime="2025-09-13T14:01:36.9583648-04:00" testType="13cdc9d9-ddb5-4fa4-a97d-d965ccfc6d4b" outcome="Passed" testListId="8c84fa94-04c1-424b-9868-57a2d4851a1d" relativeResultsDirectory="08b89da8-be13-4c5f-8bcf-185f239f32b8" />
    <UnitTestResult executionId="f4984b97-dbe1-4db0-b14b-6f000d2e79ef" testId="2838e25d-5b0f-3a89-fae4-3fa22a310c96" testName="WitchCityRope.Core.Tests.Entities.EventTests.PricingTiers_SlidingScale_MaintainsOrder" computerName="Unbutu-Ai-Chads-PC" duration="00:00:00.0092520" startTime="2025-09-13T14:01:36.9308437-04:00" endTime="2025-09-13T14:01:36.9399230-04:00" testType="13cdc9d9-ddb5-4fa4-a97d-d965ccfc6d4b" outcome="Passed" testListId="8c84fa94-04c1-424b-9868-57a2d4851a1d" relativeResultsDirectory="f4984b97-dbe1-4db0-b14b-6f000d2e79ef" />
    <UnitTestResult executionId="044c8c37-3e89-4d14-85dd-cd3346453405" testId="9bb9adcb-9120-fe9b-ae69-727878a9049c" testName="WitchCityRope.Core.Tests.ValueObjects.EmailAddressTests.Create_EmailWithWhitespace_TrimsSuccessfully" computerName="Unbutu-Ai-Chads-PC" duration="00:00:00.0001137" startTime="2025-09-13T14:01:36.8840211-04:00" endTime="2025-09-13T14:01:36.8840566-04:00" testType="13cdc9d9-ddb5-4fa4-a97d-d965ccfc6d4b" outcome="Passed" testListId="8c84fa94-04c1-424b-9868-57a2d4851a1d" relativeResultsDirectory="044c8c37-3e89-4d14-85dd-cd3346453405" />
    <UnitTestResult executionId="084f452c-2714-494e-b3ee-b89a13ca79d7" testId="a7c3958c-ed08-701d-04ac-eb4a143df517" testName="WitchCityRope.Core.Tests.ValueObjects.EmailAddressTests.Value_AlwaysLowercase(input: &quot;test@example.com&quot;, expected: &quot;test@example.com&quot;)" computerName="Unbutu-Ai-Chads-PC" duration="00:00:00.0000705" startTime="2025-09-13T14:01:36.8730821-04:00" endTime="2025-09-13T14:01:36.8737724-04:00" testType="13cdc9d9-ddb5-4fa4-a97d-d965ccfc6d4b" outcome="Passed" testListId="8c84fa94-04c1-424b-9868-57a2d4851a1d" relativeResultsDirectory="084f452c-2714-494e-b3ee-b89a13ca79d7" />
    <UnitTestResult executionId="575f2958-1ade-4dd6-960e-20f5a5550d9b" testId="b7ca36a5-b386-7d2d-22ea-8eeb210acc8b" testName="WitchCityRope.Core.Tests.ValueObjects.MoneyTests.OperatorPlus_SameCurrency_AddsSuccessfully" computerName="Unbutu-Ai-Chads-PC" duration="00:00:00.0011149" startTime="2025-09-13T14:01:36.8708990-04:00" endTime="2025-09-13T14:01:36.8717355-04:00" testType="13cdc9d9-ddb5-4fa4-a97d-d965ccfc6d4b" outcome="Passed" testListId="8c84fa94-04c1-424b-9868-57a2d4851a1d" relativeResultsDirectory="575f2958-1ade-4dd6-960e-20f5a5550d9b" />
    <UnitTestResult executionId="e8ebd5ca-7458-45a1-b2b7-62e96d3eac0f" testId="e0e2ea60-cab1-78b6-670e-13c80cc25fc2" testName="WitchCityRope.Core.Tests.ValueObjects.MoneyTests.Zero_SpecificCurrency_CreatesZeroWithCurrency" computerName="Unbutu-Ai-Chads-PC" duration="00:00:00.0001947" startTime="2025-09-13T14:01:36.8737377-04:00" endTime="2025-09-13T14:01:36.8740275-04:00" testType="13cdc9d9-ddb5-4fa4-a97d-d965ccfc6d4b" outcome="Passed" testListId="8c84fa94-04c1-424b-9868-57a2d4851a1d" relativeResultsDirectory="e8ebd5ca-7458-45a1-b2b7-62e96d3eac0f" />
    <UnitTestResult executionId="22a312d6-c5fa-485b-928e-7f27799b9aa6" testId="627dc205-8966-14e4-f275-84a93649715d" testName="WitchCityRope.Core.Tests.Entities.RegistrationTests.Constructor_SelectsHighestPriceTier_ValidatesSuccessfully" computerName="Unbutu-Ai-Chads-PC" duration="00:00:00.0052230" startTime="2025-09-13T14:01:37.0129570-04:00" endTime="2025-09-13T14:01:37.0162455-04:00" testType="13cdc9d9-ddb5-4fa4-a97d-d965ccfc6d4b" outcome="Passed" testListId="8c84fa94-04c1-424b-9868-57a2d4851a1d" relativeResultsDirectory="22a312d6-c5fa-485b-928e-7f27799b9aa6" />
    <UnitTestResult executionId="cd95be7e-482e-4414-9aa7-7be687d2d11a" testId="579f4e01-958b-4fd8-6be0-77bb51850a72" testName="WitchCityRope.Core.Tests.Entities.RegistrationTests.StatusTransitions_VariousScenarios_BehavesCorrectly(initialStatus: Pending, targetStatus: Confirmed, shouldSucceed: True)" computerName="Unbutu-Ai-Chads-PC" duration="00:00:00.0023129" startTime="2025-09-13T14:01:36.8983442-04:00" endTime="2025-09-13T14:01:36.8989196-04:00" testType="13cdc9d9-ddb5-4fa4-a97d-d965ccfc6d4b" outcome="Passed" testListId="8c84fa94-04c1-424b-9868-57a2d4851a1d" relativeResultsDirectory="cd95be7e-482e-4414-9aa7-7be687d2d11a" />
    <UnitTestResult executionId="5fda5858-d013-43ea-abed-1c1e345a38f3" testId="69a09f52-376a-6f0b-5082-61e182c0b318" testName="WitchCityRope.Core.Tests.Entities.RegistrationTests.StatusTransitions_VariousScenarios_BehavesCorrectly(initialStatus: Confirmed, targetStatus: Cancelled, shouldSucceed: True)" computerName="Unbutu-Ai-Chads-PC" duration="00:00:00.0480719" startTime="2025-09-13T14:01:36.7924116-04:00" endTime="2025-09-13T14:01:36.8951839-04:00" testType="13cdc9d9-ddb5-4fa4-a97d-d965ccfc6d4b" outcome="Passed" testListId="8c84fa94-04c1-424b-9868-57a2d4851a1d" relativeResultsDirectory="5fda5858-d013-43ea-abed-1c1e345a38f3" />
    <UnitTestResult executionId="67d4bd24-da9e-4a85-8534-b81da4fd6b28" testId="1a4abce9-2b87-de2e-da5a-1c629644c66e" testName="WitchCityRope.Core.Tests.ValueObjects.EmailAddressTests.Create_InvalidFormat_ThrowsDomainException(email: &quot;@example.com&quot;)" computerName="Unbutu-Ai-Chads-PC" duration="00:00:00.0002462" startTime="2025-09-13T14:01:36.8812012-04:00" endTime="2025-09-13T14:01:36.8813502-04:00" testType="13cdc9d9-ddb5-4fa4-a97d-d965ccfc6d4b" outcome="Passed" testListId="8c84fa94-04c1-424b-9868-57a2d4851a1d" relativeResultsDirectory="67d4bd24-da9e-4a85-8534-b81da4fd6b28" />
    <UnitTestResult executionId="4cb608e4-69a0-45a7-a0c9-4a4b55e299dd" testId="ed03c588-f9e2-cd50-ea85-d6f0ba338f02" testName="WitchCityRope.Core.Tests.ValueObjects.SceneNameTests.GetHashCode_SameNameDifferentCase_ReturnsSameHash" computerName="Unbutu-Ai-Chads-PC" duration="00:00:00.0000976" startTime="2025-09-13T14:01:36.8803864-04:00" endTime="2025-09-13T14:01:36.8810231-04:00" testType="13cdc9d9-ddb5-4fa4-a97d-d965ccfc6d4b" outcome="Passed" testListId="8c84fa94-04c1-424b-9868-57a2d4851a1d" relativeResultsDirectory="4cb608e4-69a0-45a7-a0c9-4a4b55e299dd" />
    <UnitTestResult executionId="61315d33-fc99-417a-94f6-fcde5ef0d4a4" testId="bf813ab1-328d-8105-78c5-bea3e40472ac" testName="WitchCityRope.Core.Tests.Entities.EventTests.Constructor_ZeroCapacity_ThrowsDomainException" computerName="Unbutu-Ai-Chads-PC" duration="00:00:00.0021006" startTime="2025-09-13T14:01:36.9501776-04:00" endTime="2025-09-13T14:01:36.9521021-04:00" testType="13cdc9d9-ddb5-4fa4-a97d-d965ccfc6d4b" outcome="Passed" testListId="8c84fa94-04c1-424b-9868-57a2d4851a1d" relativeResultsDirectory="61315d33-fc99-417a-94f6-fcde5ef0d4a4" />
    <UnitTestResult executionId="c38db81a-9465-4f2c-b27a-b11dea12ad1d" testId="b5bc20a8-2c58-a4d4-fd15-5ce71610e7e2" testName="WitchCityRope.Core.Tests.Entities.EventTests.Unpublish_NotPublished_ThrowsDomainException" computerName="Unbutu-Ai-Chads-PC" duration="00:00:00.0020967" startTime="2025-09-13T14:01:36.9401154-04:00" endTime="2025-09-13T14:01:36.9420590-04:00" testType="13cdc9d9-ddb5-4fa4-a97d-d965ccfc6d4b" outcome="Passed" testListId="8c84fa94-04c1-424b-9868-57a2d4851a1d" relativeResultsDirectory="c38db81a-9465-4f2c-b27a-b11dea12ad1d" />
    <UnitTestResult executionId="6a0d1378-1d67-4cdc-b405-e91f48707470" testId="4e783378-2a91-dd2a-54ca-9c33e9d3fbfa" testName="WitchCityRope.Core.Tests.Entities.UserTests.Reactivate_InactiveUser_ReactivatesSuccessfully" computerName="Unbutu-Ai-Chads-PC" duration="00:00:00.0011092" startTime="2025-09-13T14:01:36.8988747-04:00" endTime="2025-09-13T14:01:36.8990275-04:00" testType="13cdc9d9-ddb5-4fa4-a97d-d965ccfc6d4b" outcome="Passed" testListId="8c84fa94-04c1-424b-9868-57a2d4851a1d" relativeResultsDirectory="6a0d1378-1d67-4cdc-b405-e91f48707470" />
    <UnitTestResult executionId="1a5f1bb7-df73-4f82-9e46-d1c2e84235c4" testId="60d19a79-2c4a-6e5e-4d71-9a95960b7cd1" testName="WitchCityRope.Core.Tests.ValueObjects.MoneyTests.Subtract_InsufficientFunds_ThrowsDomainException" computerName="Unbutu-Ai-Chads-PC" duration="00:00:00.0005082" startTime="2025-09-13T14:01:36.8833821-04:00" endTime="2025-09-13T14:01:36.8838168-04:00" testType="13cdc9d9-ddb5-4fa4-a97d-d965ccfc6d4b" outcome="Passed" testListId="8c84fa94-04c1-424b-9868-57a2d4851a1d" relativeResultsDirectory="1a5f1bb7-df73-4f82-9e46-d1c2e84235c4" />
    <UnitTestResult executionId="fe6ea3e9-2fcd-44f1-adb1-4980b4757c1a" testId="bcf6c661-bdd3-dc3b-8d30-8efd04a896b7" testName="WitchCityRope.Core.Tests.ValueObjects.SceneNameTests.Create_ExactlyMaxLength_CreatesSuccessfully" computerName="Unbutu-Ai-Chads-PC" duration="00:00:00.0001543" startTime="2025-09-13T14:01:36.8769003-04:00" endTime="2025-09-13T14:01:36.8770922-04:00" testType="13cdc9d9-ddb5-4fa4-a97d-d965ccfc6d4b" outcome="Passed" testListId="8c84fa94-04c1-424b-9868-57a2d4851a1d" relativeResultsDirectory="fe6ea3e9-2fcd-44f1-adb1-4980b4757c1a" />
    <UnitTestResult executionId="707ccad6-4c04-4687-b9b1-4be31c42b83b" testId="9af443ab-4057-65b9-7737-294b29e1ff0f" testName="WitchCityRope.Core.Tests.ValueObjects.EmailAddressTests.Create_EmptyOrNull_ThrowsArgumentException(email: &quot;&quot;)" computerName="Unbutu-Ai-Chads-PC" duration="00:00:00.0001620" startTime="2025-09-13T14:01:36.8642853-04:00" endTime="2025-09-13T14:01:36.8644596-04:00" testType="13cdc9d9-ddb5-4fa4-a97d-d965ccfc6d4b" outcome="Passed" testListId="8c84fa94-04c1-424b-9868-57a2d4851a1d" relativeResultsDirectory="707ccad6-4c04-4687-b9b1-4be31c42b83b" />
    <UnitTestResult executionId="94dbb017-4ca8-47e7-b553-11eacde1ec59" testId="dbc99f96-723f-5c76-60ae-bc8aeab3b6c9" testName="WitchCityRope.Core.Tests.ValueObjects.MoneyTests.Create_InvalidCurrencyLength_ThrowsDomainException(currency: &quot;US&quot;)" computerName="Unbutu-Ai-Chads-PC" duration="00:00:00.0247264" startTime="2025-09-13T14:01:36.7925384-04:00" endTime="2025-09-13T14:01:36.8638999-04:00" testType="13cdc9d9-ddb5-4fa4-a97d-d965ccfc6d4b" outcome="Passed" testListId="8c84fa94-04c1-424b-9868-57a2d4851a1d" relativeResultsDirectory="94dbb017-4ca8-47e7-b553-11eacde1ec59" />
    <UnitTestResult executionId="fa17fe90-f82e-4c02-8e27-c1aebffe7941" testId="83b03134-a341-7baa-1ddc-e73e42ca0f1e" testName="WitchCityRope.Core.Tests.Entities.RegistrationTests.UpdateAccessibilityNeeds_CancelledRegistration_ThrowsDomainException" computerName="Unbutu-Ai-Chads-PC" duration="00:00:00.0090816" startTime="2025-09-13T14:01:36.9575907-04:00" endTime="2025-09-13T14:01:36.9661437-04:00" testType="13cdc9d9-ddb5-4fa4-a97d-d965ccfc6d4b" outcome="Passed" testListId="8c84fa94-04c1-424b-9868-57a2d4851a1d" relativeResultsDirectory="fa17fe90-f82e-4c02-8e27-c1aebffe7941" />
    <UnitTestResult executionId="e4ead794-2c4d-4cfd-94af-be816593111f" testId="4397c8ff-627d-79c6-0248-89b8a15bd75a" testName="WitchCityRope.Core.Tests.ValueObjects.MoneyTests.Multiply_ValidFactor_MultipliesSuccessfully(amount: 10, factor: 2, expected: 20)" computerName="Unbutu-Ai-Chads-PC" duration="00:00:00.0000067" startTime="2025-09-13T14:01:36.8874724-04:00" endTime="2025-09-13T14:01:36.8875098-04:00" testType="13cdc9d9-ddb5-4fa4-a97d-d965ccfc6d4b" outcome="Passed" testListId="8c84fa94-04c1-424b-9868-57a2d4851a1d" relativeResultsDirectory="e4ead794-2c4d-4cfd-94af-be816593111f" />
    <UnitTestResult executionId="701dad4f-4856-4575-a172-4a04ba42ad17" testId="0e057b10-bf68-692c-a35c-76f267f90467" testName="WitchCityRope.Core.Tests.ValueObjects.MoneyTests.Create_ValidCurrency_CreatesSuccessfully(currency: &quot;GBP&quot;)" computerName="Unbutu-Ai-Chads-PC" duration="00:00:00.0001141" startTime="2025-09-13T14:01:36.8796915-04:00" endTime="2025-09-13T14:01:36.8797805-04:00" testType="13cdc9d9-ddb5-4fa4-a97d-d965ccfc6d4b" outcome="Passed" testListId="8c84fa94-04c1-424b-9868-57a2d4851a1d" relativeResultsDirectory="701dad4f-4856-4575-a172-4a04ba42ad17" />
    <UnitTestResult executionId="163a1e08-0cec-4012-baef-5325fec5edae" testId="6ddccc30-c396-7d9f-3818-e26a56602056" testName="WitchCityRope.Core.Tests.ValueObjects.MoneyTests.Multiply_NegativeFactor_ThrowsDomainException" computerName="Unbutu-Ai-Chads-PC" duration="00:00:00.0003454" startTime="2025-09-13T14:01:36.8935974-04:00" endTime="2025-09-13T14:01:36.8936500-04:00" testType="13cdc9d9-ddb5-4fa4-a97d-d965ccfc6d4b" outcome="Passed" testListId="8c84fa94-04c1-424b-9868-57a2d4851a1d" relativeResultsDirectory="163a1e08-0cec-4012-baef-5325fec5edae" />
    <UnitTestResult executionId="ddfa11f6-797a-4c56-8695-7cd3a78eec37" testId="4f10845f-3ec6-4a9c-4c1b-d5a02341ac26" testName="WitchCityRope.Core.Tests.ValueObjects.MoneyTests.Add_NullMoney_ThrowsArgumentNullException" computerName="Unbutu-Ai-Chads-PC" duration="00:00:00.0005241" startTime="2025-09-13T14:01:36.8934307-04:00" endTime="2025-09-13T14:01:36.8934927-04:00" testType="13cdc9d9-ddb5-4fa4-a97d-d965ccfc6d4b" outcome="Passed" testListId="8c84fa94-04c1-424b-9868-57a2d4851a1d" relativeResultsDirectory="ddfa11f6-797a-4c56-8695-7cd3a78eec37" />
    <UnitTestResult executionId="0ca3e42e-7bad-4b2e-b94e-49ac07e8e7c4" testId="02dfc5f2-c3eb-99ee-f353-2aaec6dc6e1c" testName="WitchCityRope.Core.Tests.ValueObjects.MoneyTests.Add_SameCurrency_AddsSuccessfully" computerName="Unbutu-Ai-Chads-PC" duration="00:00:00.0001603" startTime="2025-09-13T14:01:36.8826159-04:00" endTime="2025-09-13T14:01:36.8833015-04:00" testType="13cdc9d9-ddb5-4fa4-a97d-d965ccfc6d4b" outcome="Passed" testListId="8c84fa94-04c1-424b-9868-57a2d4851a1d" relativeResultsDirectory="0ca3e42e-7bad-4b2e-b94e-49ac07e8e7c4" />
    <UnitTestResult executionId="40551fc3-9460-45c0-bcf2-b7eb55ec39f6" testId="0eea5cf3-5217-2650-bfc6-55dedab95adb" testName="WitchCityRope.Core.Tests.ValueObjects.EmailAddressTests.DisplayValue_PreservesOriginalCase(input: &quot;test@example.com&quot;, expected: &quot;test@example.com&quot;)" computerName="Unbutu-Ai-Chads-PC" duration="00:00:00.0000800" startTime="2025-09-13T14:01:36.8713754-04:00" endTime="2025-09-13T14:01:36.8714104-04:00" testType="13cdc9d9-ddb5-4fa4-a97d-d965ccfc6d4b" outcome="Passed" testListId="8c84fa94-04c1-424b-9868-57a2d4851a1d" relativeResultsDirectory="40551fc3-9460-45c0-bcf2-b7eb55ec39f6" />
    <UnitTestResult executionId="47fb5766-061d-493c-b96b-b4fe5986d211" testId="f7d23e18-a648-9711-77fa-7ea2bf00eb97" testName="WitchCityRope.Core.Tests.ValueObjects.SceneNameTests.ToString_ReturnsValue" computerName="Unbutu-Ai-Chads-PC" duration="00:00:00.0001175" startTime="2025-09-13T14:01:36.8727167-04:00" endTime="2025-09-13T14:01:36.8730271-04:00" testType="13cdc9d9-ddb5-4fa4-a97d-d965ccfc6d4b" outcome="Passed" testListId="8c84fa94-04c1-424b-9868-57a2d4851a1d" relativeResultsDirectory="47fb5766-061d-493c-b96b-b4fe5986d211" />
    <UnitTestResult executionId="6b6e6fc9-8ae7-4d78-a15b-0feadcd2ec96" testId="82f3a02b-31ab-4418-9795-a2a1b8d17627" testName="WitchCityRope.Core.Tests.Entities.EventTests.UpdateDetails_ValidData_UpdatesSuccessfully" computerName="Unbutu-Ai-Chads-PC" duration="00:00:00.0032340" startTime="2025-09-13T14:01:36.9468700-04:00" endTime="2025-09-13T14:01:36.9499931-04:00" testType="13cdc9d9-ddb5-4fa4-a97d-d965ccfc6d4b" outcome="Passed" testListId="8c84fa94-04c1-424b-9868-57a2d4851a1d" relativeResultsDirectory="6b6e6fc9-8ae7-4d78-a15b-0feadcd2ec96" />
    <UnitTestResult executionId="b0f87448-359a-4d76-b57c-2c3cafc476d6" testId="60598e1b-02d6-d0b1-216a-1d6496f4b8e7" testName="WitchCityRope.Core.Tests.Entities.RegistrationTests.IsEligibleForRefund_VariousTimings_ReturnsCorrectResult(hoursBeforeEvent: 47, expectedEligible: False)" computerName="Unbutu-Ai-Chads-PC" duration="00:00:00.0073272" startTime="2025-09-13T14:01:36.9376954-04:00" endTime="2025-09-13T14:01:36.9450868-04:00" testType="13cdc9d9-ddb5-4fa4-a97d-d965ccfc6d4b" outcome="Passed" testListId="8c84fa94-04c1-424b-9868-57a2d4851a1d" relativeResultsDirectory="b0f87448-359a-4d76-b57c-2c3cafc476d6" />
    <UnitTestResult executionId="b25f0571-fb32-4a0d-9619-6e85b24f7826" testId="f0599150-0368-a690-445e-232b5fbc9674" testName="WitchCityRope.Core.Tests.Entities.EventTests.Constructor_NegativePricingTier_ThrowsDomainException" computerName="Unbutu-Ai-Chads-PC" duration="00:00:00.0003801" startTime="2025-09-13T14:01:36.9560179-04:00" endTime="2025-09-13T14:01:36.9562537-04:00" testType="13cdc9d9-ddb5-4fa4-a97d-d965ccfc6d4b" outcome="Passed" testListId="8c84fa94-04c1-424b-9868-57a2d4851a1d" relativeResultsDirectory="b25f0571-fb32-4a0d-9619-6e85b24f7826" />
    <UnitTestResult executionId="25e685f7-2524-424f-9846-993fbda47819" testId="e85fed14-ca9f-a204-a5c5-cb8f12de0b8e" testName="WitchCityRope.Core.Tests.Entities.EventTests.AddOrganizer_DuplicateOrganizer_ThrowsDomainException" computerName="Unbutu-Ai-Chads-PC" duration="00:00:00.0029440" startTime="2025-09-13T14:01:36.9252319-04:00" endTime="2025-09-13T14:01:36.9280203-04:00" testType="13cdc9d9-ddb5-4fa4-a97d-d965ccfc6d4b" outcome="Passed" testListId="8c84fa94-04c1-424b-9868-57a2d4851a1d" relativeResultsDirectory="25e685f7-2524-424f-9846-993fbda47819" />
    <UnitTestResult executionId="b3d9ad0b-01cc-4dd0-b7fd-3950a5876cd2" testId="f31ab1aa-39de-68ab-51b3-8be7b1b5b9d2" testName="WitchCityRope.Core.Tests.Entities.UserTests.UpdateEmail_NullEmail_ThrowsArgumentNullException" computerName="Unbutu-Ai-Chads-PC" duration="00:00:00.0011148" startTime="2025-09-13T14:01:36.8999432-04:00" endTime="2025-09-13T14:01:36.8999766-04:00" testType="13cdc9d9-ddb5-4fa4-a97d-d965ccfc6d4b" outcome="Passed" testListId="8c84fa94-04c1-424b-9868-57a2d4851a1d" relativeResultsDirectory="b3d9ad0b-01cc-4dd0-b7fd-3950a5876cd2" />
    <UnitTestResult executionId="5ad9bf9a-d550-440a-b25a-636eb8474f18" testId="29518f0a-7330-4b80-0907-a4ac839337bc" testName="WitchCityRope.Core.Tests.Entities.RegistrationTests.StatusTransitions_VariousScenarios_BehavesCorrectly(initialStatus: Confirmed, targetStatus: CheckedIn, shouldSucceed: True)" computerName="Unbutu-Ai-Chads-PC" duration="00:00:00.0031656" startTime="2025-09-13T14:01:36.8952592-04:00" endTime="2025-09-13T14:01:36.8959913-04:00" testType="13cdc9d9-ddb5-4fa4-a97d-d965ccfc6d4b" outcome="Passed" testListId="8c84fa94-04c1-424b-9868-57a2d4851a1d" relativeResultsDirectory="5ad9bf9a-d550-440a-b25a-636eb8474f18" />
    <UnitTestResult executionId="2619fc8b-e7be-46c5-a377-f96e7453a89b" testId="f7f4c0ce-ef99-e663-6486-bae7dca0985d" testName="WitchCityRope.Core.Tests.ValueObjects.EmailAddressTests.Create_InvalidFormat_ThrowsDomainException(email: &quot;notanemail&quot;)" computerName="Unbutu-Ai-Chads-PC" duration="00:00:00.0002512" startTime="2025-09-13T14:01:36.8815207-04:00" endTime="2025-09-13T14:01:36.8821971-04:00" testType="13cdc9d9-ddb5-4fa4-a97d-d965ccfc6d4b" outcome="Passed" testListId="8c84fa94-04c1-424b-9868-57a2d4851a1d" relativeResultsDirectory="2619fc8b-e7be-46c5-a377-f96e7453a89b" />
    <UnitTestResult executionId="1ffff3b3-668e-483b-a9c2-a4e22b26d527" testId="b02692b3-9a02-e92f-7382-524711238591" testName="WitchCityRope.Core.Tests.ValueObjects.MoneyTests.Create_ValidCurrency_CreatesSuccessfully(currency: &quot;USD&quot;)" computerName="Unbutu-Ai-Chads-PC" duration="00:00:00.0001678" startTime="2025-09-13T14:01:36.8798613-04:00" endTime="2025-09-13T14:01:36.8802082-04:00" testType="13cdc9d9-ddb5-4fa4-a97d-d965ccfc6d4b" outcome="Passed" testListId="8c84fa94-04c1-424b-9868-57a2d4851a1d" relativeResultsDirectory="1ffff3b3-668e-483b-a9c2-a4e22b26d527" />
    <UnitTestResult executionId="aa033ab0-794f-4287-86f4-c0fd8ec82a09" testId="ebca1bab-4384-7fba-f140-5240d35a005a" testName="WitchCityRope.Core.Tests.Entities.EventTests.GetConfirmedRegistrationCount_NoRegistrations_ReturnsZero" computerName="Unbutu-Ai-Chads-PC" duration="00:00:00.0023895" startTime="2025-09-13T14:01:36.9033188-04:00" endTime="2025-09-13T14:01:36.9033757-04:00" testType="13cdc9d9-ddb5-4fa4-a97d-d965ccfc6d4b" outcome="Passed" testListId="8c84fa94-04c1-424b-9868-57a2d4851a1d" relativeResultsDirectory="aa033ab0-794f-4287-86f4-c0fd8ec82a09" />
    <UnitTestResult executionId="52fe9880-feb2-41c4-81fc-dc04ecaea7c9" testId="c51fba78-91c0-4bc8-f4af-0e9c6411e3e9" testName="WitchCityRope.Core.Tests.ValueObjects.SceneNameTests.Create_ValidSceneName_CreatesSuccessfully(name: &quot;Very Long Scene Name That Is Still Valid&quot;)" computerName="Unbutu-Ai-Chads-PC" duration="00:00:00.0001017" startTime="2025-09-13T14:01:36.8748835-04:00" endTime="2025-09-13T14:01:36.8749409-04:00" testType="13cdc9d9-ddb5-4fa4-a97d-d965ccfc6d4b" outcome="Passed" testListId="8c84fa94-04c1-424b-9868-57a2d4851a1d" relativeResultsDirectory="52fe9880-feb2-41c4-81fc-dc04ecaea7c9" />
    <UnitTestResult executionId="7c8ef26a-30e5-4644-81a3-198ec91c529b" testId="ba8d6819-dbe5-0f3d-526a-f7efd7301504" testName="WitchCityRope.Core.Tests.ValueObjects.MoneyTests.Equals_DifferentCurrency_ReturnsFalse" computerName="Unbutu-Ai-Chads-PC" duration="00:00:00.0010087" startTime="2025-09-13T14:01:36.8660732-04:00" endTime="2025-09-13T14:01:36.8702100-04:00" testType="13cdc9d9-ddb5-4fa4-a97d-d965ccfc6d4b" outcome="Passed" testListId="8c84fa94-04c1-424b-9868-57a2d4851a1d" relativeResultsDirectory="7c8ef26a-30e5-4644-81a3-198ec91c529b" />
    <UnitTestResult executionId="60067f76-5440-4dd7-8ceb-0483c79fabf7" testId="e206ec60-ba6a-86c3-283a-743b9d2de541" testName="WitchCityRope.Core.Tests.ValueObjects.SceneNameTests.Create_ValidSceneName_CreatesSuccessfully(name: &quot;Scene-Name&quot;)" computerName="Unbutu-Ai-Chads-PC" duration="00:00:00.0000069" startTime="2025-09-13T14:01:36.8753005-04:00" endTime="2025-09-13T14:01:36.8754144-04:00" testType="13cdc9d9-ddb5-4fa4-a97d-d965ccfc6d4b" outcome="Passed" testListId="8c84fa94-04c1-424b-9868-57a2d4851a1d" relativeResultsDirectory="60067f76-5440-4dd7-8ceb-0483c79fabf7" />
    <UnitTestResult executionId="7ac08e28-7c86-43bb-a9b4-3d30e5fd16a4" testId="cba69a7c-5c84-d4de-0599-cdcdb4c5885a" testName="WitchCityRope.Core.Tests.ValueObjects.MoneyTests.Equals_SameAmountAndCurrency_ReturnsTrue" computerName="Unbutu-Ai-Chads-PC" duration="00:00:00.0002221" startTime="2025-09-13T14:01:36.8861772-04:00" endTime="2025-09-13T14:01:36.8862121-04:00" testType="13cdc9d9-ddb5-4fa4-a97d-d965ccfc6d4b" outcome="Passed" testListId="8c84fa94-04c1-424b-9868-57a2d4851a1d" relativeResultsDirectory="7ac08e28-7c86-43bb-a9b4-3d30e5fd16a4" />
    <UnitTestResult executionId="180e7be5-8c69-4b82-976f-cd321a8cd4db" testId="3462bc0a-8d33-ca36-1dea-0c030b723bac" testName="WitchCityRope.Core.Tests.Entities.RegistrationTests.StatusTransitions_VariousScenarios_BehavesCorrectly(initialStatus: CheckedIn, targetStatus: Cancelled, shouldSucceed: False)" computerName="Unbutu-Ai-Chads-PC" duration="00:00:00.0105279" startTime="2025-09-13T14:01:36.8975166-04:00" endTime="2025-09-13T14:01:36.8979202-04:00" testType="13cdc9d9-ddb5-4fa4-a97d-d965ccfc6d4b" outcome="Passed" testListId="8c84fa94-04c1-424b-9868-57a2d4851a1d" relativeResultsDirectory="180e7be5-8c69-4b82-976f-cd321a8cd4db" />
    <UnitTestResult executionId="56f3a68a-fd0f-49dd-a82d-c71f73034b58" testId="2afd6f8f-09b7-0e10-bd97-8673e46b5e39" testName="WitchCityRope.Core.Tests.ValueObjects.SceneNameTests.Equals_SameNameDifferentCase_ReturnsTrue" computerName="Unbutu-Ai-Chads-PC" duration="00:00:00.0001426" startTime="2025-09-13T14:01:36.8811055-04:00" endTime="2025-09-13T14:01:36.8812355-04:00" testType="13cdc9d9-ddb5-4fa4-a97d-d965ccfc6d4b" outcome="Passed" testListId="8c84fa94-04c1-424b-9868-57a2d4851a1d" relativeResultsDirectory="56f3a68a-fd0f-49dd-a82d-c71f73034b58" />
    <UnitTestResult executionId="2aae99a0-614e-428e-90bf-eb16320e2eef" testId="7c2a786c-da36-777a-ce30-9a8d7d9f71b5" testName="WitchCityRope.Core.Tests.Entities.RegistrationTests.Cancel_AlreadyCancelled_ThrowsDomainException" computerName="Unbutu-Ai-Chads-PC" duration="00:00:00.0057214" startTime="2025-09-13T14:01:37.0786507-04:00" endTime="2025-09-13T14:01:37.0842640-04:00" testType="13cdc9d9-ddb5-4fa4-a97d-d965ccfc6d4b" outcome="Passed" testListId="8c84fa94-04c1-424b-9868-57a2d4851a1d" relativeResultsDirectory="2aae99a0-614e-428e-90bf-eb16320e2eef" />
    <UnitTestResult executionId="a5d1ce72-6f76-4906-bb01-1021e1b0eda1" testId="8d59d4a7-b732-33a6-63b7-f602524d5f67" testName="WitchCityRope.Core.Tests.ValueObjects.EmailAddressTests.TryCreate_ValidEmail_ReturnsTrue" computerName="Unbutu-Ai-Chads-PC" duration="00:00:00.0001540" startTime="2025-09-13T14:01:36.8837820-04:00" endTime="2025-09-13T14:01:36.8839356-04:00" testType="13cdc9d9-ddb5-4fa4-a97d-d965ccfc6d4b" outcome="Passed" testListId="8c84fa94-04c1-424b-9868-57a2d4851a1d" relativeResultsDirectory="a5d1ce72-6f76-4906-bb01-1021e1b0eda1" />
    <UnitTestResult executionId="56e1b6fc-ba3a-404b-b36c-a5a4bc1e8316" testId="c0556428-c4f1-258f-1a7f-499a722b016e" testName="WitchCityRope.Core.Tests.ValueObjects.EmailAddressTests.Create_InvalidFormat_ThrowsDomainException(email: &quot;user@.com&quot;)" computerName="Unbutu-Ai-Chads-PC" duration="00:00:00.0002506" startTime="2025-09-13T14:01:36.8822607-04:00" endTime="2025-09-13T14:01:36.8826498-04:00" testType="13cdc9d9-ddb5-4fa4-a97d-d965ccfc6d4b" outcome="Passed" testListId="8c84fa94-04c1-424b-9868-57a2d4851a1d" relativeResultsDirectory="56e1b6fc-ba3a-404b-b36c-a5a4bc1e8316" />
    <UnitTestResult executionId="e57e4e25-eb30-452b-b249-c72709aa5fd3" testId="cb9cb4dd-d91f-3a8b-e093-61069c975ba7" testName="WitchCityRope.Core.Tests.ValueObjects.MoneyTests.Multiply_ValidFactor_MultipliesSuccessfully(amount: 100, factor: 0.5, expected: 50)" computerName="Unbutu-Ai-Chads-PC" duration="00:00:00.0002786" startTime="2025-09-13T14:01:36.8872326-04:00" endTime="2025-09-13T14:01:36.8872664-04:00" testType="13cdc9d9-ddb5-4fa4-a97d-d965ccfc6d4b" outcome="Passed" testListId="8c84fa94-04c1-424b-9868-57a2d4851a1d" relativeResultsDirectory="e57e4e25-eb30-452b-b249-c72709aa5fd3" />
    <UnitTestResult executionId="8733bed2-3570-4567-b13f-2734ffe50ea2" testId="76502293-5fdb-4247-1645-eaa6b94012dc" testName="WitchCityRope.Core.Tests.Entities.RegistrationTests.Constructor_NullEvent_ThrowsArgumentNullException" computerName="Unbutu-Ai-Chads-PC" duration="00:00:00.0026332" startTime="2025-09-13T14:01:37.0325881-04:00" endTime="2025-09-13T14:01:37.0351416-04:00" testType="13cdc9d9-ddb5-4fa4-a97d-d965ccfc6d4b" outcome="Passed" testListId="8c84fa94-04c1-424b-9868-57a2d4851a1d" relativeResultsDirectory="8733bed2-3570-4567-b13f-2734ffe50ea2" />
    <UnitTestResult executionId="07fcbd03-52de-4c7b-b29f-047a8b151259" testId="e89f905b-b16f-0fd9-64cf-2a0e1a553eeb" testName="WitchCityRope.Core.Tests.Entities.RegistrationTests.Cancel_WithinRefundWindow_InitiatesRefund" computerName="Unbutu-Ai-Chads-PC" duration="00:00:00.0213122" startTime="2025-09-13T14:01:36.9015560-04:00" endTime="2025-09-13T14:01:36.9027423-04:00" testType="13cdc9d9-ddb5-4fa4-a97d-d965ccfc6d4b" outcome="Passed" testListId="8c84fa94-04c1-424b-9868-57a2d4851a1d" relativeResultsDirectory="07fcbd03-52de-4c7b-b29f-047a8b151259" />
    <UnitTestResult executionId="88991140-90d7-4164-b66b-6c53bbebdb90" testId="5c142862-68a4-3e0d-3caa-944a88c5d807" testName="WitchCityRope.Core.Tests.Entities.UserTests.PromoteToRole_VariousScenarios_BehavesCorrectly(currentRole: Moderator, newRole: Administrator, shouldSucceed: True)" computerName="Unbutu-Ai-Chads-PC" duration="00:00:00.0011946" startTime="2025-09-13T14:01:36.8938786-04:00" endTime="2025-09-13T14:01:36.8949403-04:00" testType="13cdc9d9-ddb5-4fa4-a97d-d965ccfc6d4b" outcome="Passed" testListId="8c84fa94-04c1-424b-9868-57a2d4851a1d" relativeResultsDirectory="88991140-90d7-4164-b66b-6c53bbebdb90" />
    <UnitTestResult executionId="1f5f8b1c-263b-4593-aff6-e2c8feaa68a5" testId="7f2a1335-3b19-3256-97d2-7c1bb7c23a93" testName="WitchCityRope.Core.Tests.ValueObjects.MoneyTests.OperatorMultiply_BothOrders_MultipliesSuccessfully" computerName="Unbutu-Ai-Chads-PC" duration="00:00:00.0002409" startTime="2025-09-13T14:01:36.8937567-04:00" endTime="2025-09-13T14:01:36.8939200-04:00" testType="13cdc9d9-ddb5-4fa4-a97d-d965ccfc6d4b" outcome="Passed" testListId="8c84fa94-04c1-424b-9868-57a2d4851a1d" relativeResultsDirectory="1f5f8b1c-263b-4593-aff6-e2c8feaa68a5" />
    <UnitTestResult executionId="bebed55f-68e8-4412-a448-6bce8a8908ca" testId="050a66e0-21ae-c17c-375d-3763e7631c09" testName="WitchCityRope.Core.Tests.ValueObjects.EmailAddressTests.GetDomain_ValidEmail_ReturnsDomain" computerName="Unbutu-Ai-Chads-PC" duration="00:00:00.0001647" startTime="2025-09-13T14:01:36.8712333-04:00" endTime="2025-09-13T14:01:36.8712771-04:00" testType="13cdc9d9-ddb5-4fa4-a97d-d965ccfc6d4b" outcome="Passed" testListId="8c84fa94-04c1-424b-9868-57a2d4851a1d" relativeResultsDirectory="bebed55f-68e8-4412-a448-6bce8a8908ca" />
  </Results>
  <TestDefinitions>
    <UnitTest name="WitchCityRope.Core.Tests.Entities.EventTests.UpdateDates_ValidFutureDates_UpdatesSuccessfully" storage="/home/chad/repos/witchcityrope-react/tests/witchcityrope.core.tests/bin/debug/net9.0/witchcityrope.core.tests.dll" id="9f763760-2f4c-fefb-9a56-8f2602c55157">
      <Execution id="3330ac9f-a76e-43d0-959d-390fdeb8809f" />
      <TestMethod codeBase="/home/chad/repos/witchcityrope-react/tests/WitchCityRope.Core.Tests/bin/Debug/net9.0/WitchCityRope.Core.Tests.dll" adapterTypeName="executor://xunit/VsTestRunner3/netcore/" className="WitchCityRope.Core.Tests.Entities.EventTests" name="UpdateDates_ValidFutureDates_UpdatesSuccessfully" />
    </UnitTest>
    <UnitTest name="WitchCityRope.Core.Tests.ValueObjects.MoneyTests.Create_ValidCurrency_CreatesSuccessfully(currency: &quot;GBP&quot;)" storage="/home/chad/repos/witchcityrope-react/tests/witchcityrope.core.tests/bin/debug/net9.0/witchcityrope.core.tests.dll" id="0e057b10-bf68-692c-a35c-76f267f90467">
      <Execution id="701dad4f-4856-4575-a172-4a04ba42ad17" />
      <TestMethod codeBase="/home/chad/repos/witchcityrope-react/tests/WitchCityRope.Core.Tests/bin/Debug/net9.0/WitchCityRope.Core.Tests.dll" adapterTypeName="executor://xunit/VsTestRunner3/netcore/" className="WitchCityRope.Core.Tests.ValueObjects.MoneyTests" name="Create_ValidCurrency_CreatesSuccessfully" />
    </UnitTest>
    <UnitTest name="WitchCityRope.Core.Tests.ValueObjects.MoneyTests.Subtract_InsufficientFunds_ThrowsDomainException" storage="/home/chad/repos/witchcityrope-react/tests/witchcityrope.core.tests/bin/debug/net9.0/witchcityrope.core.tests.dll" id="60d19a79-2c4a-6e5e-4d71-9a95960b7cd1">
      <Execution id="1a5f1bb7-df73-4f82-9e46-d1c2e84235c4" />
      <TestMethod codeBase="/home/chad/repos/witchcityrope-react/tests/WitchCityRope.Core.Tests/bin/Debug/net9.0/WitchCityRope.Core.Tests.dll" adapterTypeName="executor://xunit/VsTestRunner3/netcore/" className="WitchCityRope.Core.Tests.ValueObjects.MoneyTests" name="Subtract_InsufficientFunds_ThrowsDomainException" />
    </UnitTest>
    <UnitTest name="WitchCityRope.Core.Tests.ValueObjects.EmailAddressTests.Create_EmailExceedsMaxLength_ThrowsDomainException" storage="/home/chad/repos/witchcityrope-react/tests/witchcityrope.core.tests/bin/debug/net9.0/witchcityrope.core.tests.dll" id="5103f879-550d-fbea-5ebd-81a2562bffc5">
      <Properties>
        <Property Key="Category" Value="Unit" />
      </Properties>
      <Execution id="70e12a6b-548e-4163-a150-a0220c97e45c" />
      <TestMethod codeBase="/home/chad/repos/witchcityrope-react/tests/WitchCityRope.Core.Tests/bin/Debug/net9.0/WitchCityRope.Core.Tests.dll" adapterTypeName="executor://xunit/VsTestRunner3/netcore/" className="WitchCityRope.Core.Tests.ValueObjects.EmailAddressTests" name="Create_EmailExceedsMaxLength_ThrowsDomainException" />
    </UnitTest>
    <UnitTest name="WitchCityRope.Core.Tests.Entities.RegistrationTests.IsEligibleForRefund_VariousTimings_ReturnsCorrectResult(hoursBeforeEvent: 47.899999999999999, expectedEligible: False)" storage="/home/chad/repos/witchcityrope-react/tests/witchcityrope.core.tests/bin/debug/net9.0/witchcityrope.core.tests.dll" id="2a16daf1-9828-ac46-13aa-565928c9b938">
      <Execution id="3362717d-ce93-4374-bdfe-8997fd23440b" />
      <TestMethod codeBase="/home/chad/repos/witchcityrope-react/tests/WitchCityRope.Core.Tests/bin/Debug/net9.0/WitchCityRope.Core.Tests.dll" adapterTypeName="executor://xunit/VsTestRunner3/netcore/" className="WitchCityRope.Core.Tests.Entities.RegistrationTests" name="IsEligibleForRefund_VariousTimings_ReturnsCorrectResult" />
    </UnitTest>
    <UnitTest name="WitchCityRope.Core.Tests.ValueObjects.EmailAddressTests.Value_AlwaysLowercase(input: &quot;TEST@EXAMPLE.COM&quot;, expected: &quot;test@example.com&quot;)" storage="/home/chad/repos/witchcityrope-react/tests/witchcityrope.core.tests/bin/debug/net9.0/witchcityrope.core.tests.dll" id="e9ff79d1-7c74-ba00-c289-731f38c9ae9d">
      <Properties>
        <Property Key="Category" Value="Unit" />
      </Properties>
      <Execution id="17f196d1-9fc2-4b7d-a193-c0622e2f9cfe" />
      <TestMethod codeBase="/home/chad/repos/witchcityrope-react/tests/WitchCityRope.Core.Tests/bin/Debug/net9.0/WitchCityRope.Core.Tests.dll" adapterTypeName="executor://xunit/VsTestRunner3/netcore/" className="WitchCityRope.Core.Tests.ValueObjects.EmailAddressTests" name="Value_AlwaysLowercase" />
    </UnitTest>
    <UnitTest name="WitchCityRope.Core.Tests.ValueObjects.MoneyTests.ToDisplayString_VariousCurrencies_FormatsCorrectly(currency: &quot;GBP&quot;, expected: &quot;£10.50&quot;)" storage="/home/chad/repos/witchcityrope-react/tests/witchcityrope.core.tests/bin/debug/net9.0/witchcityrope.core.tests.dll" id="ae396dcc-673d-748e-2480-155148bbd99c">
      <Execution id="1aebd4c2-6217-4611-ab0b-fbd2eef1977a" />
      <TestMethod codeBase="/home/chad/repos/witchcityrope-react/tests/WitchCityRope.Core.Tests/bin/Debug/net9.0/WitchCityRope.Core.Tests.dll" adapterTypeName="executor://xunit/VsTestRunner3/netcore/" className="WitchCityRope.Core.Tests.ValueObjects.MoneyTests" name="ToDisplayString_VariousCurrencies_FormatsCorrectly" />
    </UnitTest>
    <UnitTest name="WitchCityRope.Core.Tests.ValueObjects.SceneNameTests.ImplicitStringConversion_ReturnsValue" storage="/home/chad/repos/witchcityrope-react/tests/witchcityrope.core.tests/bin/debug/net9.0/witchcityrope.core.tests.dll" id="d5159d6d-2952-3694-1eec-00946e14957e">
      <Execution id="147f33c8-a628-4144-bd85-430acb02e65c" />
      <TestMethod codeBase="/home/chad/repos/witchcityrope-react/tests/WitchCityRope.Core.Tests/bin/Debug/net9.0/WitchCityRope.Core.Tests.dll" adapterTypeName="executor://xunit/VsTestRunner3/netcore/" className="WitchCityRope.Core.Tests.ValueObjects.SceneNameTests" name="ImplicitStringConversion_ReturnsValue" />
    </UnitTest>
    <UnitTest name="WitchCityRope.Core.Tests.Entities.EventTests.Constructor_VariousCapacities_CreatesSuccessfully(capacity: 1000)" storage="/home/chad/repos/witchcityrope-react/tests/witchcityrope.core.tests/bin/debug/net9.0/witchcityrope.core.tests.dll" id="aa176635-c157-d6ec-5a41-2b2da25c3c08">
      <Execution id="75cd4e7d-2e40-4e08-9895-deb870a547d1" />
      <TestMethod codeBase="/home/chad/repos/witchcityrope-react/tests/WitchCityRope.Core.Tests/bin/Debug/net9.0/WitchCityRope.Core.Tests.dll" adapterTypeName="executor://xunit/VsTestRunner3/netcore/" className="WitchCityRope.Core.Tests.Entities.EventTests" name="Constructor_VariousCapacities_CreatesSuccessfully" />
    </UnitTest>
    <UnitTest name="WitchCityRope.Core.Tests.ValueObjects.SceneNameTests.Create_ValidSceneName_CreatesSuccessfully(name: &quot;SceneName&quot;)" storage="/home/chad/repos/witchcityrope-react/tests/witchcityrope.core.tests/bin/debug/net9.0/witchcityrope.core.tests.dll" id="d81728c7-49e8-e89f-b6c0-b279756a6680">
      <Execution id="0539ef74-14c8-4526-a2d8-e7dfe2f61d6b" />
      <TestMethod codeBase="/home/chad/repos/witchcityrope-react/tests/WitchCityRope.Core.Tests/bin/Debug/net9.0/WitchCityRope.Core.Tests.dll" adapterTypeName="executor://xunit/VsTestRunner3/netcore/" className="WitchCityRope.Core.Tests.ValueObjects.SceneNameTests" name="Create_ValidSceneName_CreatesSuccessfully" />
    </UnitTest>
    <UnitTest name="WitchCityRope.Core.Tests.Entities.RegistrationTests.IsEligibleForRefund_VariousTimings_ReturnsCorrectResult(hoursBeforeEvent: 49, expectedEligible: True)" storage="/home/chad/repos/witchcityrope-react/tests/witchcityrope.core.tests/bin/debug/net9.0/witchcityrope.core.tests.dll" id="6e366377-6d41-5fcc-48f5-0930249fee5e">
      <Execution id="37d7d636-b209-4956-8c1a-03c86c34d6b4" />
      <TestMethod codeBase="/home/chad/repos/witchcityrope-react/tests/WitchCityRope.Core.Tests/bin/Debug/net9.0/WitchCityRope.Core.Tests.dll" adapterTypeName="executor://xunit/VsTestRunner3/netcore/" className="WitchCityRope.Core.Tests.Entities.RegistrationTests" name="IsEligibleForRefund_VariousTimings_ReturnsCorrectResult" />
    </UnitTest>
    <UnitTest name="WitchCityRope.Core.Tests.ValueObjects.MoneyTests.OperatorMinus_SameCurrency_SubtractsSuccessfully" storage="/home/chad/repos/witchcityrope-react/tests/witchcityrope.core.tests/bin/debug/net9.0/witchcityrope.core.tests.dll" id="7d8e1bdd-5b0a-e86b-4cc6-21776e72712f">
      <Execution id="4eca65ab-d04f-4d37-8237-1182a0b686ff" />
      <TestMethod codeBase="/home/chad/repos/witchcityrope-react/tests/WitchCityRope.Core.Tests/bin/Debug/net9.0/WitchCityRope.Core.Tests.dll" adapterTypeName="executor://xunit/VsTestRunner3/netcore/" className="WitchCityRope.Core.Tests.ValueObjects.MoneyTests" name="OperatorMinus_SameCurrency_SubtractsSuccessfully" />
    </UnitTest>
    <UnitTest name="WitchCityRope.Core.Tests.ValueObjects.EmailAddressTests.Create_EmptyOrNull_ThrowsArgumentException(email: &quot; &quot;)" storage="/home/chad/repos/witchcityrope-react/tests/witchcityrope.core.tests/bin/debug/net9.0/witchcityrope.core.tests.dll" id="64df16bb-168d-b86d-0c2a-41836ed7a731">
      <Properties>
        <Property Key="Category" Value="Unit" />
      </Properties>
      <Execution id="3d6af290-c29a-4da0-8ca7-7802204c6d77" />
      <TestMethod codeBase="/home/chad/repos/witchcityrope-react/tests/WitchCityRope.Core.Tests/bin/Debug/net9.0/WitchCityRope.Core.Tests.dll" adapterTypeName="executor://xunit/VsTestRunner3/netcore/" className="WitchCityRope.Core.Tests.ValueObjects.EmailAddressTests" name="Create_EmptyOrNull_ThrowsArgumentException" />
    </UnitTest>
    <UnitTest name="WitchCityRope.Core.Tests.ValueObjects.SceneNameTests.Create_TrimsWhitespace_ButPreservesInternalSpaces(input: &quot;Trailing Space  &quot;)" storage="/home/chad/repos/witchcityrope-react/tests/witchcityrope.core.tests/bin/debug/net9.0/witchcityrope.core.tests.dll" id="aa71a203-3d80-3323-0c0d-232f4f20becc">
      <Execution id="67d1af84-c282-43b7-bf16-cabbd4e8c269" />
      <TestMethod codeBase="/home/chad/repos/witchcityrope-react/tests/WitchCityRope.Core.Tests/bin/Debug/net9.0/WitchCityRope.Core.Tests.dll" adapterTypeName="executor://xunit/VsTestRunner3/netcore/" className="WitchCityRope.Core.Tests.ValueObjects.SceneNameTests" name="Create_TrimsWhitespace_ButPreservesInternalSpaces" />
    </UnitTest>
    <UnitTest name="WitchCityRope.Core.Tests.Entities.RegistrationTests.Confirm_AlreadyConfirmed_ThrowsDomainException" storage="/home/chad/repos/witchcityrope-react/tests/witchcityrope.core.tests/bin/debug/net9.0/witchcityrope.core.tests.dll" id="438d3011-f46f-16f1-0e65-feb01a5ce604">
      <Execution id="fbe561b4-80e8-4470-8d5e-48a40982b15e" />
      <TestMethod codeBase="/home/chad/repos/witchcityrope-react/tests/WitchCityRope.Core.Tests/bin/Debug/net9.0/WitchCityRope.Core.Tests.dll" adapterTypeName="executor://xunit/VsTestRunner3/netcore/" className="WitchCityRope.Core.Tests.Entities.RegistrationTests" name="Confirm_AlreadyConfirmed_ThrowsDomainException" />
    </UnitTest>
    <UnitTest name="WitchCityRope.Core.Tests.Entities.UserTests.Constructor_NullEmail_ThrowsArgumentNullException" storage="/home/chad/repos/witchcityrope-react/tests/witchcityrope.core.tests/bin/debug/net9.0/witchcityrope.core.tests.dll" id="445b2f5b-ab0f-f41e-344b-753a5cf07080">
      <Execution id="477a1210-8b31-4070-981a-8153d9dacb0b" />
      <TestMethod codeBase="/home/chad/repos/witchcityrope-react/tests/WitchCityRope.Core.Tests/bin/Debug/net9.0/WitchCityRope.Core.Tests.dll" adapterTypeName="executor://xunit/VsTestRunner3/netcore/" className="WitchCityRope.Core.Tests.Entities.UserTests" name="Constructor_NullEmail_ThrowsArgumentNullException" />
    </UnitTest>
    <UnitTest name="WitchCityRope.Core.Tests.Entities.RegistrationTests.UpdateDietaryRestrictions_ActiveRegistration_UpdatesSuccessfully" storage="/home/chad/repos/witchcityrope-react/tests/witchcityrope.core.tests/bin/debug/net9.0/witchcityrope.core.tests.dll" id="478f96ed-2221-5007-b98f-8630532b55b1">
      <Execution id="a97e49fa-1028-4fa8-9d9c-e344cdb8d104" />
      <TestMethod codeBase="/home/chad/repos/witchcityrope-react/tests/WitchCityRope.Core.Tests/bin/Debug/net9.0/WitchCityRope.Core.Tests.dll" adapterTypeName="executor://xunit/VsTestRunner3/netcore/" className="WitchCityRope.Core.Tests.Entities.RegistrationTests" name="UpdateDietaryRestrictions_ActiveRegistration_UpdatesSuccessfully" />
    </UnitTest>
    <UnitTest name="WitchCityRope.Core.Tests.Entities.RegistrationTests.CheckIn_NotConfirmed_ThrowsDomainException" storage="/home/chad/repos/witchcityrope-react/tests/witchcityrope.core.tests/bin/debug/net9.0/witchcityrope.core.tests.dll" id="8dc4b32e-1d6e-f702-48ff-68937539ae3a">
      <Execution id="a585141a-13b8-4d1b-908b-070ad6afdde8" />
      <TestMethod codeBase="/home/chad/repos/witchcityrope-react/tests/WitchCityRope.Core.Tests/bin/Debug/net9.0/WitchCityRope.Core.Tests.dll" adapterTypeName="executor://xunit/VsTestRunner3/netcore/" className="WitchCityRope.Core.Tests.Entities.RegistrationTests" name="CheckIn_NotConfirmed_ThrowsDomainException" />
    </UnitTest>
    <UnitTest name="WitchCityRope.Core.Tests.Entities.RegistrationTests.UpdateAccessibilityNeeds_ActiveRegistration_UpdatesSuccessfully" storage="/home/chad/repos/witchcityrope-react/tests/witchcityrope.core.tests/bin/debug/net9.0/witchcityrope.core.tests.dll" id="0faa10f1-9b22-e3b7-c9cf-4a05f411e7a0">
      <Execution id="031977a4-b2ef-477e-b043-033f8b8a4633" />
      <TestMethod codeBase="/home/chad/repos/witchcityrope-react/tests/WitchCityRope.Core.Tests/bin/Debug/net9.0/WitchCityRope.Core.Tests.dll" adapterTypeName="executor://xunit/VsTestRunner3/netcore/" className="WitchCityRope.Core.Tests.Entities.RegistrationTests" name="UpdateAccessibilityNeeds_ActiveRegistration_UpdatesSuccessfully" />
    </UnitTest>
    <UnitTest name="WitchCityRope.Core.Tests.ValueObjects.EmailAddressTests.Create_InvalidFormat_ThrowsDomainException(email: &quot;@example.com&quot;)" storage="/home/chad/repos/witchcityrope-react/tests/witchcityrope.core.tests/bin/debug/net9.0/witchcityrope.core.tests.dll" id="1a4abce9-2b87-de2e-da5a-1c629644c66e">
      <Properties>
        <Property Key="Category" Value="Unit" />
      </Properties>
      <Execution id="67d4bd24-da9e-4a85-8534-b81da4fd6b28" />
      <TestMethod codeBase="/home/chad/repos/witchcityrope-react/tests/WitchCityRope.Core.Tests/bin/Debug/net9.0/WitchCityRope.Core.Tests.dll" adapterTypeName="executor://xunit/VsTestRunner3/netcore/" className="WitchCityRope.Core.Tests.ValueObjects.EmailAddressTests" name="Create_InvalidFormat_ThrowsDomainException" />
    </UnitTest>
    <UnitTest name="WitchCityRope.Core.Tests.Entities.EventTests.Constructor_ZeroCapacity_ThrowsDomainException" storage="/home/chad/repos/witchcityrope-react/tests/witchcityrope.core.tests/bin/debug/net9.0/witchcityrope.core.tests.dll" id="bf813ab1-328d-8105-78c5-bea3e40472ac">
      <Execution id="61315d33-fc99-417a-94f6-fcde5ef0d4a4" />
      <TestMethod codeBase="/home/chad/repos/witchcityrope-react/tests/WitchCityRope.Core.Tests/bin/Debug/net9.0/WitchCityRope.Core.Tests.dll" adapterTypeName="executor://xunit/VsTestRunner3/netcore/" className="WitchCityRope.Core.Tests.Entities.EventTests" name="Constructor_ZeroCapacity_ThrowsDomainException" />
    </UnitTest>
    <UnitTest name="WitchCityRope.Core.Tests.ValueObjects.MoneyTests.Create_ValidCurrency_CreatesSuccessfully(currency: &quot;CAD&quot;)" storage="/home/chad/repos/witchcityrope-react/tests/witchcityrope.core.tests/bin/debug/net9.0/witchcityrope.core.tests.dll" id="c13be69c-9ab3-60d1-faea-fc8d33dba310">
      <Execution id="d152ca13-7927-462a-bdd0-63c86e93d118" />
      <TestMethod codeBase="/home/chad/repos/witchcityrope-react/tests/WitchCityRope.Core.Tests/bin/Debug/net9.0/WitchCityRope.Core.Tests.dll" adapterTypeName="executor://xunit/VsTestRunner3/netcore/" className="WitchCityRope.Core.Tests.ValueObjects.MoneyTests" name="Create_ValidCurrency_CreatesSuccessfully" />
    </UnitTest>
    <UnitTest name="WitchCityRope.Core.Tests.ValueObjects.SceneNameTests.CaseInsensitiveComparison_WorksCorrectly(name1: &quot;Scene Name&quot;, name2: &quot;scene name&quot;)" storage="/home/chad/repos/witchcityrope-react/tests/witchcityrope.core.tests/bin/debug/net9.0/witchcityrope.core.tests.dll" id="2f21a058-e21f-cf4b-831f-a132a3f4eafc">
      <Execution id="02d2d602-d3da-4bf6-9777-35a95ab62af6" />
      <TestMethod codeBase="/home/chad/repos/witchcityrope-react/tests/WitchCityRope.Core.Tests/bin/Debug/net9.0/WitchCityRope.Core.Tests.dll" adapterTypeName="executor://xunit/VsTestRunner3/netcore/" className="WitchCityRope.Core.Tests.ValueObjects.SceneNameTests" name="CaseInsensitiveComparison_WorksCorrectly" />
    </UnitTest>
    <UnitTest name="WitchCityRope.Core.Tests.ValueObjects.MoneyTests.Create_ValidAmount_CreatesSuccessfully(amount: 9999.99)" storage="/home/chad/repos/witchcityrope-react/tests/witchcityrope.core.tests/bin/debug/net9.0/witchcityrope.core.tests.dll" id="38d6e065-1a55-e71e-b81e-ae9ea067e84e">
      <Execution id="cdfe78ac-38e0-4738-9b22-97034c2a23b5" />
      <TestMethod codeBase="/home/chad/repos/witchcityrope-react/tests/WitchCityRope.Core.Tests/bin/Debug/net9.0/WitchCityRope.Core.Tests.dll" adapterTypeName="executor://xunit/VsTestRunner3/netcore/" className="WitchCityRope.Core.Tests.ValueObjects.MoneyTests" name="Create_ValidAmount_CreatesSuccessfully" />
    </UnitTest>
    <UnitTest name="WitchCityRope.Core.Tests.Entities.UserTests.UpdateSceneName_ValidSceneName_UpdatesSuccessfully" storage="/home/chad/repos/witchcityrope-react/tests/witchcityrope.core.tests/bin/debug/net9.0/witchcityrope.core.tests.dll" id="5a455a12-fe5d-d76b-6701-c651d0901ce0">
      <Execution id="d2cdb7e0-19e1-4509-960b-c76535ed0302" />
      <TestMethod codeBase="/home/chad/repos/witchcityrope-react/tests/WitchCityRope.Core.Tests/bin/Debug/net9.0/WitchCityRope.Core.Tests.dll" adapterTypeName="executor://xunit/VsTestRunner3/netcore/" className="WitchCityRope.Core.Tests.Entities.UserTests" name="UpdateSceneName_ValidSceneName_UpdatesSuccessfully" />
    </UnitTest>
    <UnitTest name="WitchCityRope.Core.Tests.Entities.RegistrationTests.UpdateAccessibilityNeeds_CancelledRegistration_ThrowsDomainException" storage="/home/chad/repos/witchcityrope-react/tests/witchcityrope.core.tests/bin/debug/net9.0/witchcityrope.core.tests.dll" id="83b03134-a341-7baa-1ddc-e73e42ca0f1e">
      <Execution id="fa17fe90-f82e-4c02-8e27-c1aebffe7941" />
      <TestMethod codeBase="/home/chad/repos/witchcityrope-react/tests/WitchCityRope.Core.Tests/bin/Debug/net9.0/WitchCityRope.Core.Tests.dll" adapterTypeName="executor://xunit/VsTestRunner3/netcore/" className="WitchCityRope.Core.Tests.Entities.RegistrationTests" name="UpdateAccessibilityNeeds_CancelledRegistration_ThrowsDomainException" />
    </UnitTest>
    <UnitTest name="WitchCityRope.Core.Tests.ValueObjects.MoneyTests.Create_ValidAmount_CreatesSuccessfully(amount: 0)" storage="/home/chad/repos/witchcityrope-react/tests/witchcityrope.core.tests/bin/debug/net9.0/witchcityrope.core.tests.dll" id="615864e0-c790-9bed-1d05-9dd7ad15c39e">
      <Execution id="9e1e2e7b-0bf3-4d70-96cc-cc9f8b3e951b" />
      <TestMethod codeBase="/home/chad/repos/witchcityrope-react/tests/WitchCityRope.Core.Tests/bin/Debug/net9.0/WitchCityRope.Core.Tests.dll" adapterTypeName="executor://xunit/VsTestRunner3/netcore/" className="WitchCityRope.Core.Tests.ValueObjects.MoneyTests" name="Create_ValidAmount_CreatesSuccessfully" />
    </UnitTest>
    <UnitTest name="WitchCityRope.Core.Tests.Entities.RegistrationTests.Cancel_AfterCheckIn_ThrowsDomainException" storage="/home/chad/repos/witchcityrope-react/tests/witchcityrope.core.tests/bin/debug/net9.0/witchcityrope.core.tests.dll" id="8d20f875-f9f1-f972-48ca-5f006dd2b59b">
      <Execution id="0c7d2038-c6e0-480a-ba7d-21ca2fc3521f" />
      <TestMethod codeBase="/home/chad/repos/witchcityrope-react/tests/WitchCityRope.Core.Tests/bin/Debug/net9.0/WitchCityRope.Core.Tests.dll" adapterTypeName="executor://xunit/VsTestRunner3/netcore/" className="WitchCityRope.Core.Tests.Entities.RegistrationTests" name="Cancel_AfterCheckIn_ThrowsDomainException" />
    </UnitTest>
    <UnitTest name="WitchCityRope.Core.Tests.Entities.RegistrationTests.Constructor_ValidData_CreatesRegistration" storage="/home/chad/repos/witchcityrope-react/tests/witchcityrope.core.tests/bin/debug/net9.0/witchcityrope.core.tests.dll" id="4456710a-57c1-169e-c51f-6d26dac4e142">
      <Execution id="985deeff-8404-4347-8ea3-ff0384651855" />
      <TestMethod codeBase="/home/chad/repos/witchcityrope-react/tests/WitchCityRope.Core.Tests/bin/Debug/net9.0/WitchCityRope.Core.Tests.dll" adapterTypeName="executor://xunit/VsTestRunner3/netcore/" className="WitchCityRope.Core.Tests.Entities.RegistrationTests" name="Constructor_ValidData_CreatesRegistration" />
    </UnitTest>
    <UnitTest name="WitchCityRope.Core.Tests.Entities.UserTests.PromoteToRole_VariousScenarios_BehavesCorrectly(currentRole: Member, newRole: Organizer, shouldSucceed: True)" storage="/home/chad/repos/witchcityrope-react/tests/witchcityrope.core.tests/bin/debug/net9.0/witchcityrope.core.tests.dll" id="0956fa5d-4aed-486e-f7dc-84f44811deb3">
      <Execution id="39d8bdf2-071e-45d1-bdc2-6a5318708c79" />
      <TestMethod codeBase="/home/chad/repos/witchcityrope-react/tests/WitchCityRope.Core.Tests/bin/Debug/net9.0/WitchCityRope.Core.Tests.dll" adapterTypeName="executor://xunit/VsTestRunner3/netcore/" className="WitchCityRope.Core.Tests.Entities.UserTests" name="PromoteToRole_VariousScenarios_BehavesCorrectly" />
    </UnitTest>
    <UnitTest name="WitchCityRope.Core.Tests.Entities.EventTests.Constructor_NoPricingTiers_ThrowsDomainException" storage="/home/chad/repos/witchcityrope-react/tests/witchcityrope.core.tests/bin/debug/net9.0/witchcityrope.core.tests.dll" id="cb2ec5a2-32db-52c0-a6a1-934dccc75132">
      <Execution id="19bbf3bd-82b6-41e2-a0bf-fc75dd5a6a1d" />
      <TestMethod codeBase="/home/chad/repos/witchcityrope-react/tests/WitchCityRope.Core.Tests/bin/Debug/net9.0/WitchCityRope.Core.Tests.dll" adapterTypeName="executor://xunit/VsTestRunner3/netcore/" className="WitchCityRope.Core.Tests.Entities.EventTests" name="Constructor_NoPricingTiers_ThrowsDomainException" />
    </UnitTest>
    <UnitTest name="WitchCityRope.Core.Tests.Entities.RegistrationTests.Constructor_InvalidPrice_ThrowsDomainException" storage="/home/chad/repos/witchcityrope-react/tests/witchcityrope.core.tests/bin/debug/net9.0/witchcityrope.core.tests.dll" id="252a288d-ed9d-192f-9ca0-2b8477995f8a">
      <Execution id="1b94e6c5-3772-4445-9e07-ffbfb1d6bce1" />
      <TestMethod codeBase="/home/chad/repos/witchcityrope-react/tests/WitchCityRope.Core.Tests/bin/Debug/net9.0/WitchCityRope.Core.Tests.dll" adapterTypeName="executor://xunit/VsTestRunner3/netcore/" className="WitchCityRope.Core.Tests.Entities.RegistrationTests" name="Constructor_InvalidPrice_ThrowsDomainException" />
    </UnitTest>
    <UnitTest name="WitchCityRope.Core.Tests.Entities.EventTests.RemoveOrganizer_LastOrganizer_ThrowsDomainException" storage="/home/chad/repos/witchcityrope-react/tests/witchcityrope.core.tests/bin/debug/net9.0/witchcityrope.core.tests.dll" id="ed1ab1b0-e0da-f61a-8479-70793f974089">
      <Execution id="b2cada68-865b-4a1d-b5d5-1d54fa5218d3" />
      <TestMethod codeBase="/home/chad/repos/witchcityrope-react/tests/WitchCityRope.Core.Tests/bin/Debug/net9.0/WitchCityRope.Core.Tests.dll" adapterTypeName="executor://xunit/VsTestRunner3/netcore/" className="WitchCityRope.Core.Tests.Entities.EventTests" name="RemoveOrganizer_LastOrganizer_ThrowsDomainException" />
    </UnitTest>
    <UnitTest name="WitchCityRope.Core.Tests.ValueObjects.EmailAddressTests.Create_EmptyOrNull_ThrowsArgumentException(email: &quot;&quot;)" storage="/home/chad/repos/witchcityrope-react/tests/witchcityrope.core.tests/bin/debug/net9.0/witchcityrope.core.tests.dll" id="9af443ab-4057-65b9-7737-294b29e1ff0f">
      <Properties>
        <Property Key="Category" Value="Unit" />
      </Properties>
      <Execution id="707ccad6-4c04-4687-b9b1-4be31c42b83b" />
      <TestMethod codeBase="/home/chad/repos/witchcityrope-react/tests/WitchCityRope.Core.Tests/bin/Debug/net9.0/WitchCityRope.Core.Tests.dll" adapterTypeName="executor://xunit/VsTestRunner3/netcore/" className="WitchCityRope.Core.Tests.ValueObjects.EmailAddressTests" name="Create_EmptyOrNull_ThrowsArgumentException" />
    </UnitTest>
    <UnitTest name="WitchCityRope.Core.Tests.ValueObjects.SceneNameTests.Create_SingleCharacter_ThrowsDomainException" storage="/home/chad/repos/witchcityrope-react/tests/witchcityrope.core.tests/bin/debug/net9.0/witchcityrope.core.tests.dll" id="c774f67f-9417-304b-9fb5-ba0ee243e9da">
      <Execution id="8932c72f-462d-4e9a-8a06-fd0a08cc6b46" />
      <TestMethod codeBase="/home/chad/repos/witchcityrope-react/tests/WitchCityRope.Core.Tests/bin/Debug/net9.0/WitchCityRope.Core.Tests.dll" adapterTypeName="executor://xunit/VsTestRunner3/netcore/" className="WitchCityRope.Core.Tests.ValueObjects.SceneNameTests" name="Create_SingleCharacter_ThrowsDomainException" />
    </UnitTest>
    <UnitTest name="WitchCityRope.Core.Tests.ValueObjects.MoneyTests.CompareTo_DifferentCurrency_ThrowsInvalidOperationException" storage="/home/chad/repos/witchcityrope-react/tests/witchcityrope.core.tests/bin/debug/net9.0/witchcityrope.core.tests.dll" id="a273b370-2d95-b550-7a4f-799e4a38d75a">
      <Execution id="c63f4602-b148-4eb8-81a8-bff66d8cdba0" />
      <TestMethod codeBase="/home/chad/repos/witchcityrope-react/tests/WitchCityRope.Core.Tests/bin/Debug/net9.0/WitchCityRope.Core.Tests.dll" adapterTypeName="executor://xunit/VsTestRunner3/netcore/" className="WitchCityRope.Core.Tests.ValueObjects.MoneyTests" name="CompareTo_DifferentCurrency_ThrowsInvalidOperationException" />
    </UnitTest>
    <UnitTest name="WitchCityRope.Core.Tests.ValueObjects.EmailAddressTests.Create_EmptyOrNull_ThrowsArgumentException(email: null)" storage="/home/chad/repos/witchcityrope-react/tests/witchcityrope.core.tests/bin/debug/net9.0/witchcityrope.core.tests.dll" id="b8255f44-88d8-5031-490d-d1db53977af2">
      <Properties>
        <Property Key="Category" Value="Unit" />
      </Properties>
      <Execution id="4dd3d4c3-c79e-4b40-962f-aec93c43c465" />
      <TestMethod codeBase="/home/chad/repos/witchcityrope-react/tests/WitchCityRope.Core.Tests/bin/Debug/net9.0/WitchCityRope.Core.Tests.dll" adapterTypeName="executor://xunit/VsTestRunner3/netcore/" className="WitchCityRope.Core.Tests.ValueObjects.EmailAddressTests" name="Create_EmptyOrNull_ThrowsArgumentException" />
    </UnitTest>
    <UnitTest name="WitchCityRope.Core.Tests.ValueObjects.MoneyTests.Create_ValidCurrency_CreatesSuccessfully(currency: &quot;USD&quot;)" storage="/home/chad/repos/witchcityrope-react/tests/witchcityrope.core.tests/bin/debug/net9.0/witchcityrope.core.tests.dll" id="b02692b3-9a02-e92f-7382-524711238591">
      <Execution id="1ffff3b3-668e-483b-a9c2-a4e22b26d527" />
      <TestMethod codeBase="/home/chad/repos/witchcityrope-react/tests/WitchCityRope.Core.Tests/bin/Debug/net9.0/WitchCityRope.Core.Tests.dll" adapterTypeName="executor://xunit/VsTestRunner3/netcore/" className="WitchCityRope.Core.Tests.ValueObjects.MoneyTests" name="Create_ValidCurrency_CreatesSuccessfully" />
    </UnitTest>
    <UnitTest name="WitchCityRope.Core.Tests.ValueObjects.EmailAddressTests.DisplayValue_PreservesOriginalCase(input: &quot;Test@Example.Com&quot;, expected: &quot;Test@Example.Com&quot;)" storage="/home/chad/repos/witchcityrope-react/tests/witchcityrope.core.tests/bin/debug/net9.0/witchcityrope.core.tests.dll" id="602812ce-9acf-c63f-3d9e-ab7e38da8bfb">
      <Properties>
        <Property Key="Category" Value="Unit" />
      </Properties>
      <Execution id="a961a878-cc52-42b5-a19f-70f03197fe1a" />
      <TestMethod codeBase="/home/chad/repos/witchcityrope-react/tests/WitchCityRope.Core.Tests/bin/Debug/net9.0/WitchCityRope.Core.Tests.dll" adapterTypeName="executor://xunit/VsTestRunner3/netcore/" className="WitchCityRope.Core.Tests.ValueObjects.EmailAddressTests" name="DisplayValue_PreservesOriginalCase" />
    </UnitTest>
    <UnitTest name="WitchCityRope.Core.Tests.ValueObjects.MoneyTests.Create_InvalidCurrencyLength_ThrowsDomainException(currency: &quot;US&quot;)" storage="/home/chad/repos/witchcityrope-react/tests/witchcityrope.core.tests/bin/debug/net9.0/witchcityrope.core.tests.dll" id="dbc99f96-723f-5c76-60ae-bc8aeab3b6c9">
      <Execution id="94dbb017-4ca8-47e7-b553-11eacde1ec59" />
      <TestMethod codeBase="/home/chad/repos/witchcityrope-react/tests/WitchCityRope.Core.Tests/bin/Debug/net9.0/WitchCityRope.Core.Tests.dll" adapterTypeName="executor://xunit/VsTestRunner3/netcore/" className="WitchCityRope.Core.Tests.ValueObjects.MoneyTests" name="Create_InvalidCurrencyLength_ThrowsDomainException" />
    </UnitTest>
    <UnitTest name="WitchCityRope.Core.Tests.ValueObjects.SceneNameTests.Equals_DifferentNames_ReturnsFalse" storage="/home/chad/repos/witchcityrope-react/tests/witchcityrope.core.tests/bin/debug/net9.0/witchcityrope.core.tests.dll" id="347519fa-20da-2415-a333-db65c694b8f6">
      <Execution id="98084ca8-3832-4dd0-ad6a-35f2fa5b5d2e" />
      <TestMethod codeBase="/home/chad/repos/witchcityrope-react/tests/WitchCityRope.Core.Tests/bin/Debug/net9.0/WitchCityRope.Core.Tests.dll" adapterTypeName="executor://xunit/VsTestRunner3/netcore/" className="WitchCityRope.Core.Tests.ValueObjects.SceneNameTests" name="Equals_DifferentNames_ReturnsFalse" />
    </UnitTest>
    <UnitTest name="WitchCityRope.Core.Tests.Entities.UserTests.Registrations_NewUser_ReturnsEmptyCollection" storage="/home/chad/repos/witchcityrope-react/tests/witchcityrope.core.tests/bin/debug/net9.0/witchcityrope.core.tests.dll" id="5527d0db-ca8b-e7da-08c4-922b907c4840">
      <Execution id="893fe0aa-9e71-4043-92a9-2a604a92e7be" />
      <TestMethod codeBase="/home/chad/repos/witchcityrope-react/tests/WitchCityRope.Core.Tests/bin/Debug/net9.0/WitchCityRope.Core.Tests.dll" adapterTypeName="executor://xunit/VsTestRunner3/netcore/" className="WitchCityRope.Core.Tests.Entities.UserTests" name="Registrations_NewUser_ReturnsEmptyCollection" />
    </UnitTest>
    <UnitTest name="WitchCityRope.Core.Tests.Entities.EventTests.Constructor_NegativeCapacity_ThrowsDomainException" storage="/home/chad/repos/witchcityrope-react/tests/witchcityrope.core.tests/bin/debug/net9.0/witchcityrope.core.tests.dll" id="7d873735-73f3-afa9-1dba-8902862c0ad8">
      <Execution id="cbb511c2-b545-4cbc-b84a-dd3489935aee" />
      <TestMethod codeBase="/home/chad/repos/witchcityrope-react/tests/WitchCityRope.Core.Tests/bin/Debug/net9.0/WitchCityRope.Core.Tests.dll" adapterTypeName="executor://xunit/VsTestRunner3/netcore/" className="WitchCityRope.Core.Tests.Entities.EventTests" name="Constructor_NegativeCapacity_ThrowsDomainException" />
    </UnitTest>
    <UnitTest name="WitchCityRope.Core.Tests.ValueObjects.MoneyTests.Multiply_ValidFactor_MultipliesSuccessfully(amount: 10.5, factor: 3, expected: 31.5)" storage="/home/chad/repos/witchcityrope-react/tests/witchcityrope.core.tests/bin/debug/net9.0/witchcityrope.core.tests.dll" id="574c936a-97e8-6930-d3e3-ee56b6e1968d">
      <Execution id="47593f8f-11bf-4556-9bff-a9e4ade5da0b" />
      <TestMethod codeBase="/home/chad/repos/witchcityrope-react/tests/WitchCityRope.Core.Tests/bin/Debug/net9.0/WitchCityRope.Core.Tests.dll" adapterTypeName="executor://xunit/VsTestRunner3/netcore/" className="WitchCityRope.Core.Tests.ValueObjects.MoneyTests" name="Multiply_ValidFactor_MultipliesSuccessfully" />
    </UnitTest>
    <UnitTest name="WitchCityRope.Core.Tests.ValueObjects.EmailAddressTests.TryCreate_ValidEmail_ReturnsTrue" storage="/home/chad/repos/witchcityrope-react/tests/witchcityrope.core.tests/bin/debug/net9.0/witchcityrope.core.tests.dll" id="8d59d4a7-b732-33a6-63b7-f602524d5f67">
      <Properties>
        <Property Key="Category" Value="Unit" />
      </Properties>
      <Execution id="a5d1ce72-6f76-4906-bb01-1021e1b0eda1" />
      <TestMethod codeBase="/home/chad/repos/witchcityrope-react/tests/WitchCityRope.Core.Tests/bin/Debug/net9.0/WitchCityRope.Core.Tests.dll" adapterTypeName="executor://xunit/VsTestRunner3/netcore/" className="WitchCityRope.Core.Tests.ValueObjects.EmailAddressTests" name="TryCreate_ValidEmail_ReturnsTrue" />
    </UnitTest>
    <UnitTest name="WitchCityRope.Core.Tests.Entities.RegistrationTests.Constructor_NullUser_ThrowsArgumentNullException" storage="/home/chad/repos/witchcityrope-react/tests/witchcityrope.core.tests/bin/debug/net9.0/witchcityrope.core.tests.dll" id="91f4eb05-11bd-5689-aac1-bef8fa038320">
      <Execution id="b2ad1d64-9ce4-4f9b-82e0-ad457befa576" />
      <TestMethod codeBase="/home/chad/repos/witchcityrope-react/tests/WitchCityRope.Core.Tests/bin/Debug/net9.0/WitchCityRope.Core.Tests.dll" adapterTypeName="executor://xunit/VsTestRunner3/netcore/" className="WitchCityRope.Core.Tests.Entities.RegistrationTests" name="Constructor_NullUser_ThrowsArgumentNullException" />
    </UnitTest>
    <UnitTest name="WitchCityRope.Core.Tests.ValueObjects.SceneNameTests.Create_ExceedsMaxLength_ThrowsDomainException" storage="/home/chad/repos/witchcityrope-react/tests/witchcityrope.core.tests/bin/debug/net9.0/witchcityrope.core.tests.dll" id="bb63d3b1-377d-9b8b-04fd-78b169853397">
      <Execution id="9bce06e6-dd9a-419d-b662-48d084d5240c" />
      <TestMethod codeBase="/home/chad/repos/witchcityrope-react/tests/WitchCityRope.Core.Tests/bin/Debug/net9.0/WitchCityRope.Core.Tests.dll" adapterTypeName="executor://xunit/VsTestRunner3/netcore/" className="WitchCityRope.Core.Tests.ValueObjects.SceneNameTests" name="Create_ExceedsMaxLength_ThrowsDomainException" />
    </UnitTest>
    <UnitTest name="WitchCityRope.Core.Tests.ValueObjects.EmailAddressTests.Create_InvalidFormat_ThrowsDomainException(email: &quot;user name@example.com&quot;)" storage="/home/chad/repos/witchcityrope-react/tests/witchcityrope.core.tests/bin/debug/net9.0/witchcityrope.core.tests.dll" id="fab29629-ecda-5b7c-a197-ec8aaf8cb2b1">
      <Properties>
        <Property Key="Category" Value="Unit" />
      </Properties>
      <Execution id="d7fccdc5-a8b0-4988-8ed2-ffa5b34af96b" />
      <TestMethod codeBase="/home/chad/repos/witchcityrope-react/tests/WitchCityRope.Core.Tests/bin/Debug/net9.0/WitchCityRope.Core.Tests.dll" adapterTypeName="executor://xunit/VsTestRunner3/netcore/" className="WitchCityRope.Core.Tests.ValueObjects.EmailAddressTests" name="Create_InvalidFormat_ThrowsDomainException" />
    </UnitTest>
    <UnitTest name="WitchCityRope.Core.Tests.ValueObjects.EmailAddressTests.Create_ValidEmail_CreatesSuccessfully(email: &quot;user.name@example.com&quot;)" storage="/home/chad/repos/witchcityrope-react/tests/witchcityrope.core.tests/bin/debug/net9.0/witchcityrope.core.tests.dll" id="0ff1a7b2-6bb9-42a4-2271-8b9a55b04a36">
      <Properties>
        <Property Key="Category" Value="Unit" />
      </Properties>
      <Execution id="10d5b4a4-9d04-4e34-87f0-cdfec260ceae" />
      <TestMethod codeBase="/home/chad/repos/witchcityrope-react/tests/WitchCityRope.Core.Tests/bin/Debug/net9.0/WitchCityRope.Core.Tests.dll" adapterTypeName="executor://xunit/VsTestRunner3/netcore/" className="WitchCityRope.Core.Tests.ValueObjects.EmailAddressTests" name="Create_ValidEmail_CreatesSuccessfully" />
    </UnitTest>
    <UnitTest name="WitchCityRope.Core.Tests.ValueObjects.SceneNameTests.Create_ExactlyMinLength_CreatesSuccessfully" storage="/home/chad/repos/witchcityrope-react/tests/witchcityrope.core.tests/bin/debug/net9.0/witchcityrope.core.tests.dll" id="03fa85b2-43b0-99e5-97e9-18bd4cd6c123">
      <Execution id="b057ab56-6cb2-4c3d-ac47-df6a13f472a4" />
      <TestMethod codeBase="/home/chad/repos/witchcityrope-react/tests/WitchCityRope.Core.Tests/bin/Debug/net9.0/WitchCityRope.Core.Tests.dll" adapterTypeName="executor://xunit/VsTestRunner3/netcore/" className="WitchCityRope.Core.Tests.ValueObjects.SceneNameTests" name="Create_ExactlyMinLength_CreatesSuccessfully" />
    </UnitTest>
    <UnitTest name="WitchCityRope.Core.Tests.ValueObjects.MoneyTests.Create_EmptyCurrency_ThrowsArgumentException(currency: null)" storage="/home/chad/repos/witchcityrope-react/tests/witchcityrope.core.tests/bin/debug/net9.0/witchcityrope.core.tests.dll" id="c85d19fa-2a2d-a911-c9ff-d701b01bca76">
      <Execution id="218f7a4e-4e76-4128-a841-7b797928fbdb" />
      <TestMethod codeBase="/home/chad/repos/witchcityrope-react/tests/WitchCityRope.Core.Tests/bin/Debug/net9.0/WitchCityRope.Core.Tests.dll" adapterTypeName="executor://xunit/VsTestRunner3/netcore/" className="WitchCityRope.Core.Tests.ValueObjects.MoneyTests" name="Create_EmptyCurrency_ThrowsArgumentException" />
    </UnitTest>
    <UnitTest name="WitchCityRope.Core.Tests.Entities.UserTests.Constructor_ValidData_CreatesUser" storage="/home/chad/repos/witchcityrope-react/tests/witchcityrope.core.tests/bin/debug/net9.0/witchcityrope.core.tests.dll" id="9be31e2b-f3e8-8c08-dd98-d5e45bfef077">
      <Execution id="9c5121e4-2169-4e53-9d21-0956cdda49c5" />
      <TestMethod codeBase="/home/chad/repos/witchcityrope-react/tests/WitchCityRope.Core.Tests/bin/Debug/net9.0/WitchCityRope.Core.Tests.dll" adapterTypeName="executor://xunit/VsTestRunner3/netcore/" className="WitchCityRope.Core.Tests.Entities.UserTests" name="Constructor_ValidData_CreatesUser" />
    </UnitTest>
    <UnitTest name="WitchCityRope.Core.Tests.Entities.EventTests.GetAvailableSpots_FullCapacity_ReturnsCapacity" storage="/home/chad/repos/witchcityrope-react/tests/witchcityrope.core.tests/bin/debug/net9.0/witchcityrope.core.tests.dll" id="7cfbf625-df92-ef50-1f46-50f40c1d104f">
      <Execution id="be514a49-a1af-4f48-ae4e-071b64d1bc53" />
      <TestMethod codeBase="/home/chad/repos/witchcityrope-react/tests/WitchCityRope.Core.Tests/bin/Debug/net9.0/WitchCityRope.Core.Tests.dll" adapterTypeName="executor://xunit/VsTestRunner3/netcore/" className="WitchCityRope.Core.Tests.Entities.EventTests" name="GetAvailableSpots_FullCapacity_ReturnsCapacity" />
    </UnitTest>
    <UnitTest name="WitchCityRope.Core.Tests.Entities.UserTests.Constructor_UnderageUser_ThrowsDomainException" storage="/home/chad/repos/witchcityrope-react/tests/witchcityrope.core.tests/bin/debug/net9.0/witchcityrope.core.tests.dll" id="f7294f44-14ca-4699-6daa-7c708f502a76">
      <Execution id="88068d57-52ac-4add-82c0-5fc5f7850ff6" />
      <TestMethod codeBase="/home/chad/repos/witchcityrope-react/tests/WitchCityRope.Core.Tests/bin/Debug/net9.0/WitchCityRope.Core.Tests.dll" adapterTypeName="executor://xunit/VsTestRunner3/netcore/" className="WitchCityRope.Core.Tests.Entities.UserTests" name="Constructor_UnderageUser_ThrowsDomainException" />
    </UnitTest>
    <UnitTest name="WitchCityRope.Core.Tests.ValueObjects.MoneyTests.Create_InvalidCurrencyLength_ThrowsDomainException(currency: &quot;USDD&quot;)" storage="/home/chad/repos/witchcityrope-react/tests/witchcityrope.core.tests/bin/debug/net9.0/witchcityrope.core.tests.dll" id="070a6f14-3a30-3377-c694-35b4f6e518ef">
      <Execution id="fe758fe6-ff82-4771-8806-dc2685722581" />
      <TestMethod codeBase="/home/chad/repos/witchcityrope-react/tests/WitchCityRope.Core.Tests/bin/Debug/net9.0/WitchCityRope.Core.Tests.dll" adapterTypeName="executor://xunit/VsTestRunner3/netcore/" className="WitchCityRope.Core.Tests.ValueObjects.MoneyTests" name="Create_InvalidCurrencyLength_ThrowsDomainException" />
    </UnitTest>
    <UnitTest name="WitchCityRope.Core.Tests.Entities.RegistrationTests.Constructor_NullEvent_ThrowsArgumentNullException" storage="/home/chad/repos/witchcityrope-react/tests/witchcityrope.core.tests/bin/debug/net9.0/witchcityrope.core.tests.dll" id="76502293-5fdb-4247-1645-eaa6b94012dc">
      <Execution id="8733bed2-3570-4567-b13f-2734ffe50ea2" />
      <TestMethod codeBase="/home/chad/repos/witchcityrope-react/tests/WitchCityRope.Core.Tests/bin/Debug/net9.0/WitchCityRope.Core.Tests.dll" adapterTypeName="executor://xunit/VsTestRunner3/netcore/" className="WitchCityRope.Core.Tests.Entities.RegistrationTests" name="Constructor_NullEvent_ThrowsArgumentNullException" />
    </UnitTest>
    <UnitTest name="WitchCityRope.Core.Tests.ValueObjects.MoneyTests.Create_NumericCurrency_ThrowsDomainException" storage="/home/chad/repos/witchcityrope-react/tests/witchcityrope.core.tests/bin/debug/net9.0/witchcityrope.core.tests.dll" id="36ce1916-f738-bf06-e525-9bcb167b94be">
      <Execution id="a4897bd4-9414-4c28-a45e-738fa5340a28" />
      <TestMethod codeBase="/home/chad/repos/witchcityrope-react/tests/WitchCityRope.Core.Tests/bin/Debug/net9.0/WitchCityRope.Core.Tests.dll" adapterTypeName="executor://xunit/VsTestRunner3/netcore/" className="WitchCityRope.Core.Tests.ValueObjects.MoneyTests" name="Create_NumericCurrency_ThrowsDomainException" />
    </UnitTest>
    <UnitTest name="WitchCityRope.Core.Tests.ValueObjects.EmailAddressTests.Create_ValidEmail_CreatesSuccessfully(email: &quot;test123@subdomain.example.com&quot;)" storage="/home/chad/repos/witchcityrope-react/tests/witchcityrope.core.tests/bin/debug/net9.0/witchcityrope.core.tests.dll" id="8122439b-37fb-4922-97ba-e403cc364eed">
      <Properties>
        <Property Key="Category" Value="Unit" />
      </Properties>
      <Execution id="9087ae3a-bf18-4e25-adfd-98b1f63295ee" />
      <TestMethod codeBase="/home/chad/repos/witchcityrope-react/tests/WitchCityRope.Core.Tests/bin/Debug/net9.0/WitchCityRope.Core.Tests.dll" adapterTypeName="executor://xunit/VsTestRunner3/netcore/" className="WitchCityRope.Core.Tests.ValueObjects.EmailAddressTests" name="Create_ValidEmail_CreatesSuccessfully" />
    </UnitTest>
    <UnitTest name="WitchCityRope.Core.Tests.ValueObjects.EmailAddressTests.ImplicitStringConversion_ReturnsDisplayValue" storage="/home/chad/repos/witchcityrope-react/tests/witchcityrope.core.tests/bin/debug/net9.0/witchcityrope.core.tests.dll" id="18f0023f-b7b6-64e0-d99f-67f362201e02">
      <Properties>
        <Property Key="Category" Value="Unit" />
      </Properties>
      <Execution id="2d934182-11d4-4f18-8529-7534fc4b5250" />
      <TestMethod codeBase="/home/chad/repos/witchcityrope-react/tests/WitchCityRope.Core.Tests/bin/Debug/net9.0/WitchCityRope.Core.Tests.dll" adapterTypeName="executor://xunit/VsTestRunner3/netcore/" className="WitchCityRope.Core.Tests.ValueObjects.EmailAddressTests" name="ImplicitStringConversion_ReturnsDisplayValue" />
    </UnitTest>
    <UnitTest name="WitchCityRope.Core.Tests.Entities.EventTests.AddOrganizer_DuplicateOrganizer_ThrowsDomainException" storage="/home/chad/repos/witchcityrope-react/tests/witchcityrope.core.tests/bin/debug/net9.0/witchcityrope.core.tests.dll" id="e85fed14-ca9f-a204-a5c5-cb8f12de0b8e">
      <Execution id="25e685f7-2524-424f-9846-993fbda47819" />
      <TestMethod codeBase="/home/chad/repos/witchcityrope-react/tests/WitchCityRope.Core.Tests/bin/Debug/net9.0/WitchCityRope.Core.Tests.dll" adapterTypeName="executor://xunit/VsTestRunner3/netcore/" className="WitchCityRope.Core.Tests.Entities.EventTests" name="AddOrganizer_DuplicateOrganizer_ThrowsDomainException" />
    </UnitTest>
    <UnitTest name="WitchCityRope.Core.Tests.Entities.RegistrationTests.Constructor_SelectsHighestPriceTier_ValidatesSuccessfully" storage="/home/chad/repos/witchcityrope-react/tests/witchcityrope.core.tests/bin/debug/net9.0/witchcityrope.core.tests.dll" id="627dc205-8966-14e4-f275-84a93649715d">
      <Execution id="22a312d6-c5fa-485b-928e-7f27799b9aa6" />
      <TestMethod codeBase="/home/chad/repos/witchcityrope-react/tests/WitchCityRope.Core.Tests/bin/Debug/net9.0/WitchCityRope.Core.Tests.dll" adapterTypeName="executor://xunit/VsTestRunner3/netcore/" className="WitchCityRope.Core.Tests.Entities.RegistrationTests" name="Constructor_SelectsHighestPriceTier_ValidatesSuccessfully" />
    </UnitTest>
    <UnitTest name="WitchCityRope.Core.Tests.ValueObjects.SceneNameTests.Create_TrimsWhitespace_ButPreservesInternalSpaces(input: &quot;  Both Spaces  &quot;)" storage="/home/chad/repos/witchcityrope-react/tests/witchcityrope.core.tests/bin/debug/net9.0/witchcityrope.core.tests.dll" id="d62e8641-98ea-1230-1843-e706f07349bc">
      <Execution id="7e980dea-07c7-45b6-b65e-a6d75064462f" />
      <TestMethod codeBase="/home/chad/repos/witchcityrope-react/tests/WitchCityRope.Core.Tests/bin/Debug/net9.0/WitchCityRope.Core.Tests.dll" adapterTypeName="executor://xunit/VsTestRunner3/netcore/" className="WitchCityRope.Core.Tests.ValueObjects.SceneNameTests" name="Create_TrimsWhitespace_ButPreservesInternalSpaces" />
    </UnitTest>
    <UnitTest name="WitchCityRope.Core.Tests.Entities.UserTests.PromoteToRole_VariousScenarios_BehavesCorrectly(currentRole: Administrator, newRole: Administrator, shouldSucceed: False)" storage="/home/chad/repos/witchcityrope-react/tests/witchcityrope.core.tests/bin/debug/net9.0/witchcityrope.core.tests.dll" id="361c1120-aeb7-b54d-75a2-9ae03fb892c4">
      <Execution id="048a446d-9be8-4d09-b993-2dc50340f6e0" />
      <TestMethod codeBase="/home/chad/repos/witchcityrope-react/tests/WitchCityRope.Core.Tests/bin/Debug/net9.0/WitchCityRope.Core.Tests.dll" adapterTypeName="executor://xunit/VsTestRunner3/netcore/" className="WitchCityRope.Core.Tests.Entities.UserTests" name="PromoteToRole_VariousScenarios_BehavesCorrectly" />
    </UnitTest>
    <UnitTest name="WitchCityRope.Core.Tests.ValueObjects.MoneyTests.ToDisplayString_VariousCurrencies_FormatsCorrectly(currency: &quot;EUR&quot;, expected: &quot;€10.50&quot;)" storage="/home/chad/repos/witchcityrope-react/tests/witchcityrope.core.tests/bin/debug/net9.0/witchcityrope.core.tests.dll" id="0bfa9a81-3d14-9055-54e8-e5fb35de7fcb">
      <Execution id="53ce17d1-3563-4065-a09a-5b0441baf848" />
      <TestMethod codeBase="/home/chad/repos/witchcityrope-react/tests/WitchCityRope.Core.Tests/bin/Debug/net9.0/WitchCityRope.Core.Tests.dll" adapterTypeName="executor://xunit/VsTestRunner3/netcore/" className="WitchCityRope.Core.Tests.ValueObjects.MoneyTests" name="ToDisplayString_VariousCurrencies_FormatsCorrectly" />
    </UnitTest>
    <UnitTest name="WitchCityRope.Core.Tests.ValueObjects.MoneyTests.ToDisplayString_VariousCurrencies_FormatsCorrectly(currency: &quot;CAD&quot;, expected: &quot;CAD 10.50&quot;)" storage="/home/chad/repos/witchcityrope-react/tests/witchcityrope.core.tests/bin/debug/net9.0/witchcityrope.core.tests.dll" id="99678022-cb23-0a38-5149-ac4d37b69a85">
      <Execution id="dad15a03-de2b-4261-850d-d9341dc1cffc" />
      <TestMethod codeBase="/home/chad/repos/witchcityrope-react/tests/WitchCityRope.Core.Tests/bin/Debug/net9.0/WitchCityRope.Core.Tests.dll" adapterTypeName="executor://xunit/VsTestRunner3/netcore/" className="WitchCityRope.Core.Tests.ValueObjects.MoneyTests" name="ToDisplayString_VariousCurrencies_FormatsCorrectly" />
    </UnitTest>
    <UnitTest name="WitchCityRope.Core.Tests.ValueObjects.MoneyTests.GetHashCode_SameValues_ReturnsSameHash" storage="/home/chad/repos/witchcityrope-react/tests/witchcityrope.core.tests/bin/debug/net9.0/witchcityrope.core.tests.dll" id="83f6ab29-21e5-3ac7-386b-8fc4ab977c78">
      <Execution id="5bd4b555-4b99-4e05-9f01-202443d64f36" />
      <TestMethod codeBase="/home/chad/repos/witchcityrope-react/tests/WitchCityRope.Core.Tests/bin/Debug/net9.0/WitchCityRope.Core.Tests.dll" adapterTypeName="executor://xunit/VsTestRunner3/netcore/" className="WitchCityRope.Core.Tests.ValueObjects.MoneyTests" name="GetHashCode_SameValues_ReturnsSameHash" />
    </UnitTest>
    <UnitTest name="WitchCityRope.Core.Tests.ValueObjects.SceneNameTests.Create_TrimsWhitespace_ButPreservesInternalSpaces(input: &quot;  Leading Space&quot;)" storage="/home/chad/repos/witchcityrope-react/tests/witchcityrope.core.tests/bin/debug/net9.0/witchcityrope.core.tests.dll" id="789befc7-bdb1-4aa4-6ce3-ddf2fed3eb3a">
      <Execution id="4ebb642e-62cf-4e82-8133-fc87ad69cc94" />
      <TestMethod codeBase="/home/chad/repos/witchcityrope-react/tests/WitchCityRope.Core.Tests/bin/Debug/net9.0/WitchCityRope.Core.Tests.dll" adapterTypeName="executor://xunit/VsTestRunner3/netcore/" className="WitchCityRope.Core.Tests.ValueObjects.SceneNameTests" name="Create_TrimsWhitespace_ButPreservesInternalSpaces" />
    </UnitTest>
    <UnitTest name="WitchCityRope.Core.Tests.Entities.UserTests.PromoteToRole_VariousScenarios_BehavesCorrectly(currentRole: Moderator, newRole: Administrator, shouldSucceed: True)" storage="/home/chad/repos/witchcityrope-react/tests/witchcityrope.core.tests/bin/debug/net9.0/witchcityrope.core.tests.dll" id="5c142862-68a4-3e0d-3caa-944a88c5d807">
      <Execution id="88991140-90d7-4164-b66b-6c53bbebdb90" />
      <TestMethod codeBase="/home/chad/repos/witchcityrope-react/tests/WitchCityRope.Core.Tests/bin/Debug/net9.0/WitchCityRope.Core.Tests.dll" adapterTypeName="executor://xunit/VsTestRunner3/netcore/" className="WitchCityRope.Core.Tests.Entities.UserTests" name="PromoteToRole_VariousScenarios_BehavesCorrectly" />
    </UnitTest>
    <UnitTest name="WitchCityRope.Core.Tests.Entities.RegistrationTests.StatusTransitions_VariousScenarios_BehavesCorrectly(initialStatus: Pending, targetStatus: Confirmed, shouldSucceed: True)" storage="/home/chad/repos/witchcityrope-react/tests/witchcityrope.core.tests/bin/debug/net9.0/witchcityrope.core.tests.dll" id="579f4e01-958b-4fd8-6be0-77bb51850a72">
      <Execution id="cd95be7e-482e-4414-9aa7-7be687d2d11a" />
      <TestMethod codeBase="/home/chad/repos/witchcityrope-react/tests/WitchCityRope.Core.Tests/bin/Debug/net9.0/WitchCityRope.Core.Tests.dll" adapterTypeName="executor://xunit/VsTestRunner3/netcore/" className="WitchCityRope.Core.Tests.Entities.RegistrationTests" name="StatusTransitions_VariousScenarios_BehavesCorrectly" />
    </UnitTest>
    <UnitTest name="WitchCityRope.Core.Tests.Entities.UserTests.VettingApplications_NewUser_ReturnsEmptyCollection" storage="/home/chad/repos/witchcityrope-react/tests/witchcityrope.core.tests/bin/debug/net9.0/witchcityrope.core.tests.dll" id="052861ce-b146-5192-7743-f88dfaaffc4d">
      <Execution id="23026915-970f-4e94-b298-a9f3b6811521" />
      <TestMethod codeBase="/home/chad/repos/witchcityrope-react/tests/WitchCityRope.Core.Tests/bin/Debug/net9.0/WitchCityRope.Core.Tests.dll" adapterTypeName="executor://xunit/VsTestRunner3/netcore/" className="WitchCityRope.Core.Tests.Entities.UserTests" name="VettingApplications_NewUser_ReturnsEmptyCollection" />
    </UnitTest>
    <UnitTest name="WitchCityRope.Core.Tests.ValueObjects.MoneyTests.Multiply_ValidFactor_MultipliesSuccessfully(amount: 100, factor: 0.5, expected: 50)" storage="/home/chad/repos/witchcityrope-react/tests/witchcityrope.core.tests/bin/debug/net9.0/witchcityrope.core.tests.dll" id="cb9cb4dd-d91f-3a8b-e093-61069c975ba7">
      <Execution id="e57e4e25-eb30-452b-b249-c72709aa5fd3" />
      <TestMethod codeBase="/home/chad/repos/witchcityrope-react/tests/WitchCityRope.Core.Tests/bin/Debug/net9.0/WitchCityRope.Core.Tests.dll" adapterTypeName="executor://xunit/VsTestRunner3/netcore/" className="WitchCityRope.Core.Tests.ValueObjects.MoneyTests" name="Multiply_ValidFactor_MultipliesSuccessfully" />
    </UnitTest>
    <UnitTest name="WitchCityRope.Core.Tests.Entities.UserTests.PromoteToRole_HigherRole_PromotesSuccessfully" storage="/home/chad/repos/witchcityrope-react/tests/witchcityrope.core.tests/bin/debug/net9.0/witchcityrope.core.tests.dll" id="305b144b-8ed9-0941-31df-2aff6a8173dd">
      <Execution id="ae0d9b50-a8c7-4b43-9d8d-3e30eb016a9b" />
      <TestMethod codeBase="/home/chad/repos/witchcityrope-react/tests/WitchCityRope.Core.Tests/bin/Debug/net9.0/WitchCityRope.Core.Tests.dll" adapterTypeName="executor://xunit/VsTestRunner3/netcore/" className="WitchCityRope.Core.Tests.Entities.UserTests" name="PromoteToRole_HigherRole_PromotesSuccessfully" />
    </UnitTest>
    <UnitTest name="WitchCityRope.Core.Tests.ValueObjects.EmailAddressTests.TryCreate_InvalidEmail_ReturnsFalse(invalidEmail: &quot;&quot;)" storage="/home/chad/repos/witchcityrope-react/tests/witchcityrope.core.tests/bin/debug/net9.0/witchcityrope.core.tests.dll" id="c79ecd78-0d7c-8763-abc4-4db98409363a">
      <Properties>
        <Property Key="Category" Value="Unit" />
      </Properties>
      <Execution id="39502d2e-6b4a-47d4-a0ed-ca4d78a2ed86" />
      <TestMethod codeBase="/home/chad/repos/witchcityrope-react/tests/WitchCityRope.Core.Tests/bin/Debug/net9.0/WitchCityRope.Core.Tests.dll" adapterTypeName="executor://xunit/VsTestRunner3/netcore/" className="WitchCityRope.Core.Tests.ValueObjects.EmailAddressTests" name="TryCreate_InvalidEmail_ReturnsFalse" />
    </UnitTest>
    <UnitTest name="WitchCityRope.Core.Tests.ValueObjects.MoneyTests.Add_NullMoney_ThrowsArgumentNullException" storage="/home/chad/repos/witchcityrope-react/tests/witchcityrope.core.tests/bin/debug/net9.0/witchcityrope.core.tests.dll" id="4f10845f-3ec6-4a9c-4c1b-d5a02341ac26">
      <Execution id="ddfa11f6-797a-4c56-8695-7cd3a78eec37" />
      <TestMethod codeBase="/home/chad/repos/witchcityrope-react/tests/WitchCityRope.Core.Tests/bin/Debug/net9.0/WitchCityRope.Core.Tests.dll" adapterTypeName="executor://xunit/VsTestRunner3/netcore/" className="WitchCityRope.Core.Tests.ValueObjects.MoneyTests" name="Add_NullMoney_ThrowsArgumentNullException" />
    </UnitTest>
    <UnitTest name="WitchCityRope.Core.Tests.ValueObjects.SceneNameTests.Create_ValidSceneName_CreatesSuccessfully(name: &quot;Scene_Name_123&quot;)" storage="/home/chad/repos/witchcityrope-react/tests/witchcityrope.core.tests/bin/debug/net9.0/witchcityrope.core.tests.dll" id="958f5f16-2ddf-2665-85ad-94a609e1cd4b">
      <Execution id="c506b377-c1c9-4207-9ca7-90c24e867d0e" />
      <TestMethod codeBase="/home/chad/repos/witchcityrope-react/tests/WitchCityRope.Core.Tests/bin/Debug/net9.0/WitchCityRope.Core.Tests.dll" adapterTypeName="executor://xunit/VsTestRunner3/netcore/" className="WitchCityRope.Core.Tests.ValueObjects.SceneNameTests" name="Create_ValidSceneName_CreatesSuccessfully" />
    </UnitTest>
    <UnitTest name="WitchCityRope.Core.Tests.Entities.RegistrationTests.Constructor_NullSelectedPrice_ThrowsArgumentNullException" storage="/home/chad/repos/witchcityrope-react/tests/witchcityrope.core.tests/bin/debug/net9.0/witchcityrope.core.tests.dll" id="0df1aa3b-c928-8b6a-0977-0b4429c2ad4f">
      <Execution id="3d3226e3-958b-4d06-98f2-180670d3dd87" />
      <TestMethod codeBase="/home/chad/repos/witchcityrope-react/tests/WitchCityRope.Core.Tests/bin/Debug/net9.0/WitchCityRope.Core.Tests.dll" adapterTypeName="executor://xunit/VsTestRunner3/netcore/" className="WitchCityRope.Core.Tests.Entities.RegistrationTests" name="Constructor_NullSelectedPrice_ThrowsArgumentNullException" />
    </UnitTest>
    <UnitTest name="WitchCityRope.Core.Tests.ValueObjects.MoneyTests.Multiply_NegativeFactor_ThrowsDomainException" storage="/home/chad/repos/witchcityrope-react/tests/witchcityrope.core.tests/bin/debug/net9.0/witchcityrope.core.tests.dll" id="6ddccc30-c396-7d9f-3818-e26a56602056">
      <Execution id="163a1e08-0cec-4012-baef-5325fec5edae" />
      <TestMethod codeBase="/home/chad/repos/witchcityrope-react/tests/WitchCityRope.Core.Tests/bin/Debug/net9.0/WitchCityRope.Core.Tests.dll" adapterTypeName="executor://xunit/VsTestRunner3/netcore/" className="WitchCityRope.Core.Tests.ValueObjects.MoneyTests" name="Multiply_NegativeFactor_ThrowsDomainException" />
    </UnitTest>
    <UnitTest name="WitchCityRope.Core.Tests.ValueObjects.EmailAddressTests.Create_InvalidFormat_ThrowsDomainException(email: &quot;notanemail&quot;)" storage="/home/chad/repos/witchcityrope-react/tests/witchcityrope.core.tests/bin/debug/net9.0/witchcityrope.core.tests.dll" id="f7f4c0ce-ef99-e663-6486-bae7dca0985d">
      <Properties>
        <Property Key="Category" Value="Unit" />
      </Properties>
      <Execution id="2619fc8b-e7be-46c5-a377-f96e7453a89b" />
      <TestMethod codeBase="/home/chad/repos/witchcityrope-react/tests/WitchCityRope.Core.Tests/bin/Debug/net9.0/WitchCityRope.Core.Tests.dll" adapterTypeName="executor://xunit/VsTestRunner3/netcore/" className="WitchCityRope.Core.Tests.ValueObjects.EmailAddressTests" name="Create_InvalidFormat_ThrowsDomainException" />
    </UnitTest>
    <UnitTest name="WitchCityRope.Core.Tests.Entities.EventTests.Constructor_StartDateAfterEndDate_ThrowsDomainException" storage="/home/chad/repos/witchcityrope-react/tests/witchcityrope.core.tests/bin/debug/net9.0/witchcityrope.core.tests.dll" id="c05012ef-d0ab-afcf-bc6a-16ea57c9f455">
      <Execution id="50b53027-b478-4740-98c5-c869a5c2efcc" />
      <TestMethod codeBase="/home/chad/repos/witchcityrope-react/tests/WitchCityRope.Core.Tests/bin/Debug/net9.0/WitchCityRope.Core.Tests.dll" adapterTypeName="executor://xunit/VsTestRunner3/netcore/" className="WitchCityRope.Core.Tests.Entities.EventTests" name="Constructor_StartDateAfterEndDate_ThrowsDomainException" />
    </UnitTest>
    <UnitTest name="WitchCityRope.Core.Tests.Entities.EventTests.Unpublish_NotPublished_ThrowsDomainException" storage="/home/chad/repos/witchcityrope-react/tests/witchcityrope.core.tests/bin/debug/net9.0/witchcityrope.core.tests.dll" id="b5bc20a8-2c58-a4d4-fd15-5ce71610e7e2">
      <Execution id="c38db81a-9465-4f2c-b27a-b11dea12ad1d" />
      <TestMethod codeBase="/home/chad/repos/witchcityrope-react/tests/WitchCityRope.Core.Tests/bin/Debug/net9.0/WitchCityRope.Core.Tests.dll" adapterTypeName="executor://xunit/VsTestRunner3/netcore/" className="WitchCityRope.Core.Tests.Entities.EventTests" name="Unpublish_NotPublished_ThrowsDomainException" />
    </UnitTest>
    <UnitTest name="WitchCityRope.Core.Tests.Entities.UserTests.UpdateSceneName_NullSceneName_ThrowsArgumentNullException" storage="/home/chad/repos/witchcityrope-react/tests/witchcityrope.core.tests/bin/debug/net9.0/witchcityrope.core.tests.dll" id="7ab09a5d-83cb-6155-db19-0ce8eb3f79f5">
      <Execution id="6c7c1d14-c5a6-4fe8-94da-dbd172abf01a" />
      <TestMethod codeBase="/home/chad/repos/witchcityrope-react/tests/WitchCityRope.Core.Tests/bin/Debug/net9.0/WitchCityRope.Core.Tests.dll" adapterTypeName="executor://xunit/VsTestRunner3/netcore/" className="WitchCityRope.Core.Tests.Entities.UserTests" name="UpdateSceneName_NullSceneName_ThrowsArgumentNullException" />
    </UnitTest>
    <UnitTest name="WitchCityRope.Core.Tests.ValueObjects.MoneyTests.Create_EmptyCurrency_ThrowsArgumentException(currency: &quot; &quot;)" storage="/home/chad/repos/witchcityrope-react/tests/witchcityrope.core.tests/bin/debug/net9.0/witchcityrope.core.tests.dll" id="fef76b0c-11ac-af47-b28e-f6f2e45eb1b9">
      <Execution id="b7a7ca35-03a7-4505-b108-dd2c7734371a" />
      <TestMethod codeBase="/home/chad/repos/witchcityrope-react/tests/WitchCityRope.Core.Tests/bin/Debug/net9.0/WitchCityRope.Core.Tests.dll" adapterTypeName="executor://xunit/VsTestRunner3/netcore/" className="WitchCityRope.Core.Tests.ValueObjects.MoneyTests" name="Create_EmptyCurrency_ThrowsArgumentException" />
    </UnitTest>
    <UnitTest name="WitchCityRope.Core.Tests.Entities.RegistrationTests.StatusTransitions_VariousScenarios_BehavesCorrectly(initialStatus: Cancelled, targetStatus: Confirmed, shouldSucceed: False)" storage="/home/chad/repos/witchcityrope-react/tests/witchcityrope.core.tests/bin/debug/net9.0/witchcityrope.core.tests.dll" id="608e931e-de24-f30a-1df4-2d44e7f89163">
      <Execution id="2e32a089-7ddd-4ec5-beed-21dc6ecaba06" />
      <TestMethod codeBase="/home/chad/repos/witchcityrope-react/tests/WitchCityRope.Core.Tests/bin/Debug/net9.0/WitchCityRope.Core.Tests.dll" adapterTypeName="executor://xunit/VsTestRunner3/netcore/" className="WitchCityRope.Core.Tests.Entities.RegistrationTests" name="StatusTransitions_VariousScenarios_BehavesCorrectly" />
    </UnitTest>
    <UnitTest name="WitchCityRope.Core.Tests.Entities.EventTests.UpdatePricingTiers_NoConfirmedRegistrations_UpdatesSuccessfully" storage="/home/chad/repos/witchcityrope-react/tests/witchcityrope.core.tests/bin/debug/net9.0/witchcityrope.core.tests.dll" id="425f8ec7-7edb-3559-f99e-fb751608c9cb">
      <Execution id="f9a578e4-4f88-4773-bf9b-e5608351b208" />
      <TestMethod codeBase="/home/chad/repos/witchcityrope-react/tests/WitchCityRope.Core.Tests/bin/Debug/net9.0/WitchCityRope.Core.Tests.dll" adapterTypeName="executor://xunit/VsTestRunner3/netcore/" className="WitchCityRope.Core.Tests.Entities.EventTests" name="UpdatePricingTiers_NoConfirmedRegistrations_UpdatesSuccessfully" />
    </UnitTest>
    <UnitTest name="WitchCityRope.Core.Tests.Entities.UserTests.Constructor_ExactlyMinimumAge_CreatesUser" storage="/home/chad/repos/witchcityrope-react/tests/witchcityrope.core.tests/bin/debug/net9.0/witchcityrope.core.tests.dll" id="184ae763-6928-b09d-3745-32f2f3043958">
      <Execution id="a3383b29-1b35-4b42-8d8b-67ee86ff306f" />
      <TestMethod codeBase="/home/chad/repos/witchcityrope-react/tests/WitchCityRope.Core.Tests/bin/Debug/net9.0/WitchCityRope.Core.Tests.dll" adapterTypeName="executor://xunit/VsTestRunner3/netcore/" className="WitchCityRope.Core.Tests.Entities.UserTests" name="Constructor_ExactlyMinimumAge_CreatesUser" />
    </UnitTest>
    <UnitTest name="WitchCityRope.Core.Tests.ValueObjects.SceneNameTests.Create_EmptyOrNull_ThrowsArgumentException(name: &quot;&quot;)" storage="/home/chad/repos/witchcityrope-react/tests/witchcityrope.core.tests/bin/debug/net9.0/witchcityrope.core.tests.dll" id="acd44a8e-dfd9-4e90-4d13-3e6feed5eeb0">
      <Execution id="6360f666-31ad-4b20-9f31-90a0085e2e5b" />
      <TestMethod codeBase="/home/chad/repos/witchcityrope-react/tests/WitchCityRope.Core.Tests/bin/Debug/net9.0/WitchCityRope.Core.Tests.dll" adapterTypeName="executor://xunit/VsTestRunner3/netcore/" className="WitchCityRope.Core.Tests.ValueObjects.SceneNameTests" name="Create_EmptyOrNull_ThrowsArgumentException" />
    </UnitTest>
    <UnitTest name="WitchCityRope.Core.Tests.ValueObjects.SceneNameTests.Value_PreservesOriginalCase(input: &quot;SCENENAME&quot;, expected: &quot;SCENENAME&quot;)" storage="/home/chad/repos/witchcityrope-react/tests/witchcityrope.core.tests/bin/debug/net9.0/witchcityrope.core.tests.dll" id="df1412dd-e26c-843c-183a-67aa60fd9760">
      <Execution id="c97556f0-4129-4e81-baa1-cb35692147a2" />
      <TestMethod codeBase="/home/chad/repos/witchcityrope-react/tests/WitchCityRope.Core.Tests/bin/Debug/net9.0/WitchCityRope.Core.Tests.dll" adapterTypeName="executor://xunit/VsTestRunner3/netcore/" className="WitchCityRope.Core.Tests.ValueObjects.SceneNameTests" name="Value_PreservesOriginalCase" />
    </UnitTest>
    <UnitTest name="WitchCityRope.Core.Tests.ValueObjects.EmailAddressTests.Create_ValidEmail_CreatesSuccessfully(email: &quot;TEST@EXAMPLE.COM&quot;)" storage="/home/chad/repos/witchcityrope-react/tests/witchcityrope.core.tests/bin/debug/net9.0/witchcityrope.core.tests.dll" id="2f4716b1-0c68-9378-d5bc-e4de249c2aa2">
      <Properties>
        <Property Key="Category" Value="Unit" />
      </Properties>
      <Execution id="9cfd3b94-362a-41d5-b7db-51bb9d1dfde8" />
      <TestMethod codeBase="/home/chad/repos/witchcityrope-react/tests/WitchCityRope.Core.Tests/bin/Debug/net9.0/WitchCityRope.Core.Tests.dll" adapterTypeName="executor://xunit/VsTestRunner3/netcore/" className="WitchCityRope.Core.Tests.ValueObjects.EmailAddressTests" name="Create_ValidEmail_CreatesSuccessfully" />
    </UnitTest>
    <UnitTest name="WitchCityRope.Core.Tests.ValueObjects.MoneyTests.OperatorMultiply_BothOrders_MultipliesSuccessfully" storage="/home/chad/repos/witchcityrope-react/tests/witchcityrope.core.tests/bin/debug/net9.0/witchcityrope.core.tests.dll" id="7f2a1335-3b19-3256-97d2-7c1bb7c23a93">
      <Execution id="1f5f8b1c-263b-4593-aff6-e2c8feaa68a5" />
      <TestMethod codeBase="/home/chad/repos/witchcityrope-react/tests/WitchCityRope.Core.Tests/bin/Debug/net9.0/WitchCityRope.Core.Tests.dll" adapterTypeName="executor://xunit/VsTestRunner3/netcore/" className="WitchCityRope.Core.Tests.ValueObjects.MoneyTests" name="OperatorMultiply_BothOrders_MultipliesSuccessfully" />
    </UnitTest>
    <UnitTest name="WitchCityRope.Core.Tests.ValueObjects.EmailAddressTests.Create_ValidEmail_CreatesSuccessfully(email: &quot;test@example.com&quot;)" storage="/home/chad/repos/witchcityrope-react/tests/witchcityrope.core.tests/bin/debug/net9.0/witchcityrope.core.tests.dll" id="e52cb23e-8dbf-be48-4879-01d3bf5f878c">
      <Properties>
        <Property Key="Category" Value="Unit" />
      </Properties>
      <Execution id="0d02b82d-e488-457b-8689-da4aa30d795a" />
      <TestMethod codeBase="/home/chad/repos/witchcityrope-react/tests/WitchCityRope.Core.Tests/bin/Debug/net9.0/WitchCityRope.Core.Tests.dll" adapterTypeName="executor://xunit/VsTestRunner3/netcore/" className="WitchCityRope.Core.Tests.ValueObjects.EmailAddressTests" name="Create_ValidEmail_CreatesSuccessfully" />
    </UnitTest>
    <UnitTest name="WitchCityRope.Core.Tests.ValueObjects.EmailAddressTests.Create_ValidEmail_CreatesSuccessfully(email: &quot;user+tag@example.co.uk&quot;)" storage="/home/chad/repos/witchcityrope-react/tests/witchcityrope.core.tests/bin/debug/net9.0/witchcityrope.core.tests.dll" id="55c9a313-0561-d40b-755a-d926aa2d9d32">
      <Properties>
        <Property Key="Category" Value="Unit" />
      </Properties>
      <Execution id="4e091ccb-4d0e-4ac1-95c7-9380c8cd7d56" />
      <TestMethod codeBase="/home/chad/repos/witchcityrope-react/tests/WitchCityRope.Core.Tests/bin/Debug/net9.0/WitchCityRope.Core.Tests.dll" adapterTypeName="executor://xunit/VsTestRunner3/netcore/" className="WitchCityRope.Core.Tests.ValueObjects.EmailAddressTests" name="Create_ValidEmail_CreatesSuccessfully" />
    </UnitTest>
    <UnitTest name="WitchCityRope.Core.Tests.ValueObjects.MoneyTests.Subtract_SameCurrencySufficientFunds_SubtractsSuccessfully" storage="/home/chad/repos/witchcityrope-react/tests/witchcityrope.core.tests/bin/debug/net9.0/witchcityrope.core.tests.dll" id="d37f8d70-658e-9a68-38a9-dcf4a5011bb5">
      <Execution id="ac46a905-398a-45d2-aae5-8f14edd46d54" />
      <TestMethod codeBase="/home/chad/repos/witchcityrope-react/tests/WitchCityRope.Core.Tests/bin/Debug/net9.0/WitchCityRope.Core.Tests.dll" adapterTypeName="executor://xunit/VsTestRunner3/netcore/" className="WitchCityRope.Core.Tests.ValueObjects.MoneyTests" name="Subtract_SameCurrencySufficientFunds_SubtractsSuccessfully" />
    </UnitTest>
    <UnitTest name="WitchCityRope.Core.Tests.Entities.EventTests.Constructor_ValidData_CreatesEvent" storage="/home/chad/repos/witchcityrope-react/tests/witchcityrope.core.tests/bin/debug/net9.0/witchcityrope.core.tests.dll" id="b044912f-a46a-5c40-95af-4fdef8a1afaf">
      <Execution id="9f617b43-2b60-497e-bc69-a1bff06f5cf6" />
      <TestMethod codeBase="/home/chad/repos/witchcityrope-react/tests/WitchCityRope.Core.Tests/bin/Debug/net9.0/WitchCityRope.Core.Tests.dll" adapterTypeName="executor://xunit/VsTestRunner3/netcore/" className="WitchCityRope.Core.Tests.Entities.EventTests" name="Constructor_ValidData_CreatesEvent" />
    </UnitTest>
    <UnitTest name="WitchCityRope.Core.Tests.Entities.UserTests.GetAge_CalculatesCorrectly" storage="/home/chad/repos/witchcityrope-react/tests/witchcityrope.core.tests/bin/debug/net9.0/witchcityrope.core.tests.dll" id="50f4f714-e192-57f9-2983-3e5c7146ec8d">
      <Execution id="ab29e449-3b72-49e1-81b8-15350f68efbf" />
      <TestMethod codeBase="/home/chad/repos/witchcityrope-react/tests/WitchCityRope.Core.Tests/bin/Debug/net9.0/WitchCityRope.Core.Tests.dll" adapterTypeName="executor://xunit/VsTestRunner3/netcore/" className="WitchCityRope.Core.Tests.Entities.UserTests" name="GetAge_CalculatesCorrectly" />
    </UnitTest>
    <UnitTest name="WitchCityRope.Core.Tests.Entities.RegistrationTests.IsEligibleForRefund_VariousTimings_ReturnsCorrectResult(hoursBeforeEvent: 24, expectedEligible: False)" storage="/home/chad/repos/witchcityrope-react/tests/witchcityrope.core.tests/bin/debug/net9.0/witchcityrope.core.tests.dll" id="1d3881ee-33da-ca8e-2a5d-4849cdb1409b">
      <Execution id="483ae04f-bffc-4795-8da4-93bef76b26de" />
      <TestMethod codeBase="/home/chad/repos/witchcityrope-react/tests/WitchCityRope.Core.Tests/bin/Debug/net9.0/WitchCityRope.Core.Tests.dll" adapterTypeName="executor://xunit/VsTestRunner3/netcore/" className="WitchCityRope.Core.Tests.Entities.RegistrationTests" name="IsEligibleForRefund_VariousTimings_ReturnsCorrectResult" />
    </UnitTest>
    <UnitTest name="WitchCityRope.Core.Tests.Entities.EventTests.Constructor_NegativePricingTier_ThrowsDomainException" storage="/home/chad/repos/witchcityrope-react/tests/witchcityrope.core.tests/bin/debug/net9.0/witchcityrope.core.tests.dll" id="f0599150-0368-a690-445e-232b5fbc9674">
      <Execution id="b25f0571-fb32-4a0d-9619-6e85b24f7826" />
      <TestMethod codeBase="/home/chad/repos/witchcityrope-react/tests/WitchCityRope.Core.Tests/bin/Debug/net9.0/WitchCityRope.Core.Tests.dll" adapterTypeName="executor://xunit/VsTestRunner3/netcore/" className="WitchCityRope.Core.Tests.Entities.EventTests" name="Constructor_NegativePricingTier_ThrowsDomainException" />
    </UnitTest>
    <UnitTest name="WitchCityRope.Core.Tests.ValueObjects.EmailAddressTests.Create_InvalidFormat_ThrowsDomainException(email: &quot;user@@example.com&quot;)" storage="/home/chad/repos/witchcityrope-react/tests/witchcityrope.core.tests/bin/debug/net9.0/witchcityrope.core.tests.dll" id="44f3481b-e4bb-4f17-196a-e00c0217ed87">
      <Properties>
        <Property Key="Category" Value="Unit" />
      </Properties>
      <Execution id="c58eb5a9-1e8c-4401-bdba-8865b830eeaa" />
      <TestMethod codeBase="/home/chad/repos/witchcityrope-react/tests/WitchCityRope.Core.Tests/bin/Debug/net9.0/WitchCityRope.Core.Tests.dll" adapterTypeName="executor://xunit/VsTestRunner3/netcore/" className="WitchCityRope.Core.Tests.ValueObjects.EmailAddressTests" name="Create_InvalidFormat_ThrowsDomainException" />
    </UnitTest>
    <UnitTest name="WitchCityRope.Core.Tests.Entities.RegistrationTests.CheckIn_ConfirmedRegistrationAfterEventStart_ChecksInSuccessfully" storage="/home/chad/repos/witchcityrope-react/tests/witchcityrope.core.tests/bin/debug/net9.0/witchcityrope.core.tests.dll" id="58183c69-e8f2-fc1d-1451-124433b27fa3">
      <Execution id="1b520730-7e4e-4409-85b9-7478f9983f52" />
      <TestMethod codeBase="/home/chad/repos/witchcityrope-react/tests/WitchCityRope.Core.Tests/bin/Debug/net9.0/WitchCityRope.Core.Tests.dll" adapterTypeName="executor://xunit/VsTestRunner3/netcore/" className="WitchCityRope.Core.Tests.Entities.RegistrationTests" name="CheckIn_ConfirmedRegistrationAfterEventStart_ChecksInSuccessfully" />
    </UnitTest>
    <UnitTest name="WitchCityRope.Core.Tests.ValueObjects.MoneyTests.Equals_DifferentAmount_ReturnsFalse" storage="/home/chad/repos/witchcityrope-react/tests/witchcityrope.core.tests/bin/debug/net9.0/witchcityrope.core.tests.dll" id="c3e42df9-274a-a616-9d53-0e461b6f0fcc">
      <Execution id="601972e3-9952-4a2c-9edb-8424f9056b30" />
      <TestMethod codeBase="/home/chad/repos/witchcityrope-react/tests/WitchCityRope.Core.Tests/bin/Debug/net9.0/WitchCityRope.Core.Tests.dll" adapterTypeName="executor://xunit/VsTestRunner3/netcore/" className="WitchCityRope.Core.Tests.ValueObjects.MoneyTests" name="Equals_DifferentAmount_ReturnsFalse" />
    </UnitTest>
    <UnitTest name="WitchCityRope.Core.Tests.Entities.UserTests.Constructor_NullEncryptedLegalName_ThrowsArgumentNullException" storage="/home/chad/repos/witchcityrope-react/tests/witchcityrope.core.tests/bin/debug/net9.0/witchcityrope.core.tests.dll" id="21f2e882-89f0-b471-6a62-6c3a786684b9">
      <Execution id="90ac81af-ad7a-44b4-bf1c-499374167fae" />
      <TestMethod codeBase="/home/chad/repos/witchcityrope-react/tests/WitchCityRope.Core.Tests/bin/Debug/net9.0/WitchCityRope.Core.Tests.dll" adapterTypeName="executor://xunit/VsTestRunner3/netcore/" className="WitchCityRope.Core.Tests.Entities.UserTests" name="Constructor_NullEncryptedLegalName_ThrowsArgumentNullException" />
    </UnitTest>
    <UnitTest name="WitchCityRope.Core.Tests.ValueObjects.SceneNameTests.Value_PreservesOriginalCase(input: &quot;SceneName&quot;, expected: &quot;SceneName&quot;)" storage="/home/chad/repos/witchcityrope-react/tests/witchcityrope.core.tests/bin/debug/net9.0/witchcityrope.core.tests.dll" id="ec873698-20e8-0ca0-d17c-b99a021aa23f">
      <Execution id="eb3aa39d-95c0-4935-b995-c8b68b231b50" />
      <TestMethod codeBase="/home/chad/repos/witchcityrope-react/tests/WitchCityRope.Core.Tests/bin/Debug/net9.0/WitchCityRope.Core.Tests.dll" adapterTypeName="executor://xunit/VsTestRunner3/netcore/" className="WitchCityRope.Core.Tests.ValueObjects.SceneNameTests" name="Value_PreservesOriginalCase" />
    </UnitTest>
    <UnitTest name="WitchCityRope.Core.Tests.Entities.RegistrationTests.CheckIn_BeforeEventStart_ThrowsDomainException" storage="/home/chad/repos/witchcityrope-react/tests/witchcityrope.core.tests/bin/debug/net9.0/witchcityrope.core.tests.dll" id="f49f87f3-be84-5956-2e64-b7741ecf4d50">
      <Execution id="bfeb6035-d5a0-4ccf-89c1-1af8874f2d4d" />
      <TestMethod codeBase="/home/chad/repos/witchcityrope-react/tests/WitchCityRope.Core.Tests/bin/Debug/net9.0/WitchCityRope.Core.Tests.dll" adapterTypeName="executor://xunit/VsTestRunner3/netcore/" className="WitchCityRope.Core.Tests.Entities.RegistrationTests" name="CheckIn_BeforeEventStart_ThrowsDomainException" />
    </UnitTest>
    <UnitTest name="WitchCityRope.Core.Tests.Entities.EventTests.AddOrganizer_NewOrganizer_AddsSuccessfully" storage="/home/chad/repos/witchcityrope-react/tests/witchcityrope.core.tests/bin/debug/net9.0/witchcityrope.core.tests.dll" id="db13cb67-4291-79eb-080b-59693ae602e4">
      <Execution id="cb7a3855-b0b5-4b28-af79-c7b8bba40d77" />
      <TestMethod codeBase="/home/chad/repos/witchcityrope-react/tests/WitchCityRope.Core.Tests/bin/Debug/net9.0/WitchCityRope.Core.Tests.dll" adapterTypeName="executor://xunit/VsTestRunner3/netcore/" className="WitchCityRope.Core.Tests.Entities.EventTests" name="AddOrganizer_NewOrganizer_AddsSuccessfully" />
    </UnitTest>
    <UnitTest name="WitchCityRope.Core.Tests.Entities.RegistrationTests.IsEligibleForRefund_VariousTimings_ReturnsCorrectResult(hoursBeforeEvent: 47, expectedEligible: False)" storage="/home/chad/repos/witchcityrope-react/tests/witchcityrope.core.tests/bin/debug/net9.0/witchcityrope.core.tests.dll" id="60598e1b-02d6-d0b1-216a-1d6496f4b8e7">
      <Execution id="b0f87448-359a-4d76-b57c-2c3cafc476d6" />
      <TestMethod codeBase="/home/chad/repos/witchcityrope-react/tests/WitchCityRope.Core.Tests/bin/Debug/net9.0/WitchCityRope.Core.Tests.dll" adapterTypeName="executor://xunit/VsTestRunner3/netcore/" className="WitchCityRope.Core.Tests.Entities.RegistrationTests" name="IsEligibleForRefund_VariousTimings_ReturnsCorrectResult" />
    </UnitTest>
    <UnitTest name="WitchCityRope.Core.Tests.Entities.EventTests.Publish_UnpublishedEvent_PublishesSuccessfully" storage="/home/chad/repos/witchcityrope-react/tests/witchcityrope.core.tests/bin/debug/net9.0/witchcityrope.core.tests.dll" id="0879fc39-5bc5-a25c-cfc2-e0638ee2992f">
      <Execution id="6de03b31-c237-437f-9db9-4936fccf90aa" />
      <TestMethod codeBase="/home/chad/repos/witchcityrope-react/tests/WitchCityRope.Core.Tests/bin/Debug/net9.0/WitchCityRope.Core.Tests.dll" adapterTypeName="executor://xunit/VsTestRunner3/netcore/" className="WitchCityRope.Core.Tests.Entities.EventTests" name="Publish_UnpublishedEvent_PublishesSuccessfully" />
    </UnitTest>
    <UnitTest name="WitchCityRope.Core.Tests.ValueObjects.MoneyTests.Create_EmptyCurrency_ThrowsArgumentException(currency: &quot;&quot;)" storage="/home/chad/repos/witchcityrope-react/tests/witchcityrope.core.tests/bin/debug/net9.0/witchcityrope.core.tests.dll" id="f477f2d2-9bad-36ff-7fb7-b81867202bef">
      <Execution id="512a5d51-6c32-4697-8ef2-8c27319a36e4" />
      <TestMethod codeBase="/home/chad/repos/witchcityrope-react/tests/WitchCityRope.Core.Tests/bin/Debug/net9.0/WitchCityRope.Core.Tests.dll" adapterTypeName="executor://xunit/VsTestRunner3/netcore/" className="WitchCityRope.Core.Tests.ValueObjects.MoneyTests" name="Create_EmptyCurrency_ThrowsArgumentException" />
    </UnitTest>
    <UnitTest name="WitchCityRope.Core.Tests.ValueObjects.MoneyTests.Create_ValidAmount_CreatesSuccessfully(amount: 100)" storage="/home/chad/repos/witchcityrope-react/tests/witchcityrope.core.tests/bin/debug/net9.0/witchcityrope.core.tests.dll" id="ccbf7e0d-7b7a-a8f1-7983-3f248694b75c">
      <Execution id="fc2437cc-70ac-4bb6-aee5-e24bb3921b68" />
      <TestMethod codeBase="/home/chad/repos/witchcityrope-react/tests/WitchCityRope.Core.Tests/bin/Debug/net9.0/WitchCityRope.Core.Tests.dll" adapterTypeName="executor://xunit/VsTestRunner3/netcore/" className="WitchCityRope.Core.Tests.ValueObjects.MoneyTests" name="Create_ValidAmount_CreatesSuccessfully" />
    </UnitTest>
    <UnitTest name="WitchCityRope.Core.Tests.Entities.UserTests.PromoteToRole_LowerRole_ThrowsDomainException" storage="/home/chad/repos/witchcityrope-react/tests/witchcityrope.core.tests/bin/debug/net9.0/witchcityrope.core.tests.dll" id="b59e7e18-f75f-bdce-9410-2ab9f6845df9">
      <Execution id="0c768d04-fa5f-4b72-89e0-31f9329756fd" />
      <TestMethod codeBase="/home/chad/repos/witchcityrope-react/tests/WitchCityRope.Core.Tests/bin/Debug/net9.0/WitchCityRope.Core.Tests.dll" adapterTypeName="executor://xunit/VsTestRunner3/netcore/" className="WitchCityRope.Core.Tests.Entities.UserTests" name="PromoteToRole_LowerRole_ThrowsDomainException" />
    </UnitTest>
    <UnitTest name="WitchCityRope.Core.Tests.Entities.UserTests.UpdateEmail_NullEmail_ThrowsArgumentNullException" storage="/home/chad/repos/witchcityrope-react/tests/witchcityrope.core.tests/bin/debug/net9.0/witchcityrope.core.tests.dll" id="f31ab1aa-39de-68ab-51b3-8be7b1b5b9d2">
      <Execution id="b3d9ad0b-01cc-4dd0-b7fd-3950a5876cd2" />
      <TestMethod codeBase="/home/chad/repos/witchcityrope-react/tests/WitchCityRope.Core.Tests/bin/Debug/net9.0/WitchCityRope.Core.Tests.dll" adapterTypeName="executor://xunit/VsTestRunner3/netcore/" className="WitchCityRope.Core.Tests.Entities.UserTests" name="UpdateEmail_NullEmail_ThrowsArgumentNullException" />
    </UnitTest>
    <UnitTest name="WitchCityRope.Core.Tests.Entities.RegistrationTests.Constructor_NoSpecialNeeds_CreatesRegistration" storage="/home/chad/repos/witchcityrope-react/tests/witchcityrope.core.tests/bin/debug/net9.0/witchcityrope.core.tests.dll" id="aa10c3e1-a4c0-c3d8-9c2e-168e33c3cacb">
      <Execution id="604b0dcd-a612-499a-b9af-0358a75fc8d7" />
      <TestMethod codeBase="/home/chad/repos/witchcityrope-react/tests/WitchCityRope.Core.Tests/bin/Debug/net9.0/WitchCityRope.Core.Tests.dll" adapterTypeName="executor://xunit/VsTestRunner3/netcore/" className="WitchCityRope.Core.Tests.Entities.RegistrationTests" name="Constructor_NoSpecialNeeds_CreatesRegistration" />
    </UnitTest>
    <UnitTest name="WitchCityRope.Core.Tests.ValueObjects.SceneNameTests.Create_ValidSceneName_CreatesSuccessfully(name: &quot;12345&quot;)" storage="/home/chad/repos/witchcityrope-react/tests/witchcityrope.core.tests/bin/debug/net9.0/witchcityrope.core.tests.dll" id="d036616b-6b86-99d5-cd58-29b5267bbff4">
      <Execution id="66fc1406-005e-41a8-94c7-937377a8a097" />
      <TestMethod codeBase="/home/chad/repos/witchcityrope-react/tests/WitchCityRope.Core.Tests/bin/Debug/net9.0/WitchCityRope.Core.Tests.dll" adapterTypeName="executor://xunit/VsTestRunner3/netcore/" className="WitchCityRope.Core.Tests.ValueObjects.SceneNameTests" name="Create_ValidSceneName_CreatesSuccessfully" />
    </UnitTest>
    <UnitTest name="WitchCityRope.Core.Tests.ValueObjects.MoneyTests.ToDisplayString_VariousCurrencies_FormatsCorrectly(currency: &quot;USD&quot;, expected: &quot;$10.50&quot;)" storage="/home/chad/repos/witchcityrope-react/tests/witchcityrope.core.tests/bin/debug/net9.0/witchcityrope.core.tests.dll" id="8f5f971f-a71a-13e1-4708-f9d625af241d">
      <Execution id="f3fa92ec-1b1e-4581-8775-d63e34e047d8" />
      <TestMethod codeBase="/home/chad/repos/witchcityrope-react/tests/WitchCityRope.Core.Tests/bin/Debug/net9.0/WitchCityRope.Core.Tests.dll" adapterTypeName="executor://xunit/VsTestRunner3/netcore/" className="WitchCityRope.Core.Tests.ValueObjects.MoneyTests" name="ToDisplayString_VariousCurrencies_FormatsCorrectly" />
    </UnitTest>
    <UnitTest name="WitchCityRope.Core.Tests.ValueObjects.SceneNameTests.Create_WithWhitespace_TrimsSuccessfully" storage="/home/chad/repos/witchcityrope-react/tests/witchcityrope.core.tests/bin/debug/net9.0/witchcityrope.core.tests.dll" id="e7b9a62d-2f8b-d3f2-4a3a-9cebb6d2d56f">
      <Execution id="553a4104-a65f-450e-82af-4a29f460a973" />
      <TestMethod codeBase="/home/chad/repos/witchcityrope-react/tests/WitchCityRope.Core.Tests/bin/Debug/net9.0/WitchCityRope.Core.Tests.dll" adapterTypeName="executor://xunit/VsTestRunner3/netcore/" className="WitchCityRope.Core.Tests.ValueObjects.SceneNameTests" name="Create_WithWhitespace_TrimsSuccessfully" />
    </UnitTest>
    <UnitTest name="WitchCityRope.Core.Tests.ValueObjects.SceneNameTests.Create_ValidSceneName_CreatesSuccessfully(name: &quot;Very Long Scene Name That Is Still Valid&quot;)" storage="/home/chad/repos/witchcityrope-react/tests/witchcityrope.core.tests/bin/debug/net9.0/witchcityrope.core.tests.dll" id="c51fba78-91c0-4bc8-f4af-0e9c6411e3e9">
      <Execution id="52fe9880-feb2-41c4-81fc-dc04ecaea7c9" />
      <TestMethod codeBase="/home/chad/repos/witchcityrope-react/tests/WitchCityRope.Core.Tests/bin/Debug/net9.0/WitchCityRope.Core.Tests.dll" adapterTypeName="executor://xunit/VsTestRunner3/netcore/" className="WitchCityRope.Core.Tests.ValueObjects.SceneNameTests" name="Create_ValidSceneName_CreatesSuccessfully" />
    </UnitTest>
    <UnitTest name="WitchCityRope.Core.Tests.Entities.EventTests.AddOrganizer_NullOrganizer_ThrowsArgumentNullException" storage="/home/chad/repos/witchcityrope-react/tests/witchcityrope.core.tests/bin/debug/net9.0/witchcityrope.core.tests.dll" id="56521df1-5782-2595-2caa-652e0c9a7393">
      <Execution id="20ad6a82-0b7d-4698-a33b-ab5a6b69b907" />
      <TestMethod codeBase="/home/chad/repos/witchcityrope-react/tests/WitchCityRope.Core.Tests/bin/Debug/net9.0/WitchCityRope.Core.Tests.dll" adapterTypeName="executor://xunit/VsTestRunner3/netcore/" className="WitchCityRope.Core.Tests.Entities.EventTests" name="AddOrganizer_NullOrganizer_ThrowsArgumentNullException" />
    </UnitTest>
    <UnitTest name="WitchCityRope.Core.Tests.Entities.EventTests.GetConfirmedRegistrationCount_NoRegistrations_ReturnsZero" storage="/home/chad/repos/witchcityrope-react/tests/witchcityrope.core.tests/bin/debug/net9.0/witchcityrope.core.tests.dll" id="ebca1bab-4384-7fba-f140-5240d35a005a">
      <Execution id="aa033ab0-794f-4287-86f4-c0fd8ec82a09" />
      <TestMethod codeBase="/home/chad/repos/witchcityrope-react/tests/WitchCityRope.Core.Tests/bin/Debug/net9.0/WitchCityRope.Core.Tests.dll" adapterTypeName="executor://xunit/VsTestRunner3/netcore/" className="WitchCityRope.Core.Tests.Entities.EventTests" name="GetConfirmedRegistrationCount_NoRegistrations_ReturnsZero" />
    </UnitTest>
    <UnitTest name="WitchCityRope.Core.Tests.ValueObjects.SceneNameTests.Create_EmptyOrNull_ThrowsArgumentException(name: &quot; &quot;)" storage="/home/chad/repos/witchcityrope-react/tests/witchcityrope.core.tests/bin/debug/net9.0/witchcityrope.core.tests.dll" id="db9487ae-f8bb-6c77-456e-477251a97694">
      <Execution id="0afc4306-2cb1-4228-9d79-e2faf90d0255" />
      <TestMethod codeBase="/home/chad/repos/witchcityrope-react/tests/WitchCityRope.Core.Tests/bin/Debug/net9.0/WitchCityRope.Core.Tests.dll" adapterTypeName="executor://xunit/VsTestRunner3/netcore/" className="WitchCityRope.Core.Tests.ValueObjects.SceneNameTests" name="Create_EmptyOrNull_ThrowsArgumentException" />
    </UnitTest>
    <UnitTest name="WitchCityRope.Core.Tests.ValueObjects.MoneyTests.Add_SameCurrency_AddsSuccessfully" storage="/home/chad/repos/witchcityrope-react/tests/witchcityrope.core.tests/bin/debug/net9.0/witchcityrope.core.tests.dll" id="02dfc5f2-c3eb-99ee-f353-2aaec6dc6e1c">
      <Execution id="0ca3e42e-7bad-4b2e-b94e-49ac07e8e7c4" />
      <TestMethod codeBase="/home/chad/repos/witchcityrope-react/tests/WitchCityRope.Core.Tests/bin/Debug/net9.0/WitchCityRope.Core.Tests.dll" adapterTypeName="executor://xunit/VsTestRunner3/netcore/" className="WitchCityRope.Core.Tests.ValueObjects.MoneyTests" name="Add_SameCurrency_AddsSuccessfully" />
    </UnitTest>
    <UnitTest name="WitchCityRope.Core.Tests.Entities.RegistrationTests.Cancel_AlreadyCancelled_ThrowsDomainException" storage="/home/chad/repos/witchcityrope-react/tests/witchcityrope.core.tests/bin/debug/net9.0/witchcityrope.core.tests.dll" id="7c2a786c-da36-777a-ce30-9a8d7d9f71b5">
      <Execution id="2aae99a0-614e-428e-90bf-eb16320e2eef" />
      <TestMethod codeBase="/home/chad/repos/witchcityrope-react/tests/WitchCityRope.Core.Tests/bin/Debug/net9.0/WitchCityRope.Core.Tests.dll" adapterTypeName="executor://xunit/VsTestRunner3/netcore/" className="WitchCityRope.Core.Tests.Entities.RegistrationTests" name="Cancel_AlreadyCancelled_ThrowsDomainException" />
    </UnitTest>
    <UnitTest name="WitchCityRope.Core.Tests.Entities.EventTests.UpdateDates_EventAlreadyStarted_ThrowsDomainException" storage="/home/chad/repos/witchcityrope-react/tests/witchcityrope.core.tests/bin/debug/net9.0/witchcityrope.core.tests.dll" id="289ca8c1-6229-0a00-b027-f38a937cfdf0">
      <Execution id="d35f9b49-cc15-4ba7-9559-3153e319acf3" />
      <TestMethod codeBase="/home/chad/repos/witchcityrope-react/tests/WitchCityRope.Core.Tests/bin/Debug/net9.0/WitchCityRope.Core.Tests.dll" adapterTypeName="executor://xunit/VsTestRunner3/netcore/" className="WitchCityRope.Core.Tests.Entities.EventTests" name="UpdateDates_EventAlreadyStarted_ThrowsDomainException" />
    </UnitTest>
    <UnitTest name="WitchCityRope.Core.Tests.Entities.EventTests.UpdatePricingTiers_EmptyTiers_ThrowsDomainException" storage="/home/chad/repos/witchcityrope-react/tests/witchcityrope.core.tests/bin/debug/net9.0/witchcityrope.core.tests.dll" id="f93aa139-c4ae-68d9-3951-bf310f85f479">
      <Execution id="81fb4db1-ab62-444c-9525-0a278dccf328" />
      <TestMethod codeBase="/home/chad/repos/witchcityrope-react/tests/WitchCityRope.Core.Tests/bin/Debug/net9.0/WitchCityRope.Core.Tests.dll" adapterTypeName="executor://xunit/VsTestRunner3/netcore/" className="WitchCityRope.Core.Tests.Entities.EventTests" name="UpdatePricingTiers_EmptyTiers_ThrowsDomainException" />
    </UnitTest>
    <UnitTest name="WitchCityRope.Core.Tests.Entities.EventTests.Constructor_VariousCapacities_CreatesSuccessfully(capacity: 10)" storage="/home/chad/repos/witchcityrope-react/tests/witchcityrope.core.tests/bin/debug/net9.0/witchcityrope.core.tests.dll" id="ef8d04dc-547e-cdcb-50a3-2a0559d1c59b">
      <Execution id="eb3ada6f-ec86-4a99-8a40-bb40fcf9ba15" />
      <TestMethod codeBase="/home/chad/repos/witchcityrope-react/tests/WitchCityRope.Core.Tests/bin/Debug/net9.0/WitchCityRope.Core.Tests.dll" adapterTypeName="executor://xunit/VsTestRunner3/netcore/" className="WitchCityRope.Core.Tests.Entities.EventTests" name="Constructor_VariousCapacities_CreatesSuccessfully" />
    </UnitTest>
    <UnitTest name="WitchCityRope.Core.Tests.ValueObjects.SceneNameTests.Create_ExactlyMaxLength_CreatesSuccessfully" storage="/home/chad/repos/witchcityrope-react/tests/witchcityrope.core.tests/bin/debug/net9.0/witchcityrope.core.tests.dll" id="bcf6c661-bdd3-dc3b-8d30-8efd04a896b7">
      <Execution id="fe6ea3e9-2fcd-44f1-adb1-4980b4757c1a" />
      <TestMethod codeBase="/home/chad/repos/witchcityrope-react/tests/WitchCityRope.Core.Tests/bin/Debug/net9.0/WitchCityRope.Core.Tests.dll" adapterTypeName="executor://xunit/VsTestRunner3/netcore/" className="WitchCityRope.Core.Tests.ValueObjects.SceneNameTests" name="Create_ExactlyMaxLength_CreatesSuccessfully" />
    </UnitTest>
    <UnitTest name="WitchCityRope.Core.Tests.ValueObjects.MoneyTests.Add_DifferentCurrency_ThrowsDomainException" storage="/home/chad/repos/witchcityrope-react/tests/witchcityrope.core.tests/bin/debug/net9.0/witchcityrope.core.tests.dll" id="9028b45d-2cc9-07bd-c10e-d070f0a1ff95">
      <Execution id="77746384-ee83-42bf-aea3-ec643ff503cc" />
      <TestMethod codeBase="/home/chad/repos/witchcityrope-react/tests/WitchCityRope.Core.Tests/bin/Debug/net9.0/WitchCityRope.Core.Tests.dll" adapterTypeName="executor://xunit/VsTestRunner3/netcore/" className="WitchCityRope.Core.Tests.ValueObjects.MoneyTests" name="Add_DifferentCurrency_ThrowsDomainException" />
    </UnitTest>
    <UnitTest name="WitchCityRope.Core.Tests.ValueObjects.EmailAddressTests.DisplayValue_PreservesOriginalCase(input: &quot;TEST@EXAMPLE.COM&quot;, expected: &quot;TEST@EXAMPLE.COM&quot;)" storage="/home/chad/repos/witchcityrope-react/tests/witchcityrope.core.tests/bin/debug/net9.0/witchcityrope.core.tests.dll" id="f1e20cc6-36e9-f4be-b8af-7b8e470faa96">
      <Properties>
        <Property Key="Category" Value="Unit" />
      </Properties>
      <Execution id="654fbb53-55d8-4098-b555-68df8162f0e0" />
      <TestMethod codeBase="/home/chad/repos/witchcityrope-react/tests/WitchCityRope.Core.Tests/bin/Debug/net9.0/WitchCityRope.Core.Tests.dll" adapterTypeName="executor://xunit/VsTestRunner3/netcore/" className="WitchCityRope.Core.Tests.ValueObjects.EmailAddressTests" name="DisplayValue_PreservesOriginalCase" />
    </UnitTest>
    <UnitTest name="WitchCityRope.Core.Tests.Entities.RegistrationTests.IsEligibleForRefund_VariousTimings_ReturnsCorrectResult(hoursBeforeEvent: 48.100000000000001, expectedEligible: True)" storage="/home/chad/repos/witchcityrope-react/tests/witchcityrope.core.tests/bin/debug/net9.0/witchcityrope.core.tests.dll" id="15b218ad-d361-384d-bb79-41a5ba40dc79">
      <Execution id="05a20fd5-fa55-43e2-89f3-e6c646d50397" />
      <TestMethod codeBase="/home/chad/repos/witchcityrope-react/tests/WitchCityRope.Core.Tests/bin/Debug/net9.0/WitchCityRope.Core.Tests.dll" adapterTypeName="executor://xunit/VsTestRunner3/netcore/" className="WitchCityRope.Core.Tests.Entities.RegistrationTests" name="IsEligibleForRefund_VariousTimings_ReturnsCorrectResult" />
    </UnitTest>
    <UnitTest name="WitchCityRope.Core.Tests.ValueObjects.EmailAddressTests.GetHashCode_SameEmailDifferentCase_ReturnsSameHash" storage="/home/chad/repos/witchcityrope-react/tests/witchcityrope.core.tests/bin/debug/net9.0/witchcityrope.core.tests.dll" id="0d8317ff-abfb-72ae-197e-3f07e59847af">
      <Properties>
        <Property Key="Category" Value="Unit" />
      </Properties>
      <Execution id="74caf38a-5c5a-41da-950d-0c2359700408" />
      <TestMethod codeBase="/home/chad/repos/witchcityrope-react/tests/WitchCityRope.Core.Tests/bin/Debug/net9.0/WitchCityRope.Core.Tests.dll" adapterTypeName="executor://xunit/VsTestRunner3/netcore/" className="WitchCityRope.Core.Tests.ValueObjects.EmailAddressTests" name="GetHashCode_SameEmailDifferentCase_ReturnsSameHash" />
    </UnitTest>
    <UnitTest name="WitchCityRope.Core.Tests.ValueObjects.SceneNameTests.GetHashCode_SameNameDifferentCase_ReturnsSameHash" storage="/home/chad/repos/witchcityrope-react/tests/witchcityrope.core.tests/bin/debug/net9.0/witchcityrope.core.tests.dll" id="ed03c588-f9e2-cd50-ea85-d6f0ba338f02">
      <Execution id="4cb608e4-69a0-45a7-a0c9-4a4b55e299dd" />
      <TestMethod codeBase="/home/chad/repos/witchcityrope-react/tests/WitchCityRope.Core.Tests/bin/Debug/net9.0/WitchCityRope.Core.Tests.dll" adapterTypeName="executor://xunit/VsTestRunner3/netcore/" className="WitchCityRope.Core.Tests.ValueObjects.SceneNameTests" name="GetHashCode_SameNameDifferentCase_ReturnsSameHash" />
    </UnitTest>
    <UnitTest name="WitchCityRope.Core.Tests.ValueObjects.EmailAddressTests.Equals_DifferentEmails_ReturnsFalse" storage="/home/chad/repos/witchcityrope-react/tests/witchcityrope.core.tests/bin/debug/net9.0/witchcityrope.core.tests.dll" id="57828f1b-953d-89a2-bee2-b021bb8b5c17">
      <Properties>
        <Property Key="Category" Value="Unit" />
      </Properties>
      <Execution id="41842b9b-4c86-44b9-9792-85880b8abad2" />
      <TestMethod codeBase="/home/chad/repos/witchcityrope-react/tests/WitchCityRope.Core.Tests/bin/Debug/net9.0/WitchCityRope.Core.Tests.dll" adapterTypeName="executor://xunit/VsTestRunner3/netcore/" className="WitchCityRope.Core.Tests.ValueObjects.EmailAddressTests" name="Equals_DifferentEmails_ReturnsFalse" />
    </UnitTest>
    <UnitTest name="WitchCityRope.Core.Tests.ValueObjects.MoneyTests.Create_NegativeAmount_ThrowsDomainException" storage="/home/chad/repos/witchcityrope-react/tests/witchcityrope.core.tests/bin/debug/net9.0/witchcityrope.core.tests.dll" id="c3081fdc-d142-f914-3509-6d3142a54806">
      <Execution id="a9dc5571-696f-41a6-a0da-5b4fced8ebca" />
      <TestMethod codeBase="/home/chad/repos/witchcityrope-react/tests/WitchCityRope.Core.Tests/bin/Debug/net9.0/WitchCityRope.Core.Tests.dll" adapterTypeName="executor://xunit/VsTestRunner3/netcore/" className="WitchCityRope.Core.Tests.ValueObjects.MoneyTests" name="Create_NegativeAmount_ThrowsDomainException" />
    </UnitTest>
    <UnitTest name="WitchCityRope.Core.Tests.ValueObjects.MoneyTests.Multiply_ValidFactor_MultipliesSuccessfully(amount: 100, factor: 0, expected: 0)" storage="/home/chad/repos/witchcityrope-react/tests/witchcityrope.core.tests/bin/debug/net9.0/witchcityrope.core.tests.dll" id="dafcd462-6d8d-7546-db79-401cb1f8ea54">
      <Execution id="ac302753-ade7-481b-8206-4c384c5130f6" />
      <TestMethod codeBase="/home/chad/repos/witchcityrope-react/tests/WitchCityRope.Core.Tests/bin/Debug/net9.0/WitchCityRope.Core.Tests.dll" adapterTypeName="executor://xunit/VsTestRunner3/netcore/" className="WitchCityRope.Core.Tests.ValueObjects.MoneyTests" name="Multiply_ValidFactor_MultipliesSuccessfully" />
    </UnitTest>
    <UnitTest name="WitchCityRope.Core.Tests.Entities.RegistrationTests.Cancel_WithinRefundWindow_InitiatesRefund" storage="/home/chad/repos/witchcityrope-react/tests/witchcityrope.core.tests/bin/debug/net9.0/witchcityrope.core.tests.dll" id="e89f905b-b16f-0fd9-64cf-2a0e1a553eeb">
      <Execution id="07fcbd03-52de-4c7b-b29f-047a8b151259" />
      <TestMethod codeBase="/home/chad/repos/witchcityrope-react/tests/WitchCityRope.Core.Tests/bin/Debug/net9.0/WitchCityRope.Core.Tests.dll" adapterTypeName="executor://xunit/VsTestRunner3/netcore/" className="WitchCityRope.Core.Tests.Entities.RegistrationTests" name="Cancel_WithinRefundWindow_InitiatesRefund" />
    </UnitTest>
    <UnitTest name="WitchCityRope.Core.Tests.ValueObjects.SceneNameTests.Create_ValidSceneName_CreatesSuccessfully(name: &quot;Scene Name&quot;)" storage="/home/chad/repos/witchcityrope-react/tests/witchcityrope.core.tests/bin/debug/net9.0/witchcityrope.core.tests.dll" id="6e472b23-c7af-c847-8f3d-5f6c902a0623">
      <Execution id="b01cce3c-3d00-480c-9a0b-e8dbf9f66456" />
      <TestMethod codeBase="/home/chad/repos/witchcityrope-react/tests/WitchCityRope.Core.Tests/bin/Debug/net9.0/WitchCityRope.Core.Tests.dll" adapterTypeName="executor://xunit/VsTestRunner3/netcore/" className="WitchCityRope.Core.Tests.ValueObjects.SceneNameTests" name="Create_ValidSceneName_CreatesSuccessfully" />
    </UnitTest>
    <UnitTest name="WitchCityRope.Core.Tests.Entities.RegistrationTests.Constructor_SelectsLowestPriceTier_ValidatesSuccessfully" storage="/home/chad/repos/witchcityrope-react/tests/witchcityrope.core.tests/bin/debug/net9.0/witchcityrope.core.tests.dll" id="1a91289e-57e5-be3c-8381-67252df4124f">
      <Execution id="d0f393c7-a00b-40ae-b457-03379223da5e" />
      <TestMethod codeBase="/home/chad/repos/witchcityrope-react/tests/WitchCityRope.Core.Tests/bin/Debug/net9.0/WitchCityRope.Core.Tests.dll" adapterTypeName="executor://xunit/VsTestRunner3/netcore/" className="WitchCityRope.Core.Tests.Entities.RegistrationTests" name="Constructor_SelectsLowestPriceTier_ValidatesSuccessfully" />
    </UnitTest>
    <UnitTest name="WitchCityRope.Core.Tests.ValueObjects.MoneyTests.Create_LowercaseCurrency_ConvertsToUppercase" storage="/home/chad/repos/witchcityrope-react/tests/witchcityrope.core.tests/bin/debug/net9.0/witchcityrope.core.tests.dll" id="81c4e769-cb62-799e-3506-93d60500134c">
      <Execution id="710b2788-5711-4d9d-8e57-63a2d544cbe0" />
      <TestMethod codeBase="/home/chad/repos/witchcityrope-react/tests/WitchCityRope.Core.Tests/bin/Debug/net9.0/WitchCityRope.Core.Tests.dll" adapterTypeName="executor://xunit/VsTestRunner3/netcore/" className="WitchCityRope.Core.Tests.ValueObjects.MoneyTests" name="Create_LowercaseCurrency_ConvertsToUppercase" />
    </UnitTest>
    <UnitTest name="WitchCityRope.Core.Tests.ValueObjects.EmailAddressTests.Value_AlwaysLowercase(input: &quot;Test@Example.Com&quot;, expected: &quot;test@example.com&quot;)" storage="/home/chad/repos/witchcityrope-react/tests/witchcityrope.core.tests/bin/debug/net9.0/witchcityrope.core.tests.dll" id="d455764c-ebf5-92ab-8b89-d7a291338524">
      <Properties>
        <Property Key="Category" Value="Unit" />
      </Properties>
      <Execution id="9b178a85-418e-441b-9dee-ed627f510e25" />
      <TestMethod codeBase="/home/chad/repos/witchcityrope-react/tests/WitchCityRope.Core.Tests/bin/Debug/net9.0/WitchCityRope.Core.Tests.dll" adapterTypeName="executor://xunit/VsTestRunner3/netcore/" className="WitchCityRope.Core.Tests.ValueObjects.EmailAddressTests" name="Value_AlwaysLowercase" />
    </UnitTest>
    <UnitTest name="WitchCityRope.Core.Tests.Entities.RegistrationTests.Cancel_PendingRegistration_CancelsSuccessfully" storage="/home/chad/repos/witchcityrope-react/tests/witchcityrope.core.tests/bin/debug/net9.0/witchcityrope.core.tests.dll" id="68159470-54bd-6fc2-a6df-cfd6e298d6cb">
      <Execution id="de0ab60c-cc3d-49c1-a2d0-b52b2bb5c194" />
      <TestMethod codeBase="/home/chad/repos/witchcityrope-react/tests/WitchCityRope.Core.Tests/bin/Debug/net9.0/WitchCityRope.Core.Tests.dll" adapterTypeName="executor://xunit/VsTestRunner3/netcore/" className="WitchCityRope.Core.Tests.Entities.RegistrationTests" name="Cancel_PendingRegistration_CancelsSuccessfully" />
    </UnitTest>
    <UnitTest name="WitchCityRope.Core.Tests.ValueObjects.MoneyTests.Equals_DifferentCurrency_ReturnsFalse" storage="/home/chad/repos/witchcityrope-react/tests/witchcityrope.core.tests/bin/debug/net9.0/witchcityrope.core.tests.dll" id="ba8d6819-dbe5-0f3d-526a-f7efd7301504">
      <Execution id="7c8ef26a-30e5-4644-81a3-198ec91c529b" />
      <TestMethod codeBase="/home/chad/repos/witchcityrope-react/tests/WitchCityRope.Core.Tests/bin/Debug/net9.0/WitchCityRope.Core.Tests.dll" adapterTypeName="executor://xunit/VsTestRunner3/netcore/" className="WitchCityRope.Core.Tests.ValueObjects.MoneyTests" name="Equals_DifferentCurrency_ReturnsFalse" />
    </UnitTest>
    <UnitTest name="WitchCityRope.Core.Tests.ValueObjects.EmailAddressTests.Create_InvalidFormat_ThrowsDomainException(email: &quot;user@&quot;)" storage="/home/chad/repos/witchcityrope-react/tests/witchcityrope.core.tests/bin/debug/net9.0/witchcityrope.core.tests.dll" id="84dcc98b-de79-8a60-e10c-9ece06fa7fb3">
      <Properties>
        <Property Key="Category" Value="Unit" />
      </Properties>
      <Execution id="08555b14-b309-430f-8fe1-e6da51bb0e39" />
      <TestMethod codeBase="/home/chad/repos/witchcityrope-react/tests/WitchCityRope.Core.Tests/bin/Debug/net9.0/WitchCityRope.Core.Tests.dll" adapterTypeName="executor://xunit/VsTestRunner3/netcore/" className="WitchCityRope.Core.Tests.ValueObjects.EmailAddressTests" name="Create_InvalidFormat_ThrowsDomainException" />
    </UnitTest>
    <UnitTest name="WitchCityRope.Core.Tests.ValueObjects.MoneyTests.Create_ValidAmount_CreatesSuccessfully(amount: 10.5)" storage="/home/chad/repos/witchcityrope-react/tests/witchcityrope.core.tests/bin/debug/net9.0/witchcityrope.core.tests.dll" id="4b09bb72-974f-d7f4-bee4-dbca350a7176">
      <Execution id="74383899-c8cc-44d7-a3bf-c796c2fd9a18" />
      <TestMethod codeBase="/home/chad/repos/witchcityrope-react/tests/WitchCityRope.Core.Tests/bin/Debug/net9.0/WitchCityRope.Core.Tests.dll" adapterTypeName="executor://xunit/VsTestRunner3/netcore/" className="WitchCityRope.Core.Tests.ValueObjects.MoneyTests" name="Create_ValidAmount_CreatesSuccessfully" />
    </UnitTest>
    <UnitTest name="WitchCityRope.Core.Tests.Entities.EventTests.Constructor_VariousCapacities_CreatesSuccessfully(capacity: 100)" storage="/home/chad/repos/witchcityrope-react/tests/witchcityrope.core.tests/bin/debug/net9.0/witchcityrope.core.tests.dll" id="a1b786bd-3420-a755-d1b7-26283940726c">
      <Execution id="2fb307fd-0be1-4169-b044-bad9bd83e5a4" />
      <TestMethod codeBase="/home/chad/repos/witchcityrope-react/tests/WitchCityRope.Core.Tests/bin/Debug/net9.0/WitchCityRope.Core.Tests.dll" adapterTypeName="executor://xunit/VsTestRunner3/netcore/" className="WitchCityRope.Core.Tests.Entities.EventTests" name="Constructor_VariousCapacities_CreatesSuccessfully" />
    </UnitTest>
    <UnitTest name="WitchCityRope.Core.Tests.Entities.UserTests.Deactivate_ActiveUser_DeactivatesSuccessfully" storage="/home/chad/repos/witchcityrope-react/tests/witchcityrope.core.tests/bin/debug/net9.0/witchcityrope.core.tests.dll" id="390f5574-ce2b-a8b0-ecb1-10d89b55bb71">
      <Execution id="50fd9e8d-6260-48ac-9398-bd8636b5478b" />
      <TestMethod codeBase="/home/chad/repos/witchcityrope-react/tests/WitchCityRope.Core.Tests/bin/Debug/net9.0/WitchCityRope.Core.Tests.dll" adapterTypeName="executor://xunit/VsTestRunner3/netcore/" className="WitchCityRope.Core.Tests.Entities.UserTests" name="Deactivate_ActiveUser_DeactivatesSuccessfully" />
    </UnitTest>
    <UnitTest name="WitchCityRope.Core.Tests.ValueObjects.SceneNameTests.Create_ValidSceneName_CreatesSuccessfully(name: &quot;AB&quot;)" storage="/home/chad/repos/witchcityrope-react/tests/witchcityrope.core.tests/bin/debug/net9.0/witchcityrope.core.tests.dll" id="67df0293-27d6-f4c5-0e20-f1ffe205ccc9">
      <Execution id="4838e70f-c18e-4c2e-94d6-f2ebdb39d620" />
      <TestMethod codeBase="/home/chad/repos/witchcityrope-react/tests/WitchCityRope.Core.Tests/bin/Debug/net9.0/WitchCityRope.Core.Tests.dll" adapterTypeName="executor://xunit/VsTestRunner3/netcore/" className="WitchCityRope.Core.Tests.ValueObjects.SceneNameTests" name="Create_ValidSceneName_CreatesSuccessfully" />
    </UnitTest>
    <UnitTest name="WitchCityRope.Core.Tests.Entities.EventTests.RemoveOrganizer_MultipleOrganizers_RemovesSuccessfully" storage="/home/chad/repos/witchcityrope-react/tests/witchcityrope.core.tests/bin/debug/net9.0/witchcityrope.core.tests.dll" id="d16237a8-90bf-68f0-8cb9-70c28d5553b3">
      <Execution id="965ef345-3bc6-47eb-bb49-682a383f234a" />
      <TestMethod codeBase="/home/chad/repos/witchcityrope-react/tests/WitchCityRope.Core.Tests/bin/Debug/net9.0/WitchCityRope.Core.Tests.dll" adapterTypeName="executor://xunit/VsTestRunner3/netcore/" className="WitchCityRope.Core.Tests.Entities.EventTests" name="RemoveOrganizer_MultipleOrganizers_RemovesSuccessfully" />
    </UnitTest>
    <UnitTest name="WitchCityRope.Core.Tests.Entities.EventTests.Constructor_VariousCapacities_CreatesSuccessfully(capacity: 1)" storage="/home/chad/repos/witchcityrope-react/tests/witchcityrope.core.tests/bin/debug/net9.0/witchcityrope.core.tests.dll" id="13e9326e-8fe8-43a8-c4a7-f5d4fe61d313">
      <Execution id="ed2252d0-c5c8-4290-ba12-3c1e00771524" />
      <TestMethod codeBase="/home/chad/repos/witchcityrope-react/tests/WitchCityRope.Core.Tests/bin/Debug/net9.0/WitchCityRope.Core.Tests.dll" adapterTypeName="executor://xunit/VsTestRunner3/netcore/" className="WitchCityRope.Core.Tests.Entities.EventTests" name="Constructor_VariousCapacities_CreatesSuccessfully" />
    </UnitTest>
    <UnitTest name="WitchCityRope.Core.Tests.ValueObjects.EmailAddressTests.GetLocalPart_ValidEmail_ReturnsLocalPart" storage="/home/chad/repos/witchcityrope-react/tests/witchcityrope.core.tests/bin/debug/net9.0/witchcityrope.core.tests.dll" id="b0987aca-f375-7579-f115-4e980fac2fe4">
      <Properties>
        <Property Key="Category" Value="Unit" />
      </Properties>
      <Execution id="b1168e99-af8f-4bed-ba93-579e59611a12" />
      <TestMethod codeBase="/home/chad/repos/witchcityrope-react/tests/WitchCityRope.Core.Tests/bin/Debug/net9.0/WitchCityRope.Core.Tests.dll" adapterTypeName="executor://xunit/VsTestRunner3/netcore/" className="WitchCityRope.Core.Tests.ValueObjects.EmailAddressTests" name="GetLocalPart_ValidEmail_ReturnsLocalPart" />
    </UnitTest>
    <UnitTest name="WitchCityRope.Core.Tests.ValueObjects.EmailAddressTests.TryCreate_InvalidEmail_ReturnsFalse(invalidEmail: &quot;@example.com&quot;)" storage="/home/chad/repos/witchcityrope-react/tests/witchcityrope.core.tests/bin/debug/net9.0/witchcityrope.core.tests.dll" id="2c65e45d-6c80-9ae7-ff51-b65cb1415f9c">
      <Properties>
        <Property Key="Category" Value="Unit" />
      </Properties>
      <Execution id="aec4f919-6d5b-4dfe-8bed-55756b3da6e5" />
      <TestMethod codeBase="/home/chad/repos/witchcityrope-react/tests/WitchCityRope.Core.Tests/bin/Debug/net9.0/WitchCityRope.Core.Tests.dll" adapterTypeName="executor://xunit/VsTestRunner3/netcore/" className="WitchCityRope.Core.Tests.ValueObjects.EmailAddressTests" name="TryCreate_InvalidEmail_ReturnsFalse" />
    </UnitTest>
    <UnitTest name="WitchCityRope.Core.Tests.ValueObjects.EmailAddressTests.Create_InvalidFormat_ThrowsDomainException(email: &quot;user@exam ple.com&quot;)" storage="/home/chad/repos/witchcityrope-react/tests/witchcityrope.core.tests/bin/debug/net9.0/witchcityrope.core.tests.dll" id="f59f7a21-07b4-832f-fda9-0f8e86b99025">
      <Properties>
        <Property Key="Category" Value="Unit" />
      </Properties>
      <Execution id="6024a766-27ef-45d5-aa75-04c18f5a827a" />
      <TestMethod codeBase="/home/chad/repos/witchcityrope-react/tests/WitchCityRope.Core.Tests/bin/Debug/net9.0/WitchCityRope.Core.Tests.dll" adapterTypeName="executor://xunit/VsTestRunner3/netcore/" className="WitchCityRope.Core.Tests.ValueObjects.EmailAddressTests" name="Create_InvalidFormat_ThrowsDomainException" />
    </UnitTest>
    <UnitTest name="WitchCityRope.Core.Tests.ValueObjects.EmailAddressTests.Create_EmailWithWhitespace_TrimsSuccessfully" storage="/home/chad/repos/witchcityrope-react/tests/witchcityrope.core.tests/bin/debug/net9.0/witchcityrope.core.tests.dll" id="9bb9adcb-9120-fe9b-ae69-727878a9049c">
      <Properties>
        <Property Key="Category" Value="Unit" />
      </Properties>
      <Execution id="044c8c37-3e89-4d14-85dd-cd3346453405" />
      <TestMethod codeBase="/home/chad/repos/witchcityrope-react/tests/WitchCityRope.Core.Tests/bin/Debug/net9.0/WitchCityRope.Core.Tests.dll" adapterTypeName="executor://xunit/VsTestRunner3/netcore/" className="WitchCityRope.Core.Tests.ValueObjects.EmailAddressTests" name="Create_EmailWithWhitespace_TrimsSuccessfully" />
    </UnitTest>
    <UnitTest name="WitchCityRope.Core.Tests.ValueObjects.SceneNameTests.CaseInsensitiveComparison_WorksCorrectly(name1: &quot;SCENE NAME&quot;, name2: &quot;Scene Name&quot;)" storage="/home/chad/repos/witchcityrope-react/tests/witchcityrope.core.tests/bin/debug/net9.0/witchcityrope.core.tests.dll" id="13649248-17fa-672a-9167-63b725801bed">
      <Execution id="95138629-52c3-4986-9ee6-7341db579838" />
      <TestMethod codeBase="/home/chad/repos/witchcityrope-react/tests/WitchCityRope.Core.Tests/bin/Debug/net9.0/WitchCityRope.Core.Tests.dll" adapterTypeName="executor://xunit/VsTestRunner3/netcore/" className="WitchCityRope.Core.Tests.ValueObjects.SceneNameTests" name="CaseInsensitiveComparison_WorksCorrectly" />
    </UnitTest>
    <UnitTest name="WitchCityRope.Core.Tests.ValueObjects.SceneNameTests.Create_EmptyOrNull_ThrowsArgumentException(name: null)" storage="/home/chad/repos/witchcityrope-react/tests/witchcityrope.core.tests/bin/debug/net9.0/witchcityrope.core.tests.dll" id="0c59e933-24d5-adbb-33bf-d68b154cd5f8">
      <Execution id="d4467327-cf35-46d9-bbf7-4b44a687aefa" />
      <TestMethod codeBase="/home/chad/repos/witchcityrope-react/tests/WitchCityRope.Core.Tests/bin/Debug/net9.0/WitchCityRope.Core.Tests.dll" adapterTypeName="executor://xunit/VsTestRunner3/netcore/" className="WitchCityRope.Core.Tests.ValueObjects.SceneNameTests" name="Create_EmptyOrNull_ThrowsArgumentException" />
    </UnitTest>
    <UnitTest name="WitchCityRope.Core.Tests.Entities.EventTests.UpdateCapacity_LessThanConfirmedRegistrations_ThrowsDomainException" storage="/home/chad/repos/witchcityrope-react/tests/witchcityrope.core.tests/bin/debug/net9.0/witchcityrope.core.tests.dll" id="e773b851-8c18-36bf-b413-b6eff82ab4e8">
      <Execution id="63fbd311-eb7b-48c2-be04-7b8ac5f37b96" />
      <TestMethod codeBase="/home/chad/repos/witchcityrope-react/tests/WitchCityRope.Core.Tests/bin/Debug/net9.0/WitchCityRope.Core.Tests.dll" adapterTypeName="executor://xunit/VsTestRunner3/netcore/" className="WitchCityRope.Core.Tests.Entities.EventTests" name="UpdateCapacity_LessThanConfirmedRegistrations_ThrowsDomainException" />
    </UnitTest>
    <UnitTest name="WitchCityRope.Core.Tests.ValueObjects.SceneNameTests.CaseInsensitiveComparison_WorksCorrectly(name1: &quot;scene name&quot;, name2: &quot;SCENE NAME&quot;)" storage="/home/chad/repos/witchcityrope-react/tests/witchcityrope.core.tests/bin/debug/net9.0/witchcityrope.core.tests.dll" id="dcd2f006-b615-aca4-03f2-93049cc2989f">
      <Execution id="e7183609-1f48-47f9-af97-24833cf3933a" />
      <TestMethod codeBase="/home/chad/repos/witchcityrope-react/tests/WitchCityRope.Core.Tests/bin/Debug/net9.0/WitchCityRope.Core.Tests.dll" adapterTypeName="executor://xunit/VsTestRunner3/netcore/" className="WitchCityRope.Core.Tests.ValueObjects.SceneNameTests" name="CaseInsensitiveComparison_WorksCorrectly" />
    </UnitTest>
    <UnitTest name="WitchCityRope.Core.Tests.Entities.EventTests.HasAvailableCapacity_SpotsAvailable_ReturnsTrue" storage="/home/chad/repos/witchcityrope-react/tests/witchcityrope.core.tests/bin/debug/net9.0/witchcityrope.core.tests.dll" id="cff969f1-ffa2-d5f1-9715-5a871f37fe84">
      <Execution id="ee441578-b882-4b52-b203-f99bc92669c0" />
      <TestMethod codeBase="/home/chad/repos/witchcityrope-react/tests/WitchCityRope.Core.Tests/bin/Debug/net9.0/WitchCityRope.Core.Tests.dll" adapterTypeName="executor://xunit/VsTestRunner3/netcore/" className="WitchCityRope.Core.Tests.Entities.EventTests" name="HasAvailableCapacity_SpotsAvailable_ReturnsTrue" />
    </UnitTest>
    <UnitTest name="WitchCityRope.Core.Tests.ValueObjects.EmailAddressTests.DisplayValue_PreservesOriginalCase(input: &quot;test@example.com&quot;, expected: &quot;test@example.com&quot;)" storage="/home/chad/repos/witchcityrope-react/tests/witchcityrope.core.tests/bin/debug/net9.0/witchcityrope.core.tests.dll" id="0eea5cf3-5217-2650-bfc6-55dedab95adb">
      <Properties>
        <Property Key="Category" Value="Unit" />
      </Properties>
      <Execution id="40551fc3-9460-45c0-bcf2-b7eb55ec39f6" />
      <TestMethod codeBase="/home/chad/repos/witchcityrope-react/tests/WitchCityRope.Core.Tests/bin/Debug/net9.0/WitchCityRope.Core.Tests.dll" adapterTypeName="executor://xunit/VsTestRunner3/netcore/" className="WitchCityRope.Core.Tests.ValueObjects.EmailAddressTests" name="DisplayValue_PreservesOriginalCase" />
    </UnitTest>
    <UnitTest name="WitchCityRope.Core.Tests.ValueObjects.MoneyTests.Zero_DefaultCurrency_CreatesZeroUSD" storage="/home/chad/repos/witchcityrope-react/tests/witchcityrope.core.tests/bin/debug/net9.0/witchcityrope.core.tests.dll" id="f8ab723d-cb6b-49c6-5dbb-7ffd207243cd">
      <Execution id="ecaa666b-5f53-4190-975f-382775f03f9c" />
      <TestMethod codeBase="/home/chad/repos/witchcityrope-react/tests/WitchCityRope.Core.Tests/bin/Debug/net9.0/WitchCityRope.Core.Tests.dll" adapterTypeName="executor://xunit/VsTestRunner3/netcore/" className="WitchCityRope.Core.Tests.ValueObjects.MoneyTests" name="Zero_DefaultCurrency_CreatesZeroUSD" />
    </UnitTest>
    <UnitTest name="WitchCityRope.Core.Tests.ValueObjects.SceneNameTests.Equals_SameNameDifferentCase_ReturnsTrue" storage="/home/chad/repos/witchcityrope-react/tests/witchcityrope.core.tests/bin/debug/net9.0/witchcityrope.core.tests.dll" id="2afd6f8f-09b7-0e10-bd97-8673e46b5e39">
      <Execution id="56f3a68a-fd0f-49dd-a82d-c71f73034b58" />
      <TestMethod codeBase="/home/chad/repos/witchcityrope-react/tests/WitchCityRope.Core.Tests/bin/Debug/net9.0/WitchCityRope.Core.Tests.dll" adapterTypeName="executor://xunit/VsTestRunner3/netcore/" className="WitchCityRope.Core.Tests.ValueObjects.SceneNameTests" name="Equals_SameNameDifferentCase_ReturnsTrue" />
    </UnitTest>
    <UnitTest name="WitchCityRope.Core.Tests.Entities.EventTests.Unpublish_PublishedEventNoRegistrations_UnpublishesSuccessfully" storage="/home/chad/repos/witchcityrope-react/tests/witchcityrope.core.tests/bin/debug/net9.0/witchcityrope.core.tests.dll" id="008887e8-4708-1efe-5a02-72d0dd65e958">
      <Execution id="4ba59bf1-7405-4e83-92f9-82bb08114e31" />
      <TestMethod codeBase="/home/chad/repos/witchcityrope-react/tests/WitchCityRope.Core.Tests/bin/Debug/net9.0/WitchCityRope.Core.Tests.dll" adapterTypeName="executor://xunit/VsTestRunner3/netcore/" className="WitchCityRope.Core.Tests.Entities.EventTests" name="Unpublish_PublishedEventNoRegistrations_UnpublishesSuccessfully" />
    </UnitTest>
    <UnitTest name="WitchCityRope.Core.Tests.ValueObjects.MoneyTests.Zero_SpecificCurrency_CreatesZeroWithCurrency" storage="/home/chad/repos/witchcityrope-react/tests/witchcityrope.core.tests/bin/debug/net9.0/witchcityrope.core.tests.dll" id="e0e2ea60-cab1-78b6-670e-13c80cc25fc2">
      <Execution id="e8ebd5ca-7458-45a1-b2b7-62e96d3eac0f" />
      <TestMethod codeBase="/home/chad/repos/witchcityrope-react/tests/WitchCityRope.Core.Tests/bin/Debug/net9.0/WitchCityRope.Core.Tests.dll" adapterTypeName="executor://xunit/VsTestRunner3/netcore/" className="WitchCityRope.Core.Tests.ValueObjects.MoneyTests" name="Zero_SpecificCurrency_CreatesZeroWithCurrency" />
    </UnitTest>
    <UnitTest name="WitchCityRope.Core.Tests.ValueObjects.EmailAddressTests.ToString_ReturnsDisplayValue" storage="/home/chad/repos/witchcityrope-react/tests/witchcityrope.core.tests/bin/debug/net9.0/witchcityrope.core.tests.dll" id="40c5fe37-8eee-b570-c8e5-584c9555dd5b">
      <Properties>
        <Property Key="Category" Value="Unit" />
      </Properties>
      <Execution id="971902a9-a746-4ef4-aaa6-3964ea37a02c" />
      <TestMethod codeBase="/home/chad/repos/witchcityrope-react/tests/WitchCityRope.Core.Tests/bin/Debug/net9.0/WitchCityRope.Core.Tests.dll" adapterTypeName="executor://xunit/VsTestRunner3/netcore/" className="WitchCityRope.Core.Tests.ValueObjects.EmailAddressTests" name="ToString_ReturnsDisplayValue" />
    </UnitTest>
    <UnitTest name="WitchCityRope.Core.Tests.Entities.RegistrationTests.StatusTransitions_VariousScenarios_BehavesCorrectly(initialStatus: CheckedIn, targetStatus: Cancelled, shouldSucceed: False)" storage="/home/chad/repos/witchcityrope-react/tests/witchcityrope.core.tests/bin/debug/net9.0/witchcityrope.core.tests.dll" id="3462bc0a-8d33-ca36-1dea-0c030b723bac">
      <Execution id="180e7be5-8c69-4b82-976f-cd321a8cd4db" />
      <TestMethod codeBase="/home/chad/repos/witchcityrope-react/tests/WitchCityRope.Core.Tests/bin/Debug/net9.0/WitchCityRope.Core.Tests.dll" adapterTypeName="executor://xunit/VsTestRunner3/netcore/" className="WitchCityRope.Core.Tests.Entities.RegistrationTests" name="StatusTransitions_VariousScenarios_BehavesCorrectly" />
    </UnitTest>
    <UnitTest name="WitchCityRope.Core.Tests.Entities.RegistrationTests.StatusTransitions_VariousScenarios_BehavesCorrectly(initialStatus: Confirmed, targetStatus: CheckedIn, shouldSucceed: True)" storage="/home/chad/repos/witchcityrope-react/tests/witchcityrope.core.tests/bin/debug/net9.0/witchcityrope.core.tests.dll" id="29518f0a-7330-4b80-0907-a4ac839337bc">
      <Execution id="5ad9bf9a-d550-440a-b25a-636eb8474f18" />
      <TestMethod codeBase="/home/chad/repos/witchcityrope-react/tests/WitchCityRope.Core.Tests/bin/Debug/net9.0/WitchCityRope.Core.Tests.dll" adapterTypeName="executor://xunit/VsTestRunner3/netcore/" className="WitchCityRope.Core.Tests.Entities.RegistrationTests" name="StatusTransitions_VariousScenarios_BehavesCorrectly" />
    </UnitTest>
    <UnitTest name="WitchCityRope.Core.Tests.ValueObjects.EmailAddressTests.Value_AlwaysLowercase(input: &quot;test@example.com&quot;, expected: &quot;test@example.com&quot;)" storage="/home/chad/repos/witchcityrope-react/tests/witchcityrope.core.tests/bin/debug/net9.0/witchcityrope.core.tests.dll" id="a7c3958c-ed08-701d-04ac-eb4a143df517">
      <Properties>
        <Property Key="Category" Value="Unit" />
      </Properties>
      <Execution id="084f452c-2714-494e-b3ee-b89a13ca79d7" />
      <TestMethod codeBase="/home/chad/repos/witchcityrope-react/tests/WitchCityRope.Core.Tests/bin/Debug/net9.0/WitchCityRope.Core.Tests.dll" adapterTypeName="executor://xunit/VsTestRunner3/netcore/" className="WitchCityRope.Core.Tests.ValueObjects.EmailAddressTests" name="Value_AlwaysLowercase" />
    </UnitTest>
    <UnitTest name="WitchCityRope.Core.Tests.ValueObjects.MoneyTests.OperatorPlus_SameCurrency_AddsSuccessfully" storage="/home/chad/repos/witchcityrope-react/tests/witchcityrope.core.tests/bin/debug/net9.0/witchcityrope.core.tests.dll" id="b7ca36a5-b386-7d2d-22ea-8eeb210acc8b">
      <Execution id="575f2958-1ade-4dd6-960e-20f5a5550d9b" />
      <TestMethod codeBase="/home/chad/repos/witchcityrope-react/tests/WitchCityRope.Core.Tests/bin/Debug/net9.0/WitchCityRope.Core.Tests.dll" adapterTypeName="executor://xunit/VsTestRunner3/netcore/" className="WitchCityRope.Core.Tests.ValueObjects.MoneyTests" name="OperatorPlus_SameCurrency_AddsSuccessfully" />
    </UnitTest>
    <UnitTest name="WitchCityRope.Core.Tests.ValueObjects.MoneyTests.Subtract_DifferentCurrency_ThrowsDomainException" storage="/home/chad/repos/witchcityrope-react/tests/witchcityrope.core.tests/bin/debug/net9.0/witchcityrope.core.tests.dll" id="a17f7256-4498-6316-6913-96f986b70443">
      <Execution id="57d6da1f-9acb-4a08-a543-b33e1bda4112" />
      <TestMethod codeBase="/home/chad/repos/witchcityrope-react/tests/WitchCityRope.Core.Tests/bin/Debug/net9.0/WitchCityRope.Core.Tests.dll" adapterTypeName="executor://xunit/VsTestRunner3/netcore/" className="WitchCityRope.Core.Tests.ValueObjects.MoneyTests" name="Subtract_DifferentCurrency_ThrowsDomainException" />
    </UnitTest>
    <UnitTest name="WitchCityRope.Core.Tests.ValueObjects.MoneyTests.Create_ValidAmount_CreatesSuccessfully(amount: 0.01)" storage="/home/chad/repos/witchcityrope-react/tests/witchcityrope.core.tests/bin/debug/net9.0/witchcityrope.core.tests.dll" id="0d2531b7-57a8-6cf2-eb3a-7be7131df56a">
      <Execution id="adca4acd-b5c7-4855-b0df-95244e065a3b" />
      <TestMethod codeBase="/home/chad/repos/witchcityrope-react/tests/WitchCityRope.Core.Tests/bin/Debug/net9.0/WitchCityRope.Core.Tests.dll" adapterTypeName="executor://xunit/VsTestRunner3/netcore/" className="WitchCityRope.Core.Tests.ValueObjects.MoneyTests" name="Create_ValidAmount_CreatesSuccessfully" />
    </UnitTest>
    <UnitTest name="WitchCityRope.Core.Tests.Entities.EventTests.UpdateCapacity_IncreaseCapacity_UpdatesSuccessfully" storage="/home/chad/repos/witchcityrope-react/tests/witchcityrope.core.tests/bin/debug/net9.0/witchcityrope.core.tests.dll" id="05cc17c1-28ea-dce3-3c35-bd28b793225a">
      <Execution id="08b89da8-be13-4c5f-8bcf-185f239f32b8" />
      <TestMethod codeBase="/home/chad/repos/witchcityrope-react/tests/WitchCityRope.Core.Tests/bin/Debug/net9.0/WitchCityRope.Core.Tests.dll" adapterTypeName="executor://xunit/VsTestRunner3/netcore/" className="WitchCityRope.Core.Tests.Entities.EventTests" name="UpdateCapacity_IncreaseCapacity_UpdatesSuccessfully" />
    </UnitTest>
    <UnitTest name="WitchCityRope.Core.Tests.ValueObjects.EmailAddressTests.GetDomain_ValidEmail_ReturnsDomain" storage="/home/chad/repos/witchcityrope-react/tests/witchcityrope.core.tests/bin/debug/net9.0/witchcityrope.core.tests.dll" id="050a66e0-21ae-c17c-375d-3763e7631c09">
      <Properties>
        <Property Key="Category" Value="Unit" />
      </Properties>
      <Execution id="bebed55f-68e8-4412-a448-6bce8a8908ca" />
      <TestMethod codeBase="/home/chad/repos/witchcityrope-react/tests/WitchCityRope.Core.Tests/bin/Debug/net9.0/WitchCityRope.Core.Tests.dll" adapterTypeName="executor://xunit/VsTestRunner3/netcore/" className="WitchCityRope.Core.Tests.ValueObjects.EmailAddressTests" name="GetDomain_ValidEmail_ReturnsDomain" />
    </UnitTest>
    <UnitTest name="WitchCityRope.Core.Tests.Entities.EventTests.PricingTiers_SlidingScale_MaintainsOrder" storage="/home/chad/repos/witchcityrope-react/tests/witchcityrope.core.tests/bin/debug/net9.0/witchcityrope.core.tests.dll" id="2838e25d-5b0f-3a89-fae4-3fa22a310c96">
      <Execution id="f4984b97-dbe1-4db0-b14b-6f000d2e79ef" />
      <TestMethod codeBase="/home/chad/repos/witchcityrope-react/tests/WitchCityRope.Core.Tests/bin/Debug/net9.0/WitchCityRope.Core.Tests.dll" adapterTypeName="executor://xunit/VsTestRunner3/netcore/" className="WitchCityRope.Core.Tests.Entities.EventTests" name="PricingTiers_SlidingScale_MaintainsOrder" />
    </UnitTest>
    <UnitTest name="WitchCityRope.Core.Tests.ValueObjects.EmailAddressTests.TryCreate_InvalidEmail_ReturnsFalse(invalidEmail: &quot;notanemail&quot;)" storage="/home/chad/repos/witchcityrope-react/tests/witchcityrope.core.tests/bin/debug/net9.0/witchcityrope.core.tests.dll" id="85f2852e-58e5-6345-60a2-fbf11f9a2020">
      <Properties>
        <Property Key="Category" Value="Unit" />
      </Properties>
      <Execution id="818c3ea9-dc09-4a7b-b7da-10e088baa3d7" />
      <TestMethod codeBase="/home/chad/repos/witchcityrope-react/tests/WitchCityRope.Core.Tests/bin/Debug/net9.0/WitchCityRope.Core.Tests.dll" adapterTypeName="executor://xunit/VsTestRunner3/netcore/" className="WitchCityRope.Core.Tests.ValueObjects.EmailAddressTests" name="TryCreate_InvalidEmail_ReturnsFalse" />
    </UnitTest>
    <UnitTest name="WitchCityRope.Core.Tests.ValueObjects.MoneyTests.Create_ValidCurrency_CreatesSuccessfully(currency: &quot;EUR&quot;)" storage="/home/chad/repos/witchcityrope-react/tests/witchcityrope.core.tests/bin/debug/net9.0/witchcityrope.core.tests.dll" id="9999148d-bc60-e4a0-453e-526e689ed5b8">
      <Execution id="1bab86fe-4cca-435b-85d1-de634e02f834" />
      <TestMethod codeBase="/home/chad/repos/witchcityrope-react/tests/WitchCityRope.Core.Tests/bin/Debug/net9.0/WitchCityRope.Core.Tests.dll" adapterTypeName="executor://xunit/VsTestRunner3/netcore/" className="WitchCityRope.Core.Tests.ValueObjects.MoneyTests" name="Create_ValidCurrency_CreatesSuccessfully" />
    </UnitTest>
    <UnitTest name="WitchCityRope.Core.Tests.Entities.RegistrationTests.Confirm_NullPayment_ThrowsArgumentNullException" storage="/home/chad/repos/witchcityrope-react/tests/witchcityrope.core.tests/bin/debug/net9.0/witchcityrope.core.tests.dll" id="290b34ee-8997-dfca-77ff-82ad44a16796">
      <Execution id="63998340-4221-43f2-b703-b065c0dc4e05" />
      <TestMethod codeBase="/home/chad/repos/witchcityrope-react/tests/WitchCityRope.Core.Tests/bin/Debug/net9.0/WitchCityRope.Core.Tests.dll" adapterTypeName="executor://xunit/VsTestRunner3/netcore/" className="WitchCityRope.Core.Tests.Entities.RegistrationTests" name="Confirm_NullPayment_ThrowsArgumentNullException" />
    </UnitTest>
    <UnitTest name="WitchCityRope.Core.Tests.Entities.EventTests.UpdateDetails_ValidData_UpdatesSuccessfully" storage="/home/chad/repos/witchcityrope-react/tests/witchcityrope.core.tests/bin/debug/net9.0/witchcityrope.core.tests.dll" id="82f3a02b-31ab-4418-9795-a2a1b8d17627">
      <Execution id="6b6e6fc9-8ae7-4d78-a15b-0feadcd2ec96" />
      <TestMethod codeBase="/home/chad/repos/witchcityrope-react/tests/WitchCityRope.Core.Tests/bin/Debug/net9.0/WitchCityRope.Core.Tests.dll" adapterTypeName="executor://xunit/VsTestRunner3/netcore/" className="WitchCityRope.Core.Tests.Entities.EventTests" name="UpdateDetails_ValidData_UpdatesSuccessfully" />
    </UnitTest>
    <UnitTest name="WitchCityRope.Core.Tests.ValueObjects.EmailAddressTests.Create_InvalidFormat_ThrowsDomainException(email: &quot;user@.com&quot;)" storage="/home/chad/repos/witchcityrope-react/tests/witchcityrope.core.tests/bin/debug/net9.0/witchcityrope.core.tests.dll" id="c0556428-c4f1-258f-1a7f-499a722b016e">
      <Properties>
        <Property Key="Category" Value="Unit" />
      </Properties>
      <Execution id="56e1b6fc-ba3a-404b-b36c-a5a4bc1e8316" />
      <TestMethod codeBase="/home/chad/repos/witchcityrope-react/tests/WitchCityRope.Core.Tests/bin/Debug/net9.0/WitchCityRope.Core.Tests.dll" adapterTypeName="executor://xunit/VsTestRunner3/netcore/" className="WitchCityRope.Core.Tests.ValueObjects.EmailAddressTests" name="Create_InvalidFormat_ThrowsDomainException" />
    </UnitTest>
    <UnitTest name="WitchCityRope.Core.Tests.ValueObjects.EmailAddressTests.TryCreate_InvalidEmail_ReturnsFalse(invalidEmail: null)" storage="/home/chad/repos/witchcityrope-react/tests/witchcityrope.core.tests/bin/debug/net9.0/witchcityrope.core.tests.dll" id="ef439f9a-370d-abf0-fc41-3f1c34b7e801">
      <Properties>
        <Property Key="Category" Value="Unit" />
      </Properties>
      <Execution id="fe613fb2-1509-44c1-b853-a567cb5cd49d" />
      <TestMethod codeBase="/home/chad/repos/witchcityrope-react/tests/WitchCityRope.Core.Tests/bin/Debug/net9.0/WitchCityRope.Core.Tests.dll" adapterTypeName="executor://xunit/VsTestRunner3/netcore/" className="WitchCityRope.Core.Tests.ValueObjects.EmailAddressTests" name="TryCreate_InvalidEmail_ReturnsFalse" />
    </UnitTest>
    <UnitTest name="WitchCityRope.Core.Tests.ValueObjects.SceneNameTests.ToString_ReturnsValue" storage="/home/chad/repos/witchcityrope-react/tests/witchcityrope.core.tests/bin/debug/net9.0/witchcityrope.core.tests.dll" id="f7d23e18-a648-9711-77fa-7ea2bf00eb97">
      <Execution id="47fb5766-061d-493c-b96b-b4fe5986d211" />
      <TestMethod codeBase="/home/chad/repos/witchcityrope-react/tests/WitchCityRope.Core.Tests/bin/Debug/net9.0/WitchCityRope.Core.Tests.dll" adapterTypeName="executor://xunit/VsTestRunner3/netcore/" className="WitchCityRope.Core.Tests.ValueObjects.SceneNameTests" name="ToString_ReturnsValue" />
    </UnitTest>
    <UnitTest name="WitchCityRope.Core.Tests.Entities.EventTests.Publish_AlreadyPublished_ThrowsDomainException" storage="/home/chad/repos/witchcityrope-react/tests/witchcityrope.core.tests/bin/debug/net9.0/witchcityrope.core.tests.dll" id="2b3fb6ad-f8dd-9716-9a2a-ebbd430d3b9e">
      <Execution id="a0089b8a-bc6f-4339-9c22-53d8fd80efa1" />
      <TestMethod codeBase="/home/chad/repos/witchcityrope-react/tests/WitchCityRope.Core.Tests/bin/Debug/net9.0/WitchCityRope.Core.Tests.dll" adapterTypeName="executor://xunit/VsTestRunner3/netcore/" className="WitchCityRope.Core.Tests.Entities.EventTests" name="Publish_AlreadyPublished_ThrowsDomainException" />
    </UnitTest>
    <UnitTest name="WitchCityRope.Core.Tests.Entities.RegistrationTests.IsEligibleForRefund_NotCancelled_ReturnsFalse" storage="/home/chad/repos/witchcityrope-react/tests/witchcityrope.core.tests/bin/debug/net9.0/witchcityrope.core.tests.dll" id="69a533cc-02b9-6682-8046-8e98933b150c">
      <Execution id="7bafe714-ea11-4ad0-bba3-65f94b959cf1" />
      <TestMethod codeBase="/home/chad/repos/witchcityrope-react/tests/WitchCityRope.Core.Tests/bin/Debug/net9.0/WitchCityRope.Core.Tests.dll" adapterTypeName="executor://xunit/VsTestRunner3/netcore/" className="WitchCityRope.Core.Tests.Entities.RegistrationTests" name="IsEligibleForRefund_NotCancelled_ReturnsFalse" />
    </UnitTest>
    <UnitTest name="WitchCityRope.Core.Tests.Entities.RegistrationTests.StatusTransitions_VariousScenarios_BehavesCorrectly(initialStatus: Confirmed, targetStatus: Cancelled, shouldSucceed: True)" storage="/home/chad/repos/witchcityrope-react/tests/witchcityrope.core.tests/bin/debug/net9.0/witchcityrope.core.tests.dll" id="69a09f52-376a-6f0b-5082-61e182c0b318">
      <Execution id="5fda5858-d013-43ea-abed-1c1e345a38f3" />
      <TestMethod codeBase="/home/chad/repos/witchcityrope-react/tests/WitchCityRope.Core.Tests/bin/Debug/net9.0/WitchCityRope.Core.Tests.dll" adapterTypeName="executor://xunit/VsTestRunner3/netcore/" className="WitchCityRope.Core.Tests.Entities.RegistrationTests" name="StatusTransitions_VariousScenarios_BehavesCorrectly" />
    </UnitTest>
    <UnitTest name="WitchCityRope.Core.Tests.Entities.RegistrationTests.StatusTransitions_VariousScenarios_BehavesCorrectly(initialStatus: Pending, targetStatus: Cancelled, shouldSucceed: True)" storage="/home/chad/repos/witchcityrope-react/tests/witchcityrope.core.tests/bin/debug/net9.0/witchcityrope.core.tests.dll" id="b3adae82-3060-af8b-8907-f3afdf3e3905">
      <Execution id="05a58b6b-49d6-44ea-9536-19075c7f1730" />
      <TestMethod codeBase="/home/chad/repos/witchcityrope-react/tests/WitchCityRope.Core.Tests/bin/Debug/net9.0/WitchCityRope.Core.Tests.dll" adapterTypeName="executor://xunit/VsTestRunner3/netcore/" className="WitchCityRope.Core.Tests.Entities.RegistrationTests" name="StatusTransitions_VariousScenarios_BehavesCorrectly" />
    </UnitTest>
    <UnitTest name="WitchCityRope.Core.Tests.ValueObjects.MoneyTests.CompareTo_SameCurrency_ComparesAmounts" storage="/home/chad/repos/witchcityrope-react/tests/witchcityrope.core.tests/bin/debug/net9.0/witchcityrope.core.tests.dll" id="9453135b-223b-97a5-cd9b-6df89673c33a">
      <Execution id="724bacfc-9182-4d94-8033-1e890edd932c" />
      <TestMethod codeBase="/home/chad/repos/witchcityrope-react/tests/WitchCityRope.Core.Tests/bin/Debug/net9.0/WitchCityRope.Core.Tests.dll" adapterTypeName="executor://xunit/VsTestRunner3/netcore/" className="WitchCityRope.Core.Tests.ValueObjects.MoneyTests" name="CompareTo_SameCurrency_ComparesAmounts" />
    </UnitTest>
    <UnitTest name="WitchCityRope.Core.Tests.Entities.UserTests.PromoteToRole_VariousScenarios_BehavesCorrectly(currentRole: Organizer, newRole: Member, shouldSucceed: False)" storage="/home/chad/repos/witchcityrope-react/tests/witchcityrope.core.tests/bin/debug/net9.0/witchcityrope.core.tests.dll" id="8e5b6cc8-b426-b5a6-a2e6-d33c03b3846d">
      <Execution id="98a1e79a-a53e-45fb-9ce5-2e4e2d146ed8" />
      <TestMethod codeBase="/home/chad/repos/witchcityrope-react/tests/WitchCityRope.Core.Tests/bin/Debug/net9.0/WitchCityRope.Core.Tests.dll" adapterTypeName="executor://xunit/VsTestRunner3/netcore/" className="WitchCityRope.Core.Tests.Entities.UserTests" name="PromoteToRole_VariousScenarios_BehavesCorrectly" />
    </UnitTest>
    <UnitTest name="WitchCityRope.Core.Tests.ValueObjects.SceneNameTests.Equals_NullSceneName_ReturnsFalse" storage="/home/chad/repos/witchcityrope-react/tests/witchcityrope.core.tests/bin/debug/net9.0/witchcityrope.core.tests.dll" id="de32cd1b-7d7c-7f38-c9ad-12abae7a7f92">
      <Execution id="dc0d7ce2-04b8-4272-b563-034e44fb06b3" />
      <TestMethod codeBase="/home/chad/repos/witchcityrope-react/tests/WitchCityRope.Core.Tests/bin/Debug/net9.0/WitchCityRope.Core.Tests.dll" adapterTypeName="executor://xunit/VsTestRunner3/netcore/" className="WitchCityRope.Core.Tests.ValueObjects.SceneNameTests" name="Equals_NullSceneName_ReturnsFalse" />
    </UnitTest>
    <UnitTest name="WitchCityRope.Core.Tests.ValueObjects.MoneyTests.Equals_SameAmountAndCurrency_ReturnsTrue" storage="/home/chad/repos/witchcityrope-react/tests/witchcityrope.core.tests/bin/debug/net9.0/witchcityrope.core.tests.dll" id="cba69a7c-5c84-d4de-0599-cdcdb4c5885a">
      <Execution id="7ac08e28-7c86-43bb-a9b4-3d30e5fd16a4" />
      <TestMethod codeBase="/home/chad/repos/witchcityrope-react/tests/WitchCityRope.Core.Tests/bin/Debug/net9.0/WitchCityRope.Core.Tests.dll" adapterTypeName="executor://xunit/VsTestRunner3/netcore/" className="WitchCityRope.Core.Tests.ValueObjects.MoneyTests" name="Equals_SameAmountAndCurrency_ReturnsTrue" />
    </UnitTest>
    <UnitTest name="WitchCityRope.Core.Tests.Entities.RegistrationTests.UpdateDietaryRestrictions_CancelledRegistration_ThrowsDomainException" storage="/home/chad/repos/witchcityrope-react/tests/witchcityrope.core.tests/bin/debug/net9.0/witchcityrope.core.tests.dll" id="c214f8b2-fb5d-eb0c-dc8f-b53e5bf80bd1">
      <Execution id="524824b1-d1b0-42dd-906e-546636d23056" />
      <TestMethod codeBase="/home/chad/repos/witchcityrope-react/tests/WitchCityRope.Core.Tests/bin/Debug/net9.0/WitchCityRope.Core.Tests.dll" adapterTypeName="executor://xunit/VsTestRunner3/netcore/" className="WitchCityRope.Core.Tests.Entities.RegistrationTests" name="UpdateDietaryRestrictions_CancelledRegistration_ThrowsDomainException" />
    </UnitTest>
    <UnitTest name="WitchCityRope.Core.Tests.ValueObjects.SceneNameTests.Equals_WithObject_WorksCorrectly" storage="/home/chad/repos/witchcityrope-react/tests/witchcityrope.core.tests/bin/debug/net9.0/witchcityrope.core.tests.dll" id="8733cb82-c09e-1fe6-efe8-6e4e312806a6">
      <Execution id="57051a10-cb27-4611-a7dc-6bfdc2e664da" />
      <TestMethod codeBase="/home/chad/repos/witchcityrope-react/tests/WitchCityRope.Core.Tests/bin/Debug/net9.0/WitchCityRope.Core.Tests.dll" adapterTypeName="executor://xunit/VsTestRunner3/netcore/" className="WitchCityRope.Core.Tests.ValueObjects.SceneNameTests" name="Equals_WithObject_WorksCorrectly" />
    </UnitTest>
    <UnitTest name="WitchCityRope.Core.Tests.Entities.UserTests.PromoteToRole_VariousScenarios_BehavesCorrectly(currentRole: Attendee, newRole: Member, shouldSucceed: True)" storage="/home/chad/repos/witchcityrope-react/tests/witchcityrope.core.tests/bin/debug/net9.0/witchcityrope.core.tests.dll" id="2d987cbc-fd5e-628e-2b30-915e893db291">
      <Execution id="ad97e8c7-d8ee-4615-8c02-e302aff82fbd" />
      <TestMethod codeBase="/home/chad/repos/witchcityrope-react/tests/WitchCityRope.Core.Tests/bin/Debug/net9.0/WitchCityRope.Core.Tests.dll" adapterTypeName="executor://xunit/VsTestRunner3/netcore/" className="WitchCityRope.Core.Tests.Entities.UserTests" name="PromoteToRole_VariousScenarios_BehavesCorrectly" />
    </UnitTest>
    <UnitTest name="WitchCityRope.Core.Tests.Entities.EventTests.UpdateDates_StartDateInPast_ThrowsDomainException" storage="/home/chad/repos/witchcityrope-react/tests/witchcityrope.core.tests/bin/debug/net9.0/witchcityrope.core.tests.dll" id="10000ed7-f77c-a414-a92a-a0c685e3c96d">
      <Execution id="0f811926-8701-4c05-abc0-28c93f54c440" />
      <TestMethod codeBase="/home/chad/repos/witchcityrope-react/tests/WitchCityRope.Core.Tests/bin/Debug/net9.0/WitchCityRope.Core.Tests.dll" adapterTypeName="executor://xunit/VsTestRunner3/netcore/" className="WitchCityRope.Core.Tests.Entities.EventTests" name="UpdateDates_StartDateInPast_ThrowsDomainException" />
    </UnitTest>
    <UnitTest name="WitchCityRope.Core.Tests.ValueObjects.SceneNameTests.Value_PreservesOriginalCase(input: &quot;Scene Name&quot;, expected: &quot;Scene Name&quot;)" storage="/home/chad/repos/witchcityrope-react/tests/witchcityrope.core.tests/bin/debug/net9.0/witchcityrope.core.tests.dll" id="22bc6493-6675-abab-9e4f-15cedef729a8">
      <Execution id="24e6f397-9097-4bab-beb3-1639b2bd9093" />
      <TestMethod codeBase="/home/chad/repos/witchcityrope-react/tests/WitchCityRope.Core.Tests/bin/Debug/net9.0/WitchCityRope.Core.Tests.dll" adapterTypeName="executor://xunit/VsTestRunner3/netcore/" className="WitchCityRope.Core.Tests.ValueObjects.SceneNameTests" name="Value_PreservesOriginalCase" />
    </UnitTest>
    <UnitTest name="WitchCityRope.Core.Tests.Entities.UserTests.Reactivate_InactiveUser_ReactivatesSuccessfully" storage="/home/chad/repos/witchcityrope-react/tests/witchcityrope.core.tests/bin/debug/net9.0/witchcityrope.core.tests.dll" id="4e783378-2a91-dd2a-54ca-9c33e9d3fbfa">
      <Execution id="6a0d1378-1d67-4cdc-b405-e91f48707470" />
      <TestMethod codeBase="/home/chad/repos/witchcityrope-react/tests/WitchCityRope.Core.Tests/bin/Debug/net9.0/WitchCityRope.Core.Tests.dll" adapterTypeName="executor://xunit/VsTestRunner3/netcore/" className="WitchCityRope.Core.Tests.Entities.UserTests" name="Reactivate_InactiveUser_ReactivatesSuccessfully" />
    </UnitTest>
    <UnitTest name="WitchCityRope.Core.Tests.Entities.RegistrationTests.Cancel_NullReason_UsesDefaultReason" storage="/home/chad/repos/witchcityrope-react/tests/witchcityrope.core.tests/bin/debug/net9.0/witchcityrope.core.tests.dll" id="bcc1e113-1701-9956-f5a9-415e31736096">
      <Execution id="a832d0ae-5468-4d20-8153-615155673da4" />
      <TestMethod codeBase="/home/chad/repos/witchcityrope-react/tests/WitchCityRope.Core.Tests/bin/Debug/net9.0/WitchCityRope.Core.Tests.dll" adapterTypeName="executor://xunit/VsTestRunner3/netcore/" className="WitchCityRope.Core.Tests.Entities.RegistrationTests" name="Cancel_NullReason_UsesDefaultReason" />
    </UnitTest>
    <UnitTest name="WitchCityRope.Core.Tests.Entities.UserTests.PromoteToRole_VariousScenarios_BehavesCorrectly(currentRole: Organizer, newRole: Moderator, shouldSucceed: True)" storage="/home/chad/repos/witchcityrope-react/tests/witchcityrope.core.tests/bin/debug/net9.0/witchcityrope.core.tests.dll" id="64686666-a5d9-6b6e-00f3-a4a97c5c4745">
      <Execution id="c844bb21-731c-43c8-9451-581c59729909" />
      <TestMethod codeBase="/home/chad/repos/witchcityrope-react/tests/WitchCityRope.Core.Tests/bin/Debug/net9.0/WitchCityRope.Core.Tests.dll" adapterTypeName="executor://xunit/VsTestRunner3/netcore/" className="WitchCityRope.Core.Tests.Entities.UserTests" name="PromoteToRole_VariousScenarios_BehavesCorrectly" />
    </UnitTest>
    <UnitTest name="WitchCityRope.Core.Tests.Entities.UserTests.Constructor_NullSceneName_ThrowsArgumentNullException" storage="/home/chad/repos/witchcityrope-react/tests/witchcityrope.core.tests/bin/debug/net9.0/witchcityrope.core.tests.dll" id="574b0e4a-1088-dc8e-931b-5757557d5af9">
      <Execution id="c3f5ad50-e81b-410b-be12-e25376c0002c" />
      <TestMethod codeBase="/home/chad/repos/witchcityrope-react/tests/WitchCityRope.Core.Tests/bin/Debug/net9.0/WitchCityRope.Core.Tests.dll" adapterTypeName="executor://xunit/VsTestRunner3/netcore/" className="WitchCityRope.Core.Tests.Entities.UserTests" name="Constructor_NullSceneName_ThrowsArgumentNullException" />
    </UnitTest>
    <UnitTest name="WitchCityRope.Core.Tests.ValueObjects.EmailAddressTests.Equals_SameEmailDifferentCase_ReturnsTrue" storage="/home/chad/repos/witchcityrope-react/tests/witchcityrope.core.tests/bin/debug/net9.0/witchcityrope.core.tests.dll" id="4c3704a2-f126-706a-ee45-09631f5d1024">
      <Properties>
        <Property Key="Category" Value="Unit" />
      </Properties>
      <Execution id="de970014-db03-4d76-8387-920642de1ef9" />
      <TestMethod codeBase="/home/chad/repos/witchcityrope-react/tests/WitchCityRope.Core.Tests/bin/Debug/net9.0/WitchCityRope.Core.Tests.dll" adapterTypeName="executor://xunit/VsTestRunner3/netcore/" className="WitchCityRope.Core.Tests.ValueObjects.EmailAddressTests" name="Equals_SameEmailDifferentCase_ReturnsTrue" />
    </UnitTest>
    <UnitTest name="WitchCityRope.Core.Tests.Entities.RegistrationTests.Confirm_IncompletePayment_ThrowsDomainException" storage="/home/chad/repos/witchcityrope-react/tests/witchcityrope.core.tests/bin/debug/net9.0/witchcityrope.core.tests.dll" id="703dfb97-0b83-83a5-714a-04c761334f21">
      <Execution id="94ec05d9-62a8-47b7-8530-f98804bfeab7" />
      <TestMethod codeBase="/home/chad/repos/witchcityrope-react/tests/WitchCityRope.Core.Tests/bin/Debug/net9.0/WitchCityRope.Core.Tests.dll" adapterTypeName="executor://xunit/VsTestRunner3/netcore/" className="WitchCityRope.Core.Tests.Entities.RegistrationTests" name="Confirm_IncompletePayment_ThrowsDomainException" />
    </UnitTest>
    <UnitTest name="WitchCityRope.Core.Tests.Entities.RegistrationTests.Constructor_EventAtCapacity_ThrowsDomainException" storage="/home/chad/repos/witchcityrope-react/tests/witchcityrope.core.tests/bin/debug/net9.0/witchcityrope.core.tests.dll" id="21d49e36-092f-4776-cb8b-30332ca4fe90">
      <Execution id="5e7e1dc5-5f12-442c-9ccd-547b394036d6" />
      <TestMethod codeBase="/home/chad/repos/witchcityrope-react/tests/WitchCityRope.Core.Tests/bin/Debug/net9.0/WitchCityRope.Core.Tests.dll" adapterTypeName="executor://xunit/VsTestRunner3/netcore/" className="WitchCityRope.Core.Tests.Entities.RegistrationTests" name="Constructor_EventAtCapacity_ThrowsDomainException" />
    </UnitTest>
    <UnitTest name="WitchCityRope.Core.Tests.ValueObjects.MoneyTests.Multiply_ValidFactor_MultipliesSuccessfully(amount: 10, factor: 2, expected: 20)" storage="/home/chad/repos/witchcityrope-react/tests/witchcityrope.core.tests/bin/debug/net9.0/witchcityrope.core.tests.dll" id="4397c8ff-627d-79c6-0248-89b8a15bd75a">
      <Execution id="e4ead794-2c4d-4cfd-94af-be816593111f" />
      <TestMethod codeBase="/home/chad/repos/witchcityrope-react/tests/WitchCityRope.Core.Tests/bin/Debug/net9.0/WitchCityRope.Core.Tests.dll" adapterTypeName="executor://xunit/VsTestRunner3/netcore/" className="WitchCityRope.Core.Tests.ValueObjects.MoneyTests" name="Multiply_ValidFactor_MultipliesSuccessfully" />
    </UnitTest>
    <UnitTest name="WitchCityRope.Core.Tests.ValueObjects.SceneNameTests.Create_ValidSceneName_CreatesSuccessfully(name: &quot;Scene-Name&quot;)" storage="/home/chad/repos/witchcityrope-react/tests/witchcityrope.core.tests/bin/debug/net9.0/witchcityrope.core.tests.dll" id="e206ec60-ba6a-86c3-283a-743b9d2de541">
      <Execution id="60067f76-5440-4dd7-8ceb-0483c79fabf7" />
      <TestMethod codeBase="/home/chad/repos/witchcityrope-react/tests/WitchCityRope.Core.Tests/bin/Debug/net9.0/WitchCityRope.Core.Tests.dll" adapterTypeName="executor://xunit/VsTestRunner3/netcore/" className="WitchCityRope.Core.Tests.ValueObjects.SceneNameTests" name="Create_ValidSceneName_CreatesSuccessfully" />
    </UnitTest>
    <UnitTest name="WitchCityRope.Core.Tests.Entities.RegistrationTests.Confirm_PendingRegistrationWithCompletedPayment_ConfirmsSuccessfully" storage="/home/chad/repos/witchcityrope-react/tests/witchcityrope.core.tests/bin/debug/net9.0/witchcityrope.core.tests.dll" id="17510853-dc9d-0e30-3c21-5738bddd2d2c">
      <Execution id="99e5b6bd-82a5-4a6c-905b-feeda4e2b20d" />
      <TestMethod codeBase="/home/chad/repos/witchcityrope-react/tests/WitchCityRope.Core.Tests/bin/Debug/net9.0/WitchCityRope.Core.Tests.dll" adapterTypeName="executor://xunit/VsTestRunner3/netcore/" className="WitchCityRope.Core.Tests.Entities.RegistrationTests" name="Confirm_PendingRegistrationWithCompletedPayment_ConfirmsSuccessfully" />
    </UnitTest>
    <UnitTest name="WitchCityRope.Core.Tests.Entities.UserTests.PromoteToRole_SameRole_ThrowsDomainException" storage="/home/chad/repos/witchcityrope-react/tests/witchcityrope.core.tests/bin/debug/net9.0/witchcityrope.core.tests.dll" id="16b86624-9e7b-1dad-64c2-35f2e1bcf205">
      <Execution id="a68a6185-b682-43ce-93c0-205bb6a25d9a" />
      <TestMethod codeBase="/home/chad/repos/witchcityrope-react/tests/WitchCityRope.Core.Tests/bin/Debug/net9.0/WitchCityRope.Core.Tests.dll" adapterTypeName="executor://xunit/VsTestRunner3/netcore/" className="WitchCityRope.Core.Tests.Entities.UserTests" name="PromoteToRole_SameRole_ThrowsDomainException" />
    </UnitTest>
    <UnitTest name="WitchCityRope.Core.Tests.Entities.UserTests.UpdateEmail_ValidEmail_UpdatesSuccessfully" storage="/home/chad/repos/witchcityrope-react/tests/witchcityrope.core.tests/bin/debug/net9.0/witchcityrope.core.tests.dll" id="9b5af3e7-7cb0-d72f-e621-a08fe9eb4ae5">
      <Execution id="08d1434a-b9ae-434c-abb8-4af57116ac56" />
      <TestMethod codeBase="/home/chad/repos/witchcityrope-react/tests/WitchCityRope.Core.Tests/bin/Debug/net9.0/WitchCityRope.Core.Tests.dll" adapterTypeName="executor://xunit/VsTestRunner3/netcore/" className="WitchCityRope.Core.Tests.Entities.UserTests" name="UpdateEmail_ValidEmail_UpdatesSuccessfully" />
    </UnitTest>
    <UnitTest name="WitchCityRope.Core.Tests.ValueObjects.EmailAddressTests.Equals_NullEmail_ReturnsFalse" storage="/home/chad/repos/witchcityrope-react/tests/witchcityrope.core.tests/bin/debug/net9.0/witchcityrope.core.tests.dll" id="4d097658-d194-1751-06b0-bbf62cb8a2b5">
      <Properties>
        <Property Key="Category" Value="Unit" />
      </Properties>
      <Execution id="b232d7d0-5b93-4ebb-8b71-9a957ea5db89" />
      <TestMethod codeBase="/home/chad/repos/witchcityrope-react/tests/WitchCityRope.Core.Tests/bin/Debug/net9.0/WitchCityRope.Core.Tests.dll" adapterTypeName="executor://xunit/VsTestRunner3/netcore/" className="WitchCityRope.Core.Tests.ValueObjects.EmailAddressTests" name="Equals_NullEmail_ReturnsFalse" />
    </UnitTest>
    <UnitTest name="WitchCityRope.Core.Tests.ValueObjects.MoneyTests.ToString_ReturnsStandardFormat" storage="/home/chad/repos/witchcityrope-react/tests/witchcityrope.core.tests/bin/debug/net9.0/witchcityrope.core.tests.dll" id="1a35023b-af8e-7459-b8da-b70b67577be3">
      <Execution id="429373cd-0de0-4ac4-b9b7-8daf672ff3a9" />
      <TestMethod codeBase="/home/chad/repos/witchcityrope-react/tests/WitchCityRope.Core.Tests/bin/Debug/net9.0/WitchCityRope.Core.Tests.dll" adapterTypeName="executor://xunit/VsTestRunner3/netcore/" className="WitchCityRope.Core.Tests.ValueObjects.MoneyTests" name="ToString_ReturnsStandardFormat" />
    </UnitTest>
  </TestDefinitions>
  <TestEntries>
    <TestEntry testId="574c936a-97e8-6930-d3e3-ee56b6e1968d" executionId="47593f8f-11bf-4556-9bff-a9e4ade5da0b" testListId="8c84fa94-04c1-424b-9868-57a2d4851a1d" />
    <TestEntry testId="0bfa9a81-3d14-9055-54e8-e5fb35de7fcb" executionId="53ce17d1-3563-4065-a09a-5b0441baf848" testListId="8c84fa94-04c1-424b-9868-57a2d4851a1d" />
    <TestEntry testId="290b34ee-8997-dfca-77ff-82ad44a16796" executionId="63998340-4221-43f2-b703-b065c0dc4e05" testListId="8c84fa94-04c1-424b-9868-57a2d4851a1d" />
    <TestEntry testId="608e931e-de24-f30a-1df4-2d44e7f89163" executionId="2e32a089-7ddd-4ec5-beed-21dc6ecaba06" testListId="8c84fa94-04c1-424b-9868-57a2d4851a1d" />
    <TestEntry testId="1a35023b-af8e-7459-b8da-b70b67577be3" executionId="429373cd-0de0-4ac4-b9b7-8daf672ff3a9" testListId="8c84fa94-04c1-424b-9868-57a2d4851a1d" />
    <TestEntry testId="ae396dcc-673d-748e-2480-155148bbd99c" executionId="1aebd4c2-6217-4611-ab0b-fbd2eef1977a" testListId="8c84fa94-04c1-424b-9868-57a2d4851a1d" />
    <TestEntry testId="2b3fb6ad-f8dd-9716-9a2a-ebbd430d3b9e" executionId="a0089b8a-bc6f-4339-9c22-53d8fd80efa1" testListId="8c84fa94-04c1-424b-9868-57a2d4851a1d" />
    <TestEntry testId="2f21a058-e21f-cf4b-831f-a132a3f4eafc" executionId="02d2d602-d3da-4bf6-9777-35a95ab62af6" testListId="8c84fa94-04c1-424b-9868-57a2d4851a1d" />
    <TestEntry testId="7d873735-73f3-afa9-1dba-8902862c0ad8" executionId="cbb511c2-b545-4cbc-b84a-dd3489935aee" testListId="8c84fa94-04c1-424b-9868-57a2d4851a1d" />
    <TestEntry testId="c3e42df9-274a-a616-9d53-0e461b6f0fcc" executionId="601972e3-9952-4a2c-9edb-8424f9056b30" testListId="8c84fa94-04c1-424b-9868-57a2d4851a1d" />
    <TestEntry testId="67df0293-27d6-f4c5-0e20-f1ffe205ccc9" executionId="4838e70f-c18e-4c2e-94d6-f2ebdb39d620" testListId="8c84fa94-04c1-424b-9868-57a2d4851a1d" />
    <TestEntry testId="dcd2f006-b615-aca4-03f2-93049cc2989f" executionId="e7183609-1f48-47f9-af97-24833cf3933a" testListId="8c84fa94-04c1-424b-9868-57a2d4851a1d" />
    <TestEntry testId="69a533cc-02b9-6682-8046-8e98933b150c" executionId="7bafe714-ea11-4ad0-bba3-65f94b959cf1" testListId="8c84fa94-04c1-424b-9868-57a2d4851a1d" />
    <TestEntry testId="d455764c-ebf5-92ab-8b89-d7a291338524" executionId="9b178a85-418e-441b-9dee-ed627f510e25" testListId="8c84fa94-04c1-424b-9868-57a2d4851a1d" />
    <TestEntry testId="0d8317ff-abfb-72ae-197e-3f07e59847af" executionId="74caf38a-5c5a-41da-950d-0c2359700408" testListId="8c84fa94-04c1-424b-9868-57a2d4851a1d" />
    <TestEntry testId="8e5b6cc8-b426-b5a6-a2e6-d33c03b3846d" executionId="98a1e79a-a53e-45fb-9ce5-2e4e2d146ed8" testListId="8c84fa94-04c1-424b-9868-57a2d4851a1d" />
    <TestEntry testId="84dcc98b-de79-8a60-e10c-9ece06fa7fb3" executionId="08555b14-b309-430f-8fe1-e6da51bb0e39" testListId="8c84fa94-04c1-424b-9868-57a2d4851a1d" />
    <TestEntry testId="4b09bb72-974f-d7f4-bee4-dbca350a7176" executionId="74383899-c8cc-44d7-a3bf-c796c2fd9a18" testListId="8c84fa94-04c1-424b-9868-57a2d4851a1d" />
    <TestEntry testId="7cfbf625-df92-ef50-1f46-50f40c1d104f" executionId="be514a49-a1af-4f48-ae4e-071b64d1bc53" testListId="8c84fa94-04c1-424b-9868-57a2d4851a1d" />
    <TestEntry testId="8122439b-37fb-4922-97ba-e403cc364eed" executionId="9087ae3a-bf18-4e25-adfd-98b1f63295ee" testListId="8c84fa94-04c1-424b-9868-57a2d4851a1d" />
    <TestEntry testId="db9487ae-f8bb-6c77-456e-477251a97694" executionId="0afc4306-2cb1-4228-9d79-e2faf90d0255" testListId="8c84fa94-04c1-424b-9868-57a2d4851a1d" />
    <TestEntry testId="0879fc39-5bc5-a25c-cfc2-e0638ee2992f" executionId="6de03b31-c237-437f-9db9-4936fccf90aa" testListId="8c84fa94-04c1-424b-9868-57a2d4851a1d" />
    <TestEntry testId="a1b786bd-3420-a755-d1b7-26283940726c" executionId="2fb307fd-0be1-4169-b044-bad9bd83e5a4" testListId="8c84fa94-04c1-424b-9868-57a2d4851a1d" />
    <TestEntry testId="a17f7256-4498-6316-6913-96f986b70443" executionId="57d6da1f-9acb-4a08-a543-b33e1bda4112" testListId="8c84fa94-04c1-424b-9868-57a2d4851a1d" />
    <TestEntry testId="602812ce-9acf-c63f-3d9e-ab7e38da8bfb" executionId="a961a878-cc52-42b5-a19f-70f03197fe1a" testListId="8c84fa94-04c1-424b-9868-57a2d4851a1d" />
    <TestEntry testId="252a288d-ed9d-192f-9ca0-2b8477995f8a" executionId="1b94e6c5-3772-4445-9e07-ffbfb1d6bce1" testListId="8c84fa94-04c1-424b-9868-57a2d4851a1d" />
    <TestEntry testId="aa10c3e1-a4c0-c3d8-9c2e-168e33c3cacb" executionId="604b0dcd-a612-499a-b9af-0358a75fc8d7" testListId="8c84fa94-04c1-424b-9868-57a2d4851a1d" />
    <TestEntry testId="56521df1-5782-2595-2caa-652e0c9a7393" executionId="20ad6a82-0b7d-4698-a33b-ab5a6b69b907" testListId="8c84fa94-04c1-424b-9868-57a2d4851a1d" />
    <TestEntry testId="8f5f971f-a71a-13e1-4708-f9d625af241d" executionId="f3fa92ec-1b1e-4581-8775-d63e34e047d8" testListId="8c84fa94-04c1-424b-9868-57a2d4851a1d" />
    <TestEntry testId="9028b45d-2cc9-07bd-c10e-d070f0a1ff95" executionId="77746384-ee83-42bf-aea3-ec643ff503cc" testListId="8c84fa94-04c1-424b-9868-57a2d4851a1d" />
    <TestEntry testId="bb63d3b1-377d-9b8b-04fd-78b169853397" executionId="9bce06e6-dd9a-419d-b662-48d084d5240c" testListId="8c84fa94-04c1-424b-9868-57a2d4851a1d" />
    <TestEntry testId="9be31e2b-f3e8-8c08-dd98-d5e45bfef077" executionId="9c5121e4-2169-4e53-9d21-0956cdda49c5" testListId="8c84fa94-04c1-424b-9868-57a2d4851a1d" />
    <TestEntry testId="fab29629-ecda-5b7c-a197-ec8aaf8cb2b1" executionId="d7fccdc5-a8b0-4988-8ed2-ffa5b34af96b" testListId="8c84fa94-04c1-424b-9868-57a2d4851a1d" />
    <TestEntry testId="2c65e45d-6c80-9ae7-ff51-b65cb1415f9c" executionId="aec4f919-6d5b-4dfe-8bed-55756b3da6e5" testListId="8c84fa94-04c1-424b-9868-57a2d4851a1d" />
    <TestEntry testId="9999148d-bc60-e4a0-453e-526e689ed5b8" executionId="1bab86fe-4cca-435b-85d1-de634e02f834" testListId="8c84fa94-04c1-424b-9868-57a2d4851a1d" />
    <TestEntry testId="b59e7e18-f75f-bdce-9410-2ab9f6845df9" executionId="0c768d04-fa5f-4b72-89e0-31f9329756fd" testListId="8c84fa94-04c1-424b-9868-57a2d4851a1d" />
    <TestEntry testId="03fa85b2-43b0-99e5-97e9-18bd4cd6c123" executionId="b057ab56-6cb2-4c3d-ac47-df6a13f472a4" testListId="8c84fa94-04c1-424b-9868-57a2d4851a1d" />
    <TestEntry testId="cb2ec5a2-32db-52c0-a6a1-934dccc75132" executionId="19bbf3bd-82b6-41e2-a0bf-fc75dd5a6a1d" testListId="8c84fa94-04c1-424b-9868-57a2d4851a1d" />
    <TestEntry testId="df1412dd-e26c-843c-183a-67aa60fd9760" executionId="c97556f0-4129-4e81-baa1-cb35692147a2" testListId="8c84fa94-04c1-424b-9868-57a2d4851a1d" />
    <TestEntry testId="ef8d04dc-547e-cdcb-50a3-2a0559d1c59b" executionId="eb3ada6f-ec86-4a99-8a40-bb40fcf9ba15" testListId="8c84fa94-04c1-424b-9868-57a2d4851a1d" />
    <TestEntry testId="f59f7a21-07b4-832f-fda9-0f8e86b99025" executionId="6024a766-27ef-45d5-aa75-04c18f5a827a" testListId="8c84fa94-04c1-424b-9868-57a2d4851a1d" />
    <TestEntry testId="c13be69c-9ab3-60d1-faea-fc8d33dba310" executionId="d152ca13-7927-462a-bdd0-63c86e93d118" testListId="8c84fa94-04c1-424b-9868-57a2d4851a1d" />
    <TestEntry testId="070a6f14-3a30-3377-c694-35b4f6e518ef" executionId="fe758fe6-ff82-4771-8806-dc2685722581" testListId="8c84fa94-04c1-424b-9868-57a2d4851a1d" />
    <TestEntry testId="c214f8b2-fb5d-eb0c-dc8f-b53e5bf80bd1" executionId="524824b1-d1b0-42dd-906e-546636d23056" testListId="8c84fa94-04c1-424b-9868-57a2d4851a1d" />
    <TestEntry testId="ef439f9a-370d-abf0-fc41-3f1c34b7e801" executionId="fe613fb2-1509-44c1-b853-a567cb5cd49d" testListId="8c84fa94-04c1-424b-9868-57a2d4851a1d" />
    <TestEntry testId="10000ed7-f77c-a414-a92a-a0c685e3c96d" executionId="0f811926-8701-4c05-abc0-28c93f54c440" testListId="8c84fa94-04c1-424b-9868-57a2d4851a1d" />
    <TestEntry testId="21d49e36-092f-4776-cb8b-30332ca4fe90" executionId="5e7e1dc5-5f12-442c-9ccd-547b394036d6" testListId="8c84fa94-04c1-424b-9868-57a2d4851a1d" />
    <TestEntry testId="052861ce-b146-5192-7743-f88dfaaffc4d" executionId="23026915-970f-4e94-b298-a9f3b6811521" testListId="8c84fa94-04c1-424b-9868-57a2d4851a1d" />
    <TestEntry testId="b0987aca-f375-7579-f115-4e980fac2fe4" executionId="b1168e99-af8f-4bed-ba93-579e59611a12" testListId="8c84fa94-04c1-424b-9868-57a2d4851a1d" />
    <TestEntry testId="5a455a12-fe5d-d76b-6701-c651d0901ce0" executionId="d2cdb7e0-19e1-4509-960b-c76535ed0302" testListId="8c84fa94-04c1-424b-9868-57a2d4851a1d" />
    <TestEntry testId="0df1aa3b-c928-8b6a-0977-0b4429c2ad4f" executionId="3d3226e3-958b-4d06-98f2-180670d3dd87" testListId="8c84fa94-04c1-424b-9868-57a2d4851a1d" />
    <TestEntry testId="c05012ef-d0ab-afcf-bc6a-16ea57c9f455" executionId="50b53027-b478-4740-98c5-c869a5c2efcc" testListId="8c84fa94-04c1-424b-9868-57a2d4851a1d" />
    <TestEntry testId="e52cb23e-8dbf-be48-4879-01d3bf5f878c" executionId="0d02b82d-e488-457b-8689-da4aa30d795a" testListId="8c84fa94-04c1-424b-9868-57a2d4851a1d" />
    <TestEntry testId="0faa10f1-9b22-e3b7-c9cf-4a05f411e7a0" executionId="031977a4-b2ef-477e-b043-033f8b8a4633" testListId="8c84fa94-04c1-424b-9868-57a2d4851a1d" />
    <TestEntry testId="99678022-cb23-0a38-5149-ac4d37b69a85" executionId="dad15a03-de2b-4261-850d-d9341dc1cffc" testListId="8c84fa94-04c1-424b-9868-57a2d4851a1d" />
    <TestEntry testId="81c4e769-cb62-799e-3506-93d60500134c" executionId="710b2788-5711-4d9d-8e57-63a2d544cbe0" testListId="8c84fa94-04c1-424b-9868-57a2d4851a1d" />
    <TestEntry testId="305b144b-8ed9-0941-31df-2aff6a8173dd" executionId="ae0d9b50-a8c7-4b43-9d8d-3e30eb016a9b" testListId="8c84fa94-04c1-424b-9868-57a2d4851a1d" />
    <TestEntry testId="c79ecd78-0d7c-8763-abc4-4db98409363a" executionId="39502d2e-6b4a-47d4-a0ed-ca4d78a2ed86" testListId="8c84fa94-04c1-424b-9868-57a2d4851a1d" />
    <TestEntry testId="478f96ed-2221-5007-b98f-8630532b55b1" executionId="a97e49fa-1028-4fa8-9d9c-e344cdb8d104" testListId="8c84fa94-04c1-424b-9868-57a2d4851a1d" />
    <TestEntry testId="50f4f714-e192-57f9-2983-3e5c7146ec8d" executionId="ab29e449-3b72-49e1-81b8-15350f68efbf" testListId="8c84fa94-04c1-424b-9868-57a2d4851a1d" />
    <TestEntry testId="615864e0-c790-9bed-1d05-9dd7ad15c39e" executionId="9e1e2e7b-0bf3-4d70-96cc-cc9f8b3e951b" testListId="8c84fa94-04c1-424b-9868-57a2d4851a1d" />
    <TestEntry testId="0c59e933-24d5-adbb-33bf-d68b154cd5f8" executionId="d4467327-cf35-46d9-bbf7-4b44a687aefa" testListId="8c84fa94-04c1-424b-9868-57a2d4851a1d" />
    <TestEntry testId="d62e8641-98ea-1230-1843-e706f07349bc" executionId="7e980dea-07c7-45b6-b65e-a6d75064462f" testListId="8c84fa94-04c1-424b-9868-57a2d4851a1d" />
    <TestEntry testId="d37f8d70-658e-9a68-38a9-dcf4a5011bb5" executionId="ac46a905-398a-45d2-aae5-8f14edd46d54" testListId="8c84fa94-04c1-424b-9868-57a2d4851a1d" />
    <TestEntry testId="184ae763-6928-b09d-3745-32f2f3043958" executionId="a3383b29-1b35-4b42-8d8b-67ee86ff306f" testListId="8c84fa94-04c1-424b-9868-57a2d4851a1d" />
    <TestEntry testId="aa176635-c157-d6ec-5a41-2b2da25c3c08" executionId="75cd4e7d-2e40-4e08-9895-deb870a547d1" testListId="8c84fa94-04c1-424b-9868-57a2d4851a1d" />
    <TestEntry testId="83f6ab29-21e5-3ac7-386b-8fc4ab977c78" executionId="5bd4b555-4b99-4e05-9f01-202443d64f36" testListId="8c84fa94-04c1-424b-9868-57a2d4851a1d" />
    <TestEntry testId="aa71a203-3d80-3323-0c0d-232f4f20becc" executionId="67d1af84-c282-43b7-bf16-cabbd4e8c269" testListId="8c84fa94-04c1-424b-9868-57a2d4851a1d" />
    <TestEntry testId="64686666-a5d9-6b6e-00f3-a4a97c5c4745" executionId="c844bb21-731c-43c8-9451-581c59729909" testListId="8c84fa94-04c1-424b-9868-57a2d4851a1d" />
    <TestEntry testId="4456710a-57c1-169e-c51f-6d26dac4e142" executionId="985deeff-8404-4347-8ea3-ff0384651855" testListId="8c84fa94-04c1-424b-9868-57a2d4851a1d" />
    <TestEntry testId="15b218ad-d361-384d-bb79-41a5ba40dc79" executionId="05a20fd5-fa55-43e2-89f3-e6c646d50397" testListId="8c84fa94-04c1-424b-9868-57a2d4851a1d" />
    <TestEntry testId="55c9a313-0561-d40b-755a-d926aa2d9d32" executionId="4e091ccb-4d0e-4ac1-95c7-9380c8cd7d56" testListId="8c84fa94-04c1-424b-9868-57a2d4851a1d" />
    <TestEntry testId="f7294f44-14ca-4699-6daa-7c708f502a76" executionId="88068d57-52ac-4add-82c0-5fc5f7850ff6" testListId="8c84fa94-04c1-424b-9868-57a2d4851a1d" />
    <TestEntry testId="347519fa-20da-2415-a333-db65c694b8f6" executionId="98084ca8-3832-4dd0-ad6a-35f2fa5b5d2e" testListId="8c84fa94-04c1-424b-9868-57a2d4851a1d" />
    <TestEntry testId="d16237a8-90bf-68f0-8cb9-70c28d5553b3" executionId="965ef345-3bc6-47eb-bb49-682a383f234a" testListId="8c84fa94-04c1-424b-9868-57a2d4851a1d" />
    <TestEntry testId="9453135b-223b-97a5-cd9b-6df89673c33a" executionId="724bacfc-9182-4d94-8033-1e890edd932c" testListId="8c84fa94-04c1-424b-9868-57a2d4851a1d" />
    <TestEntry testId="acd44a8e-dfd9-4e90-4d13-3e6feed5eeb0" executionId="6360f666-31ad-4b20-9f31-90a0085e2e5b" testListId="8c84fa94-04c1-424b-9868-57a2d4851a1d" />
    <TestEntry testId="361c1120-aeb7-b54d-75a2-9ae03fb892c4" executionId="048a446d-9be8-4d09-b993-2dc50340f6e0" testListId="8c84fa94-04c1-424b-9868-57a2d4851a1d" />
    <TestEntry testId="58183c69-e8f2-fc1d-1451-124433b27fa3" executionId="1b520730-7e4e-4409-85b9-7478f9983f52" testListId="8c84fa94-04c1-424b-9868-57a2d4851a1d" />
    <TestEntry testId="f93aa139-c4ae-68d9-3951-bf310f85f479" executionId="81fb4db1-ab62-444c-9525-0a278dccf328" testListId="8c84fa94-04c1-424b-9868-57a2d4851a1d" />
    <TestEntry testId="f477f2d2-9bad-36ff-7fb7-b81867202bef" executionId="512a5d51-6c32-4697-8ef2-8c27319a36e4" testListId="8c84fa94-04c1-424b-9868-57a2d4851a1d" />
    <TestEntry testId="a273b370-2d95-b550-7a4f-799e4a38d75a" executionId="c63f4602-b148-4eb8-81a8-bff66d8cdba0" testListId="8c84fa94-04c1-424b-9868-57a2d4851a1d" />
    <TestEntry testId="0ff1a7b2-6bb9-42a4-2271-8b9a55b04a36" executionId="10d5b4a4-9d04-4e34-87f0-cdfec260ceae" testListId="8c84fa94-04c1-424b-9868-57a2d4851a1d" />
    <TestEntry testId="de32cd1b-7d7c-7f38-c9ad-12abae7a7f92" executionId="dc0d7ce2-04b8-4272-b563-034e44fb06b3" testListId="8c84fa94-04c1-424b-9868-57a2d4851a1d" />
    <TestEntry testId="40c5fe37-8eee-b570-c8e5-584c9555dd5b" executionId="971902a9-a746-4ef4-aaa6-3964ea37a02c" testListId="8c84fa94-04c1-424b-9868-57a2d4851a1d" />
    <TestEntry testId="0d2531b7-57a8-6cf2-eb3a-7be7131df56a" executionId="adca4acd-b5c7-4855-b0df-95244e065a3b" testListId="8c84fa94-04c1-424b-9868-57a2d4851a1d" />
    <TestEntry testId="91f4eb05-11bd-5689-aac1-bef8fa038320" executionId="b2ad1d64-9ce4-4f9b-82e0-ad457befa576" testListId="8c84fa94-04c1-424b-9868-57a2d4851a1d" />
    <TestEntry testId="dafcd462-6d8d-7546-db79-401cb1f8ea54" executionId="ac302753-ade7-481b-8206-4c384c5130f6" testListId="8c84fa94-04c1-424b-9868-57a2d4851a1d" />
    <TestEntry testId="f49f87f3-be84-5956-2e64-b7741ecf4d50" executionId="bfeb6035-d5a0-4ccf-89c1-1af8874f2d4d" testListId="8c84fa94-04c1-424b-9868-57a2d4851a1d" />
    <TestEntry testId="b044912f-a46a-5c40-95af-4fdef8a1afaf" executionId="9f617b43-2b60-497e-bc69-a1bff06f5cf6" testListId="8c84fa94-04c1-424b-9868-57a2d4851a1d" />
    <TestEntry testId="574b0e4a-1088-dc8e-931b-5757557d5af9" executionId="c3f5ad50-e81b-410b-be12-e25376c0002c" testListId="8c84fa94-04c1-424b-9868-57a2d4851a1d" />
    <TestEntry testId="438d3011-f46f-16f1-0e65-feb01a5ce604" executionId="fbe561b4-80e8-4470-8d5e-48a40982b15e" testListId="8c84fa94-04c1-424b-9868-57a2d4851a1d" />
    <TestEntry testId="13649248-17fa-672a-9167-63b725801bed" executionId="95138629-52c3-4986-9ee6-7341db579838" testListId="8c84fa94-04c1-424b-9868-57a2d4851a1d" />
    <TestEntry testId="fef76b0c-11ac-af47-b28e-f6f2e45eb1b9" executionId="b7a7ca35-03a7-4505-b108-dd2c7734371a" testListId="8c84fa94-04c1-424b-9868-57a2d4851a1d" />
    <TestEntry testId="958f5f16-2ddf-2665-85ad-94a609e1cd4b" executionId="c506b377-c1c9-4207-9ca7-90c24e867d0e" testListId="8c84fa94-04c1-424b-9868-57a2d4851a1d" />
    <TestEntry testId="68159470-54bd-6fc2-a6df-cfd6e298d6cb" executionId="de0ab60c-cc3d-49c1-a2d0-b52b2bb5c194" testListId="8c84fa94-04c1-424b-9868-57a2d4851a1d" />
    <TestEntry testId="64df16bb-168d-b86d-0c2a-41836ed7a731" executionId="3d6af290-c29a-4da0-8ca7-7802204c6d77" testListId="8c84fa94-04c1-424b-9868-57a2d4851a1d" />
    <TestEntry testId="8dc4b32e-1d6e-f702-48ff-68937539ae3a" executionId="a585141a-13b8-4d1b-908b-070ad6afdde8" testListId="8c84fa94-04c1-424b-9868-57a2d4851a1d" />
    <TestEntry testId="5527d0db-ca8b-e7da-08c4-922b907c4840" executionId="893fe0aa-9e71-4043-92a9-2a604a92e7be" testListId="8c84fa94-04c1-424b-9868-57a2d4851a1d" />
    <TestEntry testId="9b5af3e7-7cb0-d72f-e621-a08fe9eb4ae5" executionId="08d1434a-b9ae-434c-abb8-4af57116ac56" testListId="8c84fa94-04c1-424b-9868-57a2d4851a1d" />
    <TestEntry testId="21f2e882-89f0-b471-6a62-6c3a786684b9" executionId="90ac81af-ad7a-44b4-bf1c-499374167fae" testListId="8c84fa94-04c1-424b-9868-57a2d4851a1d" />
    <TestEntry testId="5103f879-550d-fbea-5ebd-81a2562bffc5" executionId="70e12a6b-548e-4163-a150-a0220c97e45c" testListId="8c84fa94-04c1-424b-9868-57a2d4851a1d" />
    <TestEntry testId="cff969f1-ffa2-d5f1-9715-5a871f37fe84" executionId="ee441578-b882-4b52-b203-f99bc92669c0" testListId="8c84fa94-04c1-424b-9868-57a2d4851a1d" />
    <TestEntry testId="ec873698-20e8-0ca0-d17c-b99a021aa23f" executionId="eb3aa39d-95c0-4935-b995-c8b68b231b50" testListId="8c84fa94-04c1-424b-9868-57a2d4851a1d" />
    <TestEntry testId="d81728c7-49e8-e89f-b6c0-b279756a6680" executionId="0539ef74-14c8-4526-a2d8-e7dfe2f61d6b" testListId="8c84fa94-04c1-424b-9868-57a2d4851a1d" />
    <TestEntry testId="6e472b23-c7af-c847-8f3d-5f6c902a0623" executionId="b01cce3c-3d00-480c-9a0b-e8dbf9f66456" testListId="8c84fa94-04c1-424b-9868-57a2d4851a1d" />
    <TestEntry testId="c85d19fa-2a2d-a911-c9ff-d701b01bca76" executionId="218f7a4e-4e76-4128-a841-7b797928fbdb" testListId="8c84fa94-04c1-424b-9868-57a2d4851a1d" />
    <TestEntry testId="13e9326e-8fe8-43a8-c4a7-f5d4fe61d313" executionId="ed2252d0-c5c8-4290-ba12-3c1e00771524" testListId="8c84fa94-04c1-424b-9868-57a2d4851a1d" />
    <TestEntry testId="2d987cbc-fd5e-628e-2b30-915e893db291" executionId="ad97e8c7-d8ee-4615-8c02-e302aff82fbd" testListId="8c84fa94-04c1-424b-9868-57a2d4851a1d" />
    <TestEntry testId="c3081fdc-d142-f914-3509-6d3142a54806" executionId="a9dc5571-696f-41a6-a0da-5b4fced8ebca" testListId="8c84fa94-04c1-424b-9868-57a2d4851a1d" />
    <TestEntry testId="e773b851-8c18-36bf-b413-b6eff82ab4e8" executionId="63fbd311-eb7b-48c2-be04-7b8ac5f37b96" testListId="8c84fa94-04c1-424b-9868-57a2d4851a1d" />
    <TestEntry testId="ccbf7e0d-7b7a-a8f1-7983-3f248694b75c" executionId="fc2437cc-70ac-4bb6-aee5-e24bb3921b68" testListId="8c84fa94-04c1-424b-9868-57a2d4851a1d" />
    <TestEntry testId="bcc1e113-1701-9956-f5a9-415e31736096" executionId="a832d0ae-5468-4d20-8153-615155673da4" testListId="8c84fa94-04c1-424b-9868-57a2d4851a1d" />
    <TestEntry testId="1a91289e-57e5-be3c-8381-67252df4124f" executionId="d0f393c7-a00b-40ae-b457-03379223da5e" testListId="8c84fa94-04c1-424b-9868-57a2d4851a1d" />
    <TestEntry testId="ed1ab1b0-e0da-f61a-8479-70793f974089" executionId="b2cada68-865b-4a1d-b5d5-1d54fa5218d3" testListId="8c84fa94-04c1-424b-9868-57a2d4851a1d" />
    <TestEntry testId="4c3704a2-f126-706a-ee45-09631f5d1024" executionId="de970014-db03-4d76-8387-920642de1ef9" testListId="8c84fa94-04c1-424b-9868-57a2d4851a1d" />
    <TestEntry testId="d5159d6d-2952-3694-1eec-00946e14957e" executionId="147f33c8-a628-4144-bd85-430acb02e65c" testListId="8c84fa94-04c1-424b-9868-57a2d4851a1d" />
    <TestEntry testId="85f2852e-58e5-6345-60a2-fbf11f9a2020" executionId="818c3ea9-dc09-4a7b-b7da-10e088baa3d7" testListId="8c84fa94-04c1-424b-9868-57a2d4851a1d" />
    <TestEntry testId="289ca8c1-6229-0a00-b027-f38a937cfdf0" executionId="d35f9b49-cc15-4ba7-9559-3153e319acf3" testListId="8c84fa94-04c1-424b-9868-57a2d4851a1d" />
    <TestEntry testId="f8ab723d-cb6b-49c6-5dbb-7ffd207243cd" executionId="ecaa666b-5f53-4190-975f-382775f03f9c" testListId="8c84fa94-04c1-424b-9868-57a2d4851a1d" />
    <TestEntry testId="17510853-dc9d-0e30-3c21-5738bddd2d2c" executionId="99e5b6bd-82a5-4a6c-905b-feeda4e2b20d" testListId="8c84fa94-04c1-424b-9868-57a2d4851a1d" />
    <TestEntry testId="6e366377-6d41-5fcc-48f5-0930249fee5e" executionId="37d7d636-b209-4956-8c1a-03c86c34d6b4" testListId="8c84fa94-04c1-424b-9868-57a2d4851a1d" />
    <TestEntry testId="db13cb67-4291-79eb-080b-59693ae602e4" executionId="cb7a3855-b0b5-4b28-af79-c7b8bba40d77" testListId="8c84fa94-04c1-424b-9868-57a2d4851a1d" />
    <TestEntry testId="36ce1916-f738-bf06-e525-9bcb167b94be" executionId="a4897bd4-9414-4c28-a45e-738fa5340a28" testListId="8c84fa94-04c1-424b-9868-57a2d4851a1d" />
    <TestEntry testId="445b2f5b-ab0f-f41e-344b-753a5cf07080" executionId="477a1210-8b31-4070-981a-8153d9dacb0b" testListId="8c84fa94-04c1-424b-9868-57a2d4851a1d" />
    <TestEntry testId="18f0023f-b7b6-64e0-d99f-67f362201e02" executionId="2d934182-11d4-4f18-8529-7534fc4b5250" testListId="8c84fa94-04c1-424b-9868-57a2d4851a1d" />
    <TestEntry testId="008887e8-4708-1efe-5a02-72d0dd65e958" executionId="4ba59bf1-7405-4e83-92f9-82bb08114e31" testListId="8c84fa94-04c1-424b-9868-57a2d4851a1d" />
    <TestEntry testId="b3adae82-3060-af8b-8907-f3afdf3e3905" executionId="05a58b6b-49d6-44ea-9536-19075c7f1730" testListId="8c84fa94-04c1-424b-9868-57a2d4851a1d" />
    <TestEntry testId="57828f1b-953d-89a2-bee2-b021bb8b5c17" executionId="41842b9b-4c86-44b9-9792-85880b8abad2" testListId="8c84fa94-04c1-424b-9868-57a2d4851a1d" />
    <TestEntry testId="8733cb82-c09e-1fe6-efe8-6e4e312806a6" executionId="57051a10-cb27-4611-a7dc-6bfdc2e664da" testListId="8c84fa94-04c1-424b-9868-57a2d4851a1d" />
    <TestEntry testId="425f8ec7-7edb-3559-f99e-fb751608c9cb" executionId="f9a578e4-4f88-4773-bf9b-e5608351b208" testListId="8c84fa94-04c1-424b-9868-57a2d4851a1d" />
    <TestEntry testId="7ab09a5d-83cb-6155-db19-0ce8eb3f79f5" executionId="6c7c1d14-c5a6-4fe8-94da-dbd172abf01a" testListId="8c84fa94-04c1-424b-9868-57a2d4851a1d" />
    <TestEntry testId="4d097658-d194-1751-06b0-bbf62cb8a2b5" executionId="b232d7d0-5b93-4ebb-8b71-9a957ea5db89" testListId="8c84fa94-04c1-424b-9868-57a2d4851a1d" />
    <TestEntry testId="2f4716b1-0c68-9378-d5bc-e4de249c2aa2" executionId="9cfd3b94-362a-41d5-b7db-51bb9d1dfde8" testListId="8c84fa94-04c1-424b-9868-57a2d4851a1d" />
    <TestEntry testId="e9ff79d1-7c74-ba00-c289-731f38c9ae9d" executionId="17f196d1-9fc2-4b7d-a193-c0622e2f9cfe" testListId="8c84fa94-04c1-424b-9868-57a2d4851a1d" />
    <TestEntry testId="8d20f875-f9f1-f972-48ca-5f006dd2b59b" executionId="0c7d2038-c6e0-480a-ba7d-21ca2fc3521f" testListId="8c84fa94-04c1-424b-9868-57a2d4851a1d" />
    <TestEntry testId="e7b9a62d-2f8b-d3f2-4a3a-9cebb6d2d56f" executionId="553a4104-a65f-450e-82af-4a29f460a973" testListId="8c84fa94-04c1-424b-9868-57a2d4851a1d" />
    <TestEntry testId="38d6e065-1a55-e71e-b81e-ae9ea067e84e" executionId="cdfe78ac-38e0-4738-9b22-97034c2a23b5" testListId="8c84fa94-04c1-424b-9868-57a2d4851a1d" />
    <TestEntry testId="22bc6493-6675-abab-9e4f-15cedef729a8" executionId="24e6f397-9097-4bab-beb3-1639b2bd9093" testListId="8c84fa94-04c1-424b-9868-57a2d4851a1d" />
    <TestEntry testId="703dfb97-0b83-83a5-714a-04c761334f21" executionId="94ec05d9-62a8-47b7-8530-f98804bfeab7" testListId="8c84fa94-04c1-424b-9868-57a2d4851a1d" />
    <TestEntry testId="1d3881ee-33da-ca8e-2a5d-4849cdb1409b" executionId="483ae04f-bffc-4795-8da4-93bef76b26de" testListId="8c84fa94-04c1-424b-9868-57a2d4851a1d" />
    <TestEntry testId="390f5574-ce2b-a8b0-ecb1-10d89b55bb71" executionId="50fd9e8d-6260-48ac-9398-bd8636b5478b" testListId="8c84fa94-04c1-424b-9868-57a2d4851a1d" />
    <TestEntry testId="d036616b-6b86-99d5-cd58-29b5267bbff4" executionId="66fc1406-005e-41a8-94c7-937377a8a097" testListId="8c84fa94-04c1-424b-9868-57a2d4851a1d" />
    <TestEntry testId="44f3481b-e4bb-4f17-196a-e00c0217ed87" executionId="c58eb5a9-1e8c-4401-bdba-8865b830eeaa" testListId="8c84fa94-04c1-424b-9868-57a2d4851a1d" />
    <TestEntry testId="c774f67f-9417-304b-9fb5-ba0ee243e9da" executionId="8932c72f-462d-4e9a-8a06-fd0a08cc6b46" testListId="8c84fa94-04c1-424b-9868-57a2d4851a1d" />
    <TestEntry testId="b8255f44-88d8-5031-490d-d1db53977af2" executionId="4dd3d4c3-c79e-4b40-962f-aec93c43c465" testListId="8c84fa94-04c1-424b-9868-57a2d4851a1d" />
    <TestEntry testId="9f763760-2f4c-fefb-9a56-8f2602c55157" executionId="3330ac9f-a76e-43d0-959d-390fdeb8809f" testListId="8c84fa94-04c1-424b-9868-57a2d4851a1d" />
    <TestEntry testId="0956fa5d-4aed-486e-f7dc-84f44811deb3" executionId="39d8bdf2-071e-45d1-bdc2-6a5318708c79" testListId="8c84fa94-04c1-424b-9868-57a2d4851a1d" />
    <TestEntry testId="f1e20cc6-36e9-f4be-b8af-7b8e470faa96" executionId="654fbb53-55d8-4098-b555-68df8162f0e0" testListId="8c84fa94-04c1-424b-9868-57a2d4851a1d" />
    <TestEntry testId="789befc7-bdb1-4aa4-6ce3-ddf2fed3eb3a" executionId="4ebb642e-62cf-4e82-8133-fc87ad69cc94" testListId="8c84fa94-04c1-424b-9868-57a2d4851a1d" />
    <TestEntry testId="2a16daf1-9828-ac46-13aa-565928c9b938" executionId="3362717d-ce93-4374-bdfe-8997fd23440b" testListId="8c84fa94-04c1-424b-9868-57a2d4851a1d" />
    <TestEntry testId="16b86624-9e7b-1dad-64c2-35f2e1bcf205" executionId="a68a6185-b682-43ce-93c0-205bb6a25d9a" testListId="8c84fa94-04c1-424b-9868-57a2d4851a1d" />
    <TestEntry testId="7d8e1bdd-5b0a-e86b-4cc6-21776e72712f" executionId="4eca65ab-d04f-4d37-8237-1182a0b686ff" testListId="8c84fa94-04c1-424b-9868-57a2d4851a1d" />
    <TestEntry testId="05cc17c1-28ea-dce3-3c35-bd28b793225a" executionId="08b89da8-be13-4c5f-8bcf-185f239f32b8" testListId="8c84fa94-04c1-424b-9868-57a2d4851a1d" />
    <TestEntry testId="2838e25d-5b0f-3a89-fae4-3fa22a310c96" executionId="f4984b97-dbe1-4db0-b14b-6f000d2e79ef" testListId="8c84fa94-04c1-424b-9868-57a2d4851a1d" />
    <TestEntry testId="9bb9adcb-9120-fe9b-ae69-727878a9049c" executionId="044c8c37-3e89-4d14-85dd-cd3346453405" testListId="8c84fa94-04c1-424b-9868-57a2d4851a1d" />
    <TestEntry testId="a7c3958c-ed08-701d-04ac-eb4a143df517" executionId="084f452c-2714-494e-b3ee-b89a13ca79d7" testListId="8c84fa94-04c1-424b-9868-57a2d4851a1d" />
    <TestEntry testId="b7ca36a5-b386-7d2d-22ea-8eeb210acc8b" executionId="575f2958-1ade-4dd6-960e-20f5a5550d9b" testListId="8c84fa94-04c1-424b-9868-57a2d4851a1d" />
    <TestEntry testId="e0e2ea60-cab1-78b6-670e-13c80cc25fc2" executionId="e8ebd5ca-7458-45a1-b2b7-62e96d3eac0f" testListId="8c84fa94-04c1-424b-9868-57a2d4851a1d" />
    <TestEntry testId="627dc205-8966-14e4-f275-84a93649715d" executionId="22a312d6-c5fa-485b-928e-7f27799b9aa6" testListId="8c84fa94-04c1-424b-9868-57a2d4851a1d" />
    <TestEntry testId="579f4e01-958b-4fd8-6be0-77bb51850a72" executionId="cd95be7e-482e-4414-9aa7-7be687d2d11a" testListId="8c84fa94-04c1-424b-9868-57a2d4851a1d" />
    <TestEntry testId="69a09f52-376a-6f0b-5082-61e182c0b318" executionId="5fda5858-d013-43ea-abed-1c1e345a38f3" testListId="8c84fa94-04c1-424b-9868-57a2d4851a1d" />
    <TestEntry testId="1a4abce9-2b87-de2e-da5a-1c629644c66e" executionId="67d4bd24-da9e-4a85-8534-b81da4fd6b28" testListId="8c84fa94-04c1-424b-9868-57a2d4851a1d" />
    <TestEntry testId="ed03c588-f9e2-cd50-ea85-d6f0ba338f02" executionId="4cb608e4-69a0-45a7-a0c9-4a4b55e299dd" testListId="8c84fa94-04c1-424b-9868-57a2d4851a1d" />
    <TestEntry testId="bf813ab1-328d-8105-78c5-bea3e40472ac" executionId="61315d33-fc99-417a-94f6-fcde5ef0d4a4" testListId="8c84fa94-04c1-424b-9868-57a2d4851a1d" />
    <TestEntry testId="b5bc20a8-2c58-a4d4-fd15-5ce71610e7e2" executionId="c38db81a-9465-4f2c-b27a-b11dea12ad1d" testListId="8c84fa94-04c1-424b-9868-57a2d4851a1d" />
    <TestEntry testId="4e783378-2a91-dd2a-54ca-9c33e9d3fbfa" executionId="6a0d1378-1d67-4cdc-b405-e91f48707470" testListId="8c84fa94-04c1-424b-9868-57a2d4851a1d" />
    <TestEntry testId="60d19a79-2c4a-6e5e-4d71-9a95960b7cd1" executionId="1a5f1bb7-df73-4f82-9e46-d1c2e84235c4" testListId="8c84fa94-04c1-424b-9868-57a2d4851a1d" />
    <TestEntry testId="bcf6c661-bdd3-dc3b-8d30-8efd04a896b7" executionId="fe6ea3e9-2fcd-44f1-adb1-4980b4757c1a" testListId="8c84fa94-04c1-424b-9868-57a2d4851a1d" />
    <TestEntry testId="9af443ab-4057-65b9-7737-294b29e1ff0f" executionId="707ccad6-4c04-4687-b9b1-4be31c42b83b" testListId="8c84fa94-04c1-424b-9868-57a2d4851a1d" />
    <TestEntry testId="dbc99f96-723f-5c76-60ae-bc8aeab3b6c9" executionId="94dbb017-4ca8-47e7-b553-11eacde1ec59" testListId="8c84fa94-04c1-424b-9868-57a2d4851a1d" />
    <TestEntry testId="83b03134-a341-7baa-1ddc-e73e42ca0f1e" executionId="fa17fe90-f82e-4c02-8e27-c1aebffe7941" testListId="8c84fa94-04c1-424b-9868-57a2d4851a1d" />
    <TestEntry testId="4397c8ff-627d-79c6-0248-89b8a15bd75a" executionId="e4ead794-2c4d-4cfd-94af-be816593111f" testListId="8c84fa94-04c1-424b-9868-57a2d4851a1d" />
    <TestEntry testId="0e057b10-bf68-692c-a35c-76f267f90467" executionId="701dad4f-4856-4575-a172-4a04ba42ad17" testListId="8c84fa94-04c1-424b-9868-57a2d4851a1d" />
    <TestEntry testId="6ddccc30-c396-7d9f-3818-e26a56602056" executionId="163a1e08-0cec-4012-baef-5325fec5edae" testListId="8c84fa94-04c1-424b-9868-57a2d4851a1d" />
    <TestEntry testId="4f10845f-3ec6-4a9c-4c1b-d5a02341ac26" executionId="ddfa11f6-797a-4c56-8695-7cd3a78eec37" testListId="8c84fa94-04c1-424b-9868-57a2d4851a1d" />
    <TestEntry testId="02dfc5f2-c3eb-99ee-f353-2aaec6dc6e1c" executionId="0ca3e42e-7bad-4b2e-b94e-49ac07e8e7c4" testListId="8c84fa94-04c1-424b-9868-57a2d4851a1d" />
    <TestEntry testId="0eea5cf3-5217-2650-bfc6-55dedab95adb" executionId="40551fc3-9460-45c0-bcf2-b7eb55ec39f6" testListId="8c84fa94-04c1-424b-9868-57a2d4851a1d" />
    <TestEntry testId="f7d23e18-a648-9711-77fa-7ea2bf00eb97" executionId="47fb5766-061d-493c-b96b-b4fe5986d211" testListId="8c84fa94-04c1-424b-9868-57a2d4851a1d" />
    <TestEntry testId="82f3a02b-31ab-4418-9795-a2a1b8d17627" executionId="6b6e6fc9-8ae7-4d78-a15b-0feadcd2ec96" testListId="8c84fa94-04c1-424b-9868-57a2d4851a1d" />
    <TestEntry testId="60598e1b-02d6-d0b1-216a-1d6496f4b8e7" executionId="b0f87448-359a-4d76-b57c-2c3cafc476d6" testListId="8c84fa94-04c1-424b-9868-57a2d4851a1d" />
    <TestEntry testId="f0599150-0368-a690-445e-232b5fbc9674" executionId="b25f0571-fb32-4a0d-9619-6e85b24f7826" testListId="8c84fa94-04c1-424b-9868-57a2d4851a1d" />
    <TestEntry testId="e85fed14-ca9f-a204-a5c5-cb8f12de0b8e" executionId="25e685f7-2524-424f-9846-993fbda47819" testListId="8c84fa94-04c1-424b-9868-57a2d4851a1d" />
    <TestEntry testId="f31ab1aa-39de-68ab-51b3-8be7b1b5b9d2" executionId="b3d9ad0b-01cc-4dd0-b7fd-3950a5876cd2" testListId="8c84fa94-04c1-424b-9868-57a2d4851a1d" />
    <TestEntry testId="29518f0a-7330-4b80-0907-a4ac839337bc" executionId="5ad9bf9a-d550-440a-b25a-636eb8474f18" testListId="8c84fa94-04c1-424b-9868-57a2d4851a1d" />
    <TestEntry testId="f7f4c0ce-ef99-e663-6486-bae7dca0985d" executionId="2619fc8b-e7be-46c5-a377-f96e7453a89b" testListId="8c84fa94-04c1-424b-9868-57a2d4851a1d" />
    <TestEntry testId="b02692b3-9a02-e92f-7382-524711238591" executionId="1ffff3b3-668e-483b-a9c2-a4e22b26d527" testListId="8c84fa94-04c1-424b-9868-57a2d4851a1d" />
    <TestEntry testId="ebca1bab-4384-7fba-f140-5240d35a005a" executionId="aa033ab0-794f-4287-86f4-c0fd8ec82a09" testListId="8c84fa94-04c1-424b-9868-57a2d4851a1d" />
    <TestEntry testId="c51fba78-91c0-4bc8-f4af-0e9c6411e3e9" executionId="52fe9880-feb2-41c4-81fc-dc04ecaea7c9" testListId="8c84fa94-04c1-424b-9868-57a2d4851a1d" />
    <TestEntry testId="ba8d6819-dbe5-0f3d-526a-f7efd7301504" executionId="7c8ef26a-30e5-4644-81a3-198ec91c529b" testListId="8c84fa94-04c1-424b-9868-57a2d4851a1d" />
    <TestEntry testId="e206ec60-ba6a-86c3-283a-743b9d2de541" executionId="60067f76-5440-4dd7-8ceb-0483c79fabf7" testListId="8c84fa94-04c1-424b-9868-57a2d4851a1d" />
    <TestEntry testId="cba69a7c-5c84-d4de-0599-cdcdb4c5885a" executionId="7ac08e28-7c86-43bb-a9b4-3d30e5fd16a4" testListId="8c84fa94-04c1-424b-9868-57a2d4851a1d" />
    <TestEntry testId="3462bc0a-8d33-ca36-1dea-0c030b723bac" executionId="180e7be5-8c69-4b82-976f-cd321a8cd4db" testListId="8c84fa94-04c1-424b-9868-57a2d4851a1d" />
    <TestEntry testId="2afd6f8f-09b7-0e10-bd97-8673e46b5e39" executionId="56f3a68a-fd0f-49dd-a82d-c71f73034b58" testListId="8c84fa94-04c1-424b-9868-57a2d4851a1d" />
    <TestEntry testId="7c2a786c-da36-777a-ce30-9a8d7d9f71b5" executionId="2aae99a0-614e-428e-90bf-eb16320e2eef" testListId="8c84fa94-04c1-424b-9868-57a2d4851a1d" />
    <TestEntry testId="8d59d4a7-b732-33a6-63b7-f602524d5f67" executionId="a5d1ce72-6f76-4906-bb01-1021e1b0eda1" testListId="8c84fa94-04c1-424b-9868-57a2d4851a1d" />
    <TestEntry testId="c0556428-c4f1-258f-1a7f-499a722b016e" executionId="56e1b6fc-ba3a-404b-b36c-a5a4bc1e8316" testListId="8c84fa94-04c1-424b-9868-57a2d4851a1d" />
    <TestEntry testId="cb9cb4dd-d91f-3a8b-e093-61069c975ba7" executionId="e57e4e25-eb30-452b-b249-c72709aa5fd3" testListId="8c84fa94-04c1-424b-9868-57a2d4851a1d" />
    <TestEntry testId="76502293-5fdb-4247-1645-eaa6b94012dc" executionId="8733bed2-3570-4567-b13f-2734ffe50ea2" testListId="8c84fa94-04c1-424b-9868-57a2d4851a1d" />
    <TestEntry testId="e89f905b-b16f-0fd9-64cf-2a0e1a553eeb" executionId="07fcbd03-52de-4c7b-b29f-047a8b151259" testListId="8c84fa94-04c1-424b-9868-57a2d4851a1d" />
    <TestEntry testId="5c142862-68a4-3e0d-3caa-944a88c5d807" executionId="88991140-90d7-4164-b66b-6c53bbebdb90" testListId="8c84fa94-04c1-424b-9868-57a2d4851a1d" />
    <TestEntry testId="7f2a1335-3b19-3256-97d2-7c1bb7c23a93" executionId="1f5f8b1c-263b-4593-aff6-e2c8feaa68a5" testListId="8c84fa94-04c1-424b-9868-57a2d4851a1d" />
    <TestEntry testId="050a66e0-21ae-c17c-375d-3763e7631c09" executionId="bebed55f-68e8-4412-a448-6bce8a8908ca" testListId="8c84fa94-04c1-424b-9868-57a2d4851a1d" />
  </TestEntries>
  <TestLists>
    <TestList name="Results Not in a List" id="8c84fa94-04c1-424b-9868-57a2d4851a1d" />
    <TestList name="All Loaded Results" id="19431567-8539-422a-85d7-44ee4e166bda" />
  </TestLists>
  <ResultSummary outcome="Completed">
    <Counters total="203" executed="202" passed="202" failed="0" error="0" timeout="0" aborted="0" inconclusive="0" passedButRunAborted="0" notRunnable="0" notExecuted="0" disconnected="0" warning="0" completed="0" inProgress="0" pending="0" />
    <Output>
      <StdOut>[xUnit.net 00:00:00.00] xUnit.net VSTest Adapter v3.1.1+bf6400fd51 (64-bit .NET 9.0.6)
[xUnit.net 00:00:00.05]   Discovering: WitchCityRope.Core.Tests
[xUnit.net 00:00:00.11]   Discovered:  WitchCityRope.Core.Tests
[xUnit.net 00:00:00.15]   Starting:    WitchCityRope.Core.Tests
     Warning:
     The component "Fluent Assertions" is governed by the rules defined in the Xceed License Agreement and
     the Xceed Fluent Assertions Community License. You may use Fluent Assertions free of charge for
     non-commercial use only. An active subscription is required to use Fluent Assertions for commercial use.
     Please contact Xceed Sales mailto:sales@xceed.com to acquire a subscription at a very low cost.
     A paid commercial license supports the development and continued increasing support of
     Fluent Assertions users under both commercial and community licenses. Help us
     keep Fluent Assertions at the forefront of unit testing.
     For more information, visit https://xceed.com/products/unit-testing/fluent-assertions/
[xUnit.net 00:00:00.39]       Need to implement a way to simulate full event with existing registrations
Test 'WitchCityRope.Core.Tests.Entities.RegistrationTests.Constructor_EventAtCapacity_ThrowsDomainException' was skipped in the test run.
[xUnit.net 00:00:00.48]   Finished:    WitchCityRope.Core.Tests
</StdOut>
    </Output>
    <RunInfos>
      <RunInfo computerName="Unbutu-Ai-Chads-PC" outcome="Warning" timestamp="2025-09-13T14:01:37.0121484-04:00">
        <Text>[xUnit.net 00:00:00.39]     WitchCityRope.Core.Tests.Entities.RegistrationTests.Constructor_EventAtCapacity_ThrowsDomainException [SKIP]</Text>
      </RunInfo>
    </RunInfos>
  </ResultSummary>
</TestRun>