<?xml version="1.0" encoding="utf-8"?>
<TestRun id="08506beb-151e-44a8-ada3-432127a69ee8" name="@Unbutu-Ai-Chads-PC 2025-09-12 14:37:23" xmlns="http://microsoft.com/schemas/VisualStudio/TeamTest/2010">
  <Times creation="2025-09-12T14:37:23.8886160-04:00" queuing="2025-09-12T14:37:23.8886161-04:00" start="2025-09-12T14:37:23.3117247-04:00" finish="2025-09-12T14:37:24.1473652-04:00" />
  <TestSettings name="default" id="48c9477c-c1fc-495f-bd5f-433d7b157d5a">
    <Deployment runDeploymentRoot="_Unbutu-Ai-Chads-PC_2025-09-12_14_37_23" />
  </TestSettings>
  <Results>
    <UnitTestResult executionId="d129ac0f-2976-4aa3-a4e9-7f43a354d15f" testId="958f5f16-2ddf-2665-85ad-94a609e1cd4b" testName="WitchCityRope.Core.Tests.ValueObjects.SceneNameTests.Create_ValidSceneName_CreatesSuccessfully(name: &quot;Scene_Name_123&quot;)" computerName="Unbutu-Ai-Chads-PC" duration="00:00:00.0000040" startTime="2025-09-12T14:37:23.8615844-04:00" endTime="2025-09-12T14:37:23.8617352-04:00" testType="13cdc9d9-ddb5-4fa4-a97d-d965ccfc6d4b" outcome="Passed" testListId="8c84fa94-04c1-424b-9868-57a2d4851a1d" relativeResultsDirectory="d129ac0f-2976-4aa3-a4e9-7f43a354d15f" />
    <UnitTestResult executionId="d2064dc6-9152-47d9-867f-7759b699f400" testId="9be31e2b-f3e8-8c08-dd98-d5e45bfef077" testName="WitchCityRope.Core.Tests.Entities.UserTests.Constructor_ValidData_CreatesUser" computerName="Unbutu-Ai-Chads-PC" duration="00:00:00.0016231" startTime="2025-09-12T14:37:23.8850656-04:00" endTime="2025-09-12T14:37:23.8857077-04:00" testType="13cdc9d9-ddb5-4fa4-a97d-d965ccfc6d4b" outcome="Passed" testListId="8c84fa94-04c1-424b-9868-57a2d4851a1d" relativeResultsDirectory="d2064dc6-9152-47d9-867f-7759b699f400" />
    <UnitTestResult executionId="cc87f8a8-f137-42f4-a784-153e5ae90210" testId="289ca8c1-6229-0a00-b027-f38a937cfdf0" testName="WitchCityRope.Core.Tests.Entities.EventTests.UpdateDates_EventAlreadyStarted_ThrowsDomainException" computerName="Unbutu-Ai-Chads-PC" duration="00:00:00.0021432" startTime="2025-09-12T14:37:23.9422635-04:00" endTime="2025-09-12T14:37:23.9507312-04:00" testType="13cdc9d9-ddb5-4fa4-a97d-d965ccfc6d4b" outcome="Passed" testListId="8c84fa94-04c1-424b-9868-57a2d4851a1d" relativeResultsDirectory="cc87f8a8-f137-42f4-a784-153e5ae90210" />
    <UnitTestResult executionId="b99ae2c3-2cec-47f8-a680-dd878688a0d6" testId="2838e25d-5b0f-3a89-fae4-3fa22a310c96" testName="WitchCityRope.Core.Tests.Entities.EventTests.PricingTiers_SlidingScale_MaintainsOrder" computerName="Unbutu-Ai-Chads-PC" duration="00:00:00.0077313" startTime="2025-09-12T14:37:23.9285695-04:00" endTime="2025-09-12T14:37:23.9361188-04:00" testType="13cdc9d9-ddb5-4fa4-a97d-d965ccfc6d4b" outcome="Passed" testListId="8c84fa94-04c1-424b-9868-57a2d4851a1d" relativeResultsDirectory="b99ae2c3-2cec-47f8-a680-dd878688a0d6" />
    <UnitTestResult executionId="240ed0e1-db81-4688-9df9-583b9b77c857" testId="ac24d209-6ffa-4f30-eb19-ca4687be393e" testName="WitchCityRope.Core.Tests.HealthChecks.ServiceHealthCheckTests.VerifyDockerContainersAreRunning" computerName="Unbutu-Ai-Chads-PC" duration="00:00:00.0167632" startTime="2025-09-12T14:37:23.9943651-04:00" endTime="2025-09-12T14:37:24.0111317-04:00" testType="13cdc9d9-ddb5-4fa4-a97d-d965ccfc6d4b" outcome="Failed" testListId="8c84fa94-04c1-424b-9868-57a2d4851a1d" relativeResultsDirectory="240ed0e1-db81-4688-9df9-583b9b77c857">
      <Output>
        <StdOut>❌ Container 'witchcity-api' is not running
   Fix: Run './dev.sh' or 'docker-compose -f docker-compose.yml -f docker-compose.dev.yml up -d'</StdOut>
        <ErrorInfo>
          <Message>System.InvalidOperationException : Required container 'witchcity-api' is not running</Message>
          <StackTrace>   at WitchCityRope.Core.Tests.HealthChecks.ServiceHealthCheckTests.VerifyDockerContainersAreRunning() in /home/chad/repos/witchcityrope-react/tests/WitchCityRope.Core.Tests/HealthChecks/ServiceHealthCheckTests.cs:line 196
--- End of stack trace from previous location ---</StackTrace>
        </ErrorInfo>
      </Output>
    </UnitTestResult>
    <UnitTestResult executionId="0d360e13-6fb1-4d71-9898-3a3529145feb" testId="acd44a8e-dfd9-4e90-4d13-3e6feed5eeb0" testName="WitchCityRope.Core.Tests.ValueObjects.SceneNameTests.Create_EmptyOrNull_ThrowsArgumentException(name: &quot;&quot;)" computerName="Unbutu-Ai-Chads-PC" duration="00:00:00.0005627" startTime="2025-09-12T14:37:23.8563276-04:00" endTime="2025-09-12T14:37:23.8567431-04:00" testType="13cdc9d9-ddb5-4fa4-a97d-d965ccfc6d4b" outcome="Passed" testListId="8c84fa94-04c1-424b-9868-57a2d4851a1d" relativeResultsDirectory="0d360e13-6fb1-4d71-9898-3a3529145feb" />
    <UnitTestResult executionId="ee181002-7ccc-4e3b-991c-076b1cf7cd7c" testId="17510853-dc9d-0e30-3c21-5738bddd2d2c" testName="WitchCityRope.Core.Tests.Entities.RegistrationTests.Confirm_PendingRegistrationWithCompletedPayment_ConfirmsSuccessfully" computerName="Unbutu-Ai-Chads-PC" duration="00:00:00.0121099" startTime="2025-09-12T14:37:23.9289261-04:00" endTime="2025-09-12T14:37:23.9408734-04:00" testType="13cdc9d9-ddb5-4fa4-a97d-d965ccfc6d4b" outcome="Passed" testListId="8c84fa94-04c1-424b-9868-57a2d4851a1d" relativeResultsDirectory="ee181002-7ccc-4e3b-991c-076b1cf7cd7c" />
    <UnitTestResult executionId="b133ed1e-b020-4d03-9038-1338dc4cede3" testId="b3adae82-3060-af8b-8907-f3afdf3e3905" testName="WitchCityRope.Core.Tests.Entities.RegistrationTests.StatusTransitions_VariousScenarios_BehavesCorrectly(initialStatus: Pending, targetStatus: Cancelled, shouldSucceed: True)" computerName="Unbutu-Ai-Chads-PC" duration="00:00:00.0027966" startTime="2025-09-12T14:37:23.8837336-04:00" endTime="2025-09-12T14:37:23.8846479-04:00" testType="13cdc9d9-ddb5-4fa4-a97d-d965ccfc6d4b" outcome="Passed" testListId="8c84fa94-04c1-424b-9868-57a2d4851a1d" relativeResultsDirectory="b133ed1e-b020-4d03-9038-1338dc4cede3" />
    <UnitTestResult executionId="963c58aa-41b4-47f9-af2c-1950a47e9d8e" testId="0faa10f1-9b22-e3b7-c9cf-4a05f411e7a0" testName="WitchCityRope.Core.Tests.Entities.RegistrationTests.UpdateAccessibilityNeeds_ActiveRegistration_UpdatesSuccessfully" computerName="Unbutu-Ai-Chads-PC" duration="00:00:00.0059307" startTime="2025-09-12T14:37:24.0402331-04:00" endTime="2025-09-12T14:37:24.0455523-04:00" testType="13cdc9d9-ddb5-4fa4-a97d-d965ccfc6d4b" outcome="Passed" testListId="8c84fa94-04c1-424b-9868-57a2d4851a1d" relativeResultsDirectory="963c58aa-41b4-47f9-af2c-1950a47e9d8e" />
    <UnitTestResult executionId="04477ff1-5771-4a4c-915e-608f19b0ca7b" testId="f59f7a21-07b4-832f-fda9-0f8e86b99025" testName="WitchCityRope.Core.Tests.ValueObjects.EmailAddressTests.Create_InvalidFormat_ThrowsDomainException(email: &quot;user@exam ple.com&quot;)" computerName="Unbutu-Ai-Chads-PC" duration="00:00:00.0001667" startTime="2025-09-12T14:37:23.8685618-04:00" endTime="2025-09-12T14:37:23.8687139-04:00" testType="13cdc9d9-ddb5-4fa4-a97d-d965ccfc6d4b" outcome="Passed" testListId="8c84fa94-04c1-424b-9868-57a2d4851a1d" relativeResultsDirectory="04477ff1-5771-4a4c-915e-608f19b0ca7b" />
    <UnitTestResult executionId="867b9994-9384-4224-9ba7-ab6687f32653" testId="03fa85b2-43b0-99e5-97e9-18bd4cd6c123" testName="WitchCityRope.Core.Tests.ValueObjects.SceneNameTests.Create_ExactlyMinLength_CreatesSuccessfully" computerName="Unbutu-Ai-Chads-PC" duration="00:00:00.0001263" startTime="2025-09-12T14:37:23.8684595-04:00" endTime="2025-09-12T14:37:23.8685960-04:00" testType="13cdc9d9-ddb5-4fa4-a97d-d965ccfc6d4b" outcome="Passed" testListId="8c84fa94-04c1-424b-9868-57a2d4851a1d" relativeResultsDirectory="867b9994-9384-4224-9ba7-ab6687f32653" />
    <UnitTestResult executionId="b669b3bd-132b-4cc1-838c-91d347b17d58" testId="16b86624-9e7b-1dad-64c2-35f2e1bcf205" testName="WitchCityRope.Core.Tests.Entities.UserTests.PromoteToRole_SameRole_ThrowsDomainException" computerName="Unbutu-Ai-Chads-PC" duration="00:00:00.0011872" startTime="2025-09-12T14:37:23.8927464-04:00" endTime="2025-09-12T14:37:23.8959559-04:00" testType="13cdc9d9-ddb5-4fa4-a97d-d965ccfc6d4b" outcome="Passed" testListId="8c84fa94-04c1-424b-9868-57a2d4851a1d" relativeResultsDirectory="b669b3bd-132b-4cc1-838c-91d347b17d58" />
    <UnitTestResult executionId="073c0d48-2a91-4814-8618-f9bab80eecc2" testId="83f6ab29-21e5-3ac7-386b-8fc4ab977c78" testName="WitchCityRope.Core.Tests.ValueObjects.MoneyTests.GetHashCode_SameValues_ReturnsSameHash" computerName="Unbutu-Ai-Chads-PC" duration="00:00:00.0003334" startTime="2025-09-12T14:37:23.8825358-04:00" endTime="2025-09-12T14:37:23.8825928-04:00" testType="13cdc9d9-ddb5-4fa4-a97d-d965ccfc6d4b" outcome="Passed" testListId="8c84fa94-04c1-424b-9868-57a2d4851a1d" relativeResultsDirectory="073c0d48-2a91-4814-8618-f9bab80eecc2" />
    <UnitTestResult executionId="374d9db2-5011-4ef7-b02d-0bcd879d3161" testId="2afd6f8f-09b7-0e10-bd97-8673e46b5e39" testName="WitchCityRope.Core.Tests.ValueObjects.SceneNameTests.Equals_SameNameDifferentCase_ReturnsTrue" computerName="Unbutu-Ai-Chads-PC" duration="00:00:00.0001089" startTime="2025-09-12T14:37:23.8681111-04:00" endTime="2025-09-12T14:37:23.8681467-04:00" testType="13cdc9d9-ddb5-4fa4-a97d-d965ccfc6d4b" outcome="Passed" testListId="8c84fa94-04c1-424b-9868-57a2d4851a1d" relativeResultsDirectory="374d9db2-5011-4ef7-b02d-0bcd879d3161" />
    <UnitTestResult executionId="6b2ec17e-14bd-45d7-a766-b16e4ed2662d" testId="2a16daf1-9828-ac46-13aa-565928c9b938" testName="WitchCityRope.Core.Tests.Entities.RegistrationTests.IsEligibleForRefund_VariousTimings_ReturnsCorrectResult(hoursBeforeEvent: 47.899999999999999, expectedEligible: False)" computerName="Unbutu-Ai-Chads-PC" duration="00:00:00.0073841" startTime="2025-09-12T14:37:23.9124145-04:00" endTime="2025-09-12T14:37:23.9196762-04:00" testType="13cdc9d9-ddb5-4fa4-a97d-d965ccfc6d4b" outcome="Passed" testListId="8c84fa94-04c1-424b-9868-57a2d4851a1d" relativeResultsDirectory="6b2ec17e-14bd-45d7-a766-b16e4ed2662d" />
    <UnitTestResult executionId="545cfd69-24df-4a2d-bae3-9670f3c87c14" testId="8f5f971f-a71a-13e1-4708-f9d625af241d" testName="WitchCityRope.Core.Tests.ValueObjects.MoneyTests.ToDisplayString_VariousCurrencies_FormatsCorrectly(currency: &quot;USD&quot;, expected: &quot;$10.50&quot;)" computerName="Unbutu-Ai-Chads-PC" duration="00:00:00.0074586" startTime="2025-09-12T14:37:23.8821124-04:00" endTime="2025-09-12T14:37:23.8821494-04:00" testType="13cdc9d9-ddb5-4fa4-a97d-d965ccfc6d4b" outcome="Passed" testListId="8c84fa94-04c1-424b-9868-57a2d4851a1d" relativeResultsDirectory="545cfd69-24df-4a2d-bae3-9670f3c87c14" />
    <UnitTestResult executionId="8a8dd08a-72b3-495e-8ac6-e7e185a8cef9" testId="184ae763-6928-b09d-3745-32f2f3043958" testName="WitchCityRope.Core.Tests.Entities.UserTests.Constructor_ExactlyMinimumAge_CreatesUser" computerName="Unbutu-Ai-Chads-PC" duration="00:00:00.0002920" startTime="2025-09-12T14:37:23.8978854-04:00" endTime="2025-09-12T14:37:23.8979458-04:00" testType="13cdc9d9-ddb5-4fa4-a97d-d965ccfc6d4b" outcome="Passed" testListId="8c84fa94-04c1-424b-9868-57a2d4851a1d" relativeResultsDirectory="8a8dd08a-72b3-495e-8ac6-e7e185a8cef9" />
    <UnitTestResult executionId="bae71f6a-8e43-4ddb-8f8b-f9a6c24021ea" testId="7d8e1bdd-5b0a-e86b-4cc6-21776e72712f" testName="WitchCityRope.Core.Tests.ValueObjects.MoneyTests.OperatorMinus_SameCurrency_SubtractsSuccessfully" computerName="Unbutu-Ai-Chads-PC" duration="00:00:00.0001674" startTime="2025-09-12T14:37:23.8802766-04:00" endTime="2025-09-12T14:37:23.8803115-04:00" testType="13cdc9d9-ddb5-4fa4-a97d-d965ccfc6d4b" outcome="Passed" testListId="8c84fa94-04c1-424b-9868-57a2d4851a1d" relativeResultsDirectory="bae71f6a-8e43-4ddb-8f8b-f9a6c24021ea" />
    <UnitTestResult executionId="57cba932-b6c3-4667-aef1-7bddb85561bb" testId="29518f0a-7330-4b80-0907-a4ac839337bc" testName="WitchCityRope.Core.Tests.Entities.RegistrationTests.StatusTransitions_VariousScenarios_BehavesCorrectly(initialStatus: Confirmed, targetStatus: CheckedIn, shouldSucceed: True)" computerName="Unbutu-Ai-Chads-PC" duration="00:00:00.0106674" startTime="2025-09-12T14:37:23.8819638-04:00" endTime="2025-09-12T14:37:23.8836705-04:00" testType="13cdc9d9-ddb5-4fa4-a97d-d965ccfc6d4b" outcome="Passed" testListId="8c84fa94-04c1-424b-9868-57a2d4851a1d" relativeResultsDirectory="57cba932-b6c3-4667-aef1-7bddb85561bb" />
    <UnitTestResult executionId="1260124f-c185-4bde-be62-2d3fde9f4d51" testId="8733cb82-c09e-1fe6-efe8-6e4e312806a6" testName="WitchCityRope.Core.Tests.ValueObjects.SceneNameTests.Equals_WithObject_WorksCorrectly" computerName="Unbutu-Ai-Chads-PC" duration="00:00:00.0001215" startTime="2025-09-12T14:37:23.8672318-04:00" endTime="2025-09-12T14:37:23.8672757-04:00" testType="13cdc9d9-ddb5-4fa4-a97d-d965ccfc6d4b" outcome="Passed" testListId="8c84fa94-04c1-424b-9868-57a2d4851a1d" relativeResultsDirectory="1260124f-c185-4bde-be62-2d3fde9f4d51" />
    <UnitTestResult executionId="87f03796-2682-4908-8201-c4c400879e06" testId="e773b851-8c18-36bf-b413-b6eff82ab4e8" testName="WitchCityRope.Core.Tests.Entities.EventTests.UpdateCapacity_LessThanConfirmedRegistrations_ThrowsDomainException" computerName="Unbutu-Ai-Chads-PC" duration="00:00:00.0124137" startTime="2025-09-12T14:37:23.8856724-04:00" endTime="2025-09-12T14:37:23.8862933-04:00" testType="13cdc9d9-ddb5-4fa4-a97d-d965ccfc6d4b" outcome="Passed" testListId="8c84fa94-04c1-424b-9868-57a2d4851a1d" relativeResultsDirectory="87f03796-2682-4908-8201-c4c400879e06" />
    <UnitTestResult executionId="fe4b97ca-00aa-4f5f-b5a4-c8dd51937e5e" testId="aa176635-c157-d6ec-5a41-2b2da25c3c08" testName="WitchCityRope.Core.Tests.Entities.EventTests.Constructor_VariousCapacities_CreatesSuccessfully(capacity: 1000)" computerName="Unbutu-Ai-Chads-PC" duration="00:00:00.0024940" startTime="2025-09-12T14:37:23.8963550-04:00" endTime="2025-09-12T14:37:23.8980703-04:00" testType="13cdc9d9-ddb5-4fa4-a97d-d965ccfc6d4b" outcome="Passed" testListId="8c84fa94-04c1-424b-9868-57a2d4851a1d" relativeResultsDirectory="fe4b97ca-00aa-4f5f-b5a4-c8dd51937e5e" />
    <UnitTestResult executionId="15aacb33-e37b-495c-a333-a26675cf9a9c" testId="15b218ad-d361-384d-bb79-41a5ba40dc79" testName="WitchCityRope.Core.Tests.Entities.RegistrationTests.IsEligibleForRefund_VariousTimings_ReturnsCorrectResult(hoursBeforeEvent: 48.100000000000001, expectedEligible: True)" computerName="Unbutu-Ai-Chads-PC" duration="00:00:00.0091120" startTime="2025-09-12T14:37:23.9037713-04:00" endTime="2025-09-12T14:37:23.9122539-04:00" testType="13cdc9d9-ddb5-4fa4-a97d-d965ccfc6d4b" outcome="Passed" testListId="8c84fa94-04c1-424b-9868-57a2d4851a1d" relativeResultsDirectory="15aacb33-e37b-495c-a333-a26675cf9a9c" />
    <UnitTestResult executionId="0d9f1944-379e-4d5d-a0d5-4e8c3da4c999" testId="de32cd1b-7d7c-7f38-c9ad-12abae7a7f92" testName="WitchCityRope.Core.Tests.ValueObjects.SceneNameTests.Equals_NullSceneName_ReturnsFalse" computerName="Unbutu-Ai-Chads-PC" duration="00:00:00.0002150" startTime="2025-09-12T14:37:23.8594757-04:00" endTime="2025-09-12T14:37:23.8595118-04:00" testType="13cdc9d9-ddb5-4fa4-a97d-d965ccfc6d4b" outcome="Passed" testListId="8c84fa94-04c1-424b-9868-57a2d4851a1d" relativeResultsDirectory="0d9f1944-379e-4d5d-a0d5-4e8c3da4c999" />
    <UnitTestResult executionId="5da031aa-0064-4c61-8a23-06f64b0d9b7c" testId="c214f8b2-fb5d-eb0c-dc8f-b53e5bf80bd1" testName="WitchCityRope.Core.Tests.Entities.RegistrationTests.UpdateDietaryRestrictions_CancelledRegistration_ThrowsDomainException" computerName="Unbutu-Ai-Chads-PC" duration="00:00:00.0135610" startTime="2025-09-12T14:37:23.8895275-04:00" endTime="2025-09-12T14:37:23.8928138-04:00" testType="13cdc9d9-ddb5-4fa4-a97d-d965ccfc6d4b" outcome="Passed" testListId="8c84fa94-04c1-424b-9868-57a2d4851a1d" relativeResultsDirectory="5da031aa-0064-4c61-8a23-06f64b0d9b7c" />
    <UnitTestResult executionId="268c5a29-5efa-426d-aeb1-3c80429917a1" testId="91f4eb05-11bd-5689-aac1-bef8fa038320" testName="WitchCityRope.Core.Tests.Entities.RegistrationTests.Constructor_NullUser_ThrowsArgumentNullException" computerName="Unbutu-Ai-Chads-PC" duration="00:00:00.0029431" startTime="2025-09-12T14:37:23.9628443-04:00" endTime="2025-09-12T14:37:23.9656754-04:00" testType="13cdc9d9-ddb5-4fa4-a97d-d965ccfc6d4b" outcome="Passed" testListId="8c84fa94-04c1-424b-9868-57a2d4851a1d" relativeResultsDirectory="268c5a29-5efa-426d-aeb1-3c80429917a1" />
    <UnitTestResult executionId="402fa611-01f4-4515-8d31-762a6fc38663" testId="5103f879-550d-fbea-5ebd-81a2562bffc5" testName="WitchCityRope.Core.Tests.ValueObjects.EmailAddressTests.Create_EmailExceedsMaxLength_ThrowsDomainException" computerName="Unbutu-Ai-Chads-PC" duration="00:00:00.0004630" startTime="2025-09-12T14:37:23.8577541-04:00" endTime="2025-09-12T14:37:23.8579146-04:00" testType="13cdc9d9-ddb5-4fa4-a97d-d965ccfc6d4b" outcome="Passed" testListId="8c84fa94-04c1-424b-9868-57a2d4851a1d" relativeResultsDirectory="402fa611-01f4-4515-8d31-762a6fc38663" />
    <UnitTestResult executionId="cf23ba3f-8510-4186-ba6d-25d20a00aa72" testId="f8ab723d-cb6b-49c6-5dbb-7ffd207243cd" testName="WitchCityRope.Core.Tests.ValueObjects.MoneyTests.Zero_DefaultCurrency_CreatesZeroUSD" computerName="Unbutu-Ai-Chads-PC" duration="00:00:00.0000986" startTime="2025-09-12T14:37:23.8804073-04:00" endTime="2025-09-12T14:37:23.8804857-04:00" testType="13cdc9d9-ddb5-4fa4-a97d-d965ccfc6d4b" outcome="Passed" testListId="8c84fa94-04c1-424b-9868-57a2d4851a1d" relativeResultsDirectory="cf23ba3f-8510-4186-ba6d-25d20a00aa72" />
    <UnitTestResult executionId="29430a2a-4d2e-47eb-b198-d35bf50d3eb6" testId="c05012ef-d0ab-afcf-bc6a-16ea57c9f455" testName="WitchCityRope.Core.Tests.Entities.EventTests.Constructor_StartDateAfterEndDate_ThrowsDomainException" computerName="Unbutu-Ai-Chads-PC" duration="00:00:00.0029570" startTime="2025-09-12T14:37:23.8849436-04:00" endTime="2025-09-12T14:37:23.8855782-04:00" testType="13cdc9d9-ddb5-4fa4-a97d-d965ccfc6d4b" outcome="Passed" testListId="8c84fa94-04c1-424b-9868-57a2d4851a1d" relativeResultsDirectory="29430a2a-4d2e-47eb-b198-d35bf50d3eb6" />
    <UnitTestResult executionId="efaeed1b-1a7b-4f1f-90f9-787735bf7663" testId="05cc17c1-28ea-dce3-3c35-bd28b793225a" testName="WitchCityRope.Core.Tests.Entities.EventTests.UpdateCapacity_IncreaseCapacity_UpdatesSuccessfully" computerName="Unbutu-Ai-Chads-PC" duration="00:00:00.0017479" startTime="2025-09-12T14:37:23.9548259-04:00" endTime="2025-09-12T14:37:23.9560791-04:00" testType="13cdc9d9-ddb5-4fa4-a97d-d965ccfc6d4b" outcome="Passed" testListId="8c84fa94-04c1-424b-9868-57a2d4851a1d" relativeResultsDirectory="efaeed1b-1a7b-4f1f-90f9-787735bf7663" />
    <UnitTestResult executionId="a9f76272-cc38-4a3a-9b61-052418908d75" testId="bf813ab1-328d-8105-78c5-bea3e40472ac" testName="WitchCityRope.Core.Tests.Entities.EventTests.Constructor_ZeroCapacity_ThrowsDomainException" computerName="Unbutu-Ai-Chads-PC" duration="00:00:00.0037159" startTime="2025-09-12T14:37:23.9509659-04:00" endTime="2025-09-12T14:37:23.9511155-04:00" testType="13cdc9d9-ddb5-4fa4-a97d-d965ccfc6d4b" outcome="Passed" testListId="8c84fa94-04c1-424b-9868-57a2d4851a1d" relativeResultsDirectory="a9f76272-cc38-4a3a-9b61-052418908d75" />
    <UnitTestResult executionId="50d5011d-3c26-410e-a939-f97f5c2d2eee" testId="9453135b-223b-97a5-cd9b-6df89673c33a" testName="WitchCityRope.Core.Tests.ValueObjects.MoneyTests.CompareTo_SameCurrency_ComparesAmounts" computerName="Unbutu-Ai-Chads-PC" duration="00:00:00.0003194" startTime="2025-09-12T14:37:23.8791418-04:00" endTime="2025-09-12T14:37:23.8792109-04:00" testType="13cdc9d9-ddb5-4fa4-a97d-d965ccfc6d4b" outcome="Passed" testListId="8c84fa94-04c1-424b-9868-57a2d4851a1d" relativeResultsDirectory="50d5011d-3c26-410e-a939-f97f5c2d2eee" />
    <UnitTestResult executionId="4d885cbd-b03d-48a0-9275-cbc295ee9fc2" testId="0e057b10-bf68-692c-a35c-76f267f90467" testName="WitchCityRope.Core.Tests.ValueObjects.MoneyTests.Create_ValidCurrency_CreatesSuccessfully(currency: &quot;GBP&quot;)" computerName="Unbutu-Ai-Chads-PC" duration="00:00:00.0001289" startTime="2025-09-12T14:37:23.8659315-04:00" endTime="2025-09-12T14:37:23.8661182-04:00" testType="13cdc9d9-ddb5-4fa4-a97d-d965ccfc6d4b" outcome="Passed" testListId="8c84fa94-04c1-424b-9868-57a2d4851a1d" relativeResultsDirectory="4d885cbd-b03d-48a0-9275-cbc295ee9fc2" />
    <UnitTestResult executionId="84a5120f-90a0-485a-9ad2-935024c610d7" testId="84dcc98b-de79-8a60-e10c-9ece06fa7fb3" testName="WitchCityRope.Core.Tests.ValueObjects.EmailAddressTests.Create_InvalidFormat_ThrowsDomainException(email: &quot;user@&quot;)" computerName="Unbutu-Ai-Chads-PC" duration="00:00:00.0003310" startTime="2025-09-12T14:37:23.8683306-04:00" endTime="2025-09-12T14:37:23.8684963-04:00" testType="13cdc9d9-ddb5-4fa4-a97d-d965ccfc6d4b" outcome="Passed" testListId="8c84fa94-04c1-424b-9868-57a2d4851a1d" relativeResultsDirectory="84a5120f-90a0-485a-9ad2-935024c610d7" />
    <UnitTestResult executionId="256e6900-d91b-4e48-8b94-17ae847eb960" testId="ed1ab1b0-e0da-f61a-8479-70793f974089" testName="WitchCityRope.Core.Tests.Entities.EventTests.RemoveOrganizer_LastOrganizer_ThrowsDomainException" computerName="Unbutu-Ai-Chads-PC" duration="00:00:00.0057408" startTime="2025-09-12T14:37:23.9561747-04:00" endTime="2025-09-12T14:37:23.9619364-04:00" testType="13cdc9d9-ddb5-4fa4-a97d-d965ccfc6d4b" outcome="Passed" testListId="8c84fa94-04c1-424b-9868-57a2d4851a1d" relativeResultsDirectory="256e6900-d91b-4e48-8b94-17ae847eb960" />
    <UnitTestResult executionId="5152d691-dbc0-41ef-90f5-bdf03578b73d" testId="6e472b23-c7af-c847-8f3d-5f6c902a0623" testName="WitchCityRope.Core.Tests.ValueObjects.SceneNameTests.Create_ValidSceneName_CreatesSuccessfully(name: &quot;Scene Name&quot;)" computerName="Unbutu-Ai-Chads-PC" duration="00:00:00.0000034" startTime="2025-09-12T14:37:23.8608470-04:00" endTime="2025-09-12T14:37:23.8608922-04:00" testType="13cdc9d9-ddb5-4fa4-a97d-d965ccfc6d4b" outcome="Passed" testListId="8c84fa94-04c1-424b-9868-57a2d4851a1d" relativeResultsDirectory="5152d691-dbc0-41ef-90f5-bdf03578b73d" />
    <UnitTestResult executionId="53d69927-f80e-4ef5-b384-4d3622617b0f" testId="c0556428-c4f1-258f-1a7f-499a722b016e" testName="WitchCityRope.Core.Tests.ValueObjects.EmailAddressTests.Create_InvalidFormat_ThrowsDomainException(email: &quot;user@.com&quot;)" computerName="Unbutu-Ai-Chads-PC" duration="00:00:00.0001527" startTime="2025-09-12T14:37:23.8704696-04:00" endTime="2025-09-12T14:37:23.8706534-04:00" testType="13cdc9d9-ddb5-4fa4-a97d-d965ccfc6d4b" outcome="Passed" testListId="8c84fa94-04c1-424b-9868-57a2d4851a1d" relativeResultsDirectory="53d69927-f80e-4ef5-b384-4d3622617b0f" />
    <UnitTestResult executionId="a173ee65-aa62-43d8-aabb-966d777e5116" testId="6ddccc30-c396-7d9f-3818-e26a56602056" testName="WitchCityRope.Core.Tests.ValueObjects.MoneyTests.Multiply_NegativeFactor_ThrowsDomainException" computerName="Unbutu-Ai-Chads-PC" duration="00:00:00.0005673" startTime="2025-09-12T14:37:23.8833696-04:00" endTime="2025-09-12T14:37:23.8834038-04:00" testType="13cdc9d9-ddb5-4fa4-a97d-d965ccfc6d4b" outcome="Passed" testListId="8c84fa94-04c1-424b-9868-57a2d4851a1d" relativeResultsDirectory="a173ee65-aa62-43d8-aabb-966d777e5116" />
    <UnitTestResult executionId="85e5dd35-9a2b-473b-9d55-9a658c4a85ec" testId="425f8ec7-7edb-3559-f99e-fb751608c9cb" testName="WitchCityRope.Core.Tests.Entities.EventTests.UpdatePricingTiers_NoConfirmedRegistrations_UpdatesSuccessfully" computerName="Unbutu-Ai-Chads-PC" duration="00:00:00.0216560" startTime="2025-09-12T14:37:23.9035745-04:00" endTime="2025-09-12T14:37:23.9202794-04:00" testType="13cdc9d9-ddb5-4fa4-a97d-d965ccfc6d4b" outcome="Passed" testListId="8c84fa94-04c1-424b-9868-57a2d4851a1d" relativeResultsDirectory="85e5dd35-9a2b-473b-9d55-9a658c4a85ec" />
    <UnitTestResult executionId="bacf1c07-e122-4f83-b132-9ed5f08d7578" testId="6e366377-6d41-5fcc-48f5-0930249fee5e" testName="WitchCityRope.Core.Tests.Entities.RegistrationTests.IsEligibleForRefund_VariousTimings_ReturnsCorrectResult(hoursBeforeEvent: 49, expectedEligible: True)" computerName="Unbutu-Ai-Chads-PC" duration="00:00:00.0122007" startTime="2025-09-12T14:37:23.9016640-04:00" endTime="2025-09-12T14:37:23.9031426-04:00" testType="13cdc9d9-ddb5-4fa4-a97d-d965ccfc6d4b" outcome="Passed" testListId="8c84fa94-04c1-424b-9868-57a2d4851a1d" relativeResultsDirectory="bacf1c07-e122-4f83-b132-9ed5f08d7578" />
    <UnitTestResult executionId="f068d971-b6a5-42eb-8f90-001d864f1e72" testId="f49f87f3-be84-5956-2e64-b7741ecf4d50" testName="WitchCityRope.Core.Tests.Entities.RegistrationTests.CheckIn_BeforeEventStart_ThrowsDomainException" computerName="Unbutu-Ai-Chads-PC" duration="00:00:00.0109912" startTime="2025-09-12T14:37:24.0456680-04:00" endTime="2025-09-12T14:37:24.0565777-04:00" testType="13cdc9d9-ddb5-4fa4-a97d-d965ccfc6d4b" outcome="Passed" testListId="8c84fa94-04c1-424b-9868-57a2d4851a1d" relativeResultsDirectory="f068d971-b6a5-42eb-8f90-001d864f1e72" />
    <UnitTestResult executionId="3b78f977-cd24-4b98-b323-35dd571f71d0" testId="9bb9adcb-9120-fe9b-ae69-727878a9049c" testName="WitchCityRope.Core.Tests.ValueObjects.EmailAddressTests.Create_EmailWithWhitespace_TrimsSuccessfully" computerName="Unbutu-Ai-Chads-PC" duration="00:00:00.0001081" startTime="2025-09-12T14:37:23.8719118-04:00" endTime="2025-09-12T14:37:23.8719479-04:00" testType="13cdc9d9-ddb5-4fa4-a97d-d965ccfc6d4b" outcome="Passed" testListId="8c84fa94-04c1-424b-9868-57a2d4851a1d" relativeResultsDirectory="3b78f977-cd24-4b98-b323-35dd571f71d0" />
    <UnitTestResult executionId="08d76ed7-3cb3-4bbc-adda-adb3801a1a9e" testId="21d49e36-092f-4776-cb8b-30332ca4fe90" testName="WitchCityRope.Core.Tests.Entities.RegistrationTests.Constructor_EventAtCapacity_ThrowsDomainException" computerName="Unbutu-Ai-Chads-PC" duration="00:00:00.0010000" startTime="2025-09-12T14:37:23.9998053-04:00" endTime="2025-09-12T14:37:24.0000854-04:00" testType="13cdc9d9-ddb5-4fa4-a97d-d965ccfc6d4b" outcome="NotExecuted" testListId="8c84fa94-04c1-424b-9868-57a2d4851a1d" relativeResultsDirectory="08d76ed7-3cb3-4bbc-adda-adb3801a1a9e">
      <Output>
        <ErrorInfo>
          <Message>Need to implement a way to simulate full event with existing registrations</Message>
        </ErrorInfo>
      </Output>
    </UnitTestResult>
    <UnitTestResult executionId="5e82459c-90be-438f-8a4e-8b62253e7e11" testId="0ff1a7b2-6bb9-42a4-2271-8b9a55b04a36" testName="WitchCityRope.Core.Tests.ValueObjects.EmailAddressTests.Create_ValidEmail_CreatesSuccessfully(email: &quot;user.name@example.com&quot;)" computerName="Unbutu-Ai-Chads-PC" duration="00:00:00.0223404" startTime="2025-09-12T14:37:23.7674889-04:00" endTime="2025-09-12T14:37:23.7948073-04:00" testType="13cdc9d9-ddb5-4fa4-a97d-d965ccfc6d4b" outcome="Passed" testListId="8c84fa94-04c1-424b-9868-57a2d4851a1d" relativeResultsDirectory="5e82459c-90be-438f-8a4e-8b62253e7e11" />
    <UnitTestResult executionId="fa760962-6e04-4801-95f8-0ced45b4b318" testId="ed03c588-f9e2-cd50-ea85-d6f0ba338f02" testName="WitchCityRope.Core.Tests.ValueObjects.SceneNameTests.GetHashCode_SameNameDifferentCase_ReturnsSameHash" computerName="Unbutu-Ai-Chads-PC" duration="00:00:00.0000781" startTime="2025-09-12T14:37:23.8679788-04:00" endTime="2025-09-12T14:37:23.8680186-04:00" testType="13cdc9d9-ddb5-4fa4-a97d-d965ccfc6d4b" outcome="Passed" testListId="8c84fa94-04c1-424b-9868-57a2d4851a1d" relativeResultsDirectory="fa760962-6e04-4801-95f8-0ced45b4b318" />
    <UnitTestResult executionId="a9f5deb5-0d97-405b-a956-83df25d06f28" testId="305b144b-8ed9-0941-31df-2aff6a8173dd" testName="WitchCityRope.Core.Tests.Entities.UserTests.PromoteToRole_HigherRole_PromotesSuccessfully" computerName="Unbutu-Ai-Chads-PC" duration="00:00:00.0011327" startTime="2025-09-12T14:37:23.8901025-04:00" endTime="2025-09-12T14:37:23.8901735-04:00" testType="13cdc9d9-ddb5-4fa4-a97d-d965ccfc6d4b" outcome="Passed" testListId="8c84fa94-04c1-424b-9868-57a2d4851a1d" relativeResultsDirectory="a9f5deb5-0d97-405b-a956-83df25d06f28" />
    <UnitTestResult executionId="47ec2d47-e3d9-408d-a59e-4a592283b347" testId="b02692b3-9a02-e92f-7382-524711238591" testName="WitchCityRope.Core.Tests.ValueObjects.MoneyTests.Create_ValidCurrency_CreatesSuccessfully(currency: &quot;USD&quot;)" computerName="Unbutu-Ai-Chads-PC" duration="00:00:00.0001211" startTime="2025-09-12T14:37:23.8662533-04:00" endTime="2025-09-12T14:37:23.8668359-04:00" testType="13cdc9d9-ddb5-4fa4-a97d-d965ccfc6d4b" outcome="Passed" testListId="8c84fa94-04c1-424b-9868-57a2d4851a1d" relativeResultsDirectory="47ec2d47-e3d9-408d-a59e-4a592283b347" />
    <UnitTestResult executionId="be6d6ed1-73a8-4df7-8e9d-23294590d75c" testId="c3e42df9-274a-a616-9d53-0e461b6f0fcc" testName="WitchCityRope.Core.Tests.ValueObjects.MoneyTests.Equals_DifferentAmount_ReturnsFalse" computerName="Unbutu-Ai-Chads-PC" duration="00:00:00.0013537" startTime="2025-09-12T14:37:23.8581267-04:00" endTime="2025-09-12T14:37:23.8601455-04:00" testType="13cdc9d9-ddb5-4fa4-a97d-d965ccfc6d4b" outcome="Passed" testListId="8c84fa94-04c1-424b-9868-57a2d4851a1d" relativeResultsDirectory="be6d6ed1-73a8-4df7-8e9d-23294590d75c" />
    <UnitTestResult executionId="8d522520-21e8-4b8c-8745-67f2957c9b22" testId="8122439b-37fb-4922-97ba-e403cc364eed" testName="WitchCityRope.Core.Tests.ValueObjects.EmailAddressTests.Create_ValidEmail_CreatesSuccessfully(email: &quot;test123@subdomain.example.com&quot;)" computerName="Unbutu-Ai-Chads-PC" duration="00:00:00.0004047" startTime="2025-09-12T14:37:23.8485032-04:00" endTime="2025-09-12T14:37:23.8485448-04:00" testType="13cdc9d9-ddb5-4fa4-a97d-d965ccfc6d4b" outcome="Passed" testListId="8c84fa94-04c1-424b-9868-57a2d4851a1d" relativeResultsDirectory="8d522520-21e8-4b8c-8745-67f2957c9b22" />
    <UnitTestResult executionId="c3fe24b6-24ba-4dcd-9249-712db96bb497" testId="0956fa5d-4aed-486e-f7dc-84f44811deb3" testName="WitchCityRope.Core.Tests.Entities.UserTests.PromoteToRole_VariousScenarios_BehavesCorrectly(currentRole: Member, newRole: Organizer, shouldSucceed: True)" computerName="Unbutu-Ai-Chads-PC" duration="00:00:00.0015811" startTime="2025-09-12T14:37:23.8838201-04:00" endTime="2025-09-12T14:37:23.8845389-04:00" testType="13cdc9d9-ddb5-4fa4-a97d-d965ccfc6d4b" outcome="Passed" testListId="8c84fa94-04c1-424b-9868-57a2d4851a1d" relativeResultsDirectory="c3fe24b6-24ba-4dcd-9249-712db96bb497" />
    <UnitTestResult executionId="3e0292a1-2911-478e-9708-c22941694d27" testId="627dc205-8966-14e4-f275-84a93649715d" testName="WitchCityRope.Core.Tests.Entities.RegistrationTests.Constructor_SelectsHighestPriceTier_ValidatesSuccessfully" computerName="Unbutu-Ai-Chads-PC" duration="00:00:00.0063187" startTime="2025-09-12T14:37:24.0022669-04:00" endTime="2025-09-12T14:37:24.0061192-04:00" testType="13cdc9d9-ddb5-4fa4-a97d-d965ccfc6d4b" outcome="Passed" testListId="8c84fa94-04c1-424b-9868-57a2d4851a1d" relativeResultsDirectory="3e0292a1-2911-478e-9708-c22941694d27" />
    <UnitTestResult executionId="4f1d0e45-fc53-4ac1-b5bf-0b4ab01b2e4a" testId="b044912f-a46a-5c40-95af-4fdef8a1afaf" testName="WitchCityRope.Core.Tests.Entities.EventTests.Constructor_ValidData_CreatesEvent" computerName="Unbutu-Ai-Chads-PC" duration="00:00:00.0027971" startTime="2025-09-12T14:37:23.9264284-04:00" endTime="2025-09-12T14:37:23.9283700-04:00" testType="13cdc9d9-ddb5-4fa4-a97d-d965ccfc6d4b" outcome="Passed" testListId="8c84fa94-04c1-424b-9868-57a2d4851a1d" relativeResultsDirectory="4f1d0e45-fc53-4ac1-b5bf-0b4ab01b2e4a" />
    <UnitTestResult executionId="98139201-788d-432a-9e1b-d958ed7ad937" testId="d16237a8-90bf-68f0-8cb9-70c28d5553b3" testName="WitchCityRope.Core.Tests.Entities.EventTests.RemoveOrganizer_MultipleOrganizers_RemovesSuccessfully" computerName="Unbutu-Ai-Chads-PC" duration="00:00:00.0097127" startTime="2025-09-12T14:37:23.9008116-04:00" endTime="2025-09-12T14:37:23.9008927-04:00" testType="13cdc9d9-ddb5-4fa4-a97d-d965ccfc6d4b" outcome="Passed" testListId="8c84fa94-04c1-424b-9868-57a2d4851a1d" relativeResultsDirectory="98139201-788d-432a-9e1b-d958ed7ad937" />
    <UnitTestResult executionId="3d94febc-98bf-4152-9bec-bdd09eaa244b" testId="347519fa-20da-2415-a333-db65c694b8f6" testName="WitchCityRope.Core.Tests.ValueObjects.SceneNameTests.Equals_DifferentNames_ReturnsFalse" computerName="Unbutu-Ai-Chads-PC" duration="00:00:00.0004246" startTime="2025-09-12T14:37:23.8625004-04:00" endTime="2025-09-12T14:37:23.8662875-04:00" testType="13cdc9d9-ddb5-4fa4-a97d-d965ccfc6d4b" outcome="Passed" testListId="8c84fa94-04c1-424b-9868-57a2d4851a1d" relativeResultsDirectory="3d94febc-98bf-4152-9bec-bdd09eaa244b" />
    <UnitTestResult executionId="5087c455-d172-4235-93e1-8fe36234bcc8" testId="69a09f52-376a-6f0b-5082-61e182c0b318" testName="WitchCityRope.Core.Tests.Entities.RegistrationTests.StatusTransitions_VariousScenarios_BehavesCorrectly(initialStatus: Confirmed, targetStatus: Cancelled, shouldSucceed: True)" computerName="Unbutu-Ai-Chads-PC" duration="00:00:00.0442769" startTime="2025-09-12T14:37:23.7676231-04:00" endTime="2025-09-12T14:37:23.8818855-04:00" testType="13cdc9d9-ddb5-4fa4-a97d-d965ccfc6d4b" outcome="Passed" testListId="8c84fa94-04c1-424b-9868-57a2d4851a1d" relativeResultsDirectory="5087c455-d172-4235-93e1-8fe36234bcc8" />
    <UnitTestResult executionId="c36d96cd-d4ca-4bcc-a904-ec4ff6d06c8c" testId="0c59e933-24d5-adbb-33bf-d68b154cd5f8" testName="WitchCityRope.Core.Tests.ValueObjects.SceneNameTests.Create_EmptyOrNull_ThrowsArgumentException(name: null)" computerName="Unbutu-Ai-Chads-PC" duration="00:00:00.0003374" startTime="2025-09-12T14:37:23.8568097-04:00" endTime="2025-09-12T14:37:23.8568440-04:00" testType="13cdc9d9-ddb5-4fa4-a97d-d965ccfc6d4b" outcome="Passed" testListId="8c84fa94-04c1-424b-9868-57a2d4851a1d" relativeResultsDirectory="c36d96cd-d4ca-4bcc-a904-ec4ff6d06c8c" />
    <UnitTestResult executionId="d9903c1a-d0c2-40c0-9f22-05c3c2f3f27f" testId="ef439f9a-370d-abf0-fc41-3f1c34b7e801" testName="WitchCityRope.Core.Tests.ValueObjects.EmailAddressTests.TryCreate_InvalidEmail_ReturnsFalse(invalidEmail: null)" computerName="Unbutu-Ai-Chads-PC" duration="00:00:00.0000050" startTime="2025-09-12T14:37:23.8621711-04:00" endTime="2025-09-12T14:37:23.8625805-04:00" testType="13cdc9d9-ddb5-4fa4-a97d-d965ccfc6d4b" outcome="Passed" testListId="8c84fa94-04c1-424b-9868-57a2d4851a1d" relativeResultsDirectory="d9903c1a-d0c2-40c0-9f22-05c3c2f3f27f" />
    <UnitTestResult executionId="a7643f0a-8ffa-46d9-9df5-0e1dff47fb6c" testId="13649248-17fa-672a-9167-63b725801bed" testName="WitchCityRope.Core.Tests.ValueObjects.SceneNameTests.CaseInsensitiveComparison_WorksCorrectly(name1: &quot;SCENE NAME&quot;, name2: &quot;Scene Name&quot;)" computerName="Unbutu-Ai-Chads-PC" duration="00:00:00.0015026" startTime="2025-09-12T14:37:23.8574980-04:00" endTime="2025-09-12T14:37:23.8587247-04:00" testType="13cdc9d9-ddb5-4fa4-a97d-d965ccfc6d4b" outcome="Passed" testListId="8c84fa94-04c1-424b-9868-57a2d4851a1d" relativeResultsDirectory="a7643f0a-8ffa-46d9-9df5-0e1dff47fb6c" />
    <UnitTestResult executionId="8ba6868f-385f-4ca0-ae07-521eb84510ae" testId="c774f67f-9417-304b-9fb5-ba0ee243e9da" testName="WitchCityRope.Core.Tests.ValueObjects.SceneNameTests.Create_SingleCharacter_ThrowsDomainException" computerName="Unbutu-Ai-Chads-PC" duration="00:00:00.0288236" startTime="2025-09-12T14:37:23.7676054-04:00" endTime="2025-09-12T14:37:23.8541121-04:00" testType="13cdc9d9-ddb5-4fa4-a97d-d965ccfc6d4b" outcome="Passed" testListId="8c84fa94-04c1-424b-9868-57a2d4851a1d" relativeResultsDirectory="8ba6868f-385f-4ca0-ae07-521eb84510ae" />
    <UnitTestResult executionId="87bff768-f833-4e7c-a037-62613dc5caed" testId="60d19a79-2c4a-6e5e-4d71-9a95960b7cd1" testName="WitchCityRope.Core.Tests.ValueObjects.MoneyTests.Subtract_InsufficientFunds_ThrowsDomainException" computerName="Unbutu-Ai-Chads-PC" duration="00:00:00.0004373" startTime="2025-09-12T14:37:23.8696431-04:00" endTime="2025-09-12T14:37:23.8705102-04:00" testType="13cdc9d9-ddb5-4fa4-a97d-d965ccfc6d4b" outcome="Passed" testListId="8c84fa94-04c1-424b-9868-57a2d4851a1d" relativeResultsDirectory="87bff768-f833-4e7c-a037-62613dc5caed" />
    <UnitTestResult executionId="90f2cae1-8151-4872-9c30-bab8c2ed5a5c" testId="b0c29659-c92c-6eaa-c0ba-c6e061d02eb3" testName="WitchCityRope.Core.Tests.HealthChecks.ServiceHealthCheckTests.VerifyReactDevServerIsAccessible" computerName="Unbutu-Ai-Chads-PC" duration="00:00:00.0979923" startTime="2025-09-12T14:37:23.7675401-04:00" endTime="2025-09-12T14:37:23.8992645-04:00" testType="13cdc9d9-ddb5-4fa4-a97d-d965ccfc6d4b" outcome="Passed" testListId="8c84fa94-04c1-424b-9868-57a2d4851a1d" relativeResultsDirectory="90f2cae1-8151-4872-9c30-bab8c2ed5a5c">
      <Output>
        <StdOut>✅ React dev server is accessible at http://localhost:5173</StdOut>
      </Output>
    </UnitTestResult>
    <UnitTestResult executionId="40b776f2-0740-4a18-9004-9e9a158fe94e" testId="f31ab1aa-39de-68ab-51b3-8be7b1b5b9d2" testName="WitchCityRope.Core.Tests.Entities.UserTests.UpdateEmail_NullEmail_ThrowsArgumentNullException" computerName="Unbutu-Ai-Chads-PC" duration="00:00:00.0012947" startTime="2025-09-12T14:37:23.8925395-04:00" endTime="2025-09-12T14:37:23.8925996-04:00" testType="13cdc9d9-ddb5-4fa4-a97d-d965ccfc6d4b" outcome="Passed" testListId="8c84fa94-04c1-424b-9868-57a2d4851a1d" relativeResultsDirectory="40b776f2-0740-4a18-9004-9e9a158fe94e" />
    <UnitTestResult executionId="190a0721-54df-4a62-93a6-2aa489af3f22" testId="ef8d04dc-547e-cdcb-50a3-2a0559d1c59b" testName="WitchCityRope.Core.Tests.Entities.EventTests.Constructor_VariousCapacities_CreatesSuccessfully(capacity: 10)" computerName="Unbutu-Ai-Chads-PC" duration="00:00:00.0021404" startTime="2025-09-12T14:37:23.8899243-04:00" endTime="2025-09-12T14:37:23.8909265-04:00" testType="13cdc9d9-ddb5-4fa4-a97d-d965ccfc6d4b" outcome="Passed" testListId="8c84fa94-04c1-424b-9868-57a2d4851a1d" relativeResultsDirectory="190a0721-54df-4a62-93a6-2aa489af3f22" />
    <UnitTestResult executionId="f7c6c5f5-de24-4983-8019-5a15781ffba2" testId="aa71a203-3d80-3323-0c0d-232f4f20becc" testName="WitchCityRope.Core.Tests.ValueObjects.SceneNameTests.Create_TrimsWhitespace_ButPreservesInternalSpaces(input: &quot;Trailing Space  &quot;)" computerName="Unbutu-Ai-Chads-PC" duration="00:00:00.0005978" startTime="2025-09-12T14:37:23.8543898-04:00" endTime="2025-09-12T14:37:23.8546135-04:00" testType="13cdc9d9-ddb5-4fa4-a97d-d965ccfc6d4b" outcome="Passed" testListId="8c84fa94-04c1-424b-9868-57a2d4851a1d" relativeResultsDirectory="f7c6c5f5-de24-4983-8019-5a15781ffba2" />
    <UnitTestResult executionId="77323e19-8b01-435d-8d99-f2e077247322" testId="a17f7256-4498-6316-6913-96f986b70443" testName="WitchCityRope.Core.Tests.ValueObjects.MoneyTests.Subtract_DifferentCurrency_ThrowsDomainException" computerName="Unbutu-Ai-Chads-PC" duration="00:00:00.0008790" startTime="2025-09-12T14:37:23.8710978-04:00" endTime="2025-09-12T14:37:23.8726159-04:00" testType="13cdc9d9-ddb5-4fa4-a97d-d965ccfc6d4b" outcome="Passed" testListId="8c84fa94-04c1-424b-9868-57a2d4851a1d" relativeResultsDirectory="77323e19-8b01-435d-8d99-f2e077247322" />
    <UnitTestResult executionId="517913b7-300a-40a5-9b26-2ff4046a62c9" testId="d62e8641-98ea-1230-1843-e706f07349bc" testName="WitchCityRope.Core.Tests.ValueObjects.SceneNameTests.Create_TrimsWhitespace_ButPreservesInternalSpaces(input: &quot;  Both Spaces  &quot;)" computerName="Unbutu-Ai-Chads-PC" duration="00:00:00.0000087" startTime="2025-09-12T14:37:23.8561961-04:00" endTime="2025-09-12T14:37:23.8562341-04:00" testType="13cdc9d9-ddb5-4fa4-a97d-d965ccfc6d4b" outcome="Passed" testListId="8c84fa94-04c1-424b-9868-57a2d4851a1d" relativeResultsDirectory="517913b7-300a-40a5-9b26-2ff4046a62c9" />
    <UnitTestResult executionId="aa04aa46-de06-4168-9f62-33de81ee5bc8" testId="7d873735-73f3-afa9-1dba-8902862c0ad8" testName="WitchCityRope.Core.Tests.Entities.EventTests.Constructor_NegativeCapacity_ThrowsDomainException" computerName="Unbutu-Ai-Chads-PC" duration="00:00:00.0021183" startTime="2025-09-12T14:37:23.9512018-04:00" endTime="2025-09-12T14:37:23.9522104-04:00" testType="13cdc9d9-ddb5-4fa4-a97d-d965ccfc6d4b" outcome="Passed" testListId="8c84fa94-04c1-424b-9868-57a2d4851a1d" relativeResultsDirectory="aa04aa46-de06-4168-9f62-33de81ee5bc8" />
    <UnitTestResult executionId="309e272a-146f-4903-bc1d-2a37520ccabc" testId="cba69a7c-5c84-d4de-0599-cdcdb4c5885a" testName="WitchCityRope.Core.Tests.ValueObjects.MoneyTests.Equals_SameAmountAndCurrency_ReturnsTrue" computerName="Unbutu-Ai-Chads-PC" duration="00:00:00.0002461" startTime="2025-09-12T14:37:23.8789554-04:00" endTime="2025-09-12T14:37:23.8789991-04:00" testType="13cdc9d9-ddb5-4fa4-a97d-d965ccfc6d4b" outcome="Passed" testListId="8c84fa94-04c1-424b-9868-57a2d4851a1d" relativeResultsDirectory="309e272a-146f-4903-bc1d-2a37520ccabc" />
    <UnitTestResult executionId="2a3433a7-be15-4028-ac05-175221caea1d" testId="f477f2d2-9bad-36ff-7fb7-b81867202bef" testName="WitchCityRope.Core.Tests.ValueObjects.MoneyTests.Create_EmptyCurrency_ThrowsArgumentException(currency: &quot;&quot;)" computerName="Unbutu-Ai-Chads-PC" duration="00:00:00.0001418" startTime="2025-09-12T14:37:23.8787770-04:00" endTime="2025-09-12T14:37:23.8788318-04:00" testType="13cdc9d9-ddb5-4fa4-a97d-d965ccfc6d4b" outcome="Passed" testListId="8c84fa94-04c1-424b-9868-57a2d4851a1d" relativeResultsDirectory="2a3433a7-be15-4028-ac05-175221caea1d" />
    <UnitTestResult executionId="84f1641c-53e1-4d83-8ab8-e9ede0e72419" testId="ba8d6819-dbe5-0f3d-526a-f7efd7301504" testName="WitchCityRope.Core.Tests.ValueObjects.MoneyTests.Equals_DifferentCurrency_ReturnsFalse" computerName="Unbutu-Ai-Chads-PC" duration="00:00:00.0008185" startTime="2025-09-12T14:37:23.8545692-04:00" endTime="2025-09-12T14:37:23.8564859-04:00" testType="13cdc9d9-ddb5-4fa4-a97d-d965ccfc6d4b" outcome="Passed" testListId="8c84fa94-04c1-424b-9868-57a2d4851a1d" relativeResultsDirectory="84f1641c-53e1-4d83-8ab8-e9ede0e72419" />
    <UnitTestResult executionId="0de356f1-6bab-492f-8e7c-275871bef25f" testId="8d20f875-f9f1-f972-48ca-5f006dd2b59b" testName="WitchCityRope.Core.Tests.Entities.RegistrationTests.Cancel_AfterCheckIn_ThrowsDomainException" computerName="Unbutu-Ai-Chads-PC" duration="00:00:00.0140213" startTime="2025-09-12T14:37:23.9799029-04:00" endTime="2025-09-12T14:37:23.9938410-04:00" testType="13cdc9d9-ddb5-4fa4-a97d-d965ccfc6d4b" outcome="Passed" testListId="8c84fa94-04c1-424b-9868-57a2d4851a1d" relativeResultsDirectory="0de356f1-6bab-492f-8e7c-275871bef25f" />
    <UnitTestResult executionId="b19200f4-c1d8-489c-b31c-e929a7f10453" testId="5527d0db-ca8b-e7da-08c4-922b907c4840" testName="WitchCityRope.Core.Tests.Entities.UserTests.Registrations_NewUser_ReturnsEmptyCollection" computerName="Unbutu-Ai-Chads-PC" duration="00:00:00.0116057" startTime="2025-09-12T14:37:23.8861586-04:00" endTime="2025-09-12T14:37:23.8867895-04:00" testType="13cdc9d9-ddb5-4fa4-a97d-d965ccfc6d4b" outcome="Passed" testListId="8c84fa94-04c1-424b-9868-57a2d4851a1d" relativeResultsDirectory="b19200f4-c1d8-489c-b31c-e929a7f10453" />
    <UnitTestResult executionId="e3d32281-fcc9-4708-95a3-8c2fbf8ea991" testId="b59e7e18-f75f-bdce-9410-2ab9f6845df9" testName="WitchCityRope.Core.Tests.Entities.UserTests.PromoteToRole_LowerRole_ThrowsDomainException" computerName="Unbutu-Ai-Chads-PC" duration="00:00:00.0014155" startTime="2025-09-12T14:37:23.8914002-04:00" endTime="2025-09-12T14:37:23.8916205-04:00" testType="13cdc9d9-ddb5-4fa4-a97d-d965ccfc6d4b" outcome="Passed" testListId="8c84fa94-04c1-424b-9868-57a2d4851a1d" relativeResultsDirectory="e3d32281-fcc9-4708-95a3-8c2fbf8ea991" />
    <UnitTestResult executionId="40d8629b-6fa8-48fb-aee9-7645e1d7f3de" testId="44f3481b-e4bb-4f17-196a-e00c0217ed87" testName="WitchCityRope.Core.Tests.ValueObjects.EmailAddressTests.Create_InvalidFormat_ThrowsDomainException(email: &quot;user@@example.com&quot;)" computerName="Unbutu-Ai-Chads-PC" duration="00:00:00.0004300" startTime="2025-09-12T14:37:23.8674891-04:00" endTime="2025-09-12T14:37:23.8682669-04:00" testType="13cdc9d9-ddb5-4fa4-a97d-d965ccfc6d4b" outcome="Passed" testListId="8c84fa94-04c1-424b-9868-57a2d4851a1d" relativeResultsDirectory="40d8629b-6fa8-48fb-aee9-7645e1d7f3de" />
    <UnitTestResult executionId="6a257f84-97ff-4ab0-84ce-7787f67dd86f" testId="d81728c7-49e8-e89f-b6c0-b279756a6680" testName="WitchCityRope.Core.Tests.ValueObjects.SceneNameTests.Create_ValidSceneName_CreatesSuccessfully(name: &quot;SceneName&quot;)" computerName="Unbutu-Ai-Chads-PC" duration="00:00:00.0000030" startTime="2025-09-12T14:37:23.8619446-04:00" endTime="2025-09-12T14:37:23.8620350-04:00" testType="13cdc9d9-ddb5-4fa4-a97d-d965ccfc6d4b" outcome="Passed" testListId="8c84fa94-04c1-424b-9868-57a2d4851a1d" relativeResultsDirectory="6a257f84-97ff-4ab0-84ce-7787f67dd86f" />
    <UnitTestResult executionId="1e7780a6-6a40-46d8-b44a-dbee933a995a" testId="cb2ec5a2-32db-52c0-a6a1-934dccc75132" testName="WitchCityRope.Core.Tests.Entities.EventTests.Constructor_NoPricingTiers_ThrowsDomainException" computerName="Unbutu-Ai-Chads-PC" duration="00:00:00.0022753" startTime="2025-09-12T14:37:23.8989719-04:00" endTime="2025-09-12T14:37:23.9006583-04:00" testType="13cdc9d9-ddb5-4fa4-a97d-d965ccfc6d4b" outcome="Passed" testListId="8c84fa94-04c1-424b-9868-57a2d4851a1d" relativeResultsDirectory="1e7780a6-6a40-46d8-b44a-dbee933a995a" />
    <UnitTestResult executionId="3c1b5c5a-171e-42a5-8584-58fdc7e50922" testId="e52cb23e-8dbf-be48-4879-01d3bf5f878c" testName="WitchCityRope.Core.Tests.ValueObjects.EmailAddressTests.Create_ValidEmail_CreatesSuccessfully(email: &quot;test@example.com&quot;)" computerName="Unbutu-Ai-Chads-PC" duration="00:00:00.0000099" startTime="2025-09-12T14:37:23.8076711-04:00" endTime="2025-09-12T14:37:23.8077171-04:00" testType="13cdc9d9-ddb5-4fa4-a97d-d965ccfc6d4b" outcome="Passed" testListId="8c84fa94-04c1-424b-9868-57a2d4851a1d" relativeResultsDirectory="3c1b5c5a-171e-42a5-8584-58fdc7e50922" />
    <UnitTestResult executionId="3f69ed9f-93c7-4365-aa18-e8243d3c472b" testId="36ce1916-f738-bf06-e525-9bcb167b94be" testName="WitchCityRope.Core.Tests.ValueObjects.MoneyTests.Create_NumericCurrency_ThrowsDomainException" computerName="Unbutu-Ai-Chads-PC" duration="00:00:00.0005567" startTime="2025-09-12T14:37:23.8706057-04:00" endTime="2025-09-12T14:37:23.8709435-04:00" testType="13cdc9d9-ddb5-4fa4-a97d-d965ccfc6d4b" outcome="Passed" testListId="8c84fa94-04c1-424b-9868-57a2d4851a1d" relativeResultsDirectory="3f69ed9f-93c7-4365-aa18-e8243d3c472b" />
    <UnitTestResult executionId="bc07a7b7-3338-433e-b4bf-d10b1b97cf73" testId="8d59d4a7-b732-33a6-63b7-f602524d5f67" testName="WitchCityRope.Core.Tests.ValueObjects.EmailAddressTests.TryCreate_ValidEmail_ReturnsTrue" computerName="Unbutu-Ai-Chads-PC" duration="00:00:00.0001425" startTime="2025-09-12T14:37:23.8717821-04:00" endTime="2025-09-12T14:37:23.8718199-04:00" testType="13cdc9d9-ddb5-4fa4-a97d-d965ccfc6d4b" outcome="Passed" testListId="8c84fa94-04c1-424b-9868-57a2d4851a1d" relativeResultsDirectory="bc07a7b7-3338-433e-b4bf-d10b1b97cf73" />
    <UnitTestResult executionId="dce98f8a-704d-4672-bb63-cdf9dc61d9a0" testId="cff969f1-ffa2-d5f1-9715-5a871f37fe84" testName="WitchCityRope.Core.Tests.Entities.EventTests.HasAvailableCapacity_SpotsAvailable_ReturnsTrue" computerName="Unbutu-Ai-Chads-PC" duration="00:00:00.0037478" startTime="2025-09-12T14:37:23.9030635-04:00" endTime="2025-09-12T14:37:23.9033731-04:00" testType="13cdc9d9-ddb5-4fa4-a97d-d965ccfc6d4b" outcome="Passed" testListId="8c84fa94-04c1-424b-9868-57a2d4851a1d" relativeResultsDirectory="dce98f8a-704d-4672-bb63-cdf9dc61d9a0" />
    <UnitTestResult executionId="5d558c62-184a-4e0c-91e4-00a4d71af471" testId="8dc4b32e-1d6e-f702-48ff-68937539ae3a" testName="WitchCityRope.Core.Tests.Entities.RegistrationTests.CheckIn_NotConfirmed_ThrowsDomainException" computerName="Unbutu-Ai-Chads-PC" duration="00:00:00.0066697" startTime="2025-09-12T14:37:23.9732053-04:00" endTime="2025-09-12T14:37:23.9797667-04:00" testType="13cdc9d9-ddb5-4fa4-a97d-d965ccfc6d4b" outcome="Passed" testListId="8c84fa94-04c1-424b-9868-57a2d4851a1d" relativeResultsDirectory="5d558c62-184a-4e0c-91e4-00a4d71af471" />
    <UnitTestResult executionId="8a64ad0b-cc2b-44e6-a196-895ace2390e8" testId="8e5b6cc8-b426-b5a6-a2e6-d33c03b3846d" testName="WitchCityRope.Core.Tests.Entities.UserTests.PromoteToRole_VariousScenarios_BehavesCorrectly(currentRole: Organizer, newRole: Member, shouldSucceed: False)" computerName="Unbutu-Ai-Chads-PC" duration="00:00:00.0090661" startTime="2025-09-12T14:37:23.8818278-04:00" endTime="2025-09-12T14:37:23.8827457-04:00" testType="13cdc9d9-ddb5-4fa4-a97d-d965ccfc6d4b" outcome="Passed" testListId="8c84fa94-04c1-424b-9868-57a2d4851a1d" relativeResultsDirectory="8a64ad0b-cc2b-44e6-a196-895ace2390e8" />
    <UnitTestResult executionId="1b0bb327-a067-454d-be0a-a43f87f46f3d" testId="d455764c-ebf5-92ab-8b89-d7a291338524" testName="WitchCityRope.Core.Tests.ValueObjects.EmailAddressTests.Value_AlwaysLowercase(input: &quot;Test@Example.Com&quot;, expected: &quot;test@example.com&quot;)" computerName="Unbutu-Ai-Chads-PC" duration="00:00:00.0001628" startTime="2025-09-12T14:37:23.8653560-04:00" endTime="2025-09-12T14:37:23.8659677-04:00" testType="13cdc9d9-ddb5-4fa4-a97d-d965ccfc6d4b" outcome="Passed" testListId="8c84fa94-04c1-424b-9868-57a2d4851a1d" relativeResultsDirectory="1b0bb327-a067-454d-be0a-a43f87f46f3d" />
    <UnitTestResult executionId="cb89d63c-072f-4040-914f-bb2950be56e8" testId="99678022-cb23-0a38-5149-ac4d37b69a85" testName="WitchCityRope.Core.Tests.ValueObjects.MoneyTests.ToDisplayString_VariousCurrencies_FormatsCorrectly(currency: &quot;CAD&quot;, expected: &quot;CAD 10.50&quot;)" computerName="Unbutu-Ai-Chads-PC" duration="00:00:00.0011986" startTime="2025-09-12T14:37:23.8811777-04:00" endTime="2025-09-12T14:37:23.8819973-04:00" testType="13cdc9d9-ddb5-4fa4-a97d-d965ccfc6d4b" outcome="Passed" testListId="8c84fa94-04c1-424b-9868-57a2d4851a1d" relativeResultsDirectory="cb89d63c-072f-4040-914f-bb2950be56e8" />
    <UnitTestResult executionId="1a23581e-93d5-4063-9bc7-6b4ff9c04aa7" testId="d5159d6d-2952-3694-1eec-00946e14957e" testName="WitchCityRope.Core.Tests.ValueObjects.SceneNameTests.ImplicitStringConversion_ReturnsValue" computerName="Unbutu-Ai-Chads-PC" duration="00:00:00.0001046" startTime="2025-09-12T14:37:23.8686800-04:00" endTime="2025-09-12T14:37:23.8693157-04:00" testType="13cdc9d9-ddb5-4fa4-a97d-d965ccfc6d4b" outcome="Passed" testListId="8c84fa94-04c1-424b-9868-57a2d4851a1d" relativeResultsDirectory="1a23581e-93d5-4063-9bc7-6b4ff9c04aa7" />
    <UnitTestResult executionId="8e461056-9c5d-41a0-b429-c7dd5c18d27c" testId="d37f8d70-658e-9a68-38a9-dcf4a5011bb5" testName="WitchCityRope.Core.Tests.ValueObjects.MoneyTests.Subtract_SameCurrencySufficientFunds_SubtractsSuccessfully" computerName="Unbutu-Ai-Chads-PC" duration="00:00:00.0004025" startTime="2025-09-12T14:37:23.8576262-04:00" endTime="2025-09-12T14:37:23.8577910-04:00" testType="13cdc9d9-ddb5-4fa4-a97d-d965ccfc6d4b" outcome="Passed" testListId="8c84fa94-04c1-424b-9868-57a2d4851a1d" relativeResultsDirectory="8e461056-9c5d-41a0-b429-c7dd5c18d27c" />
    <UnitTestResult executionId="e548e0c4-f607-427c-8117-4818fdcddb92" testId="bcc1e113-1701-9956-f5a9-415e31736096" testName="WitchCityRope.Core.Tests.Entities.RegistrationTests.Cancel_NullReason_UsesDefaultReason" computerName="Unbutu-Ai-Chads-PC" duration="00:00:00.0073340" startTime="2025-09-12T14:37:23.9658080-04:00" endTime="2025-09-12T14:37:23.9730685-04:00" testType="13cdc9d9-ddb5-4fa4-a97d-d965ccfc6d4b" outcome="Passed" testListId="8c84fa94-04c1-424b-9868-57a2d4851a1d" relativeResultsDirectory="e548e0c4-f607-427c-8117-4818fdcddb92" />
    <UnitTestResult executionId="ff4199f0-acd6-41be-a921-0ecce80951e7" testId="445b2f5b-ab0f-f41e-344b-753a5cf07080" testName="WitchCityRope.Core.Tests.Entities.UserTests.Constructor_NullEmail_ThrowsArgumentNullException" computerName="Unbutu-Ai-Chads-PC" duration="00:00:00.0003633" startTime="2025-09-12T14:37:23.8860405-04:00" endTime="2025-09-12T14:37:23.8860746-04:00" testType="13cdc9d9-ddb5-4fa4-a97d-d965ccfc6d4b" outcome="Passed" testListId="8c84fa94-04c1-424b-9868-57a2d4851a1d" relativeResultsDirectory="ff4199f0-acd6-41be-a921-0ecce80951e7" />
    <UnitTestResult executionId="20994d76-a278-4fc7-9fa2-cd6f8a688d55" testId="615864e0-c790-9bed-1d05-9dd7ad15c39e" testName="WitchCityRope.Core.Tests.ValueObjects.MoneyTests.Create_ValidAmount_CreatesSuccessfully(amount: 0)" computerName="Unbutu-Ai-Chads-PC" duration="00:00:00.0000062" startTime="2025-09-12T14:37:23.8655848-04:00" endTime="2025-09-12T14:37:23.8656302-04:00" testType="13cdc9d9-ddb5-4fa4-a97d-d965ccfc6d4b" outcome="Passed" testListId="8c84fa94-04c1-424b-9868-57a2d4851a1d" relativeResultsDirectory="20994d76-a278-4fc7-9fa2-cd6f8a688d55" />
    <UnitTestResult executionId="b492e1c6-8993-44f8-890f-44fd024ae54b" testId="58183c69-e8f2-fc1d-1451-124433b27fa3" testName="WitchCityRope.Core.Tests.Entities.RegistrationTests.CheckIn_ConfirmedRegistrationAfterEventStart_ChecksInSuccessfully" computerName="Unbutu-Ai-Chads-PC" duration="00:00:00.0117219" startTime="2025-09-12T14:37:24.0063196-04:00" endTime="2025-09-12T14:37:24.0178730-04:00" testType="13cdc9d9-ddb5-4fa4-a97d-d965ccfc6d4b" outcome="Passed" testListId="8c84fa94-04c1-424b-9868-57a2d4851a1d" relativeResultsDirectory="b492e1c6-8993-44f8-890f-44fd024ae54b" />
    <UnitTestResult executionId="b98dd75f-9a77-410c-8f70-5ff5535f8ab5" testId="f7f4c0ce-ef99-e663-6486-bae7dca0985d" testName="WitchCityRope.Core.Tests.ValueObjects.EmailAddressTests.Create_InvalidFormat_ThrowsDomainException(email: &quot;notanemail&quot;)" computerName="Unbutu-Ai-Chads-PC" duration="00:00:00.0001589" startTime="2025-09-12T14:37:23.8699312-04:00" endTime="2025-09-12T14:37:23.8700202-04:00" testType="13cdc9d9-ddb5-4fa4-a97d-d965ccfc6d4b" outcome="Passed" testListId="8c84fa94-04c1-424b-9868-57a2d4851a1d" relativeResultsDirectory="b98dd75f-9a77-410c-8f70-5ff5535f8ab5" />
    <UnitTestResult executionId="5a9da57b-3533-4c98-98ba-5fca5f7a0f7c" testId="aa10c3e1-a4c0-c3d8-9c2e-168e33c3cacb" testName="WitchCityRope.Core.Tests.Entities.RegistrationTests.Constructor_NoSpecialNeeds_CreatesRegistration" computerName="Unbutu-Ai-Chads-PC" duration="00:00:00.0026935" startTime="2025-09-12T14:37:23.9012469-04:00" endTime="2025-09-12T14:37:23.9015192-04:00" testType="13cdc9d9-ddb5-4fa4-a97d-d965ccfc6d4b" outcome="Passed" testListId="8c84fa94-04c1-424b-9868-57a2d4851a1d" relativeResultsDirectory="5a9da57b-3533-4c98-98ba-5fca5f7a0f7c" />
    <UnitTestResult executionId="c9b0115e-da2e-4193-a9b7-f22647cc6f8d" testId="1a35023b-af8e-7459-b8da-b70b67577be3" testName="WitchCityRope.Core.Tests.ValueObjects.MoneyTests.ToString_ReturnsStandardFormat" computerName="Unbutu-Ai-Chads-PC" duration="00:00:00.0001450" startTime="2025-09-12T14:37:23.8839382-04:00" endTime="2025-09-12T14:37:23.8839731-04:00" testType="13cdc9d9-ddb5-4fa4-a97d-d965ccfc6d4b" outcome="Passed" testListId="8c84fa94-04c1-424b-9868-57a2d4851a1d" relativeResultsDirectory="c9b0115e-da2e-4193-a9b7-f22647cc6f8d" />
    <UnitTestResult executionId="78498cdd-abcf-428a-9259-62e858e706fc" testId="0d2531b7-57a8-6cf2-eb3a-7be7131df56a" testName="WitchCityRope.Core.Tests.ValueObjects.MoneyTests.Create_ValidAmount_CreatesSuccessfully(amount: 0.01)" computerName="Unbutu-Ai-Chads-PC" duration="00:00:00.0000027" startTime="2025-09-12T14:37:23.8658100-04:00" endTime="2025-09-12T14:37:23.8658445-04:00" testType="13cdc9d9-ddb5-4fa4-a97d-d965ccfc6d4b" outcome="Passed" testListId="8c84fa94-04c1-424b-9868-57a2d4851a1d" relativeResultsDirectory="78498cdd-abcf-428a-9259-62e858e706fc" />
    <UnitTestResult executionId="398b1084-2fac-42b3-9497-32d3aefd6bc8" testId="290b34ee-8997-dfca-77ff-82ad44a16796" testName="WitchCityRope.Core.Tests.Entities.RegistrationTests.Confirm_NullPayment_ThrowsArgumentNullException" computerName="Unbutu-Ai-Chads-PC" duration="00:00:00.0057898" startTime="2025-09-12T14:37:23.9942326-04:00" endTime="2025-09-12T14:37:23.9996708-04:00" testType="13cdc9d9-ddb5-4fa4-a97d-d965ccfc6d4b" outcome="Passed" testListId="8c84fa94-04c1-424b-9868-57a2d4851a1d" relativeResultsDirectory="398b1084-2fac-42b3-9497-32d3aefd6bc8" />
    <UnitTestResult executionId="15feea94-76d0-4613-8b67-a940ba60f35d" testId="2d987cbc-fd5e-628e-2b30-915e893db291" testName="WitchCityRope.Core.Tests.Entities.UserTests.PromoteToRole_VariousScenarios_BehavesCorrectly(currentRole: Attendee, newRole: Member, shouldSucceed: True)" computerName="Unbutu-Ai-Chads-PC" duration="00:00:00.0015630" startTime="2025-09-12T14:37:23.8846015-04:00" endTime="2025-09-12T14:37:23.8847333-04:00" testType="13cdc9d9-ddb5-4fa4-a97d-d965ccfc6d4b" outcome="Passed" testListId="8c84fa94-04c1-424b-9868-57a2d4851a1d" relativeResultsDirectory="15feea94-76d0-4613-8b67-a940ba60f35d" />
    <UnitTestResult executionId="dd6b84cb-ccc3-42f4-b7c3-063e38e37c73" testId="f7d23e18-a648-9711-77fa-7ea2bf00eb97" testName="WitchCityRope.Core.Tests.ValueObjects.SceneNameTests.ToString_ReturnsValue" computerName="Unbutu-Ai-Chads-PC" duration="00:00:00.0001783" startTime="2025-09-12T14:37:23.8591832-04:00" endTime="2025-09-12T14:37:23.8593801-04:00" testType="13cdc9d9-ddb5-4fa4-a97d-d965ccfc6d4b" outcome="Passed" testListId="8c84fa94-04c1-424b-9868-57a2d4851a1d" relativeResultsDirectory="dd6b84cb-ccc3-42f4-b7c3-063e38e37c73" />
    <UnitTestResult executionId="3dc788af-bf43-4382-8120-405e4422e6aa" testId="9821ecb4-3ada-68fe-c2b0-03e006e5036a" testName="WitchCityRope.Core.Tests.HealthChecks.ServiceHealthCheckTests.VerifyApiIsHealthy" computerName="Unbutu-Ai-Chads-PC" duration="00:00:00.0095046" startTime="2025-09-12T14:37:23.9857485-04:00" endTime="2025-09-12T14:37:23.9940418-04:00" testType="13cdc9d9-ddb5-4fa4-a97d-d965ccfc6d4b" outcome="Passed" testListId="8c84fa94-04c1-424b-9868-57a2d4851a1d" relativeResultsDirectory="3dc788af-bf43-4382-8120-405e4422e6aa">
      <Output>
        <StdOut>✅ API is healthy at http://localhost:5655</StdOut>
      </Output>
    </UnitTestResult>
    <UnitTestResult executionId="174a316c-b6ee-4e60-9af0-37f5cc65ccba" testId="f0599150-0368-a690-445e-232b5fbc9674" testName="WitchCityRope.Core.Tests.Entities.EventTests.Constructor_NegativePricingTier_ThrowsDomainException" computerName="Unbutu-Ai-Chads-PC" duration="00:00:00.0003066" startTime="2025-09-12T14:37:23.9540687-04:00" endTime="2025-09-12T14:37:23.9543005-04:00" testType="13cdc9d9-ddb5-4fa4-a97d-d965ccfc6d4b" outcome="Passed" testListId="8c84fa94-04c1-424b-9868-57a2d4851a1d" relativeResultsDirectory="174a316c-b6ee-4e60-9af0-37f5cc65ccba" />
    <UnitTestResult executionId="66694644-04e4-4cab-84c1-f0557a8aa4b9" testId="b8f8533e-2bca-3bb9-a886-ddb48d4ca1a9" testName="WitchCityRope.Core.Tests.HealthChecks.ServiceHealthCheckTests.RunAllHealthChecks" computerName="Unbutu-Ai-Chads-PC" duration="00:00:00.0401364" startTime="2025-09-12T14:37:23.9506784-04:00" endTime="2025-09-12T14:37:23.9840854-04:00" testType="13cdc9d9-ddb5-4fa4-a97d-d965ccfc6d4b" outcome="Failed" testListId="8c84fa94-04c1-424b-9868-57a2d4851a1d" relativeResultsDirectory="66694644-04e4-4cab-84c1-f0557a8aa4b9">
      <Output>
        <StdOut>❌ Container 'witchcity-api' is not running
   Fix: Run './dev.sh' or 'docker-compose -f docker-compose.yml -f docker-compose.dev.yml up -d'
❌ Docker Containers: Required container 'witchcity-api' is not running
❌ PostgreSQL connection failed
   Connection: Host=localhost;Port=5433;Database=WitchCityRope_Dev;Username=postgres;Password=***
   Error: 28P01: password authentication failed for user "postgres"
   Fix: Check 'docker logs witchcity-postgres'
   Run: 'docker-compose -f docker-compose.yml -f docker-compose.dev.yml restart postgres'
❌ PostgreSQL Database: PostgreSQL not accessible on port 5433. Check Docker containers
✅ API is healthy at http://localhost:5655
✅ API Service: Healthy
✅ React dev server is accessible at http://localhost:5173
✅ React Dev Server: Healthy

\ud83d\udcca Health Check Summary:
   Total Time: 33ms
   Passed: 2
   Failed: 2</StdOut>
        <ErrorInfo>
          <Message>System.InvalidOperationException : Infrastructure health checks failed:
  - Docker Containers: ❌ Required container 'witchcity-api' is not running
  - PostgreSQL Database: ❌ PostgreSQL not accessible on port 5433. Check Docker containers</Message>
          <StackTrace>   at WitchCityRope.Core.Tests.HealthChecks.ServiceHealthCheckTests.RunAllHealthChecks() in /home/chad/repos/witchcityrope-react/tests/WitchCityRope.Core.Tests/HealthChecks/ServiceHealthCheckTests.cs:line 259
--- End of stack trace from previous location ---</StackTrace>
        </ErrorInfo>
      </Output>
    </UnitTestResult>
    <UnitTestResult executionId="d11ab90e-e3f6-4820-93cd-5c1be1f54417" testId="0bfa9a81-3d14-9055-54e8-e5fb35de7fcb" testName="WitchCityRope.Core.Tests.ValueObjects.MoneyTests.ToDisplayString_VariousCurrencies_FormatsCorrectly(currency: &quot;EUR&quot;, expected: &quot;€10.50&quot;)" computerName="Unbutu-Ai-Chads-PC" duration="00:00:00.0000046" startTime="2025-09-12T14:37:23.8823729-04:00" endTime="2025-09-12T14:37:23.8824099-04:00" testType="13cdc9d9-ddb5-4fa4-a97d-d965ccfc6d4b" outcome="Passed" testListId="8c84fa94-04c1-424b-9868-57a2d4851a1d" relativeResultsDirectory="d11ab90e-e3f6-4820-93cd-5c1be1f54417" />
    <UnitTestResult executionId="258f5782-b7f7-4398-9632-a964997e5c23" testId="2f4716b1-0c68-9378-d5bc-e4de249c2aa2" testName="WitchCityRope.Core.Tests.ValueObjects.EmailAddressTests.Create_ValidEmail_CreatesSuccessfully(email: &quot;TEST@EXAMPLE.COM&quot;)" computerName="Unbutu-Ai-Chads-PC" duration="00:00:00.0001538" startTime="2025-09-12T14:37:23.8059019-04:00" endTime="2025-09-12T14:37:23.8067196-04:00" testType="13cdc9d9-ddb5-4fa4-a97d-d965ccfc6d4b" outcome="Passed" testListId="8c84fa94-04c1-424b-9868-57a2d4851a1d" relativeResultsDirectory="258f5782-b7f7-4398-9632-a964997e5c23" />
    <UnitTestResult executionId="01d0b616-dff5-4ed8-bb5c-664c3b2ff791" testId="7ab09a5d-83cb-6155-db19-0ce8eb3f79f5" testName="WitchCityRope.Core.Tests.Entities.UserTests.UpdateSceneName_NullSceneName_ThrowsArgumentNullException" computerName="Unbutu-Ai-Chads-PC" duration="00:00:00.0017052" startTime="2025-09-12T14:37:23.8848190-04:00" endTime="2025-09-12T14:37:23.8849798-04:00" testType="13cdc9d9-ddb5-4fa4-a97d-d965ccfc6d4b" outcome="Passed" testListId="8c84fa94-04c1-424b-9868-57a2d4851a1d" relativeResultsDirectory="01d0b616-dff5-4ed8-bb5c-664c3b2ff791" />
    <UnitTestResult executionId="0e565d32-784a-4640-8a9c-c14a4c137c91" testId="9999148d-bc60-e4a0-453e-526e689ed5b8" testName="WitchCityRope.Core.Tests.ValueObjects.MoneyTests.Create_ValidCurrency_CreatesSuccessfully(currency: &quot;EUR&quot;)" computerName="Unbutu-Ai-Chads-PC" duration="00:00:00.0000037" startTime="2025-09-12T14:37:23.8670032-04:00" endTime="2025-09-12T14:37:23.8670844-04:00" testType="13cdc9d9-ddb5-4fa4-a97d-d965ccfc6d4b" outcome="Passed" testListId="8c84fa94-04c1-424b-9868-57a2d4851a1d" relativeResultsDirectory="0e565d32-784a-4640-8a9c-c14a4c137c91" />
    <UnitTestResult executionId="8da27aae-5926-4017-957c-dcbc1d5296e6" testId="df1412dd-e26c-843c-183a-67aa60fd9760" testName="WitchCityRope.Core.Tests.ValueObjects.SceneNameTests.Value_PreservesOriginalCase(input: &quot;SCENENAME&quot;, expected: &quot;SCENENAME&quot;)" computerName="Unbutu-Ai-Chads-PC" duration="00:00:00.0001605" startTime="2025-09-12T14:37:23.8696862-04:00" endTime="2025-09-12T14:37:23.8697686-04:00" testType="13cdc9d9-ddb5-4fa4-a97d-d965ccfc6d4b" outcome="Passed" testListId="8c84fa94-04c1-424b-9868-57a2d4851a1d" relativeResultsDirectory="8da27aae-5926-4017-957c-dcbc1d5296e6" />
    <UnitTestResult executionId="fd376c18-ab86-4621-844b-6325cabe439b" testId="579f4e01-958b-4fd8-6be0-77bb51850a72" testName="WitchCityRope.Core.Tests.Entities.RegistrationTests.StatusTransitions_VariousScenarios_BehavesCorrectly(initialStatus: Pending, targetStatus: Confirmed, shouldSucceed: True)" computerName="Unbutu-Ai-Chads-PC" duration="00:00:00.0031151" startTime="2025-09-12T14:37:23.8862687-04:00" endTime="2025-09-12T14:37:23.8870517-04:00" testType="13cdc9d9-ddb5-4fa4-a97d-d965ccfc6d4b" outcome="Passed" testListId="8c84fa94-04c1-424b-9868-57a2d4851a1d" relativeResultsDirectory="fd376c18-ab86-4621-844b-6325cabe439b" />
    <UnitTestResult executionId="eca2fa0f-f3c9-43c6-9118-637419dbe5f1" testId="d036616b-6b86-99d5-cd58-29b5267bbff4" testName="WitchCityRope.Core.Tests.ValueObjects.SceneNameTests.Create_ValidSceneName_CreatesSuccessfully(name: &quot;12345&quot;)" computerName="Unbutu-Ai-Chads-PC" duration="00:00:00.0000849" startTime="2025-09-12T14:37:23.8600809-04:00" endTime="2025-09-12T14:37:23.8603160-04:00" testType="13cdc9d9-ddb5-4fa4-a97d-d965ccfc6d4b" outcome="Passed" testListId="8c84fa94-04c1-424b-9868-57a2d4851a1d" relativeResultsDirectory="eca2fa0f-f3c9-43c6-9118-637419dbe5f1" />
    <UnitTestResult executionId="dc4ba4ac-4061-405c-87cd-617f364e8416" testId="83b03134-a341-7baa-1ddc-e73e42ca0f1e" testName="WitchCityRope.Core.Tests.Entities.RegistrationTests.UpdateAccessibilityNeeds_CancelledRegistration_ThrowsDomainException" computerName="Unbutu-Ai-Chads-PC" duration="00:00:00.0059891" startTime="2025-09-12T14:37:23.9409954-04:00" endTime="2025-09-12T14:37:23.9510013-04:00" testType="13cdc9d9-ddb5-4fa4-a97d-d965ccfc6d4b" outcome="Passed" testListId="8c84fa94-04c1-424b-9868-57a2d4851a1d" relativeResultsDirectory="dc4ba4ac-4061-405c-87cd-617f364e8416" />
    <UnitTestResult executionId="0b273511-1191-4242-8102-ac675bceaf18" testId="4e783378-2a91-dd2a-54ca-9c33e9d3fbfa" testName="WitchCityRope.Core.Tests.Entities.UserTests.Reactivate_InactiveUser_ReactivatesSuccessfully" computerName="Unbutu-Ai-Chads-PC" duration="00:00:00.0010330" startTime="2025-09-12T14:37:23.8908649-04:00" endTime="2025-09-12T14:37:23.8910852-04:00" testType="13cdc9d9-ddb5-4fa4-a97d-d965ccfc6d4b" outcome="Passed" testListId="8c84fa94-04c1-424b-9868-57a2d4851a1d" relativeResultsDirectory="0b273511-1191-4242-8102-ac675bceaf18" />
    <UnitTestResult executionId="45739e4d-b447-4ce4-be8a-2094dd8f64f1" testId="361c1120-aeb7-b54d-75a2-9ae03fb892c4" testName="WitchCityRope.Core.Tests.Entities.UserTests.PromoteToRole_VariousScenarios_BehavesCorrectly(currentRole: Administrator, newRole: Administrator, shouldSucceed: False)" computerName="Unbutu-Ai-Chads-PC" duration="00:00:00.0016753" startTime="2025-09-12T14:37:23.8832360-04:00" endTime="2025-09-12T14:37:23.8837578-04:00" testType="13cdc9d9-ddb5-4fa4-a97d-d965ccfc6d4b" outcome="Passed" testListId="8c84fa94-04c1-424b-9868-57a2d4851a1d" relativeResultsDirectory="45739e4d-b447-4ce4-be8a-2094dd8f64f1" />
    <UnitTestResult executionId="2174f330-d8d6-4f01-ac18-acd5bb893932" testId="13e9326e-8fe8-43a8-c4a7-f5d4fe61d313" testName="WitchCityRope.Core.Tests.Entities.EventTests.Constructor_VariousCapacities_CreatesSuccessfully(capacity: 1)" computerName="Unbutu-Ai-Chads-PC" duration="00:00:00.0030717" startTime="2025-09-12T14:37:23.8915680-04:00" endTime="2025-09-12T14:37:23.8962253-04:00" testType="13cdc9d9-ddb5-4fa4-a97d-d965ccfc6d4b" outcome="Passed" testListId="8c84fa94-04c1-424b-9868-57a2d4851a1d" relativeResultsDirectory="2174f330-d8d6-4f01-ac18-acd5bb893932" />
    <UnitTestResult executionId="b849ec10-9f1f-4b3d-b669-a30115ea5cf5" testId="10000ed7-f77c-a414-a92a-a0c685e3c96d" testName="WitchCityRope.Core.Tests.Entities.EventTests.UpdateDates_StartDateInPast_ThrowsDomainException" computerName="Unbutu-Ai-Chads-PC" duration="00:00:00.0021829" startTime="2025-09-12T14:37:23.9014290-04:00" endTime="2025-09-12T14:37:23.9017032-04:00" testType="13cdc9d9-ddb5-4fa4-a97d-d965ccfc6d4b" outcome="Passed" testListId="8c84fa94-04c1-424b-9868-57a2d4851a1d" relativeResultsDirectory="b849ec10-9f1f-4b3d-b669-a30115ea5cf5" />
    <UnitTestResult executionId="e3e46331-ba48-4712-afe9-1a67cba57755" testId="82f3a02b-31ab-4418-9795-a2a1b8d17627" testName="WitchCityRope.Core.Tests.Entities.EventTests.UpdateDetails_ValidData_UpdatesSuccessfully" computerName="Unbutu-Ai-Chads-PC" duration="00:00:00.0019555" startTime="2025-09-12T14:37:23.9508402-04:00" endTime="2025-09-12T14:37:23.9508777-04:00" testType="13cdc9d9-ddb5-4fa4-a97d-d965ccfc6d4b" outcome="Passed" testListId="8c84fa94-04c1-424b-9868-57a2d4851a1d" relativeResultsDirectory="e3e46331-ba48-4712-afe9-1a67cba57755" />
    <UnitTestResult executionId="90381b86-cee7-4185-aad9-c9aa611c928d" testId="a273b370-2d95-b550-7a4f-799e4a38d75a" testName="WitchCityRope.Core.Tests.ValueObjects.MoneyTests.CompareTo_DifferentCurrency_ThrowsInvalidOperationException" computerName="Unbutu-Ai-Chads-PC" duration="00:00:00.0011550" startTime="2025-09-12T14:37:23.8672055-04:00" endTime="2025-09-12T14:37:23.8688023-04:00" testType="13cdc9d9-ddb5-4fa4-a97d-d965ccfc6d4b" outcome="Passed" testListId="8c84fa94-04c1-424b-9868-57a2d4851a1d" relativeResultsDirectory="90381b86-cee7-4185-aad9-c9aa611c928d" />
    <UnitTestResult executionId="412f6e00-d95c-4f7d-9ba8-9c61e90a3360" testId="008887e8-4708-1efe-5a02-72d0dd65e958" testName="WitchCityRope.Core.Tests.Entities.EventTests.Unpublish_PublishedEventNoRegistrations_UnpublishesSuccessfully" computerName="Unbutu-Ai-Chads-PC" duration="00:00:00.0019880" startTime="2025-09-12T14:37:23.9018543-04:00" endTime="2025-09-12T14:37:23.9019444-04:00" testType="13cdc9d9-ddb5-4fa4-a97d-d965ccfc6d4b" outcome="Passed" testListId="8c84fa94-04c1-424b-9868-57a2d4851a1d" relativeResultsDirectory="412f6e00-d95c-4f7d-9ba8-9c61e90a3360" />
    <UnitTestResult executionId="aa218860-4ea5-4bf8-b6ec-70c15de48f90" testId="67df0293-27d6-f4c5-0e20-f1ffe205ccc9" testName="WitchCityRope.Core.Tests.ValueObjects.SceneNameTests.Create_ValidSceneName_CreatesSuccessfully(name: &quot;AB&quot;)" computerName="Unbutu-Ai-Chads-PC" duration="00:00:00.0000056" startTime="2025-09-12T14:37:23.8607066-04:00" endTime="2025-09-12T14:37:23.8607608-04:00" testType="13cdc9d9-ddb5-4fa4-a97d-d965ccfc6d4b" outcome="Passed" testListId="8c84fa94-04c1-424b-9868-57a2d4851a1d" relativeResultsDirectory="aa218860-4ea5-4bf8-b6ec-70c15de48f90" />
    <UnitTestResult executionId="055b74ed-7ae2-4f19-98b5-db6e1366dbe5" testId="e9ff79d1-7c74-ba00-c289-731f38c9ae9d" testName="WitchCityRope.Core.Tests.ValueObjects.EmailAddressTests.Value_AlwaysLowercase(input: &quot;TEST@EXAMPLE.COM&quot;, expected: &quot;test@example.com&quot;)" computerName="Unbutu-Ai-Chads-PC" duration="00:00:00.0000068" startTime="2025-09-12T14:37:23.8660395-04:00" endTime="2025-09-12T14:37:23.8660738-04:00" testType="13cdc9d9-ddb5-4fa4-a97d-d965ccfc6d4b" outcome="Passed" testListId="8c84fa94-04c1-424b-9868-57a2d4851a1d" relativeResultsDirectory="055b74ed-7ae2-4f19-98b5-db6e1366dbe5" />
    <UnitTestResult executionId="206a5cf2-6c19-4d75-ac5f-2f289e303d96" testId="c51fba78-91c0-4bc8-f4af-0e9c6411e3e9" testName="WitchCityRope.Core.Tests.ValueObjects.SceneNameTests.Create_ValidSceneName_CreatesSuccessfully(name: &quot;Very Long Scene Name That Is Still Valid&quot;)" computerName="Unbutu-Ai-Chads-PC" duration="00:00:00.0002083" startTime="2025-09-12T14:37:23.8604256-04:00" endTime="2025-09-12T14:37:23.8606221-04:00" testType="13cdc9d9-ddb5-4fa4-a97d-d965ccfc6d4b" outcome="Passed" testListId="8c84fa94-04c1-424b-9868-57a2d4851a1d" relativeResultsDirectory="206a5cf2-6c19-4d75-ac5f-2f289e303d96" />
    <UnitTestResult executionId="e692726e-8d11-47fb-886b-c0a7cfd246b8" testId="b7ca36a5-b386-7d2d-22ea-8eeb210acc8b" testName="WitchCityRope.Core.Tests.ValueObjects.MoneyTests.OperatorPlus_SameCurrency_AddsSuccessfully" computerName="Unbutu-Ai-Chads-PC" duration="00:00:00.0010682" startTime="2025-09-12T14:37:23.8565784-04:00" endTime="2025-09-12T14:37:23.8575347-04:00" testType="13cdc9d9-ddb5-4fa4-a97d-d965ccfc6d4b" outcome="Passed" testListId="8c84fa94-04c1-424b-9868-57a2d4851a1d" relativeResultsDirectory="e692726e-8d11-47fb-886b-c0a7cfd246b8" />
    <UnitTestResult executionId="fc0d8ad3-3b83-402d-b2d0-b2c271ffd567" testId="68159470-54bd-6fc2-a6df-cfd6e298d6cb" testName="WitchCityRope.Core.Tests.Entities.RegistrationTests.Cancel_PendingRegistration_CancelsSuccessfully" computerName="Unbutu-Ai-Chads-PC" duration="00:00:00.0054667" startTime="2025-09-12T14:37:24.0264003-04:00" endTime="2025-09-12T14:37:24.0311806-04:00" testType="13cdc9d9-ddb5-4fa4-a97d-d965ccfc6d4b" outcome="Passed" testListId="8c84fa94-04c1-424b-9868-57a2d4851a1d" relativeResultsDirectory="fc0d8ad3-3b83-402d-b2d0-b2c271ffd567" />
    <UnitTestResult executionId="922ef2e9-9a7e-4571-92b2-56e3df420df6" testId="dbc99f96-723f-5c76-60ae-bc8aeab3b6c9" testName="WitchCityRope.Core.Tests.ValueObjects.MoneyTests.Create_InvalidCurrencyLength_ThrowsDomainException(currency: &quot;US&quot;)" computerName="Unbutu-Ai-Chads-PC" duration="00:00:00.0287780" startTime="2025-09-12T14:37:23.7675868-04:00" endTime="2025-09-12T14:37:23.8539347-04:00" testType="13cdc9d9-ddb5-4fa4-a97d-d965ccfc6d4b" outcome="Passed" testListId="8c84fa94-04c1-424b-9868-57a2d4851a1d" relativeResultsDirectory="922ef2e9-9a7e-4571-92b2-56e3df420df6" />
    <UnitTestResult executionId="c9779e5e-7b7e-41a2-9e8a-781cf1f24bf3" testId="bb63d3b1-377d-9b8b-04fd-78b169853397" testName="WitchCityRope.Core.Tests.ValueObjects.SceneNameTests.Create_ExceedsMaxLength_ThrowsDomainException" computerName="Unbutu-Ai-Chads-PC" duration="00:00:00.0003884" startTime="2025-09-12T14:37:23.8682320-04:00" endTime="2025-09-12T14:37:23.8683660-04:00" testType="13cdc9d9-ddb5-4fa4-a97d-d965ccfc6d4b" outcome="Passed" testListId="8c84fa94-04c1-424b-9868-57a2d4851a1d" relativeResultsDirectory="c9779e5e-7b7e-41a2-9e8a-781cf1f24bf3" />
    <UnitTestResult executionId="29566430-f783-4ced-a3fd-2fe662dddb49" testId="7cfbf625-df92-ef50-1f46-50f40c1d104f" testName="WitchCityRope.Core.Tests.Entities.EventTests.GetAvailableSpots_FullCapacity_ReturnsCapacity" computerName="Unbutu-Ai-Chads-PC" duration="00:00:00.0017221" startTime="2025-09-12T14:37:23.9523040-04:00" endTime="2025-09-12T14:37:23.9539647-04:00" testType="13cdc9d9-ddb5-4fa4-a97d-d965ccfc6d4b" outcome="Passed" testListId="8c84fa94-04c1-424b-9868-57a2d4851a1d" relativeResultsDirectory="29566430-f783-4ced-a3fd-2fe662dddb49" />
    <UnitTestResult executionId="4adaede9-63c5-4380-a2c0-dc3d71c15bbc" testId="ae396dcc-673d-748e-2480-155148bbd99c" testName="WitchCityRope.Core.Tests.ValueObjects.MoneyTests.ToDisplayString_VariousCurrencies_FormatsCorrectly(currency: &quot;GBP&quot;, expected: &quot;£10.50&quot;)" computerName="Unbutu-Ai-Chads-PC" duration="00:00:00.0000173" startTime="2025-09-12T14:37:23.8822164-04:00" endTime="2025-09-12T14:37:23.8822721-04:00" testType="13cdc9d9-ddb5-4fa4-a97d-d965ccfc6d4b" outcome="Passed" testListId="8c84fa94-04c1-424b-9868-57a2d4851a1d" relativeResultsDirectory="4adaede9-63c5-4380-a2c0-dc3d71c15bbc" />
    <UnitTestResult executionId="92a63c3f-9a11-498a-90a4-08e02193eb0e" testId="0879fc39-5bc5-a25c-cfc2-e0638ee2992f" testName="WitchCityRope.Core.Tests.Entities.EventTests.Publish_UnpublishedEvent_PublishesSuccessfully" computerName="Unbutu-Ai-Chads-PC" duration="00:00:00.0019124" startTime="2025-09-12T14:37:23.8987323-04:00" endTime="2025-09-12T14:37:23.8988009-04:00" testType="13cdc9d9-ddb5-4fa4-a97d-d965ccfc6d4b" outcome="Passed" testListId="8c84fa94-04c1-424b-9868-57a2d4851a1d" relativeResultsDirectory="92a63c3f-9a11-498a-90a4-08e02193eb0e" />
    <UnitTestResult executionId="0233435c-d945-4188-b815-a970e35244e2" testId="9f763760-2f4c-fefb-9a56-8f2602c55157" testName="WitchCityRope.Core.Tests.Entities.EventTests.UpdateDates_ValidFutureDates_UpdatesSuccessfully" computerName="Unbutu-Ai-Chads-PC" duration="00:00:00.0036276" startTime="2025-09-12T14:37:23.8867508-04:00" endTime="2025-09-12T14:37:23.8897850-04:00" testType="13cdc9d9-ddb5-4fa4-a97d-d965ccfc6d4b" outcome="Passed" testListId="8c84fa94-04c1-424b-9868-57a2d4851a1d" relativeResultsDirectory="0233435c-d945-4188-b815-a970e35244e2" />
    <UnitTestResult executionId="40a72f9e-33df-4b7e-8c76-820a5854753f" testId="ebca1bab-4384-7fba-f140-5240d35a005a" testName="WitchCityRope.Core.Tests.Entities.EventTests.GetConfirmedRegistrationCount_NoRegistrations_ReturnsZero" computerName="Unbutu-Ai-Chads-PC" duration="00:00:00.0086088" startTime="2025-09-12T14:37:23.9028043-04:00" endTime="2025-09-12T14:37:23.9028909-04:00" testType="13cdc9d9-ddb5-4fa4-a97d-d965ccfc6d4b" outcome="Passed" testListId="8c84fa94-04c1-424b-9868-57a2d4851a1d" relativeResultsDirectory="40a72f9e-33df-4b7e-8c76-820a5854753f" />
    <UnitTestResult executionId="00e0fcc7-918d-4654-9f1e-1b0cd11f6169" testId="38d6e065-1a55-e71e-b81e-ae9ea067e84e" testName="WitchCityRope.Core.Tests.ValueObjects.MoneyTests.Create_ValidAmount_CreatesSuccessfully(amount: 9999.99)" computerName="Unbutu-Ai-Chads-PC" duration="00:00:00.0000033" startTime="2025-09-12T14:37:23.8657127-04:00" endTime="2025-09-12T14:37:23.8657475-04:00" testType="13cdc9d9-ddb5-4fa4-a97d-d965ccfc6d4b" outcome="Passed" testListId="8c84fa94-04c1-424b-9868-57a2d4851a1d" relativeResultsDirectory="00e0fcc7-918d-4654-9f1e-1b0cd11f6169" />
    <UnitTestResult executionId="2289980b-da77-42b6-ac42-108a3adc5a9b" testId="438d3011-f46f-16f1-0e65-feb01a5ce604" testName="WitchCityRope.Core.Tests.Entities.RegistrationTests.Confirm_AlreadyConfirmed_ThrowsDomainException" computerName="Unbutu-Ai-Chads-PC" duration="00:00:00.0100356" startTime="2025-09-12T14:37:24.0723125-04:00" endTime="2025-09-12T14:37:24.0822728-04:00" testType="13cdc9d9-ddb5-4fa4-a97d-d965ccfc6d4b" outcome="Passed" testListId="8c84fa94-04c1-424b-9868-57a2d4851a1d" relativeResultsDirectory="2289980b-da77-42b6-ac42-108a3adc5a9b" />
    <UnitTestResult executionId="2f75974d-222d-4ba2-902f-480e7a7c6d25" testId="4d097658-d194-1751-06b0-bbf62cb8a2b5" testName="WitchCityRope.Core.Tests.ValueObjects.EmailAddressTests.Equals_NullEmail_ReturnsFalse" computerName="Unbutu-Ai-Chads-PC" duration="00:00:00.0002155" startTime="2025-09-12T14:37:23.8707424-04:00" endTime="2025-09-12T14:37:23.8707786-04:00" testType="13cdc9d9-ddb5-4fa4-a97d-d965ccfc6d4b" outcome="Passed" testListId="8c84fa94-04c1-424b-9868-57a2d4851a1d" relativeResultsDirectory="2f75974d-222d-4ba2-902f-480e7a7c6d25" />
    <UnitTestResult executionId="814bef17-bfc3-4c00-96f5-8e6d348169b1" testId="21f2e882-89f0-b471-6a62-6c3a786684b9" testName="WitchCityRope.Core.Tests.Entities.UserTests.Constructor_NullEncryptedLegalName_ThrowsArgumentNullException" computerName="Unbutu-Ai-Chads-PC" duration="00:00:00.0005068" startTime="2025-09-12T14:37:23.8897241-04:00" endTime="2025-09-12T14:37:23.8899771-04:00" testType="13cdc9d9-ddb5-4fa4-a97d-d965ccfc6d4b" outcome="Passed" testListId="8c84fa94-04c1-424b-9868-57a2d4851a1d" relativeResultsDirectory="814bef17-bfc3-4c00-96f5-8e6d348169b1" />
    <UnitTestResult executionId="c1f7991f-d12b-4a66-9f46-eb58d2a300b2" testId="7f2a1335-3b19-3256-97d2-7c1bb7c23a93" testName="WitchCityRope.Core.Tests.ValueObjects.MoneyTests.OperatorMultiply_BothOrders_MultipliesSuccessfully" computerName="Unbutu-Ai-Chads-PC" duration="00:00:00.0003495" startTime="2025-09-12T14:37:23.8835042-04:00" endTime="2025-09-12T14:37:23.8835387-04:00" testType="13cdc9d9-ddb5-4fa4-a97d-d965ccfc6d4b" outcome="Passed" testListId="8c84fa94-04c1-424b-9868-57a2d4851a1d" relativeResultsDirectory="c1f7991f-d12b-4a66-9f46-eb58d2a300b2" />
    <UnitTestResult executionId="18e7d78a-af86-43f1-8bfb-461d5f5460ce" testId="4b09bb72-974f-d7f4-bee4-dbca350a7176" testName="WitchCityRope.Core.Tests.ValueObjects.MoneyTests.Create_ValidAmount_CreatesSuccessfully(amount: 10.5)" computerName="Unbutu-Ai-Chads-PC" duration="00:00:00.0003794" startTime="2025-09-12T14:37:23.8602700-04:00" endTime="2025-09-12T14:37:23.8623658-04:00" testType="13cdc9d9-ddb5-4fa4-a97d-d965ccfc6d4b" outcome="Passed" testListId="8c84fa94-04c1-424b-9868-57a2d4851a1d" relativeResultsDirectory="18e7d78a-af86-43f1-8bfb-461d5f5460ce" />
    <UnitTestResult executionId="9717d009-64fd-44ce-a021-72675fcaeba6" testId="ec873698-20e8-0ca0-d17c-b99a021aa23f" testName="WitchCityRope.Core.Tests.ValueObjects.SceneNameTests.Value_PreservesOriginalCase(input: &quot;SceneName&quot;, expected: &quot;SceneName&quot;)" computerName="Unbutu-Ai-Chads-PC" duration="00:00:00.0000732" startTime="2025-09-12T14:37:23.8694060-04:00" endTime="2025-09-12T14:37:23.8694412-04:00" testType="13cdc9d9-ddb5-4fa4-a97d-d965ccfc6d4b" outcome="Passed" testListId="8c84fa94-04c1-424b-9868-57a2d4851a1d" relativeResultsDirectory="9717d009-64fd-44ce-a021-72675fcaeba6" />
    <UnitTestResult executionId="c0d44f65-8497-43b9-a95e-c17d59d3c790" testId="c85d19fa-2a2d-a911-c9ff-d701b01bca76" testName="WitchCityRope.Core.Tests.ValueObjects.MoneyTests.Create_EmptyCurrency_ThrowsArgumentException(currency: null)" computerName="Unbutu-Ai-Chads-PC" duration="00:00:00.0004343" startTime="2025-09-12T14:37:23.8775238-04:00" endTime="2025-09-12T14:37:23.8778246-04:00" testType="13cdc9d9-ddb5-4fa4-a97d-d965ccfc6d4b" outcome="Passed" testListId="8c84fa94-04c1-424b-9868-57a2d4851a1d" relativeResultsDirectory="c0d44f65-8497-43b9-a95e-c17d59d3c790" />
    <UnitTestResult executionId="a386fb2d-21b8-4eca-8ecb-a518fe052937" testId="22bc6493-6675-abab-9e4f-15cedef729a8" testName="WitchCityRope.Core.Tests.ValueObjects.SceneNameTests.Value_PreservesOriginalCase(input: &quot;Scene Name&quot;, expected: &quot;Scene Name&quot;)" computerName="Unbutu-Ai-Chads-PC" duration="00:00:00.0000067" startTime="2025-09-12T14:37:23.8698941-04:00" endTime="2025-09-12T14:37:23.8699540-04:00" testType="13cdc9d9-ddb5-4fa4-a97d-d965ccfc6d4b" outcome="Passed" testListId="8c84fa94-04c1-424b-9868-57a2d4851a1d" relativeResultsDirectory="a386fb2d-21b8-4eca-8ecb-a518fe052937" />
    <UnitTestResult executionId="07ce4038-9880-4c79-ac29-9f687d834bff" testId="f93aa139-c4ae-68d9-3951-bf310f85f479" testName="WitchCityRope.Core.Tests.Entities.EventTests.UpdatePricingTiers_EmptyTiers_ThrowsDomainException" computerName="Unbutu-Ai-Chads-PC" duration="00:00:00.0023566" startTime="2025-09-12T14:37:23.9010367-04:00" endTime="2025-09-12T14:37:23.9012866-04:00" testType="13cdc9d9-ddb5-4fa4-a97d-d965ccfc6d4b" outcome="Passed" testListId="8c84fa94-04c1-424b-9868-57a2d4851a1d" relativeResultsDirectory="07ce4038-9880-4c79-ac29-9f687d834bff" />
    <UnitTestResult executionId="42bb9040-bde0-4c81-a0c3-0b638ad5d92d" testId="9b5af3e7-7cb0-d72f-e621-a08fe9eb4ae5" testName="WitchCityRope.Core.Tests.Entities.UserTests.UpdateEmail_ValidEmail_UpdatesSuccessfully" computerName="Unbutu-Ai-Chads-PC" duration="00:00:00.0011767" startTime="2025-09-12T14:37:23.8966174-04:00" endTime="2025-09-12T14:37:23.8977179-04:00" testType="13cdc9d9-ddb5-4fa4-a97d-d965ccfc6d4b" outcome="Passed" testListId="8c84fa94-04c1-424b-9868-57a2d4851a1d" relativeResultsDirectory="42bb9040-bde0-4c81-a0c3-0b638ad5d92d" />
    <UnitTestResult executionId="bd69e92f-6558-495c-ab3d-74d60a4fffc0" testId="c79ecd78-0d7c-8763-abc4-4db98409363a" testName="WitchCityRope.Core.Tests.ValueObjects.EmailAddressTests.TryCreate_InvalidEmail_ReturnsFalse(invalidEmail: &quot;&quot;)" computerName="Unbutu-Ai-Chads-PC" duration="00:00:00.0002486" startTime="2025-09-12T14:37:23.8605810-04:00" endTime="2025-09-12T14:37:23.8616498-04:00" testType="13cdc9d9-ddb5-4fa4-a97d-d965ccfc6d4b" outcome="Passed" testListId="8c84fa94-04c1-424b-9868-57a2d4851a1d" relativeResultsDirectory="bd69e92f-6558-495c-ab3d-74d60a4fffc0" />
    <UnitTestResult executionId="af7d94de-6793-4e76-9b1d-25525009f4e9" testId="e89f905b-b16f-0fd9-64cf-2a0e1a553eeb" testName="WitchCityRope.Core.Tests.Entities.RegistrationTests.Cancel_WithinRefundWindow_InitiatesRefund" computerName="Unbutu-Ai-Chads-PC" duration="00:00:00.0220017" startTime="2025-09-12T14:37:23.8958960-04:00" endTime="2025-09-12T14:37:23.9010988-04:00" testType="13cdc9d9-ddb5-4fa4-a97d-d965ccfc6d4b" outcome="Passed" testListId="8c84fa94-04c1-424b-9868-57a2d4851a1d" relativeResultsDirectory="af7d94de-6793-4e76-9b1d-25525009f4e9" />
    <UnitTestResult executionId="f2a1f4f9-3384-4265-8e10-dc1743c660f3" testId="50f4f714-e192-57f9-2983-3e5c7146ec8d" testName="WitchCityRope.Core.Tests.Entities.UserTests.GetAge_CalculatesCorrectly" computerName="Unbutu-Ai-Chads-PC" duration="00:00:00.0010830" startTime="2025-09-12T14:37:23.8961466-04:00" endTime="2025-09-12T14:37:23.8964294-04:00" testType="13cdc9d9-ddb5-4fa4-a97d-d965ccfc6d4b" outcome="Passed" testListId="8c84fa94-04c1-424b-9868-57a2d4851a1d" relativeResultsDirectory="f2a1f4f9-3384-4265-8e10-dc1743c660f3" />
    <UnitTestResult executionId="6ceec5a7-8a2a-4b26-9dbb-6daf1d4481b3" testId="7c2a786c-da36-777a-ce30-9a8d7d9f71b5" testName="WitchCityRope.Core.Tests.Entities.RegistrationTests.Cancel_AlreadyCancelled_ThrowsDomainException" computerName="Unbutu-Ai-Chads-PC" duration="00:00:00.0056164" startTime="2025-09-12T14:37:24.0666374-04:00" endTime="2025-09-12T14:37:24.0721800-04:00" testType="13cdc9d9-ddb5-4fa4-a97d-d965ccfc6d4b" outcome="Passed" testListId="8c84fa94-04c1-424b-9868-57a2d4851a1d" relativeResultsDirectory="6ceec5a7-8a2a-4b26-9dbb-6daf1d4481b3" />
    <UnitTestResult executionId="730e9621-3886-4486-a63c-00b2e89af02a" testId="070a6f14-3a30-3377-c694-35b4f6e518ef" testName="WitchCityRope.Core.Tests.ValueObjects.MoneyTests.Create_InvalidCurrencyLength_ThrowsDomainException(currency: &quot;USDD&quot;)" computerName="Unbutu-Ai-Chads-PC" duration="00:00:00.0003418" startTime="2025-09-12T14:37:23.8541378-04:00" endTime="2025-09-12T14:37:23.8544385-04:00" testType="13cdc9d9-ddb5-4fa4-a97d-d965ccfc6d4b" outcome="Passed" testListId="8c84fa94-04c1-424b-9868-57a2d4851a1d" relativeResultsDirectory="730e9621-3886-4486-a63c-00b2e89af02a" />
    <UnitTestResult executionId="0d043e77-acfc-492b-a170-cd0ae5205e67" testId="c13be69c-9ab3-60d1-faea-fc8d33dba310" testName="WitchCityRope.Core.Tests.ValueObjects.MoneyTests.Create_ValidCurrency_CreatesSuccessfully(currency: &quot;CAD&quot;)" computerName="Unbutu-Ai-Chads-PC" duration="00:00:00.0000064" startTime="2025-09-12T14:37:23.8669051-04:00" endTime="2025-09-12T14:37:23.8669408-04:00" testType="13cdc9d9-ddb5-4fa4-a97d-d965ccfc6d4b" outcome="Passed" testListId="8c84fa94-04c1-424b-9868-57a2d4851a1d" relativeResultsDirectory="0d043e77-acfc-492b-a170-cd0ae5205e67" />
    <UnitTestResult executionId="581b28e3-7c49-4255-b0bc-83546e4270e6" testId="69a533cc-02b9-6682-8046-8e98933b150c" testName="WitchCityRope.Core.Tests.Entities.RegistrationTests.IsEligibleForRefund_NotCancelled_ReturnsFalse" computerName="Unbutu-Ai-Chads-PC" duration="00:00:00.0056337" startTime="2025-09-12T14:37:23.9514360-04:00" endTime="2025-09-12T14:37:23.9570465-04:00" testType="13cdc9d9-ddb5-4fa4-a97d-d965ccfc6d4b" outcome="Passed" testListId="8c84fa94-04c1-424b-9868-57a2d4851a1d" relativeResultsDirectory="581b28e3-7c49-4255-b0bc-83546e4270e6" />
    <UnitTestResult executionId="2f2b3f7e-6852-4189-9e09-23f37a3ae6f3" testId="db13cb67-4291-79eb-080b-59693ae602e4" testName="WitchCityRope.Core.Tests.Entities.EventTests.AddOrganizer_NewOrganizer_AddsSuccessfully" computerName="Unbutu-Ai-Chads-PC" duration="00:00:00.0556869" startTime="2025-09-12T14:37:23.7664437-04:00" endTime="2025-09-12T14:37:23.8848537-04:00" testType="13cdc9d9-ddb5-4fa4-a97d-d965ccfc6d4b" outcome="Passed" testListId="8c84fa94-04c1-424b-9868-57a2d4851a1d" relativeResultsDirectory="2f2b3f7e-6852-4189-9e09-23f37a3ae6f3" />
    <UnitTestResult executionId="6780c9bd-5909-4eeb-8c41-f76fdb35081a" testId="2b3fb6ad-f8dd-9716-9a2a-ebbd430d3b9e" testName="WitchCityRope.Core.Tests.Entities.EventTests.Publish_AlreadyPublished_ThrowsDomainException" computerName="Unbutu-Ai-Chads-PC" duration="00:00:00.0020396" startTime="2025-09-12T14:37:23.9402488-04:00" endTime="2025-09-12T14:37:23.9421506-04:00" testType="13cdc9d9-ddb5-4fa4-a97d-d965ccfc6d4b" outcome="Passed" testListId="8c84fa94-04c1-424b-9868-57a2d4851a1d" relativeResultsDirectory="6780c9bd-5909-4eeb-8c41-f76fdb35081a" />
    <UnitTestResult executionId="180779d9-efa0-4b75-bab9-d653ae9140d7" testId="c3081fdc-d142-f914-3509-6d3142a54806" testName="WitchCityRope.Core.Tests.ValueObjects.MoneyTests.Create_NegativeAmount_ThrowsDomainException" computerName="Unbutu-Ai-Chads-PC" duration="00:00:00.0004204" startTime="2025-09-12T14:37:23.8793745-04:00" endTime="2025-09-12T14:37:23.8801658-04:00" testType="13cdc9d9-ddb5-4fa4-a97d-d965ccfc6d4b" outcome="Passed" testListId="8c84fa94-04c1-424b-9868-57a2d4851a1d" relativeResultsDirectory="180779d9-efa0-4b75-bab9-d653ae9140d7" />
    <UnitTestResult executionId="5634200b-b532-44b4-bab8-ceb18a53dc27" testId="1d3881ee-33da-ca8e-2a5d-4849cdb1409b" testName="WitchCityRope.Core.Tests.Entities.RegistrationTests.IsEligibleForRefund_VariousTimings_ReturnsCorrectResult(hoursBeforeEvent: 24, expectedEligible: False)" computerName="Unbutu-Ai-Chads-PC" duration="00:00:00.0081359" startTime="2025-09-12T14:37:23.9032957-04:00" endTime="2025-09-12T14:37:23.9036463-04:00" testType="13cdc9d9-ddb5-4fa4-a97d-d965ccfc6d4b" outcome="Passed" testListId="8c84fa94-04c1-424b-9868-57a2d4851a1d" relativeResultsDirectory="5634200b-b532-44b4-bab8-ceb18a53dc27" />
    <UnitTestResult executionId="840c0b19-ff2e-4daf-a669-7abcac639e9f" testId="56521df1-5782-2595-2caa-652e0c9a7393" testName="WitchCityRope.Core.Tests.Entities.EventTests.AddOrganizer_NullOrganizer_ThrowsArgumentNullException" computerName="Unbutu-Ai-Chads-PC" duration="00:00:00.0045951" startTime="2025-09-12T14:37:23.8982122-04:00" endTime="2025-09-12T14:37:23.8985529-04:00" testType="13cdc9d9-ddb5-4fa4-a97d-d965ccfc6d4b" outcome="Passed" testListId="8c84fa94-04c1-424b-9868-57a2d4851a1d" relativeResultsDirectory="840c0b19-ff2e-4daf-a669-7abcac639e9f" />
    <UnitTestResult executionId="c809c754-b676-43cd-b320-739565548bd1" testId="f7294f44-14ca-4699-6daa-7c708f502a76" testName="WitchCityRope.Core.Tests.Entities.UserTests.Constructor_UnderageUser_ThrowsDomainException" computerName="Unbutu-Ai-Chads-PC" duration="00:00:00.0005451" startTime="2025-09-12T14:37:23.8857960-04:00" endTime="2025-09-12T14:37:23.8858334-04:00" testType="13cdc9d9-ddb5-4fa4-a97d-d965ccfc6d4b" outcome="Passed" testListId="8c84fa94-04c1-424b-9868-57a2d4851a1d" relativeResultsDirectory="c809c754-b676-43cd-b320-739565548bd1" />
    <UnitTestResult executionId="daa5247f-3895-4015-a123-0de921ea5fa6" testId="fef76b0c-11ac-af47-b28e-f6f2e45eb1b9" testName="WitchCityRope.Core.Tests.ValueObjects.MoneyTests.Create_EmptyCurrency_ThrowsArgumentException(currency: &quot; &quot;)" computerName="Unbutu-Ai-Chads-PC" duration="00:00:00.0002565" startTime="2025-09-12T14:37:23.8779319-04:00" endTime="2025-09-12T14:37:23.8786650-04:00" testType="13cdc9d9-ddb5-4fa4-a97d-d965ccfc6d4b" outcome="Passed" testListId="8c84fa94-04c1-424b-9868-57a2d4851a1d" relativeResultsDirectory="daa5247f-3895-4015-a123-0de921ea5fa6" />
    <UnitTestResult executionId="d41d73fc-fabe-4d62-abf9-44c319848ef7" testId="608e931e-de24-f30a-1df4-2d44e7f89163" testName="WitchCityRope.Core.Tests.Entities.RegistrationTests.StatusTransitions_VariousScenarios_BehavesCorrectly(initialStatus: Cancelled, targetStatus: Confirmed, shouldSucceed: False)" computerName="Unbutu-Ai-Chads-PC" duration="00:00:00.0027066" startTime="2025-09-12T14:37:23.8847103-04:00" endTime="2025-09-12T14:37:23.8851109-04:00" testType="13cdc9d9-ddb5-4fa4-a97d-d965ccfc6d4b" outcome="Passed" testListId="8c84fa94-04c1-424b-9868-57a2d4851a1d" relativeResultsDirectory="d41d73fc-fabe-4d62-abf9-44c319848ef7" />
    <UnitTestResult executionId="ee5e2e3b-92c4-4c38-9a13-e40b13503994" testId="0d8317ff-abfb-72ae-197e-3f07e59847af" testName="WitchCityRope.Core.Tests.ValueObjects.EmailAddressTests.GetHashCode_SameEmailDifferentCase_ReturnsSameHash" computerName="Unbutu-Ai-Chads-PC" duration="00:00:00.0010651" startTime="2025-09-12T14:37:23.8567072-04:00" endTime="2025-09-12T14:37:23.8576620-04:00" testType="13cdc9d9-ddb5-4fa4-a97d-d965ccfc6d4b" outcome="Passed" testListId="8c84fa94-04c1-424b-9868-57a2d4851a1d" relativeResultsDirectory="ee5e2e3b-92c4-4c38-9a13-e40b13503994" />
    <UnitTestResult executionId="3fb194bd-37a5-422a-bf75-de0774608d24" testId="db9487ae-f8bb-6c77-456e-477251a97694" testName="WitchCityRope.Core.Tests.ValueObjects.SceneNameTests.Create_EmptyOrNull_ThrowsArgumentException(name: &quot; &quot;)" computerName="Unbutu-Ai-Chads-PC" duration="00:00:00.0001821" startTime="2025-09-12T14:37:23.8573344-04:00" endTime="2025-09-12T14:37:23.8573775-04:00" testType="13cdc9d9-ddb5-4fa4-a97d-d965ccfc6d4b" outcome="Passed" testListId="8c84fa94-04c1-424b-9868-57a2d4851a1d" relativeResultsDirectory="3fb194bd-37a5-422a-bf75-de0774608d24" />
    <UnitTestResult executionId="31b873cd-02c2-425c-aa3e-55442eb90cf4" testId="e85fed14-ca9f-a204-a5c5-cb8f12de0b8e" testName="WitchCityRope.Core.Tests.Entities.EventTests.AddOrganizer_DuplicateOrganizer_ThrowsDomainException" computerName="Unbutu-Ai-Chads-PC" duration="00:00:00.0051959" startTime="2025-09-12T14:37:23.9204910-04:00" endTime="2025-09-12T14:37:23.9255364-04:00" testType="13cdc9d9-ddb5-4fa4-a97d-d965ccfc6d4b" outcome="Passed" testListId="8c84fa94-04c1-424b-9868-57a2d4851a1d" relativeResultsDirectory="31b873cd-02c2-425c-aa3e-55442eb90cf4" />
    <UnitTestResult executionId="50448a5a-2c6b-4afd-9995-ef4ad470f8e8" testId="252a288d-ed9d-192f-9ca0-2b8477995f8a" testName="WitchCityRope.Core.Tests.Entities.RegistrationTests.Constructor_InvalidPrice_ThrowsDomainException" computerName="Unbutu-Ai-Chads-PC" duration="00:00:00.0056280" startTime="2025-09-12T14:37:23.9572531-04:00" endTime="2025-09-12T14:37:23.9627006-04:00" testType="13cdc9d9-ddb5-4fa4-a97d-d965ccfc6d4b" outcome="Passed" testListId="8c84fa94-04c1-424b-9868-57a2d4851a1d" relativeResultsDirectory="50448a5a-2c6b-4afd-9995-ef4ad470f8e8" />
    <UnitTestResult executionId="3d7b5e44-77a8-41cb-85e2-81990ec96781" testId="703dfb97-0b83-83a5-714a-04c761334f21" testName="WitchCityRope.Core.Tests.Entities.RegistrationTests.Confirm_IncompletePayment_ThrowsDomainException" computerName="Unbutu-Ai-Chads-PC" duration="00:00:00.0098874" startTime="2025-09-12T14:37:24.0566902-04:00" endTime="2025-09-12T14:37:24.0665153-04:00" testType="13cdc9d9-ddb5-4fa4-a97d-d965ccfc6d4b" outcome="Passed" testListId="8c84fa94-04c1-424b-9868-57a2d4851a1d" relativeResultsDirectory="3d7b5e44-77a8-41cb-85e2-81990ec96781" />
    <UnitTestResult executionId="21983c0c-7653-4b3e-85b7-1ee9faeecba8" testId="57828f1b-953d-89a2-bee2-b021bb8b5c17" testName="WitchCityRope.Core.Tests.ValueObjects.EmailAddressTests.Equals_DifferentEmails_ReturnsFalse" computerName="Unbutu-Ai-Chads-PC" duration="00:00:00.0003348" startTime="2025-09-12T14:37:23.8662144-04:00" endTime="2025-09-12T14:37:23.8673325-04:00" testType="13cdc9d9-ddb5-4fa4-a97d-d965ccfc6d4b" outcome="Passed" testListId="8c84fa94-04c1-424b-9868-57a2d4851a1d" relativeResultsDirectory="21983c0c-7653-4b3e-85b7-1ee9faeecba8" />
    <UnitTestResult executionId="c4782f9a-8ed4-4a6f-8f93-99aa9f3da5ae" testId="18f0023f-b7b6-64e0-d99f-67f362201e02" testName="WitchCityRope.Core.Tests.ValueObjects.EmailAddressTests.ImplicitStringConversion_ReturnsDisplayValue" computerName="Unbutu-Ai-Chads-PC" duration="00:00:00.0001364" startTime="2025-09-12T14:37:23.8726018-04:00" endTime="2025-09-12T14:37:23.8775928-04:00" testType="13cdc9d9-ddb5-4fa4-a97d-d965ccfc6d4b" outcome="Passed" testListId="8c84fa94-04c1-424b-9868-57a2d4851a1d" relativeResultsDirectory="c4782f9a-8ed4-4a6f-8f93-99aa9f3da5ae" />
    <UnitTestResult executionId="268ebcec-56ca-4927-b1d9-3087173adc7a" testId="050a66e0-21ae-c17c-375d-3763e7631c09" testName="WitchCityRope.Core.Tests.ValueObjects.EmailAddressTests.GetDomain_ValidEmail_ReturnsDomain" computerName="Unbutu-Ai-Chads-PC" duration="00:00:00.0005880" startTime="2025-09-12T14:37:23.8580026-04:00" endTime="2025-09-12T14:37:23.8581625-04:00" testType="13cdc9d9-ddb5-4fa4-a97d-d965ccfc6d4b" outcome="Passed" testListId="8c84fa94-04c1-424b-9868-57a2d4851a1d" relativeResultsDirectory="268ebcec-56ca-4927-b1d9-3087173adc7a" />
    <UnitTestResult executionId="4ac840d0-67fd-4e8a-9eac-2416d9f5271a" testId="40c5fe37-8eee-b570-c8e5-584c9555dd5b" testName="WitchCityRope.Core.Tests.ValueObjects.EmailAddressTests.ToString_ReturnsDisplayValue" computerName="Unbutu-Ai-Chads-PC" duration="00:00:00.0002111" startTime="2025-09-12T14:37:23.8708650-04:00" endTime="2025-09-12T14:37:23.8708993-04:00" testType="13cdc9d9-ddb5-4fa4-a97d-d965ccfc6d4b" outcome="Passed" testListId="8c84fa94-04c1-424b-9868-57a2d4851a1d" relativeResultsDirectory="4ac840d0-67fd-4e8a-9eac-2416d9f5271a" />
    <UnitTestResult executionId="41100520-0f27-4a4e-8a9b-0492845c8d76" testId="cb9cb4dd-d91f-3a8b-e093-61069c975ba7" testName="WitchCityRope.Core.Tests.ValueObjects.MoneyTests.Multiply_ValidFactor_MultipliesSuccessfully(amount: 100, factor: 0.5, expected: 50)" computerName="Unbutu-Ai-Chads-PC" duration="00:00:00.0002753" startTime="2025-09-12T14:37:23.8806270-04:00" endTime="2025-09-12T14:37:23.8806644-04:00" testType="13cdc9d9-ddb5-4fa4-a97d-d965ccfc6d4b" outcome="Passed" testListId="8c84fa94-04c1-424b-9868-57a2d4851a1d" relativeResultsDirectory="41100520-0f27-4a4e-8a9b-0492845c8d76" />
    <UnitTestResult executionId="bf66825b-fa96-47d7-9de2-8e8c93ce6818" testId="9af443ab-4057-65b9-7737-294b29e1ff0f" testName="WitchCityRope.Core.Tests.ValueObjects.EmailAddressTests.Create_EmptyOrNull_ThrowsArgumentException(email: &quot;&quot;)" computerName="Unbutu-Ai-Chads-PC" duration="00:00:00.0002700" startTime="2025-09-12T14:37:23.8564354-04:00" endTime="2025-09-12T14:37:23.8566135-04:00" testType="13cdc9d9-ddb5-4fa4-a97d-d965ccfc6d4b" outcome="Passed" testListId="8c84fa94-04c1-424b-9868-57a2d4851a1d" relativeResultsDirectory="bf66825b-fa96-47d7-9de2-8e8c93ce6818" />
    <UnitTestResult executionId="70aabb07-ce83-4e38-b342-423fae761a0b" testId="1a91289e-57e5-be3c-8381-67252df4124f" testName="WitchCityRope.Core.Tests.Entities.RegistrationTests.Constructor_SelectsLowestPriceTier_ValidatesSuccessfully" computerName="Unbutu-Ai-Chads-PC" duration="00:00:00.0050813" startTime="2025-09-12T14:37:24.0180099-04:00" endTime="2025-09-12T14:37:24.0230088-04:00" testType="13cdc9d9-ddb5-4fa4-a97d-d965ccfc6d4b" outcome="Passed" testListId="8c84fa94-04c1-424b-9868-57a2d4851a1d" relativeResultsDirectory="70aabb07-ce83-4e38-b342-423fae761a0b" />
    <UnitTestResult executionId="efcbca0c-5c37-45aa-8063-951cd3ff24b6" testId="64df16bb-168d-b86d-0c2a-41836ed7a731" testName="WitchCityRope.Core.Tests.ValueObjects.EmailAddressTests.Create_EmptyOrNull_ThrowsArgumentException(email: &quot; &quot;)" computerName="Unbutu-Ai-Chads-PC" duration="00:00:00.0037022" startTime="2025-09-12T14:37:23.8538791-04:00" endTime="2025-09-12T14:37:23.8540499-04:00" testType="13cdc9d9-ddb5-4fa4-a97d-d965ccfc6d4b" outcome="Passed" testListId="8c84fa94-04c1-424b-9868-57a2d4851a1d" relativeResultsDirectory="efcbca0c-5c37-45aa-8063-951cd3ff24b6" />
    <UnitTestResult executionId="a67a628b-acb7-4a9c-bda0-6887dbe31a07" testId="b0987aca-f375-7579-f115-4e980fac2fe4" testName="WitchCityRope.Core.Tests.ValueObjects.EmailAddressTests.GetLocalPart_ValidEmail_ReturnsLocalPart" computerName="Unbutu-Ai-Chads-PC" duration="00:00:00.0002854" startTime="2025-09-12T14:37:23.8710609-04:00" endTime="2025-09-12T14:37:23.8716722-04:00" testType="13cdc9d9-ddb5-4fa4-a97d-d965ccfc6d4b" outcome="Passed" testListId="8c84fa94-04c1-424b-9868-57a2d4851a1d" relativeResultsDirectory="a67a628b-acb7-4a9c-bda0-6887dbe31a07" />
    <UnitTestResult executionId="e88850a1-349c-425a-b3f4-3c9094cb4acf" testId="02dfc5f2-c3eb-99ee-f353-2aaec6dc6e1c" testName="WitchCityRope.Core.Tests.ValueObjects.MoneyTests.Add_SameCurrency_AddsSuccessfully" computerName="Unbutu-Ai-Chads-PC" duration="00:00:00.0001323" startTime="2025-09-12T14:37:23.8692797-04:00" endTime="2025-09-12T14:37:23.8694833-04:00" testType="13cdc9d9-ddb5-4fa4-a97d-d965ccfc6d4b" outcome="Passed" testListId="8c84fa94-04c1-424b-9868-57a2d4851a1d" relativeResultsDirectory="e88850a1-349c-425a-b3f4-3c9094cb4acf" />
    <UnitTestResult executionId="97ac626a-2526-4554-a9f6-17a595522009" testId="e206ec60-ba6a-86c3-283a-743b9d2de541" testName="WitchCityRope.Core.Tests.ValueObjects.SceneNameTests.Create_ValidSceneName_CreatesSuccessfully(name: &quot;Scene-Name&quot;)" computerName="Unbutu-Ai-Chads-PC" duration="00:00:00.0000032" startTime="2025-09-12T14:37:23.8609740-04:00" endTime="2025-09-12T14:37:23.8610176-04:00" testType="13cdc9d9-ddb5-4fa4-a97d-d965ccfc6d4b" outcome="Passed" testListId="8c84fa94-04c1-424b-9868-57a2d4851a1d" relativeResultsDirectory="97ac626a-2526-4554-a9f6-17a595522009" />
    <UnitTestResult executionId="9c6f0b36-9c61-4a9d-a339-c49c7db4b637" testId="3462bc0a-8d33-ca36-1dea-0c030b723bac" testName="WitchCityRope.Core.Tests.Entities.RegistrationTests.StatusTransitions_VariousScenarios_BehavesCorrectly(initialStatus: CheckedIn, targetStatus: Cancelled, shouldSucceed: False)" computerName="Unbutu-Ai-Chads-PC" duration="00:00:00.0122927" startTime="2025-09-12T14:37:23.8855485-04:00" endTime="2025-09-12T14:37:23.8862060-04:00" testType="13cdc9d9-ddb5-4fa4-a97d-d965ccfc6d4b" outcome="Passed" testListId="8c84fa94-04c1-424b-9868-57a2d4851a1d" relativeResultsDirectory="9c6f0b36-9c61-4a9d-a339-c49c7db4b637" />
    <UnitTestResult executionId="50596ff3-ac72-4e89-b1fd-19ca7bf4388f" testId="478f96ed-2221-5007-b98f-8630532b55b1" testName="WitchCityRope.Core.Tests.Entities.RegistrationTests.UpdateDietaryRestrictions_ActiveRegistration_UpdatesSuccessfully" computerName="Unbutu-Ai-Chads-PC" duration="00:00:00.0054028" startTime="2025-09-12T14:37:24.0342630-04:00" endTime="2025-09-12T14:37:24.0395811-04:00" testType="13cdc9d9-ddb5-4fa4-a97d-d965ccfc6d4b" outcome="Passed" testListId="8c84fa94-04c1-424b-9868-57a2d4851a1d" relativeResultsDirectory="50596ff3-ac72-4e89-b1fd-19ca7bf4388f" />
    <UnitTestResult executionId="693e38c5-2526-4a1b-a311-6375f0ac0852" testId="052861ce-b146-5192-7743-f88dfaaffc4d" testName="WitchCityRope.Core.Tests.Entities.UserTests.VettingApplications_NewUser_ReturnsEmptyCollection" computerName="Unbutu-Ai-Chads-PC" duration="00:00:00.0014007" startTime="2025-09-12T14:37:23.8870050-04:00" endTime="2025-09-12T14:37:23.8895724-04:00" testType="13cdc9d9-ddb5-4fa4-a97d-d965ccfc6d4b" outcome="Passed" testListId="8c84fa94-04c1-424b-9868-57a2d4851a1d" relativeResultsDirectory="693e38c5-2526-4a1b-a311-6375f0ac0852" />
    <UnitTestResult executionId="12e69aaf-3295-45a1-9ab0-37f823bf9728" testId="574c936a-97e8-6930-d3e3-ee56b6e1968d" testName="WitchCityRope.Core.Tests.ValueObjects.MoneyTests.Multiply_ValidFactor_MultipliesSuccessfully(amount: 10.5, factor: 3, expected: 31.5)" computerName="Unbutu-Ai-Chads-PC" duration="00:00:00.0000033" startTime="2025-09-12T14:37:23.8809990-04:00" endTime="2025-09-12T14:37:23.8810549-04:00" testType="13cdc9d9-ddb5-4fa4-a97d-d965ccfc6d4b" outcome="Passed" testListId="8c84fa94-04c1-424b-9868-57a2d4851a1d" relativeResultsDirectory="12e69aaf-3295-45a1-9ab0-37f823bf9728" />
    <UnitTestResult executionId="45727192-4805-4c16-9849-0a8684f06c9a" testId="602812ce-9acf-c63f-3d9e-ab7e38da8bfb" testName="WitchCityRope.Core.Tests.ValueObjects.EmailAddressTests.DisplayValue_PreservesOriginalCase(input: &quot;Test@Example.Com&quot;, expected: &quot;Test@Example.Com&quot;)" computerName="Unbutu-Ai-Chads-PC" duration="00:00:00.0004837" startTime="2025-09-12T14:37:23.8588991-04:00" endTime="2025-09-12T14:37:23.8590371-04:00" testType="13cdc9d9-ddb5-4fa4-a97d-d965ccfc6d4b" outcome="Passed" testListId="8c84fa94-04c1-424b-9868-57a2d4851a1d" relativeResultsDirectory="45727192-4805-4c16-9849-0a8684f06c9a" />
    <UnitTestResult executionId="32376406-5bc9-4b86-bdb3-dd3d807cf25b" testId="2c65e45d-6c80-9ae7-ff51-b65cb1415f9c" testName="WitchCityRope.Core.Tests.ValueObjects.EmailAddressTests.TryCreate_InvalidEmail_ReturnsFalse(invalidEmail: &quot;@example.com&quot;)" computerName="Unbutu-Ai-Chads-PC" duration="00:00:00.0000039" startTime="2025-09-12T14:37:23.8627368-04:00" endTime="2025-09-12T14:37:23.8645086-04:00" testType="13cdc9d9-ddb5-4fa4-a97d-d965ccfc6d4b" outcome="Passed" testListId="8c84fa94-04c1-424b-9868-57a2d4851a1d" relativeResultsDirectory="32376406-5bc9-4b86-bdb3-dd3d807cf25b" />
    <UnitTestResult executionId="ef18323a-2c81-4fb6-81f0-6f28e009d567" testId="a7c3958c-ed08-701d-04ac-eb4a143df517" testName="WitchCityRope.Core.Tests.ValueObjects.EmailAddressTests.Value_AlwaysLowercase(input: &quot;test@example.com&quot;, expected: &quot;test@example.com&quot;)" computerName="Unbutu-Ai-Chads-PC" duration="00:00:00.0001401" startTime="2025-09-12T14:37:23.8646624-04:00" endTime="2025-09-12T14:37:23.8647062-04:00" testType="13cdc9d9-ddb5-4fa4-a97d-d965ccfc6d4b" outcome="Passed" testListId="8c84fa94-04c1-424b-9868-57a2d4851a1d" relativeResultsDirectory="ef18323a-2c81-4fb6-81f0-6f28e009d567" />
    <UnitTestResult executionId="c55aab36-cd79-474b-a5ef-28cdbedd69d9" testId="dafcd462-6d8d-7546-db79-401cb1f8ea54" testName="WitchCityRope.Core.Tests.ValueObjects.MoneyTests.Multiply_ValidFactor_MultipliesSuccessfully(amount: 100, factor: 0, expected: 0)" computerName="Unbutu-Ai-Chads-PC" duration="00:00:00.0002702" startTime="2025-09-12T14:37:23.8807337-04:00" endTime="2025-09-12T14:37:23.8807849-04:00" testType="13cdc9d9-ddb5-4fa4-a97d-d965ccfc6d4b" outcome="Passed" testListId="8c84fa94-04c1-424b-9868-57a2d4851a1d" relativeResultsDirectory="c55aab36-cd79-474b-a5ef-28cdbedd69d9" />
    <UnitTestResult executionId="90fdd5a8-042b-4fdf-a8f3-f3af507cbf31" testId="5a455a12-fe5d-d76b-6701-c651d0901ce0" testName="WitchCityRope.Core.Tests.Entities.UserTests.UpdateSceneName_ValidSceneName_UpdatesSuccessfully" computerName="Unbutu-Ai-Chads-PC" duration="00:00:00.0057233" startTime="2025-09-12T14:37:23.8912163-04:00" endTime="2025-09-12T14:37:23.8912691-04:00" testType="13cdc9d9-ddb5-4fa4-a97d-d965ccfc6d4b" outcome="Passed" testListId="8c84fa94-04c1-424b-9868-57a2d4851a1d" relativeResultsDirectory="90fdd5a8-042b-4fdf-a8f3-f3af507cbf31" />
    <UnitTestResult executionId="990a2e4d-337f-4155-aecb-95d33f5f7f9a" testId="55c9a313-0561-d40b-755a-d926aa2d9d32" testName="WitchCityRope.Core.Tests.ValueObjects.EmailAddressTests.Create_ValidEmail_CreatesSuccessfully(email: &quot;user+tag@example.co.uk&quot;)" computerName="Unbutu-Ai-Chads-PC" duration="00:00:00.0000071" startTime="2025-09-12T14:37:23.8482211-04:00" endTime="2025-09-12T14:37:23.8482851-04:00" testType="13cdc9d9-ddb5-4fa4-a97d-d965ccfc6d4b" outcome="Passed" testListId="8c84fa94-04c1-424b-9868-57a2d4851a1d" relativeResultsDirectory="990a2e4d-337f-4155-aecb-95d33f5f7f9a" />
    <UnitTestResult executionId="1e38779e-f5fa-421e-8ac9-5577e415da25" testId="e7b9a62d-2f8b-d3f2-4a3a-9cebb6d2d56f" testName="WitchCityRope.Core.Tests.ValueObjects.SceneNameTests.Create_WithWhitespace_TrimsSuccessfully" computerName="Unbutu-Ai-Chads-PC" duration="00:00:00.0001053" startTime="2025-09-12T14:37:23.8674275-04:00" endTime="2025-09-12T14:37:23.8675235-04:00" testType="13cdc9d9-ddb5-4fa4-a97d-d965ccfc6d4b" outcome="Passed" testListId="8c84fa94-04c1-424b-9868-57a2d4851a1d" relativeResultsDirectory="1e38779e-f5fa-421e-8ac9-5577e415da25" />
    <UnitTestResult executionId="4f6ae5b3-7f4f-46ac-ab49-9dca5aca85b7" testId="64686666-a5d9-6b6e-00f3-a4a97c5c4745" testName="WitchCityRope.Core.Tests.Entities.UserTests.PromoteToRole_VariousScenarios_BehavesCorrectly(currentRole: Organizer, newRole: Moderator, shouldSucceed: True)" computerName="Unbutu-Ai-Chads-PC" duration="00:00:00.0394035" startTime="2025-09-12T14:37:23.7675680-04:00" endTime="2025-09-12T14:37:23.8794198-04:00" testType="13cdc9d9-ddb5-4fa4-a97d-d965ccfc6d4b" outcome="Passed" testListId="8c84fa94-04c1-424b-9868-57a2d4851a1d" relativeResultsDirectory="4f6ae5b3-7f4f-46ac-ab49-9dca5aca85b7" />
    <UnitTestResult executionId="cc707559-41cd-4e50-965e-8f544d06614f" testId="1a4abce9-2b87-de2e-da5a-1c629644c66e" testName="WitchCityRope.Core.Tests.ValueObjects.EmailAddressTests.Create_InvalidFormat_ThrowsDomainException(email: &quot;@example.com&quot;)" computerName="Unbutu-Ai-Chads-PC" duration="00:00:00.0001682" startTime="2025-09-12T14:37:23.8687777-04:00" endTime="2025-09-12T14:37:23.8695384-04:00" testType="13cdc9d9-ddb5-4fa4-a97d-d965ccfc6d4b" outcome="Passed" testListId="8c84fa94-04c1-424b-9868-57a2d4851a1d" relativeResultsDirectory="cc707559-41cd-4e50-965e-8f544d06614f" />
    <UnitTestResult executionId="0a6ed6dc-dfcc-4cf4-a150-8ddc35bee6c8" testId="2f21a058-e21f-cf4b-831f-a132a3f4eafc" testName="WitchCityRope.Core.Tests.ValueObjects.SceneNameTests.CaseInsensitiveComparison_WorksCorrectly(name1: &quot;Scene Name&quot;, name2: &quot;scene name&quot;)" computerName="Unbutu-Ai-Chads-PC" duration="00:00:00.0000053" startTime="2025-09-12T14:37:23.8590016-04:00" endTime="2025-09-12T14:37:23.8590845-04:00" testType="13cdc9d9-ddb5-4fa4-a97d-d965ccfc6d4b" outcome="Passed" testListId="8c84fa94-04c1-424b-9868-57a2d4851a1d" relativeResultsDirectory="0a6ed6dc-dfcc-4cf4-a150-8ddc35bee6c8" />
    <UnitTestResult executionId="a799b3bd-3b7c-4ee9-aa77-6e312a337b68" testId="bcf6c661-bdd3-dc3b-8d30-8efd04a896b7" testName="WitchCityRope.Core.Tests.ValueObjects.SceneNameTests.Create_ExactlyMaxLength_CreatesSuccessfully" computerName="Unbutu-Ai-Chads-PC" duration="00:00:00.0001160" startTime="2025-09-12T14:37:23.8667988-04:00" endTime="2025-09-12T14:37:23.8670400-04:00" testType="13cdc9d9-ddb5-4fa4-a97d-d965ccfc6d4b" outcome="Passed" testListId="8c84fa94-04c1-424b-9868-57a2d4851a1d" relativeResultsDirectory="a799b3bd-3b7c-4ee9-aa77-6e312a337b68" />
    <UnitTestResult executionId="eacdb703-4ab2-4142-9813-95ea3f465245" testId="574b0e4a-1088-dc8e-931b-5757557d5af9" testName="WitchCityRope.Core.Tests.Entities.UserTests.Constructor_NullSceneName_ThrowsArgumentNullException" computerName="Unbutu-Ai-Chads-PC" duration="00:00:00.0004226" startTime="2025-09-12T14:37:23.8859197-04:00" endTime="2025-09-12T14:37:23.8859555-04:00" testType="13cdc9d9-ddb5-4fa4-a97d-d965ccfc6d4b" outcome="Passed" testListId="8c84fa94-04c1-424b-9868-57a2d4851a1d" relativeResultsDirectory="eacdb703-4ab2-4142-9813-95ea3f465245" />
    <UnitTestResult executionId="aaf28aab-3e6a-4ada-96ba-91f98c5bd109" testId="b5bc20a8-2c58-a4d4-fd15-5ce71610e7e2" testName="WitchCityRope.Core.Tests.Entities.EventTests.Unpublish_NotPublished_ThrowsDomainException" computerName="Unbutu-Ai-Chads-PC" duration="00:00:00.0039168" startTime="2025-09-12T14:37:23.9362352-04:00" endTime="2025-09-12T14:37:23.9401111-04:00" testType="13cdc9d9-ddb5-4fa4-a97d-d965ccfc6d4b" outcome="Passed" testListId="8c84fa94-04c1-424b-9868-57a2d4851a1d" relativeResultsDirectory="aaf28aab-3e6a-4ada-96ba-91f98c5bd109" />
    <UnitTestResult executionId="aa8deff1-98ac-4360-8cca-dfa876c63a23" testId="9028b45d-2cc9-07bd-c10e-d070f0a1ff95" testName="WitchCityRope.Core.Tests.ValueObjects.MoneyTests.Add_DifferentCurrency_ThrowsDomainException" computerName="Unbutu-Ai-Chads-PC" duration="00:00:00.0006408" startTime="2025-09-12T14:37:23.8836247-04:00" endTime="2025-09-12T14:37:23.8838539-04:00" testType="13cdc9d9-ddb5-4fa4-a97d-d965ccfc6d4b" outcome="Passed" testListId="8c84fa94-04c1-424b-9868-57a2d4851a1d" relativeResultsDirectory="aa8deff1-98ac-4360-8cca-dfa876c63a23" />
    <UnitTestResult executionId="b2b708c3-d20e-40cb-8b19-d35551b7b442" testId="4c3704a2-f126-706a-ee45-09631f5d1024" testName="WitchCityRope.Core.Tests.ValueObjects.EmailAddressTests.Equals_SameEmailDifferentCase_ReturnsTrue" computerName="Unbutu-Ai-Chads-PC" duration="00:00:00.0001811" startTime="2025-09-12T14:37:23.8724180-04:00" endTime="2025-09-12T14:37:23.8725053-04:00" testType="13cdc9d9-ddb5-4fa4-a97d-d965ccfc6d4b" outcome="Passed" testListId="8c84fa94-04c1-424b-9868-57a2d4851a1d" relativeResultsDirectory="b2b708c3-d20e-40cb-8b19-d35551b7b442" />
    <UnitTestResult executionId="6aaeeab7-a86b-483d-91e2-1f9a4cb83225" testId="60598e1b-02d6-d0b1-216a-1d6496f4b8e7" testName="WitchCityRope.Core.Tests.Entities.RegistrationTests.IsEligibleForRefund_VariousTimings_ReturnsCorrectResult(hoursBeforeEvent: 47, expectedEligible: False)" computerName="Unbutu-Ai-Chads-PC" duration="00:00:00.0090343" startTime="2025-09-12T14:37:23.9198354-04:00" endTime="2025-09-12T14:37:23.9287446-04:00" testType="13cdc9d9-ddb5-4fa4-a97d-d965ccfc6d4b" outcome="Passed" testListId="8c84fa94-04c1-424b-9868-57a2d4851a1d" relativeResultsDirectory="6aaeeab7-a86b-483d-91e2-1f9a4cb83225" />
    <UnitTestResult executionId="e06a0a5a-eed4-4487-80a6-e24fb63256eb" testId="e0e2ea60-cab1-78b6-670e-13c80cc25fc2" testName="WitchCityRope.Core.Tests.ValueObjects.MoneyTests.Zero_SpecificCurrency_CreatesZeroWithCurrency" computerName="Unbutu-Ai-Chads-PC" duration="00:00:00.0003735" startTime="2025-09-12T14:37:23.8578801-04:00" endTime="2025-09-12T14:37:23.8580374-04:00" testType="13cdc9d9-ddb5-4fa4-a97d-d965ccfc6d4b" outcome="Passed" testListId="8c84fa94-04c1-424b-9868-57a2d4851a1d" relativeResultsDirectory="e06a0a5a-eed4-4487-80a6-e24fb63256eb" />
    <UnitTestResult executionId="8544be08-3c0e-4482-ad07-efaef2bbd9ad" testId="a1b786bd-3420-a755-d1b7-26283940726c" testName="WitchCityRope.Core.Tests.Entities.EventTests.Constructor_VariousCapacities_CreatesSuccessfully(capacity: 100)" computerName="Unbutu-Ai-Chads-PC" duration="00:00:00.0073198" startTime="2025-09-12T14:37:23.8910316-04:00" endTime="2025-09-12T14:37:23.8914679-04:00" testType="13cdc9d9-ddb5-4fa4-a97d-d965ccfc6d4b" outcome="Passed" testListId="8c84fa94-04c1-424b-9868-57a2d4851a1d" relativeResultsDirectory="8544be08-3c0e-4482-ad07-efaef2bbd9ad" />
    <UnitTestResult executionId="f8c464d3-8889-4980-83a4-fc114260bff0" testId="0eea5cf3-5217-2650-bfc6-55dedab95adb" testName="WitchCityRope.Core.Tests.ValueObjects.EmailAddressTests.DisplayValue_PreservesOriginalCase(input: &quot;test@example.com&quot;, expected: &quot;test@example.com&quot;)" computerName="Unbutu-Ai-Chads-PC" duration="00:00:00.0000901" startTime="2025-09-12T14:37:23.8586839-04:00" endTime="2025-09-12T14:37:23.8588200-04:00" testType="13cdc9d9-ddb5-4fa4-a97d-d965ccfc6d4b" outcome="Passed" testListId="8c84fa94-04c1-424b-9868-57a2d4851a1d" relativeResultsDirectory="f8c464d3-8889-4980-83a4-fc114260bff0" />
    <UnitTestResult executionId="b344e00e-7cfa-46cf-b07f-73bd88a74e6b" testId="4456710a-57c1-169e-c51f-6d26dac4e142" testName="WitchCityRope.Core.Tests.Entities.RegistrationTests.Constructor_ValidData_CreatesRegistration" computerName="Unbutu-Ai-Chads-PC" duration="00:00:00.0029294" startTime="2025-09-12T14:37:24.0312985-04:00" endTime="2025-09-12T14:37:24.0341473-04:00" testType="13cdc9d9-ddb5-4fa4-a97d-d965ccfc6d4b" outcome="Passed" testListId="8c84fa94-04c1-424b-9868-57a2d4851a1d" relativeResultsDirectory="b344e00e-7cfa-46cf-b07f-73bd88a74e6b" />
    <UnitTestResult executionId="e5bd4760-b8f1-41c2-95dd-c2170c0a5a8b" testId="81c4e769-cb62-799e-3506-93d60500134c" testName="WitchCityRope.Core.Tests.ValueObjects.MoneyTests.Create_LowercaseCurrency_ConvertsToUppercase" computerName="Unbutu-Ai-Chads-PC" duration="00:00:00.0001139" startTime="2025-09-12T14:37:23.8844125-04:00" endTime="2025-09-12T14:37:23.8844590-04:00" testType="13cdc9d9-ddb5-4fa4-a97d-d965ccfc6d4b" outcome="Passed" testListId="8c84fa94-04c1-424b-9868-57a2d4851a1d" relativeResultsDirectory="e5bd4760-b8f1-41c2-95dd-c2170c0a5a8b" />
    <UnitTestResult executionId="b04bdaad-b511-4cee-91c8-4fad40f9441e" testId="ccbf7e0d-7b7a-a8f1-7983-3f248694b75c" testName="WitchCityRope.Core.Tests.ValueObjects.MoneyTests.Create_ValidAmount_CreatesSuccessfully(amount: 100)" computerName="Unbutu-Ai-Chads-PC" duration="00:00:00.0001718" startTime="2025-09-12T14:37:23.8627857-04:00" endTime="2025-09-12T14:37:23.8654146-04:00" testType="13cdc9d9-ddb5-4fa4-a97d-d965ccfc6d4b" outcome="Passed" testListId="8c84fa94-04c1-424b-9868-57a2d4851a1d" relativeResultsDirectory="b04bdaad-b511-4cee-91c8-4fad40f9441e" />
    <UnitTestResult executionId="14c147e8-7c5e-4abf-a844-01795304c41f" testId="76502293-5fdb-4247-1645-eaa6b94012dc" testName="WitchCityRope.Core.Tests.Entities.RegistrationTests.Constructor_NullEvent_ThrowsArgumentNullException" computerName="Unbutu-Ai-Chads-PC" duration="00:00:00.0026553" startTime="2025-09-12T14:37:24.0231352-04:00" endTime="2025-09-12T14:37:24.0256775-04:00" testType="13cdc9d9-ddb5-4fa4-a97d-d965ccfc6d4b" outcome="Passed" testListId="8c84fa94-04c1-424b-9868-57a2d4851a1d" relativeResultsDirectory="14c147e8-7c5e-4abf-a844-01795304c41f" />
    <UnitTestResult executionId="ebed13fc-3eee-4f9f-b8cc-44d01fc07fa3" testId="b8255f44-88d8-5031-490d-d1db53977af2" testName="WitchCityRope.Core.Tests.ValueObjects.EmailAddressTests.Create_EmptyOrNull_ThrowsArgumentException(email: null)" computerName="Unbutu-Ai-Chads-PC" duration="00:00:00.0009331" startTime="2025-09-12T14:37:23.8543158-04:00" endTime="2025-09-12T14:37:23.8563643-04:00" testType="13cdc9d9-ddb5-4fa4-a97d-d965ccfc6d4b" outcome="Passed" testListId="8c84fa94-04c1-424b-9868-57a2d4851a1d" relativeResultsDirectory="ebed13fc-3eee-4f9f-b8cc-44d01fc07fa3" />
    <UnitTestResult executionId="c5af668c-8abc-4234-b1d2-873679d711d2" testId="4397c8ff-627d-79c6-0248-89b8a15bd75a" testName="WitchCityRope.Core.Tests.ValueObjects.MoneyTests.Multiply_ValidFactor_MultipliesSuccessfully(amount: 10, factor: 2, expected: 20)" computerName="Unbutu-Ai-Chads-PC" duration="00:00:00.0000071" startTime="2025-09-12T14:37:23.8808926-04:00" endTime="2025-09-12T14:37:23.8809297-04:00" testType="13cdc9d9-ddb5-4fa4-a97d-d965ccfc6d4b" outcome="Passed" testListId="8c84fa94-04c1-424b-9868-57a2d4851a1d" relativeResultsDirectory="c5af668c-8abc-4234-b1d2-873679d711d2" />
    <UnitTestResult executionId="bc34343f-24d6-4af6-84ac-843b599f1d40" testId="5c142862-68a4-3e0d-3caa-944a88c5d807" testName="WitchCityRope.Core.Tests.Entities.UserTests.PromoteToRole_VariousScenarios_BehavesCorrectly(currentRole: Moderator, newRole: Administrator, shouldSucceed: True)" computerName="Unbutu-Ai-Chads-PC" duration="00:00:00.0022245" startTime="2025-09-12T14:37:23.8801074-04:00" endTime="2025-09-12T14:37:23.8812516-04:00" testType="13cdc9d9-ddb5-4fa4-a97d-d965ccfc6d4b" outcome="Passed" testListId="8c84fa94-04c1-424b-9868-57a2d4851a1d" relativeResultsDirectory="bc34343f-24d6-4af6-84ac-843b599f1d40" />
    <UnitTestResult executionId="10f054f0-b963-49da-9c2d-9dab4c746fb4" testId="f1e20cc6-36e9-f4be-b8af-7b8e470faa96" testName="WitchCityRope.Core.Tests.ValueObjects.EmailAddressTests.DisplayValue_PreservesOriginalCase(input: &quot;TEST@EXAMPLE.COM&quot;, expected: &quot;TEST@EXAMPLE.COM&quot;)" computerName="Unbutu-Ai-Chads-PC" duration="00:00:00.0000089" startTime="2025-09-12T14:37:23.8592014-04:00" endTime="2025-09-12T14:37:23.8592576-04:00" testType="13cdc9d9-ddb5-4fa4-a97d-d965ccfc6d4b" outcome="Passed" testListId="8c84fa94-04c1-424b-9868-57a2d4851a1d" relativeResultsDirectory="10f054f0-b963-49da-9c2d-9dab4c746fb4" />
    <UnitTestResult executionId="d12b3bd9-1af2-4c0e-a29a-13a00fdf7af9" testId="789befc7-bdb1-4aa4-6ce3-ddf2fed3eb3a" testName="WitchCityRope.Core.Tests.ValueObjects.SceneNameTests.Create_TrimsWhitespace_ButPreservesInternalSpaces(input: &quot;  Leading Space&quot;)" computerName="Unbutu-Ai-Chads-PC" duration="00:00:00.0002034" startTime="2025-09-12T14:37:23.8560686-04:00" endTime="2025-09-12T14:37:23.8561172-04:00" testType="13cdc9d9-ddb5-4fa4-a97d-d965ccfc6d4b" outcome="Passed" testListId="8c84fa94-04c1-424b-9868-57a2d4851a1d" relativeResultsDirectory="d12b3bd9-1af2-4c0e-a29a-13a00fdf7af9" />
    <UnitTestResult executionId="44f61a5e-db26-4916-a274-247d0bd76b45" testId="fab29629-ecda-5b7c-a197-ec8aaf8cb2b1" testName="WitchCityRope.Core.Tests.ValueObjects.EmailAddressTests.Create_InvalidFormat_ThrowsDomainException(email: &quot;user name@example.com&quot;)" computerName="Unbutu-Ai-Chads-PC" duration="00:00:00.0001649" startTime="2025-09-12T14:37:23.8697351-04:00" endTime="2025-09-12T14:37:23.8698309-04:00" testType="13cdc9d9-ddb5-4fa4-a97d-d965ccfc6d4b" outcome="Passed" testListId="8c84fa94-04c1-424b-9868-57a2d4851a1d" relativeResultsDirectory="44f61a5e-db26-4916-a274-247d0bd76b45" />
    <UnitTestResult executionId="e879e8b6-6ddf-4a48-8ea1-dadd2c42bdd6" testId="0df1aa3b-c928-8b6a-0977-0b4429c2ad4f" testName="WitchCityRope.Core.Tests.Entities.RegistrationTests.Constructor_NullSelectedPrice_ThrowsArgumentNullException" computerName="Unbutu-Ai-Chads-PC" duration="00:00:00.0044139" startTime="2025-09-12T14:37:23.9510911-04:00" endTime="2025-09-12T14:37:23.9513425-04:00" testType="13cdc9d9-ddb5-4fa4-a97d-d965ccfc6d4b" outcome="Passed" testListId="8c84fa94-04c1-424b-9868-57a2d4851a1d" relativeResultsDirectory="e879e8b6-6ddf-4a48-8ea1-dadd2c42bdd6" />
    <UnitTestResult executionId="e952d1fa-fc5c-49ac-a62b-552071e65c9f" testId="65c57b3a-8e78-577f-c730-ac80594e792f" testName="WitchCityRope.Core.Tests.HealthChecks.ServiceHealthCheckTests.VerifyPostgreSqlIsAccessible" computerName="Unbutu-Ai-Chads-PC" duration="00:00:00.0653297" startTime="2025-09-12T14:37:23.9006125-04:00" endTime="2025-09-12T14:37:23.9436832-04:00" testType="13cdc9d9-ddb5-4fa4-a97d-d965ccfc6d4b" outcome="Failed" testListId="8c84fa94-04c1-424b-9868-57a2d4851a1d" relativeResultsDirectory="e952d1fa-fc5c-49ac-a62b-552071e65c9f">
      <Output>
        <StdOut>❌ PostgreSQL connection failed
   Connection: Host=localhost;Port=5433;Database=WitchCityRope_Dev;Username=postgres;Password=***
   Error: 28P01: password authentication failed for user "postgres"
   Fix: Check 'docker logs witchcity-postgres'
   Run: 'docker-compose -f docker-compose.yml -f docker-compose.dev.yml restart postgres'</StdOut>
        <ErrorInfo>
          <Message>System.InvalidOperationException : PostgreSQL not accessible on port 5433. Check Docker containers
---- Npgsql.PostgresException : 28P01: password authentication failed for user "postgres"</Message>
          <StackTrace>   at WitchCityRope.Core.Tests.HealthChecks.ServiceHealthCheckTests.VerifyPostgreSqlIsAccessible() in /home/chad/repos/witchcityrope-react/tests/WitchCityRope.Core.Tests/HealthChecks/ServiceHealthCheckTests.cs:line 141
--- End of stack trace from previous location ---
----- Inner Stack Trace -----
   at Npgsql.Internal.NpgsqlConnector.ReadMessageLong(Boolean async, DataRowLoadingMode dataRowLoadingMode, Boolean readingNotifications, Boolean isReadingPrependedMessage)
   at System.Runtime.CompilerServices.PoolingAsyncValueTaskMethodBuilder`1.StateMachineBox`1.System.Threading.Tasks.Sources.IValueTaskSource&lt;TResult&gt;.GetResult(Int16 token)
   at Npgsql.Internal.NpgsqlConnector.AuthenticateSASL(List`1 mechanisms, String username, Boolean async, CancellationToken cancellationToken)
   at Npgsql.Internal.NpgsqlConnector.Authenticate(String username, NpgsqlTimeout timeout, Boolean async, CancellationToken cancellationToken)
   at Npgsql.Internal.NpgsqlConnector.&lt;Open&gt;g__OpenCore|214_1(NpgsqlConnector conn, SslMode sslMode, NpgsqlTimeout timeout, Boolean async, CancellationToken cancellationToken)
   at Npgsql.Internal.NpgsqlConnector.Open(NpgsqlTimeout timeout, Boolean async, CancellationToken cancellationToken)
   at Npgsql.PoolingDataSource.OpenNewConnector(NpgsqlConnection conn, NpgsqlTimeout timeout, Boolean async, CancellationToken cancellationToken)
   at Npgsql.PoolingDataSource.&lt;Get&gt;g__RentAsync|33_0(NpgsqlConnection conn, NpgsqlTimeout timeout, Boolean async, CancellationToken cancellationToken)
   at Npgsql.NpgsqlConnection.&lt;Open&gt;g__OpenAsync|42_0(Boolean async, CancellationToken cancellationToken)
   at WitchCityRope.Core.Tests.HealthChecks.ServiceHealthCheckTests.VerifyPostgreSqlIsAccessible() in /home/chad/repos/witchcityrope-react/tests/WitchCityRope.Core.Tests/HealthChecks/ServiceHealthCheckTests.cs:line 126</StackTrace>
        </ErrorInfo>
      </Output>
    </UnitTestResult>
    <UnitTestResult executionId="a2e2f80c-78c6-4ec7-a31e-c82afc868be0" testId="4f10845f-3ec6-4a9c-4c1b-d5a02341ac26" testName="WitchCityRope.Core.Tests.ValueObjects.MoneyTests.Add_NullMoney_ThrowsArgumentNullException" computerName="Unbutu-Ai-Chads-PC" duration="00:00:00.0009431" startTime="2025-09-12T14:37:23.8826959-04:00" endTime="2025-09-12T14:37:23.8832744-04:00" testType="13cdc9d9-ddb5-4fa4-a97d-d965ccfc6d4b" outcome="Passed" testListId="8c84fa94-04c1-424b-9868-57a2d4851a1d" relativeResultsDirectory="a2e2f80c-78c6-4ec7-a31e-c82afc868be0" />
    <UnitTestResult executionId="d159e579-7fe3-42d7-bd56-804c1bc462cf" testId="85f2852e-58e5-6345-60a2-fbf11f9a2020" testName="WitchCityRope.Core.Tests.ValueObjects.EmailAddressTests.TryCreate_InvalidEmail_ReturnsFalse(invalidEmail: &quot;notanemail&quot;)" computerName="Unbutu-Ai-Chads-PC" duration="00:00:00.0005252" startTime="2025-09-12T14:37:23.8593445-04:00" endTime="2025-09-12T14:37:23.8604778-04:00" testType="13cdc9d9-ddb5-4fa4-a97d-d965ccfc6d4b" outcome="Passed" testListId="8c84fa94-04c1-424b-9868-57a2d4851a1d" relativeResultsDirectory="d159e579-7fe3-42d7-bd56-804c1bc462cf" />
    <UnitTestResult executionId="b8db0b1c-4762-40da-a2a8-fa110b6bef0c" testId="390f5574-ce2b-a8b0-ecb1-10d89b55bb71" testName="WitchCityRope.Core.Tests.Entities.UserTests.Deactivate_ActiveUser_DeactivatesSuccessfully" computerName="Unbutu-Ai-Chads-PC" duration="00:00:00.0011921" startTime="2025-09-12T14:37:23.8868816-04:00" endTime="2025-09-12T14:37:23.8869176-04:00" testType="13cdc9d9-ddb5-4fa4-a97d-d965ccfc6d4b" outcome="Passed" testListId="8c84fa94-04c1-424b-9868-57a2d4851a1d" relativeResultsDirectory="b8db0b1c-4762-40da-a2a8-fa110b6bef0c" />
    <UnitTestResult executionId="fc93cd09-ab49-46af-9c7f-bf791f4cd5a0" testId="dcd2f006-b615-aca4-03f2-93049cc2989f" testName="WitchCityRope.Core.Tests.ValueObjects.SceneNameTests.CaseInsensitiveComparison_WorksCorrectly(name1: &quot;scene name&quot;, name2: &quot;SCENE NAME&quot;)" computerName="Unbutu-Ai-Chads-PC" duration="00:00:00.0004813" startTime="2025-09-12T14:37:23.8587958-04:00" endTime="2025-09-12T14:37:23.8589361-04:00" testType="13cdc9d9-ddb5-4fa4-a97d-d965ccfc6d4b" outcome="Passed" testListId="8c84fa94-04c1-424b-9868-57a2d4851a1d" relativeResultsDirectory="fc93cd09-ab49-46af-9c7f-bf791f4cd5a0" />
  </Results>
  <TestDefinitions>
    <UnitTest name="WitchCityRope.Core.Tests.Entities.EventTests.UpdateDates_ValidFutureDates_UpdatesSuccessfully" storage="/home/chad/repos/witchcityrope-react/tests/witchcityrope.core.tests/bin/debug/net9.0/witchcityrope.core.tests.dll" id="9f763760-2f4c-fefb-9a56-8f2602c55157">
      <Execution id="0233435c-d945-4188-b815-a970e35244e2" />
      <TestMethod codeBase="/home/chad/repos/witchcityrope-react/tests/WitchCityRope.Core.Tests/bin/Debug/net9.0/WitchCityRope.Core.Tests.dll" adapterTypeName="executor://xunit/VsTestRunner3/netcore/" className="WitchCityRope.Core.Tests.Entities.EventTests" name="UpdateDates_ValidFutureDates_UpdatesSuccessfully" />
    </UnitTest>
    <UnitTest name="WitchCityRope.Core.Tests.ValueObjects.MoneyTests.Create_ValidCurrency_CreatesSuccessfully(currency: &quot;GBP&quot;)" storage="/home/chad/repos/witchcityrope-react/tests/witchcityrope.core.tests/bin/debug/net9.0/witchcityrope.core.tests.dll" id="0e057b10-bf68-692c-a35c-76f267f90467">
      <Execution id="4d885cbd-b03d-48a0-9275-cbc295ee9fc2" />
      <TestMethod codeBase="/home/chad/repos/witchcityrope-react/tests/WitchCityRope.Core.Tests/bin/Debug/net9.0/WitchCityRope.Core.Tests.dll" adapterTypeName="executor://xunit/VsTestRunner3/netcore/" className="WitchCityRope.Core.Tests.ValueObjects.MoneyTests" name="Create_ValidCurrency_CreatesSuccessfully" />
    </UnitTest>
    <UnitTest name="WitchCityRope.Core.Tests.ValueObjects.MoneyTests.Subtract_InsufficientFunds_ThrowsDomainException" storage="/home/chad/repos/witchcityrope-react/tests/witchcityrope.core.tests/bin/debug/net9.0/witchcityrope.core.tests.dll" id="60d19a79-2c4a-6e5e-4d71-9a95960b7cd1">
      <Execution id="87bff768-f833-4e7c-a037-62613dc5caed" />
      <TestMethod codeBase="/home/chad/repos/witchcityrope-react/tests/WitchCityRope.Core.Tests/bin/Debug/net9.0/WitchCityRope.Core.Tests.dll" adapterTypeName="executor://xunit/VsTestRunner3/netcore/" className="WitchCityRope.Core.Tests.ValueObjects.MoneyTests" name="Subtract_InsufficientFunds_ThrowsDomainException" />
    </UnitTest>
    <UnitTest name="WitchCityRope.Core.Tests.ValueObjects.EmailAddressTests.Create_EmailExceedsMaxLength_ThrowsDomainException" storage="/home/chad/repos/witchcityrope-react/tests/witchcityrope.core.tests/bin/debug/net9.0/witchcityrope.core.tests.dll" id="5103f879-550d-fbea-5ebd-81a2562bffc5">
      <Execution id="402fa611-01f4-4515-8d31-762a6fc38663" />
      <TestMethod codeBase="/home/chad/repos/witchcityrope-react/tests/WitchCityRope.Core.Tests/bin/Debug/net9.0/WitchCityRope.Core.Tests.dll" adapterTypeName="executor://xunit/VsTestRunner3/netcore/" className="WitchCityRope.Core.Tests.ValueObjects.EmailAddressTests" name="Create_EmailExceedsMaxLength_ThrowsDomainException" />
    </UnitTest>
    <UnitTest name="WitchCityRope.Core.Tests.Entities.RegistrationTests.IsEligibleForRefund_VariousTimings_ReturnsCorrectResult(hoursBeforeEvent: 47.899999999999999, expectedEligible: False)" storage="/home/chad/repos/witchcityrope-react/tests/witchcityrope.core.tests/bin/debug/net9.0/witchcityrope.core.tests.dll" id="2a16daf1-9828-ac46-13aa-565928c9b938">
      <Execution id="6b2ec17e-14bd-45d7-a766-b16e4ed2662d" />
      <TestMethod codeBase="/home/chad/repos/witchcityrope-react/tests/WitchCityRope.Core.Tests/bin/Debug/net9.0/WitchCityRope.Core.Tests.dll" adapterTypeName="executor://xunit/VsTestRunner3/netcore/" className="WitchCityRope.Core.Tests.Entities.RegistrationTests" name="IsEligibleForRefund_VariousTimings_ReturnsCorrectResult" />
    </UnitTest>
    <UnitTest name="WitchCityRope.Core.Tests.ValueObjects.EmailAddressTests.Value_AlwaysLowercase(input: &quot;TEST@EXAMPLE.COM&quot;, expected: &quot;test@example.com&quot;)" storage="/home/chad/repos/witchcityrope-react/tests/witchcityrope.core.tests/bin/debug/net9.0/witchcityrope.core.tests.dll" id="e9ff79d1-7c74-ba00-c289-731f38c9ae9d">
      <Execution id="055b74ed-7ae2-4f19-98b5-db6e1366dbe5" />
      <TestMethod codeBase="/home/chad/repos/witchcityrope-react/tests/WitchCityRope.Core.Tests/bin/Debug/net9.0/WitchCityRope.Core.Tests.dll" adapterTypeName="executor://xunit/VsTestRunner3/netcore/" className="WitchCityRope.Core.Tests.ValueObjects.EmailAddressTests" name="Value_AlwaysLowercase" />
    </UnitTest>
    <UnitTest name="WitchCityRope.Core.Tests.ValueObjects.MoneyTests.ToDisplayString_VariousCurrencies_FormatsCorrectly(currency: &quot;GBP&quot;, expected: &quot;£10.50&quot;)" storage="/home/chad/repos/witchcityrope-react/tests/witchcityrope.core.tests/bin/debug/net9.0/witchcityrope.core.tests.dll" id="ae396dcc-673d-748e-2480-155148bbd99c">
      <Execution id="4adaede9-63c5-4380-a2c0-dc3d71c15bbc" />
      <TestMethod codeBase="/home/chad/repos/witchcityrope-react/tests/WitchCityRope.Core.Tests/bin/Debug/net9.0/WitchCityRope.Core.Tests.dll" adapterTypeName="executor://xunit/VsTestRunner3/netcore/" className="WitchCityRope.Core.Tests.ValueObjects.MoneyTests" name="ToDisplayString_VariousCurrencies_FormatsCorrectly" />
    </UnitTest>
    <UnitTest name="WitchCityRope.Core.Tests.ValueObjects.SceneNameTests.ImplicitStringConversion_ReturnsValue" storage="/home/chad/repos/witchcityrope-react/tests/witchcityrope.core.tests/bin/debug/net9.0/witchcityrope.core.tests.dll" id="d5159d6d-2952-3694-1eec-00946e14957e">
      <Execution id="1a23581e-93d5-4063-9bc7-6b4ff9c04aa7" />
      <TestMethod codeBase="/home/chad/repos/witchcityrope-react/tests/WitchCityRope.Core.Tests/bin/Debug/net9.0/WitchCityRope.Core.Tests.dll" adapterTypeName="executor://xunit/VsTestRunner3/netcore/" className="WitchCityRope.Core.Tests.ValueObjects.SceneNameTests" name="ImplicitStringConversion_ReturnsValue" />
    </UnitTest>
    <UnitTest name="WitchCityRope.Core.Tests.Entities.EventTests.Constructor_VariousCapacities_CreatesSuccessfully(capacity: 1000)" storage="/home/chad/repos/witchcityrope-react/tests/witchcityrope.core.tests/bin/debug/net9.0/witchcityrope.core.tests.dll" id="aa176635-c157-d6ec-5a41-2b2da25c3c08">
      <Execution id="fe4b97ca-00aa-4f5f-b5a4-c8dd51937e5e" />
      <TestMethod codeBase="/home/chad/repos/witchcityrope-react/tests/WitchCityRope.Core.Tests/bin/Debug/net9.0/WitchCityRope.Core.Tests.dll" adapterTypeName="executor://xunit/VsTestRunner3/netcore/" className="WitchCityRope.Core.Tests.Entities.EventTests" name="Constructor_VariousCapacities_CreatesSuccessfully" />
    </UnitTest>
    <UnitTest name="WitchCityRope.Core.Tests.ValueObjects.SceneNameTests.Create_ValidSceneName_CreatesSuccessfully(name: &quot;SceneName&quot;)" storage="/home/chad/repos/witchcityrope-react/tests/witchcityrope.core.tests/bin/debug/net9.0/witchcityrope.core.tests.dll" id="d81728c7-49e8-e89f-b6c0-b279756a6680">
      <Execution id="6a257f84-97ff-4ab0-84ce-7787f67dd86f" />
      <TestMethod codeBase="/home/chad/repos/witchcityrope-react/tests/WitchCityRope.Core.Tests/bin/Debug/net9.0/WitchCityRope.Core.Tests.dll" adapterTypeName="executor://xunit/VsTestRunner3/netcore/" className="WitchCityRope.Core.Tests.ValueObjects.SceneNameTests" name="Create_ValidSceneName_CreatesSuccessfully" />
    </UnitTest>
    <UnitTest name="WitchCityRope.Core.Tests.Entities.RegistrationTests.IsEligibleForRefund_VariousTimings_ReturnsCorrectResult(hoursBeforeEvent: 49, expectedEligible: True)" storage="/home/chad/repos/witchcityrope-react/tests/witchcityrope.core.tests/bin/debug/net9.0/witchcityrope.core.tests.dll" id="6e366377-6d41-5fcc-48f5-0930249fee5e">
      <Execution id="bacf1c07-e122-4f83-b132-9ed5f08d7578" />
      <TestMethod codeBase="/home/chad/repos/witchcityrope-react/tests/WitchCityRope.Core.Tests/bin/Debug/net9.0/WitchCityRope.Core.Tests.dll" adapterTypeName="executor://xunit/VsTestRunner3/netcore/" className="WitchCityRope.Core.Tests.Entities.RegistrationTests" name="IsEligibleForRefund_VariousTimings_ReturnsCorrectResult" />
    </UnitTest>
    <UnitTest name="WitchCityRope.Core.Tests.ValueObjects.MoneyTests.OperatorMinus_SameCurrency_SubtractsSuccessfully" storage="/home/chad/repos/witchcityrope-react/tests/witchcityrope.core.tests/bin/debug/net9.0/witchcityrope.core.tests.dll" id="7d8e1bdd-5b0a-e86b-4cc6-21776e72712f">
      <Execution id="bae71f6a-8e43-4ddb-8f8b-f9a6c24021ea" />
      <TestMethod codeBase="/home/chad/repos/witchcityrope-react/tests/WitchCityRope.Core.Tests/bin/Debug/net9.0/WitchCityRope.Core.Tests.dll" adapterTypeName="executor://xunit/VsTestRunner3/netcore/" className="WitchCityRope.Core.Tests.ValueObjects.MoneyTests" name="OperatorMinus_SameCurrency_SubtractsSuccessfully" />
    </UnitTest>
    <UnitTest name="WitchCityRope.Core.Tests.ValueObjects.EmailAddressTests.Create_EmptyOrNull_ThrowsArgumentException(email: &quot; &quot;)" storage="/home/chad/repos/witchcityrope-react/tests/witchcityrope.core.tests/bin/debug/net9.0/witchcityrope.core.tests.dll" id="64df16bb-168d-b86d-0c2a-41836ed7a731">
      <Execution id="efcbca0c-5c37-45aa-8063-951cd3ff24b6" />
      <TestMethod codeBase="/home/chad/repos/witchcityrope-react/tests/WitchCityRope.Core.Tests/bin/Debug/net9.0/WitchCityRope.Core.Tests.dll" adapterTypeName="executor://xunit/VsTestRunner3/netcore/" className="WitchCityRope.Core.Tests.ValueObjects.EmailAddressTests" name="Create_EmptyOrNull_ThrowsArgumentException" />
    </UnitTest>
    <UnitTest name="WitchCityRope.Core.Tests.ValueObjects.SceneNameTests.Create_TrimsWhitespace_ButPreservesInternalSpaces(input: &quot;Trailing Space  &quot;)" storage="/home/chad/repos/witchcityrope-react/tests/witchcityrope.core.tests/bin/debug/net9.0/witchcityrope.core.tests.dll" id="aa71a203-3d80-3323-0c0d-232f4f20becc">
      <Execution id="f7c6c5f5-de24-4983-8019-5a15781ffba2" />
      <TestMethod codeBase="/home/chad/repos/witchcityrope-react/tests/WitchCityRope.Core.Tests/bin/Debug/net9.0/WitchCityRope.Core.Tests.dll" adapterTypeName="executor://xunit/VsTestRunner3/netcore/" className="WitchCityRope.Core.Tests.ValueObjects.SceneNameTests" name="Create_TrimsWhitespace_ButPreservesInternalSpaces" />
    </UnitTest>
    <UnitTest name="WitchCityRope.Core.Tests.Entities.RegistrationTests.Confirm_AlreadyConfirmed_ThrowsDomainException" storage="/home/chad/repos/witchcityrope-react/tests/witchcityrope.core.tests/bin/debug/net9.0/witchcityrope.core.tests.dll" id="438d3011-f46f-16f1-0e65-feb01a5ce604">
      <Execution id="2289980b-da77-42b6-ac42-108a3adc5a9b" />
      <TestMethod codeBase="/home/chad/repos/witchcityrope-react/tests/WitchCityRope.Core.Tests/bin/Debug/net9.0/WitchCityRope.Core.Tests.dll" adapterTypeName="executor://xunit/VsTestRunner3/netcore/" className="WitchCityRope.Core.Tests.Entities.RegistrationTests" name="Confirm_AlreadyConfirmed_ThrowsDomainException" />
    </UnitTest>
    <UnitTest name="WitchCityRope.Core.Tests.Entities.UserTests.Constructor_NullEmail_ThrowsArgumentNullException" storage="/home/chad/repos/witchcityrope-react/tests/witchcityrope.core.tests/bin/debug/net9.0/witchcityrope.core.tests.dll" id="445b2f5b-ab0f-f41e-344b-753a5cf07080">
      <Execution id="ff4199f0-acd6-41be-a921-0ecce80951e7" />
      <TestMethod codeBase="/home/chad/repos/witchcityrope-react/tests/WitchCityRope.Core.Tests/bin/Debug/net9.0/WitchCityRope.Core.Tests.dll" adapterTypeName="executor://xunit/VsTestRunner3/netcore/" className="WitchCityRope.Core.Tests.Entities.UserTests" name="Constructor_NullEmail_ThrowsArgumentNullException" />
    </UnitTest>
    <UnitTest name="WitchCityRope.Core.Tests.Entities.RegistrationTests.UpdateDietaryRestrictions_ActiveRegistration_UpdatesSuccessfully" storage="/home/chad/repos/witchcityrope-react/tests/witchcityrope.core.tests/bin/debug/net9.0/witchcityrope.core.tests.dll" id="478f96ed-2221-5007-b98f-8630532b55b1">
      <Execution id="50596ff3-ac72-4e89-b1fd-19ca7bf4388f" />
      <TestMethod codeBase="/home/chad/repos/witchcityrope-react/tests/WitchCityRope.Core.Tests/bin/Debug/net9.0/WitchCityRope.Core.Tests.dll" adapterTypeName="executor://xunit/VsTestRunner3/netcore/" className="WitchCityRope.Core.Tests.Entities.RegistrationTests" name="UpdateDietaryRestrictions_ActiveRegistration_UpdatesSuccessfully" />
    </UnitTest>
    <UnitTest name="WitchCityRope.Core.Tests.Entities.RegistrationTests.CheckIn_NotConfirmed_ThrowsDomainException" storage="/home/chad/repos/witchcityrope-react/tests/witchcityrope.core.tests/bin/debug/net9.0/witchcityrope.core.tests.dll" id="8dc4b32e-1d6e-f702-48ff-68937539ae3a">
      <Execution id="5d558c62-184a-4e0c-91e4-00a4d71af471" />
      <TestMethod codeBase="/home/chad/repos/witchcityrope-react/tests/WitchCityRope.Core.Tests/bin/Debug/net9.0/WitchCityRope.Core.Tests.dll" adapterTypeName="executor://xunit/VsTestRunner3/netcore/" className="WitchCityRope.Core.Tests.Entities.RegistrationTests" name="CheckIn_NotConfirmed_ThrowsDomainException" />
    </UnitTest>
    <UnitTest name="WitchCityRope.Core.Tests.Entities.RegistrationTests.UpdateAccessibilityNeeds_ActiveRegistration_UpdatesSuccessfully" storage="/home/chad/repos/witchcityrope-react/tests/witchcityrope.core.tests/bin/debug/net9.0/witchcityrope.core.tests.dll" id="0faa10f1-9b22-e3b7-c9cf-4a05f411e7a0">
      <Execution id="963c58aa-41b4-47f9-af2c-1950a47e9d8e" />
      <TestMethod codeBase="/home/chad/repos/witchcityrope-react/tests/WitchCityRope.Core.Tests/bin/Debug/net9.0/WitchCityRope.Core.Tests.dll" adapterTypeName="executor://xunit/VsTestRunner3/netcore/" className="WitchCityRope.Core.Tests.Entities.RegistrationTests" name="UpdateAccessibilityNeeds_ActiveRegistration_UpdatesSuccessfully" />
    </UnitTest>
    <UnitTest name="WitchCityRope.Core.Tests.ValueObjects.EmailAddressTests.Create_InvalidFormat_ThrowsDomainException(email: &quot;@example.com&quot;)" storage="/home/chad/repos/witchcityrope-react/tests/witchcityrope.core.tests/bin/debug/net9.0/witchcityrope.core.tests.dll" id="1a4abce9-2b87-de2e-da5a-1c629644c66e">
      <Execution id="cc707559-41cd-4e50-965e-8f544d06614f" />
      <TestMethod codeBase="/home/chad/repos/witchcityrope-react/tests/WitchCityRope.Core.Tests/bin/Debug/net9.0/WitchCityRope.Core.Tests.dll" adapterTypeName="executor://xunit/VsTestRunner3/netcore/" className="WitchCityRope.Core.Tests.ValueObjects.EmailAddressTests" name="Create_InvalidFormat_ThrowsDomainException" />
    </UnitTest>
    <UnitTest name="WitchCityRope.Core.Tests.Entities.EventTests.Constructor_ZeroCapacity_ThrowsDomainException" storage="/home/chad/repos/witchcityrope-react/tests/witchcityrope.core.tests/bin/debug/net9.0/witchcityrope.core.tests.dll" id="bf813ab1-328d-8105-78c5-bea3e40472ac">
      <Execution id="a9f76272-cc38-4a3a-9b61-052418908d75" />
      <TestMethod codeBase="/home/chad/repos/witchcityrope-react/tests/WitchCityRope.Core.Tests/bin/Debug/net9.0/WitchCityRope.Core.Tests.dll" adapterTypeName="executor://xunit/VsTestRunner3/netcore/" className="WitchCityRope.Core.Tests.Entities.EventTests" name="Constructor_ZeroCapacity_ThrowsDomainException" />
    </UnitTest>
    <UnitTest name="WitchCityRope.Core.Tests.ValueObjects.MoneyTests.Create_ValidCurrency_CreatesSuccessfully(currency: &quot;CAD&quot;)" storage="/home/chad/repos/witchcityrope-react/tests/witchcityrope.core.tests/bin/debug/net9.0/witchcityrope.core.tests.dll" id="c13be69c-9ab3-60d1-faea-fc8d33dba310">
      <Execution id="0d043e77-acfc-492b-a170-cd0ae5205e67" />
      <TestMethod codeBase="/home/chad/repos/witchcityrope-react/tests/WitchCityRope.Core.Tests/bin/Debug/net9.0/WitchCityRope.Core.Tests.dll" adapterTypeName="executor://xunit/VsTestRunner3/netcore/" className="WitchCityRope.Core.Tests.ValueObjects.MoneyTests" name="Create_ValidCurrency_CreatesSuccessfully" />
    </UnitTest>
    <UnitTest name="WitchCityRope.Core.Tests.ValueObjects.SceneNameTests.CaseInsensitiveComparison_WorksCorrectly(name1: &quot;Scene Name&quot;, name2: &quot;scene name&quot;)" storage="/home/chad/repos/witchcityrope-react/tests/witchcityrope.core.tests/bin/debug/net9.0/witchcityrope.core.tests.dll" id="2f21a058-e21f-cf4b-831f-a132a3f4eafc">
      <Execution id="0a6ed6dc-dfcc-4cf4-a150-8ddc35bee6c8" />
      <TestMethod codeBase="/home/chad/repos/witchcityrope-react/tests/WitchCityRope.Core.Tests/bin/Debug/net9.0/WitchCityRope.Core.Tests.dll" adapterTypeName="executor://xunit/VsTestRunner3/netcore/" className="WitchCityRope.Core.Tests.ValueObjects.SceneNameTests" name="CaseInsensitiveComparison_WorksCorrectly" />
    </UnitTest>
    <UnitTest name="WitchCityRope.Core.Tests.ValueObjects.MoneyTests.Create_ValidAmount_CreatesSuccessfully(amount: 9999.99)" storage="/home/chad/repos/witchcityrope-react/tests/witchcityrope.core.tests/bin/debug/net9.0/witchcityrope.core.tests.dll" id="38d6e065-1a55-e71e-b81e-ae9ea067e84e">
      <Execution id="00e0fcc7-918d-4654-9f1e-1b0cd11f6169" />
      <TestMethod codeBase="/home/chad/repos/witchcityrope-react/tests/WitchCityRope.Core.Tests/bin/Debug/net9.0/WitchCityRope.Core.Tests.dll" adapterTypeName="executor://xunit/VsTestRunner3/netcore/" className="WitchCityRope.Core.Tests.ValueObjects.MoneyTests" name="Create_ValidAmount_CreatesSuccessfully" />
    </UnitTest>
    <UnitTest name="WitchCityRope.Core.Tests.Entities.UserTests.UpdateSceneName_ValidSceneName_UpdatesSuccessfully" storage="/home/chad/repos/witchcityrope-react/tests/witchcityrope.core.tests/bin/debug/net9.0/witchcityrope.core.tests.dll" id="5a455a12-fe5d-d76b-6701-c651d0901ce0">
      <Execution id="90fdd5a8-042b-4fdf-a8f3-f3af507cbf31" />
      <TestMethod codeBase="/home/chad/repos/witchcityrope-react/tests/WitchCityRope.Core.Tests/bin/Debug/net9.0/WitchCityRope.Core.Tests.dll" adapterTypeName="executor://xunit/VsTestRunner3/netcore/" className="WitchCityRope.Core.Tests.Entities.UserTests" name="UpdateSceneName_ValidSceneName_UpdatesSuccessfully" />
    </UnitTest>
    <UnitTest name="WitchCityRope.Core.Tests.Entities.RegistrationTests.UpdateAccessibilityNeeds_CancelledRegistration_ThrowsDomainException" storage="/home/chad/repos/witchcityrope-react/tests/witchcityrope.core.tests/bin/debug/net9.0/witchcityrope.core.tests.dll" id="83b03134-a341-7baa-1ddc-e73e42ca0f1e">
      <Execution id="dc4ba4ac-4061-405c-87cd-617f364e8416" />
      <TestMethod codeBase="/home/chad/repos/witchcityrope-react/tests/WitchCityRope.Core.Tests/bin/Debug/net9.0/WitchCityRope.Core.Tests.dll" adapterTypeName="executor://xunit/VsTestRunner3/netcore/" className="WitchCityRope.Core.Tests.Entities.RegistrationTests" name="UpdateAccessibilityNeeds_CancelledRegistration_ThrowsDomainException" />
    </UnitTest>
    <UnitTest name="WitchCityRope.Core.Tests.ValueObjects.MoneyTests.Create_ValidAmount_CreatesSuccessfully(amount: 0)" storage="/home/chad/repos/witchcityrope-react/tests/witchcityrope.core.tests/bin/debug/net9.0/witchcityrope.core.tests.dll" id="615864e0-c790-9bed-1d05-9dd7ad15c39e">
      <Execution id="20994d76-a278-4fc7-9fa2-cd6f8a688d55" />
      <TestMethod codeBase="/home/chad/repos/witchcityrope-react/tests/WitchCityRope.Core.Tests/bin/Debug/net9.0/WitchCityRope.Core.Tests.dll" adapterTypeName="executor://xunit/VsTestRunner3/netcore/" className="WitchCityRope.Core.Tests.ValueObjects.MoneyTests" name="Create_ValidAmount_CreatesSuccessfully" />
    </UnitTest>
    <UnitTest name="WitchCityRope.Core.Tests.Entities.RegistrationTests.Cancel_AfterCheckIn_ThrowsDomainException" storage="/home/chad/repos/witchcityrope-react/tests/witchcityrope.core.tests/bin/debug/net9.0/witchcityrope.core.tests.dll" id="8d20f875-f9f1-f972-48ca-5f006dd2b59b">
      <Execution id="0de356f1-6bab-492f-8e7c-275871bef25f" />
      <TestMethod codeBase="/home/chad/repos/witchcityrope-react/tests/WitchCityRope.Core.Tests/bin/Debug/net9.0/WitchCityRope.Core.Tests.dll" adapterTypeName="executor://xunit/VsTestRunner3/netcore/" className="WitchCityRope.Core.Tests.Entities.RegistrationTests" name="Cancel_AfterCheckIn_ThrowsDomainException" />
    </UnitTest>
    <UnitTest name="WitchCityRope.Core.Tests.Entities.RegistrationTests.Constructor_ValidData_CreatesRegistration" storage="/home/chad/repos/witchcityrope-react/tests/witchcityrope.core.tests/bin/debug/net9.0/witchcityrope.core.tests.dll" id="4456710a-57c1-169e-c51f-6d26dac4e142">
      <Execution id="b344e00e-7cfa-46cf-b07f-73bd88a74e6b" />
      <TestMethod codeBase="/home/chad/repos/witchcityrope-react/tests/WitchCityRope.Core.Tests/bin/Debug/net9.0/WitchCityRope.Core.Tests.dll" adapterTypeName="executor://xunit/VsTestRunner3/netcore/" className="WitchCityRope.Core.Tests.Entities.RegistrationTests" name="Constructor_ValidData_CreatesRegistration" />
    </UnitTest>
    <UnitTest name="WitchCityRope.Core.Tests.Entities.UserTests.PromoteToRole_VariousScenarios_BehavesCorrectly(currentRole: Member, newRole: Organizer, shouldSucceed: True)" storage="/home/chad/repos/witchcityrope-react/tests/witchcityrope.core.tests/bin/debug/net9.0/witchcityrope.core.tests.dll" id="0956fa5d-4aed-486e-f7dc-84f44811deb3">
      <Execution id="c3fe24b6-24ba-4dcd-9249-712db96bb497" />
      <TestMethod codeBase="/home/chad/repos/witchcityrope-react/tests/WitchCityRope.Core.Tests/bin/Debug/net9.0/WitchCityRope.Core.Tests.dll" adapterTypeName="executor://xunit/VsTestRunner3/netcore/" className="WitchCityRope.Core.Tests.Entities.UserTests" name="PromoteToRole_VariousScenarios_BehavesCorrectly" />
    </UnitTest>
    <UnitTest name="WitchCityRope.Core.Tests.Entities.EventTests.Constructor_NoPricingTiers_ThrowsDomainException" storage="/home/chad/repos/witchcityrope-react/tests/witchcityrope.core.tests/bin/debug/net9.0/witchcityrope.core.tests.dll" id="cb2ec5a2-32db-52c0-a6a1-934dccc75132">
      <Execution id="1e7780a6-6a40-46d8-b44a-dbee933a995a" />
      <TestMethod codeBase="/home/chad/repos/witchcityrope-react/tests/WitchCityRope.Core.Tests/bin/Debug/net9.0/WitchCityRope.Core.Tests.dll" adapterTypeName="executor://xunit/VsTestRunner3/netcore/" className="WitchCityRope.Core.Tests.Entities.EventTests" name="Constructor_NoPricingTiers_ThrowsDomainException" />
    </UnitTest>
    <UnitTest name="WitchCityRope.Core.Tests.Entities.RegistrationTests.Constructor_InvalidPrice_ThrowsDomainException" storage="/home/chad/repos/witchcityrope-react/tests/witchcityrope.core.tests/bin/debug/net9.0/witchcityrope.core.tests.dll" id="252a288d-ed9d-192f-9ca0-2b8477995f8a">
      <Execution id="50448a5a-2c6b-4afd-9995-ef4ad470f8e8" />
      <TestMethod codeBase="/home/chad/repos/witchcityrope-react/tests/WitchCityRope.Core.Tests/bin/Debug/net9.0/WitchCityRope.Core.Tests.dll" adapterTypeName="executor://xunit/VsTestRunner3/netcore/" className="WitchCityRope.Core.Tests.Entities.RegistrationTests" name="Constructor_InvalidPrice_ThrowsDomainException" />
    </UnitTest>
    <UnitTest name="WitchCityRope.Core.Tests.Entities.EventTests.RemoveOrganizer_LastOrganizer_ThrowsDomainException" storage="/home/chad/repos/witchcityrope-react/tests/witchcityrope.core.tests/bin/debug/net9.0/witchcityrope.core.tests.dll" id="ed1ab1b0-e0da-f61a-8479-70793f974089">
      <Execution id="256e6900-d91b-4e48-8b94-17ae847eb960" />
      <TestMethod codeBase="/home/chad/repos/witchcityrope-react/tests/WitchCityRope.Core.Tests/bin/Debug/net9.0/WitchCityRope.Core.Tests.dll" adapterTypeName="executor://xunit/VsTestRunner3/netcore/" className="WitchCityRope.Core.Tests.Entities.EventTests" name="RemoveOrganizer_LastOrganizer_ThrowsDomainException" />
    </UnitTest>
    <UnitTest name="WitchCityRope.Core.Tests.ValueObjects.EmailAddressTests.Create_EmptyOrNull_ThrowsArgumentException(email: &quot;&quot;)" storage="/home/chad/repos/witchcityrope-react/tests/witchcityrope.core.tests/bin/debug/net9.0/witchcityrope.core.tests.dll" id="9af443ab-4057-65b9-7737-294b29e1ff0f">
      <Execution id="bf66825b-fa96-47d7-9de2-8e8c93ce6818" />
      <TestMethod codeBase="/home/chad/repos/witchcityrope-react/tests/WitchCityRope.Core.Tests/bin/Debug/net9.0/WitchCityRope.Core.Tests.dll" adapterTypeName="executor://xunit/VsTestRunner3/netcore/" className="WitchCityRope.Core.Tests.ValueObjects.EmailAddressTests" name="Create_EmptyOrNull_ThrowsArgumentException" />
    </UnitTest>
    <UnitTest name="WitchCityRope.Core.Tests.ValueObjects.SceneNameTests.Create_SingleCharacter_ThrowsDomainException" storage="/home/chad/repos/witchcityrope-react/tests/witchcityrope.core.tests/bin/debug/net9.0/witchcityrope.core.tests.dll" id="c774f67f-9417-304b-9fb5-ba0ee243e9da">
      <Execution id="8ba6868f-385f-4ca0-ae07-521eb84510ae" />
      <TestMethod codeBase="/home/chad/repos/witchcityrope-react/tests/WitchCityRope.Core.Tests/bin/Debug/net9.0/WitchCityRope.Core.Tests.dll" adapterTypeName="executor://xunit/VsTestRunner3/netcore/" className="WitchCityRope.Core.Tests.ValueObjects.SceneNameTests" name="Create_SingleCharacter_ThrowsDomainException" />
    </UnitTest>
    <UnitTest name="WitchCityRope.Core.Tests.ValueObjects.MoneyTests.CompareTo_DifferentCurrency_ThrowsInvalidOperationException" storage="/home/chad/repos/witchcityrope-react/tests/witchcityrope.core.tests/bin/debug/net9.0/witchcityrope.core.tests.dll" id="a273b370-2d95-b550-7a4f-799e4a38d75a">
      <Execution id="90381b86-cee7-4185-aad9-c9aa611c928d" />
      <TestMethod codeBase="/home/chad/repos/witchcityrope-react/tests/WitchCityRope.Core.Tests/bin/Debug/net9.0/WitchCityRope.Core.Tests.dll" adapterTypeName="executor://xunit/VsTestRunner3/netcore/" className="WitchCityRope.Core.Tests.ValueObjects.MoneyTests" name="CompareTo_DifferentCurrency_ThrowsInvalidOperationException" />
    </UnitTest>
    <UnitTest name="WitchCityRope.Core.Tests.ValueObjects.EmailAddressTests.Create_EmptyOrNull_ThrowsArgumentException(email: null)" storage="/home/chad/repos/witchcityrope-react/tests/witchcityrope.core.tests/bin/debug/net9.0/witchcityrope.core.tests.dll" id="b8255f44-88d8-5031-490d-d1db53977af2">
      <Execution id="ebed13fc-3eee-4f9f-b8cc-44d01fc07fa3" />
      <TestMethod codeBase="/home/chad/repos/witchcityrope-react/tests/WitchCityRope.Core.Tests/bin/Debug/net9.0/WitchCityRope.Core.Tests.dll" adapterTypeName="executor://xunit/VsTestRunner3/netcore/" className="WitchCityRope.Core.Tests.ValueObjects.EmailAddressTests" name="Create_EmptyOrNull_ThrowsArgumentException" />
    </UnitTest>
    <UnitTest name="WitchCityRope.Core.Tests.ValueObjects.MoneyTests.Create_ValidCurrency_CreatesSuccessfully(currency: &quot;USD&quot;)" storage="/home/chad/repos/witchcityrope-react/tests/witchcityrope.core.tests/bin/debug/net9.0/witchcityrope.core.tests.dll" id="b02692b3-9a02-e92f-7382-524711238591">
      <Execution id="47ec2d47-e3d9-408d-a59e-4a592283b347" />
      <TestMethod codeBase="/home/chad/repos/witchcityrope-react/tests/WitchCityRope.Core.Tests/bin/Debug/net9.0/WitchCityRope.Core.Tests.dll" adapterTypeName="executor://xunit/VsTestRunner3/netcore/" className="WitchCityRope.Core.Tests.ValueObjects.MoneyTests" name="Create_ValidCurrency_CreatesSuccessfully" />
    </UnitTest>
    <UnitTest name="WitchCityRope.Core.Tests.ValueObjects.EmailAddressTests.DisplayValue_PreservesOriginalCase(input: &quot;Test@Example.Com&quot;, expected: &quot;Test@Example.Com&quot;)" storage="/home/chad/repos/witchcityrope-react/tests/witchcityrope.core.tests/bin/debug/net9.0/witchcityrope.core.tests.dll" id="602812ce-9acf-c63f-3d9e-ab7e38da8bfb">
      <Execution id="45727192-4805-4c16-9849-0a8684f06c9a" />
      <TestMethod codeBase="/home/chad/repos/witchcityrope-react/tests/WitchCityRope.Core.Tests/bin/Debug/net9.0/WitchCityRope.Core.Tests.dll" adapterTypeName="executor://xunit/VsTestRunner3/netcore/" className="WitchCityRope.Core.Tests.ValueObjects.EmailAddressTests" name="DisplayValue_PreservesOriginalCase" />
    </UnitTest>
    <UnitTest name="WitchCityRope.Core.Tests.ValueObjects.MoneyTests.Create_InvalidCurrencyLength_ThrowsDomainException(currency: &quot;US&quot;)" storage="/home/chad/repos/witchcityrope-react/tests/witchcityrope.core.tests/bin/debug/net9.0/witchcityrope.core.tests.dll" id="dbc99f96-723f-5c76-60ae-bc8aeab3b6c9">
      <Execution id="922ef2e9-9a7e-4571-92b2-56e3df420df6" />
      <TestMethod codeBase="/home/chad/repos/witchcityrope-react/tests/WitchCityRope.Core.Tests/bin/Debug/net9.0/WitchCityRope.Core.Tests.dll" adapterTypeName="executor://xunit/VsTestRunner3/netcore/" className="WitchCityRope.Core.Tests.ValueObjects.MoneyTests" name="Create_InvalidCurrencyLength_ThrowsDomainException" />
    </UnitTest>
    <UnitTest name="WitchCityRope.Core.Tests.ValueObjects.SceneNameTests.Equals_DifferentNames_ReturnsFalse" storage="/home/chad/repos/witchcityrope-react/tests/witchcityrope.core.tests/bin/debug/net9.0/witchcityrope.core.tests.dll" id="347519fa-20da-2415-a333-db65c694b8f6">
      <Execution id="3d94febc-98bf-4152-9bec-bdd09eaa244b" />
      <TestMethod codeBase="/home/chad/repos/witchcityrope-react/tests/WitchCityRope.Core.Tests/bin/Debug/net9.0/WitchCityRope.Core.Tests.dll" adapterTypeName="executor://xunit/VsTestRunner3/netcore/" className="WitchCityRope.Core.Tests.ValueObjects.SceneNameTests" name="Equals_DifferentNames_ReturnsFalse" />
    </UnitTest>
    <UnitTest name="WitchCityRope.Core.Tests.Entities.UserTests.Registrations_NewUser_ReturnsEmptyCollection" storage="/home/chad/repos/witchcityrope-react/tests/witchcityrope.core.tests/bin/debug/net9.0/witchcityrope.core.tests.dll" id="5527d0db-ca8b-e7da-08c4-922b907c4840">
      <Execution id="b19200f4-c1d8-489c-b31c-e929a7f10453" />
      <TestMethod codeBase="/home/chad/repos/witchcityrope-react/tests/WitchCityRope.Core.Tests/bin/Debug/net9.0/WitchCityRope.Core.Tests.dll" adapterTypeName="executor://xunit/VsTestRunner3/netcore/" className="WitchCityRope.Core.Tests.Entities.UserTests" name="Registrations_NewUser_ReturnsEmptyCollection" />
    </UnitTest>
    <UnitTest name="WitchCityRope.Core.Tests.Entities.EventTests.Constructor_NegativeCapacity_ThrowsDomainException" storage="/home/chad/repos/witchcityrope-react/tests/witchcityrope.core.tests/bin/debug/net9.0/witchcityrope.core.tests.dll" id="7d873735-73f3-afa9-1dba-8902862c0ad8">
      <Execution id="aa04aa46-de06-4168-9f62-33de81ee5bc8" />
      <TestMethod codeBase="/home/chad/repos/witchcityrope-react/tests/WitchCityRope.Core.Tests/bin/Debug/net9.0/WitchCityRope.Core.Tests.dll" adapterTypeName="executor://xunit/VsTestRunner3/netcore/" className="WitchCityRope.Core.Tests.Entities.EventTests" name="Constructor_NegativeCapacity_ThrowsDomainException" />
    </UnitTest>
    <UnitTest name="WitchCityRope.Core.Tests.ValueObjects.MoneyTests.Multiply_ValidFactor_MultipliesSuccessfully(amount: 10.5, factor: 3, expected: 31.5)" storage="/home/chad/repos/witchcityrope-react/tests/witchcityrope.core.tests/bin/debug/net9.0/witchcityrope.core.tests.dll" id="574c936a-97e8-6930-d3e3-ee56b6e1968d">
      <Execution id="12e69aaf-3295-45a1-9ab0-37f823bf9728" />
      <TestMethod codeBase="/home/chad/repos/witchcityrope-react/tests/WitchCityRope.Core.Tests/bin/Debug/net9.0/WitchCityRope.Core.Tests.dll" adapterTypeName="executor://xunit/VsTestRunner3/netcore/" className="WitchCityRope.Core.Tests.ValueObjects.MoneyTests" name="Multiply_ValidFactor_MultipliesSuccessfully" />
    </UnitTest>
    <UnitTest name="WitchCityRope.Core.Tests.ValueObjects.EmailAddressTests.TryCreate_ValidEmail_ReturnsTrue" storage="/home/chad/repos/witchcityrope-react/tests/witchcityrope.core.tests/bin/debug/net9.0/witchcityrope.core.tests.dll" id="8d59d4a7-b732-33a6-63b7-f602524d5f67">
      <Execution id="bc07a7b7-3338-433e-b4bf-d10b1b97cf73" />
      <TestMethod codeBase="/home/chad/repos/witchcityrope-react/tests/WitchCityRope.Core.Tests/bin/Debug/net9.0/WitchCityRope.Core.Tests.dll" adapterTypeName="executor://xunit/VsTestRunner3/netcore/" className="WitchCityRope.Core.Tests.ValueObjects.EmailAddressTests" name="TryCreate_ValidEmail_ReturnsTrue" />
    </UnitTest>
    <UnitTest name="WitchCityRope.Core.Tests.Entities.RegistrationTests.Constructor_NullUser_ThrowsArgumentNullException" storage="/home/chad/repos/witchcityrope-react/tests/witchcityrope.core.tests/bin/debug/net9.0/witchcityrope.core.tests.dll" id="91f4eb05-11bd-5689-aac1-bef8fa038320">
      <Execution id="268c5a29-5efa-426d-aeb1-3c80429917a1" />
      <TestMethod codeBase="/home/chad/repos/witchcityrope-react/tests/WitchCityRope.Core.Tests/bin/Debug/net9.0/WitchCityRope.Core.Tests.dll" adapterTypeName="executor://xunit/VsTestRunner3/netcore/" className="WitchCityRope.Core.Tests.Entities.RegistrationTests" name="Constructor_NullUser_ThrowsArgumentNullException" />
    </UnitTest>
    <UnitTest name="WitchCityRope.Core.Tests.ValueObjects.SceneNameTests.Create_ExceedsMaxLength_ThrowsDomainException" storage="/home/chad/repos/witchcityrope-react/tests/witchcityrope.core.tests/bin/debug/net9.0/witchcityrope.core.tests.dll" id="bb63d3b1-377d-9b8b-04fd-78b169853397">
      <Execution id="c9779e5e-7b7e-41a2-9e8a-781cf1f24bf3" />
      <TestMethod codeBase="/home/chad/repos/witchcityrope-react/tests/WitchCityRope.Core.Tests/bin/Debug/net9.0/WitchCityRope.Core.Tests.dll" adapterTypeName="executor://xunit/VsTestRunner3/netcore/" className="WitchCityRope.Core.Tests.ValueObjects.SceneNameTests" name="Create_ExceedsMaxLength_ThrowsDomainException" />
    </UnitTest>
    <UnitTest name="WitchCityRope.Core.Tests.ValueObjects.EmailAddressTests.Create_InvalidFormat_ThrowsDomainException(email: &quot;user name@example.com&quot;)" storage="/home/chad/repos/witchcityrope-react/tests/witchcityrope.core.tests/bin/debug/net9.0/witchcityrope.core.tests.dll" id="fab29629-ecda-5b7c-a197-ec8aaf8cb2b1">
      <Execution id="44f61a5e-db26-4916-a274-247d0bd76b45" />
      <TestMethod codeBase="/home/chad/repos/witchcityrope-react/tests/WitchCityRope.Core.Tests/bin/Debug/net9.0/WitchCityRope.Core.Tests.dll" adapterTypeName="executor://xunit/VsTestRunner3/netcore/" className="WitchCityRope.Core.Tests.ValueObjects.EmailAddressTests" name="Create_InvalidFormat_ThrowsDomainException" />
    </UnitTest>
    <UnitTest name="WitchCityRope.Core.Tests.ValueObjects.EmailAddressTests.Create_ValidEmail_CreatesSuccessfully(email: &quot;user.name@example.com&quot;)" storage="/home/chad/repos/witchcityrope-react/tests/witchcityrope.core.tests/bin/debug/net9.0/witchcityrope.core.tests.dll" id="0ff1a7b2-6bb9-42a4-2271-8b9a55b04a36">
      <Execution id="5e82459c-90be-438f-8a4e-8b62253e7e11" />
      <TestMethod codeBase="/home/chad/repos/witchcityrope-react/tests/WitchCityRope.Core.Tests/bin/Debug/net9.0/WitchCityRope.Core.Tests.dll" adapterTypeName="executor://xunit/VsTestRunner3/netcore/" className="WitchCityRope.Core.Tests.ValueObjects.EmailAddressTests" name="Create_ValidEmail_CreatesSuccessfully" />
    </UnitTest>
    <UnitTest name="WitchCityRope.Core.Tests.ValueObjects.SceneNameTests.Create_ExactlyMinLength_CreatesSuccessfully" storage="/home/chad/repos/witchcityrope-react/tests/witchcityrope.core.tests/bin/debug/net9.0/witchcityrope.core.tests.dll" id="03fa85b2-43b0-99e5-97e9-18bd4cd6c123">
      <Execution id="867b9994-9384-4224-9ba7-ab6687f32653" />
      <TestMethod codeBase="/home/chad/repos/witchcityrope-react/tests/WitchCityRope.Core.Tests/bin/Debug/net9.0/WitchCityRope.Core.Tests.dll" adapterTypeName="executor://xunit/VsTestRunner3/netcore/" className="WitchCityRope.Core.Tests.ValueObjects.SceneNameTests" name="Create_ExactlyMinLength_CreatesSuccessfully" />
    </UnitTest>
    <UnitTest name="WitchCityRope.Core.Tests.ValueObjects.MoneyTests.Create_EmptyCurrency_ThrowsArgumentException(currency: null)" storage="/home/chad/repos/witchcityrope-react/tests/witchcityrope.core.tests/bin/debug/net9.0/witchcityrope.core.tests.dll" id="c85d19fa-2a2d-a911-c9ff-d701b01bca76">
      <Execution id="c0d44f65-8497-43b9-a95e-c17d59d3c790" />
      <TestMethod codeBase="/home/chad/repos/witchcityrope-react/tests/WitchCityRope.Core.Tests/bin/Debug/net9.0/WitchCityRope.Core.Tests.dll" adapterTypeName="executor://xunit/VsTestRunner3/netcore/" className="WitchCityRope.Core.Tests.ValueObjects.MoneyTests" name="Create_EmptyCurrency_ThrowsArgumentException" />
    </UnitTest>
    <UnitTest name="WitchCityRope.Core.Tests.Entities.UserTests.Constructor_ValidData_CreatesUser" storage="/home/chad/repos/witchcityrope-react/tests/witchcityrope.core.tests/bin/debug/net9.0/witchcityrope.core.tests.dll" id="9be31e2b-f3e8-8c08-dd98-d5e45bfef077">
      <Execution id="d2064dc6-9152-47d9-867f-7759b699f400" />
      <TestMethod codeBase="/home/chad/repos/witchcityrope-react/tests/WitchCityRope.Core.Tests/bin/Debug/net9.0/WitchCityRope.Core.Tests.dll" adapterTypeName="executor://xunit/VsTestRunner3/netcore/" className="WitchCityRope.Core.Tests.Entities.UserTests" name="Constructor_ValidData_CreatesUser" />
    </UnitTest>
    <UnitTest name="WitchCityRope.Core.Tests.Entities.EventTests.GetAvailableSpots_FullCapacity_ReturnsCapacity" storage="/home/chad/repos/witchcityrope-react/tests/witchcityrope.core.tests/bin/debug/net9.0/witchcityrope.core.tests.dll" id="7cfbf625-df92-ef50-1f46-50f40c1d104f">
      <Execution id="29566430-f783-4ced-a3fd-2fe662dddb49" />
      <TestMethod codeBase="/home/chad/repos/witchcityrope-react/tests/WitchCityRope.Core.Tests/bin/Debug/net9.0/WitchCityRope.Core.Tests.dll" adapterTypeName="executor://xunit/VsTestRunner3/netcore/" className="WitchCityRope.Core.Tests.Entities.EventTests" name="GetAvailableSpots_FullCapacity_ReturnsCapacity" />
    </UnitTest>
    <UnitTest name="WitchCityRope.Core.Tests.Entities.UserTests.Constructor_UnderageUser_ThrowsDomainException" storage="/home/chad/repos/witchcityrope-react/tests/witchcityrope.core.tests/bin/debug/net9.0/witchcityrope.core.tests.dll" id="f7294f44-14ca-4699-6daa-7c708f502a76">
      <Execution id="c809c754-b676-43cd-b320-739565548bd1" />
      <TestMethod codeBase="/home/chad/repos/witchcityrope-react/tests/WitchCityRope.Core.Tests/bin/Debug/net9.0/WitchCityRope.Core.Tests.dll" adapterTypeName="executor://xunit/VsTestRunner3/netcore/" className="WitchCityRope.Core.Tests.Entities.UserTests" name="Constructor_UnderageUser_ThrowsDomainException" />
    </UnitTest>
    <UnitTest name="WitchCityRope.Core.Tests.ValueObjects.MoneyTests.Create_InvalidCurrencyLength_ThrowsDomainException(currency: &quot;USDD&quot;)" storage="/home/chad/repos/witchcityrope-react/tests/witchcityrope.core.tests/bin/debug/net9.0/witchcityrope.core.tests.dll" id="070a6f14-3a30-3377-c694-35b4f6e518ef">
      <Execution id="730e9621-3886-4486-a63c-00b2e89af02a" />
      <TestMethod codeBase="/home/chad/repos/witchcityrope-react/tests/WitchCityRope.Core.Tests/bin/Debug/net9.0/WitchCityRope.Core.Tests.dll" adapterTypeName="executor://xunit/VsTestRunner3/netcore/" className="WitchCityRope.Core.Tests.ValueObjects.MoneyTests" name="Create_InvalidCurrencyLength_ThrowsDomainException" />
    </UnitTest>
    <UnitTest name="WitchCityRope.Core.Tests.Entities.RegistrationTests.Constructor_NullEvent_ThrowsArgumentNullException" storage="/home/chad/repos/witchcityrope-react/tests/witchcityrope.core.tests/bin/debug/net9.0/witchcityrope.core.tests.dll" id="76502293-5fdb-4247-1645-eaa6b94012dc">
      <Execution id="14c147e8-7c5e-4abf-a844-01795304c41f" />
      <TestMethod codeBase="/home/chad/repos/witchcityrope-react/tests/WitchCityRope.Core.Tests/bin/Debug/net9.0/WitchCityRope.Core.Tests.dll" adapterTypeName="executor://xunit/VsTestRunner3/netcore/" className="WitchCityRope.Core.Tests.Entities.RegistrationTests" name="Constructor_NullEvent_ThrowsArgumentNullException" />
    </UnitTest>
    <UnitTest name="WitchCityRope.Core.Tests.ValueObjects.MoneyTests.Create_NumericCurrency_ThrowsDomainException" storage="/home/chad/repos/witchcityrope-react/tests/witchcityrope.core.tests/bin/debug/net9.0/witchcityrope.core.tests.dll" id="36ce1916-f738-bf06-e525-9bcb167b94be">
      <Execution id="3f69ed9f-93c7-4365-aa18-e8243d3c472b" />
      <TestMethod codeBase="/home/chad/repos/witchcityrope-react/tests/WitchCityRope.Core.Tests/bin/Debug/net9.0/WitchCityRope.Core.Tests.dll" adapterTypeName="executor://xunit/VsTestRunner3/netcore/" className="WitchCityRope.Core.Tests.ValueObjects.MoneyTests" name="Create_NumericCurrency_ThrowsDomainException" />
    </UnitTest>
    <UnitTest name="WitchCityRope.Core.Tests.ValueObjects.EmailAddressTests.Create_ValidEmail_CreatesSuccessfully(email: &quot;test123@subdomain.example.com&quot;)" storage="/home/chad/repos/witchcityrope-react/tests/witchcityrope.core.tests/bin/debug/net9.0/witchcityrope.core.tests.dll" id="8122439b-37fb-4922-97ba-e403cc364eed">
      <Execution id="8d522520-21e8-4b8c-8745-67f2957c9b22" />
      <TestMethod codeBase="/home/chad/repos/witchcityrope-react/tests/WitchCityRope.Core.Tests/bin/Debug/net9.0/WitchCityRope.Core.Tests.dll" adapterTypeName="executor://xunit/VsTestRunner3/netcore/" className="WitchCityRope.Core.Tests.ValueObjects.EmailAddressTests" name="Create_ValidEmail_CreatesSuccessfully" />
    </UnitTest>
    <UnitTest name="WitchCityRope.Core.Tests.ValueObjects.EmailAddressTests.ImplicitStringConversion_ReturnsDisplayValue" storage="/home/chad/repos/witchcityrope-react/tests/witchcityrope.core.tests/bin/debug/net9.0/witchcityrope.core.tests.dll" id="18f0023f-b7b6-64e0-d99f-67f362201e02">
      <Execution id="c4782f9a-8ed4-4a6f-8f93-99aa9f3da5ae" />
      <TestMethod codeBase="/home/chad/repos/witchcityrope-react/tests/WitchCityRope.Core.Tests/bin/Debug/net9.0/WitchCityRope.Core.Tests.dll" adapterTypeName="executor://xunit/VsTestRunner3/netcore/" className="WitchCityRope.Core.Tests.ValueObjects.EmailAddressTests" name="ImplicitStringConversion_ReturnsDisplayValue" />
    </UnitTest>
    <UnitTest name="WitchCityRope.Core.Tests.Entities.EventTests.AddOrganizer_DuplicateOrganizer_ThrowsDomainException" storage="/home/chad/repos/witchcityrope-react/tests/witchcityrope.core.tests/bin/debug/net9.0/witchcityrope.core.tests.dll" id="e85fed14-ca9f-a204-a5c5-cb8f12de0b8e">
      <Execution id="31b873cd-02c2-425c-aa3e-55442eb90cf4" />
      <TestMethod codeBase="/home/chad/repos/witchcityrope-react/tests/WitchCityRope.Core.Tests/bin/Debug/net9.0/WitchCityRope.Core.Tests.dll" adapterTypeName="executor://xunit/VsTestRunner3/netcore/" className="WitchCityRope.Core.Tests.Entities.EventTests" name="AddOrganizer_DuplicateOrganizer_ThrowsDomainException" />
    </UnitTest>
    <UnitTest name="WitchCityRope.Core.Tests.Entities.RegistrationTests.Constructor_SelectsHighestPriceTier_ValidatesSuccessfully" storage="/home/chad/repos/witchcityrope-react/tests/witchcityrope.core.tests/bin/debug/net9.0/witchcityrope.core.tests.dll" id="627dc205-8966-14e4-f275-84a93649715d">
      <Execution id="3e0292a1-2911-478e-9708-c22941694d27" />
      <TestMethod codeBase="/home/chad/repos/witchcityrope-react/tests/WitchCityRope.Core.Tests/bin/Debug/net9.0/WitchCityRope.Core.Tests.dll" adapterTypeName="executor://xunit/VsTestRunner3/netcore/" className="WitchCityRope.Core.Tests.Entities.RegistrationTests" name="Constructor_SelectsHighestPriceTier_ValidatesSuccessfully" />
    </UnitTest>
    <UnitTest name="WitchCityRope.Core.Tests.ValueObjects.SceneNameTests.Create_TrimsWhitespace_ButPreservesInternalSpaces(input: &quot;  Both Spaces  &quot;)" storage="/home/chad/repos/witchcityrope-react/tests/witchcityrope.core.tests/bin/debug/net9.0/witchcityrope.core.tests.dll" id="d62e8641-98ea-1230-1843-e706f07349bc">
      <Execution id="517913b7-300a-40a5-9b26-2ff4046a62c9" />
      <TestMethod codeBase="/home/chad/repos/witchcityrope-react/tests/WitchCityRope.Core.Tests/bin/Debug/net9.0/WitchCityRope.Core.Tests.dll" adapterTypeName="executor://xunit/VsTestRunner3/netcore/" className="WitchCityRope.Core.Tests.ValueObjects.SceneNameTests" name="Create_TrimsWhitespace_ButPreservesInternalSpaces" />
    </UnitTest>
    <UnitTest name="WitchCityRope.Core.Tests.Entities.UserTests.PromoteToRole_VariousScenarios_BehavesCorrectly(currentRole: Administrator, newRole: Administrator, shouldSucceed: False)" storage="/home/chad/repos/witchcityrope-react/tests/witchcityrope.core.tests/bin/debug/net9.0/witchcityrope.core.tests.dll" id="361c1120-aeb7-b54d-75a2-9ae03fb892c4">
      <Execution id="45739e4d-b447-4ce4-be8a-2094dd8f64f1" />
      <TestMethod codeBase="/home/chad/repos/witchcityrope-react/tests/WitchCityRope.Core.Tests/bin/Debug/net9.0/WitchCityRope.Core.Tests.dll" adapterTypeName="executor://xunit/VsTestRunner3/netcore/" className="WitchCityRope.Core.Tests.Entities.UserTests" name="PromoteToRole_VariousScenarios_BehavesCorrectly" />
    </UnitTest>
    <UnitTest name="WitchCityRope.Core.Tests.ValueObjects.MoneyTests.ToDisplayString_VariousCurrencies_FormatsCorrectly(currency: &quot;EUR&quot;, expected: &quot;€10.50&quot;)" storage="/home/chad/repos/witchcityrope-react/tests/witchcityrope.core.tests/bin/debug/net9.0/witchcityrope.core.tests.dll" id="0bfa9a81-3d14-9055-54e8-e5fb35de7fcb">
      <Execution id="d11ab90e-e3f6-4820-93cd-5c1be1f54417" />
      <TestMethod codeBase="/home/chad/repos/witchcityrope-react/tests/WitchCityRope.Core.Tests/bin/Debug/net9.0/WitchCityRope.Core.Tests.dll" adapterTypeName="executor://xunit/VsTestRunner3/netcore/" className="WitchCityRope.Core.Tests.ValueObjects.MoneyTests" name="ToDisplayString_VariousCurrencies_FormatsCorrectly" />
    </UnitTest>
    <UnitTest name="WitchCityRope.Core.Tests.ValueObjects.MoneyTests.ToDisplayString_VariousCurrencies_FormatsCorrectly(currency: &quot;CAD&quot;, expected: &quot;CAD 10.50&quot;)" storage="/home/chad/repos/witchcityrope-react/tests/witchcityrope.core.tests/bin/debug/net9.0/witchcityrope.core.tests.dll" id="99678022-cb23-0a38-5149-ac4d37b69a85">
      <Execution id="cb89d63c-072f-4040-914f-bb2950be56e8" />
      <TestMethod codeBase="/home/chad/repos/witchcityrope-react/tests/WitchCityRope.Core.Tests/bin/Debug/net9.0/WitchCityRope.Core.Tests.dll" adapterTypeName="executor://xunit/VsTestRunner3/netcore/" className="WitchCityRope.Core.Tests.ValueObjects.MoneyTests" name="ToDisplayString_VariousCurrencies_FormatsCorrectly" />
    </UnitTest>
    <UnitTest name="WitchCityRope.Core.Tests.ValueObjects.MoneyTests.GetHashCode_SameValues_ReturnsSameHash" storage="/home/chad/repos/witchcityrope-react/tests/witchcityrope.core.tests/bin/debug/net9.0/witchcityrope.core.tests.dll" id="83f6ab29-21e5-3ac7-386b-8fc4ab977c78">
      <Execution id="073c0d48-2a91-4814-8618-f9bab80eecc2" />
      <TestMethod codeBase="/home/chad/repos/witchcityrope-react/tests/WitchCityRope.Core.Tests/bin/Debug/net9.0/WitchCityRope.Core.Tests.dll" adapterTypeName="executor://xunit/VsTestRunner3/netcore/" className="WitchCityRope.Core.Tests.ValueObjects.MoneyTests" name="GetHashCode_SameValues_ReturnsSameHash" />
    </UnitTest>
    <UnitTest name="WitchCityRope.Core.Tests.ValueObjects.SceneNameTests.Create_TrimsWhitespace_ButPreservesInternalSpaces(input: &quot;  Leading Space&quot;)" storage="/home/chad/repos/witchcityrope-react/tests/witchcityrope.core.tests/bin/debug/net9.0/witchcityrope.core.tests.dll" id="789befc7-bdb1-4aa4-6ce3-ddf2fed3eb3a">
      <Execution id="d12b3bd9-1af2-4c0e-a29a-13a00fdf7af9" />
      <TestMethod codeBase="/home/chad/repos/witchcityrope-react/tests/WitchCityRope.Core.Tests/bin/Debug/net9.0/WitchCityRope.Core.Tests.dll" adapterTypeName="executor://xunit/VsTestRunner3/netcore/" className="WitchCityRope.Core.Tests.ValueObjects.SceneNameTests" name="Create_TrimsWhitespace_ButPreservesInternalSpaces" />
    </UnitTest>
    <UnitTest name="WitchCityRope.Core.Tests.Entities.UserTests.PromoteToRole_VariousScenarios_BehavesCorrectly(currentRole: Moderator, newRole: Administrator, shouldSucceed: True)" storage="/home/chad/repos/witchcityrope-react/tests/witchcityrope.core.tests/bin/debug/net9.0/witchcityrope.core.tests.dll" id="5c142862-68a4-3e0d-3caa-944a88c5d807">
      <Execution id="bc34343f-24d6-4af6-84ac-843b599f1d40" />
      <TestMethod codeBase="/home/chad/repos/witchcityrope-react/tests/WitchCityRope.Core.Tests/bin/Debug/net9.0/WitchCityRope.Core.Tests.dll" adapterTypeName="executor://xunit/VsTestRunner3/netcore/" className="WitchCityRope.Core.Tests.Entities.UserTests" name="PromoteToRole_VariousScenarios_BehavesCorrectly" />
    </UnitTest>
    <UnitTest name="WitchCityRope.Core.Tests.Entities.RegistrationTests.StatusTransitions_VariousScenarios_BehavesCorrectly(initialStatus: Pending, targetStatus: Confirmed, shouldSucceed: True)" storage="/home/chad/repos/witchcityrope-react/tests/witchcityrope.core.tests/bin/debug/net9.0/witchcityrope.core.tests.dll" id="579f4e01-958b-4fd8-6be0-77bb51850a72">
      <Execution id="fd376c18-ab86-4621-844b-6325cabe439b" />
      <TestMethod codeBase="/home/chad/repos/witchcityrope-react/tests/WitchCityRope.Core.Tests/bin/Debug/net9.0/WitchCityRope.Core.Tests.dll" adapterTypeName="executor://xunit/VsTestRunner3/netcore/" className="WitchCityRope.Core.Tests.Entities.RegistrationTests" name="StatusTransitions_VariousScenarios_BehavesCorrectly" />
    </UnitTest>
    <UnitTest name="WitchCityRope.Core.Tests.Entities.UserTests.VettingApplications_NewUser_ReturnsEmptyCollection" storage="/home/chad/repos/witchcityrope-react/tests/witchcityrope.core.tests/bin/debug/net9.0/witchcityrope.core.tests.dll" id="052861ce-b146-5192-7743-f88dfaaffc4d">
      <Execution id="693e38c5-2526-4a1b-a311-6375f0ac0852" />
      <TestMethod codeBase="/home/chad/repos/witchcityrope-react/tests/WitchCityRope.Core.Tests/bin/Debug/net9.0/WitchCityRope.Core.Tests.dll" adapterTypeName="executor://xunit/VsTestRunner3/netcore/" className="WitchCityRope.Core.Tests.Entities.UserTests" name="VettingApplications_NewUser_ReturnsEmptyCollection" />
    </UnitTest>
    <UnitTest name="WitchCityRope.Core.Tests.Entities.UserTests.PromoteToRole_HigherRole_PromotesSuccessfully" storage="/home/chad/repos/witchcityrope-react/tests/witchcityrope.core.tests/bin/debug/net9.0/witchcityrope.core.tests.dll" id="305b144b-8ed9-0941-31df-2aff6a8173dd">
      <Execution id="a9f5deb5-0d97-405b-a956-83df25d06f28" />
      <TestMethod codeBase="/home/chad/repos/witchcityrope-react/tests/WitchCityRope.Core.Tests/bin/Debug/net9.0/WitchCityRope.Core.Tests.dll" adapterTypeName="executor://xunit/VsTestRunner3/netcore/" className="WitchCityRope.Core.Tests.Entities.UserTests" name="PromoteToRole_HigherRole_PromotesSuccessfully" />
    </UnitTest>
    <UnitTest name="WitchCityRope.Core.Tests.ValueObjects.MoneyTests.Multiply_ValidFactor_MultipliesSuccessfully(amount: 100, factor: 0.5, expected: 50)" storage="/home/chad/repos/witchcityrope-react/tests/witchcityrope.core.tests/bin/debug/net9.0/witchcityrope.core.tests.dll" id="cb9cb4dd-d91f-3a8b-e093-61069c975ba7">
      <Execution id="41100520-0f27-4a4e-8a9b-0492845c8d76" />
      <TestMethod codeBase="/home/chad/repos/witchcityrope-react/tests/WitchCityRope.Core.Tests/bin/Debug/net9.0/WitchCityRope.Core.Tests.dll" adapterTypeName="executor://xunit/VsTestRunner3/netcore/" className="WitchCityRope.Core.Tests.ValueObjects.MoneyTests" name="Multiply_ValidFactor_MultipliesSuccessfully" />
    </UnitTest>
    <UnitTest name="WitchCityRope.Core.Tests.ValueObjects.EmailAddressTests.TryCreate_InvalidEmail_ReturnsFalse(invalidEmail: &quot;&quot;)" storage="/home/chad/repos/witchcityrope-react/tests/witchcityrope.core.tests/bin/debug/net9.0/witchcityrope.core.tests.dll" id="c79ecd78-0d7c-8763-abc4-4db98409363a">
      <Execution id="bd69e92f-6558-495c-ab3d-74d60a4fffc0" />
      <TestMethod codeBase="/home/chad/repos/witchcityrope-react/tests/WitchCityRope.Core.Tests/bin/Debug/net9.0/WitchCityRope.Core.Tests.dll" adapterTypeName="executor://xunit/VsTestRunner3/netcore/" className="WitchCityRope.Core.Tests.ValueObjects.EmailAddressTests" name="TryCreate_InvalidEmail_ReturnsFalse" />
    </UnitTest>
    <UnitTest name="WitchCityRope.Core.Tests.ValueObjects.MoneyTests.Add_NullMoney_ThrowsArgumentNullException" storage="/home/chad/repos/witchcityrope-react/tests/witchcityrope.core.tests/bin/debug/net9.0/witchcityrope.core.tests.dll" id="4f10845f-3ec6-4a9c-4c1b-d5a02341ac26">
      <Execution id="a2e2f80c-78c6-4ec7-a31e-c82afc868be0" />
      <TestMethod codeBase="/home/chad/repos/witchcityrope-react/tests/WitchCityRope.Core.Tests/bin/Debug/net9.0/WitchCityRope.Core.Tests.dll" adapterTypeName="executor://xunit/VsTestRunner3/netcore/" className="WitchCityRope.Core.Tests.ValueObjects.MoneyTests" name="Add_NullMoney_ThrowsArgumentNullException" />
    </UnitTest>
    <UnitTest name="WitchCityRope.Core.Tests.ValueObjects.SceneNameTests.Create_ValidSceneName_CreatesSuccessfully(name: &quot;Scene_Name_123&quot;)" storage="/home/chad/repos/witchcityrope-react/tests/witchcityrope.core.tests/bin/debug/net9.0/witchcityrope.core.tests.dll" id="958f5f16-2ddf-2665-85ad-94a609e1cd4b">
      <Execution id="d129ac0f-2976-4aa3-a4e9-7f43a354d15f" />
      <TestMethod codeBase="/home/chad/repos/witchcityrope-react/tests/WitchCityRope.Core.Tests/bin/Debug/net9.0/WitchCityRope.Core.Tests.dll" adapterTypeName="executor://xunit/VsTestRunner3/netcore/" className="WitchCityRope.Core.Tests.ValueObjects.SceneNameTests" name="Create_ValidSceneName_CreatesSuccessfully" />
    </UnitTest>
    <UnitTest name="WitchCityRope.Core.Tests.Entities.RegistrationTests.Constructor_NullSelectedPrice_ThrowsArgumentNullException" storage="/home/chad/repos/witchcityrope-react/tests/witchcityrope.core.tests/bin/debug/net9.0/witchcityrope.core.tests.dll" id="0df1aa3b-c928-8b6a-0977-0b4429c2ad4f">
      <Execution id="e879e8b6-6ddf-4a48-8ea1-dadd2c42bdd6" />
      <TestMethod codeBase="/home/chad/repos/witchcityrope-react/tests/WitchCityRope.Core.Tests/bin/Debug/net9.0/WitchCityRope.Core.Tests.dll" adapterTypeName="executor://xunit/VsTestRunner3/netcore/" className="WitchCityRope.Core.Tests.Entities.RegistrationTests" name="Constructor_NullSelectedPrice_ThrowsArgumentNullException" />
    </UnitTest>
    <UnitTest name="WitchCityRope.Core.Tests.ValueObjects.MoneyTests.Multiply_NegativeFactor_ThrowsDomainException" storage="/home/chad/repos/witchcityrope-react/tests/witchcityrope.core.tests/bin/debug/net9.0/witchcityrope.core.tests.dll" id="6ddccc30-c396-7d9f-3818-e26a56602056">
      <Execution id="a173ee65-aa62-43d8-aabb-966d777e5116" />
      <TestMethod codeBase="/home/chad/repos/witchcityrope-react/tests/WitchCityRope.Core.Tests/bin/Debug/net9.0/WitchCityRope.Core.Tests.dll" adapterTypeName="executor://xunit/VsTestRunner3/netcore/" className="WitchCityRope.Core.Tests.ValueObjects.MoneyTests" name="Multiply_NegativeFactor_ThrowsDomainException" />
    </UnitTest>
    <UnitTest name="WitchCityRope.Core.Tests.ValueObjects.EmailAddressTests.Create_InvalidFormat_ThrowsDomainException(email: &quot;notanemail&quot;)" storage="/home/chad/repos/witchcityrope-react/tests/witchcityrope.core.tests/bin/debug/net9.0/witchcityrope.core.tests.dll" id="f7f4c0ce-ef99-e663-6486-bae7dca0985d">
      <Execution id="b98dd75f-9a77-410c-8f70-5ff5535f8ab5" />
      <TestMethod codeBase="/home/chad/repos/witchcityrope-react/tests/WitchCityRope.Core.Tests/bin/Debug/net9.0/WitchCityRope.Core.Tests.dll" adapterTypeName="executor://xunit/VsTestRunner3/netcore/" className="WitchCityRope.Core.Tests.ValueObjects.EmailAddressTests" name="Create_InvalidFormat_ThrowsDomainException" />
    </UnitTest>
    <UnitTest name="WitchCityRope.Core.Tests.Entities.EventTests.Constructor_StartDateAfterEndDate_ThrowsDomainException" storage="/home/chad/repos/witchcityrope-react/tests/witchcityrope.core.tests/bin/debug/net9.0/witchcityrope.core.tests.dll" id="c05012ef-d0ab-afcf-bc6a-16ea57c9f455">
      <Execution id="29430a2a-4d2e-47eb-b198-d35bf50d3eb6" />
      <TestMethod codeBase="/home/chad/repos/witchcityrope-react/tests/WitchCityRope.Core.Tests/bin/Debug/net9.0/WitchCityRope.Core.Tests.dll" adapterTypeName="executor://xunit/VsTestRunner3/netcore/" className="WitchCityRope.Core.Tests.Entities.EventTests" name="Constructor_StartDateAfterEndDate_ThrowsDomainException" />
    </UnitTest>
    <UnitTest name="WitchCityRope.Core.Tests.Entities.EventTests.Unpublish_NotPublished_ThrowsDomainException" storage="/home/chad/repos/witchcityrope-react/tests/witchcityrope.core.tests/bin/debug/net9.0/witchcityrope.core.tests.dll" id="b5bc20a8-2c58-a4d4-fd15-5ce71610e7e2">
      <Execution id="aaf28aab-3e6a-4ada-96ba-91f98c5bd109" />
      <TestMethod codeBase="/home/chad/repos/witchcityrope-react/tests/WitchCityRope.Core.Tests/bin/Debug/net9.0/WitchCityRope.Core.Tests.dll" adapterTypeName="executor://xunit/VsTestRunner3/netcore/" className="WitchCityRope.Core.Tests.Entities.EventTests" name="Unpublish_NotPublished_ThrowsDomainException" />
    </UnitTest>
    <UnitTest name="WitchCityRope.Core.Tests.Entities.UserTests.UpdateSceneName_NullSceneName_ThrowsArgumentNullException" storage="/home/chad/repos/witchcityrope-react/tests/witchcityrope.core.tests/bin/debug/net9.0/witchcityrope.core.tests.dll" id="7ab09a5d-83cb-6155-db19-0ce8eb3f79f5">
      <Execution id="01d0b616-dff5-4ed8-bb5c-664c3b2ff791" />
      <TestMethod codeBase="/home/chad/repos/witchcityrope-react/tests/WitchCityRope.Core.Tests/bin/Debug/net9.0/WitchCityRope.Core.Tests.dll" adapterTypeName="executor://xunit/VsTestRunner3/netcore/" className="WitchCityRope.Core.Tests.Entities.UserTests" name="UpdateSceneName_NullSceneName_ThrowsArgumentNullException" />
    </UnitTest>
    <UnitTest name="WitchCityRope.Core.Tests.Entities.RegistrationTests.StatusTransitions_VariousScenarios_BehavesCorrectly(initialStatus: Cancelled, targetStatus: Confirmed, shouldSucceed: False)" storage="/home/chad/repos/witchcityrope-react/tests/witchcityrope.core.tests/bin/debug/net9.0/witchcityrope.core.tests.dll" id="608e931e-de24-f30a-1df4-2d44e7f89163">
      <Execution id="d41d73fc-fabe-4d62-abf9-44c319848ef7" />
      <TestMethod codeBase="/home/chad/repos/witchcityrope-react/tests/WitchCityRope.Core.Tests/bin/Debug/net9.0/WitchCityRope.Core.Tests.dll" adapterTypeName="executor://xunit/VsTestRunner3/netcore/" className="WitchCityRope.Core.Tests.Entities.RegistrationTests" name="StatusTransitions_VariousScenarios_BehavesCorrectly" />
    </UnitTest>
    <UnitTest name="WitchCityRope.Core.Tests.ValueObjects.MoneyTests.Create_EmptyCurrency_ThrowsArgumentException(currency: &quot; &quot;)" storage="/home/chad/repos/witchcityrope-react/tests/witchcityrope.core.tests/bin/debug/net9.0/witchcityrope.core.tests.dll" id="fef76b0c-11ac-af47-b28e-f6f2e45eb1b9">
      <Execution id="daa5247f-3895-4015-a123-0de921ea5fa6" />
      <TestMethod codeBase="/home/chad/repos/witchcityrope-react/tests/WitchCityRope.Core.Tests/bin/Debug/net9.0/WitchCityRope.Core.Tests.dll" adapterTypeName="executor://xunit/VsTestRunner3/netcore/" className="WitchCityRope.Core.Tests.ValueObjects.MoneyTests" name="Create_EmptyCurrency_ThrowsArgumentException" />
    </UnitTest>
    <UnitTest name="WitchCityRope.Core.Tests.Entities.EventTests.UpdatePricingTiers_NoConfirmedRegistrations_UpdatesSuccessfully" storage="/home/chad/repos/witchcityrope-react/tests/witchcityrope.core.tests/bin/debug/net9.0/witchcityrope.core.tests.dll" id="425f8ec7-7edb-3559-f99e-fb751608c9cb">
      <Execution id="85e5dd35-9a2b-473b-9d55-9a658c4a85ec" />
      <TestMethod codeBase="/home/chad/repos/witchcityrope-react/tests/WitchCityRope.Core.Tests/bin/Debug/net9.0/WitchCityRope.Core.Tests.dll" adapterTypeName="executor://xunit/VsTestRunner3/netcore/" className="WitchCityRope.Core.Tests.Entities.EventTests" name="UpdatePricingTiers_NoConfirmedRegistrations_UpdatesSuccessfully" />
    </UnitTest>
    <UnitTest name="WitchCityRope.Core.Tests.Entities.UserTests.Constructor_ExactlyMinimumAge_CreatesUser" storage="/home/chad/repos/witchcityrope-react/tests/witchcityrope.core.tests/bin/debug/net9.0/witchcityrope.core.tests.dll" id="184ae763-6928-b09d-3745-32f2f3043958">
      <Execution id="8a8dd08a-72b3-495e-8ac6-e7e185a8cef9" />
      <TestMethod codeBase="/home/chad/repos/witchcityrope-react/tests/WitchCityRope.Core.Tests/bin/Debug/net9.0/WitchCityRope.Core.Tests.dll" adapterTypeName="executor://xunit/VsTestRunner3/netcore/" className="WitchCityRope.Core.Tests.Entities.UserTests" name="Constructor_ExactlyMinimumAge_CreatesUser" />
    </UnitTest>
    <UnitTest name="WitchCityRope.Core.Tests.ValueObjects.SceneNameTests.Create_EmptyOrNull_ThrowsArgumentException(name: &quot;&quot;)" storage="/home/chad/repos/witchcityrope-react/tests/witchcityrope.core.tests/bin/debug/net9.0/witchcityrope.core.tests.dll" id="acd44a8e-dfd9-4e90-4d13-3e6feed5eeb0">
      <Execution id="0d360e13-6fb1-4d71-9898-3a3529145feb" />
      <TestMethod codeBase="/home/chad/repos/witchcityrope-react/tests/WitchCityRope.Core.Tests/bin/Debug/net9.0/WitchCityRope.Core.Tests.dll" adapterTypeName="executor://xunit/VsTestRunner3/netcore/" className="WitchCityRope.Core.Tests.ValueObjects.SceneNameTests" name="Create_EmptyOrNull_ThrowsArgumentException" />
    </UnitTest>
    <UnitTest name="WitchCityRope.Core.Tests.ValueObjects.SceneNameTests.Value_PreservesOriginalCase(input: &quot;SCENENAME&quot;, expected: &quot;SCENENAME&quot;)" storage="/home/chad/repos/witchcityrope-react/tests/witchcityrope.core.tests/bin/debug/net9.0/witchcityrope.core.tests.dll" id="df1412dd-e26c-843c-183a-67aa60fd9760">
      <Execution id="8da27aae-5926-4017-957c-dcbc1d5296e6" />
      <TestMethod codeBase="/home/chad/repos/witchcityrope-react/tests/WitchCityRope.Core.Tests/bin/Debug/net9.0/WitchCityRope.Core.Tests.dll" adapterTypeName="executor://xunit/VsTestRunner3/netcore/" className="WitchCityRope.Core.Tests.ValueObjects.SceneNameTests" name="Value_PreservesOriginalCase" />
    </UnitTest>
    <UnitTest name="WitchCityRope.Core.Tests.HealthChecks.ServiceHealthCheckTests.VerifyPostgreSqlIsAccessible" storage="/home/chad/repos/witchcityrope-react/tests/witchcityrope.core.tests/bin/debug/net9.0/witchcityrope.core.tests.dll" id="65c57b3a-8e78-577f-c730-ac80594e792f">
      <Properties>
        <Property Key="Category" Value="HealthCheck" />
      </Properties>
      <Execution id="e952d1fa-fc5c-49ac-a62b-552071e65c9f" />
      <TestMethod codeBase="/home/chad/repos/witchcityrope-react/tests/WitchCityRope.Core.Tests/bin/Debug/net9.0/WitchCityRope.Core.Tests.dll" adapterTypeName="executor://xunit/VsTestRunner3/netcore/" className="WitchCityRope.Core.Tests.HealthChecks.ServiceHealthCheckTests" name="VerifyPostgreSqlIsAccessible" />
    </UnitTest>
    <UnitTest name="WitchCityRope.Core.Tests.ValueObjects.EmailAddressTests.Create_ValidEmail_CreatesSuccessfully(email: &quot;TEST@EXAMPLE.COM&quot;)" storage="/home/chad/repos/witchcityrope-react/tests/witchcityrope.core.tests/bin/debug/net9.0/witchcityrope.core.tests.dll" id="2f4716b1-0c68-9378-d5bc-e4de249c2aa2">
      <Execution id="258f5782-b7f7-4398-9632-a964997e5c23" />
      <TestMethod codeBase="/home/chad/repos/witchcityrope-react/tests/WitchCityRope.Core.Tests/bin/Debug/net9.0/WitchCityRope.Core.Tests.dll" adapterTypeName="executor://xunit/VsTestRunner3/netcore/" className="WitchCityRope.Core.Tests.ValueObjects.EmailAddressTests" name="Create_ValidEmail_CreatesSuccessfully" />
    </UnitTest>
    <UnitTest name="WitchCityRope.Core.Tests.ValueObjects.MoneyTests.OperatorMultiply_BothOrders_MultipliesSuccessfully" storage="/home/chad/repos/witchcityrope-react/tests/witchcityrope.core.tests/bin/debug/net9.0/witchcityrope.core.tests.dll" id="7f2a1335-3b19-3256-97d2-7c1bb7c23a93">
      <Execution id="c1f7991f-d12b-4a66-9f46-eb58d2a300b2" />
      <TestMethod codeBase="/home/chad/repos/witchcityrope-react/tests/WitchCityRope.Core.Tests/bin/Debug/net9.0/WitchCityRope.Core.Tests.dll" adapterTypeName="executor://xunit/VsTestRunner3/netcore/" className="WitchCityRope.Core.Tests.ValueObjects.MoneyTests" name="OperatorMultiply_BothOrders_MultipliesSuccessfully" />
    </UnitTest>
    <UnitTest name="WitchCityRope.Core.Tests.HealthChecks.ServiceHealthCheckTests.VerifyDockerContainersAreRunning" storage="/home/chad/repos/witchcityrope-react/tests/witchcityrope.core.tests/bin/debug/net9.0/witchcityrope.core.tests.dll" id="ac24d209-6ffa-4f30-eb19-ca4687be393e">
      <Properties>
        <Property Key="Category" Value="HealthCheck" />
      </Properties>
      <Execution id="240ed0e1-db81-4688-9df9-583b9b77c857" />
      <TestMethod codeBase="/home/chad/repos/witchcityrope-react/tests/WitchCityRope.Core.Tests/bin/Debug/net9.0/WitchCityRope.Core.Tests.dll" adapterTypeName="executor://xunit/VsTestRunner3/netcore/" className="WitchCityRope.Core.Tests.HealthChecks.ServiceHealthCheckTests" name="VerifyDockerContainersAreRunning" />
    </UnitTest>
    <UnitTest name="WitchCityRope.Core.Tests.ValueObjects.EmailAddressTests.Create_ValidEmail_CreatesSuccessfully(email: &quot;test@example.com&quot;)" storage="/home/chad/repos/witchcityrope-react/tests/witchcityrope.core.tests/bin/debug/net9.0/witchcityrope.core.tests.dll" id="e52cb23e-8dbf-be48-4879-01d3bf5f878c">
      <Execution id="3c1b5c5a-171e-42a5-8584-58fdc7e50922" />
      <TestMethod codeBase="/home/chad/repos/witchcityrope-react/tests/WitchCityRope.Core.Tests/bin/Debug/net9.0/WitchCityRope.Core.Tests.dll" adapterTypeName="executor://xunit/VsTestRunner3/netcore/" className="WitchCityRope.Core.Tests.ValueObjects.EmailAddressTests" name="Create_ValidEmail_CreatesSuccessfully" />
    </UnitTest>
    <UnitTest name="WitchCityRope.Core.Tests.ValueObjects.EmailAddressTests.Create_ValidEmail_CreatesSuccessfully(email: &quot;user+tag@example.co.uk&quot;)" storage="/home/chad/repos/witchcityrope-react/tests/witchcityrope.core.tests/bin/debug/net9.0/witchcityrope.core.tests.dll" id="55c9a313-0561-d40b-755a-d926aa2d9d32">
      <Execution id="990a2e4d-337f-4155-aecb-95d33f5f7f9a" />
      <TestMethod codeBase="/home/chad/repos/witchcityrope-react/tests/WitchCityRope.Core.Tests/bin/Debug/net9.0/WitchCityRope.Core.Tests.dll" adapterTypeName="executor://xunit/VsTestRunner3/netcore/" className="WitchCityRope.Core.Tests.ValueObjects.EmailAddressTests" name="Create_ValidEmail_CreatesSuccessfully" />
    </UnitTest>
    <UnitTest name="WitchCityRope.Core.Tests.ValueObjects.MoneyTests.Subtract_SameCurrencySufficientFunds_SubtractsSuccessfully" storage="/home/chad/repos/witchcityrope-react/tests/witchcityrope.core.tests/bin/debug/net9.0/witchcityrope.core.tests.dll" id="d37f8d70-658e-9a68-38a9-dcf4a5011bb5">
      <Execution id="8e461056-9c5d-41a0-b429-c7dd5c18d27c" />
      <TestMethod codeBase="/home/chad/repos/witchcityrope-react/tests/WitchCityRope.Core.Tests/bin/Debug/net9.0/WitchCityRope.Core.Tests.dll" adapterTypeName="executor://xunit/VsTestRunner3/netcore/" className="WitchCityRope.Core.Tests.ValueObjects.MoneyTests" name="Subtract_SameCurrencySufficientFunds_SubtractsSuccessfully" />
    </UnitTest>
    <UnitTest name="WitchCityRope.Core.Tests.Entities.EventTests.Constructor_ValidData_CreatesEvent" storage="/home/chad/repos/witchcityrope-react/tests/witchcityrope.core.tests/bin/debug/net9.0/witchcityrope.core.tests.dll" id="b044912f-a46a-5c40-95af-4fdef8a1afaf">
      <Execution id="4f1d0e45-fc53-4ac1-b5bf-0b4ab01b2e4a" />
      <TestMethod codeBase="/home/chad/repos/witchcityrope-react/tests/WitchCityRope.Core.Tests/bin/Debug/net9.0/WitchCityRope.Core.Tests.dll" adapterTypeName="executor://xunit/VsTestRunner3/netcore/" className="WitchCityRope.Core.Tests.Entities.EventTests" name="Constructor_ValidData_CreatesEvent" />
    </UnitTest>
    <UnitTest name="WitchCityRope.Core.Tests.Entities.UserTests.GetAge_CalculatesCorrectly" storage="/home/chad/repos/witchcityrope-react/tests/witchcityrope.core.tests/bin/debug/net9.0/witchcityrope.core.tests.dll" id="50f4f714-e192-57f9-2983-3e5c7146ec8d">
      <Execution id="f2a1f4f9-3384-4265-8e10-dc1743c660f3" />
      <TestMethod codeBase="/home/chad/repos/witchcityrope-react/tests/WitchCityRope.Core.Tests/bin/Debug/net9.0/WitchCityRope.Core.Tests.dll" adapterTypeName="executor://xunit/VsTestRunner3/netcore/" className="WitchCityRope.Core.Tests.Entities.UserTests" name="GetAge_CalculatesCorrectly" />
    </UnitTest>
    <UnitTest name="WitchCityRope.Core.Tests.Entities.RegistrationTests.IsEligibleForRefund_VariousTimings_ReturnsCorrectResult(hoursBeforeEvent: 24, expectedEligible: False)" storage="/home/chad/repos/witchcityrope-react/tests/witchcityrope.core.tests/bin/debug/net9.0/witchcityrope.core.tests.dll" id="1d3881ee-33da-ca8e-2a5d-4849cdb1409b">
      <Execution id="5634200b-b532-44b4-bab8-ceb18a53dc27" />
      <TestMethod codeBase="/home/chad/repos/witchcityrope-react/tests/WitchCityRope.Core.Tests/bin/Debug/net9.0/WitchCityRope.Core.Tests.dll" adapterTypeName="executor://xunit/VsTestRunner3/netcore/" className="WitchCityRope.Core.Tests.Entities.RegistrationTests" name="IsEligibleForRefund_VariousTimings_ReturnsCorrectResult" />
    </UnitTest>
    <UnitTest name="WitchCityRope.Core.Tests.Entities.EventTests.Constructor_NegativePricingTier_ThrowsDomainException" storage="/home/chad/repos/witchcityrope-react/tests/witchcityrope.core.tests/bin/debug/net9.0/witchcityrope.core.tests.dll" id="f0599150-0368-a690-445e-232b5fbc9674">
      <Execution id="174a316c-b6ee-4e60-9af0-37f5cc65ccba" />
      <TestMethod codeBase="/home/chad/repos/witchcityrope-react/tests/WitchCityRope.Core.Tests/bin/Debug/net9.0/WitchCityRope.Core.Tests.dll" adapterTypeName="executor://xunit/VsTestRunner3/netcore/" className="WitchCityRope.Core.Tests.Entities.EventTests" name="Constructor_NegativePricingTier_ThrowsDomainException" />
    </UnitTest>
    <UnitTest name="WitchCityRope.Core.Tests.ValueObjects.EmailAddressTests.Create_InvalidFormat_ThrowsDomainException(email: &quot;user@@example.com&quot;)" storage="/home/chad/repos/witchcityrope-react/tests/witchcityrope.core.tests/bin/debug/net9.0/witchcityrope.core.tests.dll" id="44f3481b-e4bb-4f17-196a-e00c0217ed87">
      <Execution id="40d8629b-6fa8-48fb-aee9-7645e1d7f3de" />
      <TestMethod codeBase="/home/chad/repos/witchcityrope-react/tests/WitchCityRope.Core.Tests/bin/Debug/net9.0/WitchCityRope.Core.Tests.dll" adapterTypeName="executor://xunit/VsTestRunner3/netcore/" className="WitchCityRope.Core.Tests.ValueObjects.EmailAddressTests" name="Create_InvalidFormat_ThrowsDomainException" />
    </UnitTest>
    <UnitTest name="WitchCityRope.Core.Tests.Entities.RegistrationTests.CheckIn_ConfirmedRegistrationAfterEventStart_ChecksInSuccessfully" storage="/home/chad/repos/witchcityrope-react/tests/witchcityrope.core.tests/bin/debug/net9.0/witchcityrope.core.tests.dll" id="58183c69-e8f2-fc1d-1451-124433b27fa3">
      <Execution id="b492e1c6-8993-44f8-890f-44fd024ae54b" />
      <TestMethod codeBase="/home/chad/repos/witchcityrope-react/tests/WitchCityRope.Core.Tests/bin/Debug/net9.0/WitchCityRope.Core.Tests.dll" adapterTypeName="executor://xunit/VsTestRunner3/netcore/" className="WitchCityRope.Core.Tests.Entities.RegistrationTests" name="CheckIn_ConfirmedRegistrationAfterEventStart_ChecksInSuccessfully" />
    </UnitTest>
    <UnitTest name="WitchCityRope.Core.Tests.ValueObjects.MoneyTests.Equals_DifferentAmount_ReturnsFalse" storage="/home/chad/repos/witchcityrope-react/tests/witchcityrope.core.tests/bin/debug/net9.0/witchcityrope.core.tests.dll" id="c3e42df9-274a-a616-9d53-0e461b6f0fcc">
      <Execution id="be6d6ed1-73a8-4df7-8e9d-23294590d75c" />
      <TestMethod codeBase="/home/chad/repos/witchcityrope-react/tests/WitchCityRope.Core.Tests/bin/Debug/net9.0/WitchCityRope.Core.Tests.dll" adapterTypeName="executor://xunit/VsTestRunner3/netcore/" className="WitchCityRope.Core.Tests.ValueObjects.MoneyTests" name="Equals_DifferentAmount_ReturnsFalse" />
    </UnitTest>
    <UnitTest name="WitchCityRope.Core.Tests.Entities.UserTests.Constructor_NullEncryptedLegalName_ThrowsArgumentNullException" storage="/home/chad/repos/witchcityrope-react/tests/witchcityrope.core.tests/bin/debug/net9.0/witchcityrope.core.tests.dll" id="21f2e882-89f0-b471-6a62-6c3a786684b9">
      <Execution id="814bef17-bfc3-4c00-96f5-8e6d348169b1" />
      <TestMethod codeBase="/home/chad/repos/witchcityrope-react/tests/WitchCityRope.Core.Tests/bin/Debug/net9.0/WitchCityRope.Core.Tests.dll" adapterTypeName="executor://xunit/VsTestRunner3/netcore/" className="WitchCityRope.Core.Tests.Entities.UserTests" name="Constructor_NullEncryptedLegalName_ThrowsArgumentNullException" />
    </UnitTest>
    <UnitTest name="WitchCityRope.Core.Tests.ValueObjects.SceneNameTests.Value_PreservesOriginalCase(input: &quot;SceneName&quot;, expected: &quot;SceneName&quot;)" storage="/home/chad/repos/witchcityrope-react/tests/witchcityrope.core.tests/bin/debug/net9.0/witchcityrope.core.tests.dll" id="ec873698-20e8-0ca0-d17c-b99a021aa23f">
      <Execution id="9717d009-64fd-44ce-a021-72675fcaeba6" />
      <TestMethod codeBase="/home/chad/repos/witchcityrope-react/tests/WitchCityRope.Core.Tests/bin/Debug/net9.0/WitchCityRope.Core.Tests.dll" adapterTypeName="executor://xunit/VsTestRunner3/netcore/" className="WitchCityRope.Core.Tests.ValueObjects.SceneNameTests" name="Value_PreservesOriginalCase" />
    </UnitTest>
    <UnitTest name="WitchCityRope.Core.Tests.Entities.RegistrationTests.CheckIn_BeforeEventStart_ThrowsDomainException" storage="/home/chad/repos/witchcityrope-react/tests/witchcityrope.core.tests/bin/debug/net9.0/witchcityrope.core.tests.dll" id="f49f87f3-be84-5956-2e64-b7741ecf4d50">
      <Execution id="f068d971-b6a5-42eb-8f90-001d864f1e72" />
      <TestMethod codeBase="/home/chad/repos/witchcityrope-react/tests/WitchCityRope.Core.Tests/bin/Debug/net9.0/WitchCityRope.Core.Tests.dll" adapterTypeName="executor://xunit/VsTestRunner3/netcore/" className="WitchCityRope.Core.Tests.Entities.RegistrationTests" name="CheckIn_BeforeEventStart_ThrowsDomainException" />
    </UnitTest>
    <UnitTest name="WitchCityRope.Core.Tests.Entities.EventTests.AddOrganizer_NewOrganizer_AddsSuccessfully" storage="/home/chad/repos/witchcityrope-react/tests/witchcityrope.core.tests/bin/debug/net9.0/witchcityrope.core.tests.dll" id="db13cb67-4291-79eb-080b-59693ae602e4">
      <Execution id="2f2b3f7e-6852-4189-9e09-23f37a3ae6f3" />
      <TestMethod codeBase="/home/chad/repos/witchcityrope-react/tests/WitchCityRope.Core.Tests/bin/Debug/net9.0/WitchCityRope.Core.Tests.dll" adapterTypeName="executor://xunit/VsTestRunner3/netcore/" className="WitchCityRope.Core.Tests.Entities.EventTests" name="AddOrganizer_NewOrganizer_AddsSuccessfully" />
    </UnitTest>
    <UnitTest name="WitchCityRope.Core.Tests.Entities.RegistrationTests.IsEligibleForRefund_VariousTimings_ReturnsCorrectResult(hoursBeforeEvent: 47, expectedEligible: False)" storage="/home/chad/repos/witchcityrope-react/tests/witchcityrope.core.tests/bin/debug/net9.0/witchcityrope.core.tests.dll" id="60598e1b-02d6-d0b1-216a-1d6496f4b8e7">
      <Execution id="6aaeeab7-a86b-483d-91e2-1f9a4cb83225" />
      <TestMethod codeBase="/home/chad/repos/witchcityrope-react/tests/WitchCityRope.Core.Tests/bin/Debug/net9.0/WitchCityRope.Core.Tests.dll" adapterTypeName="executor://xunit/VsTestRunner3/netcore/" className="WitchCityRope.Core.Tests.Entities.RegistrationTests" name="IsEligibleForRefund_VariousTimings_ReturnsCorrectResult" />
    </UnitTest>
    <UnitTest name="WitchCityRope.Core.Tests.Entities.EventTests.Publish_UnpublishedEvent_PublishesSuccessfully" storage="/home/chad/repos/witchcityrope-react/tests/witchcityrope.core.tests/bin/debug/net9.0/witchcityrope.core.tests.dll" id="0879fc39-5bc5-a25c-cfc2-e0638ee2992f">
      <Execution id="92a63c3f-9a11-498a-90a4-08e02193eb0e" />
      <TestMethod codeBase="/home/chad/repos/witchcityrope-react/tests/WitchCityRope.Core.Tests/bin/Debug/net9.0/WitchCityRope.Core.Tests.dll" adapterTypeName="executor://xunit/VsTestRunner3/netcore/" className="WitchCityRope.Core.Tests.Entities.EventTests" name="Publish_UnpublishedEvent_PublishesSuccessfully" />
    </UnitTest>
    <UnitTest name="WitchCityRope.Core.Tests.ValueObjects.MoneyTests.Create_EmptyCurrency_ThrowsArgumentException(currency: &quot;&quot;)" storage="/home/chad/repos/witchcityrope-react/tests/witchcityrope.core.tests/bin/debug/net9.0/witchcityrope.core.tests.dll" id="f477f2d2-9bad-36ff-7fb7-b81867202bef">
      <Execution id="2a3433a7-be15-4028-ac05-175221caea1d" />
      <TestMethod codeBase="/home/chad/repos/witchcityrope-react/tests/WitchCityRope.Core.Tests/bin/Debug/net9.0/WitchCityRope.Core.Tests.dll" adapterTypeName="executor://xunit/VsTestRunner3/netcore/" className="WitchCityRope.Core.Tests.ValueObjects.MoneyTests" name="Create_EmptyCurrency_ThrowsArgumentException" />
    </UnitTest>
    <UnitTest name="WitchCityRope.Core.Tests.ValueObjects.MoneyTests.Create_ValidAmount_CreatesSuccessfully(amount: 100)" storage="/home/chad/repos/witchcityrope-react/tests/witchcityrope.core.tests/bin/debug/net9.0/witchcityrope.core.tests.dll" id="ccbf7e0d-7b7a-a8f1-7983-3f248694b75c">
      <Execution id="b04bdaad-b511-4cee-91c8-4fad40f9441e" />
      <TestMethod codeBase="/home/chad/repos/witchcityrope-react/tests/WitchCityRope.Core.Tests/bin/Debug/net9.0/WitchCityRope.Core.Tests.dll" adapterTypeName="executor://xunit/VsTestRunner3/netcore/" className="WitchCityRope.Core.Tests.ValueObjects.MoneyTests" name="Create_ValidAmount_CreatesSuccessfully" />
    </UnitTest>
    <UnitTest name="WitchCityRope.Core.Tests.Entities.UserTests.PromoteToRole_LowerRole_ThrowsDomainException" storage="/home/chad/repos/witchcityrope-react/tests/witchcityrope.core.tests/bin/debug/net9.0/witchcityrope.core.tests.dll" id="b59e7e18-f75f-bdce-9410-2ab9f6845df9">
      <Execution id="e3d32281-fcc9-4708-95a3-8c2fbf8ea991" />
      <TestMethod codeBase="/home/chad/repos/witchcityrope-react/tests/WitchCityRope.Core.Tests/bin/Debug/net9.0/WitchCityRope.Core.Tests.dll" adapterTypeName="executor://xunit/VsTestRunner3/netcore/" className="WitchCityRope.Core.Tests.Entities.UserTests" name="PromoteToRole_LowerRole_ThrowsDomainException" />
    </UnitTest>
    <UnitTest name="WitchCityRope.Core.Tests.Entities.UserTests.UpdateEmail_NullEmail_ThrowsArgumentNullException" storage="/home/chad/repos/witchcityrope-react/tests/witchcityrope.core.tests/bin/debug/net9.0/witchcityrope.core.tests.dll" id="f31ab1aa-39de-68ab-51b3-8be7b1b5b9d2">
      <Execution id="40b776f2-0740-4a18-9004-9e9a158fe94e" />
      <TestMethod codeBase="/home/chad/repos/witchcityrope-react/tests/WitchCityRope.Core.Tests/bin/Debug/net9.0/WitchCityRope.Core.Tests.dll" adapterTypeName="executor://xunit/VsTestRunner3/netcore/" className="WitchCityRope.Core.Tests.Entities.UserTests" name="UpdateEmail_NullEmail_ThrowsArgumentNullException" />
    </UnitTest>
    <UnitTest name="WitchCityRope.Core.Tests.Entities.RegistrationTests.Constructor_NoSpecialNeeds_CreatesRegistration" storage="/home/chad/repos/witchcityrope-react/tests/witchcityrope.core.tests/bin/debug/net9.0/witchcityrope.core.tests.dll" id="aa10c3e1-a4c0-c3d8-9c2e-168e33c3cacb">
      <Execution id="5a9da57b-3533-4c98-98ba-5fca5f7a0f7c" />
      <TestMethod codeBase="/home/chad/repos/witchcityrope-react/tests/WitchCityRope.Core.Tests/bin/Debug/net9.0/WitchCityRope.Core.Tests.dll" adapterTypeName="executor://xunit/VsTestRunner3/netcore/" className="WitchCityRope.Core.Tests.Entities.RegistrationTests" name="Constructor_NoSpecialNeeds_CreatesRegistration" />
    </UnitTest>
    <UnitTest name="WitchCityRope.Core.Tests.ValueObjects.SceneNameTests.Create_ValidSceneName_CreatesSuccessfully(name: &quot;12345&quot;)" storage="/home/chad/repos/witchcityrope-react/tests/witchcityrope.core.tests/bin/debug/net9.0/witchcityrope.core.tests.dll" id="d036616b-6b86-99d5-cd58-29b5267bbff4">
      <Execution id="eca2fa0f-f3c9-43c6-9118-637419dbe5f1" />
      <TestMethod codeBase="/home/chad/repos/witchcityrope-react/tests/WitchCityRope.Core.Tests/bin/Debug/net9.0/WitchCityRope.Core.Tests.dll" adapterTypeName="executor://xunit/VsTestRunner3/netcore/" className="WitchCityRope.Core.Tests.ValueObjects.SceneNameTests" name="Create_ValidSceneName_CreatesSuccessfully" />
    </UnitTest>
    <UnitTest name="WitchCityRope.Core.Tests.ValueObjects.MoneyTests.ToDisplayString_VariousCurrencies_FormatsCorrectly(currency: &quot;USD&quot;, expected: &quot;$10.50&quot;)" storage="/home/chad/repos/witchcityrope-react/tests/witchcityrope.core.tests/bin/debug/net9.0/witchcityrope.core.tests.dll" id="8f5f971f-a71a-13e1-4708-f9d625af241d">
      <Execution id="545cfd69-24df-4a2d-bae3-9670f3c87c14" />
      <TestMethod codeBase="/home/chad/repos/witchcityrope-react/tests/WitchCityRope.Core.Tests/bin/Debug/net9.0/WitchCityRope.Core.Tests.dll" adapterTypeName="executor://xunit/VsTestRunner3/netcore/" className="WitchCityRope.Core.Tests.ValueObjects.MoneyTests" name="ToDisplayString_VariousCurrencies_FormatsCorrectly" />
    </UnitTest>
    <UnitTest name="WitchCityRope.Core.Tests.ValueObjects.SceneNameTests.Create_WithWhitespace_TrimsSuccessfully" storage="/home/chad/repos/witchcityrope-react/tests/witchcityrope.core.tests/bin/debug/net9.0/witchcityrope.core.tests.dll" id="e7b9a62d-2f8b-d3f2-4a3a-9cebb6d2d56f">
      <Execution id="1e38779e-f5fa-421e-8ac9-5577e415da25" />
      <TestMethod codeBase="/home/chad/repos/witchcityrope-react/tests/WitchCityRope.Core.Tests/bin/Debug/net9.0/WitchCityRope.Core.Tests.dll" adapterTypeName="executor://xunit/VsTestRunner3/netcore/" className="WitchCityRope.Core.Tests.ValueObjects.SceneNameTests" name="Create_WithWhitespace_TrimsSuccessfully" />
    </UnitTest>
    <UnitTest name="WitchCityRope.Core.Tests.ValueObjects.SceneNameTests.Create_ValidSceneName_CreatesSuccessfully(name: &quot;Very Long Scene Name That Is Still Valid&quot;)" storage="/home/chad/repos/witchcityrope-react/tests/witchcityrope.core.tests/bin/debug/net9.0/witchcityrope.core.tests.dll" id="c51fba78-91c0-4bc8-f4af-0e9c6411e3e9">
      <Execution id="206a5cf2-6c19-4d75-ac5f-2f289e303d96" />
      <TestMethod codeBase="/home/chad/repos/witchcityrope-react/tests/WitchCityRope.Core.Tests/bin/Debug/net9.0/WitchCityRope.Core.Tests.dll" adapterTypeName="executor://xunit/VsTestRunner3/netcore/" className="WitchCityRope.Core.Tests.ValueObjects.SceneNameTests" name="Create_ValidSceneName_CreatesSuccessfully" />
    </UnitTest>
    <UnitTest name="WitchCityRope.Core.Tests.Entities.EventTests.AddOrganizer_NullOrganizer_ThrowsArgumentNullException" storage="/home/chad/repos/witchcityrope-react/tests/witchcityrope.core.tests/bin/debug/net9.0/witchcityrope.core.tests.dll" id="56521df1-5782-2595-2caa-652e0c9a7393">
      <Execution id="840c0b19-ff2e-4daf-a669-7abcac639e9f" />
      <TestMethod codeBase="/home/chad/repos/witchcityrope-react/tests/WitchCityRope.Core.Tests/bin/Debug/net9.0/WitchCityRope.Core.Tests.dll" adapterTypeName="executor://xunit/VsTestRunner3/netcore/" className="WitchCityRope.Core.Tests.Entities.EventTests" name="AddOrganizer_NullOrganizer_ThrowsArgumentNullException" />
    </UnitTest>
    <UnitTest name="WitchCityRope.Core.Tests.Entities.EventTests.GetConfirmedRegistrationCount_NoRegistrations_ReturnsZero" storage="/home/chad/repos/witchcityrope-react/tests/witchcityrope.core.tests/bin/debug/net9.0/witchcityrope.core.tests.dll" id="ebca1bab-4384-7fba-f140-5240d35a005a">
      <Execution id="40a72f9e-33df-4b7e-8c76-820a5854753f" />
      <TestMethod codeBase="/home/chad/repos/witchcityrope-react/tests/WitchCityRope.Core.Tests/bin/Debug/net9.0/WitchCityRope.Core.Tests.dll" adapterTypeName="executor://xunit/VsTestRunner3/netcore/" className="WitchCityRope.Core.Tests.Entities.EventTests" name="GetConfirmedRegistrationCount_NoRegistrations_ReturnsZero" />
    </UnitTest>
    <UnitTest name="WitchCityRope.Core.Tests.HealthChecks.ServiceHealthCheckTests.VerifyReactDevServerIsAccessible" storage="/home/chad/repos/witchcityrope-react/tests/witchcityrope.core.tests/bin/debug/net9.0/witchcityrope.core.tests.dll" id="b0c29659-c92c-6eaa-c0ba-c6e061d02eb3">
      <Properties>
        <Property Key="Category" Value="HealthCheck" />
      </Properties>
      <Execution id="90f2cae1-8151-4872-9c30-bab8c2ed5a5c" />
      <TestMethod codeBase="/home/chad/repos/witchcityrope-react/tests/WitchCityRope.Core.Tests/bin/Debug/net9.0/WitchCityRope.Core.Tests.dll" adapterTypeName="executor://xunit/VsTestRunner3/netcore/" className="WitchCityRope.Core.Tests.HealthChecks.ServiceHealthCheckTests" name="VerifyReactDevServerIsAccessible" />
    </UnitTest>
    <UnitTest name="WitchCityRope.Core.Tests.ValueObjects.SceneNameTests.Create_EmptyOrNull_ThrowsArgumentException(name: &quot; &quot;)" storage="/home/chad/repos/witchcityrope-react/tests/witchcityrope.core.tests/bin/debug/net9.0/witchcityrope.core.tests.dll" id="db9487ae-f8bb-6c77-456e-477251a97694">
      <Execution id="3fb194bd-37a5-422a-bf75-de0774608d24" />
      <TestMethod codeBase="/home/chad/repos/witchcityrope-react/tests/WitchCityRope.Core.Tests/bin/Debug/net9.0/WitchCityRope.Core.Tests.dll" adapterTypeName="executor://xunit/VsTestRunner3/netcore/" className="WitchCityRope.Core.Tests.ValueObjects.SceneNameTests" name="Create_EmptyOrNull_ThrowsArgumentException" />
    </UnitTest>
    <UnitTest name="WitchCityRope.Core.Tests.ValueObjects.MoneyTests.Add_SameCurrency_AddsSuccessfully" storage="/home/chad/repos/witchcityrope-react/tests/witchcityrope.core.tests/bin/debug/net9.0/witchcityrope.core.tests.dll" id="02dfc5f2-c3eb-99ee-f353-2aaec6dc6e1c">
      <Execution id="e88850a1-349c-425a-b3f4-3c9094cb4acf" />
      <TestMethod codeBase="/home/chad/repos/witchcityrope-react/tests/WitchCityRope.Core.Tests/bin/Debug/net9.0/WitchCityRope.Core.Tests.dll" adapterTypeName="executor://xunit/VsTestRunner3/netcore/" className="WitchCityRope.Core.Tests.ValueObjects.MoneyTests" name="Add_SameCurrency_AddsSuccessfully" />
    </UnitTest>
    <UnitTest name="WitchCityRope.Core.Tests.HealthChecks.ServiceHealthCheckTests.RunAllHealthChecks" storage="/home/chad/repos/witchcityrope-react/tests/witchcityrope.core.tests/bin/debug/net9.0/witchcityrope.core.tests.dll" id="b8f8533e-2bca-3bb9-a886-ddb48d4ca1a9">
      <Properties>
        <Property Key="Category" Value="MasterHealthCheck" />
      </Properties>
      <Execution id="66694644-04e4-4cab-84c1-f0557a8aa4b9" />
      <TestMethod codeBase="/home/chad/repos/witchcityrope-react/tests/WitchCityRope.Core.Tests/bin/Debug/net9.0/WitchCityRope.Core.Tests.dll" adapterTypeName="executor://xunit/VsTestRunner3/netcore/" className="WitchCityRope.Core.Tests.HealthChecks.ServiceHealthCheckTests" name="RunAllHealthChecks" />
    </UnitTest>
    <UnitTest name="WitchCityRope.Core.Tests.Entities.RegistrationTests.Cancel_AlreadyCancelled_ThrowsDomainException" storage="/home/chad/repos/witchcityrope-react/tests/witchcityrope.core.tests/bin/debug/net9.0/witchcityrope.core.tests.dll" id="7c2a786c-da36-777a-ce30-9a8d7d9f71b5">
      <Execution id="6ceec5a7-8a2a-4b26-9dbb-6daf1d4481b3" />
      <TestMethod codeBase="/home/chad/repos/witchcityrope-react/tests/WitchCityRope.Core.Tests/bin/Debug/net9.0/WitchCityRope.Core.Tests.dll" adapterTypeName="executor://xunit/VsTestRunner3/netcore/" className="WitchCityRope.Core.Tests.Entities.RegistrationTests" name="Cancel_AlreadyCancelled_ThrowsDomainException" />
    </UnitTest>
    <UnitTest name="WitchCityRope.Core.Tests.Entities.EventTests.UpdateDates_EventAlreadyStarted_ThrowsDomainException" storage="/home/chad/repos/witchcityrope-react/tests/witchcityrope.core.tests/bin/debug/net9.0/witchcityrope.core.tests.dll" id="289ca8c1-6229-0a00-b027-f38a937cfdf0">
      <Execution id="cc87f8a8-f137-42f4-a784-153e5ae90210" />
      <TestMethod codeBase="/home/chad/repos/witchcityrope-react/tests/WitchCityRope.Core.Tests/bin/Debug/net9.0/WitchCityRope.Core.Tests.dll" adapterTypeName="executor://xunit/VsTestRunner3/netcore/" className="WitchCityRope.Core.Tests.Entities.EventTests" name="UpdateDates_EventAlreadyStarted_ThrowsDomainException" />
    </UnitTest>
    <UnitTest name="WitchCityRope.Core.Tests.Entities.EventTests.UpdatePricingTiers_EmptyTiers_ThrowsDomainException" storage="/home/chad/repos/witchcityrope-react/tests/witchcityrope.core.tests/bin/debug/net9.0/witchcityrope.core.tests.dll" id="f93aa139-c4ae-68d9-3951-bf310f85f479">
      <Execution id="07ce4038-9880-4c79-ac29-9f687d834bff" />
      <TestMethod codeBase="/home/chad/repos/witchcityrope-react/tests/WitchCityRope.Core.Tests/bin/Debug/net9.0/WitchCityRope.Core.Tests.dll" adapterTypeName="executor://xunit/VsTestRunner3/netcore/" className="WitchCityRope.Core.Tests.Entities.EventTests" name="UpdatePricingTiers_EmptyTiers_ThrowsDomainException" />
    </UnitTest>
    <UnitTest name="WitchCityRope.Core.Tests.Entities.EventTests.Constructor_VariousCapacities_CreatesSuccessfully(capacity: 10)" storage="/home/chad/repos/witchcityrope-react/tests/witchcityrope.core.tests/bin/debug/net9.0/witchcityrope.core.tests.dll" id="ef8d04dc-547e-cdcb-50a3-2a0559d1c59b">
      <Execution id="190a0721-54df-4a62-93a6-2aa489af3f22" />
      <TestMethod codeBase="/home/chad/repos/witchcityrope-react/tests/WitchCityRope.Core.Tests/bin/Debug/net9.0/WitchCityRope.Core.Tests.dll" adapterTypeName="executor://xunit/VsTestRunner3/netcore/" className="WitchCityRope.Core.Tests.Entities.EventTests" name="Constructor_VariousCapacities_CreatesSuccessfully" />
    </UnitTest>
    <UnitTest name="WitchCityRope.Core.Tests.ValueObjects.SceneNameTests.Create_ExactlyMaxLength_CreatesSuccessfully" storage="/home/chad/repos/witchcityrope-react/tests/witchcityrope.core.tests/bin/debug/net9.0/witchcityrope.core.tests.dll" id="bcf6c661-bdd3-dc3b-8d30-8efd04a896b7">
      <Execution id="a799b3bd-3b7c-4ee9-aa77-6e312a337b68" />
      <TestMethod codeBase="/home/chad/repos/witchcityrope-react/tests/WitchCityRope.Core.Tests/bin/Debug/net9.0/WitchCityRope.Core.Tests.dll" adapterTypeName="executor://xunit/VsTestRunner3/netcore/" className="WitchCityRope.Core.Tests.ValueObjects.SceneNameTests" name="Create_ExactlyMaxLength_CreatesSuccessfully" />
    </UnitTest>
    <UnitTest name="WitchCityRope.Core.Tests.ValueObjects.MoneyTests.Add_DifferentCurrency_ThrowsDomainException" storage="/home/chad/repos/witchcityrope-react/tests/witchcityrope.core.tests/bin/debug/net9.0/witchcityrope.core.tests.dll" id="9028b45d-2cc9-07bd-c10e-d070f0a1ff95">
      <Execution id="aa8deff1-98ac-4360-8cca-dfa876c63a23" />
      <TestMethod codeBase="/home/chad/repos/witchcityrope-react/tests/WitchCityRope.Core.Tests/bin/Debug/net9.0/WitchCityRope.Core.Tests.dll" adapterTypeName="executor://xunit/VsTestRunner3/netcore/" className="WitchCityRope.Core.Tests.ValueObjects.MoneyTests" name="Add_DifferentCurrency_ThrowsDomainException" />
    </UnitTest>
    <UnitTest name="WitchCityRope.Core.Tests.ValueObjects.EmailAddressTests.DisplayValue_PreservesOriginalCase(input: &quot;TEST@EXAMPLE.COM&quot;, expected: &quot;TEST@EXAMPLE.COM&quot;)" storage="/home/chad/repos/witchcityrope-react/tests/witchcityrope.core.tests/bin/debug/net9.0/witchcityrope.core.tests.dll" id="f1e20cc6-36e9-f4be-b8af-7b8e470faa96">
      <Execution id="10f054f0-b963-49da-9c2d-9dab4c746fb4" />
      <TestMethod codeBase="/home/chad/repos/witchcityrope-react/tests/WitchCityRope.Core.Tests/bin/Debug/net9.0/WitchCityRope.Core.Tests.dll" adapterTypeName="executor://xunit/VsTestRunner3/netcore/" className="WitchCityRope.Core.Tests.ValueObjects.EmailAddressTests" name="DisplayValue_PreservesOriginalCase" />
    </UnitTest>
    <UnitTest name="WitchCityRope.Core.Tests.Entities.RegistrationTests.IsEligibleForRefund_VariousTimings_ReturnsCorrectResult(hoursBeforeEvent: 48.100000000000001, expectedEligible: True)" storage="/home/chad/repos/witchcityrope-react/tests/witchcityrope.core.tests/bin/debug/net9.0/witchcityrope.core.tests.dll" id="15b218ad-d361-384d-bb79-41a5ba40dc79">
      <Execution id="15aacb33-e37b-495c-a333-a26675cf9a9c" />
      <TestMethod codeBase="/home/chad/repos/witchcityrope-react/tests/WitchCityRope.Core.Tests/bin/Debug/net9.0/WitchCityRope.Core.Tests.dll" adapterTypeName="executor://xunit/VsTestRunner3/netcore/" className="WitchCityRope.Core.Tests.Entities.RegistrationTests" name="IsEligibleForRefund_VariousTimings_ReturnsCorrectResult" />
    </UnitTest>
    <UnitTest name="WitchCityRope.Core.Tests.ValueObjects.EmailAddressTests.GetHashCode_SameEmailDifferentCase_ReturnsSameHash" storage="/home/chad/repos/witchcityrope-react/tests/witchcityrope.core.tests/bin/debug/net9.0/witchcityrope.core.tests.dll" id="0d8317ff-abfb-72ae-197e-3f07e59847af">
      <Execution id="ee5e2e3b-92c4-4c38-9a13-e40b13503994" />
      <TestMethod codeBase="/home/chad/repos/witchcityrope-react/tests/WitchCityRope.Core.Tests/bin/Debug/net9.0/WitchCityRope.Core.Tests.dll" adapterTypeName="executor://xunit/VsTestRunner3/netcore/" className="WitchCityRope.Core.Tests.ValueObjects.EmailAddressTests" name="GetHashCode_SameEmailDifferentCase_ReturnsSameHash" />
    </UnitTest>
    <UnitTest name="WitchCityRope.Core.Tests.ValueObjects.SceneNameTests.GetHashCode_SameNameDifferentCase_ReturnsSameHash" storage="/home/chad/repos/witchcityrope-react/tests/witchcityrope.core.tests/bin/debug/net9.0/witchcityrope.core.tests.dll" id="ed03c588-f9e2-cd50-ea85-d6f0ba338f02">
      <Execution id="fa760962-6e04-4801-95f8-0ced45b4b318" />
      <TestMethod codeBase="/home/chad/repos/witchcityrope-react/tests/WitchCityRope.Core.Tests/bin/Debug/net9.0/WitchCityRope.Core.Tests.dll" adapterTypeName="executor://xunit/VsTestRunner3/netcore/" className="WitchCityRope.Core.Tests.ValueObjects.SceneNameTests" name="GetHashCode_SameNameDifferentCase_ReturnsSameHash" />
    </UnitTest>
    <UnitTest name="WitchCityRope.Core.Tests.ValueObjects.EmailAddressTests.Equals_DifferentEmails_ReturnsFalse" storage="/home/chad/repos/witchcityrope-react/tests/witchcityrope.core.tests/bin/debug/net9.0/witchcityrope.core.tests.dll" id="57828f1b-953d-89a2-bee2-b021bb8b5c17">
      <Execution id="21983c0c-7653-4b3e-85b7-1ee9faeecba8" />
      <TestMethod codeBase="/home/chad/repos/witchcityrope-react/tests/WitchCityRope.Core.Tests/bin/Debug/net9.0/WitchCityRope.Core.Tests.dll" adapterTypeName="executor://xunit/VsTestRunner3/netcore/" className="WitchCityRope.Core.Tests.ValueObjects.EmailAddressTests" name="Equals_DifferentEmails_ReturnsFalse" />
    </UnitTest>
    <UnitTest name="WitchCityRope.Core.Tests.ValueObjects.MoneyTests.Create_NegativeAmount_ThrowsDomainException" storage="/home/chad/repos/witchcityrope-react/tests/witchcityrope.core.tests/bin/debug/net9.0/witchcityrope.core.tests.dll" id="c3081fdc-d142-f914-3509-6d3142a54806">
      <Execution id="180779d9-efa0-4b75-bab9-d653ae9140d7" />
      <TestMethod codeBase="/home/chad/repos/witchcityrope-react/tests/WitchCityRope.Core.Tests/bin/Debug/net9.0/WitchCityRope.Core.Tests.dll" adapterTypeName="executor://xunit/VsTestRunner3/netcore/" className="WitchCityRope.Core.Tests.ValueObjects.MoneyTests" name="Create_NegativeAmount_ThrowsDomainException" />
    </UnitTest>
    <UnitTest name="WitchCityRope.Core.Tests.Entities.RegistrationTests.Cancel_WithinRefundWindow_InitiatesRefund" storage="/home/chad/repos/witchcityrope-react/tests/witchcityrope.core.tests/bin/debug/net9.0/witchcityrope.core.tests.dll" id="e89f905b-b16f-0fd9-64cf-2a0e1a553eeb">
      <Execution id="af7d94de-6793-4e76-9b1d-25525009f4e9" />
      <TestMethod codeBase="/home/chad/repos/witchcityrope-react/tests/WitchCityRope.Core.Tests/bin/Debug/net9.0/WitchCityRope.Core.Tests.dll" adapterTypeName="executor://xunit/VsTestRunner3/netcore/" className="WitchCityRope.Core.Tests.Entities.RegistrationTests" name="Cancel_WithinRefundWindow_InitiatesRefund" />
    </UnitTest>
    <UnitTest name="WitchCityRope.Core.Tests.ValueObjects.MoneyTests.Multiply_ValidFactor_MultipliesSuccessfully(amount: 100, factor: 0, expected: 0)" storage="/home/chad/repos/witchcityrope-react/tests/witchcityrope.core.tests/bin/debug/net9.0/witchcityrope.core.tests.dll" id="dafcd462-6d8d-7546-db79-401cb1f8ea54">
      <Execution id="c55aab36-cd79-474b-a5ef-28cdbedd69d9" />
      <TestMethod codeBase="/home/chad/repos/witchcityrope-react/tests/WitchCityRope.Core.Tests/bin/Debug/net9.0/WitchCityRope.Core.Tests.dll" adapterTypeName="executor://xunit/VsTestRunner3/netcore/" className="WitchCityRope.Core.Tests.ValueObjects.MoneyTests" name="Multiply_ValidFactor_MultipliesSuccessfully" />
    </UnitTest>
    <UnitTest name="WitchCityRope.Core.Tests.ValueObjects.SceneNameTests.Create_ValidSceneName_CreatesSuccessfully(name: &quot;Scene Name&quot;)" storage="/home/chad/repos/witchcityrope-react/tests/witchcityrope.core.tests/bin/debug/net9.0/witchcityrope.core.tests.dll" id="6e472b23-c7af-c847-8f3d-5f6c902a0623">
      <Execution id="5152d691-dbc0-41ef-90f5-bdf03578b73d" />
      <TestMethod codeBase="/home/chad/repos/witchcityrope-react/tests/WitchCityRope.Core.Tests/bin/Debug/net9.0/WitchCityRope.Core.Tests.dll" adapterTypeName="executor://xunit/VsTestRunner3/netcore/" className="WitchCityRope.Core.Tests.ValueObjects.SceneNameTests" name="Create_ValidSceneName_CreatesSuccessfully" />
    </UnitTest>
    <UnitTest name="WitchCityRope.Core.Tests.Entities.RegistrationTests.Constructor_SelectsLowestPriceTier_ValidatesSuccessfully" storage="/home/chad/repos/witchcityrope-react/tests/witchcityrope.core.tests/bin/debug/net9.0/witchcityrope.core.tests.dll" id="1a91289e-57e5-be3c-8381-67252df4124f">
      <Execution id="70aabb07-ce83-4e38-b342-423fae761a0b" />
      <TestMethod codeBase="/home/chad/repos/witchcityrope-react/tests/WitchCityRope.Core.Tests/bin/Debug/net9.0/WitchCityRope.Core.Tests.dll" adapterTypeName="executor://xunit/VsTestRunner3/netcore/" className="WitchCityRope.Core.Tests.Entities.RegistrationTests" name="Constructor_SelectsLowestPriceTier_ValidatesSuccessfully" />
    </UnitTest>
    <UnitTest name="WitchCityRope.Core.Tests.ValueObjects.MoneyTests.Create_LowercaseCurrency_ConvertsToUppercase" storage="/home/chad/repos/witchcityrope-react/tests/witchcityrope.core.tests/bin/debug/net9.0/witchcityrope.core.tests.dll" id="81c4e769-cb62-799e-3506-93d60500134c">
      <Execution id="e5bd4760-b8f1-41c2-95dd-c2170c0a5a8b" />
      <TestMethod codeBase="/home/chad/repos/witchcityrope-react/tests/WitchCityRope.Core.Tests/bin/Debug/net9.0/WitchCityRope.Core.Tests.dll" adapterTypeName="executor://xunit/VsTestRunner3/netcore/" className="WitchCityRope.Core.Tests.ValueObjects.MoneyTests" name="Create_LowercaseCurrency_ConvertsToUppercase" />
    </UnitTest>
    <UnitTest name="WitchCityRope.Core.Tests.ValueObjects.EmailAddressTests.Value_AlwaysLowercase(input: &quot;Test@Example.Com&quot;, expected: &quot;test@example.com&quot;)" storage="/home/chad/repos/witchcityrope-react/tests/witchcityrope.core.tests/bin/debug/net9.0/witchcityrope.core.tests.dll" id="d455764c-ebf5-92ab-8b89-d7a291338524">
      <Execution id="1b0bb327-a067-454d-be0a-a43f87f46f3d" />
      <TestMethod codeBase="/home/chad/repos/witchcityrope-react/tests/WitchCityRope.Core.Tests/bin/Debug/net9.0/WitchCityRope.Core.Tests.dll" adapterTypeName="executor://xunit/VsTestRunner3/netcore/" className="WitchCityRope.Core.Tests.ValueObjects.EmailAddressTests" name="Value_AlwaysLowercase" />
    </UnitTest>
    <UnitTest name="WitchCityRope.Core.Tests.Entities.RegistrationTests.Cancel_PendingRegistration_CancelsSuccessfully" storage="/home/chad/repos/witchcityrope-react/tests/witchcityrope.core.tests/bin/debug/net9.0/witchcityrope.core.tests.dll" id="68159470-54bd-6fc2-a6df-cfd6e298d6cb">
      <Execution id="fc0d8ad3-3b83-402d-b2d0-b2c271ffd567" />
      <TestMethod codeBase="/home/chad/repos/witchcityrope-react/tests/WitchCityRope.Core.Tests/bin/Debug/net9.0/WitchCityRope.Core.Tests.dll" adapterTypeName="executor://xunit/VsTestRunner3/netcore/" className="WitchCityRope.Core.Tests.Entities.RegistrationTests" name="Cancel_PendingRegistration_CancelsSuccessfully" />
    </UnitTest>
    <UnitTest name="WitchCityRope.Core.Tests.ValueObjects.MoneyTests.Equals_DifferentCurrency_ReturnsFalse" storage="/home/chad/repos/witchcityrope-react/tests/witchcityrope.core.tests/bin/debug/net9.0/witchcityrope.core.tests.dll" id="ba8d6819-dbe5-0f3d-526a-f7efd7301504">
      <Execution id="84f1641c-53e1-4d83-8ab8-e9ede0e72419" />
      <TestMethod codeBase="/home/chad/repos/witchcityrope-react/tests/WitchCityRope.Core.Tests/bin/Debug/net9.0/WitchCityRope.Core.Tests.dll" adapterTypeName="executor://xunit/VsTestRunner3/netcore/" className="WitchCityRope.Core.Tests.ValueObjects.MoneyTests" name="Equals_DifferentCurrency_ReturnsFalse" />
    </UnitTest>
    <UnitTest name="WitchCityRope.Core.Tests.ValueObjects.EmailAddressTests.Create_InvalidFormat_ThrowsDomainException(email: &quot;user@&quot;)" storage="/home/chad/repos/witchcityrope-react/tests/witchcityrope.core.tests/bin/debug/net9.0/witchcityrope.core.tests.dll" id="84dcc98b-de79-8a60-e10c-9ece06fa7fb3">
      <Execution id="84a5120f-90a0-485a-9ad2-935024c610d7" />
      <TestMethod codeBase="/home/chad/repos/witchcityrope-react/tests/WitchCityRope.Core.Tests/bin/Debug/net9.0/WitchCityRope.Core.Tests.dll" adapterTypeName="executor://xunit/VsTestRunner3/netcore/" className="WitchCityRope.Core.Tests.ValueObjects.EmailAddressTests" name="Create_InvalidFormat_ThrowsDomainException" />
    </UnitTest>
    <UnitTest name="WitchCityRope.Core.Tests.ValueObjects.MoneyTests.Create_ValidAmount_CreatesSuccessfully(amount: 10.5)" storage="/home/chad/repos/witchcityrope-react/tests/witchcityrope.core.tests/bin/debug/net9.0/witchcityrope.core.tests.dll" id="4b09bb72-974f-d7f4-bee4-dbca350a7176">
      <Execution id="18e7d78a-af86-43f1-8bfb-461d5f5460ce" />
      <TestMethod codeBase="/home/chad/repos/witchcityrope-react/tests/WitchCityRope.Core.Tests/bin/Debug/net9.0/WitchCityRope.Core.Tests.dll" adapterTypeName="executor://xunit/VsTestRunner3/netcore/" className="WitchCityRope.Core.Tests.ValueObjects.MoneyTests" name="Create_ValidAmount_CreatesSuccessfully" />
    </UnitTest>
    <UnitTest name="WitchCityRope.Core.Tests.Entities.EventTests.Constructor_VariousCapacities_CreatesSuccessfully(capacity: 100)" storage="/home/chad/repos/witchcityrope-react/tests/witchcityrope.core.tests/bin/debug/net9.0/witchcityrope.core.tests.dll" id="a1b786bd-3420-a755-d1b7-26283940726c">
      <Execution id="8544be08-3c0e-4482-ad07-efaef2bbd9ad" />
      <TestMethod codeBase="/home/chad/repos/witchcityrope-react/tests/WitchCityRope.Core.Tests/bin/Debug/net9.0/WitchCityRope.Core.Tests.dll" adapterTypeName="executor://xunit/VsTestRunner3/netcore/" className="WitchCityRope.Core.Tests.Entities.EventTests" name="Constructor_VariousCapacities_CreatesSuccessfully" />
    </UnitTest>
    <UnitTest name="WitchCityRope.Core.Tests.Entities.UserTests.Deactivate_ActiveUser_DeactivatesSuccessfully" storage="/home/chad/repos/witchcityrope-react/tests/witchcityrope.core.tests/bin/debug/net9.0/witchcityrope.core.tests.dll" id="390f5574-ce2b-a8b0-ecb1-10d89b55bb71">
      <Execution id="b8db0b1c-4762-40da-a2a8-fa110b6bef0c" />
      <TestMethod codeBase="/home/chad/repos/witchcityrope-react/tests/WitchCityRope.Core.Tests/bin/Debug/net9.0/WitchCityRope.Core.Tests.dll" adapterTypeName="executor://xunit/VsTestRunner3/netcore/" className="WitchCityRope.Core.Tests.Entities.UserTests" name="Deactivate_ActiveUser_DeactivatesSuccessfully" />
    </UnitTest>
    <UnitTest name="WitchCityRope.Core.Tests.ValueObjects.SceneNameTests.Create_ValidSceneName_CreatesSuccessfully(name: &quot;AB&quot;)" storage="/home/chad/repos/witchcityrope-react/tests/witchcityrope.core.tests/bin/debug/net9.0/witchcityrope.core.tests.dll" id="67df0293-27d6-f4c5-0e20-f1ffe205ccc9">
      <Execution id="aa218860-4ea5-4bf8-b6ec-70c15de48f90" />
      <TestMethod codeBase="/home/chad/repos/witchcityrope-react/tests/WitchCityRope.Core.Tests/bin/Debug/net9.0/WitchCityRope.Core.Tests.dll" adapterTypeName="executor://xunit/VsTestRunner3/netcore/" className="WitchCityRope.Core.Tests.ValueObjects.SceneNameTests" name="Create_ValidSceneName_CreatesSuccessfully" />
    </UnitTest>
    <UnitTest name="WitchCityRope.Core.Tests.Entities.EventTests.RemoveOrganizer_MultipleOrganizers_RemovesSuccessfully" storage="/home/chad/repos/witchcityrope-react/tests/witchcityrope.core.tests/bin/debug/net9.0/witchcityrope.core.tests.dll" id="d16237a8-90bf-68f0-8cb9-70c28d5553b3">
      <Execution id="98139201-788d-432a-9e1b-d958ed7ad937" />
      <TestMethod codeBase="/home/chad/repos/witchcityrope-react/tests/WitchCityRope.Core.Tests/bin/Debug/net9.0/WitchCityRope.Core.Tests.dll" adapterTypeName="executor://xunit/VsTestRunner3/netcore/" className="WitchCityRope.Core.Tests.Entities.EventTests" name="RemoveOrganizer_MultipleOrganizers_RemovesSuccessfully" />
    </UnitTest>
    <UnitTest name="WitchCityRope.Core.Tests.Entities.EventTests.Constructor_VariousCapacities_CreatesSuccessfully(capacity: 1)" storage="/home/chad/repos/witchcityrope-react/tests/witchcityrope.core.tests/bin/debug/net9.0/witchcityrope.core.tests.dll" id="13e9326e-8fe8-43a8-c4a7-f5d4fe61d313">
      <Execution id="2174f330-d8d6-4f01-ac18-acd5bb893932" />
      <TestMethod codeBase="/home/chad/repos/witchcityrope-react/tests/WitchCityRope.Core.Tests/bin/Debug/net9.0/WitchCityRope.Core.Tests.dll" adapterTypeName="executor://xunit/VsTestRunner3/netcore/" className="WitchCityRope.Core.Tests.Entities.EventTests" name="Constructor_VariousCapacities_CreatesSuccessfully" />
    </UnitTest>
    <UnitTest name="WitchCityRope.Core.Tests.ValueObjects.EmailAddressTests.GetLocalPart_ValidEmail_ReturnsLocalPart" storage="/home/chad/repos/witchcityrope-react/tests/witchcityrope.core.tests/bin/debug/net9.0/witchcityrope.core.tests.dll" id="b0987aca-f375-7579-f115-4e980fac2fe4">
      <Execution id="a67a628b-acb7-4a9c-bda0-6887dbe31a07" />
      <TestMethod codeBase="/home/chad/repos/witchcityrope-react/tests/WitchCityRope.Core.Tests/bin/Debug/net9.0/WitchCityRope.Core.Tests.dll" adapterTypeName="executor://xunit/VsTestRunner3/netcore/" className="WitchCityRope.Core.Tests.ValueObjects.EmailAddressTests" name="GetLocalPart_ValidEmail_ReturnsLocalPart" />
    </UnitTest>
    <UnitTest name="WitchCityRope.Core.Tests.ValueObjects.EmailAddressTests.TryCreate_InvalidEmail_ReturnsFalse(invalidEmail: &quot;@example.com&quot;)" storage="/home/chad/repos/witchcityrope-react/tests/witchcityrope.core.tests/bin/debug/net9.0/witchcityrope.core.tests.dll" id="2c65e45d-6c80-9ae7-ff51-b65cb1415f9c">
      <Execution id="32376406-5bc9-4b86-bdb3-dd3d807cf25b" />
      <TestMethod codeBase="/home/chad/repos/witchcityrope-react/tests/WitchCityRope.Core.Tests/bin/Debug/net9.0/WitchCityRope.Core.Tests.dll" adapterTypeName="executor://xunit/VsTestRunner3/netcore/" className="WitchCityRope.Core.Tests.ValueObjects.EmailAddressTests" name="TryCreate_InvalidEmail_ReturnsFalse" />
    </UnitTest>
    <UnitTest name="WitchCityRope.Core.Tests.ValueObjects.EmailAddressTests.Create_InvalidFormat_ThrowsDomainException(email: &quot;user@exam ple.com&quot;)" storage="/home/chad/repos/witchcityrope-react/tests/witchcityrope.core.tests/bin/debug/net9.0/witchcityrope.core.tests.dll" id="f59f7a21-07b4-832f-fda9-0f8e86b99025">
      <Execution id="04477ff1-5771-4a4c-915e-608f19b0ca7b" />
      <TestMethod codeBase="/home/chad/repos/witchcityrope-react/tests/WitchCityRope.Core.Tests/bin/Debug/net9.0/WitchCityRope.Core.Tests.dll" adapterTypeName="executor://xunit/VsTestRunner3/netcore/" className="WitchCityRope.Core.Tests.ValueObjects.EmailAddressTests" name="Create_InvalidFormat_ThrowsDomainException" />
    </UnitTest>
    <UnitTest name="WitchCityRope.Core.Tests.ValueObjects.EmailAddressTests.Create_EmailWithWhitespace_TrimsSuccessfully" storage="/home/chad/repos/witchcityrope-react/tests/witchcityrope.core.tests/bin/debug/net9.0/witchcityrope.core.tests.dll" id="9bb9adcb-9120-fe9b-ae69-727878a9049c">
      <Execution id="3b78f977-cd24-4b98-b323-35dd571f71d0" />
      <TestMethod codeBase="/home/chad/repos/witchcityrope-react/tests/WitchCityRope.Core.Tests/bin/Debug/net9.0/WitchCityRope.Core.Tests.dll" adapterTypeName="executor://xunit/VsTestRunner3/netcore/" className="WitchCityRope.Core.Tests.ValueObjects.EmailAddressTests" name="Create_EmailWithWhitespace_TrimsSuccessfully" />
    </UnitTest>
    <UnitTest name="WitchCityRope.Core.Tests.ValueObjects.SceneNameTests.CaseInsensitiveComparison_WorksCorrectly(name1: &quot;SCENE NAME&quot;, name2: &quot;Scene Name&quot;)" storage="/home/chad/repos/witchcityrope-react/tests/witchcityrope.core.tests/bin/debug/net9.0/witchcityrope.core.tests.dll" id="13649248-17fa-672a-9167-63b725801bed">
      <Execution id="a7643f0a-8ffa-46d9-9df5-0e1dff47fb6c" />
      <TestMethod codeBase="/home/chad/repos/witchcityrope-react/tests/WitchCityRope.Core.Tests/bin/Debug/net9.0/WitchCityRope.Core.Tests.dll" adapterTypeName="executor://xunit/VsTestRunner3/netcore/" className="WitchCityRope.Core.Tests.ValueObjects.SceneNameTests" name="CaseInsensitiveComparison_WorksCorrectly" />
    </UnitTest>
    <UnitTest name="WitchCityRope.Core.Tests.ValueObjects.SceneNameTests.Create_EmptyOrNull_ThrowsArgumentException(name: null)" storage="/home/chad/repos/witchcityrope-react/tests/witchcityrope.core.tests/bin/debug/net9.0/witchcityrope.core.tests.dll" id="0c59e933-24d5-adbb-33bf-d68b154cd5f8">
      <Execution id="c36d96cd-d4ca-4bcc-a904-ec4ff6d06c8c" />
      <TestMethod codeBase="/home/chad/repos/witchcityrope-react/tests/WitchCityRope.Core.Tests/bin/Debug/net9.0/WitchCityRope.Core.Tests.dll" adapterTypeName="executor://xunit/VsTestRunner3/netcore/" className="WitchCityRope.Core.Tests.ValueObjects.SceneNameTests" name="Create_EmptyOrNull_ThrowsArgumentException" />
    </UnitTest>
    <UnitTest name="WitchCityRope.Core.Tests.Entities.EventTests.UpdateCapacity_LessThanConfirmedRegistrations_ThrowsDomainException" storage="/home/chad/repos/witchcityrope-react/tests/witchcityrope.core.tests/bin/debug/net9.0/witchcityrope.core.tests.dll" id="e773b851-8c18-36bf-b413-b6eff82ab4e8">
      <Execution id="87f03796-2682-4908-8201-c4c400879e06" />
      <TestMethod codeBase="/home/chad/repos/witchcityrope-react/tests/WitchCityRope.Core.Tests/bin/Debug/net9.0/WitchCityRope.Core.Tests.dll" adapterTypeName="executor://xunit/VsTestRunner3/netcore/" className="WitchCityRope.Core.Tests.Entities.EventTests" name="UpdateCapacity_LessThanConfirmedRegistrations_ThrowsDomainException" />
    </UnitTest>
    <UnitTest name="WitchCityRope.Core.Tests.ValueObjects.SceneNameTests.CaseInsensitiveComparison_WorksCorrectly(name1: &quot;scene name&quot;, name2: &quot;SCENE NAME&quot;)" storage="/home/chad/repos/witchcityrope-react/tests/witchcityrope.core.tests/bin/debug/net9.0/witchcityrope.core.tests.dll" id="dcd2f006-b615-aca4-03f2-93049cc2989f">
      <Execution id="fc93cd09-ab49-46af-9c7f-bf791f4cd5a0" />
      <TestMethod codeBase="/home/chad/repos/witchcityrope-react/tests/WitchCityRope.Core.Tests/bin/Debug/net9.0/WitchCityRope.Core.Tests.dll" adapterTypeName="executor://xunit/VsTestRunner3/netcore/" className="WitchCityRope.Core.Tests.ValueObjects.SceneNameTests" name="CaseInsensitiveComparison_WorksCorrectly" />
    </UnitTest>
    <UnitTest name="WitchCityRope.Core.Tests.Entities.EventTests.HasAvailableCapacity_SpotsAvailable_ReturnsTrue" storage="/home/chad/repos/witchcityrope-react/tests/witchcityrope.core.tests/bin/debug/net9.0/witchcityrope.core.tests.dll" id="cff969f1-ffa2-d5f1-9715-5a871f37fe84">
      <Execution id="dce98f8a-704d-4672-bb63-cdf9dc61d9a0" />
      <TestMethod codeBase="/home/chad/repos/witchcityrope-react/tests/WitchCityRope.Core.Tests/bin/Debug/net9.0/WitchCityRope.Core.Tests.dll" adapterTypeName="executor://xunit/VsTestRunner3/netcore/" className="WitchCityRope.Core.Tests.Entities.EventTests" name="HasAvailableCapacity_SpotsAvailable_ReturnsTrue" />
    </UnitTest>
    <UnitTest name="WitchCityRope.Core.Tests.ValueObjects.EmailAddressTests.DisplayValue_PreservesOriginalCase(input: &quot;test@example.com&quot;, expected: &quot;test@example.com&quot;)" storage="/home/chad/repos/witchcityrope-react/tests/witchcityrope.core.tests/bin/debug/net9.0/witchcityrope.core.tests.dll" id="0eea5cf3-5217-2650-bfc6-55dedab95adb">
      <Execution id="f8c464d3-8889-4980-83a4-fc114260bff0" />
      <TestMethod codeBase="/home/chad/repos/witchcityrope-react/tests/WitchCityRope.Core.Tests/bin/Debug/net9.0/WitchCityRope.Core.Tests.dll" adapterTypeName="executor://xunit/VsTestRunner3/netcore/" className="WitchCityRope.Core.Tests.ValueObjects.EmailAddressTests" name="DisplayValue_PreservesOriginalCase" />
    </UnitTest>
    <UnitTest name="WitchCityRope.Core.Tests.ValueObjects.MoneyTests.Zero_DefaultCurrency_CreatesZeroUSD" storage="/home/chad/repos/witchcityrope-react/tests/witchcityrope.core.tests/bin/debug/net9.0/witchcityrope.core.tests.dll" id="f8ab723d-cb6b-49c6-5dbb-7ffd207243cd">
      <Execution id="cf23ba3f-8510-4186-ba6d-25d20a00aa72" />
      <TestMethod codeBase="/home/chad/repos/witchcityrope-react/tests/WitchCityRope.Core.Tests/bin/Debug/net9.0/WitchCityRope.Core.Tests.dll" adapterTypeName="executor://xunit/VsTestRunner3/netcore/" className="WitchCityRope.Core.Tests.ValueObjects.MoneyTests" name="Zero_DefaultCurrency_CreatesZeroUSD" />
    </UnitTest>
    <UnitTest name="WitchCityRope.Core.Tests.ValueObjects.SceneNameTests.Equals_SameNameDifferentCase_ReturnsTrue" storage="/home/chad/repos/witchcityrope-react/tests/witchcityrope.core.tests/bin/debug/net9.0/witchcityrope.core.tests.dll" id="2afd6f8f-09b7-0e10-bd97-8673e46b5e39">
      <Execution id="374d9db2-5011-4ef7-b02d-0bcd879d3161" />
      <TestMethod codeBase="/home/chad/repos/witchcityrope-react/tests/WitchCityRope.Core.Tests/bin/Debug/net9.0/WitchCityRope.Core.Tests.dll" adapterTypeName="executor://xunit/VsTestRunner3/netcore/" className="WitchCityRope.Core.Tests.ValueObjects.SceneNameTests" name="Equals_SameNameDifferentCase_ReturnsTrue" />
    </UnitTest>
    <UnitTest name="WitchCityRope.Core.Tests.Entities.EventTests.Unpublish_PublishedEventNoRegistrations_UnpublishesSuccessfully" storage="/home/chad/repos/witchcityrope-react/tests/witchcityrope.core.tests/bin/debug/net9.0/witchcityrope.core.tests.dll" id="008887e8-4708-1efe-5a02-72d0dd65e958">
      <Execution id="412f6e00-d95c-4f7d-9ba8-9c61e90a3360" />
      <TestMethod codeBase="/home/chad/repos/witchcityrope-react/tests/WitchCityRope.Core.Tests/bin/Debug/net9.0/WitchCityRope.Core.Tests.dll" adapterTypeName="executor://xunit/VsTestRunner3/netcore/" className="WitchCityRope.Core.Tests.Entities.EventTests" name="Unpublish_PublishedEventNoRegistrations_UnpublishesSuccessfully" />
    </UnitTest>
    <UnitTest name="WitchCityRope.Core.Tests.ValueObjects.MoneyTests.Zero_SpecificCurrency_CreatesZeroWithCurrency" storage="/home/chad/repos/witchcityrope-react/tests/witchcityrope.core.tests/bin/debug/net9.0/witchcityrope.core.tests.dll" id="e0e2ea60-cab1-78b6-670e-13c80cc25fc2">
      <Execution id="e06a0a5a-eed4-4487-80a6-e24fb63256eb" />
      <TestMethod codeBase="/home/chad/repos/witchcityrope-react/tests/WitchCityRope.Core.Tests/bin/Debug/net9.0/WitchCityRope.Core.Tests.dll" adapterTypeName="executor://xunit/VsTestRunner3/netcore/" className="WitchCityRope.Core.Tests.ValueObjects.MoneyTests" name="Zero_SpecificCurrency_CreatesZeroWithCurrency" />
    </UnitTest>
    <UnitTest name="WitchCityRope.Core.Tests.ValueObjects.EmailAddressTests.ToString_ReturnsDisplayValue" storage="/home/chad/repos/witchcityrope-react/tests/witchcityrope.core.tests/bin/debug/net9.0/witchcityrope.core.tests.dll" id="40c5fe37-8eee-b570-c8e5-584c9555dd5b">
      <Execution id="4ac840d0-67fd-4e8a-9eac-2416d9f5271a" />
      <TestMethod codeBase="/home/chad/repos/witchcityrope-react/tests/WitchCityRope.Core.Tests/bin/Debug/net9.0/WitchCityRope.Core.Tests.dll" adapterTypeName="executor://xunit/VsTestRunner3/netcore/" className="WitchCityRope.Core.Tests.ValueObjects.EmailAddressTests" name="ToString_ReturnsDisplayValue" />
    </UnitTest>
    <UnitTest name="WitchCityRope.Core.Tests.Entities.RegistrationTests.StatusTransitions_VariousScenarios_BehavesCorrectly(initialStatus: CheckedIn, targetStatus: Cancelled, shouldSucceed: False)" storage="/home/chad/repos/witchcityrope-react/tests/witchcityrope.core.tests/bin/debug/net9.0/witchcityrope.core.tests.dll" id="3462bc0a-8d33-ca36-1dea-0c030b723bac">
      <Execution id="9c6f0b36-9c61-4a9d-a339-c49c7db4b637" />
      <TestMethod codeBase="/home/chad/repos/witchcityrope-react/tests/WitchCityRope.Core.Tests/bin/Debug/net9.0/WitchCityRope.Core.Tests.dll" adapterTypeName="executor://xunit/VsTestRunner3/netcore/" className="WitchCityRope.Core.Tests.Entities.RegistrationTests" name="StatusTransitions_VariousScenarios_BehavesCorrectly" />
    </UnitTest>
    <UnitTest name="WitchCityRope.Core.Tests.Entities.RegistrationTests.StatusTransitions_VariousScenarios_BehavesCorrectly(initialStatus: Confirmed, targetStatus: CheckedIn, shouldSucceed: True)" storage="/home/chad/repos/witchcityrope-react/tests/witchcityrope.core.tests/bin/debug/net9.0/witchcityrope.core.tests.dll" id="29518f0a-7330-4b80-0907-a4ac839337bc">
      <Execution id="57cba932-b6c3-4667-aef1-7bddb85561bb" />
      <TestMethod codeBase="/home/chad/repos/witchcityrope-react/tests/WitchCityRope.Core.Tests/bin/Debug/net9.0/WitchCityRope.Core.Tests.dll" adapterTypeName="executor://xunit/VsTestRunner3/netcore/" className="WitchCityRope.Core.Tests.Entities.RegistrationTests" name="StatusTransitions_VariousScenarios_BehavesCorrectly" />
    </UnitTest>
    <UnitTest name="WitchCityRope.Core.Tests.ValueObjects.EmailAddressTests.Value_AlwaysLowercase(input: &quot;test@example.com&quot;, expected: &quot;test@example.com&quot;)" storage="/home/chad/repos/witchcityrope-react/tests/witchcityrope.core.tests/bin/debug/net9.0/witchcityrope.core.tests.dll" id="a7c3958c-ed08-701d-04ac-eb4a143df517">
      <Execution id="ef18323a-2c81-4fb6-81f0-6f28e009d567" />
      <TestMethod codeBase="/home/chad/repos/witchcityrope-react/tests/WitchCityRope.Core.Tests/bin/Debug/net9.0/WitchCityRope.Core.Tests.dll" adapterTypeName="executor://xunit/VsTestRunner3/netcore/" className="WitchCityRope.Core.Tests.ValueObjects.EmailAddressTests" name="Value_AlwaysLowercase" />
    </UnitTest>
    <UnitTest name="WitchCityRope.Core.Tests.ValueObjects.MoneyTests.OperatorPlus_SameCurrency_AddsSuccessfully" storage="/home/chad/repos/witchcityrope-react/tests/witchcityrope.core.tests/bin/debug/net9.0/witchcityrope.core.tests.dll" id="b7ca36a5-b386-7d2d-22ea-8eeb210acc8b">
      <Execution id="e692726e-8d11-47fb-886b-c0a7cfd246b8" />
      <TestMethod codeBase="/home/chad/repos/witchcityrope-react/tests/WitchCityRope.Core.Tests/bin/Debug/net9.0/WitchCityRope.Core.Tests.dll" adapterTypeName="executor://xunit/VsTestRunner3/netcore/" className="WitchCityRope.Core.Tests.ValueObjects.MoneyTests" name="OperatorPlus_SameCurrency_AddsSuccessfully" />
    </UnitTest>
    <UnitTest name="WitchCityRope.Core.Tests.ValueObjects.MoneyTests.Subtract_DifferentCurrency_ThrowsDomainException" storage="/home/chad/repos/witchcityrope-react/tests/witchcityrope.core.tests/bin/debug/net9.0/witchcityrope.core.tests.dll" id="a17f7256-4498-6316-6913-96f986b70443">
      <Execution id="77323e19-8b01-435d-8d99-f2e077247322" />
      <TestMethod codeBase="/home/chad/repos/witchcityrope-react/tests/WitchCityRope.Core.Tests/bin/Debug/net9.0/WitchCityRope.Core.Tests.dll" adapterTypeName="executor://xunit/VsTestRunner3/netcore/" className="WitchCityRope.Core.Tests.ValueObjects.MoneyTests" name="Subtract_DifferentCurrency_ThrowsDomainException" />
    </UnitTest>
    <UnitTest name="WitchCityRope.Core.Tests.ValueObjects.MoneyTests.Create_ValidAmount_CreatesSuccessfully(amount: 0.01)" storage="/home/chad/repos/witchcityrope-react/tests/witchcityrope.core.tests/bin/debug/net9.0/witchcityrope.core.tests.dll" id="0d2531b7-57a8-6cf2-eb3a-7be7131df56a">
      <Execution id="78498cdd-abcf-428a-9259-62e858e706fc" />
      <TestMethod codeBase="/home/chad/repos/witchcityrope-react/tests/WitchCityRope.Core.Tests/bin/Debug/net9.0/WitchCityRope.Core.Tests.dll" adapterTypeName="executor://xunit/VsTestRunner3/netcore/" className="WitchCityRope.Core.Tests.ValueObjects.MoneyTests" name="Create_ValidAmount_CreatesSuccessfully" />
    </UnitTest>
    <UnitTest name="WitchCityRope.Core.Tests.Entities.EventTests.UpdateCapacity_IncreaseCapacity_UpdatesSuccessfully" storage="/home/chad/repos/witchcityrope-react/tests/witchcityrope.core.tests/bin/debug/net9.0/witchcityrope.core.tests.dll" id="05cc17c1-28ea-dce3-3c35-bd28b793225a">
      <Execution id="efaeed1b-1a7b-4f1f-90f9-787735bf7663" />
      <TestMethod codeBase="/home/chad/repos/witchcityrope-react/tests/WitchCityRope.Core.Tests/bin/Debug/net9.0/WitchCityRope.Core.Tests.dll" adapterTypeName="executor://xunit/VsTestRunner3/netcore/" className="WitchCityRope.Core.Tests.Entities.EventTests" name="UpdateCapacity_IncreaseCapacity_UpdatesSuccessfully" />
    </UnitTest>
    <UnitTest name="WitchCityRope.Core.Tests.ValueObjects.EmailAddressTests.GetDomain_ValidEmail_ReturnsDomain" storage="/home/chad/repos/witchcityrope-react/tests/witchcityrope.core.tests/bin/debug/net9.0/witchcityrope.core.tests.dll" id="050a66e0-21ae-c17c-375d-3763e7631c09">
      <Execution id="268ebcec-56ca-4927-b1d9-3087173adc7a" />
      <TestMethod codeBase="/home/chad/repos/witchcityrope-react/tests/WitchCityRope.Core.Tests/bin/Debug/net9.0/WitchCityRope.Core.Tests.dll" adapterTypeName="executor://xunit/VsTestRunner3/netcore/" className="WitchCityRope.Core.Tests.ValueObjects.EmailAddressTests" name="GetDomain_ValidEmail_ReturnsDomain" />
    </UnitTest>
    <UnitTest name="WitchCityRope.Core.Tests.Entities.EventTests.PricingTiers_SlidingScale_MaintainsOrder" storage="/home/chad/repos/witchcityrope-react/tests/witchcityrope.core.tests/bin/debug/net9.0/witchcityrope.core.tests.dll" id="2838e25d-5b0f-3a89-fae4-3fa22a310c96">
      <Execution id="b99ae2c3-2cec-47f8-a680-dd878688a0d6" />
      <TestMethod codeBase="/home/chad/repos/witchcityrope-react/tests/WitchCityRope.Core.Tests/bin/Debug/net9.0/WitchCityRope.Core.Tests.dll" adapterTypeName="executor://xunit/VsTestRunner3/netcore/" className="WitchCityRope.Core.Tests.Entities.EventTests" name="PricingTiers_SlidingScale_MaintainsOrder" />
    </UnitTest>
    <UnitTest name="WitchCityRope.Core.Tests.ValueObjects.EmailAddressTests.TryCreate_InvalidEmail_ReturnsFalse(invalidEmail: &quot;notanemail&quot;)" storage="/home/chad/repos/witchcityrope-react/tests/witchcityrope.core.tests/bin/debug/net9.0/witchcityrope.core.tests.dll" id="85f2852e-58e5-6345-60a2-fbf11f9a2020">
      <Execution id="d159e579-7fe3-42d7-bd56-804c1bc462cf" />
      <TestMethod codeBase="/home/chad/repos/witchcityrope-react/tests/WitchCityRope.Core.Tests/bin/Debug/net9.0/WitchCityRope.Core.Tests.dll" adapterTypeName="executor://xunit/VsTestRunner3/netcore/" className="WitchCityRope.Core.Tests.ValueObjects.EmailAddressTests" name="TryCreate_InvalidEmail_ReturnsFalse" />
    </UnitTest>
    <UnitTest name="WitchCityRope.Core.Tests.ValueObjects.MoneyTests.Create_ValidCurrency_CreatesSuccessfully(currency: &quot;EUR&quot;)" storage="/home/chad/repos/witchcityrope-react/tests/witchcityrope.core.tests/bin/debug/net9.0/witchcityrope.core.tests.dll" id="9999148d-bc60-e4a0-453e-526e689ed5b8">
      <Execution id="0e565d32-784a-4640-8a9c-c14a4c137c91" />
      <TestMethod codeBase="/home/chad/repos/witchcityrope-react/tests/WitchCityRope.Core.Tests/bin/Debug/net9.0/WitchCityRope.Core.Tests.dll" adapterTypeName="executor://xunit/VsTestRunner3/netcore/" className="WitchCityRope.Core.Tests.ValueObjects.MoneyTests" name="Create_ValidCurrency_CreatesSuccessfully" />
    </UnitTest>
    <UnitTest name="WitchCityRope.Core.Tests.Entities.RegistrationTests.Confirm_NullPayment_ThrowsArgumentNullException" storage="/home/chad/repos/witchcityrope-react/tests/witchcityrope.core.tests/bin/debug/net9.0/witchcityrope.core.tests.dll" id="290b34ee-8997-dfca-77ff-82ad44a16796">
      <Execution id="398b1084-2fac-42b3-9497-32d3aefd6bc8" />
      <TestMethod codeBase="/home/chad/repos/witchcityrope-react/tests/WitchCityRope.Core.Tests/bin/Debug/net9.0/WitchCityRope.Core.Tests.dll" adapterTypeName="executor://xunit/VsTestRunner3/netcore/" className="WitchCityRope.Core.Tests.Entities.RegistrationTests" name="Confirm_NullPayment_ThrowsArgumentNullException" />
    </UnitTest>
    <UnitTest name="WitchCityRope.Core.Tests.Entities.EventTests.UpdateDetails_ValidData_UpdatesSuccessfully" storage="/home/chad/repos/witchcityrope-react/tests/witchcityrope.core.tests/bin/debug/net9.0/witchcityrope.core.tests.dll" id="82f3a02b-31ab-4418-9795-a2a1b8d17627">
      <Execution id="e3e46331-ba48-4712-afe9-1a67cba57755" />
      <TestMethod codeBase="/home/chad/repos/witchcityrope-react/tests/WitchCityRope.Core.Tests/bin/Debug/net9.0/WitchCityRope.Core.Tests.dll" adapterTypeName="executor://xunit/VsTestRunner3/netcore/" className="WitchCityRope.Core.Tests.Entities.EventTests" name="UpdateDetails_ValidData_UpdatesSuccessfully" />
    </UnitTest>
    <UnitTest name="WitchCityRope.Core.Tests.ValueObjects.EmailAddressTests.Create_InvalidFormat_ThrowsDomainException(email: &quot;user@.com&quot;)" storage="/home/chad/repos/witchcityrope-react/tests/witchcityrope.core.tests/bin/debug/net9.0/witchcityrope.core.tests.dll" id="c0556428-c4f1-258f-1a7f-499a722b016e">
      <Execution id="53d69927-f80e-4ef5-b384-4d3622617b0f" />
      <TestMethod codeBase="/home/chad/repos/witchcityrope-react/tests/WitchCityRope.Core.Tests/bin/Debug/net9.0/WitchCityRope.Core.Tests.dll" adapterTypeName="executor://xunit/VsTestRunner3/netcore/" className="WitchCityRope.Core.Tests.ValueObjects.EmailAddressTests" name="Create_InvalidFormat_ThrowsDomainException" />
    </UnitTest>
    <UnitTest name="WitchCityRope.Core.Tests.ValueObjects.EmailAddressTests.TryCreate_InvalidEmail_ReturnsFalse(invalidEmail: null)" storage="/home/chad/repos/witchcityrope-react/tests/witchcityrope.core.tests/bin/debug/net9.0/witchcityrope.core.tests.dll" id="ef439f9a-370d-abf0-fc41-3f1c34b7e801">
      <Execution id="d9903c1a-d0c2-40c0-9f22-05c3c2f3f27f" />
      <TestMethod codeBase="/home/chad/repos/witchcityrope-react/tests/WitchCityRope.Core.Tests/bin/Debug/net9.0/WitchCityRope.Core.Tests.dll" adapterTypeName="executor://xunit/VsTestRunner3/netcore/" className="WitchCityRope.Core.Tests.ValueObjects.EmailAddressTests" name="TryCreate_InvalidEmail_ReturnsFalse" />
    </UnitTest>
    <UnitTest name="WitchCityRope.Core.Tests.ValueObjects.SceneNameTests.ToString_ReturnsValue" storage="/home/chad/repos/witchcityrope-react/tests/witchcityrope.core.tests/bin/debug/net9.0/witchcityrope.core.tests.dll" id="f7d23e18-a648-9711-77fa-7ea2bf00eb97">
      <Execution id="dd6b84cb-ccc3-42f4-b7c3-063e38e37c73" />
      <TestMethod codeBase="/home/chad/repos/witchcityrope-react/tests/WitchCityRope.Core.Tests/bin/Debug/net9.0/WitchCityRope.Core.Tests.dll" adapterTypeName="executor://xunit/VsTestRunner3/netcore/" className="WitchCityRope.Core.Tests.ValueObjects.SceneNameTests" name="ToString_ReturnsValue" />
    </UnitTest>
    <UnitTest name="WitchCityRope.Core.Tests.Entities.EventTests.Publish_AlreadyPublished_ThrowsDomainException" storage="/home/chad/repos/witchcityrope-react/tests/witchcityrope.core.tests/bin/debug/net9.0/witchcityrope.core.tests.dll" id="2b3fb6ad-f8dd-9716-9a2a-ebbd430d3b9e">
      <Execution id="6780c9bd-5909-4eeb-8c41-f76fdb35081a" />
      <TestMethod codeBase="/home/chad/repos/witchcityrope-react/tests/WitchCityRope.Core.Tests/bin/Debug/net9.0/WitchCityRope.Core.Tests.dll" adapterTypeName="executor://xunit/VsTestRunner3/netcore/" className="WitchCityRope.Core.Tests.Entities.EventTests" name="Publish_AlreadyPublished_ThrowsDomainException" />
    </UnitTest>
    <UnitTest name="WitchCityRope.Core.Tests.Entities.RegistrationTests.IsEligibleForRefund_NotCancelled_ReturnsFalse" storage="/home/chad/repos/witchcityrope-react/tests/witchcityrope.core.tests/bin/debug/net9.0/witchcityrope.core.tests.dll" id="69a533cc-02b9-6682-8046-8e98933b150c">
      <Execution id="581b28e3-7c49-4255-b0bc-83546e4270e6" />
      <TestMethod codeBase="/home/chad/repos/witchcityrope-react/tests/WitchCityRope.Core.Tests/bin/Debug/net9.0/WitchCityRope.Core.Tests.dll" adapterTypeName="executor://xunit/VsTestRunner3/netcore/" className="WitchCityRope.Core.Tests.Entities.RegistrationTests" name="IsEligibleForRefund_NotCancelled_ReturnsFalse" />
    </UnitTest>
    <UnitTest name="WitchCityRope.Core.Tests.Entities.RegistrationTests.StatusTransitions_VariousScenarios_BehavesCorrectly(initialStatus: Confirmed, targetStatus: Cancelled, shouldSucceed: True)" storage="/home/chad/repos/witchcityrope-react/tests/witchcityrope.core.tests/bin/debug/net9.0/witchcityrope.core.tests.dll" id="69a09f52-376a-6f0b-5082-61e182c0b318">
      <Execution id="5087c455-d172-4235-93e1-8fe36234bcc8" />
      <TestMethod codeBase="/home/chad/repos/witchcityrope-react/tests/WitchCityRope.Core.Tests/bin/Debug/net9.0/WitchCityRope.Core.Tests.dll" adapterTypeName="executor://xunit/VsTestRunner3/netcore/" className="WitchCityRope.Core.Tests.Entities.RegistrationTests" name="StatusTransitions_VariousScenarios_BehavesCorrectly" />
    </UnitTest>
    <UnitTest name="WitchCityRope.Core.Tests.Entities.RegistrationTests.StatusTransitions_VariousScenarios_BehavesCorrectly(initialStatus: Pending, targetStatus: Cancelled, shouldSucceed: True)" storage="/home/chad/repos/witchcityrope-react/tests/witchcityrope.core.tests/bin/debug/net9.0/witchcityrope.core.tests.dll" id="b3adae82-3060-af8b-8907-f3afdf3e3905">
      <Execution id="b133ed1e-b020-4d03-9038-1338dc4cede3" />
      <TestMethod codeBase="/home/chad/repos/witchcityrope-react/tests/WitchCityRope.Core.Tests/bin/Debug/net9.0/WitchCityRope.Core.Tests.dll" adapterTypeName="executor://xunit/VsTestRunner3/netcore/" className="WitchCityRope.Core.Tests.Entities.RegistrationTests" name="StatusTransitions_VariousScenarios_BehavesCorrectly" />
    </UnitTest>
    <UnitTest name="WitchCityRope.Core.Tests.ValueObjects.MoneyTests.CompareTo_SameCurrency_ComparesAmounts" storage="/home/chad/repos/witchcityrope-react/tests/witchcityrope.core.tests/bin/debug/net9.0/witchcityrope.core.tests.dll" id="9453135b-223b-97a5-cd9b-6df89673c33a">
      <Execution id="50d5011d-3c26-410e-a939-f97f5c2d2eee" />
      <TestMethod codeBase="/home/chad/repos/witchcityrope-react/tests/WitchCityRope.Core.Tests/bin/Debug/net9.0/WitchCityRope.Core.Tests.dll" adapterTypeName="executor://xunit/VsTestRunner3/netcore/" className="WitchCityRope.Core.Tests.ValueObjects.MoneyTests" name="CompareTo_SameCurrency_ComparesAmounts" />
    </UnitTest>
    <UnitTest name="WitchCityRope.Core.Tests.Entities.UserTests.PromoteToRole_VariousScenarios_BehavesCorrectly(currentRole: Organizer, newRole: Member, shouldSucceed: False)" storage="/home/chad/repos/witchcityrope-react/tests/witchcityrope.core.tests/bin/debug/net9.0/witchcityrope.core.tests.dll" id="8e5b6cc8-b426-b5a6-a2e6-d33c03b3846d">
      <Execution id="8a64ad0b-cc2b-44e6-a196-895ace2390e8" />
      <TestMethod codeBase="/home/chad/repos/witchcityrope-react/tests/WitchCityRope.Core.Tests/bin/Debug/net9.0/WitchCityRope.Core.Tests.dll" adapterTypeName="executor://xunit/VsTestRunner3/netcore/" className="WitchCityRope.Core.Tests.Entities.UserTests" name="PromoteToRole_VariousScenarios_BehavesCorrectly" />
    </UnitTest>
    <UnitTest name="WitchCityRope.Core.Tests.ValueObjects.SceneNameTests.Equals_NullSceneName_ReturnsFalse" storage="/home/chad/repos/witchcityrope-react/tests/witchcityrope.core.tests/bin/debug/net9.0/witchcityrope.core.tests.dll" id="de32cd1b-7d7c-7f38-c9ad-12abae7a7f92">
      <Execution id="0d9f1944-379e-4d5d-a0d5-4e8c3da4c999" />
      <TestMethod codeBase="/home/chad/repos/witchcityrope-react/tests/WitchCityRope.Core.Tests/bin/Debug/net9.0/WitchCityRope.Core.Tests.dll" adapterTypeName="executor://xunit/VsTestRunner3/netcore/" className="WitchCityRope.Core.Tests.ValueObjects.SceneNameTests" name="Equals_NullSceneName_ReturnsFalse" />
    </UnitTest>
    <UnitTest name="WitchCityRope.Core.Tests.ValueObjects.MoneyTests.Equals_SameAmountAndCurrency_ReturnsTrue" storage="/home/chad/repos/witchcityrope-react/tests/witchcityrope.core.tests/bin/debug/net9.0/witchcityrope.core.tests.dll" id="cba69a7c-5c84-d4de-0599-cdcdb4c5885a">
      <Execution id="309e272a-146f-4903-bc1d-2a37520ccabc" />
      <TestMethod codeBase="/home/chad/repos/witchcityrope-react/tests/WitchCityRope.Core.Tests/bin/Debug/net9.0/WitchCityRope.Core.Tests.dll" adapterTypeName="executor://xunit/VsTestRunner3/netcore/" className="WitchCityRope.Core.Tests.ValueObjects.MoneyTests" name="Equals_SameAmountAndCurrency_ReturnsTrue" />
    </UnitTest>
    <UnitTest name="WitchCityRope.Core.Tests.Entities.RegistrationTests.UpdateDietaryRestrictions_CancelledRegistration_ThrowsDomainException" storage="/home/chad/repos/witchcityrope-react/tests/witchcityrope.core.tests/bin/debug/net9.0/witchcityrope.core.tests.dll" id="c214f8b2-fb5d-eb0c-dc8f-b53e5bf80bd1">
      <Execution id="5da031aa-0064-4c61-8a23-06f64b0d9b7c" />
      <TestMethod codeBase="/home/chad/repos/witchcityrope-react/tests/WitchCityRope.Core.Tests/bin/Debug/net9.0/WitchCityRope.Core.Tests.dll" adapterTypeName="executor://xunit/VsTestRunner3/netcore/" className="WitchCityRope.Core.Tests.Entities.RegistrationTests" name="UpdateDietaryRestrictions_CancelledRegistration_ThrowsDomainException" />
    </UnitTest>
    <UnitTest name="WitchCityRope.Core.Tests.ValueObjects.SceneNameTests.Equals_WithObject_WorksCorrectly" storage="/home/chad/repos/witchcityrope-react/tests/witchcityrope.core.tests/bin/debug/net9.0/witchcityrope.core.tests.dll" id="8733cb82-c09e-1fe6-efe8-6e4e312806a6">
      <Execution id="1260124f-c185-4bde-be62-2d3fde9f4d51" />
      <TestMethod codeBase="/home/chad/repos/witchcityrope-react/tests/WitchCityRope.Core.Tests/bin/Debug/net9.0/WitchCityRope.Core.Tests.dll" adapterTypeName="executor://xunit/VsTestRunner3/netcore/" className="WitchCityRope.Core.Tests.ValueObjects.SceneNameTests" name="Equals_WithObject_WorksCorrectly" />
    </UnitTest>
    <UnitTest name="WitchCityRope.Core.Tests.Entities.UserTests.PromoteToRole_VariousScenarios_BehavesCorrectly(currentRole: Attendee, newRole: Member, shouldSucceed: True)" storage="/home/chad/repos/witchcityrope-react/tests/witchcityrope.core.tests/bin/debug/net9.0/witchcityrope.core.tests.dll" id="2d987cbc-fd5e-628e-2b30-915e893db291">
      <Execution id="15feea94-76d0-4613-8b67-a940ba60f35d" />
      <TestMethod codeBase="/home/chad/repos/witchcityrope-react/tests/WitchCityRope.Core.Tests/bin/Debug/net9.0/WitchCityRope.Core.Tests.dll" adapterTypeName="executor://xunit/VsTestRunner3/netcore/" className="WitchCityRope.Core.Tests.Entities.UserTests" name="PromoteToRole_VariousScenarios_BehavesCorrectly" />
    </UnitTest>
    <UnitTest name="WitchCityRope.Core.Tests.Entities.EventTests.UpdateDates_StartDateInPast_ThrowsDomainException" storage="/home/chad/repos/witchcityrope-react/tests/witchcityrope.core.tests/bin/debug/net9.0/witchcityrope.core.tests.dll" id="10000ed7-f77c-a414-a92a-a0c685e3c96d">
      <Execution id="b849ec10-9f1f-4b3d-b669-a30115ea5cf5" />
      <TestMethod codeBase="/home/chad/repos/witchcityrope-react/tests/WitchCityRope.Core.Tests/bin/Debug/net9.0/WitchCityRope.Core.Tests.dll" adapterTypeName="executor://xunit/VsTestRunner3/netcore/" className="WitchCityRope.Core.Tests.Entities.EventTests" name="UpdateDates_StartDateInPast_ThrowsDomainException" />
    </UnitTest>
    <UnitTest name="WitchCityRope.Core.Tests.ValueObjects.SceneNameTests.Value_PreservesOriginalCase(input: &quot;Scene Name&quot;, expected: &quot;Scene Name&quot;)" storage="/home/chad/repos/witchcityrope-react/tests/witchcityrope.core.tests/bin/debug/net9.0/witchcityrope.core.tests.dll" id="22bc6493-6675-abab-9e4f-15cedef729a8">
      <Execution id="a386fb2d-21b8-4eca-8ecb-a518fe052937" />
      <TestMethod codeBase="/home/chad/repos/witchcityrope-react/tests/WitchCityRope.Core.Tests/bin/Debug/net9.0/WitchCityRope.Core.Tests.dll" adapterTypeName="executor://xunit/VsTestRunner3/netcore/" className="WitchCityRope.Core.Tests.ValueObjects.SceneNameTests" name="Value_PreservesOriginalCase" />
    </UnitTest>
    <UnitTest name="WitchCityRope.Core.Tests.Entities.UserTests.Reactivate_InactiveUser_ReactivatesSuccessfully" storage="/home/chad/repos/witchcityrope-react/tests/witchcityrope.core.tests/bin/debug/net9.0/witchcityrope.core.tests.dll" id="4e783378-2a91-dd2a-54ca-9c33e9d3fbfa">
      <Execution id="0b273511-1191-4242-8102-ac675bceaf18" />
      <TestMethod codeBase="/home/chad/repos/witchcityrope-react/tests/WitchCityRope.Core.Tests/bin/Debug/net9.0/WitchCityRope.Core.Tests.dll" adapterTypeName="executor://xunit/VsTestRunner3/netcore/" className="WitchCityRope.Core.Tests.Entities.UserTests" name="Reactivate_InactiveUser_ReactivatesSuccessfully" />
    </UnitTest>
    <UnitTest name="WitchCityRope.Core.Tests.HealthChecks.ServiceHealthCheckTests.VerifyApiIsHealthy" storage="/home/chad/repos/witchcityrope-react/tests/witchcityrope.core.tests/bin/debug/net9.0/witchcityrope.core.tests.dll" id="9821ecb4-3ada-68fe-c2b0-03e006e5036a">
      <Properties>
        <Property Key="Category" Value="HealthCheck" />
      </Properties>
      <Execution id="3dc788af-bf43-4382-8120-405e4422e6aa" />
      <TestMethod codeBase="/home/chad/repos/witchcityrope-react/tests/WitchCityRope.Core.Tests/bin/Debug/net9.0/WitchCityRope.Core.Tests.dll" adapterTypeName="executor://xunit/VsTestRunner3/netcore/" className="WitchCityRope.Core.Tests.HealthChecks.ServiceHealthCheckTests" name="VerifyApiIsHealthy" />
    </UnitTest>
    <UnitTest name="WitchCityRope.Core.Tests.Entities.RegistrationTests.Cancel_NullReason_UsesDefaultReason" storage="/home/chad/repos/witchcityrope-react/tests/witchcityrope.core.tests/bin/debug/net9.0/witchcityrope.core.tests.dll" id="bcc1e113-1701-9956-f5a9-415e31736096">
      <Execution id="e548e0c4-f607-427c-8117-4818fdcddb92" />
      <TestMethod codeBase="/home/chad/repos/witchcityrope-react/tests/WitchCityRope.Core.Tests/bin/Debug/net9.0/WitchCityRope.Core.Tests.dll" adapterTypeName="executor://xunit/VsTestRunner3/netcore/" className="WitchCityRope.Core.Tests.Entities.RegistrationTests" name="Cancel_NullReason_UsesDefaultReason" />
    </UnitTest>
    <UnitTest name="WitchCityRope.Core.Tests.Entities.UserTests.PromoteToRole_VariousScenarios_BehavesCorrectly(currentRole: Organizer, newRole: Moderator, shouldSucceed: True)" storage="/home/chad/repos/witchcityrope-react/tests/witchcityrope.core.tests/bin/debug/net9.0/witchcityrope.core.tests.dll" id="64686666-a5d9-6b6e-00f3-a4a97c5c4745">
      <Execution id="4f6ae5b3-7f4f-46ac-ab49-9dca5aca85b7" />
      <TestMethod codeBase="/home/chad/repos/witchcityrope-react/tests/WitchCityRope.Core.Tests/bin/Debug/net9.0/WitchCityRope.Core.Tests.dll" adapterTypeName="executor://xunit/VsTestRunner3/netcore/" className="WitchCityRope.Core.Tests.Entities.UserTests" name="PromoteToRole_VariousScenarios_BehavesCorrectly" />
    </UnitTest>
    <UnitTest name="WitchCityRope.Core.Tests.Entities.UserTests.Constructor_NullSceneName_ThrowsArgumentNullException" storage="/home/chad/repos/witchcityrope-react/tests/witchcityrope.core.tests/bin/debug/net9.0/witchcityrope.core.tests.dll" id="574b0e4a-1088-dc8e-931b-5757557d5af9">
      <Execution id="eacdb703-4ab2-4142-9813-95ea3f465245" />
      <TestMethod codeBase="/home/chad/repos/witchcityrope-react/tests/WitchCityRope.Core.Tests/bin/Debug/net9.0/WitchCityRope.Core.Tests.dll" adapterTypeName="executor://xunit/VsTestRunner3/netcore/" className="WitchCityRope.Core.Tests.Entities.UserTests" name="Constructor_NullSceneName_ThrowsArgumentNullException" />
    </UnitTest>
    <UnitTest name="WitchCityRope.Core.Tests.ValueObjects.EmailAddressTests.Equals_SameEmailDifferentCase_ReturnsTrue" storage="/home/chad/repos/witchcityrope-react/tests/witchcityrope.core.tests/bin/debug/net9.0/witchcityrope.core.tests.dll" id="4c3704a2-f126-706a-ee45-09631f5d1024">
      <Execution id="b2b708c3-d20e-40cb-8b19-d35551b7b442" />
      <TestMethod codeBase="/home/chad/repos/witchcityrope-react/tests/WitchCityRope.Core.Tests/bin/Debug/net9.0/WitchCityRope.Core.Tests.dll" adapterTypeName="executor://xunit/VsTestRunner3/netcore/" className="WitchCityRope.Core.Tests.ValueObjects.EmailAddressTests" name="Equals_SameEmailDifferentCase_ReturnsTrue" />
    </UnitTest>
    <UnitTest name="WitchCityRope.Core.Tests.Entities.RegistrationTests.Confirm_IncompletePayment_ThrowsDomainException" storage="/home/chad/repos/witchcityrope-react/tests/witchcityrope.core.tests/bin/debug/net9.0/witchcityrope.core.tests.dll" id="703dfb97-0b83-83a5-714a-04c761334f21">
      <Execution id="3d7b5e44-77a8-41cb-85e2-81990ec96781" />
      <TestMethod codeBase="/home/chad/repos/witchcityrope-react/tests/WitchCityRope.Core.Tests/bin/Debug/net9.0/WitchCityRope.Core.Tests.dll" adapterTypeName="executor://xunit/VsTestRunner3/netcore/" className="WitchCityRope.Core.Tests.Entities.RegistrationTests" name="Confirm_IncompletePayment_ThrowsDomainException" />
    </UnitTest>
    <UnitTest name="WitchCityRope.Core.Tests.Entities.RegistrationTests.Constructor_EventAtCapacity_ThrowsDomainException" storage="/home/chad/repos/witchcityrope-react/tests/witchcityrope.core.tests/bin/debug/net9.0/witchcityrope.core.tests.dll" id="21d49e36-092f-4776-cb8b-30332ca4fe90">
      <Execution id="08d76ed7-3cb3-4bbc-adda-adb3801a1a9e" />
      <TestMethod codeBase="/home/chad/repos/witchcityrope-react/tests/WitchCityRope.Core.Tests/bin/Debug/net9.0/WitchCityRope.Core.Tests.dll" adapterTypeName="executor://xunit/VsTestRunner3/netcore/" className="WitchCityRope.Core.Tests.Entities.RegistrationTests" name="Constructor_EventAtCapacity_ThrowsDomainException" />
    </UnitTest>
    <UnitTest name="WitchCityRope.Core.Tests.ValueObjects.MoneyTests.Multiply_ValidFactor_MultipliesSuccessfully(amount: 10, factor: 2, expected: 20)" storage="/home/chad/repos/witchcityrope-react/tests/witchcityrope.core.tests/bin/debug/net9.0/witchcityrope.core.tests.dll" id="4397c8ff-627d-79c6-0248-89b8a15bd75a">
      <Execution id="c5af668c-8abc-4234-b1d2-873679d711d2" />
      <TestMethod codeBase="/home/chad/repos/witchcityrope-react/tests/WitchCityRope.Core.Tests/bin/Debug/net9.0/WitchCityRope.Core.Tests.dll" adapterTypeName="executor://xunit/VsTestRunner3/netcore/" className="WitchCityRope.Core.Tests.ValueObjects.MoneyTests" name="Multiply_ValidFactor_MultipliesSuccessfully" />
    </UnitTest>
    <UnitTest name="WitchCityRope.Core.Tests.ValueObjects.SceneNameTests.Create_ValidSceneName_CreatesSuccessfully(name: &quot;Scene-Name&quot;)" storage="/home/chad/repos/witchcityrope-react/tests/witchcityrope.core.tests/bin/debug/net9.0/witchcityrope.core.tests.dll" id="e206ec60-ba6a-86c3-283a-743b9d2de541">
      <Execution id="97ac626a-2526-4554-a9f6-17a595522009" />
      <TestMethod codeBase="/home/chad/repos/witchcityrope-react/tests/WitchCityRope.Core.Tests/bin/Debug/net9.0/WitchCityRope.Core.Tests.dll" adapterTypeName="executor://xunit/VsTestRunner3/netcore/" className="WitchCityRope.Core.Tests.ValueObjects.SceneNameTests" name="Create_ValidSceneName_CreatesSuccessfully" />
    </UnitTest>
    <UnitTest name="WitchCityRope.Core.Tests.Entities.RegistrationTests.Confirm_PendingRegistrationWithCompletedPayment_ConfirmsSuccessfully" storage="/home/chad/repos/witchcityrope-react/tests/witchcityrope.core.tests/bin/debug/net9.0/witchcityrope.core.tests.dll" id="17510853-dc9d-0e30-3c21-5738bddd2d2c">
      <Execution id="ee181002-7ccc-4e3b-991c-076b1cf7cd7c" />
      <TestMethod codeBase="/home/chad/repos/witchcityrope-react/tests/WitchCityRope.Core.Tests/bin/Debug/net9.0/WitchCityRope.Core.Tests.dll" adapterTypeName="executor://xunit/VsTestRunner3/netcore/" className="WitchCityRope.Core.Tests.Entities.RegistrationTests" name="Confirm_PendingRegistrationWithCompletedPayment_ConfirmsSuccessfully" />
    </UnitTest>
    <UnitTest name="WitchCityRope.Core.Tests.Entities.UserTests.PromoteToRole_SameRole_ThrowsDomainException" storage="/home/chad/repos/witchcityrope-react/tests/witchcityrope.core.tests/bin/debug/net9.0/witchcityrope.core.tests.dll" id="16b86624-9e7b-1dad-64c2-35f2e1bcf205">
      <Execution id="b669b3bd-132b-4cc1-838c-91d347b17d58" />
      <TestMethod codeBase="/home/chad/repos/witchcityrope-react/tests/WitchCityRope.Core.Tests/bin/Debug/net9.0/WitchCityRope.Core.Tests.dll" adapterTypeName="executor://xunit/VsTestRunner3/netcore/" className="WitchCityRope.Core.Tests.Entities.UserTests" name="PromoteToRole_SameRole_ThrowsDomainException" />
    </UnitTest>
    <UnitTest name="WitchCityRope.Core.Tests.Entities.UserTests.UpdateEmail_ValidEmail_UpdatesSuccessfully" storage="/home/chad/repos/witchcityrope-react/tests/witchcityrope.core.tests/bin/debug/net9.0/witchcityrope.core.tests.dll" id="9b5af3e7-7cb0-d72f-e621-a08fe9eb4ae5">
      <Execution id="42bb9040-bde0-4c81-a0c3-0b638ad5d92d" />
      <TestMethod codeBase="/home/chad/repos/witchcityrope-react/tests/WitchCityRope.Core.Tests/bin/Debug/net9.0/WitchCityRope.Core.Tests.dll" adapterTypeName="executor://xunit/VsTestRunner3/netcore/" className="WitchCityRope.Core.Tests.Entities.UserTests" name="UpdateEmail_ValidEmail_UpdatesSuccessfully" />
    </UnitTest>
    <UnitTest name="WitchCityRope.Core.Tests.ValueObjects.EmailAddressTests.Equals_NullEmail_ReturnsFalse" storage="/home/chad/repos/witchcityrope-react/tests/witchcityrope.core.tests/bin/debug/net9.0/witchcityrope.core.tests.dll" id="4d097658-d194-1751-06b0-bbf62cb8a2b5">
      <Execution id="2f75974d-222d-4ba2-902f-480e7a7c6d25" />
      <TestMethod codeBase="/home/chad/repos/witchcityrope-react/tests/WitchCityRope.Core.Tests/bin/Debug/net9.0/WitchCityRope.Core.Tests.dll" adapterTypeName="executor://xunit/VsTestRunner3/netcore/" className="WitchCityRope.Core.Tests.ValueObjects.EmailAddressTests" name="Equals_NullEmail_ReturnsFalse" />
    </UnitTest>
    <UnitTest name="WitchCityRope.Core.Tests.ValueObjects.MoneyTests.ToString_ReturnsStandardFormat" storage="/home/chad/repos/witchcityrope-react/tests/witchcityrope.core.tests/bin/debug/net9.0/witchcityrope.core.tests.dll" id="1a35023b-af8e-7459-b8da-b70b67577be3">
      <Execution id="c9b0115e-da2e-4193-a9b7-f22647cc6f8d" />
      <TestMethod codeBase="/home/chad/repos/witchcityrope-react/tests/WitchCityRope.Core.Tests/bin/Debug/net9.0/WitchCityRope.Core.Tests.dll" adapterTypeName="executor://xunit/VsTestRunner3/netcore/" className="WitchCityRope.Core.Tests.ValueObjects.MoneyTests" name="ToString_ReturnsStandardFormat" />
    </UnitTest>
  </TestDefinitions>
  <TestEntries>
    <TestEntry testId="958f5f16-2ddf-2665-85ad-94a609e1cd4b" executionId="d129ac0f-2976-4aa3-a4e9-7f43a354d15f" testListId="8c84fa94-04c1-424b-9868-57a2d4851a1d" />
    <TestEntry testId="9be31e2b-f3e8-8c08-dd98-d5e45bfef077" executionId="d2064dc6-9152-47d9-867f-7759b699f400" testListId="8c84fa94-04c1-424b-9868-57a2d4851a1d" />
    <TestEntry testId="289ca8c1-6229-0a00-b027-f38a937cfdf0" executionId="cc87f8a8-f137-42f4-a784-153e5ae90210" testListId="8c84fa94-04c1-424b-9868-57a2d4851a1d" />
    <TestEntry testId="2838e25d-5b0f-3a89-fae4-3fa22a310c96" executionId="b99ae2c3-2cec-47f8-a680-dd878688a0d6" testListId="8c84fa94-04c1-424b-9868-57a2d4851a1d" />
    <TestEntry testId="ac24d209-6ffa-4f30-eb19-ca4687be393e" executionId="240ed0e1-db81-4688-9df9-583b9b77c857" testListId="8c84fa94-04c1-424b-9868-57a2d4851a1d" />
    <TestEntry testId="acd44a8e-dfd9-4e90-4d13-3e6feed5eeb0" executionId="0d360e13-6fb1-4d71-9898-3a3529145feb" testListId="8c84fa94-04c1-424b-9868-57a2d4851a1d" />
    <TestEntry testId="17510853-dc9d-0e30-3c21-5738bddd2d2c" executionId="ee181002-7ccc-4e3b-991c-076b1cf7cd7c" testListId="8c84fa94-04c1-424b-9868-57a2d4851a1d" />
    <TestEntry testId="b3adae82-3060-af8b-8907-f3afdf3e3905" executionId="b133ed1e-b020-4d03-9038-1338dc4cede3" testListId="8c84fa94-04c1-424b-9868-57a2d4851a1d" />
    <TestEntry testId="0faa10f1-9b22-e3b7-c9cf-4a05f411e7a0" executionId="963c58aa-41b4-47f9-af2c-1950a47e9d8e" testListId="8c84fa94-04c1-424b-9868-57a2d4851a1d" />
    <TestEntry testId="f59f7a21-07b4-832f-fda9-0f8e86b99025" executionId="04477ff1-5771-4a4c-915e-608f19b0ca7b" testListId="8c84fa94-04c1-424b-9868-57a2d4851a1d" />
    <TestEntry testId="03fa85b2-43b0-99e5-97e9-18bd4cd6c123" executionId="867b9994-9384-4224-9ba7-ab6687f32653" testListId="8c84fa94-04c1-424b-9868-57a2d4851a1d" />
    <TestEntry testId="16b86624-9e7b-1dad-64c2-35f2e1bcf205" executionId="b669b3bd-132b-4cc1-838c-91d347b17d58" testListId="8c84fa94-04c1-424b-9868-57a2d4851a1d" />
    <TestEntry testId="83f6ab29-21e5-3ac7-386b-8fc4ab977c78" executionId="073c0d48-2a91-4814-8618-f9bab80eecc2" testListId="8c84fa94-04c1-424b-9868-57a2d4851a1d" />
    <TestEntry testId="2afd6f8f-09b7-0e10-bd97-8673e46b5e39" executionId="374d9db2-5011-4ef7-b02d-0bcd879d3161" testListId="8c84fa94-04c1-424b-9868-57a2d4851a1d" />
    <TestEntry testId="2a16daf1-9828-ac46-13aa-565928c9b938" executionId="6b2ec17e-14bd-45d7-a766-b16e4ed2662d" testListId="8c84fa94-04c1-424b-9868-57a2d4851a1d" />
    <TestEntry testId="8f5f971f-a71a-13e1-4708-f9d625af241d" executionId="545cfd69-24df-4a2d-bae3-9670f3c87c14" testListId="8c84fa94-04c1-424b-9868-57a2d4851a1d" />
    <TestEntry testId="184ae763-6928-b09d-3745-32f2f3043958" executionId="8a8dd08a-72b3-495e-8ac6-e7e185a8cef9" testListId="8c84fa94-04c1-424b-9868-57a2d4851a1d" />
    <TestEntry testId="7d8e1bdd-5b0a-e86b-4cc6-21776e72712f" executionId="bae71f6a-8e43-4ddb-8f8b-f9a6c24021ea" testListId="8c84fa94-04c1-424b-9868-57a2d4851a1d" />
    <TestEntry testId="29518f0a-7330-4b80-0907-a4ac839337bc" executionId="57cba932-b6c3-4667-aef1-7bddb85561bb" testListId="8c84fa94-04c1-424b-9868-57a2d4851a1d" />
    <TestEntry testId="8733cb82-c09e-1fe6-efe8-6e4e312806a6" executionId="1260124f-c185-4bde-be62-2d3fde9f4d51" testListId="8c84fa94-04c1-424b-9868-57a2d4851a1d" />
    <TestEntry testId="e773b851-8c18-36bf-b413-b6eff82ab4e8" executionId="87f03796-2682-4908-8201-c4c400879e06" testListId="8c84fa94-04c1-424b-9868-57a2d4851a1d" />
    <TestEntry testId="aa176635-c157-d6ec-5a41-2b2da25c3c08" executionId="fe4b97ca-00aa-4f5f-b5a4-c8dd51937e5e" testListId="8c84fa94-04c1-424b-9868-57a2d4851a1d" />
    <TestEntry testId="15b218ad-d361-384d-bb79-41a5ba40dc79" executionId="15aacb33-e37b-495c-a333-a26675cf9a9c" testListId="8c84fa94-04c1-424b-9868-57a2d4851a1d" />
    <TestEntry testId="de32cd1b-7d7c-7f38-c9ad-12abae7a7f92" executionId="0d9f1944-379e-4d5d-a0d5-4e8c3da4c999" testListId="8c84fa94-04c1-424b-9868-57a2d4851a1d" />
    <TestEntry testId="c214f8b2-fb5d-eb0c-dc8f-b53e5bf80bd1" executionId="5da031aa-0064-4c61-8a23-06f64b0d9b7c" testListId="8c84fa94-04c1-424b-9868-57a2d4851a1d" />
    <TestEntry testId="91f4eb05-11bd-5689-aac1-bef8fa038320" executionId="268c5a29-5efa-426d-aeb1-3c80429917a1" testListId="8c84fa94-04c1-424b-9868-57a2d4851a1d" />
    <TestEntry testId="5103f879-550d-fbea-5ebd-81a2562bffc5" executionId="402fa611-01f4-4515-8d31-762a6fc38663" testListId="8c84fa94-04c1-424b-9868-57a2d4851a1d" />
    <TestEntry testId="f8ab723d-cb6b-49c6-5dbb-7ffd207243cd" executionId="cf23ba3f-8510-4186-ba6d-25d20a00aa72" testListId="8c84fa94-04c1-424b-9868-57a2d4851a1d" />
    <TestEntry testId="c05012ef-d0ab-afcf-bc6a-16ea57c9f455" executionId="29430a2a-4d2e-47eb-b198-d35bf50d3eb6" testListId="8c84fa94-04c1-424b-9868-57a2d4851a1d" />
    <TestEntry testId="05cc17c1-28ea-dce3-3c35-bd28b793225a" executionId="efaeed1b-1a7b-4f1f-90f9-787735bf7663" testListId="8c84fa94-04c1-424b-9868-57a2d4851a1d" />
    <TestEntry testId="bf813ab1-328d-8105-78c5-bea3e40472ac" executionId="a9f76272-cc38-4a3a-9b61-052418908d75" testListId="8c84fa94-04c1-424b-9868-57a2d4851a1d" />
    <TestEntry testId="9453135b-223b-97a5-cd9b-6df89673c33a" executionId="50d5011d-3c26-410e-a939-f97f5c2d2eee" testListId="8c84fa94-04c1-424b-9868-57a2d4851a1d" />
    <TestEntry testId="0e057b10-bf68-692c-a35c-76f267f90467" executionId="4d885cbd-b03d-48a0-9275-cbc295ee9fc2" testListId="8c84fa94-04c1-424b-9868-57a2d4851a1d" />
    <TestEntry testId="84dcc98b-de79-8a60-e10c-9ece06fa7fb3" executionId="84a5120f-90a0-485a-9ad2-935024c610d7" testListId="8c84fa94-04c1-424b-9868-57a2d4851a1d" />
    <TestEntry testId="ed1ab1b0-e0da-f61a-8479-70793f974089" executionId="256e6900-d91b-4e48-8b94-17ae847eb960" testListId="8c84fa94-04c1-424b-9868-57a2d4851a1d" />
    <TestEntry testId="6e472b23-c7af-c847-8f3d-5f6c902a0623" executionId="5152d691-dbc0-41ef-90f5-bdf03578b73d" testListId="8c84fa94-04c1-424b-9868-57a2d4851a1d" />
    <TestEntry testId="c0556428-c4f1-258f-1a7f-499a722b016e" executionId="53d69927-f80e-4ef5-b384-4d3622617b0f" testListId="8c84fa94-04c1-424b-9868-57a2d4851a1d" />
    <TestEntry testId="6ddccc30-c396-7d9f-3818-e26a56602056" executionId="a173ee65-aa62-43d8-aabb-966d777e5116" testListId="8c84fa94-04c1-424b-9868-57a2d4851a1d" />
    <TestEntry testId="425f8ec7-7edb-3559-f99e-fb751608c9cb" executionId="85e5dd35-9a2b-473b-9d55-9a658c4a85ec" testListId="8c84fa94-04c1-424b-9868-57a2d4851a1d" />
    <TestEntry testId="6e366377-6d41-5fcc-48f5-0930249fee5e" executionId="bacf1c07-e122-4f83-b132-9ed5f08d7578" testListId="8c84fa94-04c1-424b-9868-57a2d4851a1d" />
    <TestEntry testId="f49f87f3-be84-5956-2e64-b7741ecf4d50" executionId="f068d971-b6a5-42eb-8f90-001d864f1e72" testListId="8c84fa94-04c1-424b-9868-57a2d4851a1d" />
    <TestEntry testId="9bb9adcb-9120-fe9b-ae69-727878a9049c" executionId="3b78f977-cd24-4b98-b323-35dd571f71d0" testListId="8c84fa94-04c1-424b-9868-57a2d4851a1d" />
    <TestEntry testId="21d49e36-092f-4776-cb8b-30332ca4fe90" executionId="08d76ed7-3cb3-4bbc-adda-adb3801a1a9e" testListId="8c84fa94-04c1-424b-9868-57a2d4851a1d" />
    <TestEntry testId="0ff1a7b2-6bb9-42a4-2271-8b9a55b04a36" executionId="5e82459c-90be-438f-8a4e-8b62253e7e11" testListId="8c84fa94-04c1-424b-9868-57a2d4851a1d" />
    <TestEntry testId="ed03c588-f9e2-cd50-ea85-d6f0ba338f02" executionId="fa760962-6e04-4801-95f8-0ced45b4b318" testListId="8c84fa94-04c1-424b-9868-57a2d4851a1d" />
    <TestEntry testId="305b144b-8ed9-0941-31df-2aff6a8173dd" executionId="a9f5deb5-0d97-405b-a956-83df25d06f28" testListId="8c84fa94-04c1-424b-9868-57a2d4851a1d" />
    <TestEntry testId="b02692b3-9a02-e92f-7382-524711238591" executionId="47ec2d47-e3d9-408d-a59e-4a592283b347" testListId="8c84fa94-04c1-424b-9868-57a2d4851a1d" />
    <TestEntry testId="c3e42df9-274a-a616-9d53-0e461b6f0fcc" executionId="be6d6ed1-73a8-4df7-8e9d-23294590d75c" testListId="8c84fa94-04c1-424b-9868-57a2d4851a1d" />
    <TestEntry testId="8122439b-37fb-4922-97ba-e403cc364eed" executionId="8d522520-21e8-4b8c-8745-67f2957c9b22" testListId="8c84fa94-04c1-424b-9868-57a2d4851a1d" />
    <TestEntry testId="0956fa5d-4aed-486e-f7dc-84f44811deb3" executionId="c3fe24b6-24ba-4dcd-9249-712db96bb497" testListId="8c84fa94-04c1-424b-9868-57a2d4851a1d" />
    <TestEntry testId="627dc205-8966-14e4-f275-84a93649715d" executionId="3e0292a1-2911-478e-9708-c22941694d27" testListId="8c84fa94-04c1-424b-9868-57a2d4851a1d" />
    <TestEntry testId="b044912f-a46a-5c40-95af-4fdef8a1afaf" executionId="4f1d0e45-fc53-4ac1-b5bf-0b4ab01b2e4a" testListId="8c84fa94-04c1-424b-9868-57a2d4851a1d" />
    <TestEntry testId="d16237a8-90bf-68f0-8cb9-70c28d5553b3" executionId="98139201-788d-432a-9e1b-d958ed7ad937" testListId="8c84fa94-04c1-424b-9868-57a2d4851a1d" />
    <TestEntry testId="347519fa-20da-2415-a333-db65c694b8f6" executionId="3d94febc-98bf-4152-9bec-bdd09eaa244b" testListId="8c84fa94-04c1-424b-9868-57a2d4851a1d" />
    <TestEntry testId="69a09f52-376a-6f0b-5082-61e182c0b318" executionId="5087c455-d172-4235-93e1-8fe36234bcc8" testListId="8c84fa94-04c1-424b-9868-57a2d4851a1d" />
    <TestEntry testId="0c59e933-24d5-adbb-33bf-d68b154cd5f8" executionId="c36d96cd-d4ca-4bcc-a904-ec4ff6d06c8c" testListId="8c84fa94-04c1-424b-9868-57a2d4851a1d" />
    <TestEntry testId="ef439f9a-370d-abf0-fc41-3f1c34b7e801" executionId="d9903c1a-d0c2-40c0-9f22-05c3c2f3f27f" testListId="8c84fa94-04c1-424b-9868-57a2d4851a1d" />
    <TestEntry testId="13649248-17fa-672a-9167-63b725801bed" executionId="a7643f0a-8ffa-46d9-9df5-0e1dff47fb6c" testListId="8c84fa94-04c1-424b-9868-57a2d4851a1d" />
    <TestEntry testId="c774f67f-9417-304b-9fb5-ba0ee243e9da" executionId="8ba6868f-385f-4ca0-ae07-521eb84510ae" testListId="8c84fa94-04c1-424b-9868-57a2d4851a1d" />
    <TestEntry testId="60d19a79-2c4a-6e5e-4d71-9a95960b7cd1" executionId="87bff768-f833-4e7c-a037-62613dc5caed" testListId="8c84fa94-04c1-424b-9868-57a2d4851a1d" />
    <TestEntry testId="b0c29659-c92c-6eaa-c0ba-c6e061d02eb3" executionId="90f2cae1-8151-4872-9c30-bab8c2ed5a5c" testListId="8c84fa94-04c1-424b-9868-57a2d4851a1d" />
    <TestEntry testId="f31ab1aa-39de-68ab-51b3-8be7b1b5b9d2" executionId="40b776f2-0740-4a18-9004-9e9a158fe94e" testListId="8c84fa94-04c1-424b-9868-57a2d4851a1d" />
    <TestEntry testId="ef8d04dc-547e-cdcb-50a3-2a0559d1c59b" executionId="190a0721-54df-4a62-93a6-2aa489af3f22" testListId="8c84fa94-04c1-424b-9868-57a2d4851a1d" />
    <TestEntry testId="aa71a203-3d80-3323-0c0d-232f4f20becc" executionId="f7c6c5f5-de24-4983-8019-5a15781ffba2" testListId="8c84fa94-04c1-424b-9868-57a2d4851a1d" />
    <TestEntry testId="a17f7256-4498-6316-6913-96f986b70443" executionId="77323e19-8b01-435d-8d99-f2e077247322" testListId="8c84fa94-04c1-424b-9868-57a2d4851a1d" />
    <TestEntry testId="d62e8641-98ea-1230-1843-e706f07349bc" executionId="517913b7-300a-40a5-9b26-2ff4046a62c9" testListId="8c84fa94-04c1-424b-9868-57a2d4851a1d" />
    <TestEntry testId="7d873735-73f3-afa9-1dba-8902862c0ad8" executionId="aa04aa46-de06-4168-9f62-33de81ee5bc8" testListId="8c84fa94-04c1-424b-9868-57a2d4851a1d" />
    <TestEntry testId="cba69a7c-5c84-d4de-0599-cdcdb4c5885a" executionId="309e272a-146f-4903-bc1d-2a37520ccabc" testListId="8c84fa94-04c1-424b-9868-57a2d4851a1d" />
    <TestEntry testId="f477f2d2-9bad-36ff-7fb7-b81867202bef" executionId="2a3433a7-be15-4028-ac05-175221caea1d" testListId="8c84fa94-04c1-424b-9868-57a2d4851a1d" />
    <TestEntry testId="ba8d6819-dbe5-0f3d-526a-f7efd7301504" executionId="84f1641c-53e1-4d83-8ab8-e9ede0e72419" testListId="8c84fa94-04c1-424b-9868-57a2d4851a1d" />
    <TestEntry testId="8d20f875-f9f1-f972-48ca-5f006dd2b59b" executionId="0de356f1-6bab-492f-8e7c-275871bef25f" testListId="8c84fa94-04c1-424b-9868-57a2d4851a1d" />
    <TestEntry testId="5527d0db-ca8b-e7da-08c4-922b907c4840" executionId="b19200f4-c1d8-489c-b31c-e929a7f10453" testListId="8c84fa94-04c1-424b-9868-57a2d4851a1d" />
    <TestEntry testId="b59e7e18-f75f-bdce-9410-2ab9f6845df9" executionId="e3d32281-fcc9-4708-95a3-8c2fbf8ea991" testListId="8c84fa94-04c1-424b-9868-57a2d4851a1d" />
    <TestEntry testId="44f3481b-e4bb-4f17-196a-e00c0217ed87" executionId="40d8629b-6fa8-48fb-aee9-7645e1d7f3de" testListId="8c84fa94-04c1-424b-9868-57a2d4851a1d" />
    <TestEntry testId="d81728c7-49e8-e89f-b6c0-b279756a6680" executionId="6a257f84-97ff-4ab0-84ce-7787f67dd86f" testListId="8c84fa94-04c1-424b-9868-57a2d4851a1d" />
    <TestEntry testId="cb2ec5a2-32db-52c0-a6a1-934dccc75132" executionId="1e7780a6-6a40-46d8-b44a-dbee933a995a" testListId="8c84fa94-04c1-424b-9868-57a2d4851a1d" />
    <TestEntry testId="e52cb23e-8dbf-be48-4879-01d3bf5f878c" executionId="3c1b5c5a-171e-42a5-8584-58fdc7e50922" testListId="8c84fa94-04c1-424b-9868-57a2d4851a1d" />
    <TestEntry testId="36ce1916-f738-bf06-e525-9bcb167b94be" executionId="3f69ed9f-93c7-4365-aa18-e8243d3c472b" testListId="8c84fa94-04c1-424b-9868-57a2d4851a1d" />
    <TestEntry testId="8d59d4a7-b732-33a6-63b7-f602524d5f67" executionId="bc07a7b7-3338-433e-b4bf-d10b1b97cf73" testListId="8c84fa94-04c1-424b-9868-57a2d4851a1d" />
    <TestEntry testId="cff969f1-ffa2-d5f1-9715-5a871f37fe84" executionId="dce98f8a-704d-4672-bb63-cdf9dc61d9a0" testListId="8c84fa94-04c1-424b-9868-57a2d4851a1d" />
    <TestEntry testId="8dc4b32e-1d6e-f702-48ff-68937539ae3a" executionId="5d558c62-184a-4e0c-91e4-00a4d71af471" testListId="8c84fa94-04c1-424b-9868-57a2d4851a1d" />
    <TestEntry testId="8e5b6cc8-b426-b5a6-a2e6-d33c03b3846d" executionId="8a64ad0b-cc2b-44e6-a196-895ace2390e8" testListId="8c84fa94-04c1-424b-9868-57a2d4851a1d" />
    <TestEntry testId="d455764c-ebf5-92ab-8b89-d7a291338524" executionId="1b0bb327-a067-454d-be0a-a43f87f46f3d" testListId="8c84fa94-04c1-424b-9868-57a2d4851a1d" />
    <TestEntry testId="99678022-cb23-0a38-5149-ac4d37b69a85" executionId="cb89d63c-072f-4040-914f-bb2950be56e8" testListId="8c84fa94-04c1-424b-9868-57a2d4851a1d" />
    <TestEntry testId="d5159d6d-2952-3694-1eec-00946e14957e" executionId="1a23581e-93d5-4063-9bc7-6b4ff9c04aa7" testListId="8c84fa94-04c1-424b-9868-57a2d4851a1d" />
    <TestEntry testId="d37f8d70-658e-9a68-38a9-dcf4a5011bb5" executionId="8e461056-9c5d-41a0-b429-c7dd5c18d27c" testListId="8c84fa94-04c1-424b-9868-57a2d4851a1d" />
    <TestEntry testId="bcc1e113-1701-9956-f5a9-415e31736096" executionId="e548e0c4-f607-427c-8117-4818fdcddb92" testListId="8c84fa94-04c1-424b-9868-57a2d4851a1d" />
    <TestEntry testId="445b2f5b-ab0f-f41e-344b-753a5cf07080" executionId="ff4199f0-acd6-41be-a921-0ecce80951e7" testListId="8c84fa94-04c1-424b-9868-57a2d4851a1d" />
    <TestEntry testId="615864e0-c790-9bed-1d05-9dd7ad15c39e" executionId="20994d76-a278-4fc7-9fa2-cd6f8a688d55" testListId="8c84fa94-04c1-424b-9868-57a2d4851a1d" />
    <TestEntry testId="58183c69-e8f2-fc1d-1451-124433b27fa3" executionId="b492e1c6-8993-44f8-890f-44fd024ae54b" testListId="8c84fa94-04c1-424b-9868-57a2d4851a1d" />
    <TestEntry testId="f7f4c0ce-ef99-e663-6486-bae7dca0985d" executionId="b98dd75f-9a77-410c-8f70-5ff5535f8ab5" testListId="8c84fa94-04c1-424b-9868-57a2d4851a1d" />
    <TestEntry testId="aa10c3e1-a4c0-c3d8-9c2e-168e33c3cacb" executionId="5a9da57b-3533-4c98-98ba-5fca5f7a0f7c" testListId="8c84fa94-04c1-424b-9868-57a2d4851a1d" />
    <TestEntry testId="1a35023b-af8e-7459-b8da-b70b67577be3" executionId="c9b0115e-da2e-4193-a9b7-f22647cc6f8d" testListId="8c84fa94-04c1-424b-9868-57a2d4851a1d" />
    <TestEntry testId="0d2531b7-57a8-6cf2-eb3a-7be7131df56a" executionId="78498cdd-abcf-428a-9259-62e858e706fc" testListId="8c84fa94-04c1-424b-9868-57a2d4851a1d" />
    <TestEntry testId="290b34ee-8997-dfca-77ff-82ad44a16796" executionId="398b1084-2fac-42b3-9497-32d3aefd6bc8" testListId="8c84fa94-04c1-424b-9868-57a2d4851a1d" />
    <TestEntry testId="2d987cbc-fd5e-628e-2b30-915e893db291" executionId="15feea94-76d0-4613-8b67-a940ba60f35d" testListId="8c84fa94-04c1-424b-9868-57a2d4851a1d" />
    <TestEntry testId="f7d23e18-a648-9711-77fa-7ea2bf00eb97" executionId="dd6b84cb-ccc3-42f4-b7c3-063e38e37c73" testListId="8c84fa94-04c1-424b-9868-57a2d4851a1d" />
    <TestEntry testId="9821ecb4-3ada-68fe-c2b0-03e006e5036a" executionId="3dc788af-bf43-4382-8120-405e4422e6aa" testListId="8c84fa94-04c1-424b-9868-57a2d4851a1d" />
    <TestEntry testId="f0599150-0368-a690-445e-232b5fbc9674" executionId="174a316c-b6ee-4e60-9af0-37f5cc65ccba" testListId="8c84fa94-04c1-424b-9868-57a2d4851a1d" />
    <TestEntry testId="b8f8533e-2bca-3bb9-a886-ddb48d4ca1a9" executionId="66694644-04e4-4cab-84c1-f0557a8aa4b9" testListId="8c84fa94-04c1-424b-9868-57a2d4851a1d" />
    <TestEntry testId="0bfa9a81-3d14-9055-54e8-e5fb35de7fcb" executionId="d11ab90e-e3f6-4820-93cd-5c1be1f54417" testListId="8c84fa94-04c1-424b-9868-57a2d4851a1d" />
    <TestEntry testId="2f4716b1-0c68-9378-d5bc-e4de249c2aa2" executionId="258f5782-b7f7-4398-9632-a964997e5c23" testListId="8c84fa94-04c1-424b-9868-57a2d4851a1d" />
    <TestEntry testId="7ab09a5d-83cb-6155-db19-0ce8eb3f79f5" executionId="01d0b616-dff5-4ed8-bb5c-664c3b2ff791" testListId="8c84fa94-04c1-424b-9868-57a2d4851a1d" />
    <TestEntry testId="9999148d-bc60-e4a0-453e-526e689ed5b8" executionId="0e565d32-784a-4640-8a9c-c14a4c137c91" testListId="8c84fa94-04c1-424b-9868-57a2d4851a1d" />
    <TestEntry testId="df1412dd-e26c-843c-183a-67aa60fd9760" executionId="8da27aae-5926-4017-957c-dcbc1d5296e6" testListId="8c84fa94-04c1-424b-9868-57a2d4851a1d" />
    <TestEntry testId="579f4e01-958b-4fd8-6be0-77bb51850a72" executionId="fd376c18-ab86-4621-844b-6325cabe439b" testListId="8c84fa94-04c1-424b-9868-57a2d4851a1d" />
    <TestEntry testId="d036616b-6b86-99d5-cd58-29b5267bbff4" executionId="eca2fa0f-f3c9-43c6-9118-637419dbe5f1" testListId="8c84fa94-04c1-424b-9868-57a2d4851a1d" />
    <TestEntry testId="83b03134-a341-7baa-1ddc-e73e42ca0f1e" executionId="dc4ba4ac-4061-405c-87cd-617f364e8416" testListId="8c84fa94-04c1-424b-9868-57a2d4851a1d" />
    <TestEntry testId="4e783378-2a91-dd2a-54ca-9c33e9d3fbfa" executionId="0b273511-1191-4242-8102-ac675bceaf18" testListId="8c84fa94-04c1-424b-9868-57a2d4851a1d" />
    <TestEntry testId="361c1120-aeb7-b54d-75a2-9ae03fb892c4" executionId="45739e4d-b447-4ce4-be8a-2094dd8f64f1" testListId="8c84fa94-04c1-424b-9868-57a2d4851a1d" />
    <TestEntry testId="13e9326e-8fe8-43a8-c4a7-f5d4fe61d313" executionId="2174f330-d8d6-4f01-ac18-acd5bb893932" testListId="8c84fa94-04c1-424b-9868-57a2d4851a1d" />
    <TestEntry testId="10000ed7-f77c-a414-a92a-a0c685e3c96d" executionId="b849ec10-9f1f-4b3d-b669-a30115ea5cf5" testListId="8c84fa94-04c1-424b-9868-57a2d4851a1d" />
    <TestEntry testId="82f3a02b-31ab-4418-9795-a2a1b8d17627" executionId="e3e46331-ba48-4712-afe9-1a67cba57755" testListId="8c84fa94-04c1-424b-9868-57a2d4851a1d" />
    <TestEntry testId="a273b370-2d95-b550-7a4f-799e4a38d75a" executionId="90381b86-cee7-4185-aad9-c9aa611c928d" testListId="8c84fa94-04c1-424b-9868-57a2d4851a1d" />
    <TestEntry testId="008887e8-4708-1efe-5a02-72d0dd65e958" executionId="412f6e00-d95c-4f7d-9ba8-9c61e90a3360" testListId="8c84fa94-04c1-424b-9868-57a2d4851a1d" />
    <TestEntry testId="67df0293-27d6-f4c5-0e20-f1ffe205ccc9" executionId="aa218860-4ea5-4bf8-b6ec-70c15de48f90" testListId="8c84fa94-04c1-424b-9868-57a2d4851a1d" />
    <TestEntry testId="e9ff79d1-7c74-ba00-c289-731f38c9ae9d" executionId="055b74ed-7ae2-4f19-98b5-db6e1366dbe5" testListId="8c84fa94-04c1-424b-9868-57a2d4851a1d" />
    <TestEntry testId="c51fba78-91c0-4bc8-f4af-0e9c6411e3e9" executionId="206a5cf2-6c19-4d75-ac5f-2f289e303d96" testListId="8c84fa94-04c1-424b-9868-57a2d4851a1d" />
    <TestEntry testId="b7ca36a5-b386-7d2d-22ea-8eeb210acc8b" executionId="e692726e-8d11-47fb-886b-c0a7cfd246b8" testListId="8c84fa94-04c1-424b-9868-57a2d4851a1d" />
    <TestEntry testId="68159470-54bd-6fc2-a6df-cfd6e298d6cb" executionId="fc0d8ad3-3b83-402d-b2d0-b2c271ffd567" testListId="8c84fa94-04c1-424b-9868-57a2d4851a1d" />
    <TestEntry testId="dbc99f96-723f-5c76-60ae-bc8aeab3b6c9" executionId="922ef2e9-9a7e-4571-92b2-56e3df420df6" testListId="8c84fa94-04c1-424b-9868-57a2d4851a1d" />
    <TestEntry testId="bb63d3b1-377d-9b8b-04fd-78b169853397" executionId="c9779e5e-7b7e-41a2-9e8a-781cf1f24bf3" testListId="8c84fa94-04c1-424b-9868-57a2d4851a1d" />
    <TestEntry testId="7cfbf625-df92-ef50-1f46-50f40c1d104f" executionId="29566430-f783-4ced-a3fd-2fe662dddb49" testListId="8c84fa94-04c1-424b-9868-57a2d4851a1d" />
    <TestEntry testId="ae396dcc-673d-748e-2480-155148bbd99c" executionId="4adaede9-63c5-4380-a2c0-dc3d71c15bbc" testListId="8c84fa94-04c1-424b-9868-57a2d4851a1d" />
    <TestEntry testId="0879fc39-5bc5-a25c-cfc2-e0638ee2992f" executionId="92a63c3f-9a11-498a-90a4-08e02193eb0e" testListId="8c84fa94-04c1-424b-9868-57a2d4851a1d" />
    <TestEntry testId="9f763760-2f4c-fefb-9a56-8f2602c55157" executionId="0233435c-d945-4188-b815-a970e35244e2" testListId="8c84fa94-04c1-424b-9868-57a2d4851a1d" />
    <TestEntry testId="ebca1bab-4384-7fba-f140-5240d35a005a" executionId="40a72f9e-33df-4b7e-8c76-820a5854753f" testListId="8c84fa94-04c1-424b-9868-57a2d4851a1d" />
    <TestEntry testId="38d6e065-1a55-e71e-b81e-ae9ea067e84e" executionId="00e0fcc7-918d-4654-9f1e-1b0cd11f6169" testListId="8c84fa94-04c1-424b-9868-57a2d4851a1d" />
    <TestEntry testId="438d3011-f46f-16f1-0e65-feb01a5ce604" executionId="2289980b-da77-42b6-ac42-108a3adc5a9b" testListId="8c84fa94-04c1-424b-9868-57a2d4851a1d" />
    <TestEntry testId="4d097658-d194-1751-06b0-bbf62cb8a2b5" executionId="2f75974d-222d-4ba2-902f-480e7a7c6d25" testListId="8c84fa94-04c1-424b-9868-57a2d4851a1d" />
    <TestEntry testId="21f2e882-89f0-b471-6a62-6c3a786684b9" executionId="814bef17-bfc3-4c00-96f5-8e6d348169b1" testListId="8c84fa94-04c1-424b-9868-57a2d4851a1d" />
    <TestEntry testId="7f2a1335-3b19-3256-97d2-7c1bb7c23a93" executionId="c1f7991f-d12b-4a66-9f46-eb58d2a300b2" testListId="8c84fa94-04c1-424b-9868-57a2d4851a1d" />
    <TestEntry testId="4b09bb72-974f-d7f4-bee4-dbca350a7176" executionId="18e7d78a-af86-43f1-8bfb-461d5f5460ce" testListId="8c84fa94-04c1-424b-9868-57a2d4851a1d" />
    <TestEntry testId="ec873698-20e8-0ca0-d17c-b99a021aa23f" executionId="9717d009-64fd-44ce-a021-72675fcaeba6" testListId="8c84fa94-04c1-424b-9868-57a2d4851a1d" />
    <TestEntry testId="c85d19fa-2a2d-a911-c9ff-d701b01bca76" executionId="c0d44f65-8497-43b9-a95e-c17d59d3c790" testListId="8c84fa94-04c1-424b-9868-57a2d4851a1d" />
    <TestEntry testId="22bc6493-6675-abab-9e4f-15cedef729a8" executionId="a386fb2d-21b8-4eca-8ecb-a518fe052937" testListId="8c84fa94-04c1-424b-9868-57a2d4851a1d" />
    <TestEntry testId="f93aa139-c4ae-68d9-3951-bf310f85f479" executionId="07ce4038-9880-4c79-ac29-9f687d834bff" testListId="8c84fa94-04c1-424b-9868-57a2d4851a1d" />
    <TestEntry testId="9b5af3e7-7cb0-d72f-e621-a08fe9eb4ae5" executionId="42bb9040-bde0-4c81-a0c3-0b638ad5d92d" testListId="8c84fa94-04c1-424b-9868-57a2d4851a1d" />
    <TestEntry testId="c79ecd78-0d7c-8763-abc4-4db98409363a" executionId="bd69e92f-6558-495c-ab3d-74d60a4fffc0" testListId="8c84fa94-04c1-424b-9868-57a2d4851a1d" />
    <TestEntry testId="e89f905b-b16f-0fd9-64cf-2a0e1a553eeb" executionId="af7d94de-6793-4e76-9b1d-25525009f4e9" testListId="8c84fa94-04c1-424b-9868-57a2d4851a1d" />
    <TestEntry testId="50f4f714-e192-57f9-2983-3e5c7146ec8d" executionId="f2a1f4f9-3384-4265-8e10-dc1743c660f3" testListId="8c84fa94-04c1-424b-9868-57a2d4851a1d" />
    <TestEntry testId="7c2a786c-da36-777a-ce30-9a8d7d9f71b5" executionId="6ceec5a7-8a2a-4b26-9dbb-6daf1d4481b3" testListId="8c84fa94-04c1-424b-9868-57a2d4851a1d" />
    <TestEntry testId="070a6f14-3a30-3377-c694-35b4f6e518ef" executionId="730e9621-3886-4486-a63c-00b2e89af02a" testListId="8c84fa94-04c1-424b-9868-57a2d4851a1d" />
    <TestEntry testId="c13be69c-9ab3-60d1-faea-fc8d33dba310" executionId="0d043e77-acfc-492b-a170-cd0ae5205e67" testListId="8c84fa94-04c1-424b-9868-57a2d4851a1d" />
    <TestEntry testId="69a533cc-02b9-6682-8046-8e98933b150c" executionId="581b28e3-7c49-4255-b0bc-83546e4270e6" testListId="8c84fa94-04c1-424b-9868-57a2d4851a1d" />
    <TestEntry testId="db13cb67-4291-79eb-080b-59693ae602e4" executionId="2f2b3f7e-6852-4189-9e09-23f37a3ae6f3" testListId="8c84fa94-04c1-424b-9868-57a2d4851a1d" />
    <TestEntry testId="2b3fb6ad-f8dd-9716-9a2a-ebbd430d3b9e" executionId="6780c9bd-5909-4eeb-8c41-f76fdb35081a" testListId="8c84fa94-04c1-424b-9868-57a2d4851a1d" />
    <TestEntry testId="c3081fdc-d142-f914-3509-6d3142a54806" executionId="180779d9-efa0-4b75-bab9-d653ae9140d7" testListId="8c84fa94-04c1-424b-9868-57a2d4851a1d" />
    <TestEntry testId="1d3881ee-33da-ca8e-2a5d-4849cdb1409b" executionId="5634200b-b532-44b4-bab8-ceb18a53dc27" testListId="8c84fa94-04c1-424b-9868-57a2d4851a1d" />
    <TestEntry testId="56521df1-5782-2595-2caa-652e0c9a7393" executionId="840c0b19-ff2e-4daf-a669-7abcac639e9f" testListId="8c84fa94-04c1-424b-9868-57a2d4851a1d" />
    <TestEntry testId="f7294f44-14ca-4699-6daa-7c708f502a76" executionId="c809c754-b676-43cd-b320-739565548bd1" testListId="8c84fa94-04c1-424b-9868-57a2d4851a1d" />
    <TestEntry testId="fef76b0c-11ac-af47-b28e-f6f2e45eb1b9" executionId="daa5247f-3895-4015-a123-0de921ea5fa6" testListId="8c84fa94-04c1-424b-9868-57a2d4851a1d" />
    <TestEntry testId="608e931e-de24-f30a-1df4-2d44e7f89163" executionId="d41d73fc-fabe-4d62-abf9-44c319848ef7" testListId="8c84fa94-04c1-424b-9868-57a2d4851a1d" />
    <TestEntry testId="0d8317ff-abfb-72ae-197e-3f07e59847af" executionId="ee5e2e3b-92c4-4c38-9a13-e40b13503994" testListId="8c84fa94-04c1-424b-9868-57a2d4851a1d" />
    <TestEntry testId="db9487ae-f8bb-6c77-456e-477251a97694" executionId="3fb194bd-37a5-422a-bf75-de0774608d24" testListId="8c84fa94-04c1-424b-9868-57a2d4851a1d" />
    <TestEntry testId="e85fed14-ca9f-a204-a5c5-cb8f12de0b8e" executionId="31b873cd-02c2-425c-aa3e-55442eb90cf4" testListId="8c84fa94-04c1-424b-9868-57a2d4851a1d" />
    <TestEntry testId="252a288d-ed9d-192f-9ca0-2b8477995f8a" executionId="50448a5a-2c6b-4afd-9995-ef4ad470f8e8" testListId="8c84fa94-04c1-424b-9868-57a2d4851a1d" />
    <TestEntry testId="703dfb97-0b83-83a5-714a-04c761334f21" executionId="3d7b5e44-77a8-41cb-85e2-81990ec96781" testListId="8c84fa94-04c1-424b-9868-57a2d4851a1d" />
    <TestEntry testId="57828f1b-953d-89a2-bee2-b021bb8b5c17" executionId="21983c0c-7653-4b3e-85b7-1ee9faeecba8" testListId="8c84fa94-04c1-424b-9868-57a2d4851a1d" />
    <TestEntry testId="18f0023f-b7b6-64e0-d99f-67f362201e02" executionId="c4782f9a-8ed4-4a6f-8f93-99aa9f3da5ae" testListId="8c84fa94-04c1-424b-9868-57a2d4851a1d" />
    <TestEntry testId="050a66e0-21ae-c17c-375d-3763e7631c09" executionId="268ebcec-56ca-4927-b1d9-3087173adc7a" testListId="8c84fa94-04c1-424b-9868-57a2d4851a1d" />
    <TestEntry testId="40c5fe37-8eee-b570-c8e5-584c9555dd5b" executionId="4ac840d0-67fd-4e8a-9eac-2416d9f5271a" testListId="8c84fa94-04c1-424b-9868-57a2d4851a1d" />
    <TestEntry testId="cb9cb4dd-d91f-3a8b-e093-61069c975ba7" executionId="41100520-0f27-4a4e-8a9b-0492845c8d76" testListId="8c84fa94-04c1-424b-9868-57a2d4851a1d" />
    <TestEntry testId="9af443ab-4057-65b9-7737-294b29e1ff0f" executionId="bf66825b-fa96-47d7-9de2-8e8c93ce6818" testListId="8c84fa94-04c1-424b-9868-57a2d4851a1d" />
    <TestEntry testId="1a91289e-57e5-be3c-8381-67252df4124f" executionId="70aabb07-ce83-4e38-b342-423fae761a0b" testListId="8c84fa94-04c1-424b-9868-57a2d4851a1d" />
    <TestEntry testId="64df16bb-168d-b86d-0c2a-41836ed7a731" executionId="efcbca0c-5c37-45aa-8063-951cd3ff24b6" testListId="8c84fa94-04c1-424b-9868-57a2d4851a1d" />
    <TestEntry testId="b0987aca-f375-7579-f115-4e980fac2fe4" executionId="a67a628b-acb7-4a9c-bda0-6887dbe31a07" testListId="8c84fa94-04c1-424b-9868-57a2d4851a1d" />
    <TestEntry testId="02dfc5f2-c3eb-99ee-f353-2aaec6dc6e1c" executionId="e88850a1-349c-425a-b3f4-3c9094cb4acf" testListId="8c84fa94-04c1-424b-9868-57a2d4851a1d" />
    <TestEntry testId="e206ec60-ba6a-86c3-283a-743b9d2de541" executionId="97ac626a-2526-4554-a9f6-17a595522009" testListId="8c84fa94-04c1-424b-9868-57a2d4851a1d" />
    <TestEntry testId="3462bc0a-8d33-ca36-1dea-0c030b723bac" executionId="9c6f0b36-9c61-4a9d-a339-c49c7db4b637" testListId="8c84fa94-04c1-424b-9868-57a2d4851a1d" />
    <TestEntry testId="478f96ed-2221-5007-b98f-8630532b55b1" executionId="50596ff3-ac72-4e89-b1fd-19ca7bf4388f" testListId="8c84fa94-04c1-424b-9868-57a2d4851a1d" />
    <TestEntry testId="052861ce-b146-5192-7743-f88dfaaffc4d" executionId="693e38c5-2526-4a1b-a311-6375f0ac0852" testListId="8c84fa94-04c1-424b-9868-57a2d4851a1d" />
    <TestEntry testId="574c936a-97e8-6930-d3e3-ee56b6e1968d" executionId="12e69aaf-3295-45a1-9ab0-37f823bf9728" testListId="8c84fa94-04c1-424b-9868-57a2d4851a1d" />
    <TestEntry testId="602812ce-9acf-c63f-3d9e-ab7e38da8bfb" executionId="45727192-4805-4c16-9849-0a8684f06c9a" testListId="8c84fa94-04c1-424b-9868-57a2d4851a1d" />
    <TestEntry testId="2c65e45d-6c80-9ae7-ff51-b65cb1415f9c" executionId="32376406-5bc9-4b86-bdb3-dd3d807cf25b" testListId="8c84fa94-04c1-424b-9868-57a2d4851a1d" />
    <TestEntry testId="a7c3958c-ed08-701d-04ac-eb4a143df517" executionId="ef18323a-2c81-4fb6-81f0-6f28e009d567" testListId="8c84fa94-04c1-424b-9868-57a2d4851a1d" />
    <TestEntry testId="dafcd462-6d8d-7546-db79-401cb1f8ea54" executionId="c55aab36-cd79-474b-a5ef-28cdbedd69d9" testListId="8c84fa94-04c1-424b-9868-57a2d4851a1d" />
    <TestEntry testId="5a455a12-fe5d-d76b-6701-c651d0901ce0" executionId="90fdd5a8-042b-4fdf-a8f3-f3af507cbf31" testListId="8c84fa94-04c1-424b-9868-57a2d4851a1d" />
    <TestEntry testId="55c9a313-0561-d40b-755a-d926aa2d9d32" executionId="990a2e4d-337f-4155-aecb-95d33f5f7f9a" testListId="8c84fa94-04c1-424b-9868-57a2d4851a1d" />
    <TestEntry testId="e7b9a62d-2f8b-d3f2-4a3a-9cebb6d2d56f" executionId="1e38779e-f5fa-421e-8ac9-5577e415da25" testListId="8c84fa94-04c1-424b-9868-57a2d4851a1d" />
    <TestEntry testId="64686666-a5d9-6b6e-00f3-a4a97c5c4745" executionId="4f6ae5b3-7f4f-46ac-ab49-9dca5aca85b7" testListId="8c84fa94-04c1-424b-9868-57a2d4851a1d" />
    <TestEntry testId="1a4abce9-2b87-de2e-da5a-1c629644c66e" executionId="cc707559-41cd-4e50-965e-8f544d06614f" testListId="8c84fa94-04c1-424b-9868-57a2d4851a1d" />
    <TestEntry testId="2f21a058-e21f-cf4b-831f-a132a3f4eafc" executionId="0a6ed6dc-dfcc-4cf4-a150-8ddc35bee6c8" testListId="8c84fa94-04c1-424b-9868-57a2d4851a1d" />
    <TestEntry testId="bcf6c661-bdd3-dc3b-8d30-8efd04a896b7" executionId="a799b3bd-3b7c-4ee9-aa77-6e312a337b68" testListId="8c84fa94-04c1-424b-9868-57a2d4851a1d" />
    <TestEntry testId="574b0e4a-1088-dc8e-931b-5757557d5af9" executionId="eacdb703-4ab2-4142-9813-95ea3f465245" testListId="8c84fa94-04c1-424b-9868-57a2d4851a1d" />
    <TestEntry testId="b5bc20a8-2c58-a4d4-fd15-5ce71610e7e2" executionId="aaf28aab-3e6a-4ada-96ba-91f98c5bd109" testListId="8c84fa94-04c1-424b-9868-57a2d4851a1d" />
    <TestEntry testId="9028b45d-2cc9-07bd-c10e-d070f0a1ff95" executionId="aa8deff1-98ac-4360-8cca-dfa876c63a23" testListId="8c84fa94-04c1-424b-9868-57a2d4851a1d" />
    <TestEntry testId="4c3704a2-f126-706a-ee45-09631f5d1024" executionId="b2b708c3-d20e-40cb-8b19-d35551b7b442" testListId="8c84fa94-04c1-424b-9868-57a2d4851a1d" />
    <TestEntry testId="60598e1b-02d6-d0b1-216a-1d6496f4b8e7" executionId="6aaeeab7-a86b-483d-91e2-1f9a4cb83225" testListId="8c84fa94-04c1-424b-9868-57a2d4851a1d" />
    <TestEntry testId="e0e2ea60-cab1-78b6-670e-13c80cc25fc2" executionId="e06a0a5a-eed4-4487-80a6-e24fb63256eb" testListId="8c84fa94-04c1-424b-9868-57a2d4851a1d" />
    <TestEntry testId="a1b786bd-3420-a755-d1b7-26283940726c" executionId="8544be08-3c0e-4482-ad07-efaef2bbd9ad" testListId="8c84fa94-04c1-424b-9868-57a2d4851a1d" />
    <TestEntry testId="0eea5cf3-5217-2650-bfc6-55dedab95adb" executionId="f8c464d3-8889-4980-83a4-fc114260bff0" testListId="8c84fa94-04c1-424b-9868-57a2d4851a1d" />
    <TestEntry testId="4456710a-57c1-169e-c51f-6d26dac4e142" executionId="b344e00e-7cfa-46cf-b07f-73bd88a74e6b" testListId="8c84fa94-04c1-424b-9868-57a2d4851a1d" />
    <TestEntry testId="81c4e769-cb62-799e-3506-93d60500134c" executionId="e5bd4760-b8f1-41c2-95dd-c2170c0a5a8b" testListId="8c84fa94-04c1-424b-9868-57a2d4851a1d" />
    <TestEntry testId="ccbf7e0d-7b7a-a8f1-7983-3f248694b75c" executionId="b04bdaad-b511-4cee-91c8-4fad40f9441e" testListId="8c84fa94-04c1-424b-9868-57a2d4851a1d" />
    <TestEntry testId="76502293-5fdb-4247-1645-eaa6b94012dc" executionId="14c147e8-7c5e-4abf-a844-01795304c41f" testListId="8c84fa94-04c1-424b-9868-57a2d4851a1d" />
    <TestEntry testId="b8255f44-88d8-5031-490d-d1db53977af2" executionId="ebed13fc-3eee-4f9f-b8cc-44d01fc07fa3" testListId="8c84fa94-04c1-424b-9868-57a2d4851a1d" />
    <TestEntry testId="4397c8ff-627d-79c6-0248-89b8a15bd75a" executionId="c5af668c-8abc-4234-b1d2-873679d711d2" testListId="8c84fa94-04c1-424b-9868-57a2d4851a1d" />
    <TestEntry testId="5c142862-68a4-3e0d-3caa-944a88c5d807" executionId="bc34343f-24d6-4af6-84ac-843b599f1d40" testListId="8c84fa94-04c1-424b-9868-57a2d4851a1d" />
    <TestEntry testId="f1e20cc6-36e9-f4be-b8af-7b8e470faa96" executionId="10f054f0-b963-49da-9c2d-9dab4c746fb4" testListId="8c84fa94-04c1-424b-9868-57a2d4851a1d" />
    <TestEntry testId="789befc7-bdb1-4aa4-6ce3-ddf2fed3eb3a" executionId="d12b3bd9-1af2-4c0e-a29a-13a00fdf7af9" testListId="8c84fa94-04c1-424b-9868-57a2d4851a1d" />
    <TestEntry testId="fab29629-ecda-5b7c-a197-ec8aaf8cb2b1" executionId="44f61a5e-db26-4916-a274-247d0bd76b45" testListId="8c84fa94-04c1-424b-9868-57a2d4851a1d" />
    <TestEntry testId="0df1aa3b-c928-8b6a-0977-0b4429c2ad4f" executionId="e879e8b6-6ddf-4a48-8ea1-dadd2c42bdd6" testListId="8c84fa94-04c1-424b-9868-57a2d4851a1d" />
    <TestEntry testId="65c57b3a-8e78-577f-c730-ac80594e792f" executionId="e952d1fa-fc5c-49ac-a62b-552071e65c9f" testListId="8c84fa94-04c1-424b-9868-57a2d4851a1d" />
    <TestEntry testId="4f10845f-3ec6-4a9c-4c1b-d5a02341ac26" executionId="a2e2f80c-78c6-4ec7-a31e-c82afc868be0" testListId="8c84fa94-04c1-424b-9868-57a2d4851a1d" />
    <TestEntry testId="85f2852e-58e5-6345-60a2-fbf11f9a2020" executionId="d159e579-7fe3-42d7-bd56-804c1bc462cf" testListId="8c84fa94-04c1-424b-9868-57a2d4851a1d" />
    <TestEntry testId="390f5574-ce2b-a8b0-ecb1-10d89b55bb71" executionId="b8db0b1c-4762-40da-a2a8-fa110b6bef0c" testListId="8c84fa94-04c1-424b-9868-57a2d4851a1d" />
    <TestEntry testId="dcd2f006-b615-aca4-03f2-93049cc2989f" executionId="fc93cd09-ab49-46af-9c7f-bf791f4cd5a0" testListId="8c84fa94-04c1-424b-9868-57a2d4851a1d" />
  </TestEntries>
  <TestLists>
    <TestList name="Results Not in a List" id="8c84fa94-04c1-424b-9868-57a2d4851a1d" />
    <TestList name="All Loaded Results" id="19431567-8539-422a-85d7-44ee4e166bda" />
  </TestLists>
  <ResultSummary outcome="Failed">
    <Counters total="208" executed="207" passed="204" failed="3" error="0" timeout="0" aborted="0" inconclusive="0" passedButRunAborted="0" notRunnable="0" notExecuted="0" disconnected="0" warning="0" completed="0" inProgress="0" pending="0" />
    <Output>
      <StdOut>[xUnit.net 00:00:00.00] xUnit.net VSTest Adapter v3.1.1+bf6400fd51 (64-bit .NET 9.0.6)
[xUnit.net 00:00:00.05]   Discovering: WitchCityRope.Core.Tests
[xUnit.net 00:00:00.12]   Discovered:  WitchCityRope.Core.Tests
[xUnit.net 00:00:00.16]   Starting:    WitchCityRope.Core.Tests
     Warning:
     The component "Fluent Assertions" is governed by the rules defined in the Xceed License Agreement and
     the Xceed Fluent Assertions Community License. You may use Fluent Assertions free of charge for
     non-commercial use only. An active subscription is required to use Fluent Assertions for commercial use.
     Please contact Xceed Sales mailto:sales@xceed.com to acquire a subscription at a very low cost.
     A paid commercial license supports the development and continued increasing support of
     Fluent Assertions users under both commercial and community licenses. Help us
     keep Fluent Assertions at the forefront of unit testing.
     For more information, visit https://xceed.com/products/unit-testing/fluent-assertions/
[xUnit.net 00:00:00.36]       System.InvalidOperationException : PostgreSQL not accessible on port 5433. Check Docker containers
[xUnit.net 00:00:00.36]       ---- Npgsql.PostgresException : 28P01: password authentication failed for user "postgres"
[xUnit.net 00:00:00.36]       Stack Trace:
[xUnit.net 00:00:00.36]         /home/chad/repos/witchcityrope-react/tests/WitchCityRope.Core.Tests/HealthChecks/ServiceHealthCheckTests.cs(141,0): at WitchCityRope.Core.Tests.HealthChecks.ServiceHealthCheckTests.VerifyPostgreSqlIsAccessible()
[xUnit.net 00:00:00.36]         --- End of stack trace from previous location ---
[xUnit.net 00:00:00.36]         ----- Inner Stack Trace -----
[xUnit.net 00:00:00.36]            at Npgsql.Internal.NpgsqlConnector.ReadMessageLong(Boolean async, DataRowLoadingMode dataRowLoadingMode, Boolean readingNotifications, Boolean isReadingPrependedMessage)
[xUnit.net 00:00:00.36]            at System.Runtime.CompilerServices.PoolingAsyncValueTaskMethodBuilder`1.StateMachineBox`1.System.Threading.Tasks.Sources.IValueTaskSource&lt;TResult&gt;.GetResult(Int16 token)
[xUnit.net 00:00:00.36]            at Npgsql.Internal.NpgsqlConnector.AuthenticateSASL(List`1 mechanisms, String username, Boolean async, CancellationToken cancellationToken)
[xUnit.net 00:00:00.36]            at Npgsql.Internal.NpgsqlConnector.Authenticate(String username, NpgsqlTimeout timeout, Boolean async, CancellationToken cancellationToken)
[xUnit.net 00:00:00.36]            at Npgsql.Internal.NpgsqlConnector.&lt;Open&gt;g__OpenCore|214_1(NpgsqlConnector conn, SslMode sslMode, NpgsqlTimeout timeout, Boolean async, CancellationToken cancellationToken)
[xUnit.net 00:00:00.36]            at Npgsql.Internal.NpgsqlConnector.Open(NpgsqlTimeout timeout, Boolean async, CancellationToken cancellationToken)
[xUnit.net 00:00:00.36]            at Npgsql.PoolingDataSource.OpenNewConnector(NpgsqlConnection conn, NpgsqlTimeout timeout, Boolean async, CancellationToken cancellationToken)
[xUnit.net 00:00:00.36]            at Npgsql.PoolingDataSource.&lt;Get&gt;g__RentAsync|33_0(NpgsqlConnection conn, NpgsqlTimeout timeout, Boolean async, CancellationToken cancellationToken)
[xUnit.net 00:00:00.36]            at Npgsql.NpgsqlConnection.&lt;Open&gt;g__OpenAsync|42_0(Boolean async, CancellationToken cancellationToken)
[xUnit.net 00:00:00.36]         /home/chad/repos/witchcityrope-react/tests/WitchCityRope.Core.Tests/HealthChecks/ServiceHealthCheckTests.cs(126,0): at WitchCityRope.Core.Tests.HealthChecks.ServiceHealthCheckTests.VerifyPostgreSqlIsAccessible()
[xUnit.net 00:00:00.36]       Output:
[xUnit.net 00:00:00.36]         ❌ PostgreSQL connection failed
[xUnit.net 00:00:00.36]            Connection: Host=localhost;Port=5433;Database=WitchCityRope_Dev;Username=postgres;Password=***
[xUnit.net 00:00:00.36]            Error: 28P01: password authentication failed for user "postgres"
[xUnit.net 00:00:00.36]            Fix: Check 'docker logs witchcity-postgres'
[xUnit.net 00:00:00.36]            Run: 'docker-compose -f docker-compose.yml -f docker-compose.dev.yml restart postgres'
[xUnit.net 00:00:00.40]       System.InvalidOperationException : Infrastructure health checks failed:
[xUnit.net 00:00:00.40]         - Docker Containers: ❌ Required container 'witchcity-api' is not running
[xUnit.net 00:00:00.40]         - PostgreSQL Database: ❌ PostgreSQL not accessible on port 5433. Check Docker containers
[xUnit.net 00:00:00.40]       Stack Trace:
[xUnit.net 00:00:00.40]         /home/chad/repos/witchcityrope-react/tests/WitchCityRope.Core.Tests/HealthChecks/ServiceHealthCheckTests.cs(259,0): at WitchCityRope.Core.Tests.HealthChecks.ServiceHealthCheckTests.RunAllHealthChecks()
[xUnit.net 00:00:00.40]         --- End of stack trace from previous location ---
[xUnit.net 00:00:00.40]       Output:
[xUnit.net 00:00:00.40]         ❌ Container 'witchcity-api' is not running
[xUnit.net 00:00:00.40]            Fix: Run './dev.sh' or 'docker-compose -f docker-compose.yml -f docker-compose.dev.yml up -d'
[xUnit.net 00:00:00.40]         ❌ Docker Containers: Required container 'witchcity-api' is not running
[xUnit.net 00:00:00.40]         ❌ PostgreSQL connection failed
[xUnit.net 00:00:00.40]            Connection: Host=localhost;Port=5433;Database=WitchCityRope_Dev;Username=postgres;Password=***
[xUnit.net 00:00:00.40]            Error: 28P01: password authentication failed for user "postgres"
[xUnit.net 00:00:00.40]            Fix: Check 'docker logs witchcity-postgres'
[xUnit.net 00:00:00.40]            Run: 'docker-compose -f docker-compose.yml -f docker-compose.dev.yml restart postgres'
[xUnit.net 00:00:00.40]         ❌ PostgreSQL Database: PostgreSQL not accessible on port 5433. Check Docker containers
[xUnit.net 00:00:00.40]         ✅ API is healthy at http://localhost:5655
[xUnit.net 00:00:00.40]         ✅ API Service: Healthy
[xUnit.net 00:00:00.40]         ✅ React dev server is accessible at http://localhost:5173
[xUnit.net 00:00:00.40]         ✅ React Dev Server: Healthy
[xUnit.net 00:00:00.40]         
[xUnit.net 00:00:00.40]         \ud83d\udcca Health Check Summary:
[xUnit.net 00:00:00.40]            Total Time: 33ms
[xUnit.net 00:00:00.40]            Passed: 2
[xUnit.net 00:00:00.40]            Failed: 2
[xUnit.net 00:00:00.42]       Need to implement a way to simulate full event with existing registrations
[xUnit.net 00:00:00.43]       System.InvalidOperationException : Required container 'witchcity-api' is not running
[xUnit.net 00:00:00.43]       Stack Trace:
[xUnit.net 00:00:00.43]         /home/chad/repos/witchcityrope-react/tests/WitchCityRope.Core.Tests/HealthChecks/ServiceHealthCheckTests.cs(196,0): at WitchCityRope.Core.Tests.HealthChecks.ServiceHealthCheckTests.VerifyDockerContainersAreRunning()
[xUnit.net 00:00:00.43]         --- End of stack trace from previous location ---
[xUnit.net 00:00:00.43]       Output:
[xUnit.net 00:00:00.43]         ❌ Container 'witchcity-api' is not running
[xUnit.net 00:00:00.43]            Fix: Run './dev.sh' or 'docker-compose -f docker-compose.yml -f docker-compose.dev.yml up -d'
Test 'WitchCityRope.Core.Tests.Entities.RegistrationTests.Constructor_EventAtCapacity_ThrowsDomainException' was skipped in the test run.
[xUnit.net 00:00:00.50]   Finished:    WitchCityRope.Core.Tests
</StdOut>
    </Output>
    <RunInfos>
      <RunInfo computerName="Unbutu-Ai-Chads-PC" outcome="Error" timestamp="2025-09-12T14:37:23.9458139-04:00">
        <Text>[xUnit.net 00:00:00.36]     WitchCityRope.Core.Tests.HealthChecks.ServiceHealthCheckTests.VerifyPostgreSqlIsAccessible [FAIL]</Text>
      </RunInfo>
      <RunInfo computerName="Unbutu-Ai-Chads-PC" outcome="Error" timestamp="2025-09-12T14:37:23.9845008-04:00">
        <Text>[xUnit.net 00:00:00.40]     WitchCityRope.Core.Tests.HealthChecks.ServiceHealthCheckTests.RunAllHealthChecks [FAIL]</Text>
      </RunInfo>
      <RunInfo computerName="Unbutu-Ai-Chads-PC" outcome="Warning" timestamp="2025-09-12T14:37:24.0008876-04:00">
        <Text>[xUnit.net 00:00:00.42]     WitchCityRope.Core.Tests.Entities.RegistrationTests.Constructor_EventAtCapacity_ThrowsDomainException [SKIP]</Text>
      </RunInfo>
      <RunInfo computerName="Unbutu-Ai-Chads-PC" outcome="Error" timestamp="2025-09-12T14:37:24.0113746-04:00">
        <Text>[xUnit.net 00:00:00.43]     WitchCityRope.Core.Tests.HealthChecks.ServiceHealthCheckTests.VerifyDockerContainersAreRunning [FAIL]</Text>
      </RunInfo>
    </RunInfos>
  </ResultSummary>
</TestRun>