<?xml version="1.0" encoding="utf-8"?>
<TestRun id="b0976665-64e6-4ea1-8634-8ede20e0a8f7" name="@Unbutu-Ai-Chads-PC 2025-09-13 14:03:53" xmlns="http://microsoft.com/schemas/VisualStudio/TeamTest/2010">
  <Times creation="2025-09-13T14:03:53.9548470-04:00" queuing="2025-09-13T14:03:53.9548471-04:00" start="2025-09-13T14:03:53.4466542-04:00" finish="2025-09-13T14:03:58.3542540-04:00" />
  <TestSettings name="default" id="1f12a45a-4a34-4ab2-9296-436a42be0994">
    <Deployment runDeploymentRoot="_Unbutu-Ai-Chads-PC_2025-09-13_14_03_53" />
  </TestSettings>
  <Results>
    <UnitTestResult executionId="3587faa4-244c-40b6-b54b-5e7e3a636548" testId="c6f8c170-4767-1292-4e2d-1c9d883e8f1e" testName="WitchCityRope.Infrastructure.Tests.Email.EmailServiceTests.SendTemplateEmailAsync_Should_Send_With_Template_Id" computerName="Unbutu-Ai-Chads-PC" duration="00:00:00.0010000" startTime="2025-09-13T14:03:53.9172190-04:00" endTime="2025-09-13T14:03:53.9172424-04:00" testType="13cdc9d9-ddb5-4fa4-a97d-d965ccfc6d4b" outcome="NotExecuted" testListId="8c84fa94-04c1-424b-9868-57a2d4851a1d" relativeResultsDirectory="3587faa4-244c-40b6-b54b-5e7e3a636548">
      <Output>
        <ErrorInfo>
          <Message>Email service not implemented yet - will be needed when email features are built</Message>
        </ErrorInfo>
      </Output>
    </UnitTestResult>
    <UnitTestResult executionId="aa8cdd5c-a723-46ca-bb8c-fa70be2cefe4" testId="26b9f878-3757-489b-6626-eca8d0f72307" testName="WitchCityRope.Infrastructure.Tests.Data.EntityConfigurationTests.User_Configuration_Should_Store_Value_Objects_Correctly" computerName="Unbutu-Ai-Chads-PC" duration="00:00:00.1434844" startTime="2025-09-13T14:03:54.9420840-04:00" endTime="2025-09-13T14:03:55.1906851-04:00" testType="13cdc9d9-ddb5-4fa4-a97d-d965ccfc6d4b" outcome="Failed" testListId="8c84fa94-04c1-424b-9868-57a2d4851a1d" relativeResultsDirectory="aa8cdd5c-a723-46ca-bb8c-fa70be2cefe4">
      <Output>
        <ErrorInfo>
          <Message>System.InvalidOperationException : Sequence contains no elements</Message>
          <StackTrace>   at System.Linq.ThrowHelper.ThrowNoElementsException()
   at lambda_method1264(Closure)
   at Microsoft.EntityFrameworkCore.InMemory.Query.Internal.InMemoryQueryExpression.ResultEnumerable.GetEnumerator()
   at Microsoft.EntityFrameworkCore.InMemory.Query.Internal.InMemoryShapedQueryCompilingExpressionVisitor.QueryingEnumerable`1.Enumerator.MoveNextHelper()
   at Microsoft.EntityFrameworkCore.InMemory.Query.Internal.InMemoryShapedQueryCompilingExpressionVisitor.QueryingEnumerable`1.Enumerator.MoveNextAsync()
   at Microsoft.EntityFrameworkCore.Query.ShapedQueryCompilingExpressionVisitor.SingleAsync[TSource](IAsyncEnumerable`1 asyncEnumerable, CancellationToken cancellationToken)
   at Microsoft.EntityFrameworkCore.Query.ShapedQueryCompilingExpressionVisitor.SingleAsync[TSource](IAsyncEnumerable`1 asyncEnumerable, CancellationToken cancellationToken)
   at WitchCityRope.Infrastructure.Tests.Data.EntityConfigurationTests.&lt;&gt;c__DisplayClass1_0.&lt;&lt;User_Configuration_Should_Store_Value_Objects_Correctly&gt;b__0&gt;d.MoveNext() in /home/chad/repos/witchcityrope-react/tests/WitchCityRope.Infrastructure.Tests/Data/EntityConfigurationTests.cs:line 50
--- End of stack trace from previous location ---
   at WitchCityRope.Infrastructure.Tests.Fixtures.IntegrationTestBase.ExecuteWithNewContextAsync[T](Func`2 action) in /home/chad/repos/witchcityrope-react/tests/WitchCityRope.Infrastructure.Tests/Fixtures/IntegrationTestBase.cs:line 89
   at WitchCityRope.Infrastructure.Tests.Data.EntityConfigurationTests.User_Configuration_Should_Store_Value_Objects_Correctly() in /home/chad/repos/witchcityrope-react/tests/WitchCityRope.Infrastructure.Tests/Data/EntityConfigurationTests.cs:line 49
--- End of stack trace from previous location ---</StackTrace>
        </ErrorInfo>
      </Output>
    </UnitTestResult>
    <UnitTestResult executionId="960d6a12-b4cb-4cfe-bf19-2323e57cd4d8" testId="591200bf-8c10-cbe7-b292-ba438a5b1619" testName="WitchCityRope.Infrastructure.Tests.Data.EntityConfigurationTests.IncidentReport_Should_Support_Anonymous_Reports" computerName="Unbutu-Ai-Chads-PC" duration="00:00:00.0592535" startTime="2025-09-13T14:03:55.1925621-04:00" endTime="2025-09-13T14:03:55.3110359-04:00" testType="13cdc9d9-ddb5-4fa4-a97d-d965ccfc6d4b" outcome="Failed" testListId="8c84fa94-04c1-424b-9868-57a2d4851a1d" relativeResultsDirectory="960d6a12-b4cb-4cfe-bf19-2323e57cd4d8">
      <Output>
        <ErrorInfo>
          <Message>Microsoft.EntityFrameworkCore.DbUpdateException : An error occurred while saving the entity changes. See the inner exception for details.
---- Microsoft.Data.Sqlite.SqliteException : SQLite Error 19: 'NOT NULL constraint failed: IncidentReports.ResolutionNotes'.</Message>
          <StackTrace>   at Microsoft.EntityFrameworkCore.Update.ReaderModificationCommandBatch.ExecuteAsync(IRelationalConnection connection, CancellationToken cancellationToken)
   at Microsoft.EntityFrameworkCore.Update.Internal.BatchExecutor.ExecuteAsync(IEnumerable`1 commandBatches, IRelationalConnection connection, CancellationToken cancellationToken)
   at Microsoft.EntityFrameworkCore.Update.Internal.BatchExecutor.ExecuteAsync(IEnumerable`1 commandBatches, IRelationalConnection connection, CancellationToken cancellationToken)
   at Microsoft.EntityFrameworkCore.Update.Internal.BatchExecutor.ExecuteAsync(IEnumerable`1 commandBatches, IRelationalConnection connection, CancellationToken cancellationToken)
   at Microsoft.EntityFrameworkCore.Storage.RelationalDatabase.SaveChangesAsync(IList`1 entries, CancellationToken cancellationToken)
   at Microsoft.EntityFrameworkCore.ChangeTracking.Internal.StateManager.SaveChangesAsync(IList`1 entriesToSave, CancellationToken cancellationToken)
   at Microsoft.EntityFrameworkCore.ChangeTracking.Internal.StateManager.SaveChangesAsync(StateManager stateManager, Boolean acceptAllChangesOnSuccess, CancellationToken cancellationToken)
   at Microsoft.EntityFrameworkCore.DbContext.SaveChangesAsync(Boolean acceptAllChangesOnSuccess, CancellationToken cancellationToken)
   at Microsoft.EntityFrameworkCore.DbContext.SaveChangesAsync(Boolean acceptAllChangesOnSuccess, CancellationToken cancellationToken)
   at WitchCityRope.Infrastructure.Data.WitchCityRopeDbContext.SaveChangesAsync(CancellationToken cancellationToken) in /home/chad/repos/witchcityrope-react/src/WitchCityRope.Infrastructure/Data/WitchCityRopeDbContext.cs:line 58
   at WitchCityRope.Infrastructure.Tests.Data.EntityConfigurationTests.IncidentReport_Should_Support_Anonymous_Reports() in /home/chad/repos/witchcityrope-react/tests/WitchCityRope.Infrastructure.Tests/Data/EntityConfigurationTests.cs:line 187
--- End of stack trace from previous location ---
----- Inner Stack Trace -----
   at Microsoft.Data.Sqlite.SqliteException.ThrowExceptionForRC(Int32 rc, sqlite3 db)
   at Microsoft.Data.Sqlite.SqliteDataReader.NextResult()
   at Microsoft.Data.Sqlite.SqliteCommand.ExecuteReader(CommandBehavior behavior)
   at Microsoft.Data.Sqlite.SqliteCommand.ExecuteReaderAsync(CommandBehavior behavior, CancellationToken cancellationToken)
   at Microsoft.Data.Sqlite.SqliteCommand.ExecuteDbDataReaderAsync(CommandBehavior behavior, CancellationToken cancellationToken)
   at Microsoft.EntityFrameworkCore.Storage.RelationalCommand.ExecuteReaderAsync(RelationalCommandParameterObject parameterObject, CancellationToken cancellationToken)
   at Microsoft.EntityFrameworkCore.Storage.RelationalCommand.ExecuteReaderAsync(RelationalCommandParameterObject parameterObject, CancellationToken cancellationToken)
   at Microsoft.EntityFrameworkCore.Update.ReaderModificationCommandBatch.ExecuteAsync(IRelationalConnection connection, CancellationToken cancellationToken)</StackTrace>
        </ErrorInfo>
      </Output>
    </UnitTestResult>
    <UnitTestResult executionId="d84e3333-d4d5-4e60-b84b-ad94520133b4" testId="b3ced23f-cb6e-2a17-6541-3fac83d667d8" testName="WitchCityRope.Infrastructure.Tests.PayPal.PayPalServiceTests.CreatePaymentIntentAsync_Should_Handle_Exceptions" computerName="Unbutu-Ai-Chads-PC" duration="00:00:00.0016004" startTime="2025-09-13T14:03:54.0667049-04:00" endTime="2025-09-13T14:03:54.0676293-04:00" testType="13cdc9d9-ddb5-4fa4-a97d-d965ccfc6d4b" outcome="Passed" testListId="8c84fa94-04c1-424b-9868-57a2d4851a1d" relativeResultsDirectory="d84e3333-d4d5-4e60-b84b-ad94520133b4" />
    <UnitTestResult executionId="5213cc31-5500-4fc2-b407-1b80c99e7633" testId="9fe6d175-d2ab-6131-d5d1-c65e74e5832a" testName="WitchCityRope.Infrastructure.Tests.Security.JwtTokenServiceTests.GetUserIdFromToken_Should_Return_Null_For_Invalid_Token" computerName="Unbutu-Ai-Chads-PC" duration="00:00:00.0010000" startTime="2025-09-13T14:03:53.9331868-04:00" endTime="2025-09-13T14:03:53.9332321-04:00" testType="13cdc9d9-ddb5-4fa4-a97d-d965ccfc6d4b" outcome="Failed" testListId="8c84fa94-04c1-424b-9868-57a2d4851a1d" relativeResultsDirectory="5213cc31-5500-4fc2-b407-1b80c99e7633">
      <Output>
        <ErrorInfo>
          <Message>System.InvalidOperationException : JWT secret key not configured</Message>
          <StackTrace>   at WitchCityRope.Infrastructure.Security.JwtTokenService..ctor(IConfiguration configuration) in /home/chad/repos/witchcityrope-react/src/WitchCityRope.Infrastructure/Security/JwtTokenService.cs:line 33
   at WitchCityRope.Infrastructure.Tests.Security.JwtTokenServiceTests..ctor() in /home/chad/repos/witchcityrope-react/tests/WitchCityRope.Infrastructure.Tests/Security/JwtTokenServiceTests.cs:line 35
   at System.RuntimeType.CreateInstanceDefaultCtor(Boolean publicOnly, Boolean wrapExceptions)</StackTrace>
        </ErrorInfo>
      </Output>
    </UnitTestResult>
    <UnitTestResult executionId="b2df3a8b-d519-426d-bfed-d6f0e9316195" testId="1ae5ff30-1a08-cfcb-e755-65a04829e2b4" testName="WitchCityRope.Infrastructure.Tests.Email.EmailServiceTests.SendCancellationConfirmationAsync_Should_Include_Refund_When_Provided" computerName="Unbutu-Ai-Chads-PC" duration="00:00:00.0010000" startTime="2025-09-13T14:03:53.9162524-04:00" endTime="2025-09-13T14:03:53.9162685-04:00" testType="13cdc9d9-ddb5-4fa4-a97d-d965ccfc6d4b" outcome="NotExecuted" testListId="8c84fa94-04c1-424b-9868-57a2d4851a1d" relativeResultsDirectory="b2df3a8b-d519-426d-bfed-d6f0e9316195">
      <Output>
        <ErrorInfo>
          <Message>Email service not implemented yet - will be needed when email features are built</Message>
        </ErrorInfo>
      </Output>
    </UnitTestResult>
    <UnitTestResult executionId="63a529af-e27f-4828-8a72-49e9178cbb60" testId="ce5d819c-5ce5-57c8-bafb-b7d7723680d9" testName="WitchCityRope.Infrastructure.Tests.Data.ComplexQueryTests.Should_Handle_Complex_Filtering_And_Sorting" computerName="Unbutu-Ai-Chads-PC" duration="00:00:00.0010000" startTime="2025-09-13T14:03:55.9791590-04:00" endTime="2025-09-13T14:03:56.1900233-04:00" testType="13cdc9d9-ddb5-4fa4-a97d-d965ccfc6d4b" outcome="Failed" testListId="8c84fa94-04c1-424b-9868-57a2d4851a1d" relativeResultsDirectory="63a529af-e27f-4828-8a72-49e9178cbb60">
      <Output>
        <ErrorInfo>
          <Message>Microsoft.EntityFrameworkCore.DbUpdateException : An error occurred while saving the entity changes. See the inner exception for details.
---- Microsoft.Data.Sqlite.SqliteException : SQLite Error 19: 'NOT NULL constraint failed: Registrations.DietaryRestrictions'.</Message>
          <StackTrace>   at Microsoft.EntityFrameworkCore.Update.ReaderModificationCommandBatch.ExecuteAsync(IRelationalConnection connection, CancellationToken cancellationToken)
   at Microsoft.EntityFrameworkCore.Update.Internal.BatchExecutor.ExecuteAsync(IEnumerable`1 commandBatches, IRelationalConnection connection, CancellationToken cancellationToken)
   at Microsoft.EntityFrameworkCore.Update.Internal.BatchExecutor.ExecuteAsync(IEnumerable`1 commandBatches, IRelationalConnection connection, CancellationToken cancellationToken)
   at Microsoft.EntityFrameworkCore.Update.Internal.BatchExecutor.ExecuteAsync(IEnumerable`1 commandBatches, IRelationalConnection connection, CancellationToken cancellationToken)
   at Microsoft.EntityFrameworkCore.Storage.RelationalDatabase.SaveChangesAsync(IList`1 entries, CancellationToken cancellationToken)
   at Microsoft.EntityFrameworkCore.ChangeTracking.Internal.StateManager.SaveChangesAsync(IList`1 entriesToSave, CancellationToken cancellationToken)
   at Microsoft.EntityFrameworkCore.ChangeTracking.Internal.StateManager.SaveChangesAsync(StateManager stateManager, Boolean acceptAllChangesOnSuccess, CancellationToken cancellationToken)
   at Microsoft.EntityFrameworkCore.DbContext.SaveChangesAsync(Boolean acceptAllChangesOnSuccess, CancellationToken cancellationToken)
   at Microsoft.EntityFrameworkCore.DbContext.SaveChangesAsync(Boolean acceptAllChangesOnSuccess, CancellationToken cancellationToken)
   at WitchCityRope.Infrastructure.Data.WitchCityRopeDbContext.SaveChangesAsync(CancellationToken cancellationToken) in /home/chad/repos/witchcityrope-react/src/WitchCityRope.Infrastructure/Data/WitchCityRopeDbContext.cs:line 58
   at WitchCityRope.Infrastructure.Tests.Data.ComplexQueryTests.SeedDataAsync() in /home/chad/repos/witchcityrope-react/tests/WitchCityRope.Infrastructure.Tests/Data/ComplexQueryTests.cs:line 63
   at WitchCityRope.Infrastructure.Tests.Fixtures.IntegrationTestBase.InitializeAsync() in /home/chad/repos/witchcityrope-react/tests/WitchCityRope.Infrastructure.Tests/Fixtures/IntegrationTestBase.cs:line 41
----- Inner Stack Trace -----
   at Microsoft.Data.Sqlite.SqliteException.ThrowExceptionForRC(Int32 rc, sqlite3 db)
   at Microsoft.Data.Sqlite.SqliteDataReader.NextResult()
   at Microsoft.Data.Sqlite.SqliteCommand.ExecuteReader(CommandBehavior behavior)
   at Microsoft.Data.Sqlite.SqliteCommand.ExecuteReaderAsync(CommandBehavior behavior, CancellationToken cancellationToken)
   at Microsoft.Data.Sqlite.SqliteCommand.ExecuteDbDataReaderAsync(CommandBehavior behavior, CancellationToken cancellationToken)
   at Microsoft.EntityFrameworkCore.Storage.RelationalCommand.ExecuteReaderAsync(RelationalCommandParameterObject parameterObject, CancellationToken cancellationToken)
   at Microsoft.EntityFrameworkCore.Storage.RelationalCommand.ExecuteReaderAsync(RelationalCommandParameterObject parameterObject, CancellationToken cancellationToken)
   at Microsoft.EntityFrameworkCore.Update.ReaderModificationCommandBatch.ExecuteAsync(IRelationalConnection connection, CancellationToken cancellationToken)</StackTrace>
        </ErrorInfo>
      </Output>
    </UnitTestResult>
    <UnitTestResult executionId="8498ac9c-e203-460e-9488-b2ab81330934" testId="239858d9-6523-c1b4-9f7d-78a53c1eac10" testName="WitchCityRope.Infrastructure.Tests.Data.WitchCityRopeDbContextTests.Should_Save_And_Retrieve_User" computerName="Unbutu-Ai-Chads-PC" duration="00:00:00.4259751" startTime="2025-09-13T14:03:53.8733796-04:00" endTime="2025-09-13T14:03:55.1926248-04:00" testType="13cdc9d9-ddb5-4fa4-a97d-d965ccfc6d4b" outcome="Failed" testListId="8c84fa94-04c1-424b-9868-57a2d4851a1d" relativeResultsDirectory="8498ac9c-e203-460e-9488-b2ab81330934">
      <Output>
        <ErrorInfo>
          <Message>Expected retrievedUser not to be &lt;null&gt;.</Message>
          <StackTrace>   at FluentAssertions.Execution.LateBoundTestFramework.Throw(String message)
   at FluentAssertions.Execution.DefaultAssertionStrategy.HandleFailure(String message)
   at FluentAssertions.Execution.AssertionScope.AddPreFormattedFailure(String formattedFailureMessage)
   at FluentAssertions.Execution.AssertionChain.FailWith(Func`1 getFailureReason)
   at FluentAssertions.Execution.AssertionChain.FailWith(Func`1 getFailureReason)
   at FluentAssertions.Execution.AssertionChain.FailWith(String message)
   at FluentAssertions.Primitives.ReferenceTypeAssertions`2.NotBeNull(String because, Object[] becauseArgs)
   at WitchCityRope.Infrastructure.Tests.Data.WitchCityRopeDbContextTests.Should_Save_And_Retrieve_User() in /home/chad/repos/witchcityrope-react/tests/WitchCityRope.Infrastructure.Tests/Data/WitchCityRopeDbContextTests.cs:line 47
--- End of stack trace from previous location ---</StackTrace>
        </ErrorInfo>
      </Output>
    </UnitTestResult>
    <UnitTestResult executionId="d585a46d-4701-4611-ae27-a532a0fbf9ca" testId="41de6ffd-df72-f5d2-e6b2-2548e17c369e" testName="WitchCityRope.Infrastructure.Tests.Data.EntityConfigurationTests.User_Configuration_Should_Enforce_Unique_Email" computerName="Unbutu-Ai-Chads-PC" duration="00:00:00.0065024" startTime="2025-09-13T14:03:55.5760221-04:00" endTime="2025-09-13T14:03:55.6350118-04:00" testType="13cdc9d9-ddb5-4fa4-a97d-d965ccfc6d4b" outcome="Failed" testListId="8c84fa94-04c1-424b-9868-57a2d4851a1d" relativeResultsDirectory="d585a46d-4701-4611-ae27-a532a0fbf9ca">
      <Output>
        <ErrorInfo>
          <Message>System.InvalidOperationException : The property 'EmailAddress.UserId' is part of a key and so cannot be modified or marked as modified. To change the principal of an existing entity with an identifying foreign key, first delete the dependent and invoke 'SaveChanges', and then associate the dependent with the new principal.</Message>
          <StackTrace>   at Microsoft.EntityFrameworkCore.ChangeTracking.Internal.InternalEntityEntry.SetPropertyModified(IProperty property, Boolean changeState, Boolean isModified, Boolean isConceptualNull, Boolean acceptChanges)
   at Microsoft.EntityFrameworkCore.ChangeTracking.Internal.ChangeDetector.PropertyChanged(InternalEntityEntry entry, IPropertyBase propertyBase, Boolean setModified)
   at Microsoft.EntityFrameworkCore.ChangeTracking.Internal.InternalEntityEntryNotifier.PropertyChanged(InternalEntityEntry entry, IPropertyBase property, Boolean setModified)
   at Microsoft.EntityFrameworkCore.ChangeTracking.Internal.InternalEntityEntry.SetProperty(IPropertyBase propertyBase, Object value, Boolean isMaterialization, Boolean setModified, Boolean isCascadeDelete, CurrentValueType valueType)
   at Microsoft.EntityFrameworkCore.ChangeTracking.Internal.InternalEntityEntry.SetProperty(IPropertyBase propertyBase, Object value, Boolean isMaterialization, Boolean setModified, Boolean isCascadeDelete)
   at Microsoft.EntityFrameworkCore.ChangeTracking.Internal.InternalEntityEntry.PropagateValue(InternalEntityEntry principalEntry, IProperty principalProperty, IProperty dependentProperty, Boolean isMaterialization, Boolean setModified)
   at Microsoft.EntityFrameworkCore.ChangeTracking.Internal.NavigationFixer.SetForeignKeyProperties(InternalEntityEntry dependentEntry, InternalEntityEntry principalEntry, IForeignKey foreignKey, Boolean setModified, Boolean fromQuery)
   at Microsoft.EntityFrameworkCore.ChangeTracking.Internal.NavigationFixer.FixupToDependent(InternalEntityEntry principalEntry, InternalEntityEntry dependentEntry, IForeignKey foreignKey, Boolean setModified, Boolean fromQuery)
   at Microsoft.EntityFrameworkCore.ChangeTracking.Internal.NavigationFixer.InitialFixup(InternalEntityEntry entry, InternalEntityEntry duplicateEntry, Boolean fromQuery)
   at Microsoft.EntityFrameworkCore.ChangeTracking.Internal.NavigationFixer.StateChanged(InternalEntityEntry entry, EntityState oldState, Boolean fromQuery)
   at Microsoft.EntityFrameworkCore.ChangeTracking.Internal.InternalEntityEntryNotifier.StateChanged(InternalEntityEntry entry, EntityState oldState, Boolean fromQuery)
   at Microsoft.EntityFrameworkCore.ChangeTracking.Internal.InternalEntityEntry.FireStateChanged(EntityState oldState)
   at Microsoft.EntityFrameworkCore.ChangeTracking.Internal.InternalEntityEntry.SetEntityState(EntityState oldState, EntityState newState, Boolean acceptChanges, Boolean modifyProperties)
   at Microsoft.EntityFrameworkCore.ChangeTracking.Internal.InternalEntityEntry.SetEntityState(EntityState entityState, Boolean acceptChanges, Boolean modifyProperties, Nullable`1 forceStateWhenUnknownKey, Nullable`1 fallbackState)
   at Microsoft.EntityFrameworkCore.ChangeTracking.Internal.EntityGraphAttacher.PaintAction(EntityEntryGraphNode`1 node)
   at Microsoft.EntityFrameworkCore.ChangeTracking.Internal.EntityEntryGraphIterator.TraverseGraph[TState](EntityEntryGraphNode`1 node, Func`2 handleNode)
   at Microsoft.EntityFrameworkCore.ChangeTracking.Internal.EntityGraphAttacher.AttachGraph(InternalEntityEntry rootEntry, EntityState targetState, EntityState storeGeneratedWithKeySetTargetState, Boolean forceStateWhenUnknownKey)
   at Microsoft.EntityFrameworkCore.Internal.InternalDbSet`1.SetEntityState(InternalEntityEntry entry, EntityState entityState)
   at Microsoft.EntityFrameworkCore.Internal.InternalDbSet`1.Add(TEntity entity)
   at WitchCityRope.Infrastructure.Tests.Data.EntityConfigurationTests.User_Configuration_Should_Enforce_Unique_Email() in /home/chad/repos/witchcityrope-react/tests/WitchCityRope.Infrastructure.Tests/Data/EntityConfigurationTests.cs:line 29
--- End of stack trace from previous location ---</StackTrace>
        </ErrorInfo>
      </Output>
    </UnitTestResult>
    <UnitTestResult executionId="09fbad41-aa76-453b-be99-4d809e48113c" testId="9720ebaa-d172-feed-39d4-ea0c237a4355" testName="WitchCityRope.Infrastructure.Tests.PayPal.PayPalServiceTests.ProcessPaymentAsync_Should_Handle_Exceptions" computerName="Unbutu-Ai-Chads-PC" duration="00:00:00.0042145" startTime="2025-09-13T14:03:54.1129608-04:00" endTime="2025-09-13T14:03:54.1172490-04:00" testType="13cdc9d9-ddb5-4fa4-a97d-d965ccfc6d4b" outcome="Failed" testListId="8c84fa94-04c1-424b-9868-57a2d4851a1d" relativeResultsDirectory="09fbad41-aa76-453b-be99-4d809e48113c">
      <Output>
        <ErrorInfo>
          <Message>System.NullReferenceException : Object reference not set to an instance of an object.</Message>
          <StackTrace>   at WitchCityRope.Infrastructure.PayPal.PayPalService.ProcessPaymentAsync(Registration registration, Money amount, String paymentMethodId) in /home/chad/repos/witchcityrope-react/src/WitchCityRope.Infrastructure/PayPal/PayPalService.cs:line 83
   at WitchCityRope.Infrastructure.Tests.PayPal.PayPalServiceTests.ProcessPaymentAsync_Should_Handle_Exceptions() in /home/chad/repos/witchcityrope-react/tests/WitchCityRope.Infrastructure.Tests/PayPal/PayPalServiceTests.cs:line 101
--- End of stack trace from previous location ---</StackTrace>
        </ErrorInfo>
      </Output>
    </UnitTestResult>
    <UnitTestResult executionId="0692a913-5650-4610-a7a3-bb9a029616f1" testId="0ee62c17-dcae-efb1-3027-07f5ee04a932" testName="WitchCityRope.Infrastructure.Tests.PayPal.PayPalServiceTests.Should_Default_To_Sandbox_When_IsSandbox_Not_Specified" computerName="Unbutu-Ai-Chads-PC" duration="00:00:00.0002522" startTime="2025-09-13T14:03:54.1187636-04:00" endTime="2025-09-13T14:03:54.1189511-04:00" testType="13cdc9d9-ddb5-4fa4-a97d-d965ccfc6d4b" outcome="Passed" testListId="8c84fa94-04c1-424b-9868-57a2d4851a1d" relativeResultsDirectory="0692a913-5650-4610-a7a3-bb9a029616f1" />
    <UnitTestResult executionId="86ea296b-c14e-470b-999f-f209635b07bb" testId="12ee414a-a43e-5473-78ad-46199e88b6c7" testName="WitchCityRope.Infrastructure.Tests.Security.JwtTokenServiceTests.Constructor_Should_Throw_When_SecretKey_Is_Missing" computerName="Unbutu-Ai-Chads-PC" duration="00:00:00.0010000" startTime="2025-09-13T14:03:53.9328817-04:00" endTime="2025-09-13T14:03:53.9329284-04:00" testType="13cdc9d9-ddb5-4fa4-a97d-d965ccfc6d4b" outcome="Failed" testListId="8c84fa94-04c1-424b-9868-57a2d4851a1d" relativeResultsDirectory="86ea296b-c14e-470b-999f-f209635b07bb">
      <Output>
        <ErrorInfo>
          <Message>System.InvalidOperationException : JWT secret key not configured</Message>
          <StackTrace>   at WitchCityRope.Infrastructure.Security.JwtTokenService..ctor(IConfiguration configuration) in /home/chad/repos/witchcityrope-react/src/WitchCityRope.Infrastructure/Security/JwtTokenService.cs:line 33
   at WitchCityRope.Infrastructure.Tests.Security.JwtTokenServiceTests..ctor() in /home/chad/repos/witchcityrope-react/tests/WitchCityRope.Infrastructure.Tests/Security/JwtTokenServiceTests.cs:line 35
   at System.RuntimeType.CreateInstanceDefaultCtor(Boolean publicOnly, Boolean wrapExceptions)</StackTrace>
        </ErrorInfo>
      </Output>
    </UnitTestResult>
    <UnitTestResult executionId="468c628b-fd48-4265-bc68-0bcc7a421aa1" testId="d421b930-d649-aa53-9320-f0c3bc7b7be4" testName="WitchCityRope.Infrastructure.Tests.Security.JwtTokenServiceTests.ValidateToken_Should_Return_Null_For_Wrong_Secret" computerName="Unbutu-Ai-Chads-PC" duration="00:00:00.0010000" startTime="2025-09-13T14:03:53.9592734-04:00" endTime="2025-09-13T14:03:53.9593582-04:00" testType="13cdc9d9-ddb5-4fa4-a97d-d965ccfc6d4b" outcome="Failed" testListId="8c84fa94-04c1-424b-9868-57a2d4851a1d" relativeResultsDirectory="468c628b-fd48-4265-bc68-0bcc7a421aa1">
      <Output>
        <ErrorInfo>
          <Message>System.InvalidOperationException : JWT secret key not configured</Message>
          <StackTrace>   at WitchCityRope.Infrastructure.Security.JwtTokenService..ctor(IConfiguration configuration) in /home/chad/repos/witchcityrope-react/src/WitchCityRope.Infrastructure/Security/JwtTokenService.cs:line 33
   at WitchCityRope.Infrastructure.Tests.Security.JwtTokenServiceTests..ctor() in /home/chad/repos/witchcityrope-react/tests/WitchCityRope.Infrastructure.Tests/Security/JwtTokenServiceTests.cs:line 35
   at System.RuntimeType.CreateInstanceDefaultCtor(Boolean publicOnly, Boolean wrapExceptions)</StackTrace>
        </ErrorInfo>
      </Output>
    </UnitTestResult>
    <UnitTestResult executionId="0b461c83-ac3b-46cc-abfc-b1ff76910c2d" testId="db6885b0-37d4-5f8a-fb24-1dbff7efe7b0" testName="WitchCityRope.Infrastructure.Tests.PayPal.PayPalServiceTests.ValidatePaymentMethodAsync_Should_Return_True_For_Valid_Method" computerName="Unbutu-Ai-Chads-PC" duration="00:00:00.0003860" startTime="2025-09-13T14:03:54.1177235-04:00" endTime="2025-09-13T14:03:54.1177779-04:00" testType="13cdc9d9-ddb5-4fa4-a97d-d965ccfc6d4b" outcome="Passed" testListId="8c84fa94-04c1-424b-9868-57a2d4851a1d" relativeResultsDirectory="0b461c83-ac3b-46cc-abfc-b1ff76910c2d" />
    <UnitTestResult executionId="2a2dbb43-2f49-41c8-8347-2354fc1a5e59" testId="e8fd9f68-55b8-c4bd-47ac-7ccdf891ae01" testName="WitchCityRope.Infrastructure.Tests.PayPal.PayPalServiceTests.ProcessRefundAsync_Should_Use_Full_Amount_When_Not_Specified" computerName="Unbutu-Ai-Chads-PC" duration="00:00:00.0686962" startTime="2025-09-13T14:03:53.9747944-04:00" endTime="2025-09-13T14:03:54.0434090-04:00" testType="13cdc9d9-ddb5-4fa4-a97d-d965ccfc6d4b" outcome="Passed" testListId="8c84fa94-04c1-424b-9868-57a2d4851a1d" relativeResultsDirectory="2a2dbb43-2f49-41c8-8347-2354fc1a5e59" />
    <UnitTestResult executionId="663ba770-fb77-4611-aa1b-4b549922a079" testId="cee07bb6-f0e2-062a-9298-b31e489309dc" testName="WitchCityRope.Infrastructure.Tests.Security.EncryptionServiceTests.EncryptAsync_Should_Encrypt_Plain_Text" computerName="Unbutu-Ai-Chads-PC" duration="00:00:00.0013407" startTime="2025-09-13T14:03:57.2488750-04:00" endTime="2025-09-13T14:03:57.2503358-04:00" testType="13cdc9d9-ddb5-4fa4-a97d-d965ccfc6d4b" outcome="Passed" testListId="8c84fa94-04c1-424b-9868-57a2d4851a1d" relativeResultsDirectory="663ba770-fb77-4611-aa1b-4b549922a079" />
    <UnitTestResult executionId="22ac75a5-0686-4110-89f0-e8da4bf27b38" testId="e5db7fe7-0c86-b69a-1876-a463e7e775cd" testName="WitchCityRope.Infrastructure.Tests.Security.EncryptionServiceTests.Encrypt_Decrypt_Should_Handle_Unicode_Characters" computerName="Unbutu-Ai-Chads-PC" duration="00:00:00.0013128" startTime="2025-09-13T14:03:57.2447529-04:00" endTime="2025-09-13T14:03:57.2458599-04:00" testType="13cdc9d9-ddb5-4fa4-a97d-d965ccfc6d4b" outcome="Passed" testListId="8c84fa94-04c1-424b-9868-57a2d4851a1d" relativeResultsDirectory="22ac75a5-0686-4110-89f0-e8da4bf27b38" />
    <UnitTestResult executionId="040e7390-7856-4f69-95b7-7191c29bfd79" testId="f40dcb59-5570-8947-4c85-82c6660d5c47" testName="WitchCityRope.Infrastructure.Tests.Security.JwtTokenServiceTests.GenerateToken_Should_Include_All_Required_Claims" computerName="Unbutu-Ai-Chads-PC" duration="00:00:00.0010000" startTime="2025-09-13T14:03:53.9338356-04:00" endTime="2025-09-13T14:03:53.9338803-04:00" testType="13cdc9d9-ddb5-4fa4-a97d-d965ccfc6d4b" outcome="Failed" testListId="8c84fa94-04c1-424b-9868-57a2d4851a1d" relativeResultsDirectory="040e7390-7856-4f69-95b7-7191c29bfd79">
      <Output>
        <ErrorInfo>
          <Message>System.InvalidOperationException : JWT secret key not configured</Message>
          <StackTrace>   at WitchCityRope.Infrastructure.Security.JwtTokenService..ctor(IConfiguration configuration) in /home/chad/repos/witchcityrope-react/src/WitchCityRope.Infrastructure/Security/JwtTokenService.cs:line 33
   at WitchCityRope.Infrastructure.Tests.Security.JwtTokenServiceTests..ctor() in /home/chad/repos/witchcityrope-react/tests/WitchCityRope.Infrastructure.Tests/Security/JwtTokenServiceTests.cs:line 35
   at System.RuntimeType.CreateInstanceDefaultCtor(Boolean publicOnly, Boolean wrapExceptions)</StackTrace>
        </ErrorInfo>
      </Output>
    </UnitTestResult>
    <UnitTestResult executionId="cd81ecd4-74b8-4f51-8d56-cde9e7b02b18" testId="fb5b9c38-8b84-314c-709f-5c4f52c1a376" testName="WitchCityRope.Infrastructure.Tests.Data.WitchCityRopeDbContextTests.Should_Handle_Transactions" computerName="Unbutu-Ai-Chads-PC" duration="00:00:00.0295485" startTime="2025-09-13T14:03:55.6698236-04:00" endTime="2025-09-13T14:03:55.7448850-04:00" testType="13cdc9d9-ddb5-4fa4-a97d-d965ccfc6d4b" outcome="Passed" testListId="8c84fa94-04c1-424b-9868-57a2d4851a1d" relativeResultsDirectory="cd81ecd4-74b8-4f51-8d56-cde9e7b02b18" />
    <UnitTestResult executionId="c444ef58-797c-4032-9a85-7425c23367a8" testId="2c2006c0-221d-554f-297a-e29ef198d5bd" testName="WitchCityRope.Infrastructure.Tests.Email.EmailServiceTests.SendTemplateEmailAsync_Should_Throw_For_Unknown_Template" computerName="Unbutu-Ai-Chads-PC" duration="00:00:00.0010000" startTime="2025-09-13T14:03:53.9195320-04:00" endTime="2025-09-13T14:03:53.9195588-04:00" testType="13cdc9d9-ddb5-4fa4-a97d-d965ccfc6d4b" outcome="NotExecuted" testListId="8c84fa94-04c1-424b-9868-57a2d4851a1d" relativeResultsDirectory="c444ef58-797c-4032-9a85-7425c23367a8">
      <Output>
        <ErrorInfo>
          <Message>Email service not implemented yet - will be needed when email features are built</Message>
        </ErrorInfo>
      </Output>
    </UnitTestResult>
    <UnitTestResult executionId="eaae97d0-18b7-4483-8f9e-31d9c5747437" testId="82b79749-a163-881a-8fc3-03b8db75e151" testName="WitchCityRope.Infrastructure.Tests.Security.JwtTokenServiceTests.Token_Should_Work_With_Default_Configuration" computerName="Unbutu-Ai-Chads-PC" duration="00:00:00.0010000" startTime="2025-09-13T14:03:53.8721806-04:00" endTime="2025-09-13T14:03:53.9243420-04:00" testType="13cdc9d9-ddb5-4fa4-a97d-d965ccfc6d4b" outcome="Failed" testListId="8c84fa94-04c1-424b-9868-57a2d4851a1d" relativeResultsDirectory="eaae97d0-18b7-4483-8f9e-31d9c5747437">
      <Output>
        <ErrorInfo>
          <Message>System.InvalidOperationException : JWT secret key not configured</Message>
          <StackTrace>   at WitchCityRope.Infrastructure.Security.JwtTokenService..ctor(IConfiguration configuration) in /home/chad/repos/witchcityrope-react/src/WitchCityRope.Infrastructure/Security/JwtTokenService.cs:line 33
   at WitchCityRope.Infrastructure.Tests.Security.JwtTokenServiceTests..ctor() in /home/chad/repos/witchcityrope-react/tests/WitchCityRope.Infrastructure.Tests/Security/JwtTokenServiceTests.cs:line 35
   at System.RuntimeType.CreateInstanceDefaultCtor(Boolean publicOnly, Boolean wrapExceptions)</StackTrace>
        </ErrorInfo>
      </Output>
    </UnitTestResult>
    <UnitTestResult executionId="3379f6d4-2cdc-4a21-b18c-87df8d6e2265" testId="b9694bad-42e0-0c76-3c47-bc8dece9f7e0" testName="WitchCityRope.Infrastructure.Tests.Data.EntityConfigurationTests.Payment_Registration_Relationship_Should_Be_Configured_Correctly" computerName="Unbutu-Ai-Chads-PC" duration="00:00:00.0232311" startTime="2025-09-13T14:03:55.6363216-04:00" endTime="2025-09-13T14:03:55.7140109-04:00" testType="13cdc9d9-ddb5-4fa4-a97d-d965ccfc6d4b" outcome="Failed" testListId="8c84fa94-04c1-424b-9868-57a2d4851a1d" relativeResultsDirectory="3379f6d4-2cdc-4a21-b18c-87df8d6e2265">
      <Output>
        <ErrorInfo>
          <Message>Microsoft.EntityFrameworkCore.DbUpdateException : An error occurred while saving the entity changes. See the inner exception for details.
---- Microsoft.Data.Sqlite.SqliteException : SQLite Error 19: 'NOT NULL constraint failed: Registrations.DietaryRestrictions'.</Message>
          <StackTrace>   at Microsoft.EntityFrameworkCore.Update.ReaderModificationCommandBatch.ExecuteAsync(IRelationalConnection connection, CancellationToken cancellationToken)
   at Microsoft.EntityFrameworkCore.Update.Internal.BatchExecutor.ExecuteAsync(IEnumerable`1 commandBatches, IRelationalConnection connection, CancellationToken cancellationToken)
   at Microsoft.EntityFrameworkCore.Update.Internal.BatchExecutor.ExecuteAsync(IEnumerable`1 commandBatches, IRelationalConnection connection, CancellationToken cancellationToken)
   at Microsoft.EntityFrameworkCore.Update.Internal.BatchExecutor.ExecuteAsync(IEnumerable`1 commandBatches, IRelationalConnection connection, CancellationToken cancellationToken)
   at Microsoft.EntityFrameworkCore.Storage.RelationalDatabase.SaveChangesAsync(IList`1 entries, CancellationToken cancellationToken)
   at Microsoft.EntityFrameworkCore.ChangeTracking.Internal.StateManager.SaveChangesAsync(IList`1 entriesToSave, CancellationToken cancellationToken)
   at Microsoft.EntityFrameworkCore.ChangeTracking.Internal.StateManager.SaveChangesAsync(StateManager stateManager, Boolean acceptAllChangesOnSuccess, CancellationToken cancellationToken)
   at Microsoft.EntityFrameworkCore.DbContext.SaveChangesAsync(Boolean acceptAllChangesOnSuccess, CancellationToken cancellationToken)
   at Microsoft.EntityFrameworkCore.DbContext.SaveChangesAsync(Boolean acceptAllChangesOnSuccess, CancellationToken cancellationToken)
   at WitchCityRope.Infrastructure.Data.WitchCityRopeDbContext.SaveChangesAsync(CancellationToken cancellationToken) in /home/chad/repos/witchcityrope-react/src/WitchCityRope.Infrastructure/Data/WitchCityRopeDbContext.cs:line 58
   at WitchCityRope.Infrastructure.Tests.Data.EntityConfigurationTests.Payment_Registration_Relationship_Should_Be_Configured_Correctly() in /home/chad/repos/witchcityrope-react/tests/WitchCityRope.Infrastructure.Tests/Data/EntityConfigurationTests.cs:line 111
--- End of stack trace from previous location ---
----- Inner Stack Trace -----
   at Microsoft.Data.Sqlite.SqliteException.ThrowExceptionForRC(Int32 rc, sqlite3 db)
   at Microsoft.Data.Sqlite.SqliteDataReader.NextResult()
   at Microsoft.Data.Sqlite.SqliteCommand.ExecuteReader(CommandBehavior behavior)
   at Microsoft.Data.Sqlite.SqliteCommand.ExecuteReaderAsync(CommandBehavior behavior, CancellationToken cancellationToken)
   at Microsoft.Data.Sqlite.SqliteCommand.ExecuteDbDataReaderAsync(CommandBehavior behavior, CancellationToken cancellationToken)
   at Microsoft.EntityFrameworkCore.Storage.RelationalCommand.ExecuteReaderAsync(RelationalCommandParameterObject parameterObject, CancellationToken cancellationToken)
   at Microsoft.EntityFrameworkCore.Storage.RelationalCommand.ExecuteReaderAsync(RelationalCommandParameterObject parameterObject, CancellationToken cancellationToken)
   at Microsoft.EntityFrameworkCore.Update.ReaderModificationCommandBatch.ExecuteAsync(IRelationalConnection connection, CancellationToken cancellationToken)</StackTrace>
        </ErrorInfo>
      </Output>
    </UnitTestResult>
    <UnitTestResult executionId="3f63dadc-32a2-404b-b59f-7182420dbac3" testId="d29fcc06-571a-4921-ed4b-3a531d140ab9" testName="WitchCityRope.Infrastructure.Tests.Security.JwtTokenServiceTests.ValidateToken_Should_Return_Null_For_Wrong_Audience" computerName="Unbutu-Ai-Chads-PC" duration="00:00:00.0010000" startTime="2025-09-13T14:03:53.9346630-04:00" endTime="2025-09-13T14:03:53.9347363-04:00" testType="13cdc9d9-ddb5-4fa4-a97d-d965ccfc6d4b" outcome="Failed" testListId="8c84fa94-04c1-424b-9868-57a2d4851a1d" relativeResultsDirectory="3f63dadc-32a2-404b-b59f-7182420dbac3">
      <Output>
        <ErrorInfo>
          <Message>System.InvalidOperationException : JWT secret key not configured</Message>
          <StackTrace>   at WitchCityRope.Infrastructure.Security.JwtTokenService..ctor(IConfiguration configuration) in /home/chad/repos/witchcityrope-react/src/WitchCityRope.Infrastructure/Security/JwtTokenService.cs:line 33
   at WitchCityRope.Infrastructure.Tests.Security.JwtTokenServiceTests..ctor() in /home/chad/repos/witchcityrope-react/tests/WitchCityRope.Infrastructure.Tests/Security/JwtTokenServiceTests.cs:line 35
   at System.RuntimeType.CreateInstanceDefaultCtor(Boolean publicOnly, Boolean wrapExceptions)</StackTrace>
        </ErrorInfo>
      </Output>
    </UnitTestResult>
    <UnitTestResult executionId="38e5f46e-d227-4bab-bb06-3635bcd19110" testId="6555fe8c-88a8-9430-9c04-a65f7276a0ba" testName="WitchCityRope.Infrastructure.Tests.Security.JwtTokenServiceTests.GenerateRefreshToken_Should_Create_Valid_Base64_String" computerName="Unbutu-Ai-Chads-PC" duration="00:00:00.0010000" startTime="2025-09-13T14:03:53.9298242-04:00" endTime="2025-09-13T14:03:53.9298764-04:00" testType="13cdc9d9-ddb5-4fa4-a97d-d965ccfc6d4b" outcome="Failed" testListId="8c84fa94-04c1-424b-9868-57a2d4851a1d" relativeResultsDirectory="38e5f46e-d227-4bab-bb06-3635bcd19110">
      <Output>
        <ErrorInfo>
          <Message>System.InvalidOperationException : JWT secret key not configured</Message>
          <StackTrace>   at WitchCityRope.Infrastructure.Security.JwtTokenService..ctor(IConfiguration configuration) in /home/chad/repos/witchcityrope-react/src/WitchCityRope.Infrastructure/Security/JwtTokenService.cs:line 33
   at WitchCityRope.Infrastructure.Tests.Security.JwtTokenServiceTests..ctor() in /home/chad/repos/witchcityrope-react/tests/WitchCityRope.Infrastructure.Tests/Security/JwtTokenServiceTests.cs:line 35
   at System.RuntimeType.CreateInstanceDefaultCtor(Boolean publicOnly, Boolean wrapExceptions)</StackTrace>
        </ErrorInfo>
      </Output>
    </UnitTestResult>
    <UnitTestResult executionId="5b463d24-7ac3-4a67-bd29-5f466015660a" testId="970cea6b-40ba-903c-9bac-ba8ed8c9ebf1" testName="WitchCityRope.Infrastructure.Tests.Data.WitchCityRopeDbContextTests.Should_Track_Entity_Changes" computerName="Unbutu-Ai-Chads-PC" duration="00:00:00.1347738" startTime="2025-09-13T14:03:55.1930895-04:00" endTime="2025-09-13T14:03:55.3843625-04:00" testType="13cdc9d9-ddb5-4fa4-a97d-d965ccfc6d4b" outcome="Failed" testListId="8c84fa94-04c1-424b-9868-57a2d4851a1d" relativeResultsDirectory="5b463d24-7ac3-4a67-bd29-5f466015660a">
      <Output>
        <ErrorInfo>
          <Message>Expected modifiedProperties {"UpdatedAt"} to contain "SceneName".</Message>
          <StackTrace>   at FluentAssertions.Execution.LateBoundTestFramework.Throw(String message)
   at FluentAssertions.Execution.DefaultAssertionStrategy.HandleFailure(String message)
   at FluentAssertions.Execution.AssertionScope.AddPreFormattedFailure(String formattedFailureMessage)
   at FluentAssertions.Execution.AssertionChain.FailWith(Func`1 getFailureReason)
   at FluentAssertions.Execution.AssertionChain.FailWith(Func`1 getFailureReason)
   at FluentAssertions.Execution.AssertionChain.FailWith(String message, Object[] args)
   at FluentAssertions.Collections.GenericCollectionAssertions`3.Contain(T expected, String because, Object[] becauseArgs)
   at WitchCityRope.Infrastructure.Tests.Data.WitchCityRopeDbContextTests.Should_Track_Entity_Changes() in /home/chad/repos/witchcityrope-react/tests/WitchCityRope.Infrastructure.Tests/Data/WitchCityRopeDbContextTests.cs:line 179
--- End of stack trace from previous location ---</StackTrace>
        </ErrorInfo>
      </Output>
    </UnitTestResult>
    <UnitTestResult executionId="e663feab-003b-499a-9c7b-b20d7332b617" testId="38d9a3a3-e1c3-68c6-2d7a-903c09e97244" testName="WitchCityRope.Infrastructure.Tests.Security.EncryptionServiceTests.VerifyHash_Should_Return_False_For_Incorrect_Password" computerName="Unbutu-Ai-Chads-PC" duration="00:00:01.7776650" startTime="2025-09-13T14:03:53.9646640-04:00" endTime="2025-09-13T14:03:55.7374908-04:00" testType="13cdc9d9-ddb5-4fa4-a97d-d965ccfc6d4b" outcome="Passed" testListId="8c84fa94-04c1-424b-9868-57a2d4851a1d" relativeResultsDirectory="e663feab-003b-499a-9c7b-b20d7332b617" />
    <UnitTestResult executionId="dc02395e-0bf3-4ca0-a741-84d8676fc832" testId="121ed6b8-c36c-7dfd-6ad5-94fe3cb46105" testName="WitchCityRope.Infrastructure.Tests.Security.JwtTokenServiceTests.GenerateToken_Should_Create_Valid_JWT_Token" computerName="Unbutu-Ai-Chads-PC" duration="00:00:00.0010000" startTime="2025-09-13T14:03:53.9316515-04:00" endTime="2025-09-13T14:03:53.9317231-04:00" testType="13cdc9d9-ddb5-4fa4-a97d-d965ccfc6d4b" outcome="Failed" testListId="8c84fa94-04c1-424b-9868-57a2d4851a1d" relativeResultsDirectory="dc02395e-0bf3-4ca0-a741-84d8676fc832">
      <Output>
        <ErrorInfo>
          <Message>System.InvalidOperationException : JWT secret key not configured</Message>
          <StackTrace>   at WitchCityRope.Infrastructure.Security.JwtTokenService..ctor(IConfiguration configuration) in /home/chad/repos/witchcityrope-react/src/WitchCityRope.Infrastructure/Security/JwtTokenService.cs:line 33
   at WitchCityRope.Infrastructure.Tests.Security.JwtTokenServiceTests..ctor() in /home/chad/repos/witchcityrope-react/tests/WitchCityRope.Infrastructure.Tests/Security/JwtTokenServiceTests.cs:line 35
   at System.RuntimeType.CreateInstanceDefaultCtor(Boolean publicOnly, Boolean wrapExceptions)</StackTrace>
        </ErrorInfo>
      </Output>
    </UnitTestResult>
    <UnitTestResult executionId="a978d88d-4f9c-4274-8929-2b9060ef6370" testId="db381720-6b9c-2cfb-d4c6-17232fdeef3b" testName="WitchCityRope.Infrastructure.Tests.Data.ConcurrencyTests.Should_Handle_Concurrent_Aggregate_Updates" computerName="Unbutu-Ai-Chads-PC" duration="00:00:00.0433485" startTime="2025-09-13T14:03:55.7284664-04:00" endTime="2025-09-13T14:03:55.8140522-04:00" testType="13cdc9d9-ddb5-4fa4-a97d-d965ccfc6d4b" outcome="Failed" testListId="8c84fa94-04c1-424b-9868-57a2d4851a1d" relativeResultsDirectory="a978d88d-4f9c-4274-8929-2b9060ef6370">
      <Output>
        <ErrorInfo>
          <Message>Expected results.All(r =&gt; r) to be True, but found False.</Message>
          <StackTrace>   at FluentAssertions.Execution.LateBoundTestFramework.Throw(String message)
   at FluentAssertions.Execution.DefaultAssertionStrategy.HandleFailure(String message)
   at FluentAssertions.Execution.AssertionScope.AddPreFormattedFailure(String formattedFailureMessage)
   at FluentAssertions.Execution.AssertionChain.FailWith(Func`1 getFailureReason)
   at FluentAssertions.Execution.AssertionChain.FailWith(Func`1 getFailureReason)
   at FluentAssertions.Execution.AssertionChain.FailWith(String message, Object[] args)
   at FluentAssertions.Primitives.BooleanAssertions`1.BeTrue(String because, Object[] becauseArgs)
   at WitchCityRope.Infrastructure.Tests.Data.ConcurrencyTests.Should_Handle_Concurrent_Aggregate_Updates() in /home/chad/repos/witchcityrope-react/tests/WitchCityRope.Infrastructure.Tests/Data/ConcurrencyTests.cs:line 487
--- End of stack trace from previous location ---</StackTrace>
        </ErrorInfo>
      </Output>
    </UnitTestResult>
    <UnitTestResult executionId="5343f8de-dcb1-48b2-9260-1e7a9b2e7a08" testId="f4b775dc-9e8c-760a-8f8d-7fae5382e3c6" testName="WitchCityRope.Infrastructure.Tests.Security.JwtTokenServiceTests.GenerateRefreshToken_Should_Create_Unique_Tokens" computerName="Unbutu-Ai-Chads-PC" duration="00:00:00.0010000" startTime="2025-09-13T14:03:53.9312506-04:00" endTime="2025-09-13T14:03:53.9313004-04:00" testType="13cdc9d9-ddb5-4fa4-a97d-d965ccfc6d4b" outcome="Failed" testListId="8c84fa94-04c1-424b-9868-57a2d4851a1d" relativeResultsDirectory="5343f8de-dcb1-48b2-9260-1e7a9b2e7a08">
      <Output>
        <ErrorInfo>
          <Message>System.InvalidOperationException : JWT secret key not configured</Message>
          <StackTrace>   at WitchCityRope.Infrastructure.Security.JwtTokenService..ctor(IConfiguration configuration) in /home/chad/repos/witchcityrope-react/src/WitchCityRope.Infrastructure/Security/JwtTokenService.cs:line 33
   at WitchCityRope.Infrastructure.Tests.Security.JwtTokenServiceTests..ctor() in /home/chad/repos/witchcityrope-react/tests/WitchCityRope.Infrastructure.Tests/Security/JwtTokenServiceTests.cs:line 35
   at System.RuntimeType.CreateInstanceDefaultCtor(Boolean publicOnly, Boolean wrapExceptions)</StackTrace>
        </ErrorInfo>
      </Output>
    </UnitTestResult>
    <UnitTestResult executionId="4db7a50a-228e-4624-ac13-743df5268e8f" testId="3947765f-43ab-cae7-edae-7924657957aa" testName="WitchCityRope.Infrastructure.Tests.Data.MigrationTests.Should_Apply_All_Migrations_Successfully" computerName="Unbutu-Ai-Chads-PC" duration="00:00:00.1788783" startTime="2025-09-13T14:03:57.2708964-04:00" endTime="2025-09-13T14:03:57.4496199-04:00" testType="13cdc9d9-ddb5-4fa4-a97d-d965ccfc6d4b" outcome="Failed" testListId="8c84fa94-04c1-424b-9868-57a2d4851a1d" relativeResultsDirectory="4db7a50a-228e-4624-ac13-743df5268e8f">
      <Output>
        <ErrorInfo>
          <Message>System.InvalidOperationException : An error was generated for warning 'Microsoft.EntityFrameworkCore.Migrations.PendingModelChangesWarning': The model for context 'WitchCityRopeDbContext' has pending changes. Add a new migration before updating the database. See https://aka.ms/efcore-docs-pending-changes. This exception can be suppressed or logged by passing event ID 'RelationalEventId.PendingModelChangesWarning' to the 'ConfigureWarnings' method in 'DbContext.OnConfiguring' or 'AddDbContext'.</Message>
          <StackTrace>   at Microsoft.EntityFrameworkCore.Diagnostics.EventDefinition`1.Log[TLoggerCategory](IDiagnosticsLogger`1 logger, TParam arg)
   at Microsoft.EntityFrameworkCore.Diagnostics.RelationalLoggerExtensions.PendingModelChangesWarning(IDiagnosticsLogger`1 diagnostics, Type contextType)
   at Microsoft.EntityFrameworkCore.Migrations.Internal.Migrator.ValidateMigrations(Boolean useTransaction, String targetMigration)
   at Microsoft.EntityFrameworkCore.Migrations.Internal.Migrator.MigrateAsync(String targetMigration, CancellationToken cancellationToken)
   at Npgsql.EntityFrameworkCore.PostgreSQL.Migrations.Internal.NpgsqlMigrator.MigrateAsync(String targetMigration, CancellationToken cancellationToken)
   at WitchCityRope.Infrastructure.Tests.Data.MigrationTests.Should_Apply_All_Migrations_Successfully() in /home/chad/repos/witchcityrope-react/tests/WitchCityRope.Infrastructure.Tests/Data/MigrationTests.cs:line 31
--- End of stack trace from previous location ---</StackTrace>
        </ErrorInfo>
      </Output>
    </UnitTestResult>
    <UnitTestResult executionId="4f810ccc-1004-4b76-bc50-17a63150163e" testId="c99a566a-1630-a491-7e5a-d1e5db3d6a74" testName="WitchCityRope.Infrastructure.Tests.Security.EncryptionServiceTests.VerifyHash_Should_Return_False_For_Invalid_Hash" computerName="Unbutu-Ai-Chads-PC" duration="00:00:00.0016245" startTime="2025-09-13T14:03:53.9615649-04:00" endTime="2025-09-13T14:03:53.9616252-04:00" testType="13cdc9d9-ddb5-4fa4-a97d-d965ccfc6d4b" outcome="Passed" testListId="8c84fa94-04c1-424b-9868-57a2d4851a1d" relativeResultsDirectory="4f810ccc-1004-4b76-bc50-17a63150163e" />
    <UnitTestResult executionId="9de992da-8e62-4e1b-9e1c-043780981cf2" testId="8dde58a5-7529-70d6-f415-cc7c8025de4a" testName="WitchCityRope.Infrastructure.Tests.Email.EmailServiceTests.SendRegistrationConfirmationAsync_Should_Use_Correct_Template" computerName="Unbutu-Ai-Chads-PC" duration="00:00:00.0010000" startTime="2025-09-13T14:03:53.9204682-04:00" endTime="2025-09-13T14:03:53.9206449-04:00" testType="13cdc9d9-ddb5-4fa4-a97d-d965ccfc6d4b" outcome="NotExecuted" testListId="8c84fa94-04c1-424b-9868-57a2d4851a1d" relativeResultsDirectory="9de992da-8e62-4e1b-9e1c-043780981cf2">
      <Output>
        <ErrorInfo>
          <Message>Email service not implemented yet - will be needed when email features are built</Message>
        </ErrorInfo>
      </Output>
    </UnitTestResult>
    <UnitTestResult executionId="2134a4f4-743f-4a6b-a6d2-b0032d9fed63" testId="b432be91-d64b-9c99-4079-f00a8db2e635" testName="WitchCityRope.Infrastructure.Tests.Data.ComplexQueryTests.Should_Query_Upcoming_Events_With_Available_Spots" computerName="Unbutu-Ai-Chads-PC" duration="00:00:00.0010000" startTime="2025-09-13T14:03:55.5660874-04:00" endTime="2025-09-13T14:03:55.7416382-04:00" testType="13cdc9d9-ddb5-4fa4-a97d-d965ccfc6d4b" outcome="Failed" testListId="8c84fa94-04c1-424b-9868-57a2d4851a1d" relativeResultsDirectory="2134a4f4-743f-4a6b-a6d2-b0032d9fed63">
      <Output>
        <ErrorInfo>
          <Message>Microsoft.EntityFrameworkCore.DbUpdateException : An error occurred while saving the entity changes. See the inner exception for details.
---- Microsoft.Data.Sqlite.SqliteException : SQLite Error 19: 'NOT NULL constraint failed: Registrations.DietaryRestrictions'.</Message>
          <StackTrace>   at Microsoft.EntityFrameworkCore.Update.ReaderModificationCommandBatch.ExecuteAsync(IRelationalConnection connection, CancellationToken cancellationToken)
   at Microsoft.EntityFrameworkCore.Update.Internal.BatchExecutor.ExecuteAsync(IEnumerable`1 commandBatches, IRelationalConnection connection, CancellationToken cancellationToken)
   at Microsoft.EntityFrameworkCore.Update.Internal.BatchExecutor.ExecuteAsync(IEnumerable`1 commandBatches, IRelationalConnection connection, CancellationToken cancellationToken)
   at Microsoft.EntityFrameworkCore.Update.Internal.BatchExecutor.ExecuteAsync(IEnumerable`1 commandBatches, IRelationalConnection connection, CancellationToken cancellationToken)
   at Microsoft.EntityFrameworkCore.Storage.RelationalDatabase.SaveChangesAsync(IList`1 entries, CancellationToken cancellationToken)
   at Microsoft.EntityFrameworkCore.ChangeTracking.Internal.StateManager.SaveChangesAsync(IList`1 entriesToSave, CancellationToken cancellationToken)
   at Microsoft.EntityFrameworkCore.ChangeTracking.Internal.StateManager.SaveChangesAsync(StateManager stateManager, Boolean acceptAllChangesOnSuccess, CancellationToken cancellationToken)
   at Microsoft.EntityFrameworkCore.DbContext.SaveChangesAsync(Boolean acceptAllChangesOnSuccess, CancellationToken cancellationToken)
   at Microsoft.EntityFrameworkCore.DbContext.SaveChangesAsync(Boolean acceptAllChangesOnSuccess, CancellationToken cancellationToken)
   at WitchCityRope.Infrastructure.Data.WitchCityRopeDbContext.SaveChangesAsync(CancellationToken cancellationToken) in /home/chad/repos/witchcityrope-react/src/WitchCityRope.Infrastructure/Data/WitchCityRopeDbContext.cs:line 58
   at WitchCityRope.Infrastructure.Tests.Data.ComplexQueryTests.SeedDataAsync() in /home/chad/repos/witchcityrope-react/tests/WitchCityRope.Infrastructure.Tests/Data/ComplexQueryTests.cs:line 63
   at WitchCityRope.Infrastructure.Tests.Fixtures.IntegrationTestBase.InitializeAsync() in /home/chad/repos/witchcityrope-react/tests/WitchCityRope.Infrastructure.Tests/Fixtures/IntegrationTestBase.cs:line 41
----- Inner Stack Trace -----
   at Microsoft.Data.Sqlite.SqliteException.ThrowExceptionForRC(Int32 rc, sqlite3 db)
   at Microsoft.Data.Sqlite.SqliteDataReader.NextResult()
   at Microsoft.Data.Sqlite.SqliteCommand.ExecuteReader(CommandBehavior behavior)
   at Microsoft.Data.Sqlite.SqliteCommand.ExecuteReaderAsync(CommandBehavior behavior, CancellationToken cancellationToken)
   at Microsoft.Data.Sqlite.SqliteCommand.ExecuteDbDataReaderAsync(CommandBehavior behavior, CancellationToken cancellationToken)
   at Microsoft.EntityFrameworkCore.Storage.RelationalCommand.ExecuteReaderAsync(RelationalCommandParameterObject parameterObject, CancellationToken cancellationToken)
   at Microsoft.EntityFrameworkCore.Storage.RelationalCommand.ExecuteReaderAsync(RelationalCommandParameterObject parameterObject, CancellationToken cancellationToken)
   at Microsoft.EntityFrameworkCore.Update.ReaderModificationCommandBatch.ExecuteAsync(IRelationalConnection connection, CancellationToken cancellationToken)</StackTrace>
        </ErrorInfo>
      </Output>
    </UnitTestResult>
    <UnitTestResult executionId="05dee638-1ec6-4fc5-8f6b-ea3a8d4054fa" testId="f69cea75-c037-0d47-d3fb-10191b89beda" testName="WitchCityRope.Infrastructure.Tests.Data.ConcurrencyTests.Should_Handle_Parallel_Bulk_Operations" computerName="Unbutu-Ai-Chads-PC" duration="00:00:00.1967615" startTime="2025-09-13T14:03:55.2509361-04:00" endTime="2025-09-13T14:03:55.4909387-04:00" testType="13cdc9d9-ddb5-4fa4-a97d-d965ccfc6d4b" outcome="Passed" testListId="8c84fa94-04c1-424b-9868-57a2d4851a1d" relativeResultsDirectory="05dee638-1ec6-4fc5-8f6b-ea3a8d4054fa" />
    <UnitTestResult executionId="37832609-f232-4b3a-9f8b-63ad7675c9de" testId="42dc7df1-96a1-4d9a-de82-432b5eb500ec" testName="WitchCityRope.Infrastructure.Tests.Data.ComplexQueryTests.Should_Query_User_Registration_History" computerName="Unbutu-Ai-Chads-PC" duration="00:00:00.0010000" startTime="2025-09-13T14:03:53.8732221-04:00" endTime="2025-09-13T14:03:55.0858083-04:00" testType="13cdc9d9-ddb5-4fa4-a97d-d965ccfc6d4b" outcome="Failed" testListId="8c84fa94-04c1-424b-9868-57a2d4851a1d" relativeResultsDirectory="37832609-f232-4b3a-9f8b-63ad7675c9de">
      <Output>
        <ErrorInfo>
          <Message>Microsoft.EntityFrameworkCore.DbUpdateException : An error occurred while saving the entity changes. See the inner exception for details.
---- Microsoft.Data.Sqlite.SqliteException : SQLite Error 19: 'NOT NULL constraint failed: Registrations.DietaryRestrictions'.</Message>
          <StackTrace>   at Microsoft.EntityFrameworkCore.Update.ReaderModificationCommandBatch.ExecuteAsync(IRelationalConnection connection, CancellationToken cancellationToken)
   at Microsoft.EntityFrameworkCore.Update.Internal.BatchExecutor.ExecuteAsync(IEnumerable`1 commandBatches, IRelationalConnection connection, CancellationToken cancellationToken)
   at Microsoft.EntityFrameworkCore.Update.Internal.BatchExecutor.ExecuteAsync(IEnumerable`1 commandBatches, IRelationalConnection connection, CancellationToken cancellationToken)
   at Microsoft.EntityFrameworkCore.Update.Internal.BatchExecutor.ExecuteAsync(IEnumerable`1 commandBatches, IRelationalConnection connection, CancellationToken cancellationToken)
   at Microsoft.EntityFrameworkCore.Storage.RelationalDatabase.SaveChangesAsync(IList`1 entries, CancellationToken cancellationToken)
   at Microsoft.EntityFrameworkCore.ChangeTracking.Internal.StateManager.SaveChangesAsync(IList`1 entriesToSave, CancellationToken cancellationToken)
   at Microsoft.EntityFrameworkCore.ChangeTracking.Internal.StateManager.SaveChangesAsync(StateManager stateManager, Boolean acceptAllChangesOnSuccess, CancellationToken cancellationToken)
   at Microsoft.EntityFrameworkCore.DbContext.SaveChangesAsync(Boolean acceptAllChangesOnSuccess, CancellationToken cancellationToken)
   at Microsoft.EntityFrameworkCore.DbContext.SaveChangesAsync(Boolean acceptAllChangesOnSuccess, CancellationToken cancellationToken)
   at WitchCityRope.Infrastructure.Data.WitchCityRopeDbContext.SaveChangesAsync(CancellationToken cancellationToken) in /home/chad/repos/witchcityrope-react/src/WitchCityRope.Infrastructure/Data/WitchCityRopeDbContext.cs:line 58
   at WitchCityRope.Infrastructure.Tests.Data.ComplexQueryTests.SeedDataAsync() in /home/chad/repos/witchcityrope-react/tests/WitchCityRope.Infrastructure.Tests/Data/ComplexQueryTests.cs:line 63
   at WitchCityRope.Infrastructure.Tests.Fixtures.IntegrationTestBase.InitializeAsync() in /home/chad/repos/witchcityrope-react/tests/WitchCityRope.Infrastructure.Tests/Fixtures/IntegrationTestBase.cs:line 41
----- Inner Stack Trace -----
   at Microsoft.Data.Sqlite.SqliteException.ThrowExceptionForRC(Int32 rc, sqlite3 db)
   at Microsoft.Data.Sqlite.SqliteDataReader.NextResult()
   at Microsoft.Data.Sqlite.SqliteCommand.ExecuteReader(CommandBehavior behavior)
   at Microsoft.Data.Sqlite.SqliteCommand.ExecuteReaderAsync(CommandBehavior behavior, CancellationToken cancellationToken)
   at Microsoft.Data.Sqlite.SqliteCommand.ExecuteDbDataReaderAsync(CommandBehavior behavior, CancellationToken cancellationToken)
   at Microsoft.EntityFrameworkCore.Storage.RelationalCommand.ExecuteReaderAsync(RelationalCommandParameterObject parameterObject, CancellationToken cancellationToken)
   at Microsoft.EntityFrameworkCore.Storage.RelationalCommand.ExecuteReaderAsync(RelationalCommandParameterObject parameterObject, CancellationToken cancellationToken)
   at Microsoft.EntityFrameworkCore.Update.ReaderModificationCommandBatch.ExecuteAsync(IRelationalConnection connection, CancellationToken cancellationToken)</StackTrace>
        </ErrorInfo>
      </Output>
    </UnitTestResult>
    <UnitTestResult executionId="c0ee7f9e-5363-4484-8a1a-86e090d4a8a7" testId="395e9654-511f-4e89-413f-4a0e36424649" testName="WitchCityRope.Infrastructure.Tests.Data.ComplexQueryTests.Should_Execute_Complex_Join_Query" computerName="Unbutu-Ai-Chads-PC" duration="00:00:00.0010000" startTime="2025-09-13T14:03:55.4101832-04:00" endTime="2025-09-13T14:03:55.5637648-04:00" testType="13cdc9d9-ddb5-4fa4-a97d-d965ccfc6d4b" outcome="Failed" testListId="8c84fa94-04c1-424b-9868-57a2d4851a1d" relativeResultsDirectory="c0ee7f9e-5363-4484-8a1a-86e090d4a8a7">
      <Output>
        <ErrorInfo>
          <Message>Microsoft.EntityFrameworkCore.DbUpdateException : An error occurred while saving the entity changes. See the inner exception for details.
---- Microsoft.Data.Sqlite.SqliteException : SQLite Error 19: 'NOT NULL constraint failed: Registrations.DietaryRestrictions'.</Message>
          <StackTrace>   at Microsoft.EntityFrameworkCore.Update.ReaderModificationCommandBatch.ExecuteAsync(IRelationalConnection connection, CancellationToken cancellationToken)
   at Microsoft.EntityFrameworkCore.Update.Internal.BatchExecutor.ExecuteAsync(IEnumerable`1 commandBatches, IRelationalConnection connection, CancellationToken cancellationToken)
   at Microsoft.EntityFrameworkCore.Update.Internal.BatchExecutor.ExecuteAsync(IEnumerable`1 commandBatches, IRelationalConnection connection, CancellationToken cancellationToken)
   at Microsoft.EntityFrameworkCore.Update.Internal.BatchExecutor.ExecuteAsync(IEnumerable`1 commandBatches, IRelationalConnection connection, CancellationToken cancellationToken)
   at Microsoft.EntityFrameworkCore.Storage.RelationalDatabase.SaveChangesAsync(IList`1 entries, CancellationToken cancellationToken)
   at Microsoft.EntityFrameworkCore.ChangeTracking.Internal.StateManager.SaveChangesAsync(IList`1 entriesToSave, CancellationToken cancellationToken)
   at Microsoft.EntityFrameworkCore.ChangeTracking.Internal.StateManager.SaveChangesAsync(StateManager stateManager, Boolean acceptAllChangesOnSuccess, CancellationToken cancellationToken)
   at Microsoft.EntityFrameworkCore.DbContext.SaveChangesAsync(Boolean acceptAllChangesOnSuccess, CancellationToken cancellationToken)
   at Microsoft.EntityFrameworkCore.DbContext.SaveChangesAsync(Boolean acceptAllChangesOnSuccess, CancellationToken cancellationToken)
   at WitchCityRope.Infrastructure.Data.WitchCityRopeDbContext.SaveChangesAsync(CancellationToken cancellationToken) in /home/chad/repos/witchcityrope-react/src/WitchCityRope.Infrastructure/Data/WitchCityRopeDbContext.cs:line 58
   at WitchCityRope.Infrastructure.Tests.Data.ComplexQueryTests.SeedDataAsync() in /home/chad/repos/witchcityrope-react/tests/WitchCityRope.Infrastructure.Tests/Data/ComplexQueryTests.cs:line 63
   at WitchCityRope.Infrastructure.Tests.Fixtures.IntegrationTestBase.InitializeAsync() in /home/chad/repos/witchcityrope-react/tests/WitchCityRope.Infrastructure.Tests/Fixtures/IntegrationTestBase.cs:line 41
----- Inner Stack Trace -----
   at Microsoft.Data.Sqlite.SqliteException.ThrowExceptionForRC(Int32 rc, sqlite3 db)
   at Microsoft.Data.Sqlite.SqliteDataReader.NextResult()
   at Microsoft.Data.Sqlite.SqliteCommand.ExecuteReader(CommandBehavior behavior)
   at Microsoft.Data.Sqlite.SqliteCommand.ExecuteReaderAsync(CommandBehavior behavior, CancellationToken cancellationToken)
   at Microsoft.Data.Sqlite.SqliteCommand.ExecuteDbDataReaderAsync(CommandBehavior behavior, CancellationToken cancellationToken)
   at Microsoft.EntityFrameworkCore.Storage.RelationalCommand.ExecuteReaderAsync(RelationalCommandParameterObject parameterObject, CancellationToken cancellationToken)
   at Microsoft.EntityFrameworkCore.Storage.RelationalCommand.ExecuteReaderAsync(RelationalCommandParameterObject parameterObject, CancellationToken cancellationToken)
   at Microsoft.EntityFrameworkCore.Update.ReaderModificationCommandBatch.ExecuteAsync(IRelationalConnection connection, CancellationToken cancellationToken)</StackTrace>
        </ErrorInfo>
      </Output>
    </UnitTestResult>
    <UnitTestResult executionId="3a592b11-72be-4459-b032-86a640de5865" testId="8ed0db63-d4b8-59af-b405-27a8b6b9bf76" testName="WitchCityRope.Infrastructure.Tests.HealthChecks.ServiceHealthCheckTests.VerifyApiIsHealthy" computerName="Unbutu-Ai-Chads-PC" duration="00:00:00.0122154" startTime="2025-09-13T14:03:54.0866557-04:00" endTime="2025-09-13T14:03:54.0995411-04:00" testType="13cdc9d9-ddb5-4fa4-a97d-d965ccfc6d4b" outcome="Failed" testListId="8c84fa94-04c1-424b-9868-57a2d4851a1d" relativeResultsDirectory="3a592b11-72be-4459-b032-86a640de5865">
      <Output>
        <StdOut>❌ API not responding on http://localhost:5655
   Error: An error occurred while sending the request.
   Fix: Run 'docker-compose -f docker-compose.yml -f docker-compose.dev.yml up -d'
   Or check: docker logs witchcity-api</StdOut>
        <ErrorInfo>
          <Message>System.InvalidOperationException : API not responding on http://localhost:5655. Run: docker-compose up -d
---- System.Net.Http.HttpRequestException : An error occurred while sending the request.
-------- System.IO.IOException : Unable to read data from the transport connection: Connection reset by peer.
------------ System.Net.Sockets.SocketException : Connection reset by peer</Message>
          <StackTrace>   at WitchCityRope.Infrastructure.Tests.HealthChecks.ServiceHealthCheckTests.VerifyApiIsHealthy() in /home/chad/repos/witchcityrope-react/tests/WitchCityRope.Infrastructure.Tests/HealthChecks/ServiceHealthCheckTests.cs:line 106
--- End of stack trace from previous location ---
----- Inner Stack Trace -----
   at System.Net.Http.HttpConnection.SendAsync(HttpRequestMessage request, Boolean async, CancellationToken cancellationToken)
   at System.Net.Http.HttpConnectionPool.SendWithVersionDetectionAndRetryAsync(HttpRequestMessage request, Boolean async, Boolean doRequestAuth, CancellationToken cancellationToken)
   at System.Net.Http.RedirectHandler.SendAsync(HttpRequestMessage request, Boolean async, CancellationToken cancellationToken)
   at System.Net.Http.HttpClient.&lt;SendAsync&gt;g__Core|83_0(HttpRequestMessage request, HttpCompletionOption completionOption, CancellationTokenSource cts, Boolean disposeCts, CancellationTokenSource pendingRequestsCts, CancellationToken originalCancellationToken)
   at WitchCityRope.Infrastructure.Tests.HealthChecks.ServiceHealthCheckTests.VerifyApiIsHealthy() in /home/chad/repos/witchcityrope-react/tests/WitchCityRope.Infrastructure.Tests/HealthChecks/ServiceHealthCheckTests.cs:line 92
----- Inner Stack Trace -----
   at System.Net.Sockets.Socket.AwaitableSocketAsyncEventArgs.ThrowException(SocketError error, CancellationToken cancellationToken)
   at System.Net.Sockets.Socket.AwaitableSocketAsyncEventArgs.System.Threading.Tasks.Sources.IValueTaskSource&lt;System.Int32&gt;.GetResult(Int16 token)
   at System.Net.Http.HttpConnection.InitialFillAsync(Boolean async)
   at System.Net.Http.HttpConnection.SendAsync(HttpRequestMessage request, Boolean async, CancellationToken cancellationToken)
----- Inner Stack Trace -----
</StackTrace>
        </ErrorInfo>
      </Output>
    </UnitTestResult>
    <UnitTestResult executionId="7dec1152-669e-4b5b-8117-a070439dc9e9" testId="00fb0efe-ac5c-dcca-7bdb-1e3f8783f943" testName="WitchCityRope.Infrastructure.Tests.Email.EmailServiceTests.SendEmailAsync_Should_Return_False_When_Exception_Occurs" computerName="Unbutu-Ai-Chads-PC" duration="00:00:00.0010000" startTime="2025-09-13T14:03:53.9197912-04:00" endTime="2025-09-13T14:03:53.9198186-04:00" testType="13cdc9d9-ddb5-4fa4-a97d-d965ccfc6d4b" outcome="NotExecuted" testListId="8c84fa94-04c1-424b-9868-57a2d4851a1d" relativeResultsDirectory="7dec1152-669e-4b5b-8117-a070439dc9e9">
      <Output>
        <ErrorInfo>
          <Message>Email service not implemented yet - will be needed when email features are built</Message>
        </ErrorInfo>
      </Output>
    </UnitTestResult>
    <UnitTestResult executionId="7228f223-7b24-44dc-a24a-de856aa70b14" testId="0d50f91b-1973-b06b-3035-cd7f803461f8" testName="WitchCityRope.Infrastructure.Tests.Data.WitchCityRopeDbContextTests.Should_Create_Database_Schema" computerName="Unbutu-Ai-Chads-PC" duration="00:00:00.0032086" startTime="2025-09-13T14:03:55.5475882-04:00" endTime="2025-09-13T14:03:55.5994625-04:00" testType="13cdc9d9-ddb5-4fa4-a97d-d965ccfc6d4b" outcome="Passed" testListId="8c84fa94-04c1-424b-9868-57a2d4851a1d" relativeResultsDirectory="7228f223-7b24-44dc-a24a-de856aa70b14" />
    <UnitTestResult executionId="e769baf0-4394-4ac3-8900-a85ba9c0c932" testId="b3bf15b1-a9a8-d9c2-b6bd-2d88af5f3f06" testName="WitchCityRope.Infrastructure.Tests.Data.MigrationTests.Should_Handle_Migration_Rollback" computerName="Unbutu-Ai-Chads-PC" duration="00:00:00.1760071" startTime="2025-09-13T14:03:57.4503478-04:00" endTime="2025-09-13T14:03:57.6263317-04:00" testType="13cdc9d9-ddb5-4fa4-a97d-d965ccfc6d4b" outcome="Failed" testListId="8c84fa94-04c1-424b-9868-57a2d4851a1d" relativeResultsDirectory="e769baf0-4394-4ac3-8900-a85ba9c0c932">
      <Output>
        <ErrorInfo>
          <Message>System.InvalidOperationException : An error was generated for warning 'Microsoft.EntityFrameworkCore.Migrations.PendingModelChangesWarning': The model for context 'WitchCityRopeDbContext' has pending changes. Add a new migration before updating the database. See https://aka.ms/efcore-docs-pending-changes. This exception can be suppressed or logged by passing event ID 'RelationalEventId.PendingModelChangesWarning' to the 'ConfigureWarnings' method in 'DbContext.OnConfiguring' or 'AddDbContext'.</Message>
          <StackTrace>   at Microsoft.EntityFrameworkCore.Diagnostics.EventDefinition`1.Log[TLoggerCategory](IDiagnosticsLogger`1 logger, TParam arg)
   at Microsoft.EntityFrameworkCore.Diagnostics.RelationalLoggerExtensions.PendingModelChangesWarning(IDiagnosticsLogger`1 diagnostics, Type contextType)
   at Microsoft.EntityFrameworkCore.Migrations.Internal.Migrator.ValidateMigrations(Boolean useTransaction, String targetMigration)
   at Microsoft.EntityFrameworkCore.Migrations.Internal.Migrator.MigrateAsync(String targetMigration, CancellationToken cancellationToken)
   at Npgsql.EntityFrameworkCore.PostgreSQL.Migrations.Internal.NpgsqlMigrator.MigrateAsync(String targetMigration, CancellationToken cancellationToken)
   at WitchCityRope.Infrastructure.Tests.Data.MigrationTests.Should_Handle_Migration_Rollback() in /home/chad/repos/witchcityrope-react/tests/WitchCityRope.Infrastructure.Tests/Data/MigrationTests.cs:line 160
--- End of stack trace from previous location ---</StackTrace>
        </ErrorInfo>
      </Output>
    </UnitTestResult>
    <UnitTestResult executionId="97678949-3766-44ad-945c-95aec2412f8e" testId="7e276b69-25a2-1e91-d250-12381a8ea181" testName="WitchCityRope.Infrastructure.Tests.Data.ConcurrencyTests.Should_Handle_Deadlock_Scenario" computerName="Unbutu-Ai-Chads-PC" duration="00:00:00.3133571" startTime="2025-09-13T14:03:53.8733000-04:00" endTime="2025-09-13T14:03:55.0792659-04:00" testType="13cdc9d9-ddb5-4fa4-a97d-d965ccfc6d4b" outcome="Failed" testListId="8c84fa94-04c1-424b-9868-57a2d4851a1d" relativeResultsDirectory="97678949-3766-44ad-945c-95aec2412f8e">
      <Output>
        <ErrorInfo>
          <Message>System.InvalidOperationException : An error was generated for warning 'Microsoft.EntityFrameworkCore.Database.Transaction.TransactionIgnoredWarning': Transactions are not supported by the in-memory store. See https://go.microsoft.com/fwlink/?LinkId=800142 This exception can be suppressed or logged by passing event ID 'InMemoryEventId.TransactionIgnoredWarning' to the 'ConfigureWarnings' method in 'DbContext.OnConfiguring' or 'AddDbContext'.</Message>
          <StackTrace>   at Microsoft.EntityFrameworkCore.Diagnostics.EventDefinition.Log[TLoggerCategory](IDiagnosticsLogger`1 logger, Exception exception)
   at Microsoft.EntityFrameworkCore.InMemory.Internal.InMemoryLoggerExtensions.TransactionIgnoredWarning(IDiagnosticsLogger`1 diagnostics)
   at Microsoft.EntityFrameworkCore.InMemory.Storage.Internal.InMemoryTransactionManager.BeginTransactionAsync(CancellationToken cancellationToken)
   at Microsoft.EntityFrameworkCore.Infrastructure.DatabaseFacade.BeginTransactionAsync(CancellationToken cancellationToken)
   at WitchCityRope.Infrastructure.Tests.Data.ConcurrencyTests.&lt;&gt;c__DisplayClass5_0.&lt;&lt;Should_Handle_Deadlock_Scenario&gt;b__0&gt;d.MoveNext() in /home/chad/repos/witchcityrope-react/tests/WitchCityRope.Infrastructure.Tests/Data/ConcurrencyTests.cs:line 332
--- End of stack trace from previous location ---
   at WitchCityRope.Infrastructure.Tests.Data.ConcurrencyTests.Should_Handle_Deadlock_Scenario() in /home/chad/repos/witchcityrope-react/tests/WitchCityRope.Infrastructure.Tests/Data/ConcurrencyTests.cs:line 389
--- End of stack trace from previous location ---</StackTrace>
        </ErrorInfo>
      </Output>
    </UnitTestResult>
    <UnitTestResult executionId="8b975c81-5c82-4e87-a92d-fbfc84a46abd" testId="4da0ee18-6138-8500-2970-48f2f82bb88d" testName="WitchCityRope.Infrastructure.Tests.Security.JwtTokenServiceTests.GenerateToken_Should_Set_Correct_Issuer_And_Audience" computerName="Unbutu-Ai-Chads-PC" duration="00:00:00.0010000" startTime="2025-09-13T14:03:53.9353318-04:00" endTime="2025-09-13T14:03:53.9353759-04:00" testType="13cdc9d9-ddb5-4fa4-a97d-d965ccfc6d4b" outcome="Failed" testListId="8c84fa94-04c1-424b-9868-57a2d4851a1d" relativeResultsDirectory="8b975c81-5c82-4e87-a92d-fbfc84a46abd">
      <Output>
        <ErrorInfo>
          <Message>System.InvalidOperationException : JWT secret key not configured</Message>
          <StackTrace>   at WitchCityRope.Infrastructure.Security.JwtTokenService..ctor(IConfiguration configuration) in /home/chad/repos/witchcityrope-react/src/WitchCityRope.Infrastructure/Security/JwtTokenService.cs:line 33
   at WitchCityRope.Infrastructure.Tests.Security.JwtTokenServiceTests..ctor() in /home/chad/repos/witchcityrope-react/tests/WitchCityRope.Infrastructure.Tests/Security/JwtTokenServiceTests.cs:line 35
   at System.RuntimeType.CreateInstanceDefaultCtor(Boolean publicOnly, Boolean wrapExceptions)</StackTrace>
        </ErrorInfo>
      </Output>
    </UnitTestResult>
    <UnitTestResult executionId="cd8e3a2b-16cd-4243-8fe6-d6406b9e7af4" testId="ad7d5cca-0afe-aa15-f70e-c563df4cebb9" testName="WitchCityRope.Infrastructure.Tests.Data.EntityConfigurationTests.Event_Registration_Relationship_Should_Be_Configured_Correctly" computerName="Unbutu-Ai-Chads-PC" duration="00:00:00.0186356" startTime="2025-09-13T14:03:55.3121856-04:00" endTime="2025-09-13T14:03:55.3852744-04:00" testType="13cdc9d9-ddb5-4fa4-a97d-d965ccfc6d4b" outcome="Failed" testListId="8c84fa94-04c1-424b-9868-57a2d4851a1d" relativeResultsDirectory="cd8e3a2b-16cd-4243-8fe6-d6406b9e7af4">
      <Output>
        <ErrorInfo>
          <Message>Microsoft.EntityFrameworkCore.DbUpdateException : An error occurred while saving the entity changes. See the inner exception for details.
---- Microsoft.Data.Sqlite.SqliteException : SQLite Error 19: 'NOT NULL constraint failed: Registrations.DietaryRestrictions'.</Message>
          <StackTrace>   at Microsoft.EntityFrameworkCore.Update.ReaderModificationCommandBatch.ExecuteAsync(IRelationalConnection connection, CancellationToken cancellationToken)
   at Microsoft.EntityFrameworkCore.Update.Internal.BatchExecutor.ExecuteAsync(IEnumerable`1 commandBatches, IRelationalConnection connection, CancellationToken cancellationToken)
   at Microsoft.EntityFrameworkCore.Update.Internal.BatchExecutor.ExecuteAsync(IEnumerable`1 commandBatches, IRelationalConnection connection, CancellationToken cancellationToken)
   at Microsoft.EntityFrameworkCore.Update.Internal.BatchExecutor.ExecuteAsync(IEnumerable`1 commandBatches, IRelationalConnection connection, CancellationToken cancellationToken)
   at Microsoft.EntityFrameworkCore.Storage.RelationalDatabase.SaveChangesAsync(IList`1 entries, CancellationToken cancellationToken)
   at Microsoft.EntityFrameworkCore.ChangeTracking.Internal.StateManager.SaveChangesAsync(IList`1 entriesToSave, CancellationToken cancellationToken)
   at Microsoft.EntityFrameworkCore.ChangeTracking.Internal.StateManager.SaveChangesAsync(StateManager stateManager, Boolean acceptAllChangesOnSuccess, CancellationToken cancellationToken)
   at Microsoft.EntityFrameworkCore.DbContext.SaveChangesAsync(Boolean acceptAllChangesOnSuccess, CancellationToken cancellationToken)
   at Microsoft.EntityFrameworkCore.DbContext.SaveChangesAsync(Boolean acceptAllChangesOnSuccess, CancellationToken cancellationToken)
   at WitchCityRope.Infrastructure.Data.WitchCityRopeDbContext.SaveChangesAsync(CancellationToken cancellationToken) in /home/chad/repos/witchcityrope-react/src/WitchCityRope.Infrastructure/Data/WitchCityRopeDbContext.cs:line 58
   at WitchCityRope.Infrastructure.Tests.Data.EntityConfigurationTests.Event_Registration_Relationship_Should_Be_Configured_Correctly() in /home/chad/repos/witchcityrope-react/tests/WitchCityRope.Infrastructure.Tests/Data/EntityConfigurationTests.cs:line 76
--- End of stack trace from previous location ---
----- Inner Stack Trace -----
   at Microsoft.Data.Sqlite.SqliteException.ThrowExceptionForRC(Int32 rc, sqlite3 db)
   at Microsoft.Data.Sqlite.SqliteDataReader.NextResult()
   at Microsoft.Data.Sqlite.SqliteCommand.ExecuteReader(CommandBehavior behavior)
   at Microsoft.Data.Sqlite.SqliteCommand.ExecuteReaderAsync(CommandBehavior behavior, CancellationToken cancellationToken)
   at Microsoft.Data.Sqlite.SqliteCommand.ExecuteDbDataReaderAsync(CommandBehavior behavior, CancellationToken cancellationToken)
   at Microsoft.EntityFrameworkCore.Storage.RelationalCommand.ExecuteReaderAsync(RelationalCommandParameterObject parameterObject, CancellationToken cancellationToken)
   at Microsoft.EntityFrameworkCore.Storage.RelationalCommand.ExecuteReaderAsync(RelationalCommandParameterObject parameterObject, CancellationToken cancellationToken)
   at Microsoft.EntityFrameworkCore.Update.ReaderModificationCommandBatch.ExecuteAsync(IRelationalConnection connection, CancellationToken cancellationToken)</StackTrace>
        </ErrorInfo>
      </Output>
    </UnitTestResult>
    <UnitTestResult executionId="f96bfcae-caec-44d8-baea-910b2ab03842" testId="748f8264-f4b3-9b6e-bf21-ba9f263ed688" testName="WitchCityRope.Infrastructure.Tests.Security.JwtTokenServiceTests.GenerateToken_Should_Throw_For_Null_User" computerName="Unbutu-Ai-Chads-PC" duration="00:00:00.0010000" startTime="2025-09-13T14:03:53.9320656-04:00" endTime="2025-09-13T14:03:53.9321269-04:00" testType="13cdc9d9-ddb5-4fa4-a97d-d965ccfc6d4b" outcome="Failed" testListId="8c84fa94-04c1-424b-9868-57a2d4851a1d" relativeResultsDirectory="f96bfcae-caec-44d8-baea-910b2ab03842">
      <Output>
        <ErrorInfo>
          <Message>System.InvalidOperationException : JWT secret key not configured</Message>
          <StackTrace>   at WitchCityRope.Infrastructure.Security.JwtTokenService..ctor(IConfiguration configuration) in /home/chad/repos/witchcityrope-react/src/WitchCityRope.Infrastructure/Security/JwtTokenService.cs:line 33
   at WitchCityRope.Infrastructure.Tests.Security.JwtTokenServiceTests..ctor() in /home/chad/repos/witchcityrope-react/tests/WitchCityRope.Infrastructure.Tests/Security/JwtTokenServiceTests.cs:line 35
   at System.RuntimeType.CreateInstanceDefaultCtor(Boolean publicOnly, Boolean wrapExceptions)</StackTrace>
        </ErrorInfo>
      </Output>
    </UnitTestResult>
    <UnitTestResult executionId="bf86cbbb-68f1-43b0-a518-97c57e693439" testId="10d1fa48-3361-6849-5e5d-c459122ca60e" testName="WitchCityRope.Infrastructure.Tests.PayPal.PayPalServiceTests.ProcessRefundAsync_Should_Handle_Exceptions" computerName="Unbutu-Ai-Chads-PC" duration="00:00:00.0009854" startTime="2025-09-13T14:03:54.0446536-04:00" endTime="2025-09-13T14:03:54.0462902-04:00" testType="13cdc9d9-ddb5-4fa4-a97d-d965ccfc6d4b" outcome="Failed" testListId="8c84fa94-04c1-424b-9868-57a2d4851a1d" relativeResultsDirectory="bf86cbbb-68f1-43b0-a518-97c57e693439">
      <Output>
        <ErrorInfo>
          <Message>System.NullReferenceException : Object reference not set to an instance of an object.</Message>
          <StackTrace>   at WitchCityRope.Infrastructure.PayPal.PayPalService.ProcessRefundAsync(Payment payment, Money refundAmount, String reason) in /home/chad/repos/witchcityrope-react/src/WitchCityRope.Infrastructure/PayPal/PayPalService.cs:line 115
   at WitchCityRope.Infrastructure.Tests.PayPal.PayPalServiceTests.ProcessRefundAsync_Should_Handle_Exceptions() in /home/chad/repos/witchcityrope-react/tests/WitchCityRope.Infrastructure.Tests/PayPal/PayPalServiceTests.cs:line 164
--- End of stack trace from previous location ---</StackTrace>
        </ErrorInfo>
      </Output>
    </UnitTestResult>
    <UnitTestResult executionId="a4d3d94f-c35c-49a0-b33a-39fe3e6af229" testId="e21df2cf-ba0a-8810-7404-ab38bf078339" testName="WitchCityRope.Infrastructure.Tests.Security.JwtTokenServiceTests.GetUserIdFromToken_Should_Return_UserId_For_Valid_Token" computerName="Unbutu-Ai-Chads-PC" duration="00:00:00.0010000" startTime="2025-09-13T14:03:53.9324442-04:00" endTime="2025-09-13T14:03:53.9325315-04:00" testType="13cdc9d9-ddb5-4fa4-a97d-d965ccfc6d4b" outcome="Failed" testListId="8c84fa94-04c1-424b-9868-57a2d4851a1d" relativeResultsDirectory="a4d3d94f-c35c-49a0-b33a-39fe3e6af229">
      <Output>
        <ErrorInfo>
          <Message>System.InvalidOperationException : JWT secret key not configured</Message>
          <StackTrace>   at WitchCityRope.Infrastructure.Security.JwtTokenService..ctor(IConfiguration configuration) in /home/chad/repos/witchcityrope-react/src/WitchCityRope.Infrastructure/Security/JwtTokenService.cs:line 33
   at WitchCityRope.Infrastructure.Tests.Security.JwtTokenServiceTests..ctor() in /home/chad/repos/witchcityrope-react/tests/WitchCityRope.Infrastructure.Tests/Security/JwtTokenServiceTests.cs:line 35
   at System.RuntimeType.CreateInstanceDefaultCtor(Boolean publicOnly, Boolean wrapExceptions)</StackTrace>
        </ErrorInfo>
      </Output>
    </UnitTestResult>
    <UnitTestResult executionId="2b8fe7d9-4bb0-42c4-96fc-c180d36652ba" testId="e006de4c-80eb-9ac9-a4df-a37619cd7add" testName="WitchCityRope.Infrastructure.Tests.Security.EncryptionServiceTests.VerifyHash_Should_Return_False_For_Null_Hash" computerName="Unbutu-Ai-Chads-PC" duration="00:00:00.0001221" startTime="2025-09-13T14:03:57.2486680-04:00" endTime="2025-09-13T14:03:57.2487291-04:00" testType="13cdc9d9-ddb5-4fa4-a97d-d965ccfc6d4b" outcome="Passed" testListId="8c84fa94-04c1-424b-9868-57a2d4851a1d" relativeResultsDirectory="2b8fe7d9-4bb0-42c4-96fc-c180d36652ba" />
    <UnitTestResult executionId="925ab70e-0d83-49c9-88ad-70ce341a9899" testId="3f3e0fb4-368b-d4ed-b267-a4543a24e99c" testName="WitchCityRope.Infrastructure.Tests.Security.EncryptionServiceTests.Encrypt_Should_Produce_Different_Results_For_Different_Inputs" computerName="Unbutu-Ai-Chads-PC" duration="00:00:00.0055275" startTime="2025-09-13T14:03:53.9628235-04:00" endTime="2025-09-13T14:03:53.9642899-04:00" testType="13cdc9d9-ddb5-4fa4-a97d-d965ccfc6d4b" outcome="Passed" testListId="8c84fa94-04c1-424b-9868-57a2d4851a1d" relativeResultsDirectory="925ab70e-0d83-49c9-88ad-70ce341a9899" />
    <UnitTestResult executionId="1232ea4a-300a-4a62-861b-34cfd4611e59" testId="f2a9e942-c5a4-67ec-c6f6-76d8270d8e03" testName="WitchCityRope.Infrastructure.Tests.Email.EmailServiceTests.Constructor_Should_Throw_When_SendGridClient_Is_Null" computerName="Unbutu-Ai-Chads-PC" duration="00:00:00.0010000" startTime="2025-09-13T14:03:53.9175156-04:00" endTime="2025-09-13T14:03:53.9175448-04:00" testType="13cdc9d9-ddb5-4fa4-a97d-d965ccfc6d4b" outcome="NotExecuted" testListId="8c84fa94-04c1-424b-9868-57a2d4851a1d" relativeResultsDirectory="1232ea4a-300a-4a62-861b-34cfd4611e59">
      <Output>
        <ErrorInfo>
          <Message>Email service not implemented yet - will be needed when email features are built</Message>
        </ErrorInfo>
      </Output>
    </UnitTestResult>
    <UnitTestResult executionId="ffe21f47-b683-4c1a-86b8-86e017f73e3d" testId="ad8c3afd-60d6-cd49-53c0-babc94254028" testName="WitchCityRope.Infrastructure.Tests.Security.EncryptionServiceTests.Constructor_Should_Throw_When_Encryption_Key_Is_Missing" computerName="Unbutu-Ai-Chads-PC" duration="00:00:00.0008811" startTime="2025-09-13T14:03:55.7392741-04:00" endTime="2025-09-13T14:03:55.7400504-04:00" testType="13cdc9d9-ddb5-4fa4-a97d-d965ccfc6d4b" outcome="Passed" testListId="8c84fa94-04c1-424b-9868-57a2d4851a1d" relativeResultsDirectory="ffe21f47-b683-4c1a-86b8-86e017f73e3d" />
    <UnitTestResult executionId="413a4b5b-0451-4c33-9f65-aee8648b84e8" testId="ed657ece-8209-9b5b-aeeb-ee1e361b80b6" testName="WitchCityRope.Infrastructure.Tests.Security.EncryptionServiceTests.VerifyHash_Should_Return_True_For_Correct_Password" computerName="Unbutu-Ai-Chads-PC" duration="00:00:00.4145702" startTime="2025-09-13T14:03:56.1857042-04:00" endTime="2025-09-13T14:03:56.6001950-04:00" testType="13cdc9d9-ddb5-4fa4-a97d-d965ccfc6d4b" outcome="Passed" testListId="8c84fa94-04c1-424b-9868-57a2d4851a1d" relativeResultsDirectory="413a4b5b-0451-4c33-9f65-aee8648b84e8" />
    <UnitTestResult executionId="2d0921c0-ea4d-41af-9cb5-d6cd14ea2311" testId="5baaed9a-7b39-bf0a-975b-3f375a59580f" testName="WitchCityRope.Infrastructure.Tests.PayPal.PayPalServiceTests.Constructor_Should_Throw_When_Logger_Is_Null" computerName="Unbutu-Ai-Chads-PC" duration="00:00:00.0005696" startTime="2025-09-13T14:03:54.1178848-04:00" endTime="2025-09-13T14:03:54.1182722-04:00" testType="13cdc9d9-ddb5-4fa4-a97d-d965ccfc6d4b" outcome="Passed" testListId="8c84fa94-04c1-424b-9868-57a2d4851a1d" relativeResultsDirectory="2d0921c0-ea4d-41af-9cb5-d6cd14ea2311" />
    <UnitTestResult executionId="dd5fbec9-de57-464f-a9b7-5e93b8a7fb3d" testId="264ab6a2-4596-51c5-876b-2d91f4e645a4" testName="WitchCityRope.Infrastructure.Tests.Security.JwtTokenServiceTests.ValidateToken_Should_Return_Null_For_Invalid_Token" computerName="Unbutu-Ai-Chads-PC" duration="00:00:00.0010000" startTime="2025-09-13T14:03:53.9335302-04:00" endTime="2025-09-13T14:03:53.9335760-04:00" testType="13cdc9d9-ddb5-4fa4-a97d-d965ccfc6d4b" outcome="Failed" testListId="8c84fa94-04c1-424b-9868-57a2d4851a1d" relativeResultsDirectory="dd5fbec9-de57-464f-a9b7-5e93b8a7fb3d">
      <Output>
        <ErrorInfo>
          <Message>System.InvalidOperationException : JWT secret key not configured</Message>
          <StackTrace>   at WitchCityRope.Infrastructure.Security.JwtTokenService..ctor(IConfiguration configuration) in /home/chad/repos/witchcityrope-react/src/WitchCityRope.Infrastructure/Security/JwtTokenService.cs:line 33
   at WitchCityRope.Infrastructure.Tests.Security.JwtTokenServiceTests..ctor() in /home/chad/repos/witchcityrope-react/tests/WitchCityRope.Infrastructure.Tests/Security/JwtTokenServiceTests.cs:line 35
   at System.RuntimeType.CreateInstanceDefaultCtor(Boolean publicOnly, Boolean wrapExceptions)</StackTrace>
        </ErrorInfo>
      </Output>
    </UnitTestResult>
    <UnitTestResult executionId="45aa1be7-072b-41ba-a29b-6b6984675fba" testId="a4c6dfe2-8692-442a-7687-11fe74a57291" testName="WitchCityRope.Infrastructure.Tests.PayPal.PayPalServiceTests.GetPaymentStatusAsync_Should_Return_Failed_On_Exception" computerName="Unbutu-Ai-Chads-PC" duration="00:00:00.0202711" startTime="2025-09-13T14:03:54.0467861-04:00" endTime="2025-09-13T14:03:54.0660065-04:00" testType="13cdc9d9-ddb5-4fa4-a97d-d965ccfc6d4b" outcome="Failed" testListId="8c84fa94-04c1-424b-9868-57a2d4851a1d" relativeResultsDirectory="45aa1be7-072b-41ba-a29b-6b6984675fba">
      <Output>
        <ErrorInfo>
          <Message>Expected status to be PaymentStatus.Failed {value: 3}, but found PaymentStatus.Pending {value: 1}.</Message>
          <StackTrace>   at FluentAssertions.Execution.LateBoundTestFramework.Throw(String message)
   at FluentAssertions.Execution.DefaultAssertionStrategy.HandleFailure(String message)
   at FluentAssertions.Execution.AssertionScope.AddPreFormattedFailure(String formattedFailureMessage)
   at FluentAssertions.Execution.AssertionChain.FailWith(Func`1 getFailureReason)
   at FluentAssertions.Execution.AssertionChain.FailWith(Func`1 getFailureReason)
   at FluentAssertions.Execution.AssertionChain.FailWith(String message, Object[] args)
   at FluentAssertions.Primitives.EnumAssertions`2.Be(TEnum expected, String because, Object[] becauseArgs)
   at WitchCityRope.Infrastructure.Tests.PayPal.PayPalServiceTests.GetPaymentStatusAsync_Should_Return_Failed_On_Exception() in /home/chad/repos/witchcityrope-react/tests/WitchCityRope.Infrastructure.Tests/PayPal/PayPalServiceTests.cs:line 273
--- End of stack trace from previous location ---</StackTrace>
        </ErrorInfo>
      </Output>
    </UnitTestResult>
    <UnitTestResult executionId="6c9e86dd-bdb7-436e-9e47-f081cfa2bb55" testId="392c6d3e-7870-0e59-cda0-066a33da3da1" testName="WitchCityRope.Infrastructure.Tests.Security.JwtTokenServiceTests.ValidateToken_Should_Return_Null_For_Expired_Token" computerName="Unbutu-Ai-Chads-PC" duration="00:00:00.0010000" startTime="2025-09-13T14:03:53.9289047-04:00" endTime="2025-09-13T14:03:53.9289733-04:00" testType="13cdc9d9-ddb5-4fa4-a97d-d965ccfc6d4b" outcome="Failed" testListId="8c84fa94-04c1-424b-9868-57a2d4851a1d" relativeResultsDirectory="6c9e86dd-bdb7-436e-9e47-f081cfa2bb55">
      <Output>
        <ErrorInfo>
          <Message>System.InvalidOperationException : JWT secret key not configured</Message>
          <StackTrace>   at WitchCityRope.Infrastructure.Security.JwtTokenService..ctor(IConfiguration configuration) in /home/chad/repos/witchcityrope-react/src/WitchCityRope.Infrastructure/Security/JwtTokenService.cs:line 33
   at WitchCityRope.Infrastructure.Tests.Security.JwtTokenServiceTests..ctor() in /home/chad/repos/witchcityrope-react/tests/WitchCityRope.Infrastructure.Tests/Security/JwtTokenServiceTests.cs:line 35
   at System.RuntimeType.CreateInstanceDefaultCtor(Boolean publicOnly, Boolean wrapExceptions)</StackTrace>
        </ErrorInfo>
      </Output>
    </UnitTestResult>
    <UnitTestResult executionId="93c3560c-41d4-4666-9bfb-39cc9d2fce24" testId="a2674b3f-bc72-1bcc-0868-ab7ca9fc846f" testName="WitchCityRope.Infrastructure.Tests.Email.EmailServiceTests.SendVettingStatusUpdateAsync_Should_Include_Notes_When_Provided" computerName="Unbutu-Ai-Chads-PC" duration="00:00:00.0010000" startTime="2025-09-13T14:03:53.9169592-04:00" endTime="2025-09-13T14:03:53.9169842-04:00" testType="13cdc9d9-ddb5-4fa4-a97d-d965ccfc6d4b" outcome="NotExecuted" testListId="8c84fa94-04c1-424b-9868-57a2d4851a1d" relativeResultsDirectory="93c3560c-41d4-4666-9bfb-39cc9d2fce24">
      <Output>
        <ErrorInfo>
          <Message>Email service not implemented yet - will be needed when email features are built</Message>
        </ErrorInfo>
      </Output>
    </UnitTestResult>
    <UnitTestResult executionId="bd394194-0211-4733-b7be-28083cd44816" testId="0b2da06c-c211-ec4e-e650-05e93d1799bd" testName="WitchCityRope.Infrastructure.Tests.Email.EmailServiceTests.SendEmailAsync_Should_Send_Email_Successfully" computerName="Unbutu-Ai-Chads-PC" duration="00:00:00.0010000" startTime="2025-09-13T14:03:53.9167309-04:00" endTime="2025-09-13T14:03:53.9167595-04:00" testType="13cdc9d9-ddb5-4fa4-a97d-d965ccfc6d4b" outcome="NotExecuted" testListId="8c84fa94-04c1-424b-9868-57a2d4851a1d" relativeResultsDirectory="bd394194-0211-4733-b7be-28083cd44816">
      <Output>
        <ErrorInfo>
          <Message>Email service not implemented yet - will be needed when email features are built</Message>
        </ErrorInfo>
      </Output>
    </UnitTestResult>
    <UnitTestResult executionId="d15261d5-0b10-4d28-93f8-1de2fbe5bf67" testId="548a09d3-4fa2-75df-faa2-e267f1d73899" testName="WitchCityRope.Infrastructure.Tests.Security.EncryptionServiceTests.EncryptAsync_Should_Return_Empty_String_For_Empty_Input" computerName="Unbutu-Ai-Chads-PC" duration="00:00:00.0021503" startTime="2025-09-13T14:03:57.2443823-04:00" endTime="2025-09-13T14:03:57.2444976-04:00" testType="13cdc9d9-ddb5-4fa4-a97d-d965ccfc6d4b" outcome="Passed" testListId="8c84fa94-04c1-424b-9868-57a2d4851a1d" relativeResultsDirectory="d15261d5-0b10-4d28-93f8-1de2fbe5bf67" />
    <UnitTestResult executionId="cc54af44-0c41-4828-a09b-67c4e1503573" testId="fb57c710-b9e2-ed4a-59de-d5901369c26e" testName="WitchCityRope.Infrastructure.Tests.Security.EncryptionServiceTests.Encryption_Should_Be_Deterministic_With_Same_Key" computerName="Unbutu-Ai-Chads-PC" duration="00:00:00.0291947" startTime="2025-09-13T14:03:53.9643899-04:00" endTime="2025-09-13T14:03:53.9644782-04:00" testType="13cdc9d9-ddb5-4fa4-a97d-d965ccfc6d4b" outcome="Passed" testListId="8c84fa94-04c1-424b-9868-57a2d4851a1d" relativeResultsDirectory="cc54af44-0c41-4828-a09b-67c4e1503573" />
    <UnitTestResult executionId="65eabbd4-760a-4ed3-8844-1f5d3eac8ba8" testId="ff4e921f-20b7-1709-b98d-0805a1ad4ff6" testName="WitchCityRope.Infrastructure.Tests.Data.MigrationTests.Model_Should_Match_Database_Schema" computerName="Unbutu-Ai-Chads-PC" duration="00:00:00.0310719" startTime="2025-09-13T14:03:58.0610918-04:00" endTime="2025-09-13T14:03:58.0918088-04:00" testType="13cdc9d9-ddb5-4fa4-a97d-d965ccfc6d4b" outcome="Failed" testListId="8c84fa94-04c1-424b-9868-57a2d4851a1d" relativeResultsDirectory="65eabbd4-760a-4ed3-8844-1f5d3eac8ba8">
      <Output>
        <ErrorInfo>
          <Message>Expected pendingModelChanges to be False because The model should match the database schema, but found True.</Message>
          <StackTrace>   at FluentAssertions.Execution.LateBoundTestFramework.Throw(String message)
   at FluentAssertions.Execution.DefaultAssertionStrategy.HandleFailure(String message)
   at FluentAssertions.Execution.AssertionScope.AddPreFormattedFailure(String formattedFailureMessage)
   at FluentAssertions.Execution.AssertionChain.FailWith(Func`1 getFailureReason)
   at FluentAssertions.Execution.AssertionChain.FailWith(Func`1 getFailureReason)
   at FluentAssertions.Execution.AssertionChain.FailWith(String message, Object[] args)
   at FluentAssertions.Primitives.BooleanAssertions`1.BeFalse(String because, Object[] becauseArgs)
   at WitchCityRope.Infrastructure.Tests.Data.MigrationTests.Model_Should_Match_Database_Schema() in /home/chad/repos/witchcityrope-react/tests/WitchCityRope.Infrastructure.Tests/Data/MigrationTests.cs:line 138
   at System.RuntimeMethodHandle.InvokeMethod(Object target, Void** arguments, Signature sig, Boolean isConstructor)
   at System.Reflection.MethodBaseInvoker.InvokeWithNoArgs(Object obj, BindingFlags invokeAttr)</StackTrace>
        </ErrorInfo>
      </Output>
    </UnitTestResult>
    <UnitTestResult executionId="6c0d0c0e-1c92-407a-bc7e-b02e566a1c82" testId="19e6bda6-00bd-7cd6-3c38-90a57abeea2e" testName="WitchCityRope.Infrastructure.Tests.PayPal.PayPalServiceTests.Should_Use_Sandbox_Environment_When_Configured" computerName="Unbutu-Ai-Chads-PC" duration="00:00:00.0003395" startTime="2025-09-13T14:03:54.0836982-04:00" endTime="2025-09-13T14:03:54.0839133-04:00" testType="13cdc9d9-ddb5-4fa4-a97d-d965ccfc6d4b" outcome="Passed" testListId="8c84fa94-04c1-424b-9868-57a2d4851a1d" relativeResultsDirectory="6c0d0c0e-1c92-407a-bc7e-b02e566a1c82" />
    <UnitTestResult executionId="18a8a444-0c13-4cdc-8b17-d789575d07d2" testId="d34ced5e-61be-8db1-2a33-5a0519fd37ce" testName="WitchCityRope.Infrastructure.Tests.Email.EmailServiceTests.SendBulkEmailAsync_Should_Send_To_Multiple_Recipients" computerName="Unbutu-Ai-Chads-PC" duration="00:00:00.0010000" startTime="2025-09-13T14:03:53.8740374-04:00" endTime="2025-09-13T14:03:53.8745675-04:00" testType="13cdc9d9-ddb5-4fa4-a97d-d965ccfc6d4b" outcome="NotExecuted" testListId="8c84fa94-04c1-424b-9868-57a2d4851a1d" relativeResultsDirectory="18a8a444-0c13-4cdc-8b17-d789575d07d2">
      <Output>
        <ErrorInfo>
          <Message>Email service not implemented yet - will be needed when email features are built</Message>
        </ErrorInfo>
      </Output>
    </UnitTestResult>
    <UnitTestResult executionId="fe819278-18fe-433d-b06e-fedd1faeb951" testId="1e096ccc-e723-7491-b653-eb6d07a2b4e3" testName="WitchCityRope.Infrastructure.Tests.Email.EmailServiceTests.SendBulkEmailAsync_Should_Return_False_If_Any_Batch_Fails" computerName="Unbutu-Ai-Chads-PC" duration="00:00:00.0010000" startTime="2025-09-13T14:03:53.9157287-04:00" endTime="2025-09-13T14:03:53.9157562-04:00" testType="13cdc9d9-ddb5-4fa4-a97d-d965ccfc6d4b" outcome="NotExecuted" testListId="8c84fa94-04c1-424b-9868-57a2d4851a1d" relativeResultsDirectory="fe819278-18fe-433d-b06e-fedd1faeb951">
      <Output>
        <ErrorInfo>
          <Message>Email service not implemented yet - will be needed when email features are built</Message>
        </ErrorInfo>
      </Output>
    </UnitTestResult>
    <UnitTestResult executionId="0a208868-83e7-4721-b69b-944cfc7f1381" testId="cac2c651-fa59-0f92-f0f1-b284ea5fd816" testName="WitchCityRope.Infrastructure.Tests.Security.JwtTokenServiceTests.ValidateToken_Should_Throw_For_Null_Token" computerName="Unbutu-Ai-Chads-PC" duration="00:00:00.0010000" startTime="2025-09-13T14:03:53.9308855-04:00" endTime="2025-09-13T14:03:53.9309694-04:00" testType="13cdc9d9-ddb5-4fa4-a97d-d965ccfc6d4b" outcome="Failed" testListId="8c84fa94-04c1-424b-9868-57a2d4851a1d" relativeResultsDirectory="0a208868-83e7-4721-b69b-944cfc7f1381">
      <Output>
        <ErrorInfo>
          <Message>System.InvalidOperationException : JWT secret key not configured</Message>
          <StackTrace>   at WitchCityRope.Infrastructure.Security.JwtTokenService..ctor(IConfiguration configuration) in /home/chad/repos/witchcityrope-react/src/WitchCityRope.Infrastructure/Security/JwtTokenService.cs:line 33
   at WitchCityRope.Infrastructure.Tests.Security.JwtTokenServiceTests..ctor() in /home/chad/repos/witchcityrope-react/tests/WitchCityRope.Infrastructure.Tests/Security/JwtTokenServiceTests.cs:line 35
   at System.RuntimeType.CreateInstanceDefaultCtor(Boolean publicOnly, Boolean wrapExceptions)</StackTrace>
        </ErrorInfo>
      </Output>
    </UnitTestResult>
    <UnitTestResult executionId="c8028d03-01c6-437b-b602-3513fc313548" testId="433cedb3-2a7e-2070-b4b6-ff055a4203c2" testName="WitchCityRope.Infrastructure.Tests.Data.MigrationTests.Should_Create_All_Expected_Tables" computerName="Unbutu-Ai-Chads-PC" duration="00:00:00.1419710" startTime="2025-09-13T14:03:57.7798494-04:00" endTime="2025-09-13T14:03:57.9221668-04:00" testType="13cdc9d9-ddb5-4fa4-a97d-d965ccfc6d4b" outcome="Failed" testListId="8c84fa94-04c1-424b-9868-57a2d4851a1d" relativeResultsDirectory="c8028d03-01c6-437b-b602-3513fc313548">
      <Output>
        <ErrorInfo>
          <Message>System.InvalidOperationException : An error was generated for warning 'Microsoft.EntityFrameworkCore.Migrations.PendingModelChangesWarning': The model for context 'WitchCityRopeDbContext' has pending changes. Add a new migration before updating the database. See https://aka.ms/efcore-docs-pending-changes. This exception can be suppressed or logged by passing event ID 'RelationalEventId.PendingModelChangesWarning' to the 'ConfigureWarnings' method in 'DbContext.OnConfiguring' or 'AddDbContext'.</Message>
          <StackTrace>   at Microsoft.EntityFrameworkCore.Diagnostics.EventDefinition`1.Log[TLoggerCategory](IDiagnosticsLogger`1 logger, TParam arg)
   at Microsoft.EntityFrameworkCore.Diagnostics.RelationalLoggerExtensions.PendingModelChangesWarning(IDiagnosticsLogger`1 diagnostics, Type contextType)
   at Microsoft.EntityFrameworkCore.Migrations.Internal.Migrator.ValidateMigrations(Boolean useTransaction, String targetMigration)
   at Microsoft.EntityFrameworkCore.Migrations.Internal.Migrator.MigrateAsync(String targetMigration, CancellationToken cancellationToken)
   at Npgsql.EntityFrameworkCore.PostgreSQL.Migrations.Internal.NpgsqlMigrator.MigrateAsync(String targetMigration, CancellationToken cancellationToken)
   at WitchCityRope.Infrastructure.Tests.Data.MigrationTests.Should_Create_All_Expected_Tables() in /home/chad/repos/witchcityrope-react/tests/WitchCityRope.Infrastructure.Tests/Data/MigrationTests.cs:line 45
--- End of stack trace from previous location ---</StackTrace>
        </ErrorInfo>
      </Output>
    </UnitTestResult>
    <UnitTestResult executionId="9ea6013d-e7dd-4601-87a2-f87a52d04b4b" testId="646327bb-2edb-21ab-b78e-1f2eefc3c0b3" testName="WitchCityRope.Infrastructure.Tests.Email.EmailServiceTests.SendBulkEmailAsync_Should_Batch_Large_Recipient_Lists" computerName="Unbutu-Ai-Chads-PC" duration="00:00:00.0010000" startTime="2025-09-13T14:03:53.9201262-04:00" endTime="2025-09-13T14:03:53.9201698-04:00" testType="13cdc9d9-ddb5-4fa4-a97d-d965ccfc6d4b" outcome="NotExecuted" testListId="8c84fa94-04c1-424b-9868-57a2d4851a1d" relativeResultsDirectory="9ea6013d-e7dd-4601-87a2-f87a52d04b4b">
      <Output>
        <ErrorInfo>
          <Message>Email service not implemented yet - will be needed when email features are built</Message>
        </ErrorInfo>
      </Output>
    </UnitTestResult>
    <UnitTestResult executionId="7a5ce265-aa81-4890-9889-1c5165d0dd4d" testId="32b805ef-d784-d8e5-9caf-a748c5f789fb" testName="WitchCityRope.Infrastructure.Tests.PayPal.PayPalServiceTests.Constructor_Should_Throw_When_Configuration_Is_Null" computerName="Unbutu-Ai-Chads-PC" duration="00:00:00.0003596" startTime="2025-09-13T14:03:54.1183744-04:00" endTime="2025-09-13T14:03:54.1186649-04:00" testType="13cdc9d9-ddb5-4fa4-a97d-d965ccfc6d4b" outcome="Passed" testListId="8c84fa94-04c1-424b-9868-57a2d4851a1d" relativeResultsDirectory="7a5ce265-aa81-4890-9889-1c5165d0dd4d" />
    <UnitTestResult executionId="465f79f4-d7b8-42ca-be5b-305784c20987" testId="13978cf6-8116-d9d2-5159-ee260bc86d7b" testName="WitchCityRope.Infrastructure.Tests.Security.JwtTokenServiceTests.Constructor_Should_Throw_When_Configuration_Is_Null" computerName="Unbutu-Ai-Chads-PC" duration="00:00:00.0010000" startTime="2025-09-13T14:03:53.9293540-04:00" endTime="2025-09-13T14:03:53.9294477-04:00" testType="13cdc9d9-ddb5-4fa4-a97d-d965ccfc6d4b" outcome="Failed" testListId="8c84fa94-04c1-424b-9868-57a2d4851a1d" relativeResultsDirectory="465f79f4-d7b8-42ca-be5b-305784c20987">
      <Output>
        <ErrorInfo>
          <Message>System.InvalidOperationException : JWT secret key not configured</Message>
          <StackTrace>   at WitchCityRope.Infrastructure.Security.JwtTokenService..ctor(IConfiguration configuration) in /home/chad/repos/witchcityrope-react/src/WitchCityRope.Infrastructure/Security/JwtTokenService.cs:line 33
   at WitchCityRope.Infrastructure.Tests.Security.JwtTokenServiceTests..ctor() in /home/chad/repos/witchcityrope-react/tests/WitchCityRope.Infrastructure.Tests/Security/JwtTokenServiceTests.cs:line 35
   at System.RuntimeType.CreateInstanceDefaultCtor(Boolean publicOnly, Boolean wrapExceptions)</StackTrace>
        </ErrorInfo>
      </Output>
    </UnitTestResult>
    <UnitTestResult executionId="47eeb213-cee8-48fb-b666-af77e3a7baf1" testId="0c01b91e-1f31-c944-fe79-657241846334" testName="WitchCityRope.Infrastructure.Tests.Data.MigrationTests.Should_Create_Correct_Foreign_Keys" computerName="Unbutu-Ai-Chads-PC" duration="00:00:00.5555483" startTime="2025-09-13T14:03:56.7137563-04:00" endTime="2025-09-13T14:03:57.2699982-04:00" testType="13cdc9d9-ddb5-4fa4-a97d-d965ccfc6d4b" outcome="Failed" testListId="8c84fa94-04c1-424b-9868-57a2d4851a1d" relativeResultsDirectory="47eeb213-cee8-48fb-b666-af77e3a7baf1">
      <Output>
        <ErrorInfo>
          <Message>System.InvalidOperationException : An error was generated for warning 'Microsoft.EntityFrameworkCore.Migrations.PendingModelChangesWarning': The model for context 'WitchCityRopeDbContext' has pending changes. Add a new migration before updating the database. See https://aka.ms/efcore-docs-pending-changes. This exception can be suppressed or logged by passing event ID 'RelationalEventId.PendingModelChangesWarning' to the 'ConfigureWarnings' method in 'DbContext.OnConfiguring' or 'AddDbContext'.</Message>
          <StackTrace>   at Microsoft.EntityFrameworkCore.Diagnostics.EventDefinition`1.Log[TLoggerCategory](IDiagnosticsLogger`1 logger, TParam arg)
   at Microsoft.EntityFrameworkCore.Diagnostics.RelationalLoggerExtensions.PendingModelChangesWarning(IDiagnosticsLogger`1 diagnostics, Type contextType)
   at Microsoft.EntityFrameworkCore.Migrations.Internal.Migrator.ValidateMigrations(Boolean useTransaction, String targetMigration)
   at Microsoft.EntityFrameworkCore.Migrations.Internal.Migrator.MigrateAsync(String targetMigration, CancellationToken cancellationToken)
   at Npgsql.EntityFrameworkCore.PostgreSQL.Migrations.Internal.NpgsqlMigrator.MigrateAsync(String targetMigration, CancellationToken cancellationToken)
   at WitchCityRope.Infrastructure.Tests.Data.MigrationTests.Should_Create_Correct_Foreign_Keys() in /home/chad/repos/witchcityrope-react/tests/WitchCityRope.Infrastructure.Tests/Data/MigrationTests.cs:line 110
--- End of stack trace from previous location ---</StackTrace>
        </ErrorInfo>
      </Output>
    </UnitTestResult>
    <UnitTestResult executionId="cfba1659-8ef6-42b0-ba3a-fad7b04a06e5" testId="e21cd5c6-324b-c676-dab9-0bd35c2ac14e" testName="WitchCityRope.Infrastructure.Tests.Security.EncryptionServiceTests.Encryption_Should_Fail_With_Different_Keys" computerName="Unbutu-Ai-Chads-PC" duration="00:00:00.0050470" startTime="2025-09-13T14:03:56.1803984-04:00" endTime="2025-09-13T14:03:56.1854767-04:00" testType="13cdc9d9-ddb5-4fa4-a97d-d965ccfc6d4b" outcome="Passed" testListId="8c84fa94-04c1-424b-9868-57a2d4851a1d" relativeResultsDirectory="cfba1659-8ef6-42b0-ba3a-fad7b04a06e5" />
    <UnitTestResult executionId="2c9d0e44-7552-4b4a-bd7c-67eed5063b49" testId="62b65325-048b-ed3a-aab7-f63a342cc22e" testName="WitchCityRope.Infrastructure.Tests.Data.ConcurrencyTests.Should_Handle_Concurrent_Vetting_Application_Reviews" computerName="Unbutu-Ai-Chads-PC" duration="00:00:00.0433391" startTime="2025-09-13T14:03:55.4911709-04:00" endTime="2025-09-13T14:03:55.5744756-04:00" testType="13cdc9d9-ddb5-4fa4-a97d-d965ccfc6d4b" outcome="Failed" testListId="8c84fa94-04c1-424b-9868-57a2d4851a1d" relativeResultsDirectory="2c9d0e44-7552-4b4a-bd7c-67eed5063b49">
      <Output>
        <ErrorInfo>
          <Message>Microsoft.EntityFrameworkCore.DbUpdateException : An error occurred while saving the entity changes. See the inner exception for details.
---- Microsoft.Data.Sqlite.SqliteException : SQLite Error 19: 'NOT NULL constraint failed: VettingApplications.ExperienceDescription'.</Message>
          <StackTrace>   at Microsoft.EntityFrameworkCore.Update.ReaderModificationCommandBatch.ExecuteAsync(IRelationalConnection connection, CancellationToken cancellationToken)
   at Microsoft.EntityFrameworkCore.Update.Internal.BatchExecutor.ExecuteAsync(IEnumerable`1 commandBatches, IRelationalConnection connection, CancellationToken cancellationToken)
   at Microsoft.EntityFrameworkCore.Update.Internal.BatchExecutor.ExecuteAsync(IEnumerable`1 commandBatches, IRelationalConnection connection, CancellationToken cancellationToken)
   at Microsoft.EntityFrameworkCore.Update.Internal.BatchExecutor.ExecuteAsync(IEnumerable`1 commandBatches, IRelationalConnection connection, CancellationToken cancellationToken)
   at Microsoft.EntityFrameworkCore.Storage.RelationalDatabase.SaveChangesAsync(IList`1 entries, CancellationToken cancellationToken)
   at Microsoft.EntityFrameworkCore.ChangeTracking.Internal.StateManager.SaveChangesAsync(IList`1 entriesToSave, CancellationToken cancellationToken)
   at Microsoft.EntityFrameworkCore.ChangeTracking.Internal.StateManager.SaveChangesAsync(StateManager stateManager, Boolean acceptAllChangesOnSuccess, CancellationToken cancellationToken)
   at Microsoft.EntityFrameworkCore.DbContext.SaveChangesAsync(Boolean acceptAllChangesOnSuccess, CancellationToken cancellationToken)
   at Microsoft.EntityFrameworkCore.DbContext.SaveChangesAsync(Boolean acceptAllChangesOnSuccess, CancellationToken cancellationToken)
   at WitchCityRope.Infrastructure.Data.WitchCityRopeDbContext.SaveChangesAsync(CancellationToken cancellationToken) in /home/chad/repos/witchcityrope-react/src/WitchCityRope.Infrastructure/Data/WitchCityRopeDbContext.cs:line 58
   at WitchCityRope.Infrastructure.Tests.Data.ConcurrencyTests.Should_Handle_Concurrent_Vetting_Application_Reviews() in /home/chad/repos/witchcityrope-react/tests/WitchCityRope.Infrastructure.Tests/Data/ConcurrencyTests.cs:line 195
--- End of stack trace from previous location ---
----- Inner Stack Trace -----
   at Microsoft.Data.Sqlite.SqliteException.ThrowExceptionForRC(Int32 rc, sqlite3 db)
   at Microsoft.Data.Sqlite.SqliteDataReader.NextResult()
   at Microsoft.Data.Sqlite.SqliteCommand.ExecuteReader(CommandBehavior behavior)
   at Microsoft.Data.Sqlite.SqliteCommand.ExecuteReaderAsync(CommandBehavior behavior, CancellationToken cancellationToken)
   at Microsoft.Data.Sqlite.SqliteCommand.ExecuteDbDataReaderAsync(CommandBehavior behavior, CancellationToken cancellationToken)
   at Microsoft.EntityFrameworkCore.Storage.RelationalCommand.ExecuteReaderAsync(RelationalCommandParameterObject parameterObject, CancellationToken cancellationToken)
   at Microsoft.EntityFrameworkCore.Storage.RelationalCommand.ExecuteReaderAsync(RelationalCommandParameterObject parameterObject, CancellationToken cancellationToken)
   at Microsoft.EntityFrameworkCore.Update.ReaderModificationCommandBatch.ExecuteAsync(IRelationalConnection connection, CancellationToken cancellationToken)</StackTrace>
        </ErrorInfo>
      </Output>
    </UnitTestResult>
    <UnitTestResult executionId="48aa7b37-4d19-4e1f-a63a-9863475a3ff8" testId="f768ae59-36e8-7994-fc40-60be4f478e46" testName="WitchCityRope.Infrastructure.Tests.Security.EncryptionServiceTests.VerifyHash_Should_Return_False_For_Null_PlainText" computerName="Unbutu-Ai-Chads-PC" duration="00:00:00.2143286" startTime="2025-09-13T14:03:57.0285464-04:00" endTime="2025-09-13T14:03:57.2421020-04:00" testType="13cdc9d9-ddb5-4fa4-a97d-d965ccfc6d4b" outcome="Passed" testListId="8c84fa94-04c1-424b-9868-57a2d4851a1d" relativeResultsDirectory="48aa7b37-4d19-4e1f-a63a-9863475a3ff8" />
    <UnitTestResult executionId="34f2abee-00fe-4582-afa9-f2b499ec6394" testId="201d5940-7e4c-301c-43c7-cd72598ac0d0" testName="WitchCityRope.Infrastructure.Tests.Data.MigrationTests.Should_Have_Correct_Schema_After_Migration" computerName="Unbutu-Ai-Chads-PC" duration="00:00:00.1518399" startTime="2025-09-13T14:03:57.6277152-04:00" endTime="2025-09-13T14:03:57.7788977-04:00" testType="13cdc9d9-ddb5-4fa4-a97d-d965ccfc6d4b" outcome="Failed" testListId="8c84fa94-04c1-424b-9868-57a2d4851a1d" relativeResultsDirectory="34f2abee-00fe-4582-afa9-f2b499ec6394">
      <Output>
        <ErrorInfo>
          <Message>System.InvalidOperationException : An error was generated for warning 'Microsoft.EntityFrameworkCore.Migrations.PendingModelChangesWarning': The model for context 'WitchCityRopeDbContext' has pending changes. Add a new migration before updating the database. See https://aka.ms/efcore-docs-pending-changes. This exception can be suppressed or logged by passing event ID 'RelationalEventId.PendingModelChangesWarning' to the 'ConfigureWarnings' method in 'DbContext.OnConfiguring' or 'AddDbContext'.</Message>
          <StackTrace>   at Microsoft.EntityFrameworkCore.Diagnostics.EventDefinition`1.Log[TLoggerCategory](IDiagnosticsLogger`1 logger, TParam arg)
   at Microsoft.EntityFrameworkCore.Diagnostics.RelationalLoggerExtensions.PendingModelChangesWarning(IDiagnosticsLogger`1 diagnostics, Type contextType)
   at Microsoft.EntityFrameworkCore.Migrations.Internal.Migrator.ValidateMigrations(Boolean useTransaction, String targetMigration)
   at Microsoft.EntityFrameworkCore.Migrations.Internal.Migrator.MigrateAsync(String targetMigration, CancellationToken cancellationToken)
   at Npgsql.EntityFrameworkCore.PostgreSQL.Migrations.Internal.NpgsqlMigrator.MigrateAsync(String targetMigration, CancellationToken cancellationToken)
   at WitchCityRope.Infrastructure.Tests.Data.MigrationTests.Should_Have_Correct_Schema_After_Migration() in /home/chad/repos/witchcityrope-react/tests/WitchCityRope.Infrastructure.Tests/Data/MigrationTests.cs:line 65
--- End of stack trace from previous location ---</StackTrace>
        </ErrorInfo>
      </Output>
    </UnitTestResult>
    <UnitTestResult executionId="38e6677d-f7e8-4f74-8a42-3f577efa5d4b" testId="c47800aa-74e3-7062-c49c-f84225a43c10" testName="WitchCityRope.Infrastructure.Tests.Security.JwtTokenServiceTests.ValidateToken_Should_Return_ClaimsPrincipal_For_Valid_Token" computerName="Unbutu-Ai-Chads-PC" duration="00:00:00.0010000" startTime="2025-09-13T14:03:53.9280571-04:00" endTime="2025-09-13T14:03:53.9282039-04:00" testType="13cdc9d9-ddb5-4fa4-a97d-d965ccfc6d4b" outcome="Failed" testListId="8c84fa94-04c1-424b-9868-57a2d4851a1d" relativeResultsDirectory="38e6677d-f7e8-4f74-8a42-3f577efa5d4b">
      <Output>
        <ErrorInfo>
          <Message>System.InvalidOperationException : JWT secret key not configured</Message>
          <StackTrace>   at WitchCityRope.Infrastructure.Security.JwtTokenService..ctor(IConfiguration configuration) in /home/chad/repos/witchcityrope-react/src/WitchCityRope.Infrastructure/Security/JwtTokenService.cs:line 33
   at WitchCityRope.Infrastructure.Tests.Security.JwtTokenServiceTests..ctor() in /home/chad/repos/witchcityrope-react/tests/WitchCityRope.Infrastructure.Tests/Security/JwtTokenServiceTests.cs:line 35
   at System.RuntimeType.CreateInstanceDefaultCtor(Boolean publicOnly, Boolean wrapExceptions)</StackTrace>
        </ErrorInfo>
      </Output>
    </UnitTestResult>
    <UnitTestResult executionId="42729e37-fed6-4a1f-81c7-7ead4302bc5b" testId="56ac9038-d5af-357d-c5c6-ae72257e3f00" testName="WitchCityRope.Infrastructure.Tests.HealthChecks.ServiceHealthCheckTests.VerifyPostgreSqlIsAccessible" computerName="Unbutu-Ai-Chads-PC" duration="00:00:00.1123177" startTime="2025-09-13T14:03:53.9642567-04:00" endTime="2025-09-13T14:03:54.0447234-04:00" testType="13cdc9d9-ddb5-4fa4-a97d-d965ccfc6d4b" outcome="Failed" testListId="8c84fa94-04c1-424b-9868-57a2d4851a1d" relativeResultsDirectory="42729e37-fed6-4a1f-81c7-7ead4302bc5b">
      <Output>
        <StdOut>❌ PostgreSQL connection failed
   Connection: Host=localhost;Port=5433;Database=WitchCityRope_Dev;Username=postgres;Password=***
   Error: 28P01: password authentication failed for user "postgres"
   Fix: Check 'docker logs witchcity-postgres'
   Run: 'docker-compose -f docker-compose.yml -f docker-compose.dev.yml restart postgres'</StdOut>
        <ErrorInfo>
          <Message>System.InvalidOperationException : PostgreSQL not accessible on port 5433. Check Docker containers
---- Npgsql.PostgresException : 28P01: password authentication failed for user "postgres"</Message>
          <StackTrace>   at WitchCityRope.Infrastructure.Tests.HealthChecks.ServiceHealthCheckTests.VerifyPostgreSqlIsAccessible() in /home/chad/repos/witchcityrope-react/tests/WitchCityRope.Infrastructure.Tests/HealthChecks/ServiceHealthCheckTests.cs:line 141
--- End of stack trace from previous location ---
----- Inner Stack Trace -----
   at Npgsql.Internal.NpgsqlConnector.ReadMessageLong(Boolean async, DataRowLoadingMode dataRowLoadingMode, Boolean readingNotifications, Boolean isReadingPrependedMessage)
   at System.Runtime.CompilerServices.PoolingAsyncValueTaskMethodBuilder`1.StateMachineBox`1.System.Threading.Tasks.Sources.IValueTaskSource&lt;TResult&gt;.GetResult(Int16 token)
   at Npgsql.Internal.NpgsqlConnector.AuthenticateSASL(List`1 mechanisms, String username, Boolean async, CancellationToken cancellationToken)
   at Npgsql.Internal.NpgsqlConnector.Authenticate(String username, NpgsqlTimeout timeout, Boolean async, CancellationToken cancellationToken)
   at Npgsql.Internal.NpgsqlConnector.&lt;Open&gt;g__OpenCore|214_1(NpgsqlConnector conn, SslMode sslMode, NpgsqlTimeout timeout, Boolean async, CancellationToken cancellationToken)
   at Npgsql.Internal.NpgsqlConnector.Open(NpgsqlTimeout timeout, Boolean async, CancellationToken cancellationToken)
   at Npgsql.PoolingDataSource.OpenNewConnector(NpgsqlConnection conn, NpgsqlTimeout timeout, Boolean async, CancellationToken cancellationToken)
   at Npgsql.PoolingDataSource.&lt;Get&gt;g__RentAsync|33_0(NpgsqlConnection conn, NpgsqlTimeout timeout, Boolean async, CancellationToken cancellationToken)
   at Npgsql.NpgsqlConnection.&lt;Open&gt;g__OpenAsync|42_0(Boolean async, CancellationToken cancellationToken)
   at WitchCityRope.Infrastructure.Tests.HealthChecks.ServiceHealthCheckTests.VerifyPostgreSqlIsAccessible() in /home/chad/repos/witchcityrope-react/tests/WitchCityRope.Infrastructure.Tests/HealthChecks/ServiceHealthCheckTests.cs:line 126</StackTrace>
        </ErrorInfo>
      </Output>
    </UnitTestResult>
    <UnitTestResult executionId="ca2682c6-ff94-45d4-a3bb-5aae9056ed2d" testId="6a6f6355-9fd4-91c1-101e-d3a4ddbfd9e9" testName="WitchCityRope.Infrastructure.Tests.Security.EncryptionServiceTests.Hash_Should_Produce_Different_Hashes_For_Same_Input" computerName="Unbutu-Ai-Chads-PC" duration="00:00:00.4261515" startTime="2025-09-13T14:03:56.6008716-04:00" endTime="2025-09-13T14:03:57.0270516-04:00" testType="13cdc9d9-ddb5-4fa4-a97d-d965ccfc6d4b" outcome="Passed" testListId="8c84fa94-04c1-424b-9868-57a2d4851a1d" relativeResultsDirectory="ca2682c6-ff94-45d4-a3bb-5aae9056ed2d" />
    <UnitTestResult executionId="9d2fc776-0bc3-4e5f-8b55-ec7252a195ec" testId="15b6fe83-e163-93ae-7ba9-51007c17c9b1" testName="WitchCityRope.Infrastructure.Tests.Security.EncryptionServiceTests.DecryptAsync_Should_Decrypt_Encrypted_Text" computerName="Unbutu-Ai-Chads-PC" duration="00:00:00.0013699" startTime="2025-09-13T14:03:55.7376418-04:00" endTime="2025-09-13T14:03:55.7391341-04:00" testType="13cdc9d9-ddb5-4fa4-a97d-d965ccfc6d4b" outcome="Passed" testListId="8c84fa94-04c1-424b-9868-57a2d4851a1d" relativeResultsDirectory="9d2fc776-0bc3-4e5f-8b55-ec7252a195ec" />
    <UnitTestResult executionId="5c0707ba-93db-49db-b0a5-998287453bfb" testId="6f307035-ff4a-8fcf-9b20-27631306775c" testName="WitchCityRope.Infrastructure.Tests.HealthChecks.ServiceHealthCheckTests.RunAllHealthChecks" computerName="Unbutu-Ai-Chads-PC" duration="00:00:00.1581405" startTime="2025-09-13T14:03:54.1083365-04:00" endTime="2025-09-13T14:03:54.2582389-04:00" testType="13cdc9d9-ddb5-4fa4-a97d-d965ccfc6d4b" outcome="Failed" testListId="8c84fa94-04c1-424b-9868-57a2d4851a1d" relativeResultsDirectory="5c0707ba-93db-49db-b0a5-998287453bfb">
      <Output>
        <StdOut>✅ All required Docker containers are running
NAMES                STATUS
witchcity-web        Up 3 minutes (unhealthy)
witchcity-api        Up 3 minutes (unhealthy)
witchcity-postgres   Up 3 minutes (healthy)

✅ Docker Containers: Healthy
❌ PostgreSQL connection failed
   Connection: Host=localhost;Port=5433;Database=WitchCityRope_Dev;Username=postgres;Password=***
   Error: 28P01: password authentication failed for user "postgres"
   Fix: Check 'docker logs witchcity-postgres'
   Run: 'docker-compose -f docker-compose.yml -f docker-compose.dev.yml restart postgres'
❌ PostgreSQL Database: PostgreSQL not accessible on port 5433. Check Docker containers
❌ API not responding on http://localhost:5655
   Error: An error occurred while sending the request.
   Fix: Run 'docker-compose -f docker-compose.yml -f docker-compose.dev.yml up -d'
   Or check: docker logs witchcity-api
❌ API Service: API not responding on http://localhost:5655. Run: docker-compose up -d
✅ React dev server is accessible at http://localhost:5173
✅ React Dev Server: Healthy

\ud83d\udcca Health Check Summary:
   Total Time: 144ms
   Passed: 2
   Failed: 2</StdOut>
        <ErrorInfo>
          <Message>System.InvalidOperationException : Infrastructure health checks failed:
  - PostgreSQL Database: ❌ PostgreSQL not accessible on port 5433. Check Docker containers
  - API Service: ❌ API not responding on http://localhost:5655. Run: docker-compose up -d</Message>
          <StackTrace>   at WitchCityRope.Infrastructure.Tests.HealthChecks.ServiceHealthCheckTests.RunAllHealthChecks() in /home/chad/repos/witchcityrope-react/tests/WitchCityRope.Infrastructure.Tests/HealthChecks/ServiceHealthCheckTests.cs:line 259
--- End of stack trace from previous location ---</StackTrace>
        </ErrorInfo>
      </Output>
    </UnitTestResult>
    <UnitTestResult executionId="f717333d-7d2f-49e2-bc71-31cec6d873e9" testId="e1828be1-cfff-3e34-4b60-0621ccd8e3ab" testName="WitchCityRope.Infrastructure.Tests.Data.WitchCityRopeDbContextTests.Should_Apply_Global_Query_Filters_If_Configured" computerName="Unbutu-Ai-Chads-PC" duration="00:00:00.0253338" startTime="2025-09-13T14:03:55.5996776-04:00" endTime="2025-09-13T14:03:55.6690950-04:00" testType="13cdc9d9-ddb5-4fa4-a97d-d965ccfc6d4b" outcome="Failed" testListId="8c84fa94-04c1-424b-9868-57a2d4851a1d" relativeResultsDirectory="f717333d-7d2f-49e2-bc71-31cec6d873e9">
      <Output>
        <ErrorInfo>
          <Message>Expected users to contain 2 item(s), but found 0: {empty}.</Message>
          <StackTrace>   at FluentAssertions.Execution.LateBoundTestFramework.Throw(String message)
   at FluentAssertions.Execution.DefaultAssertionStrategy.HandleFailure(String message)
   at FluentAssertions.Execution.AssertionScope.AddPreFormattedFailure(String formattedFailureMessage)
   at FluentAssertions.Execution.AssertionChain.FailWith(Func`1 getFailureReason)
   at FluentAssertions.Execution.AssertionChain.FailWith(Func`1 getFailureReason)
   at FluentAssertions.Execution.AssertionChain.FailWith(String message, Object[] args)
   at FluentAssertions.Collections.GenericCollectionAssertions`3.HaveCount(Int32 expected, String because, Object[] becauseArgs)
   at WitchCityRope.Infrastructure.Tests.Data.WitchCityRopeDbContextTests.Should_Apply_Global_Query_Filters_If_Configured() in /home/chad/repos/witchcityrope-react/tests/WitchCityRope.Infrastructure.Tests/Data/WitchCityRopeDbContextTests.cs:line 152
--- End of stack trace from previous location ---</StackTrace>
        </ErrorInfo>
      </Output>
    </UnitTestResult>
    <UnitTestResult executionId="811f931a-d88c-485c-967c-b37072e08699" testId="d09d88d0-e6be-e39b-577c-5d7881b8be2d" testName="WitchCityRope.Infrastructure.Tests.PayPal.PayPalServiceTests.Should_Use_Production_Environment_When_Configured" computerName="Unbutu-Ai-Chads-PC" duration="00:00:00.0006749" startTime="2025-09-13T14:03:54.0466429-04:00" endTime="2025-09-13T14:03:54.0466854-04:00" testType="13cdc9d9-ddb5-4fa4-a97d-d965ccfc6d4b" outcome="Passed" testListId="8c84fa94-04c1-424b-9868-57a2d4851a1d" relativeResultsDirectory="811f931a-d88c-485c-967c-b37072e08699" />
    <UnitTestResult executionId="d405cfcb-e04d-4bc0-a98f-3c2e8161ef07" testId="79cdb1a1-4a9a-f0b2-2460-493cf93bd7f4" testName="WitchCityRope.Infrastructure.Tests.PayPal.PayPalServiceTests.ValidatePaymentMethodAsync_Should_Return_False_For_Empty_Method" computerName="Unbutu-Ai-Chads-PC" duration="00:00:00.0997130" startTime="2025-09-13T14:03:53.8733286-04:00" endTime="2025-09-13T14:03:53.9746199-04:00" testType="13cdc9d9-ddb5-4fa4-a97d-d965ccfc6d4b" outcome="Passed" testListId="8c84fa94-04c1-424b-9868-57a2d4851a1d" relativeResultsDirectory="d405cfcb-e04d-4bc0-a98f-3c2e8161ef07" />
    <UnitTestResult executionId="e95515e9-1142-4012-94cd-fb5dc28d4c5e" testId="4912d116-f7fc-a751-481c-6c5c02960fc1" testName="WitchCityRope.Infrastructure.Tests.Data.ComplexQueryTests.Should_Execute_Raw_SQL_Query" computerName="Unbutu-Ai-Chads-PC" duration="00:00:00.0010000" startTime="2025-09-13T14:03:55.7428439-04:00" endTime="2025-09-13T14:03:55.8633779-04:00" testType="13cdc9d9-ddb5-4fa4-a97d-d965ccfc6d4b" outcome="Failed" testListId="8c84fa94-04c1-424b-9868-57a2d4851a1d" relativeResultsDirectory="e95515e9-1142-4012-94cd-fb5dc28d4c5e">
      <Output>
        <ErrorInfo>
          <Message>Microsoft.EntityFrameworkCore.DbUpdateException : An error occurred while saving the entity changes. See the inner exception for details.
---- Microsoft.Data.Sqlite.SqliteException : SQLite Error 19: 'NOT NULL constraint failed: Registrations.DietaryRestrictions'.</Message>
          <StackTrace>   at Microsoft.EntityFrameworkCore.Update.ReaderModificationCommandBatch.ExecuteAsync(IRelationalConnection connection, CancellationToken cancellationToken)
   at Microsoft.EntityFrameworkCore.Update.Internal.BatchExecutor.ExecuteAsync(IEnumerable`1 commandBatches, IRelationalConnection connection, CancellationToken cancellationToken)
   at Microsoft.EntityFrameworkCore.Update.Internal.BatchExecutor.ExecuteAsync(IEnumerable`1 commandBatches, IRelationalConnection connection, CancellationToken cancellationToken)
   at Microsoft.EntityFrameworkCore.Update.Internal.BatchExecutor.ExecuteAsync(IEnumerable`1 commandBatches, IRelationalConnection connection, CancellationToken cancellationToken)
   at Microsoft.EntityFrameworkCore.Storage.RelationalDatabase.SaveChangesAsync(IList`1 entries, CancellationToken cancellationToken)
   at Microsoft.EntityFrameworkCore.ChangeTracking.Internal.StateManager.SaveChangesAsync(IList`1 entriesToSave, CancellationToken cancellationToken)
   at Microsoft.EntityFrameworkCore.ChangeTracking.Internal.StateManager.SaveChangesAsync(StateManager stateManager, Boolean acceptAllChangesOnSuccess, CancellationToken cancellationToken)
   at Microsoft.EntityFrameworkCore.DbContext.SaveChangesAsync(Boolean acceptAllChangesOnSuccess, CancellationToken cancellationToken)
   at Microsoft.EntityFrameworkCore.DbContext.SaveChangesAsync(Boolean acceptAllChangesOnSuccess, CancellationToken cancellationToken)
   at WitchCityRope.Infrastructure.Data.WitchCityRopeDbContext.SaveChangesAsync(CancellationToken cancellationToken) in /home/chad/repos/witchcityrope-react/src/WitchCityRope.Infrastructure/Data/WitchCityRopeDbContext.cs:line 58
   at WitchCityRope.Infrastructure.Tests.Data.ComplexQueryTests.SeedDataAsync() in /home/chad/repos/witchcityrope-react/tests/WitchCityRope.Infrastructure.Tests/Data/ComplexQueryTests.cs:line 63
   at WitchCityRope.Infrastructure.Tests.Fixtures.IntegrationTestBase.InitializeAsync() in /home/chad/repos/witchcityrope-react/tests/WitchCityRope.Infrastructure.Tests/Fixtures/IntegrationTestBase.cs:line 41
----- Inner Stack Trace -----
   at Microsoft.Data.Sqlite.SqliteException.ThrowExceptionForRC(Int32 rc, sqlite3 db)
   at Microsoft.Data.Sqlite.SqliteDataReader.NextResult()
   at Microsoft.Data.Sqlite.SqliteCommand.ExecuteReader(CommandBehavior behavior)
   at Microsoft.Data.Sqlite.SqliteCommand.ExecuteReaderAsync(CommandBehavior behavior, CancellationToken cancellationToken)
   at Microsoft.Data.Sqlite.SqliteCommand.ExecuteDbDataReaderAsync(CommandBehavior behavior, CancellationToken cancellationToken)
   at Microsoft.EntityFrameworkCore.Storage.RelationalCommand.ExecuteReaderAsync(RelationalCommandParameterObject parameterObject, CancellationToken cancellationToken)
   at Microsoft.EntityFrameworkCore.Storage.RelationalCommand.ExecuteReaderAsync(RelationalCommandParameterObject parameterObject, CancellationToken cancellationToken)
   at Microsoft.EntityFrameworkCore.Update.ReaderModificationCommandBatch.ExecuteAsync(IRelationalConnection connection, CancellationToken cancellationToken)</StackTrace>
        </ErrorInfo>
      </Output>
    </UnitTestResult>
    <UnitTestResult executionId="a16cd9a5-c23e-4de9-89e1-59152aac9115" testId="13bd86c6-f19a-69a0-47da-45392f474030" testName="WitchCityRope.Infrastructure.Tests.Data.MigrationTests.Should_Create_Correct_Indexes" computerName="Unbutu-Ai-Chads-PC" duration="00:00:00.1377022" startTime="2025-09-13T14:03:57.9227816-04:00" endTime="2025-09-13T14:03:58.0605473-04:00" testType="13cdc9d9-ddb5-4fa4-a97d-d965ccfc6d4b" outcome="Failed" testListId="8c84fa94-04c1-424b-9868-57a2d4851a1d" relativeResultsDirectory="a16cd9a5-c23e-4de9-89e1-59152aac9115">
      <Output>
        <ErrorInfo>
          <Message>System.InvalidOperationException : An error was generated for warning 'Microsoft.EntityFrameworkCore.Migrations.PendingModelChangesWarning': The model for context 'WitchCityRopeDbContext' has pending changes. Add a new migration before updating the database. See https://aka.ms/efcore-docs-pending-changes. This exception can be suppressed or logged by passing event ID 'RelationalEventId.PendingModelChangesWarning' to the 'ConfigureWarnings' method in 'DbContext.OnConfiguring' or 'AddDbContext'.</Message>
          <StackTrace>   at Microsoft.EntityFrameworkCore.Diagnostics.EventDefinition`1.Log[TLoggerCategory](IDiagnosticsLogger`1 logger, TParam arg)
   at Microsoft.EntityFrameworkCore.Diagnostics.RelationalLoggerExtensions.PendingModelChangesWarning(IDiagnosticsLogger`1 diagnostics, Type contextType)
   at Microsoft.EntityFrameworkCore.Migrations.Internal.Migrator.ValidateMigrations(Boolean useTransaction, String targetMigration)
   at Microsoft.EntityFrameworkCore.Migrations.Internal.Migrator.MigrateAsync(String targetMigration, CancellationToken cancellationToken)
   at Npgsql.EntityFrameworkCore.PostgreSQL.Migrations.Internal.NpgsqlMigrator.MigrateAsync(String targetMigration, CancellationToken cancellationToken)
   at WitchCityRope.Infrastructure.Tests.Data.MigrationTests.Should_Create_Correct_Indexes() in /home/chad/repos/witchcityrope-react/tests/WitchCityRope.Infrastructure.Tests/Data/MigrationTests.cs:line 95
--- End of stack trace from previous location ---</StackTrace>
        </ErrorInfo>
      </Output>
    </UnitTestResult>
    <UnitTestResult executionId="b5c5bc30-93c7-46bb-8ef8-a984ea203952" testId="6c46bd90-634b-a7e2-6339-3b4c5aa4506e" testName="WitchCityRope.Infrastructure.Tests.HealthChecks.ServiceHealthCheckTests.VerifyDockerContainersAreRunning" computerName="Unbutu-Ai-Chads-PC" duration="00:00:00.0512546" startTime="2025-09-13T14:03:53.8739841-04:00" endTime="2025-09-13T14:03:53.9639120-04:00" testType="13cdc9d9-ddb5-4fa4-a97d-d965ccfc6d4b" outcome="Passed" testListId="8c84fa94-04c1-424b-9868-57a2d4851a1d" relativeResultsDirectory="b5c5bc30-93c7-46bb-8ef8-a984ea203952">
      <Output>
        <StdOut>✅ All required Docker containers are running
NAMES                STATUS
witchcity-web        Up 3 minutes (unhealthy)
witchcity-api        Up 3 minutes (unhealthy)
witchcity-postgres   Up 3 minutes (healthy)</StdOut>
      </Output>
    </UnitTestResult>
    <UnitTestResult executionId="788528f7-924f-4fd5-b865-9985ef13e5c2" testId="207aab20-bd1d-c84f-9d5f-6c6087e30ea0" testName="WitchCityRope.Infrastructure.Tests.Security.EncryptionServiceTests.DecryptAsync_Should_Throw_For_Corrupted_Data" computerName="Unbutu-Ai-Chads-PC" duration="00:00:00.0023159" startTime="2025-09-13T14:03:57.2460288-04:00" endTime="2025-09-13T14:03:57.2484920-04:00" testType="13cdc9d9-ddb5-4fa4-a97d-d965ccfc6d4b" outcome="Passed" testListId="8c84fa94-04c1-424b-9868-57a2d4851a1d" relativeResultsDirectory="788528f7-924f-4fd5-b865-9985ef13e5c2" />
    <UnitTestResult executionId="5fc5f448-7523-41da-92c6-5ef0f5ebfdfa" testId="102fc01d-1003-9aad-0ab0-768afa59b2db" testName="WitchCityRope.Infrastructure.Tests.Security.EncryptionServiceTests.EncryptAsync_Should_Return_Null_For_Null_Input" computerName="Unbutu-Ai-Chads-PC" duration="00:00:00.0003859" startTime="2025-09-13T14:03:56.6005733-04:00" endTime="2025-09-13T14:03:56.6007266-04:00" testType="13cdc9d9-ddb5-4fa4-a97d-d965ccfc6d4b" outcome="Passed" testListId="8c84fa94-04c1-424b-9868-57a2d4851a1d" relativeResultsDirectory="5fc5f448-7523-41da-92c6-5ef0f5ebfdfa" />
    <UnitTestResult executionId="5d1c77d2-7b30-4402-8bc0-d13035837cf7" testId="77f47604-3476-c76e-0620-42e3a18a923a" testName="WitchCityRope.Infrastructure.Tests.Data.ConcurrencyTests.Should_Handle_Concurrent_Updates_With_Retry_Logic" computerName="Unbutu-Ai-Chads-PC" duration="00:00:00.0623762" startTime="2025-09-13T14:03:55.0800960-04:00" endTime="2025-09-13T14:03:55.1838208-04:00" testType="13cdc9d9-ddb5-4fa4-a97d-d965ccfc6d4b" outcome="Failed" testListId="8c84fa94-04c1-424b-9868-57a2d4851a1d" relativeResultsDirectory="5d1c77d2-7b30-4402-8bc0-d13035837cf7">
      <Output>
        <ErrorInfo>
          <Message>System.InvalidOperationException : Sequence contains no elements</Message>
          <StackTrace>   at System.Linq.ThrowHelper.ThrowNoElementsException()
   at lambda_method1250(Closure)
   at Microsoft.EntityFrameworkCore.InMemory.Query.Internal.InMemoryQueryExpression.ResultEnumerable.GetEnumerator()
   at Microsoft.EntityFrameworkCore.InMemory.Query.Internal.InMemoryShapedQueryCompilingExpressionVisitor.QueryingEnumerable`1.Enumerator.MoveNextHelper()
   at Microsoft.EntityFrameworkCore.InMemory.Query.Internal.InMemoryShapedQueryCompilingExpressionVisitor.QueryingEnumerable`1.Enumerator.MoveNextAsync()
   at Microsoft.EntityFrameworkCore.Query.ShapedQueryCompilingExpressionVisitor.SingleAsync[TSource](IAsyncEnumerable`1 asyncEnumerable, CancellationToken cancellationToken)
   at Microsoft.EntityFrameworkCore.Query.ShapedQueryCompilingExpressionVisitor.SingleAsync[TSource](IAsyncEnumerable`1 asyncEnumerable, CancellationToken cancellationToken)
   at WitchCityRope.Infrastructure.Tests.Data.ConcurrencyTests.&lt;&gt;c__DisplayClass4_1.&lt;&lt;Should_Handle_Concurrent_Updates_With_Retry_Logic&gt;b__1&gt;d.MoveNext() in /home/chad/repos/witchcityrope-react/tests/WitchCityRope.Infrastructure.Tests/Data/ConcurrencyTests.cs:line 279
--- End of stack trace from previous location ---
   at WitchCityRope.Infrastructure.Tests.Data.ConcurrencyTests.Should_Handle_Concurrent_Updates_With_Retry_Logic() in /home/chad/repos/witchcityrope-react/tests/WitchCityRope.Infrastructure.Tests/Data/ConcurrencyTests.cs:line 304
--- End of stack trace from previous location ---</StackTrace>
        </ErrorInfo>
      </Output>
    </UnitTestResult>
    <UnitTestResult executionId="c5f686cf-be1a-4636-96e8-f57dc164cc4d" testId="29bc5121-cf60-36a7-57b9-1ab204e81280" testName="WitchCityRope.Infrastructure.Tests.Data.EntityConfigurationTests.Should_Enforce_String_Length_Constraints" computerName="Unbutu-Ai-Chads-PC" duration="00:00:00.1728105" startTime="2025-09-13T14:03:53.8740154-04:00" endTime="2025-09-13T14:03:54.9417802-04:00" testType="13cdc9d9-ddb5-4fa4-a97d-d965ccfc6d4b" outcome="Passed" testListId="8c84fa94-04c1-424b-9868-57a2d4851a1d" relativeResultsDirectory="c5f686cf-be1a-4636-96e8-f57dc164cc4d" />
    <UnitTestResult executionId="74e95cc2-7fed-4609-90a3-a6e8a65d5f21" testId="e5189492-adae-5b47-5b01-837ec60d1504" testName="WitchCityRope.Infrastructure.Tests.Data.EntityConfigurationTests.Should_Handle_Cascade_Delete_For_Event_Registrations" computerName="Unbutu-Ai-Chads-PC" duration="00:00:00.0100423" startTime="2025-09-13T14:03:55.3922799-04:00" endTime="2025-09-13T14:03:55.4432005-04:00" testType="13cdc9d9-ddb5-4fa4-a97d-d965ccfc6d4b" outcome="Failed" testListId="8c84fa94-04c1-424b-9868-57a2d4851a1d" relativeResultsDirectory="74e95cc2-7fed-4609-90a3-a6e8a65d5f21">
      <Output>
        <ErrorInfo>
          <Message>Microsoft.EntityFrameworkCore.DbUpdateException : An error occurred while saving the entity changes. See the inner exception for details.
---- Microsoft.Data.Sqlite.SqliteException : SQLite Error 19: 'NOT NULL constraint failed: Registrations.DietaryRestrictions'.</Message>
          <StackTrace>   at Microsoft.EntityFrameworkCore.Update.ReaderModificationCommandBatch.ExecuteAsync(IRelationalConnection connection, CancellationToken cancellationToken)
   at Microsoft.EntityFrameworkCore.Update.Internal.BatchExecutor.ExecuteAsync(IEnumerable`1 commandBatches, IRelationalConnection connection, CancellationToken cancellationToken)
   at Microsoft.EntityFrameworkCore.Update.Internal.BatchExecutor.ExecuteAsync(IEnumerable`1 commandBatches, IRelationalConnection connection, CancellationToken cancellationToken)
   at Microsoft.EntityFrameworkCore.Update.Internal.BatchExecutor.ExecuteAsync(IEnumerable`1 commandBatches, IRelationalConnection connection, CancellationToken cancellationToken)
   at Microsoft.EntityFrameworkCore.Storage.RelationalDatabase.SaveChangesAsync(IList`1 entries, CancellationToken cancellationToken)
   at Microsoft.EntityFrameworkCore.ChangeTracking.Internal.StateManager.SaveChangesAsync(IList`1 entriesToSave, CancellationToken cancellationToken)
   at Microsoft.EntityFrameworkCore.ChangeTracking.Internal.StateManager.SaveChangesAsync(StateManager stateManager, Boolean acceptAllChangesOnSuccess, CancellationToken cancellationToken)
   at Microsoft.EntityFrameworkCore.DbContext.SaveChangesAsync(Boolean acceptAllChangesOnSuccess, CancellationToken cancellationToken)
   at Microsoft.EntityFrameworkCore.DbContext.SaveChangesAsync(Boolean acceptAllChangesOnSuccess, CancellationToken cancellationToken)
   at WitchCityRope.Infrastructure.Data.WitchCityRopeDbContext.SaveChangesAsync(CancellationToken cancellationToken) in /home/chad/repos/witchcityrope-react/src/WitchCityRope.Infrastructure/Data/WitchCityRopeDbContext.cs:line 58
   at WitchCityRope.Infrastructure.Tests.Data.EntityConfigurationTests.Should_Handle_Cascade_Delete_For_Event_Registrations() in /home/chad/repos/witchcityrope-react/tests/WitchCityRope.Infrastructure.Tests/Data/EntityConfigurationTests.cs:line 211
--- End of stack trace from previous location ---
----- Inner Stack Trace -----
   at Microsoft.Data.Sqlite.SqliteException.ThrowExceptionForRC(Int32 rc, sqlite3 db)
   at Microsoft.Data.Sqlite.SqliteDataReader.NextResult()
   at Microsoft.Data.Sqlite.SqliteCommand.ExecuteReader(CommandBehavior behavior)
   at Microsoft.Data.Sqlite.SqliteCommand.ExecuteReaderAsync(CommandBehavior behavior, CancellationToken cancellationToken)
   at Microsoft.Data.Sqlite.SqliteCommand.ExecuteDbDataReaderAsync(CommandBehavior behavior, CancellationToken cancellationToken)
   at Microsoft.EntityFrameworkCore.Storage.RelationalCommand.ExecuteReaderAsync(RelationalCommandParameterObject parameterObject, CancellationToken cancellationToken)
   at Microsoft.EntityFrameworkCore.Storage.RelationalCommand.ExecuteReaderAsync(RelationalCommandParameterObject parameterObject, CancellationToken cancellationToken)
   at Microsoft.EntityFrameworkCore.Update.ReaderModificationCommandBatch.ExecuteAsync(IRelationalConnection connection, CancellationToken cancellationToken)</StackTrace>
        </ErrorInfo>
      </Output>
    </UnitTestResult>
    <UnitTestResult executionId="718e2bd1-1acc-4913-95db-b10eb9472863" testId="f4e2e719-e2ed-ccf6-d6de-453713b765c3" testName="WitchCityRope.Infrastructure.Tests.PayPal.PayPalServiceTests.ProcessRefundAsync_Should_Return_Success_Result" computerName="Unbutu-Ai-Chads-PC" duration="00:00:00.0080067" startTime="2025-09-13T14:03:54.0840939-04:00" endTime="2025-09-13T14:03:54.0919872-04:00" testType="13cdc9d9-ddb5-4fa4-a97d-d965ccfc6d4b" outcome="Passed" testListId="8c84fa94-04c1-424b-9868-57a2d4851a1d" relativeResultsDirectory="718e2bd1-1acc-4913-95db-b10eb9472863" />
    <UnitTestResult executionId="c3b0c163-45f2-4699-9349-aa242d27bea8" testId="6babc633-5a84-86ce-3dc5-db3fab1babdf" testName="WitchCityRope.Infrastructure.Tests.Data.WitchCityRopeDbContextTests.Should_Handle_Concurrent_Updates" computerName="Unbutu-Ai-Chads-PC" duration="00:00:00.0028552" startTime="2025-09-13T14:03:55.7450210-04:00" endTime="2025-09-13T14:03:55.7852853-04:00" testType="13cdc9d9-ddb5-4fa4-a97d-d965ccfc6d4b" outcome="Failed" testListId="8c84fa94-04c1-424b-9868-57a2d4851a1d" relativeResultsDirectory="c3b0c163-45f2-4699-9349-aa242d27bea8">
      <Output>
        <ErrorInfo>
          <Message>System.InvalidOperationException : Sequence contains no elements</Message>
          <StackTrace>   at System.Linq.ThrowHelper.ThrowNoElementsException()
   at lambda_method1264(Closure)
   at Microsoft.EntityFrameworkCore.InMemory.Query.Internal.InMemoryQueryExpression.ResultEnumerable.GetEnumerator()
   at Microsoft.EntityFrameworkCore.InMemory.Query.Internal.InMemoryShapedQueryCompilingExpressionVisitor.QueryingEnumerable`1.Enumerator.MoveNextHelper()
   at Microsoft.EntityFrameworkCore.InMemory.Query.Internal.InMemoryShapedQueryCompilingExpressionVisitor.QueryingEnumerable`1.Enumerator.MoveNextAsync()
   at Microsoft.EntityFrameworkCore.Query.ShapedQueryCompilingExpressionVisitor.SingleAsync[TSource](IAsyncEnumerable`1 asyncEnumerable, CancellationToken cancellationToken)
   at Microsoft.EntityFrameworkCore.Query.ShapedQueryCompilingExpressionVisitor.SingleAsync[TSource](IAsyncEnumerable`1 asyncEnumerable, CancellationToken cancellationToken)
   at WitchCityRope.Infrastructure.Tests.Data.WitchCityRopeDbContextTests.Should_Handle_Concurrent_Updates() in /home/chad/repos/witchcityrope-react/tests/WitchCityRope.Infrastructure.Tests/Data/WitchCityRopeDbContextTests.cs:line 83
--- End of stack trace from previous location ---</StackTrace>
        </ErrorInfo>
      </Output>
    </UnitTestResult>
    <UnitTestResult executionId="8a9fd9d5-6c33-4257-8a2c-ca302120b2aa" testId="87abcabe-5648-fdf1-3a5d-705e67f3c3fe" testName="WitchCityRope.Infrastructure.Tests.PayPal.PayPalServiceTests.CreatePaymentIntentAsync_Should_Return_Valid_Intent" computerName="Unbutu-Ai-Chads-PC" duration="00:00:00.0018663" startTime="2025-09-13T14:03:54.1197067-04:00" endTime="2025-09-13T14:03:54.1208764-04:00" testType="13cdc9d9-ddb5-4fa4-a97d-d965ccfc6d4b" outcome="Passed" testListId="8c84fa94-04c1-424b-9868-57a2d4851a1d" relativeResultsDirectory="8a9fd9d5-6c33-4257-8a2c-ca302120b2aa" />
    <UnitTestResult executionId="944ca95f-f50a-4487-945d-53c8dfd68927" testId="3902fe4d-f17d-5d21-4746-ba713fd0b58c" testName="WitchCityRope.Infrastructure.Tests.PayPal.PayPalServiceTests.GetPaymentStatusAsync_Should_Return_Pending_Status" computerName="Unbutu-Ai-Chads-PC" duration="00:00:00.0158214" startTime="2025-09-13T14:03:54.0677731-04:00" endTime="2025-09-13T14:03:54.0835342-04:00" testType="13cdc9d9-ddb5-4fa4-a97d-d965ccfc6d4b" outcome="Passed" testListId="8c84fa94-04c1-424b-9868-57a2d4851a1d" relativeResultsDirectory="944ca95f-f50a-4487-945d-53c8dfd68927" />
    <UnitTestResult executionId="b1fab52d-76bb-4072-9a2a-079b3a73fb0b" testId="5e8c96b7-65ee-a96f-f5e0-222a2affc359" testName="WitchCityRope.Infrastructure.Tests.Security.EncryptionServiceTests.DecryptAsync_Should_Throw_For_Invalid_Base64" computerName="Unbutu-Ai-Chads-PC" duration="00:00:00.0210428" startTime="2025-09-13T14:03:53.9617341-04:00" endTime="2025-09-13T14:03:53.9617882-04:00" testType="13cdc9d9-ddb5-4fa4-a97d-d965ccfc6d4b" outcome="Passed" testListId="8c84fa94-04c1-424b-9868-57a2d4851a1d" relativeResultsDirectory="b1fab52d-76bb-4072-9a2a-079b3a73fb0b" />
    <UnitTestResult executionId="9686453a-38e6-44b4-904d-0ec0df21ed3c" testId="bd31f24b-8a56-ffab-1b6d-032aa810c6a3" testName="WitchCityRope.Infrastructure.Tests.Data.ComplexQueryTests.Should_Use_Compiled_Query_For_Performance" computerName="Unbutu-Ai-Chads-PC" duration="00:00:00.0010000" startTime="2025-09-13T14:03:55.0869402-04:00" endTime="2025-09-13T14:03:55.2435989-04:00" testType="13cdc9d9-ddb5-4fa4-a97d-d965ccfc6d4b" outcome="Failed" testListId="8c84fa94-04c1-424b-9868-57a2d4851a1d" relativeResultsDirectory="9686453a-38e6-44b4-904d-0ec0df21ed3c">
      <Output>
        <ErrorInfo>
          <Message>Microsoft.EntityFrameworkCore.DbUpdateException : An error occurred while saving the entity changes. See the inner exception for details.
---- Microsoft.Data.Sqlite.SqliteException : SQLite Error 19: 'NOT NULL constraint failed: Registrations.DietaryRestrictions'.</Message>
          <StackTrace>   at Microsoft.EntityFrameworkCore.Update.ReaderModificationCommandBatch.ExecuteAsync(IRelationalConnection connection, CancellationToken cancellationToken)
   at Microsoft.EntityFrameworkCore.Update.Internal.BatchExecutor.ExecuteAsync(IEnumerable`1 commandBatches, IRelationalConnection connection, CancellationToken cancellationToken)
   at Microsoft.EntityFrameworkCore.Update.Internal.BatchExecutor.ExecuteAsync(IEnumerable`1 commandBatches, IRelationalConnection connection, CancellationToken cancellationToken)
   at Microsoft.EntityFrameworkCore.Update.Internal.BatchExecutor.ExecuteAsync(IEnumerable`1 commandBatches, IRelationalConnection connection, CancellationToken cancellationToken)
   at Microsoft.EntityFrameworkCore.Storage.RelationalDatabase.SaveChangesAsync(IList`1 entries, CancellationToken cancellationToken)
   at Microsoft.EntityFrameworkCore.ChangeTracking.Internal.StateManager.SaveChangesAsync(IList`1 entriesToSave, CancellationToken cancellationToken)
   at Microsoft.EntityFrameworkCore.ChangeTracking.Internal.StateManager.SaveChangesAsync(StateManager stateManager, Boolean acceptAllChangesOnSuccess, CancellationToken cancellationToken)
   at Microsoft.EntityFrameworkCore.DbContext.SaveChangesAsync(Boolean acceptAllChangesOnSuccess, CancellationToken cancellationToken)
   at Microsoft.EntityFrameworkCore.DbContext.SaveChangesAsync(Boolean acceptAllChangesOnSuccess, CancellationToken cancellationToken)
   at WitchCityRope.Infrastructure.Data.WitchCityRopeDbContext.SaveChangesAsync(CancellationToken cancellationToken) in /home/chad/repos/witchcityrope-react/src/WitchCityRope.Infrastructure/Data/WitchCityRopeDbContext.cs:line 58
   at WitchCityRope.Infrastructure.Tests.Data.ComplexQueryTests.SeedDataAsync() in /home/chad/repos/witchcityrope-react/tests/WitchCityRope.Infrastructure.Tests/Data/ComplexQueryTests.cs:line 63
   at WitchCityRope.Infrastructure.Tests.Fixtures.IntegrationTestBase.InitializeAsync() in /home/chad/repos/witchcityrope-react/tests/WitchCityRope.Infrastructure.Tests/Fixtures/IntegrationTestBase.cs:line 41
----- Inner Stack Trace -----
   at Microsoft.Data.Sqlite.SqliteException.ThrowExceptionForRC(Int32 rc, sqlite3 db)
   at Microsoft.Data.Sqlite.SqliteDataReader.NextResult()
   at Microsoft.Data.Sqlite.SqliteCommand.ExecuteReader(CommandBehavior behavior)
   at Microsoft.Data.Sqlite.SqliteCommand.ExecuteReaderAsync(CommandBehavior behavior, CancellationToken cancellationToken)
   at Microsoft.Data.Sqlite.SqliteCommand.ExecuteDbDataReaderAsync(CommandBehavior behavior, CancellationToken cancellationToken)
   at Microsoft.EntityFrameworkCore.Storage.RelationalCommand.ExecuteReaderAsync(RelationalCommandParameterObject parameterObject, CancellationToken cancellationToken)
   at Microsoft.EntityFrameworkCore.Storage.RelationalCommand.ExecuteReaderAsync(RelationalCommandParameterObject parameterObject, CancellationToken cancellationToken)
   at Microsoft.EntityFrameworkCore.Update.ReaderModificationCommandBatch.ExecuteAsync(IRelationalConnection connection, CancellationToken cancellationToken)</StackTrace>
        </ErrorInfo>
      </Output>
    </UnitTestResult>
    <UnitTestResult executionId="254675bd-7684-4081-b4f0-2b40e5ce3a97" testId="69221b6b-5e06-008b-d928-3f77a40328a2" testName="WitchCityRope.Infrastructure.Tests.Data.WitchCityRopeDbContextTests.Should_Update_Audit_Fields_On_Modify" computerName="Unbutu-Ai-Chads-PC" duration="00:00:00.1119107" startTime="2025-09-13T14:03:55.3852168-04:00" endTime="2025-09-13T14:03:55.5473873-04:00" testType="13cdc9d9-ddb5-4fa4-a97d-d965ccfc6d4b" outcome="Passed" testListId="8c84fa94-04c1-424b-9868-57a2d4851a1d" relativeResultsDirectory="254675bd-7684-4081-b4f0-2b40e5ce3a97" />
    <UnitTestResult executionId="42b9963e-c1e7-4e46-b7aa-b1183ae2a204" testId="ce3791cd-d401-3567-856e-b206412930a4" testName="WitchCityRope.Infrastructure.Tests.Data.EntityConfigurationTests.Money_ValueObject_Should_Be_Stored_Correctly" computerName="Unbutu-Ai-Chads-PC" duration="00:00:00.0403052" startTime="2025-09-13T14:03:55.4449070-04:00" endTime="2025-09-13T14:03:55.5259383-04:00" testType="13cdc9d9-ddb5-4fa4-a97d-d965ccfc6d4b" outcome="Failed" testListId="8c84fa94-04c1-424b-9868-57a2d4851a1d" relativeResultsDirectory="42b9963e-c1e7-4e46-b7aa-b1183ae2a204">
      <Output>
        <ErrorInfo>
          <Message>Microsoft.EntityFrameworkCore.DbUpdateException : An error occurred while saving the entity changes. See the inner exception for details.
---- Microsoft.Data.Sqlite.SqliteException : SQLite Error 19: 'NOT NULL constraint failed: Registrations.DietaryRestrictions'.</Message>
          <StackTrace>   at Microsoft.EntityFrameworkCore.Update.ReaderModificationCommandBatch.ExecuteAsync(IRelationalConnection connection, CancellationToken cancellationToken)
   at Microsoft.EntityFrameworkCore.Update.Internal.BatchExecutor.ExecuteAsync(IEnumerable`1 commandBatches, IRelationalConnection connection, CancellationToken cancellationToken)
   at Microsoft.EntityFrameworkCore.Update.Internal.BatchExecutor.ExecuteAsync(IEnumerable`1 commandBatches, IRelationalConnection connection, CancellationToken cancellationToken)
   at Microsoft.EntityFrameworkCore.Update.Internal.BatchExecutor.ExecuteAsync(IEnumerable`1 commandBatches, IRelationalConnection connection, CancellationToken cancellationToken)
   at Microsoft.EntityFrameworkCore.Storage.RelationalDatabase.SaveChangesAsync(IList`1 entries, CancellationToken cancellationToken)
   at Microsoft.EntityFrameworkCore.ChangeTracking.Internal.StateManager.SaveChangesAsync(IList`1 entriesToSave, CancellationToken cancellationToken)
   at Microsoft.EntityFrameworkCore.ChangeTracking.Internal.StateManager.SaveChangesAsync(StateManager stateManager, Boolean acceptAllChangesOnSuccess, CancellationToken cancellationToken)
   at Microsoft.EntityFrameworkCore.DbContext.SaveChangesAsync(Boolean acceptAllChangesOnSuccess, CancellationToken cancellationToken)
   at Microsoft.EntityFrameworkCore.DbContext.SaveChangesAsync(Boolean acceptAllChangesOnSuccess, CancellationToken cancellationToken)
   at WitchCityRope.Infrastructure.Data.WitchCityRopeDbContext.SaveChangesAsync(CancellationToken cancellationToken) in /home/chad/repos/witchcityrope-react/src/WitchCityRope.Infrastructure/Data/WitchCityRopeDbContext.cs:line 58
   at WitchCityRope.Infrastructure.Tests.Data.EntityConfigurationTests.Money_ValueObject_Should_Be_Stored_Correctly() in /home/chad/repos/witchcityrope-react/tests/WitchCityRope.Infrastructure.Tests/Data/EntityConfigurationTests.cs:line 234
--- End of stack trace from previous location ---
----- Inner Stack Trace -----
   at Microsoft.Data.Sqlite.SqliteException.ThrowExceptionForRC(Int32 rc, sqlite3 db)
   at Microsoft.Data.Sqlite.SqliteDataReader.NextResult()
   at Microsoft.Data.Sqlite.SqliteCommand.ExecuteReader(CommandBehavior behavior)
   at Microsoft.Data.Sqlite.SqliteCommand.ExecuteReaderAsync(CommandBehavior behavior, CancellationToken cancellationToken)
   at Microsoft.Data.Sqlite.SqliteCommand.ExecuteDbDataReaderAsync(CommandBehavior behavior, CancellationToken cancellationToken)
   at Microsoft.EntityFrameworkCore.Storage.RelationalCommand.ExecuteReaderAsync(RelationalCommandParameterObject parameterObject, CancellationToken cancellationToken)
   at Microsoft.EntityFrameworkCore.Storage.RelationalCommand.ExecuteReaderAsync(RelationalCommandParameterObject parameterObject, CancellationToken cancellationToken)
   at Microsoft.EntityFrameworkCore.Update.ReaderModificationCommandBatch.ExecuteAsync(IRelationalConnection connection, CancellationToken cancellationToken)</StackTrace>
        </ErrorInfo>
      </Output>
    </UnitTestResult>
    <UnitTestResult executionId="11f049f4-c194-40b4-a7cb-e88209a1dddc" testId="b7600936-7750-95ea-d101-c63e591d45f7" testName="WitchCityRope.Infrastructure.Tests.Data.ComplexQueryTests.Should_Handle_Pagination_Correctly" computerName="Unbutu-Ai-Chads-PC" duration="00:00:00.0010000" startTime="2025-09-13T14:03:55.8653222-04:00" endTime="2025-09-13T14:03:55.9778682-04:00" testType="13cdc9d9-ddb5-4fa4-a97d-d965ccfc6d4b" outcome="Failed" testListId="8c84fa94-04c1-424b-9868-57a2d4851a1d" relativeResultsDirectory="11f049f4-c194-40b4-a7cb-e88209a1dddc">
      <Output>
        <ErrorInfo>
          <Message>Microsoft.EntityFrameworkCore.DbUpdateException : An error occurred while saving the entity changes. See the inner exception for details.
---- Microsoft.Data.Sqlite.SqliteException : SQLite Error 19: 'NOT NULL constraint failed: Registrations.DietaryRestrictions'.</Message>
          <StackTrace>   at Microsoft.EntityFrameworkCore.Update.ReaderModificationCommandBatch.ExecuteAsync(IRelationalConnection connection, CancellationToken cancellationToken)
   at Microsoft.EntityFrameworkCore.Update.Internal.BatchExecutor.ExecuteAsync(IEnumerable`1 commandBatches, IRelationalConnection connection, CancellationToken cancellationToken)
   at Microsoft.EntityFrameworkCore.Update.Internal.BatchExecutor.ExecuteAsync(IEnumerable`1 commandBatches, IRelationalConnection connection, CancellationToken cancellationToken)
   at Microsoft.EntityFrameworkCore.Update.Internal.BatchExecutor.ExecuteAsync(IEnumerable`1 commandBatches, IRelationalConnection connection, CancellationToken cancellationToken)
   at Microsoft.EntityFrameworkCore.Storage.RelationalDatabase.SaveChangesAsync(IList`1 entries, CancellationToken cancellationToken)
   at Microsoft.EntityFrameworkCore.ChangeTracking.Internal.StateManager.SaveChangesAsync(IList`1 entriesToSave, CancellationToken cancellationToken)
   at Microsoft.EntityFrameworkCore.ChangeTracking.Internal.StateManager.SaveChangesAsync(StateManager stateManager, Boolean acceptAllChangesOnSuccess, CancellationToken cancellationToken)
   at Microsoft.EntityFrameworkCore.DbContext.SaveChangesAsync(Boolean acceptAllChangesOnSuccess, CancellationToken cancellationToken)
   at Microsoft.EntityFrameworkCore.DbContext.SaveChangesAsync(Boolean acceptAllChangesOnSuccess, CancellationToken cancellationToken)
   at WitchCityRope.Infrastructure.Data.WitchCityRopeDbContext.SaveChangesAsync(CancellationToken cancellationToken) in /home/chad/repos/witchcityrope-react/src/WitchCityRope.Infrastructure/Data/WitchCityRopeDbContext.cs:line 58
   at WitchCityRope.Infrastructure.Tests.Data.ComplexQueryTests.SeedDataAsync() in /home/chad/repos/witchcityrope-react/tests/WitchCityRope.Infrastructure.Tests/Data/ComplexQueryTests.cs:line 63
   at WitchCityRope.Infrastructure.Tests.Fixtures.IntegrationTestBase.InitializeAsync() in /home/chad/repos/witchcityrope-react/tests/WitchCityRope.Infrastructure.Tests/Fixtures/IntegrationTestBase.cs:line 41
----- Inner Stack Trace -----
   at Microsoft.Data.Sqlite.SqliteException.ThrowExceptionForRC(Int32 rc, sqlite3 db)
   at Microsoft.Data.Sqlite.SqliteDataReader.NextResult()
   at Microsoft.Data.Sqlite.SqliteCommand.ExecuteReader(CommandBehavior behavior)
   at Microsoft.Data.Sqlite.SqliteCommand.ExecuteReaderAsync(CommandBehavior behavior, CancellationToken cancellationToken)
   at Microsoft.Data.Sqlite.SqliteCommand.ExecuteDbDataReaderAsync(CommandBehavior behavior, CancellationToken cancellationToken)
   at Microsoft.EntityFrameworkCore.Storage.RelationalCommand.ExecuteReaderAsync(RelationalCommandParameterObject parameterObject, CancellationToken cancellationToken)
   at Microsoft.EntityFrameworkCore.Storage.RelationalCommand.ExecuteReaderAsync(RelationalCommandParameterObject parameterObject, CancellationToken cancellationToken)
   at Microsoft.EntityFrameworkCore.Update.ReaderModificationCommandBatch.ExecuteAsync(IRelationalConnection connection, CancellationToken cancellationToken)</StackTrace>
        </ErrorInfo>
      </Output>
    </UnitTestResult>
    <UnitTestResult executionId="17c9a0b7-2d7d-4a2d-bb04-4d52419533fa" testId="c6348b7e-7455-a038-0d62-d669b4fb234b" testName="WitchCityRope.Infrastructure.Tests.Security.EncryptionServiceTests.Constructor_Should_Throw_When_Configuration_Is_Null" computerName="Unbutu-Ai-Chads-PC" duration="00:00:00.0005628" startTime="2025-09-13T14:03:53.9626966-04:00" endTime="2025-09-13T14:03:53.9627344-04:00" testType="13cdc9d9-ddb5-4fa4-a97d-d965ccfc6d4b" outcome="Passed" testListId="8c84fa94-04c1-424b-9868-57a2d4851a1d" relativeResultsDirectory="17c9a0b7-2d7d-4a2d-bb04-4d52419533fa" />
    <UnitTestResult executionId="c4be2f8c-4b4e-4aed-a536-aac90fbaec9d" testId="3b3ecbd9-1b3c-f621-f2e4-19cb21a63a18" testName="WitchCityRope.Infrastructure.Tests.Security.JwtTokenServiceTests.ValidateToken_Should_Return_Null_For_Wrong_Issuer" computerName="Unbutu-Ai-Chads-PC" duration="00:00:00.0010000" startTime="2025-09-13T14:03:53.9350156-04:00" endTime="2025-09-13T14:03:53.9350611-04:00" testType="13cdc9d9-ddb5-4fa4-a97d-d965ccfc6d4b" outcome="Failed" testListId="8c84fa94-04c1-424b-9868-57a2d4851a1d" relativeResultsDirectory="c4be2f8c-4b4e-4aed-a536-aac90fbaec9d">
      <Output>
        <ErrorInfo>
          <Message>System.InvalidOperationException : JWT secret key not configured</Message>
          <StackTrace>   at WitchCityRope.Infrastructure.Security.JwtTokenService..ctor(IConfiguration configuration) in /home/chad/repos/witchcityrope-react/src/WitchCityRope.Infrastructure/Security/JwtTokenService.cs:line 33
   at WitchCityRope.Infrastructure.Tests.Security.JwtTokenServiceTests..ctor() in /home/chad/repos/witchcityrope-react/tests/WitchCityRope.Infrastructure.Tests/Security/JwtTokenServiceTests.cs:line 35
   at System.RuntimeType.CreateInstanceDefaultCtor(Boolean publicOnly, Boolean wrapExceptions)</StackTrace>
        </ErrorInfo>
      </Output>
    </UnitTestResult>
    <UnitTestResult executionId="067c8d42-ecf8-4a83-9309-bf90815e2cc1" testId="de0a592c-30a6-23bd-e2fd-8c5dac12d560" testName="WitchCityRope.Infrastructure.Tests.Data.ConcurrencyTests.Should_Handle_Concurrent_Payment_Processing" computerName="Unbutu-Ai-Chads-PC" duration="00:00:00.0070422" startTime="2025-09-13T14:03:55.1848083-04:00" endTime="2025-09-13T14:03:55.2500645-04:00" testType="13cdc9d9-ddb5-4fa4-a97d-d965ccfc6d4b" outcome="Failed" testListId="8c84fa94-04c1-424b-9868-57a2d4851a1d" relativeResultsDirectory="067c8d42-ecf8-4a83-9309-bf90815e2cc1">
      <Output>
        <ErrorInfo>
          <Message>Microsoft.EntityFrameworkCore.DbUpdateException : An error occurred while saving the entity changes. See the inner exception for details.
---- Microsoft.Data.Sqlite.SqliteException : SQLite Error 19: 'NOT NULL constraint failed: Registrations.DietaryRestrictions'.</Message>
          <StackTrace>   at Microsoft.EntityFrameworkCore.Update.ReaderModificationCommandBatch.ExecuteAsync(IRelationalConnection connection, CancellationToken cancellationToken)
   at Microsoft.EntityFrameworkCore.Update.Internal.BatchExecutor.ExecuteAsync(IEnumerable`1 commandBatches, IRelationalConnection connection, CancellationToken cancellationToken)
   at Microsoft.EntityFrameworkCore.Update.Internal.BatchExecutor.ExecuteAsync(IEnumerable`1 commandBatches, IRelationalConnection connection, CancellationToken cancellationToken)
   at Microsoft.EntityFrameworkCore.Update.Internal.BatchExecutor.ExecuteAsync(IEnumerable`1 commandBatches, IRelationalConnection connection, CancellationToken cancellationToken)
   at Microsoft.EntityFrameworkCore.Storage.RelationalDatabase.SaveChangesAsync(IList`1 entries, CancellationToken cancellationToken)
   at Microsoft.EntityFrameworkCore.ChangeTracking.Internal.StateManager.SaveChangesAsync(IList`1 entriesToSave, CancellationToken cancellationToken)
   at Microsoft.EntityFrameworkCore.ChangeTracking.Internal.StateManager.SaveChangesAsync(StateManager stateManager, Boolean acceptAllChangesOnSuccess, CancellationToken cancellationToken)
   at Microsoft.EntityFrameworkCore.DbContext.SaveChangesAsync(Boolean acceptAllChangesOnSuccess, CancellationToken cancellationToken)
   at Microsoft.EntityFrameworkCore.DbContext.SaveChangesAsync(Boolean acceptAllChangesOnSuccess, CancellationToken cancellationToken)
   at WitchCityRope.Infrastructure.Data.WitchCityRopeDbContext.SaveChangesAsync(CancellationToken cancellationToken) in /home/chad/repos/witchcityrope-react/src/WitchCityRope.Infrastructure/Data/WitchCityRopeDbContext.cs:line 58
   at WitchCityRope.Infrastructure.Tests.Data.ConcurrencyTests.Should_Handle_Concurrent_Payment_Processing() in /home/chad/repos/witchcityrope-react/tests/WitchCityRope.Infrastructure.Tests/Data/ConcurrencyTests.cs:line 126
--- End of stack trace from previous location ---
----- Inner Stack Trace -----
   at Microsoft.Data.Sqlite.SqliteException.ThrowExceptionForRC(Int32 rc, sqlite3 db)
   at Microsoft.Data.Sqlite.SqliteDataReader.NextResult()
   at Microsoft.Data.Sqlite.SqliteCommand.ExecuteReader(CommandBehavior behavior)
   at Microsoft.Data.Sqlite.SqliteCommand.ExecuteReaderAsync(CommandBehavior behavior, CancellationToken cancellationToken)
   at Microsoft.Data.Sqlite.SqliteCommand.ExecuteDbDataReaderAsync(CommandBehavior behavior, CancellationToken cancellationToken)
   at Microsoft.EntityFrameworkCore.Storage.RelationalCommand.ExecuteReaderAsync(RelationalCommandParameterObject parameterObject, CancellationToken cancellationToken)
   at Microsoft.EntityFrameworkCore.Storage.RelationalCommand.ExecuteReaderAsync(RelationalCommandParameterObject parameterObject, CancellationToken cancellationToken)
   at Microsoft.EntityFrameworkCore.Update.ReaderModificationCommandBatch.ExecuteAsync(IRelationalConnection connection, CancellationToken cancellationToken)</StackTrace>
        </ErrorInfo>
      </Output>
    </UnitTestResult>
    <UnitTestResult executionId="13610e31-4d74-4c3e-aeb6-a6a20f0e0511" testId="8133405e-c560-589e-36b6-e77878c35041" testName="WitchCityRope.Infrastructure.Tests.Email.EmailServiceTests.Should_Use_Default_From_Email_When_Not_Searched" computerName="Unbutu-Ai-Chads-PC" duration="00:00:00.0010000" startTime="2025-09-13T14:03:53.9160043-04:00" endTime="2025-09-13T14:03:53.9160259-04:00" testType="13cdc9d9-ddb5-4fa4-a97d-d965ccfc6d4b" outcome="NotExecuted" testListId="8c84fa94-04c1-424b-9868-57a2d4851a1d" relativeResultsDirectory="13610e31-4d74-4c3e-aeb6-a6a20f0e0511">
      <Output>
        <ErrorInfo>
          <Message>Email service not implemented yet - will be needed when email features are built</Message>
        </ErrorInfo>
      </Output>
    </UnitTestResult>
    <UnitTestResult executionId="e1dbb2ab-c014-43aa-a16a-d97c17ca5529" testId="5b0a3d64-a64f-8568-d161-26c211e26ebb" testName="WitchCityRope.Infrastructure.Tests.Data.ConcurrencyTests.Should_Handle_Concurrent_Event_Registration" computerName="Unbutu-Ai-Chads-PC" duration="00:00:00.0384886" startTime="2025-09-13T14:03:55.6349341-04:00" endTime="2025-09-13T14:03:55.7262851-04:00" testType="13cdc9d9-ddb5-4fa4-a97d-d965ccfc6d4b" outcome="Failed" testListId="8c84fa94-04c1-424b-9868-57a2d4851a1d" relativeResultsDirectory="e1dbb2ab-c014-43aa-a16a-d97c17ca5529">
      <Output>
        <ErrorInfo>
          <Message>System.InvalidOperationException : Sequence contains no elements</Message>
          <StackTrace>   at System.Linq.ThrowHelper.ThrowNoElementsException()
   at lambda_method2579(Closure)
   at Microsoft.EntityFrameworkCore.InMemory.Query.Internal.InMemoryQueryExpression.ResultEnumerable.GetEnumerator()
   at Microsoft.EntityFrameworkCore.InMemory.Query.Internal.InMemoryShapedQueryCompilingExpressionVisitor.QueryingEnumerable`1.Enumerator.MoveNextHelper()
   at Microsoft.EntityFrameworkCore.InMemory.Query.Internal.InMemoryShapedQueryCompilingExpressionVisitor.QueryingEnumerable`1.Enumerator.MoveNextAsync()
   at Microsoft.EntityFrameworkCore.Query.ShapedQueryCompilingExpressionVisitor.SingleAsync[TSource](IAsyncEnumerable`1 asyncEnumerable, CancellationToken cancellationToken)
   at Microsoft.EntityFrameworkCore.Query.ShapedQueryCompilingExpressionVisitor.SingleAsync[TSource](IAsyncEnumerable`1 asyncEnumerable, CancellationToken cancellationToken)
   at WitchCityRope.Infrastructure.Tests.Data.ConcurrencyTests.&lt;&gt;c__DisplayClass1_1.&lt;&lt;Should_Handle_Concurrent_Event_Registration&gt;b__1&gt;d.MoveNext() in /home/chad/repos/witchcityrope-react/tests/WitchCityRope.Infrastructure.Tests/Data/ConcurrencyTests.cs:line 72
--- End of stack trace from previous location ---
   at WitchCityRope.Infrastructure.Tests.Data.ConcurrencyTests.Should_Handle_Concurrent_Event_Registration() in /home/chad/repos/witchcityrope-react/tests/WitchCityRope.Infrastructure.Tests/Data/ConcurrencyTests.cs:line 107
--- End of stack trace from previous location ---</StackTrace>
        </ErrorInfo>
      </Output>
    </UnitTestResult>
    <UnitTestResult executionId="c840cea3-08ec-48bc-a653-43676faea472" testId="199dcea0-5846-b170-48cb-cb699aae60f1" testName="WitchCityRope.Infrastructure.Tests.HealthChecks.ServiceHealthCheckTests.VerifyReactDevServerIsAccessible" computerName="Unbutu-Ai-Chads-PC" duration="00:00:00.0419479" startTime="2025-09-13T14:03:54.0461846-04:00" endTime="2025-09-13T14:03:54.0858033-04:00" testType="13cdc9d9-ddb5-4fa4-a97d-d965ccfc6d4b" outcome="Passed" testListId="8c84fa94-04c1-424b-9868-57a2d4851a1d" relativeResultsDirectory="c840cea3-08ec-48bc-a653-43676faea472">
      <Output>
        <StdOut>✅ React dev server is accessible at http://localhost:5173</StdOut>
      </Output>
    </UnitTestResult>
    <UnitTestResult executionId="6a279127-d531-4349-8c06-948d4a143da5" testId="3afe0f4f-66e8-c918-74b9-e20778e75e86" testName="WitchCityRope.Infrastructure.Tests.PayPal.PayPalServiceTests.ProcessPaymentAsync_Should_Return_Success_Result" computerName="Unbutu-Ai-Chads-PC" duration="00:00:00.0207596" startTime="2025-09-13T14:03:54.0922232-04:00" endTime="2025-09-13T14:03:54.1127928-04:00" testType="13cdc9d9-ddb5-4fa4-a97d-d965ccfc6d4b" outcome="Passed" testListId="8c84fa94-04c1-424b-9868-57a2d4851a1d" relativeResultsDirectory="6a279127-d531-4349-8c06-948d4a143da5" />
    <UnitTestResult executionId="215efc6c-cbb2-45d1-b797-72fc7cbabfc5" testId="0cf7ed9f-4d8e-2f0c-2cb2-fcd1f0c857e6" testName="WitchCityRope.Infrastructure.Tests.Data.ConcurrencyTests.Should_Handle_Optimistic_Concurrency_With_RowVersion" computerName="Unbutu-Ai-Chads-PC" duration="00:00:00.0066896" startTime="2025-09-13T14:03:55.5752604-04:00" endTime="2025-09-13T14:03:55.6338683-04:00" testType="13cdc9d9-ddb5-4fa4-a97d-d965ccfc6d4b" outcome="Failed" testListId="8c84fa94-04c1-424b-9868-57a2d4851a1d" relativeResultsDirectory="215efc6c-cbb2-45d1-b797-72fc7cbabfc5">
      <Output>
        <ErrorInfo>
          <Message>System.InvalidOperationException : Sequence contains no elements</Message>
          <StackTrace>   at System.Linq.ThrowHelper.ThrowNoElementsException()
   at lambda_method1264(Closure)
   at Microsoft.EntityFrameworkCore.InMemory.Query.Internal.InMemoryQueryExpression.ResultEnumerable.GetEnumerator()
   at Microsoft.EntityFrameworkCore.InMemory.Query.Internal.InMemoryShapedQueryCompilingExpressionVisitor.QueryingEnumerable`1.Enumerator.MoveNextHelper()
   at Microsoft.EntityFrameworkCore.InMemory.Query.Internal.InMemoryShapedQueryCompilingExpressionVisitor.QueryingEnumerable`1.Enumerator.MoveNextAsync()
   at Microsoft.EntityFrameworkCore.Query.ShapedQueryCompilingExpressionVisitor.SingleAsync[TSource](IAsyncEnumerable`1 asyncEnumerable, CancellationToken cancellationToken)
   at Microsoft.EntityFrameworkCore.Query.ShapedQueryCompilingExpressionVisitor.SingleAsync[TSource](IAsyncEnumerable`1 asyncEnumerable, CancellationToken cancellationToken)
   at WitchCityRope.Infrastructure.Tests.Data.ConcurrencyTests.Should_Handle_Optimistic_Concurrency_With_RowVersion() in /home/chad/repos/witchcityrope-react/tests/WitchCityRope.Infrastructure.Tests/Data/ConcurrencyTests.cs:line 32
--- End of stack trace from previous location ---</StackTrace>
        </ErrorInfo>
      </Output>
    </UnitTestResult>
    <UnitTestResult executionId="bd232456-e128-4df6-a677-c3e3b19935f7" testId="1390353e-4e0e-3135-81d6-685a745aa5fb" testName="WitchCityRope.Infrastructure.Tests.Security.EncryptionServiceTests.Hash_Should_Create_BCrypt_Hash" computerName="Unbutu-Ai-Chads-PC" duration="00:00:00.4397457" startTime="2025-09-13T14:03:55.7402979-04:00" endTime="2025-09-13T14:03:56.1800630-04:00" testType="13cdc9d9-ddb5-4fa4-a97d-d965ccfc6d4b" outcome="Passed" testListId="8c84fa94-04c1-424b-9868-57a2d4851a1d" relativeResultsDirectory="bd232456-e128-4df6-a677-c3e3b19935f7" />
    <UnitTestResult executionId="adeeeac7-5d6a-452f-af28-fc23d6350162" testId="121b47a1-7650-eac0-8814-509934e34c51" testName="WitchCityRope.Infrastructure.Tests.Security.JwtTokenServiceTests.GenerateToken_Should_Set_Correct_Expiration" computerName="Unbutu-Ai-Chads-PC" duration="00:00:00.0010000" startTime="2025-09-13T14:03:53.9597839-04:00" endTime="2025-09-13T14:03:53.9598232-04:00" testType="13cdc9d9-ddb5-4fa4-a97d-d965ccfc6d4b" outcome="Failed" testListId="8c84fa94-04c1-424b-9868-57a2d4851a1d" relativeResultsDirectory="adeeeac7-5d6a-452f-af28-fc23d6350162">
      <Output>
        <ErrorInfo>
          <Message>System.InvalidOperationException : JWT secret key not configured</Message>
          <StackTrace>   at WitchCityRope.Infrastructure.Security.JwtTokenService..ctor(IConfiguration configuration) in /home/chad/repos/witchcityrope-react/src/WitchCityRope.Infrastructure/Security/JwtTokenService.cs:line 33
   at WitchCityRope.Infrastructure.Tests.Security.JwtTokenServiceTests..ctor() in /home/chad/repos/witchcityrope-react/tests/WitchCityRope.Infrastructure.Tests/Security/JwtTokenServiceTests.cs:line 35
   at System.RuntimeType.CreateInstanceDefaultCtor(Boolean publicOnly, Boolean wrapExceptions)</StackTrace>
        </ErrorInfo>
      </Output>
    </UnitTestResult>
    <UnitTestResult executionId="fd7d50da-116d-4895-8008-cf3b3f129c67" testId="2dee0c93-c326-e436-b53d-0e74105a9590" testName="WitchCityRope.Infrastructure.Tests.Email.EmailServiceTests.SendEmailAsync_Should_Send_PlainText_Email_When_IsHtml_Is_False" computerName="Unbutu-Ai-Chads-PC" duration="00:00:00.0010000" startTime="2025-09-13T14:03:53.9165103-04:00" endTime="2025-09-13T14:03:53.9165356-04:00" testType="13cdc9d9-ddb5-4fa4-a97d-d965ccfc6d4b" outcome="NotExecuted" testListId="8c84fa94-04c1-424b-9868-57a2d4851a1d" relativeResultsDirectory="fd7d50da-116d-4895-8008-cf3b3f129c67">
      <Output>
        <ErrorInfo>
          <Message>Email service not implemented yet - will be needed when email features are built</Message>
        </ErrorInfo>
      </Output>
    </UnitTestResult>
    <UnitTestResult executionId="d4bae06e-66df-4e45-a090-a0c849229a4d" testId="69fe012a-82fe-3708-098d-5cd009a2da67" testName="WitchCityRope.Infrastructure.Tests.Security.EncryptionServiceTests.DecryptAsync_Should_Return_Empty_String_For_Empty_Input" computerName="Unbutu-Ai-Chads-PC" duration="00:00:00.0005416" startTime="2025-09-13T14:03:57.0273452-04:00" endTime="2025-09-13T14:03:57.0276064-04:00" testType="13cdc9d9-ddb5-4fa4-a97d-d965ccfc6d4b" outcome="Passed" testListId="8c84fa94-04c1-424b-9868-57a2d4851a1d" relativeResultsDirectory="d4bae06e-66df-4e45-a090-a0c849229a4d" />
    <UnitTestResult executionId="a1079d2c-4b68-4f16-b44f-5b01cfc4fb63" testId="cdbfe0a8-e401-5845-0974-d3e362e0c484" testName="WitchCityRope.Infrastructure.Tests.Email.EmailServiceTests.SendEmailAsync_Should_Return_False_When_SendGrid_Fails" computerName="Unbutu-Ai-Chads-PC" duration="00:00:00.0010000" startTime="2025-09-13T14:03:53.9144612-04:00" endTime="2025-09-13T14:03:53.9145330-04:00" testType="13cdc9d9-ddb5-4fa4-a97d-d965ccfc6d4b" outcome="NotExecuted" testListId="8c84fa94-04c1-424b-9868-57a2d4851a1d" relativeResultsDirectory="a1079d2c-4b68-4f16-b44f-5b01cfc4fb63">
      <Output>
        <ErrorInfo>
          <Message>Email service not implemented yet - will be needed when email features are built</Message>
        </ErrorInfo>
      </Output>
    </UnitTestResult>
    <UnitTestResult executionId="797cd787-2871-424e-824a-24c2185ebe3e" testId="4ff4f6ae-7162-7b49-f15b-0e6d2c38da7f" testName="WitchCityRope.Infrastructure.Tests.Security.EncryptionServiceTests.Hash_Should_Throw_For_Empty_Input" computerName="Unbutu-Ai-Chads-PC" duration="00:00:00.0006152" startTime="2025-09-13T14:03:53.9625491-04:00" endTime="2025-09-13T14:03:53.9625908-04:00" testType="13cdc9d9-ddb5-4fa4-a97d-d965ccfc6d4b" outcome="Passed" testListId="8c84fa94-04c1-424b-9868-57a2d4851a1d" relativeResultsDirectory="797cd787-2871-424e-824a-24c2185ebe3e" />
    <UnitTestResult executionId="1edaefc1-2aaa-4b54-bda6-2a2782b06cbf" testId="2e295478-e22d-9437-5e20-58c9801b1053" testName="WitchCityRope.Infrastructure.Tests.Data.EntityConfigurationTests.VettingApplication_User_Relationship_Should_Be_Configured_Correctly" computerName="Unbutu-Ai-Chads-PC" duration="00:00:00.0045889" startTime="2025-09-13T14:03:55.5272680-04:00" endTime="2025-09-13T14:03:55.5753110-04:00" testType="13cdc9d9-ddb5-4fa4-a97d-d965ccfc6d4b" outcome="Failed" testListId="8c84fa94-04c1-424b-9868-57a2d4851a1d" relativeResultsDirectory="1edaefc1-2aaa-4b54-bda6-2a2782b06cbf">
      <Output>
        <ErrorInfo>
          <Message>Microsoft.EntityFrameworkCore.DbUpdateException : An error occurred while saving the entity changes. See the inner exception for details.
---- Microsoft.Data.Sqlite.SqliteException : SQLite Error 19: 'NOT NULL constraint failed: VettingApplications.ExperienceDescription'.</Message>
          <StackTrace>   at Microsoft.EntityFrameworkCore.Update.ReaderModificationCommandBatch.ExecuteAsync(IRelationalConnection connection, CancellationToken cancellationToken)
   at Microsoft.EntityFrameworkCore.Update.Internal.BatchExecutor.ExecuteAsync(IEnumerable`1 commandBatches, IRelationalConnection connection, CancellationToken cancellationToken)
   at Microsoft.EntityFrameworkCore.Update.Internal.BatchExecutor.ExecuteAsync(IEnumerable`1 commandBatches, IRelationalConnection connection, CancellationToken cancellationToken)
   at Microsoft.EntityFrameworkCore.Update.Internal.BatchExecutor.ExecuteAsync(IEnumerable`1 commandBatches, IRelationalConnection connection, CancellationToken cancellationToken)
   at Microsoft.EntityFrameworkCore.Storage.RelationalDatabase.SaveChangesAsync(IList`1 entries, CancellationToken cancellationToken)
   at Microsoft.EntityFrameworkCore.ChangeTracking.Internal.StateManager.SaveChangesAsync(IList`1 entriesToSave, CancellationToken cancellationToken)
   at Microsoft.EntityFrameworkCore.ChangeTracking.Internal.StateManager.SaveChangesAsync(StateManager stateManager, Boolean acceptAllChangesOnSuccess, CancellationToken cancellationToken)
   at Microsoft.EntityFrameworkCore.DbContext.SaveChangesAsync(Boolean acceptAllChangesOnSuccess, CancellationToken cancellationToken)
   at Microsoft.EntityFrameworkCore.DbContext.SaveChangesAsync(Boolean acceptAllChangesOnSuccess, CancellationToken cancellationToken)
   at WitchCityRope.Infrastructure.Data.WitchCityRopeDbContext.SaveChangesAsync(CancellationToken cancellationToken) in /home/chad/repos/witchcityrope-react/src/WitchCityRope.Infrastructure/Data/WitchCityRopeDbContext.cs:line 58
   at WitchCityRope.Infrastructure.Tests.Data.EntityConfigurationTests.VettingApplication_User_Relationship_Should_Be_Configured_Correctly() in /home/chad/repos/witchcityrope-react/tests/WitchCityRope.Infrastructure.Tests/Data/EntityConfigurationTests.cs:line 143
--- End of stack trace from previous location ---
----- Inner Stack Trace -----
   at Microsoft.Data.Sqlite.SqliteException.ThrowExceptionForRC(Int32 rc, sqlite3 db)
   at Microsoft.Data.Sqlite.SqliteDataReader.NextResult()
   at Microsoft.Data.Sqlite.SqliteCommand.ExecuteReader(CommandBehavior behavior)
   at Microsoft.Data.Sqlite.SqliteCommand.ExecuteReaderAsync(CommandBehavior behavior, CancellationToken cancellationToken)
   at Microsoft.Data.Sqlite.SqliteCommand.ExecuteDbDataReaderAsync(CommandBehavior behavior, CancellationToken cancellationToken)
   at Microsoft.EntityFrameworkCore.Storage.RelationalCommand.ExecuteReaderAsync(RelationalCommandParameterObject parameterObject, CancellationToken cancellationToken)
   at Microsoft.EntityFrameworkCore.Storage.RelationalCommand.ExecuteReaderAsync(RelationalCommandParameterObject parameterObject, CancellationToken cancellationToken)
   at Microsoft.EntityFrameworkCore.Update.ReaderModificationCommandBatch.ExecuteAsync(IRelationalConnection connection, CancellationToken cancellationToken)</StackTrace>
        </ErrorInfo>
      </Output>
    </UnitTestResult>
    <UnitTestResult executionId="4f7c6539-911d-4550-ac6e-5d9fee8c8e1e" testId="58073b91-70b6-9fb3-000c-90ec0c036dad" testName="WitchCityRope.Infrastructure.Tests.Data.ComplexQueryTests.Should_Query_Event_Statistics" computerName="Unbutu-Ai-Chads-PC" duration="00:00:00.0010000" startTime="2025-09-13T14:03:55.2449038-04:00" endTime="2025-09-13T14:03:55.4081618-04:00" testType="13cdc9d9-ddb5-4fa4-a97d-d965ccfc6d4b" outcome="Failed" testListId="8c84fa94-04c1-424b-9868-57a2d4851a1d" relativeResultsDirectory="4f7c6539-911d-4550-ac6e-5d9fee8c8e1e">
      <Output>
        <ErrorInfo>
          <Message>Microsoft.EntityFrameworkCore.DbUpdateException : An error occurred while saving the entity changes. See the inner exception for details.
---- Microsoft.Data.Sqlite.SqliteException : SQLite Error 19: 'NOT NULL constraint failed: Registrations.DietaryRestrictions'.</Message>
          <StackTrace>   at Microsoft.EntityFrameworkCore.Update.ReaderModificationCommandBatch.ExecuteAsync(IRelationalConnection connection, CancellationToken cancellationToken)
   at Microsoft.EntityFrameworkCore.Update.Internal.BatchExecutor.ExecuteAsync(IEnumerable`1 commandBatches, IRelationalConnection connection, CancellationToken cancellationToken)
   at Microsoft.EntityFrameworkCore.Update.Internal.BatchExecutor.ExecuteAsync(IEnumerable`1 commandBatches, IRelationalConnection connection, CancellationToken cancellationToken)
   at Microsoft.EntityFrameworkCore.Update.Internal.BatchExecutor.ExecuteAsync(IEnumerable`1 commandBatches, IRelationalConnection connection, CancellationToken cancellationToken)
   at Microsoft.EntityFrameworkCore.Storage.RelationalDatabase.SaveChangesAsync(IList`1 entries, CancellationToken cancellationToken)
   at Microsoft.EntityFrameworkCore.ChangeTracking.Internal.StateManager.SaveChangesAsync(IList`1 entriesToSave, CancellationToken cancellationToken)
   at Microsoft.EntityFrameworkCore.ChangeTracking.Internal.StateManager.SaveChangesAsync(StateManager stateManager, Boolean acceptAllChangesOnSuccess, CancellationToken cancellationToken)
   at Microsoft.EntityFrameworkCore.DbContext.SaveChangesAsync(Boolean acceptAllChangesOnSuccess, CancellationToken cancellationToken)
   at Microsoft.EntityFrameworkCore.DbContext.SaveChangesAsync(Boolean acceptAllChangesOnSuccess, CancellationToken cancellationToken)
   at WitchCityRope.Infrastructure.Data.WitchCityRopeDbContext.SaveChangesAsync(CancellationToken cancellationToken) in /home/chad/repos/witchcityrope-react/src/WitchCityRope.Infrastructure/Data/WitchCityRopeDbContext.cs:line 58
   at WitchCityRope.Infrastructure.Tests.Data.ComplexQueryTests.SeedDataAsync() in /home/chad/repos/witchcityrope-react/tests/WitchCityRope.Infrastructure.Tests/Data/ComplexQueryTests.cs:line 63
   at WitchCityRope.Infrastructure.Tests.Fixtures.IntegrationTestBase.InitializeAsync() in /home/chad/repos/witchcityrope-react/tests/WitchCityRope.Infrastructure.Tests/Fixtures/IntegrationTestBase.cs:line 41
----- Inner Stack Trace -----
   at Microsoft.Data.Sqlite.SqliteException.ThrowExceptionForRC(Int32 rc, sqlite3 db)
   at Microsoft.Data.Sqlite.SqliteDataReader.NextResult()
   at Microsoft.Data.Sqlite.SqliteCommand.ExecuteReader(CommandBehavior behavior)
   at Microsoft.Data.Sqlite.SqliteCommand.ExecuteReaderAsync(CommandBehavior behavior, CancellationToken cancellationToken)
   at Microsoft.Data.Sqlite.SqliteCommand.ExecuteDbDataReaderAsync(CommandBehavior behavior, CancellationToken cancellationToken)
   at Microsoft.EntityFrameworkCore.Storage.RelationalCommand.ExecuteReaderAsync(RelationalCommandParameterObject parameterObject, CancellationToken cancellationToken)
   at Microsoft.EntityFrameworkCore.Storage.RelationalCommand.ExecuteReaderAsync(RelationalCommandParameterObject parameterObject, CancellationToken cancellationToken)
   at Microsoft.EntityFrameworkCore.Update.ReaderModificationCommandBatch.ExecuteAsync(IRelationalConnection connection, CancellationToken cancellationToken)</StackTrace>
        </ErrorInfo>
      </Output>
    </UnitTestResult>
    <UnitTestResult executionId="747f4268-2af0-4e17-b48b-ebe48d23ed8a" testId="41ae648d-7fc7-ba2f-c06a-44229c2bffd5" testName="WitchCityRope.Infrastructure.Tests.Security.EncryptionServiceTests.DecryptAsync_Should_Return_Null_For_Null_Input" computerName="Unbutu-Ai-Chads-PC" duration="00:00:00.0153207" startTime="2025-09-13T14:03:53.8733499-04:00" endTime="2025-09-13T14:03:53.9608492-04:00" testType="13cdc9d9-ddb5-4fa4-a97d-d965ccfc6d4b" outcome="Passed" testListId="8c84fa94-04c1-424b-9868-57a2d4851a1d" relativeResultsDirectory="747f4268-2af0-4e17-b48b-ebe48d23ed8a" />
    <UnitTestResult executionId="f84485f4-dcec-493b-b21d-9379d866305e" testId="3678ad7d-a25e-86f2-08f3-061f2d41eeb9" testName="WitchCityRope.Infrastructure.Tests.Security.EncryptionServiceTests.Hash_Should_Throw_For_Null_Input" computerName="Unbutu-Ai-Chads-PC" duration="00:00:00.0025315" startTime="2025-09-13T14:03:53.9618877-04:00" endTime="2025-09-13T14:03:53.9619269-04:00" testType="13cdc9d9-ddb5-4fa4-a97d-d965ccfc6d4b" outcome="Passed" testListId="8c84fa94-04c1-424b-9868-57a2d4851a1d" relativeResultsDirectory="f84485f4-dcec-493b-b21d-9379d866305e" />
  </Results>
  <TestDefinitions>
    <UnitTest name="WitchCityRope.Infrastructure.Tests.Security.EncryptionServiceTests.Hash_Should_Throw_For_Empty_Input" storage="/home/chad/repos/witchcityrope-react/tests/witchcityrope.infrastructure.tests/bin/debug/net9.0/witchcityrope.infrastructure.tests.dll" id="4ff4f6ae-7162-7b49-f15b-0e6d2c38da7f">
      <Execution id="797cd787-2871-424e-824a-24c2185ebe3e" />
      <TestMethod codeBase="/home/chad/repos/witchcityrope-react/tests/WitchCityRope.Infrastructure.Tests/bin/Debug/net9.0/WitchCityRope.Infrastructure.Tests.dll" adapterTypeName="executor://xunit/VsTestRunner3/netcore/" className="WitchCityRope.Infrastructure.Tests.Security.EncryptionServiceTests" name="Hash_Should_Throw_For_Empty_Input" />
    </UnitTest>
    <UnitTest name="WitchCityRope.Infrastructure.Tests.Data.MigrationTests.Model_Should_Match_Database_Schema" storage="/home/chad/repos/witchcityrope-react/tests/witchcityrope.infrastructure.tests/bin/debug/net9.0/witchcityrope.infrastructure.tests.dll" id="ff4e921f-20b7-1709-b98d-0805a1ad4ff6">
      <Execution id="65eabbd4-760a-4ed3-8844-1f5d3eac8ba8" />
      <TestMethod codeBase="/home/chad/repos/witchcityrope-react/tests/WitchCityRope.Infrastructure.Tests/bin/Debug/net9.0/WitchCityRope.Infrastructure.Tests.dll" adapterTypeName="executor://xunit/VsTestRunner3/netcore/" className="WitchCityRope.Infrastructure.Tests.Data.MigrationTests" name="Model_Should_Match_Database_Schema" />
    </UnitTest>
    <UnitTest name="WitchCityRope.Infrastructure.Tests.Data.EntityConfigurationTests.VettingApplication_User_Relationship_Should_Be_Configured_Correctly" storage="/home/chad/repos/witchcityrope-react/tests/witchcityrope.infrastructure.tests/bin/debug/net9.0/witchcityrope.infrastructure.tests.dll" id="2e295478-e22d-9437-5e20-58c9801b1053">
      <Execution id="1edaefc1-2aaa-4b54-bda6-2a2782b06cbf" />
      <TestMethod codeBase="/home/chad/repos/witchcityrope-react/tests/WitchCityRope.Infrastructure.Tests/bin/Debug/net9.0/WitchCityRope.Infrastructure.Tests.dll" adapterTypeName="executor://xunit/VsTestRunner3/netcore/" className="WitchCityRope.Infrastructure.Tests.Data.EntityConfigurationTests" name="VettingApplication_User_Relationship_Should_Be_Configured_Correctly" />
    </UnitTest>
    <UnitTest name="WitchCityRope.Infrastructure.Tests.Data.MigrationTests.Should_Create_All_Expected_Tables" storage="/home/chad/repos/witchcityrope-react/tests/witchcityrope.infrastructure.tests/bin/debug/net9.0/witchcityrope.infrastructure.tests.dll" id="433cedb3-2a7e-2070-b4b6-ff055a4203c2">
      <Execution id="c8028d03-01c6-437b-b602-3513fc313548" />
      <TestMethod codeBase="/home/chad/repos/witchcityrope-react/tests/WitchCityRope.Infrastructure.Tests/bin/Debug/net9.0/WitchCityRope.Infrastructure.Tests.dll" adapterTypeName="executor://xunit/VsTestRunner3/netcore/" className="WitchCityRope.Infrastructure.Tests.Data.MigrationTests" name="Should_Create_All_Expected_Tables" />
    </UnitTest>
    <UnitTest name="WitchCityRope.Infrastructure.Tests.Email.EmailServiceTests.SendEmailAsync_Should_Send_PlainText_Email_When_IsHtml_Is_False" storage="/home/chad/repos/witchcityrope-react/tests/witchcityrope.infrastructure.tests/bin/debug/net9.0/witchcityrope.infrastructure.tests.dll" id="2dee0c93-c326-e436-b53d-0e74105a9590">
      <Properties>
        <Property Key="Category" Value="SkippedFeature" />
      </Properties>
      <Execution id="fd7d50da-116d-4895-8008-cf3b3f129c67" />
      <TestMethod codeBase="/home/chad/repos/witchcityrope-react/tests/WitchCityRope.Infrastructure.Tests/bin/Debug/net9.0/WitchCityRope.Infrastructure.Tests.dll" adapterTypeName="executor://xunit/VsTestRunner3/netcore/" className="WitchCityRope.Infrastructure.Tests.Email.EmailServiceTests" name="SendEmailAsync_Should_Send_PlainText_Email_When_IsHtml_Is_False" />
    </UnitTest>
    <UnitTest name="WitchCityRope.Infrastructure.Tests.Security.EncryptionServiceTests.Encryption_Should_Fail_With_Different_Keys" storage="/home/chad/repos/witchcityrope-react/tests/witchcityrope.infrastructure.tests/bin/debug/net9.0/witchcityrope.infrastructure.tests.dll" id="e21cd5c6-324b-c676-dab9-0bd35c2ac14e">
      <Execution id="cfba1659-8ef6-42b0-ba3a-fad7b04a06e5" />
      <TestMethod codeBase="/home/chad/repos/witchcityrope-react/tests/WitchCityRope.Infrastructure.Tests/bin/Debug/net9.0/WitchCityRope.Infrastructure.Tests.dll" adapterTypeName="executor://xunit/VsTestRunner3/netcore/" className="WitchCityRope.Infrastructure.Tests.Security.EncryptionServiceTests" name="Encryption_Should_Fail_With_Different_Keys" />
    </UnitTest>
    <UnitTest name="WitchCityRope.Infrastructure.Tests.Data.WitchCityRopeDbContextTests.Should_Save_And_Retrieve_User" storage="/home/chad/repos/witchcityrope-react/tests/witchcityrope.infrastructure.tests/bin/debug/net9.0/witchcityrope.infrastructure.tests.dll" id="239858d9-6523-c1b4-9f7d-78a53c1eac10">
      <Execution id="8498ac9c-e203-460e-9488-b2ab81330934" />
      <TestMethod codeBase="/home/chad/repos/witchcityrope-react/tests/WitchCityRope.Infrastructure.Tests/bin/Debug/net9.0/WitchCityRope.Infrastructure.Tests.dll" adapterTypeName="executor://xunit/VsTestRunner3/netcore/" className="WitchCityRope.Infrastructure.Tests.Data.WitchCityRopeDbContextTests" name="Should_Save_And_Retrieve_User" />
    </UnitTest>
    <UnitTest name="WitchCityRope.Infrastructure.Tests.Email.EmailServiceTests.SendTemplateEmailAsync_Should_Send_With_Template_Id" storage="/home/chad/repos/witchcityrope-react/tests/witchcityrope.infrastructure.tests/bin/debug/net9.0/witchcityrope.infrastructure.tests.dll" id="c6f8c170-4767-1292-4e2d-1c9d883e8f1e">
      <Properties>
        <Property Key="Category" Value="SkippedFeature" />
      </Properties>
      <Execution id="3587faa4-244c-40b6-b54b-5e7e3a636548" />
      <TestMethod codeBase="/home/chad/repos/witchcityrope-react/tests/WitchCityRope.Infrastructure.Tests/bin/Debug/net9.0/WitchCityRope.Infrastructure.Tests.dll" adapterTypeName="executor://xunit/VsTestRunner3/netcore/" className="WitchCityRope.Infrastructure.Tests.Email.EmailServiceTests" name="SendTemplateEmailAsync_Should_Send_With_Template_Id" />
    </UnitTest>
    <UnitTest name="WitchCityRope.Infrastructure.Tests.Email.EmailServiceTests.SendRegistrationConfirmationAsync_Should_Use_Correct_Template" storage="/home/chad/repos/witchcityrope-react/tests/witchcityrope.infrastructure.tests/bin/debug/net9.0/witchcityrope.infrastructure.tests.dll" id="8dde58a5-7529-70d6-f415-cc7c8025de4a">
      <Properties>
        <Property Key="Category" Value="SkippedFeature" />
      </Properties>
      <Execution id="9de992da-8e62-4e1b-9e1c-043780981cf2" />
      <TestMethod codeBase="/home/chad/repos/witchcityrope-react/tests/WitchCityRope.Infrastructure.Tests/bin/Debug/net9.0/WitchCityRope.Infrastructure.Tests.dll" adapterTypeName="executor://xunit/VsTestRunner3/netcore/" className="WitchCityRope.Infrastructure.Tests.Email.EmailServiceTests" name="SendRegistrationConfirmationAsync_Should_Use_Correct_Template" />
    </UnitTest>
    <UnitTest name="WitchCityRope.Infrastructure.Tests.Data.ComplexQueryTests.Should_Execute_Complex_Join_Query" storage="/home/chad/repos/witchcityrope-react/tests/witchcityrope.infrastructure.tests/bin/debug/net9.0/witchcityrope.infrastructure.tests.dll" id="395e9654-511f-4e89-413f-4a0e36424649">
      <Execution id="c0ee7f9e-5363-4484-8a1a-86e090d4a8a7" />
      <TestMethod codeBase="/home/chad/repos/witchcityrope-react/tests/WitchCityRope.Infrastructure.Tests/bin/Debug/net9.0/WitchCityRope.Infrastructure.Tests.dll" adapterTypeName="executor://xunit/VsTestRunner3/netcore/" className="WitchCityRope.Infrastructure.Tests.Data.ComplexQueryTests" name="Should_Execute_Complex_Join_Query" />
    </UnitTest>
    <UnitTest name="WitchCityRope.Infrastructure.Tests.Data.EntityConfigurationTests.Should_Handle_Cascade_Delete_For_Event_Registrations" storage="/home/chad/repos/witchcityrope-react/tests/witchcityrope.infrastructure.tests/bin/debug/net9.0/witchcityrope.infrastructure.tests.dll" id="e5189492-adae-5b47-5b01-837ec60d1504">
      <Execution id="74e95cc2-7fed-4609-90a3-a6e8a65d5f21" />
      <TestMethod codeBase="/home/chad/repos/witchcityrope-react/tests/WitchCityRope.Infrastructure.Tests/bin/Debug/net9.0/WitchCityRope.Infrastructure.Tests.dll" adapterTypeName="executor://xunit/VsTestRunner3/netcore/" className="WitchCityRope.Infrastructure.Tests.Data.EntityConfigurationTests" name="Should_Handle_Cascade_Delete_For_Event_Registrations" />
    </UnitTest>
    <UnitTest name="WitchCityRope.Infrastructure.Tests.Data.ConcurrencyTests.Should_Handle_Concurrent_Vetting_Application_Reviews" storage="/home/chad/repos/witchcityrope-react/tests/witchcityrope.infrastructure.tests/bin/debug/net9.0/witchcityrope.infrastructure.tests.dll" id="62b65325-048b-ed3a-aab7-f63a342cc22e">
      <Execution id="2c9d0e44-7552-4b4a-bd7c-67eed5063b49" />
      <TestMethod codeBase="/home/chad/repos/witchcityrope-react/tests/WitchCityRope.Infrastructure.Tests/bin/Debug/net9.0/WitchCityRope.Infrastructure.Tests.dll" adapterTypeName="executor://xunit/VsTestRunner3/netcore/" className="WitchCityRope.Infrastructure.Tests.Data.ConcurrencyTests" name="Should_Handle_Concurrent_Vetting_Application_Reviews" />
    </UnitTest>
    <UnitTest name="WitchCityRope.Infrastructure.Tests.Email.EmailServiceTests.SendVettingStatusUpdateAsync_Should_Include_Notes_When_Provided" storage="/home/chad/repos/witchcityrope-react/tests/witchcityrope.infrastructure.tests/bin/debug/net9.0/witchcityrope.infrastructure.tests.dll" id="a2674b3f-bc72-1bcc-0868-ab7ca9fc846f">
      <Properties>
        <Property Key="Category" Value="SkippedFeature" />
      </Properties>
      <Execution id="93c3560c-41d4-4666-9bfb-39cc9d2fce24" />
      <TestMethod codeBase="/home/chad/repos/witchcityrope-react/tests/WitchCityRope.Infrastructure.Tests/bin/Debug/net9.0/WitchCityRope.Infrastructure.Tests.dll" adapterTypeName="executor://xunit/VsTestRunner3/netcore/" className="WitchCityRope.Infrastructure.Tests.Email.EmailServiceTests" name="SendVettingStatusUpdateAsync_Should_Include_Notes_When_Provided" />
    </UnitTest>
    <UnitTest name="WitchCityRope.Infrastructure.Tests.Data.MigrationTests.Should_Have_Correct_Schema_After_Migration" storage="/home/chad/repos/witchcityrope-react/tests/witchcityrope.infrastructure.tests/bin/debug/net9.0/witchcityrope.infrastructure.tests.dll" id="201d5940-7e4c-301c-43c7-cd72598ac0d0">
      <Execution id="34f2abee-00fe-4582-afa9-f2b499ec6394" />
      <TestMethod codeBase="/home/chad/repos/witchcityrope-react/tests/WitchCityRope.Infrastructure.Tests/bin/Debug/net9.0/WitchCityRope.Infrastructure.Tests.dll" adapterTypeName="executor://xunit/VsTestRunner3/netcore/" className="WitchCityRope.Infrastructure.Tests.Data.MigrationTests" name="Should_Have_Correct_Schema_After_Migration" />
    </UnitTest>
    <UnitTest name="WitchCityRope.Infrastructure.Tests.Security.JwtTokenServiceTests.GenerateToken_Should_Set_Correct_Expiration" storage="/home/chad/repos/witchcityrope-react/tests/witchcityrope.infrastructure.tests/bin/debug/net9.0/witchcityrope.infrastructure.tests.dll" id="121b47a1-7650-eac0-8814-509934e34c51">
      <Execution id="adeeeac7-5d6a-452f-af28-fc23d6350162" />
      <TestMethod codeBase="/home/chad/repos/witchcityrope-react/tests/WitchCityRope.Infrastructure.Tests/bin/Debug/net9.0/WitchCityRope.Infrastructure.Tests.dll" adapterTypeName="executor://xunit/VsTestRunner3/netcore/" className="WitchCityRope.Infrastructure.Tests.Security.JwtTokenServiceTests" name="GenerateToken_Should_Set_Correct_Expiration" />
    </UnitTest>
    <UnitTest name="WitchCityRope.Infrastructure.Tests.Security.EncryptionServiceTests.DecryptAsync_Should_Throw_For_Corrupted_Data" storage="/home/chad/repos/witchcityrope-react/tests/witchcityrope.infrastructure.tests/bin/debug/net9.0/witchcityrope.infrastructure.tests.dll" id="207aab20-bd1d-c84f-9d5f-6c6087e30ea0">
      <Execution id="788528f7-924f-4fd5-b865-9985ef13e5c2" />
      <TestMethod codeBase="/home/chad/repos/witchcityrope-react/tests/WitchCityRope.Infrastructure.Tests/bin/Debug/net9.0/WitchCityRope.Infrastructure.Tests.dll" adapterTypeName="executor://xunit/VsTestRunner3/netcore/" className="WitchCityRope.Infrastructure.Tests.Security.EncryptionServiceTests" name="DecryptAsync_Should_Throw_For_Corrupted_Data" />
    </UnitTest>
    <UnitTest name="WitchCityRope.Infrastructure.Tests.PayPal.PayPalServiceTests.Should_Use_Sandbox_Environment_When_Configured" storage="/home/chad/repos/witchcityrope-react/tests/witchcityrope.infrastructure.tests/bin/debug/net9.0/witchcityrope.infrastructure.tests.dll" id="19e6bda6-00bd-7cd6-3c38-90a57abeea2e">
      <Execution id="6c0d0c0e-1c92-407a-bc7e-b02e566a1c82" />
      <TestMethod codeBase="/home/chad/repos/witchcityrope-react/tests/WitchCityRope.Infrastructure.Tests/bin/Debug/net9.0/WitchCityRope.Infrastructure.Tests.dll" adapterTypeName="executor://xunit/VsTestRunner3/netcore/" className="WitchCityRope.Infrastructure.Tests.PayPal.PayPalServiceTests" name="Should_Use_Sandbox_Environment_When_Configured" />
    </UnitTest>
    <UnitTest name="WitchCityRope.Infrastructure.Tests.PayPal.PayPalServiceTests.Should_Default_To_Sandbox_When_IsSandbox_Not_Specified" storage="/home/chad/repos/witchcityrope-react/tests/witchcityrope.infrastructure.tests/bin/debug/net9.0/witchcityrope.infrastructure.tests.dll" id="0ee62c17-dcae-efb1-3027-07f5ee04a932">
      <Execution id="0692a913-5650-4610-a7a3-bb9a029616f1" />
      <TestMethod codeBase="/home/chad/repos/witchcityrope-react/tests/WitchCityRope.Infrastructure.Tests/bin/Debug/net9.0/WitchCityRope.Infrastructure.Tests.dll" adapterTypeName="executor://xunit/VsTestRunner3/netcore/" className="WitchCityRope.Infrastructure.Tests.PayPal.PayPalServiceTests" name="Should_Default_To_Sandbox_When_IsSandbox_Not_Specified" />
    </UnitTest>
    <UnitTest name="WitchCityRope.Infrastructure.Tests.Security.EncryptionServiceTests.Constructor_Should_Throw_When_Configuration_Is_Null" storage="/home/chad/repos/witchcityrope-react/tests/witchcityrope.infrastructure.tests/bin/debug/net9.0/witchcityrope.infrastructure.tests.dll" id="c6348b7e-7455-a038-0d62-d669b4fb234b">
      <Execution id="17c9a0b7-2d7d-4a2d-bb04-4d52419533fa" />
      <TestMethod codeBase="/home/chad/repos/witchcityrope-react/tests/WitchCityRope.Infrastructure.Tests/bin/Debug/net9.0/WitchCityRope.Infrastructure.Tests.dll" adapterTypeName="executor://xunit/VsTestRunner3/netcore/" className="WitchCityRope.Infrastructure.Tests.Security.EncryptionServiceTests" name="Constructor_Should_Throw_When_Configuration_Is_Null" />
    </UnitTest>
    <UnitTest name="WitchCityRope.Infrastructure.Tests.Security.EncryptionServiceTests.EncryptAsync_Should_Encrypt_Plain_Text" storage="/home/chad/repos/witchcityrope-react/tests/witchcityrope.infrastructure.tests/bin/debug/net9.0/witchcityrope.infrastructure.tests.dll" id="cee07bb6-f0e2-062a-9298-b31e489309dc">
      <Execution id="663ba770-fb77-4611-aa1b-4b549922a079" />
      <TestMethod codeBase="/home/chad/repos/witchcityrope-react/tests/WitchCityRope.Infrastructure.Tests/bin/Debug/net9.0/WitchCityRope.Infrastructure.Tests.dll" adapterTypeName="executor://xunit/VsTestRunner3/netcore/" className="WitchCityRope.Infrastructure.Tests.Security.EncryptionServiceTests" name="EncryptAsync_Should_Encrypt_Plain_Text" />
    </UnitTest>
    <UnitTest name="WitchCityRope.Infrastructure.Tests.Email.EmailServiceTests.Constructor_Should_Throw_When_SendGridClient_Is_Null" storage="/home/chad/repos/witchcityrope-react/tests/witchcityrope.infrastructure.tests/bin/debug/net9.0/witchcityrope.infrastructure.tests.dll" id="f2a9e942-c5a4-67ec-c6f6-76d8270d8e03">
      <Properties>
        <Property Key="Category" Value="SkippedFeature" />
      </Properties>
      <Execution id="1232ea4a-300a-4a62-861b-34cfd4611e59" />
      <TestMethod codeBase="/home/chad/repos/witchcityrope-react/tests/WitchCityRope.Infrastructure.Tests/bin/Debug/net9.0/WitchCityRope.Infrastructure.Tests.dll" adapterTypeName="executor://xunit/VsTestRunner3/netcore/" className="WitchCityRope.Infrastructure.Tests.Email.EmailServiceTests" name="Constructor_Should_Throw_When_SendGridClient_Is_Null" />
    </UnitTest>
    <UnitTest name="WitchCityRope.Infrastructure.Tests.PayPal.PayPalServiceTests.ProcessPaymentAsync_Should_Return_Success_Result" storage="/home/chad/repos/witchcityrope-react/tests/witchcityrope.infrastructure.tests/bin/debug/net9.0/witchcityrope.infrastructure.tests.dll" id="3afe0f4f-66e8-c918-74b9-e20778e75e86">
      <Execution id="6a279127-d531-4349-8c06-948d4a143da5" />
      <TestMethod codeBase="/home/chad/repos/witchcityrope-react/tests/WitchCityRope.Infrastructure.Tests/bin/Debug/net9.0/WitchCityRope.Infrastructure.Tests.dll" adapterTypeName="executor://xunit/VsTestRunner3/netcore/" className="WitchCityRope.Infrastructure.Tests.PayPal.PayPalServiceTests" name="ProcessPaymentAsync_Should_Return_Success_Result" />
    </UnitTest>
    <UnitTest name="WitchCityRope.Infrastructure.Tests.PayPal.PayPalServiceTests.ProcessPaymentAsync_Should_Handle_Exceptions" storage="/home/chad/repos/witchcityrope-react/tests/witchcityrope.infrastructure.tests/bin/debug/net9.0/witchcityrope.infrastructure.tests.dll" id="9720ebaa-d172-feed-39d4-ea0c237a4355">
      <Execution id="09fbad41-aa76-453b-be99-4d809e48113c" />
      <TestMethod codeBase="/home/chad/repos/witchcityrope-react/tests/WitchCityRope.Infrastructure.Tests/bin/Debug/net9.0/WitchCityRope.Infrastructure.Tests.dll" adapterTypeName="executor://xunit/VsTestRunner3/netcore/" className="WitchCityRope.Infrastructure.Tests.PayPal.PayPalServiceTests" name="ProcessPaymentAsync_Should_Handle_Exceptions" />
    </UnitTest>
    <UnitTest name="WitchCityRope.Infrastructure.Tests.PayPal.PayPalServiceTests.Should_Use_Production_Environment_When_Configured" storage="/home/chad/repos/witchcityrope-react/tests/witchcityrope.infrastructure.tests/bin/debug/net9.0/witchcityrope.infrastructure.tests.dll" id="d09d88d0-e6be-e39b-577c-5d7881b8be2d">
      <Execution id="811f931a-d88c-485c-967c-b37072e08699" />
      <TestMethod codeBase="/home/chad/repos/witchcityrope-react/tests/WitchCityRope.Infrastructure.Tests/bin/Debug/net9.0/WitchCityRope.Infrastructure.Tests.dll" adapterTypeName="executor://xunit/VsTestRunner3/netcore/" className="WitchCityRope.Infrastructure.Tests.PayPal.PayPalServiceTests" name="Should_Use_Production_Environment_When_Configured" />
    </UnitTest>
    <UnitTest name="WitchCityRope.Infrastructure.Tests.Security.EncryptionServiceTests.Encrypt_Decrypt_Should_Handle_Unicode_Characters" storage="/home/chad/repos/witchcityrope-react/tests/witchcityrope.infrastructure.tests/bin/debug/net9.0/witchcityrope.infrastructure.tests.dll" id="e5db7fe7-0c86-b69a-1876-a463e7e775cd">
      <Execution id="22ac75a5-0686-4110-89f0-e8da4bf27b38" />
      <TestMethod codeBase="/home/chad/repos/witchcityrope-react/tests/WitchCityRope.Infrastructure.Tests/bin/Debug/net9.0/WitchCityRope.Infrastructure.Tests.dll" adapterTypeName="executor://xunit/VsTestRunner3/netcore/" className="WitchCityRope.Infrastructure.Tests.Security.EncryptionServiceTests" name="Encrypt_Decrypt_Should_Handle_Unicode_Characters" />
    </UnitTest>
    <UnitTest name="WitchCityRope.Infrastructure.Tests.Security.JwtTokenServiceTests.ValidateToken_Should_Throw_For_Null_Token" storage="/home/chad/repos/witchcityrope-react/tests/witchcityrope.infrastructure.tests/bin/debug/net9.0/witchcityrope.infrastructure.tests.dll" id="cac2c651-fa59-0f92-f0f1-b284ea5fd816">
      <Execution id="0a208868-83e7-4721-b69b-944cfc7f1381" />
      <TestMethod codeBase="/home/chad/repos/witchcityrope-react/tests/WitchCityRope.Infrastructure.Tests/bin/Debug/net9.0/WitchCityRope.Infrastructure.Tests.dll" adapterTypeName="executor://xunit/VsTestRunner3/netcore/" className="WitchCityRope.Infrastructure.Tests.Security.JwtTokenServiceTests" name="ValidateToken_Should_Throw_For_Null_Token" />
    </UnitTest>
    <UnitTest name="WitchCityRope.Infrastructure.Tests.Security.EncryptionServiceTests.EncryptAsync_Should_Return_Null_For_Null_Input" storage="/home/chad/repos/witchcityrope-react/tests/witchcityrope.infrastructure.tests/bin/debug/net9.0/witchcityrope.infrastructure.tests.dll" id="102fc01d-1003-9aad-0ab0-768afa59b2db">
      <Execution id="5fc5f448-7523-41da-92c6-5ef0f5ebfdfa" />
      <TestMethod codeBase="/home/chad/repos/witchcityrope-react/tests/WitchCityRope.Infrastructure.Tests/bin/Debug/net9.0/WitchCityRope.Infrastructure.Tests.dll" adapterTypeName="executor://xunit/VsTestRunner3/netcore/" className="WitchCityRope.Infrastructure.Tests.Security.EncryptionServiceTests" name="EncryptAsync_Should_Return_Null_For_Null_Input" />
    </UnitTest>
    <UnitTest name="WitchCityRope.Infrastructure.Tests.Data.ConcurrencyTests.Should_Handle_Deadlock_Scenario" storage="/home/chad/repos/witchcityrope-react/tests/witchcityrope.infrastructure.tests/bin/debug/net9.0/witchcityrope.infrastructure.tests.dll" id="7e276b69-25a2-1e91-d250-12381a8ea181">
      <Execution id="97678949-3766-44ad-945c-95aec2412f8e" />
      <TestMethod codeBase="/home/chad/repos/witchcityrope-react/tests/WitchCityRope.Infrastructure.Tests/bin/Debug/net9.0/WitchCityRope.Infrastructure.Tests.dll" adapterTypeName="executor://xunit/VsTestRunner3/netcore/" className="WitchCityRope.Infrastructure.Tests.Data.ConcurrencyTests" name="Should_Handle_Deadlock_Scenario" />
    </UnitTest>
    <UnitTest name="WitchCityRope.Infrastructure.Tests.Security.JwtTokenServiceTests.GenerateToken_Should_Create_Valid_JWT_Token" storage="/home/chad/repos/witchcityrope-react/tests/witchcityrope.infrastructure.tests/bin/debug/net9.0/witchcityrope.infrastructure.tests.dll" id="121ed6b8-c36c-7dfd-6ad5-94fe3cb46105">
      <Execution id="dc02395e-0bf3-4ca0-a741-84d8676fc832" />
      <TestMethod codeBase="/home/chad/repos/witchcityrope-react/tests/WitchCityRope.Infrastructure.Tests/bin/Debug/net9.0/WitchCityRope.Infrastructure.Tests.dll" adapterTypeName="executor://xunit/VsTestRunner3/netcore/" className="WitchCityRope.Infrastructure.Tests.Security.JwtTokenServiceTests" name="GenerateToken_Should_Create_Valid_JWT_Token" />
    </UnitTest>
    <UnitTest name="WitchCityRope.Infrastructure.Tests.PayPal.PayPalServiceTests.Constructor_Should_Throw_When_Configuration_Is_Null" storage="/home/chad/repos/witchcityrope-react/tests/witchcityrope.infrastructure.tests/bin/debug/net9.0/witchcityrope.infrastructure.tests.dll" id="32b805ef-d784-d8e5-9caf-a748c5f789fb">
      <Execution id="7a5ce265-aa81-4890-9889-1c5165d0dd4d" />
      <TestMethod codeBase="/home/chad/repos/witchcityrope-react/tests/WitchCityRope.Infrastructure.Tests/bin/Debug/net9.0/WitchCityRope.Infrastructure.Tests.dll" adapterTypeName="executor://xunit/VsTestRunner3/netcore/" className="WitchCityRope.Infrastructure.Tests.PayPal.PayPalServiceTests" name="Constructor_Should_Throw_When_Configuration_Is_Null" />
    </UnitTest>
    <UnitTest name="WitchCityRope.Infrastructure.Tests.Data.MigrationTests.Should_Handle_Migration_Rollback" storage="/home/chad/repos/witchcityrope-react/tests/witchcityrope.infrastructure.tests/bin/debug/net9.0/witchcityrope.infrastructure.tests.dll" id="b3bf15b1-a9a8-d9c2-b6bd-2d88af5f3f06">
      <Execution id="e769baf0-4394-4ac3-8900-a85ba9c0c932" />
      <TestMethod codeBase="/home/chad/repos/witchcityrope-react/tests/WitchCityRope.Infrastructure.Tests/bin/Debug/net9.0/WitchCityRope.Infrastructure.Tests.dll" adapterTypeName="executor://xunit/VsTestRunner3/netcore/" className="WitchCityRope.Infrastructure.Tests.Data.MigrationTests" name="Should_Handle_Migration_Rollback" />
    </UnitTest>
    <UnitTest name="WitchCityRope.Infrastructure.Tests.Data.ConcurrencyTests.Should_Handle_Concurrent_Updates_With_Retry_Logic" storage="/home/chad/repos/witchcityrope-react/tests/witchcityrope.infrastructure.tests/bin/debug/net9.0/witchcityrope.infrastructure.tests.dll" id="77f47604-3476-c76e-0620-42e3a18a923a">
      <Execution id="5d1c77d2-7b30-4402-8bc0-d13035837cf7" />
      <TestMethod codeBase="/home/chad/repos/witchcityrope-react/tests/WitchCityRope.Infrastructure.Tests/bin/Debug/net9.0/WitchCityRope.Infrastructure.Tests.dll" adapterTypeName="executor://xunit/VsTestRunner3/netcore/" className="WitchCityRope.Infrastructure.Tests.Data.ConcurrencyTests" name="Should_Handle_Concurrent_Updates_With_Retry_Logic" />
    </UnitTest>
    <UnitTest name="WitchCityRope.Infrastructure.Tests.PayPal.PayPalServiceTests.ProcessRefundAsync_Should_Return_Success_Result" storage="/home/chad/repos/witchcityrope-react/tests/witchcityrope.infrastructure.tests/bin/debug/net9.0/witchcityrope.infrastructure.tests.dll" id="f4e2e719-e2ed-ccf6-d6de-453713b765c3">
      <Execution id="718e2bd1-1acc-4913-95db-b10eb9472863" />
      <TestMethod codeBase="/home/chad/repos/witchcityrope-react/tests/WitchCityRope.Infrastructure.Tests/bin/Debug/net9.0/WitchCityRope.Infrastructure.Tests.dll" adapterTypeName="executor://xunit/VsTestRunner3/netcore/" className="WitchCityRope.Infrastructure.Tests.PayPal.PayPalServiceTests" name="ProcessRefundAsync_Should_Return_Success_Result" />
    </UnitTest>
    <UnitTest name="WitchCityRope.Infrastructure.Tests.Data.ComplexQueryTests.Should_Handle_Pagination_Correctly" storage="/home/chad/repos/witchcityrope-react/tests/witchcityrope.infrastructure.tests/bin/debug/net9.0/witchcityrope.infrastructure.tests.dll" id="b7600936-7750-95ea-d101-c63e591d45f7">
      <Execution id="11f049f4-c194-40b4-a7cb-e88209a1dddc" />
      <TestMethod codeBase="/home/chad/repos/witchcityrope-react/tests/WitchCityRope.Infrastructure.Tests/bin/Debug/net9.0/WitchCityRope.Infrastructure.Tests.dll" adapterTypeName="executor://xunit/VsTestRunner3/netcore/" className="WitchCityRope.Infrastructure.Tests.Data.ComplexQueryTests" name="Should_Handle_Pagination_Correctly" />
    </UnitTest>
    <UnitTest name="WitchCityRope.Infrastructure.Tests.Security.JwtTokenServiceTests.Constructor_Should_Throw_When_SecretKey_Is_Missing" storage="/home/chad/repos/witchcityrope-react/tests/witchcityrope.infrastructure.tests/bin/debug/net9.0/witchcityrope.infrastructure.tests.dll" id="12ee414a-a43e-5473-78ad-46199e88b6c7">
      <Execution id="86ea296b-c14e-470b-999f-f209635b07bb" />
      <TestMethod codeBase="/home/chad/repos/witchcityrope-react/tests/WitchCityRope.Infrastructure.Tests/bin/Debug/net9.0/WitchCityRope.Infrastructure.Tests.dll" adapterTypeName="executor://xunit/VsTestRunner3/netcore/" className="WitchCityRope.Infrastructure.Tests.Security.JwtTokenServiceTests" name="Constructor_Should_Throw_When_SecretKey_Is_Missing" />
    </UnitTest>
    <UnitTest name="WitchCityRope.Infrastructure.Tests.Data.EntityConfigurationTests.Event_Registration_Relationship_Should_Be_Configured_Correctly" storage="/home/chad/repos/witchcityrope-react/tests/witchcityrope.infrastructure.tests/bin/debug/net9.0/witchcityrope.infrastructure.tests.dll" id="ad7d5cca-0afe-aa15-f70e-c563df4cebb9">
      <Execution id="cd8e3a2b-16cd-4243-8fe6-d6406b9e7af4" />
      <TestMethod codeBase="/home/chad/repos/witchcityrope-react/tests/WitchCityRope.Infrastructure.Tests/bin/Debug/net9.0/WitchCityRope.Infrastructure.Tests.dll" adapterTypeName="executor://xunit/VsTestRunner3/netcore/" className="WitchCityRope.Infrastructure.Tests.Data.EntityConfigurationTests" name="Event_Registration_Relationship_Should_Be_Configured_Correctly" />
    </UnitTest>
    <UnitTest name="WitchCityRope.Infrastructure.Tests.Email.EmailServiceTests.SendEmailAsync_Should_Send_Email_Successfully" storage="/home/chad/repos/witchcityrope-react/tests/witchcityrope.infrastructure.tests/bin/debug/net9.0/witchcityrope.infrastructure.tests.dll" id="0b2da06c-c211-ec4e-e650-05e93d1799bd">
      <Properties>
        <Property Key="Category" Value="SkippedFeature" />
      </Properties>
      <Execution id="bd394194-0211-4733-b7be-28083cd44816" />
      <TestMethod codeBase="/home/chad/repos/witchcityrope-react/tests/WitchCityRope.Infrastructure.Tests/bin/Debug/net9.0/WitchCityRope.Infrastructure.Tests.dll" adapterTypeName="executor://xunit/VsTestRunner3/netcore/" className="WitchCityRope.Infrastructure.Tests.Email.EmailServiceTests" name="SendEmailAsync_Should_Send_Email_Successfully" />
    </UnitTest>
    <UnitTest name="WitchCityRope.Infrastructure.Tests.Data.ComplexQueryTests.Should_Query_Upcoming_Events_With_Available_Spots" storage="/home/chad/repos/witchcityrope-react/tests/witchcityrope.infrastructure.tests/bin/debug/net9.0/witchcityrope.infrastructure.tests.dll" id="b432be91-d64b-9c99-4079-f00a8db2e635">
      <Execution id="2134a4f4-743f-4a6b-a6d2-b0032d9fed63" />
      <TestMethod codeBase="/home/chad/repos/witchcityrope-react/tests/WitchCityRope.Infrastructure.Tests/bin/Debug/net9.0/WitchCityRope.Infrastructure.Tests.dll" adapterTypeName="executor://xunit/VsTestRunner3/netcore/" className="WitchCityRope.Infrastructure.Tests.Data.ComplexQueryTests" name="Should_Query_Upcoming_Events_With_Available_Spots" />
    </UnitTest>
    <UnitTest name="WitchCityRope.Infrastructure.Tests.PayPal.PayPalServiceTests.ProcessRefundAsync_Should_Use_Full_Amount_When_Not_Specified" storage="/home/chad/repos/witchcityrope-react/tests/witchcityrope.infrastructure.tests/bin/debug/net9.0/witchcityrope.infrastructure.tests.dll" id="e8fd9f68-55b8-c4bd-47ac-7ccdf891ae01">
      <Execution id="2a2dbb43-2f49-41c8-8347-2354fc1a5e59" />
      <TestMethod codeBase="/home/chad/repos/witchcityrope-react/tests/WitchCityRope.Infrastructure.Tests/bin/Debug/net9.0/WitchCityRope.Infrastructure.Tests.dll" adapterTypeName="executor://xunit/VsTestRunner3/netcore/" className="WitchCityRope.Infrastructure.Tests.PayPal.PayPalServiceTests" name="ProcessRefundAsync_Should_Use_Full_Amount_When_Not_Specified" />
    </UnitTest>
    <UnitTest name="WitchCityRope.Infrastructure.Tests.Security.EncryptionServiceTests.DecryptAsync_Should_Throw_For_Invalid_Base64" storage="/home/chad/repos/witchcityrope-react/tests/witchcityrope.infrastructure.tests/bin/debug/net9.0/witchcityrope.infrastructure.tests.dll" id="5e8c96b7-65ee-a96f-f5e0-222a2affc359">
      <Execution id="b1fab52d-76bb-4072-9a2a-079b3a73fb0b" />
      <TestMethod codeBase="/home/chad/repos/witchcityrope-react/tests/WitchCityRope.Infrastructure.Tests/bin/Debug/net9.0/WitchCityRope.Infrastructure.Tests.dll" adapterTypeName="executor://xunit/VsTestRunner3/netcore/" className="WitchCityRope.Infrastructure.Tests.Security.EncryptionServiceTests" name="DecryptAsync_Should_Throw_For_Invalid_Base64" />
    </UnitTest>
    <UnitTest name="WitchCityRope.Infrastructure.Tests.Data.ConcurrencyTests.Should_Handle_Concurrent_Payment_Processing" storage="/home/chad/repos/witchcityrope-react/tests/witchcityrope.infrastructure.tests/bin/debug/net9.0/witchcityrope.infrastructure.tests.dll" id="de0a592c-30a6-23bd-e2fd-8c5dac12d560">
      <Execution id="067c8d42-ecf8-4a83-9309-bf90815e2cc1" />
      <TestMethod codeBase="/home/chad/repos/witchcityrope-react/tests/WitchCityRope.Infrastructure.Tests/bin/Debug/net9.0/WitchCityRope.Infrastructure.Tests.dll" adapterTypeName="executor://xunit/VsTestRunner3/netcore/" className="WitchCityRope.Infrastructure.Tests.Data.ConcurrencyTests" name="Should_Handle_Concurrent_Payment_Processing" />
    </UnitTest>
    <UnitTest name="WitchCityRope.Infrastructure.Tests.Security.JwtTokenServiceTests.GenerateRefreshToken_Should_Create_Unique_Tokens" storage="/home/chad/repos/witchcityrope-react/tests/witchcityrope.infrastructure.tests/bin/debug/net9.0/witchcityrope.infrastructure.tests.dll" id="f4b775dc-9e8c-760a-8f8d-7fae5382e3c6">
      <Execution id="5343f8de-dcb1-48b2-9260-1e7a9b2e7a08" />
      <TestMethod codeBase="/home/chad/repos/witchcityrope-react/tests/WitchCityRope.Infrastructure.Tests/bin/Debug/net9.0/WitchCityRope.Infrastructure.Tests.dll" adapterTypeName="executor://xunit/VsTestRunner3/netcore/" className="WitchCityRope.Infrastructure.Tests.Security.JwtTokenServiceTests" name="GenerateRefreshToken_Should_Create_Unique_Tokens" />
    </UnitTest>
    <UnitTest name="WitchCityRope.Infrastructure.Tests.Security.JwtTokenServiceTests.GetUserIdFromToken_Should_Return_Null_For_Invalid_Token" storage="/home/chad/repos/witchcityrope-react/tests/witchcityrope.infrastructure.tests/bin/debug/net9.0/witchcityrope.infrastructure.tests.dll" id="9fe6d175-d2ab-6131-d5d1-c65e74e5832a">
      <Execution id="5213cc31-5500-4fc2-b407-1b80c99e7633" />
      <TestMethod codeBase="/home/chad/repos/witchcityrope-react/tests/WitchCityRope.Infrastructure.Tests/bin/Debug/net9.0/WitchCityRope.Infrastructure.Tests.dll" adapterTypeName="executor://xunit/VsTestRunner3/netcore/" className="WitchCityRope.Infrastructure.Tests.Security.JwtTokenServiceTests" name="GetUserIdFromToken_Should_Return_Null_For_Invalid_Token" />
    </UnitTest>
    <UnitTest name="WitchCityRope.Infrastructure.Tests.HealthChecks.ServiceHealthCheckTests.VerifyDockerContainersAreRunning" storage="/home/chad/repos/witchcityrope-react/tests/witchcityrope.infrastructure.tests/bin/debug/net9.0/witchcityrope.infrastructure.tests.dll" id="6c46bd90-634b-a7e2-6339-3b4c5aa4506e">
      <Properties>
        <Property Key="Category" Value="HealthCheck" />
      </Properties>
      <Execution id="b5c5bc30-93c7-46bb-8ef8-a984ea203952" />
      <TestMethod codeBase="/home/chad/repos/witchcityrope-react/tests/WitchCityRope.Infrastructure.Tests/bin/Debug/net9.0/WitchCityRope.Infrastructure.Tests.dll" adapterTypeName="executor://xunit/VsTestRunner3/netcore/" className="WitchCityRope.Infrastructure.Tests.HealthChecks.ServiceHealthCheckTests" name="VerifyDockerContainersAreRunning" />
    </UnitTest>
    <UnitTest name="WitchCityRope.Infrastructure.Tests.Data.WitchCityRopeDbContextTests.Should_Track_Entity_Changes" storage="/home/chad/repos/witchcityrope-react/tests/witchcityrope.infrastructure.tests/bin/debug/net9.0/witchcityrope.infrastructure.tests.dll" id="970cea6b-40ba-903c-9bac-ba8ed8c9ebf1">
      <Execution id="5b463d24-7ac3-4a67-bd29-5f466015660a" />
      <TestMethod codeBase="/home/chad/repos/witchcityrope-react/tests/WitchCityRope.Infrastructure.Tests/bin/Debug/net9.0/WitchCityRope.Infrastructure.Tests.dll" adapterTypeName="executor://xunit/VsTestRunner3/netcore/" className="WitchCityRope.Infrastructure.Tests.Data.WitchCityRopeDbContextTests" name="Should_Track_Entity_Changes" />
    </UnitTest>
    <UnitTest name="WitchCityRope.Infrastructure.Tests.Security.EncryptionServiceTests.DecryptAsync_Should_Decrypt_Encrypted_Text" storage="/home/chad/repos/witchcityrope-react/tests/witchcityrope.infrastructure.tests/bin/debug/net9.0/witchcityrope.infrastructure.tests.dll" id="15b6fe83-e163-93ae-7ba9-51007c17c9b1">
      <Execution id="9d2fc776-0bc3-4e5f-8b55-ec7252a195ec" />
      <TestMethod codeBase="/home/chad/repos/witchcityrope-react/tests/WitchCityRope.Infrastructure.Tests/bin/Debug/net9.0/WitchCityRope.Infrastructure.Tests.dll" adapterTypeName="executor://xunit/VsTestRunner3/netcore/" className="WitchCityRope.Infrastructure.Tests.Security.EncryptionServiceTests" name="DecryptAsync_Should_Decrypt_Encrypted_Text" />
    </UnitTest>
    <UnitTest name="WitchCityRope.Infrastructure.Tests.Data.MigrationTests.Should_Apply_All_Migrations_Successfully" storage="/home/chad/repos/witchcityrope-react/tests/witchcityrope.infrastructure.tests/bin/debug/net9.0/witchcityrope.infrastructure.tests.dll" id="3947765f-43ab-cae7-edae-7924657957aa">
      <Execution id="4db7a50a-228e-4624-ac13-743df5268e8f" />
      <TestMethod codeBase="/home/chad/repos/witchcityrope-react/tests/WitchCityRope.Infrastructure.Tests/bin/Debug/net9.0/WitchCityRope.Infrastructure.Tests.dll" adapterTypeName="executor://xunit/VsTestRunner3/netcore/" className="WitchCityRope.Infrastructure.Tests.Data.MigrationTests" name="Should_Apply_All_Migrations_Successfully" />
    </UnitTest>
    <UnitTest name="WitchCityRope.Infrastructure.Tests.Data.EntityConfigurationTests.IncidentReport_Should_Support_Anonymous_Reports" storage="/home/chad/repos/witchcityrope-react/tests/witchcityrope.infrastructure.tests/bin/debug/net9.0/witchcityrope.infrastructure.tests.dll" id="591200bf-8c10-cbe7-b292-ba438a5b1619">
      <Execution id="960d6a12-b4cb-4cfe-bf19-2323e57cd4d8" />
      <TestMethod codeBase="/home/chad/repos/witchcityrope-react/tests/WitchCityRope.Infrastructure.Tests/bin/Debug/net9.0/WitchCityRope.Infrastructure.Tests.dll" adapterTypeName="executor://xunit/VsTestRunner3/netcore/" className="WitchCityRope.Infrastructure.Tests.Data.EntityConfigurationTests" name="IncidentReport_Should_Support_Anonymous_Reports" />
    </UnitTest>
    <UnitTest name="WitchCityRope.Infrastructure.Tests.Security.EncryptionServiceTests.Hash_Should_Throw_For_Null_Input" storage="/home/chad/repos/witchcityrope-react/tests/witchcityrope.infrastructure.tests/bin/debug/net9.0/witchcityrope.infrastructure.tests.dll" id="3678ad7d-a25e-86f2-08f3-061f2d41eeb9">
      <Execution id="f84485f4-dcec-493b-b21d-9379d866305e" />
      <TestMethod codeBase="/home/chad/repos/witchcityrope-react/tests/WitchCityRope.Infrastructure.Tests/bin/Debug/net9.0/WitchCityRope.Infrastructure.Tests.dll" adapterTypeName="executor://xunit/VsTestRunner3/netcore/" className="WitchCityRope.Infrastructure.Tests.Security.EncryptionServiceTests" name="Hash_Should_Throw_For_Null_Input" />
    </UnitTest>
    <UnitTest name="WitchCityRope.Infrastructure.Tests.Data.WitchCityRopeDbContextTests.Should_Apply_Global_Query_Filters_If_Configured" storage="/home/chad/repos/witchcityrope-react/tests/witchcityrope.infrastructure.tests/bin/debug/net9.0/witchcityrope.infrastructure.tests.dll" id="e1828be1-cfff-3e34-4b60-0621ccd8e3ab">
      <Execution id="f717333d-7d2f-49e2-bc71-31cec6d873e9" />
      <TestMethod codeBase="/home/chad/repos/witchcityrope-react/tests/WitchCityRope.Infrastructure.Tests/bin/Debug/net9.0/WitchCityRope.Infrastructure.Tests.dll" adapterTypeName="executor://xunit/VsTestRunner3/netcore/" className="WitchCityRope.Infrastructure.Tests.Data.WitchCityRopeDbContextTests" name="Should_Apply_Global_Query_Filters_If_Configured" />
    </UnitTest>
    <UnitTest name="WitchCityRope.Infrastructure.Tests.Data.WitchCityRopeDbContextTests.Should_Create_Database_Schema" storage="/home/chad/repos/witchcityrope-react/tests/witchcityrope.infrastructure.tests/bin/debug/net9.0/witchcityrope.infrastructure.tests.dll" id="0d50f91b-1973-b06b-3035-cd7f803461f8">
      <Execution id="7228f223-7b24-44dc-a24a-de856aa70b14" />
      <TestMethod codeBase="/home/chad/repos/witchcityrope-react/tests/WitchCityRope.Infrastructure.Tests/bin/Debug/net9.0/WitchCityRope.Infrastructure.Tests.dll" adapterTypeName="executor://xunit/VsTestRunner3/netcore/" className="WitchCityRope.Infrastructure.Tests.Data.WitchCityRopeDbContextTests" name="Should_Create_Database_Schema" />
    </UnitTest>
    <UnitTest name="WitchCityRope.Infrastructure.Tests.Security.EncryptionServiceTests.DecryptAsync_Should_Return_Empty_String_For_Empty_Input" storage="/home/chad/repos/witchcityrope-react/tests/witchcityrope.infrastructure.tests/bin/debug/net9.0/witchcityrope.infrastructure.tests.dll" id="69fe012a-82fe-3708-098d-5cd009a2da67">
      <Execution id="d4bae06e-66df-4e45-a090-a0c849229a4d" />
      <TestMethod codeBase="/home/chad/repos/witchcityrope-react/tests/WitchCityRope.Infrastructure.Tests/bin/Debug/net9.0/WitchCityRope.Infrastructure.Tests.dll" adapterTypeName="executor://xunit/VsTestRunner3/netcore/" className="WitchCityRope.Infrastructure.Tests.Security.EncryptionServiceTests" name="DecryptAsync_Should_Return_Empty_String_For_Empty_Input" />
    </UnitTest>
    <UnitTest name="WitchCityRope.Infrastructure.Tests.Data.EntityConfigurationTests.Payment_Registration_Relationship_Should_Be_Configured_Correctly" storage="/home/chad/repos/witchcityrope-react/tests/witchcityrope.infrastructure.tests/bin/debug/net9.0/witchcityrope.infrastructure.tests.dll" id="b9694bad-42e0-0c76-3c47-bc8dece9f7e0">
      <Execution id="3379f6d4-2cdc-4a21-b18c-87df8d6e2265" />
      <TestMethod codeBase="/home/chad/repos/witchcityrope-react/tests/WitchCityRope.Infrastructure.Tests/bin/Debug/net9.0/WitchCityRope.Infrastructure.Tests.dll" adapterTypeName="executor://xunit/VsTestRunner3/netcore/" className="WitchCityRope.Infrastructure.Tests.Data.EntityConfigurationTests" name="Payment_Registration_Relationship_Should_Be_Configured_Correctly" />
    </UnitTest>
    <UnitTest name="WitchCityRope.Infrastructure.Tests.Security.EncryptionServiceTests.Hash_Should_Create_BCrypt_Hash" storage="/home/chad/repos/witchcityrope-react/tests/witchcityrope.infrastructure.tests/bin/debug/net9.0/witchcityrope.infrastructure.tests.dll" id="1390353e-4e0e-3135-81d6-685a745aa5fb">
      <Execution id="bd232456-e128-4df6-a677-c3e3b19935f7" />
      <TestMethod codeBase="/home/chad/repos/witchcityrope-react/tests/WitchCityRope.Infrastructure.Tests/bin/Debug/net9.0/WitchCityRope.Infrastructure.Tests.dll" adapterTypeName="executor://xunit/VsTestRunner3/netcore/" className="WitchCityRope.Infrastructure.Tests.Security.EncryptionServiceTests" name="Hash_Should_Create_BCrypt_Hash" />
    </UnitTest>
    <UnitTest name="WitchCityRope.Infrastructure.Tests.PayPal.PayPalServiceTests.Constructor_Should_Throw_When_Logger_Is_Null" storage="/home/chad/repos/witchcityrope-react/tests/witchcityrope.infrastructure.tests/bin/debug/net9.0/witchcityrope.infrastructure.tests.dll" id="5baaed9a-7b39-bf0a-975b-3f375a59580f">
      <Execution id="2d0921c0-ea4d-41af-9cb5-d6cd14ea2311" />
      <TestMethod codeBase="/home/chad/repos/witchcityrope-react/tests/WitchCityRope.Infrastructure.Tests/bin/Debug/net9.0/WitchCityRope.Infrastructure.Tests.dll" adapterTypeName="executor://xunit/VsTestRunner3/netcore/" className="WitchCityRope.Infrastructure.Tests.PayPal.PayPalServiceTests" name="Constructor_Should_Throw_When_Logger_Is_Null" />
    </UnitTest>
    <UnitTest name="WitchCityRope.Infrastructure.Tests.Data.ConcurrencyTests.Should_Handle_Parallel_Bulk_Operations" storage="/home/chad/repos/witchcityrope-react/tests/witchcityrope.infrastructure.tests/bin/debug/net9.0/witchcityrope.infrastructure.tests.dll" id="f69cea75-c037-0d47-d3fb-10191b89beda">
      <Execution id="05dee638-1ec6-4fc5-8f6b-ea3a8d4054fa" />
      <TestMethod codeBase="/home/chad/repos/witchcityrope-react/tests/WitchCityRope.Infrastructure.Tests/bin/Debug/net9.0/WitchCityRope.Infrastructure.Tests.dll" adapterTypeName="executor://xunit/VsTestRunner3/netcore/" className="WitchCityRope.Infrastructure.Tests.Data.ConcurrencyTests" name="Should_Handle_Parallel_Bulk_Operations" />
    </UnitTest>
    <UnitTest name="WitchCityRope.Infrastructure.Tests.Email.EmailServiceTests.Should_Use_Default_From_Email_When_Not_Searched" storage="/home/chad/repos/witchcityrope-react/tests/witchcityrope.infrastructure.tests/bin/debug/net9.0/witchcityrope.infrastructure.tests.dll" id="8133405e-c560-589e-36b6-e77878c35041">
      <Properties>
        <Property Key="Category" Value="SkippedFeature" />
      </Properties>
      <Execution id="13610e31-4d74-4c3e-aeb6-a6a20f0e0511" />
      <TestMethod codeBase="/home/chad/repos/witchcityrope-react/tests/WitchCityRope.Infrastructure.Tests/bin/Debug/net9.0/WitchCityRope.Infrastructure.Tests.dll" adapterTypeName="executor://xunit/VsTestRunner3/netcore/" className="WitchCityRope.Infrastructure.Tests.Email.EmailServiceTests" name="Should_Use_Default_From_Email_When_Not_Searched" />
    </UnitTest>
    <UnitTest name="WitchCityRope.Infrastructure.Tests.PayPal.PayPalServiceTests.CreatePaymentIntentAsync_Should_Handle_Exceptions" storage="/home/chad/repos/witchcityrope-react/tests/witchcityrope.infrastructure.tests/bin/debug/net9.0/witchcityrope.infrastructure.tests.dll" id="b3ced23f-cb6e-2a17-6541-3fac83d667d8">
      <Execution id="d84e3333-d4d5-4e60-b84b-ad94520133b4" />
      <TestMethod codeBase="/home/chad/repos/witchcityrope-react/tests/WitchCityRope.Infrastructure.Tests/bin/Debug/net9.0/WitchCityRope.Infrastructure.Tests.dll" adapterTypeName="executor://xunit/VsTestRunner3/netcore/" className="WitchCityRope.Infrastructure.Tests.PayPal.PayPalServiceTests" name="CreatePaymentIntentAsync_Should_Handle_Exceptions" />
    </UnitTest>
    <UnitTest name="WitchCityRope.Infrastructure.Tests.PayPal.PayPalServiceTests.ProcessRefundAsync_Should_Handle_Exceptions" storage="/home/chad/repos/witchcityrope-react/tests/witchcityrope.infrastructure.tests/bin/debug/net9.0/witchcityrope.infrastructure.tests.dll" id="10d1fa48-3361-6849-5e5d-c459122ca60e">
      <Execution id="bf86cbbb-68f1-43b0-a518-97c57e693439" />
      <TestMethod codeBase="/home/chad/repos/witchcityrope-react/tests/WitchCityRope.Infrastructure.Tests/bin/Debug/net9.0/WitchCityRope.Infrastructure.Tests.dll" adapterTypeName="executor://xunit/VsTestRunner3/netcore/" className="WitchCityRope.Infrastructure.Tests.PayPal.PayPalServiceTests" name="ProcessRefundAsync_Should_Handle_Exceptions" />
    </UnitTest>
    <UnitTest name="WitchCityRope.Infrastructure.Tests.Security.EncryptionServiceTests.EncryptAsync_Should_Return_Empty_String_For_Empty_Input" storage="/home/chad/repos/witchcityrope-react/tests/witchcityrope.infrastructure.tests/bin/debug/net9.0/witchcityrope.infrastructure.tests.dll" id="548a09d3-4fa2-75df-faa2-e267f1d73899">
      <Execution id="d15261d5-0b10-4d28-93f8-1de2fbe5bf67" />
      <TestMethod codeBase="/home/chad/repos/witchcityrope-react/tests/WitchCityRope.Infrastructure.Tests/bin/Debug/net9.0/WitchCityRope.Infrastructure.Tests.dll" adapterTypeName="executor://xunit/VsTestRunner3/netcore/" className="WitchCityRope.Infrastructure.Tests.Security.EncryptionServiceTests" name="EncryptAsync_Should_Return_Empty_String_For_Empty_Input" />
    </UnitTest>
    <UnitTest name="WitchCityRope.Infrastructure.Tests.HealthChecks.ServiceHealthCheckTests.VerifyPostgreSqlIsAccessible" storage="/home/chad/repos/witchcityrope-react/tests/witchcityrope.infrastructure.tests/bin/debug/net9.0/witchcityrope.infrastructure.tests.dll" id="56ac9038-d5af-357d-c5c6-ae72257e3f00">
      <Properties>
        <Property Key="Category" Value="HealthCheck" />
      </Properties>
      <Execution id="42729e37-fed6-4a1f-81c7-7ead4302bc5b" />
      <TestMethod codeBase="/home/chad/repos/witchcityrope-react/tests/WitchCityRope.Infrastructure.Tests/bin/Debug/net9.0/WitchCityRope.Infrastructure.Tests.dll" adapterTypeName="executor://xunit/VsTestRunner3/netcore/" className="WitchCityRope.Infrastructure.Tests.HealthChecks.ServiceHealthCheckTests" name="VerifyPostgreSqlIsAccessible" />
    </UnitTest>
    <UnitTest name="WitchCityRope.Infrastructure.Tests.Security.EncryptionServiceTests.VerifyHash_Should_Return_True_For_Correct_Password" storage="/home/chad/repos/witchcityrope-react/tests/witchcityrope.infrastructure.tests/bin/debug/net9.0/witchcityrope.infrastructure.tests.dll" id="ed657ece-8209-9b5b-aeeb-ee1e361b80b6">
      <Execution id="413a4b5b-0451-4c33-9f65-aee8648b84e8" />
      <TestMethod codeBase="/home/chad/repos/witchcityrope-react/tests/WitchCityRope.Infrastructure.Tests/bin/Debug/net9.0/WitchCityRope.Infrastructure.Tests.dll" adapterTypeName="executor://xunit/VsTestRunner3/netcore/" className="WitchCityRope.Infrastructure.Tests.Security.EncryptionServiceTests" name="VerifyHash_Should_Return_True_For_Correct_Password" />
    </UnitTest>
    <UnitTest name="WitchCityRope.Infrastructure.Tests.Security.JwtTokenServiceTests.GenerateRefreshToken_Should_Create_Valid_Base64_String" storage="/home/chad/repos/witchcityrope-react/tests/witchcityrope.infrastructure.tests/bin/debug/net9.0/witchcityrope.infrastructure.tests.dll" id="6555fe8c-88a8-9430-9c04-a65f7276a0ba">
      <Execution id="38e5f46e-d227-4bab-bb06-3635bcd19110" />
      <TestMethod codeBase="/home/chad/repos/witchcityrope-react/tests/WitchCityRope.Infrastructure.Tests/bin/Debug/net9.0/WitchCityRope.Infrastructure.Tests.dll" adapterTypeName="executor://xunit/VsTestRunner3/netcore/" className="WitchCityRope.Infrastructure.Tests.Security.JwtTokenServiceTests" name="GenerateRefreshToken_Should_Create_Valid_Base64_String" />
    </UnitTest>
    <UnitTest name="WitchCityRope.Infrastructure.Tests.Email.EmailServiceTests.SendEmailAsync_Should_Return_False_When_Exception_Occurs" storage="/home/chad/repos/witchcityrope-react/tests/witchcityrope.infrastructure.tests/bin/debug/net9.0/witchcityrope.infrastructure.tests.dll" id="00fb0efe-ac5c-dcca-7bdb-1e3f8783f943">
      <Properties>
        <Property Key="Category" Value="SkippedFeature" />
      </Properties>
      <Execution id="7dec1152-669e-4b5b-8117-a070439dc9e9" />
      <TestMethod codeBase="/home/chad/repos/witchcityrope-react/tests/WitchCityRope.Infrastructure.Tests/bin/Debug/net9.0/WitchCityRope.Infrastructure.Tests.dll" adapterTypeName="executor://xunit/VsTestRunner3/netcore/" className="WitchCityRope.Infrastructure.Tests.Email.EmailServiceTests" name="SendEmailAsync_Should_Return_False_When_Exception_Occurs" />
    </UnitTest>
    <UnitTest name="WitchCityRope.Infrastructure.Tests.Data.ComplexQueryTests.Should_Handle_Complex_Filtering_And_Sorting" storage="/home/chad/repos/witchcityrope-react/tests/witchcityrope.infrastructure.tests/bin/debug/net9.0/witchcityrope.infrastructure.tests.dll" id="ce5d819c-5ce5-57c8-bafb-b7d7723680d9">
      <Execution id="63a529af-e27f-4828-8a72-49e9178cbb60" />
      <TestMethod codeBase="/home/chad/repos/witchcityrope-react/tests/WitchCityRope.Infrastructure.Tests/bin/Debug/net9.0/WitchCityRope.Infrastructure.Tests.dll" adapterTypeName="executor://xunit/VsTestRunner3/netcore/" className="WitchCityRope.Infrastructure.Tests.Data.ComplexQueryTests" name="Should_Handle_Complex_Filtering_And_Sorting" />
    </UnitTest>
    <UnitTest name="WitchCityRope.Infrastructure.Tests.Data.ComplexQueryTests.Should_Use_Compiled_Query_For_Performance" storage="/home/chad/repos/witchcityrope-react/tests/witchcityrope.infrastructure.tests/bin/debug/net9.0/witchcityrope.infrastructure.tests.dll" id="bd31f24b-8a56-ffab-1b6d-032aa810c6a3">
      <Execution id="9686453a-38e6-44b4-904d-0ec0df21ed3c" />
      <TestMethod codeBase="/home/chad/repos/witchcityrope-react/tests/WitchCityRope.Infrastructure.Tests/bin/Debug/net9.0/WitchCityRope.Infrastructure.Tests.dll" adapterTypeName="executor://xunit/VsTestRunner3/netcore/" className="WitchCityRope.Infrastructure.Tests.Data.ComplexQueryTests" name="Should_Use_Compiled_Query_For_Performance" />
    </UnitTest>
    <UnitTest name="WitchCityRope.Infrastructure.Tests.Data.ComplexQueryTests.Should_Query_User_Registration_History" storage="/home/chad/repos/witchcityrope-react/tests/witchcityrope.infrastructure.tests/bin/debug/net9.0/witchcityrope.infrastructure.tests.dll" id="42dc7df1-96a1-4d9a-de82-432b5eb500ec">
      <Execution id="37832609-f232-4b3a-9f8b-63ad7675c9de" />
      <TestMethod codeBase="/home/chad/repos/witchcityrope-react/tests/WitchCityRope.Infrastructure.Tests/bin/Debug/net9.0/WitchCityRope.Infrastructure.Tests.dll" adapterTypeName="executor://xunit/VsTestRunner3/netcore/" className="WitchCityRope.Infrastructure.Tests.Data.ComplexQueryTests" name="Should_Query_User_Registration_History" />
    </UnitTest>
    <UnitTest name="WitchCityRope.Infrastructure.Tests.Email.EmailServiceTests.SendTemplateEmailAsync_Should_Throw_For_Unknown_Template" storage="/home/chad/repos/witchcityrope-react/tests/witchcityrope.infrastructure.tests/bin/debug/net9.0/witchcityrope.infrastructure.tests.dll" id="2c2006c0-221d-554f-297a-e29ef198d5bd">
      <Properties>
        <Property Key="Category" Value="SkippedFeature" />
      </Properties>
      <Execution id="c444ef58-797c-4032-9a85-7425c23367a8" />
      <TestMethod codeBase="/home/chad/repos/witchcityrope-react/tests/WitchCityRope.Infrastructure.Tests/bin/Debug/net9.0/WitchCityRope.Infrastructure.Tests.dll" adapterTypeName="executor://xunit/VsTestRunner3/netcore/" className="WitchCityRope.Infrastructure.Tests.Email.EmailServiceTests" name="SendTemplateEmailAsync_Should_Throw_For_Unknown_Template" />
    </UnitTest>
    <UnitTest name="WitchCityRope.Infrastructure.Tests.Data.ConcurrencyTests.Should_Handle_Optimistic_Concurrency_With_RowVersion" storage="/home/chad/repos/witchcityrope-react/tests/witchcityrope.infrastructure.tests/bin/debug/net9.0/witchcityrope.infrastructure.tests.dll" id="0cf7ed9f-4d8e-2f0c-2cb2-fcd1f0c857e6">
      <Execution id="215efc6c-cbb2-45d1-b797-72fc7cbabfc5" />
      <TestMethod codeBase="/home/chad/repos/witchcityrope-react/tests/WitchCityRope.Infrastructure.Tests/bin/Debug/net9.0/WitchCityRope.Infrastructure.Tests.dll" adapterTypeName="executor://xunit/VsTestRunner3/netcore/" className="WitchCityRope.Infrastructure.Tests.Data.ConcurrencyTests" name="Should_Handle_Optimistic_Concurrency_With_RowVersion" />
    </UnitTest>
    <UnitTest name="WitchCityRope.Infrastructure.Tests.Data.EntityConfigurationTests.Should_Enforce_String_Length_Constraints" storage="/home/chad/repos/witchcityrope-react/tests/witchcityrope.infrastructure.tests/bin/debug/net9.0/witchcityrope.infrastructure.tests.dll" id="29bc5121-cf60-36a7-57b9-1ab204e81280">
      <Execution id="c5f686cf-be1a-4636-96e8-f57dc164cc4d" />
      <TestMethod codeBase="/home/chad/repos/witchcityrope-react/tests/WitchCityRope.Infrastructure.Tests/bin/Debug/net9.0/WitchCityRope.Infrastructure.Tests.dll" adapterTypeName="executor://xunit/VsTestRunner3/netcore/" className="WitchCityRope.Infrastructure.Tests.Data.EntityConfigurationTests" name="Should_Enforce_String_Length_Constraints" />
    </UnitTest>
    <UnitTest name="WitchCityRope.Infrastructure.Tests.PayPal.PayPalServiceTests.GetPaymentStatusAsync_Should_Return_Pending_Status" storage="/home/chad/repos/witchcityrope-react/tests/witchcityrope.infrastructure.tests/bin/debug/net9.0/witchcityrope.infrastructure.tests.dll" id="3902fe4d-f17d-5d21-4746-ba713fd0b58c">
      <Execution id="944ca95f-f50a-4487-945d-53c8dfd68927" />
      <TestMethod codeBase="/home/chad/repos/witchcityrope-react/tests/WitchCityRope.Infrastructure.Tests/bin/Debug/net9.0/WitchCityRope.Infrastructure.Tests.dll" adapterTypeName="executor://xunit/VsTestRunner3/netcore/" className="WitchCityRope.Infrastructure.Tests.PayPal.PayPalServiceTests" name="GetPaymentStatusAsync_Should_Return_Pending_Status" />
    </UnitTest>
    <UnitTest name="WitchCityRope.Infrastructure.Tests.Data.MigrationTests.Should_Create_Correct_Foreign_Keys" storage="/home/chad/repos/witchcityrope-react/tests/witchcityrope.infrastructure.tests/bin/debug/net9.0/witchcityrope.infrastructure.tests.dll" id="0c01b91e-1f31-c944-fe79-657241846334">
      <Execution id="47eeb213-cee8-48fb-b666-af77e3a7baf1" />
      <TestMethod codeBase="/home/chad/repos/witchcityrope-react/tests/WitchCityRope.Infrastructure.Tests/bin/Debug/net9.0/WitchCityRope.Infrastructure.Tests.dll" adapterTypeName="executor://xunit/VsTestRunner3/netcore/" className="WitchCityRope.Infrastructure.Tests.Data.MigrationTests" name="Should_Create_Correct_Foreign_Keys" />
    </UnitTest>
    <UnitTest name="WitchCityRope.Infrastructure.Tests.Security.EncryptionServiceTests.VerifyHash_Should_Return_False_For_Null_PlainText" storage="/home/chad/repos/witchcityrope-react/tests/witchcityrope.infrastructure.tests/bin/debug/net9.0/witchcityrope.infrastructure.tests.dll" id="f768ae59-36e8-7994-fc40-60be4f478e46">
      <Execution id="48aa7b37-4d19-4e1f-a63a-9863475a3ff8" />
      <TestMethod codeBase="/home/chad/repos/witchcityrope-react/tests/WitchCityRope.Infrastructure.Tests/bin/Debug/net9.0/WitchCityRope.Infrastructure.Tests.dll" adapterTypeName="executor://xunit/VsTestRunner3/netcore/" className="WitchCityRope.Infrastructure.Tests.Security.EncryptionServiceTests" name="VerifyHash_Should_Return_False_For_Null_PlainText" />
    </UnitTest>
    <UnitTest name="WitchCityRope.Infrastructure.Tests.Security.EncryptionServiceTests.Encryption_Should_Be_Deterministic_With_Same_Key" storage="/home/chad/repos/witchcityrope-react/tests/witchcityrope.infrastructure.tests/bin/debug/net9.0/witchcityrope.infrastructure.tests.dll" id="fb57c710-b9e2-ed4a-59de-d5901369c26e">
      <Execution id="cc54af44-0c41-4828-a09b-67c4e1503573" />
      <TestMethod codeBase="/home/chad/repos/witchcityrope-react/tests/WitchCityRope.Infrastructure.Tests/bin/Debug/net9.0/WitchCityRope.Infrastructure.Tests.dll" adapterTypeName="executor://xunit/VsTestRunner3/netcore/" className="WitchCityRope.Infrastructure.Tests.Security.EncryptionServiceTests" name="Encryption_Should_Be_Deterministic_With_Same_Key" />
    </UnitTest>
    <UnitTest name="WitchCityRope.Infrastructure.Tests.Security.EncryptionServiceTests.VerifyHash_Should_Return_False_For_Incorrect_Password" storage="/home/chad/repos/witchcityrope-react/tests/witchcityrope.infrastructure.tests/bin/debug/net9.0/witchcityrope.infrastructure.tests.dll" id="38d9a3a3-e1c3-68c6-2d7a-903c09e97244">
      <Execution id="e663feab-003b-499a-9c7b-b20d7332b617" />
      <TestMethod codeBase="/home/chad/repos/witchcityrope-react/tests/WitchCityRope.Infrastructure.Tests/bin/Debug/net9.0/WitchCityRope.Infrastructure.Tests.dll" adapterTypeName="executor://xunit/VsTestRunner3/netcore/" className="WitchCityRope.Infrastructure.Tests.Security.EncryptionServiceTests" name="VerifyHash_Should_Return_False_For_Incorrect_Password" />
    </UnitTest>
    <UnitTest name="WitchCityRope.Infrastructure.Tests.Security.JwtTokenServiceTests.ValidateToken_Should_Return_ClaimsPrincipal_For_Valid_Token" storage="/home/chad/repos/witchcityrope-react/tests/witchcityrope.infrastructure.tests/bin/debug/net9.0/witchcityrope.infrastructure.tests.dll" id="c47800aa-74e3-7062-c49c-f84225a43c10">
      <Execution id="38e6677d-f7e8-4f74-8a42-3f577efa5d4b" />
      <TestMethod codeBase="/home/chad/repos/witchcityrope-react/tests/WitchCityRope.Infrastructure.Tests/bin/Debug/net9.0/WitchCityRope.Infrastructure.Tests.dll" adapterTypeName="executor://xunit/VsTestRunner3/netcore/" className="WitchCityRope.Infrastructure.Tests.Security.JwtTokenServiceTests" name="ValidateToken_Should_Return_ClaimsPrincipal_For_Valid_Token" />
    </UnitTest>
    <UnitTest name="WitchCityRope.Infrastructure.Tests.HealthChecks.ServiceHealthCheckTests.VerifyReactDevServerIsAccessible" storage="/home/chad/repos/witchcityrope-react/tests/witchcityrope.infrastructure.tests/bin/debug/net9.0/witchcityrope.infrastructure.tests.dll" id="199dcea0-5846-b170-48cb-cb699aae60f1">
      <Properties>
        <Property Key="Category" Value="HealthCheck" />
      </Properties>
      <Execution id="c840cea3-08ec-48bc-a653-43676faea472" />
      <TestMethod codeBase="/home/chad/repos/witchcityrope-react/tests/WitchCityRope.Infrastructure.Tests/bin/Debug/net9.0/WitchCityRope.Infrastructure.Tests.dll" adapterTypeName="executor://xunit/VsTestRunner3/netcore/" className="WitchCityRope.Infrastructure.Tests.HealthChecks.ServiceHealthCheckTests" name="VerifyReactDevServerIsAccessible" />
    </UnitTest>
    <UnitTest name="WitchCityRope.Infrastructure.Tests.HealthChecks.ServiceHealthCheckTests.RunAllHealthChecks" storage="/home/chad/repos/witchcityrope-react/tests/witchcityrope.infrastructure.tests/bin/debug/net9.0/witchcityrope.infrastructure.tests.dll" id="6f307035-ff4a-8fcf-9b20-27631306775c">
      <Properties>
        <Property Key="Category" Value="MasterHealthCheck" />
      </Properties>
      <Execution id="5c0707ba-93db-49db-b0a5-998287453bfb" />
      <TestMethod codeBase="/home/chad/repos/witchcityrope-react/tests/WitchCityRope.Infrastructure.Tests/bin/Debug/net9.0/WitchCityRope.Infrastructure.Tests.dll" adapterTypeName="executor://xunit/VsTestRunner3/netcore/" className="WitchCityRope.Infrastructure.Tests.HealthChecks.ServiceHealthCheckTests" name="RunAllHealthChecks" />
    </UnitTest>
    <UnitTest name="WitchCityRope.Infrastructure.Tests.Data.EntityConfigurationTests.Money_ValueObject_Should_Be_Stored_Correctly" storage="/home/chad/repos/witchcityrope-react/tests/witchcityrope.infrastructure.tests/bin/debug/net9.0/witchcityrope.infrastructure.tests.dll" id="ce3791cd-d401-3567-856e-b206412930a4">
      <Execution id="42b9963e-c1e7-4e46-b7aa-b1183ae2a204" />
      <TestMethod codeBase="/home/chad/repos/witchcityrope-react/tests/WitchCityRope.Infrastructure.Tests/bin/Debug/net9.0/WitchCityRope.Infrastructure.Tests.dll" adapterTypeName="executor://xunit/VsTestRunner3/netcore/" className="WitchCityRope.Infrastructure.Tests.Data.EntityConfigurationTests" name="Money_ValueObject_Should_Be_Stored_Correctly" />
    </UnitTest>
    <UnitTest name="WitchCityRope.Infrastructure.Tests.Security.EncryptionServiceTests.Encrypt_Should_Produce_Different_Results_For_Different_Inputs" storage="/home/chad/repos/witchcityrope-react/tests/witchcityrope.infrastructure.tests/bin/debug/net9.0/witchcityrope.infrastructure.tests.dll" id="3f3e0fb4-368b-d4ed-b267-a4543a24e99c">
      <Execution id="925ab70e-0d83-49c9-88ad-70ce341a9899" />
      <TestMethod codeBase="/home/chad/repos/witchcityrope-react/tests/WitchCityRope.Infrastructure.Tests/bin/Debug/net9.0/WitchCityRope.Infrastructure.Tests.dll" adapterTypeName="executor://xunit/VsTestRunner3/netcore/" className="WitchCityRope.Infrastructure.Tests.Security.EncryptionServiceTests" name="Encrypt_Should_Produce_Different_Results_For_Different_Inputs" />
    </UnitTest>
    <UnitTest name="WitchCityRope.Infrastructure.Tests.Data.EntityConfigurationTests.User_Configuration_Should_Store_Value_Objects_Correctly" storage="/home/chad/repos/witchcityrope-react/tests/witchcityrope.infrastructure.tests/bin/debug/net9.0/witchcityrope.infrastructure.tests.dll" id="26b9f878-3757-489b-6626-eca8d0f72307">
      <Execution id="aa8cdd5c-a723-46ca-bb8c-fa70be2cefe4" />
      <TestMethod codeBase="/home/chad/repos/witchcityrope-react/tests/WitchCityRope.Infrastructure.Tests/bin/Debug/net9.0/WitchCityRope.Infrastructure.Tests.dll" adapterTypeName="executor://xunit/VsTestRunner3/netcore/" className="WitchCityRope.Infrastructure.Tests.Data.EntityConfigurationTests" name="User_Configuration_Should_Store_Value_Objects_Correctly" />
    </UnitTest>
    <UnitTest name="WitchCityRope.Infrastructure.Tests.Security.JwtTokenServiceTests.GenerateToken_Should_Include_All_Required_Claims" storage="/home/chad/repos/witchcityrope-react/tests/witchcityrope.infrastructure.tests/bin/debug/net9.0/witchcityrope.infrastructure.tests.dll" id="f40dcb59-5570-8947-4c85-82c6660d5c47">
      <Execution id="040e7390-7856-4f69-95b7-7191c29bfd79" />
      <TestMethod codeBase="/home/chad/repos/witchcityrope-react/tests/WitchCityRope.Infrastructure.Tests/bin/Debug/net9.0/WitchCityRope.Infrastructure.Tests.dll" adapterTypeName="executor://xunit/VsTestRunner3/netcore/" className="WitchCityRope.Infrastructure.Tests.Security.JwtTokenServiceTests" name="GenerateToken_Should_Include_All_Required_Claims" />
    </UnitTest>
    <UnitTest name="WitchCityRope.Infrastructure.Tests.Security.JwtTokenServiceTests.GenerateToken_Should_Set_Correct_Issuer_And_Audience" storage="/home/chad/repos/witchcityrope-react/tests/witchcityrope.infrastructure.tests/bin/debug/net9.0/witchcityrope.infrastructure.tests.dll" id="4da0ee18-6138-8500-2970-48f2f82bb88d">
      <Execution id="8b975c81-5c82-4e87-a92d-fbfc84a46abd" />
      <TestMethod codeBase="/home/chad/repos/witchcityrope-react/tests/WitchCityRope.Infrastructure.Tests/bin/Debug/net9.0/WitchCityRope.Infrastructure.Tests.dll" adapterTypeName="executor://xunit/VsTestRunner3/netcore/" className="WitchCityRope.Infrastructure.Tests.Security.JwtTokenServiceTests" name="GenerateToken_Should_Set_Correct_Issuer_And_Audience" />
    </UnitTest>
    <UnitTest name="WitchCityRope.Infrastructure.Tests.Security.JwtTokenServiceTests.Token_Should_Work_With_Default_Configuration" storage="/home/chad/repos/witchcityrope-react/tests/witchcityrope.infrastructure.tests/bin/debug/net9.0/witchcityrope.infrastructure.tests.dll" id="82b79749-a163-881a-8fc3-03b8db75e151">
      <Execution id="eaae97d0-18b7-4483-8f9e-31d9c5747437" />
      <TestMethod codeBase="/home/chad/repos/witchcityrope-react/tests/WitchCityRope.Infrastructure.Tests/bin/Debug/net9.0/WitchCityRope.Infrastructure.Tests.dll" adapterTypeName="executor://xunit/VsTestRunner3/netcore/" className="WitchCityRope.Infrastructure.Tests.Security.JwtTokenServiceTests" name="Token_Should_Work_With_Default_Configuration" />
    </UnitTest>
    <UnitTest name="WitchCityRope.Infrastructure.Tests.Security.JwtTokenServiceTests.Constructor_Should_Throw_When_Configuration_Is_Null" storage="/home/chad/repos/witchcityrope-react/tests/witchcityrope.infrastructure.tests/bin/debug/net9.0/witchcityrope.infrastructure.tests.dll" id="13978cf6-8116-d9d2-5159-ee260bc86d7b">
      <Execution id="465f79f4-d7b8-42ca-be5b-305784c20987" />
      <TestMethod codeBase="/home/chad/repos/witchcityrope-react/tests/WitchCityRope.Infrastructure.Tests/bin/Debug/net9.0/WitchCityRope.Infrastructure.Tests.dll" adapterTypeName="executor://xunit/VsTestRunner3/netcore/" className="WitchCityRope.Infrastructure.Tests.Security.JwtTokenServiceTests" name="Constructor_Should_Throw_When_Configuration_Is_Null" />
    </UnitTest>
    <UnitTest name="WitchCityRope.Infrastructure.Tests.Data.WitchCityRopeDbContextTests.Should_Handle_Transactions" storage="/home/chad/repos/witchcityrope-react/tests/witchcityrope.infrastructure.tests/bin/debug/net9.0/witchcityrope.infrastructure.tests.dll" id="fb5b9c38-8b84-314c-709f-5c4f52c1a376">
      <Execution id="cd81ecd4-74b8-4f51-8d56-cde9e7b02b18" />
      <TestMethod codeBase="/home/chad/repos/witchcityrope-react/tests/WitchCityRope.Infrastructure.Tests/bin/Debug/net9.0/WitchCityRope.Infrastructure.Tests.dll" adapterTypeName="executor://xunit/VsTestRunner3/netcore/" className="WitchCityRope.Infrastructure.Tests.Data.WitchCityRopeDbContextTests" name="Should_Handle_Transactions" />
    </UnitTest>
    <UnitTest name="WitchCityRope.Infrastructure.Tests.Data.ComplexQueryTests.Should_Execute_Raw_SQL_Query" storage="/home/chad/repos/witchcityrope-react/tests/witchcityrope.infrastructure.tests/bin/debug/net9.0/witchcityrope.infrastructure.tests.dll" id="4912d116-f7fc-a751-481c-6c5c02960fc1">
      <Execution id="e95515e9-1142-4012-94cd-fb5dc28d4c5e" />
      <TestMethod codeBase="/home/chad/repos/witchcityrope-react/tests/WitchCityRope.Infrastructure.Tests/bin/Debug/net9.0/WitchCityRope.Infrastructure.Tests.dll" adapterTypeName="executor://xunit/VsTestRunner3/netcore/" className="WitchCityRope.Infrastructure.Tests.Data.ComplexQueryTests" name="Should_Execute_Raw_SQL_Query" />
    </UnitTest>
    <UnitTest name="WitchCityRope.Infrastructure.Tests.Security.JwtTokenServiceTests.ValidateToken_Should_Return_Null_For_Wrong_Secret" storage="/home/chad/repos/witchcityrope-react/tests/witchcityrope.infrastructure.tests/bin/debug/net9.0/witchcityrope.infrastructure.tests.dll" id="d421b930-d649-aa53-9320-f0c3bc7b7be4">
      <Execution id="468c628b-fd48-4265-bc68-0bcc7a421aa1" />
      <TestMethod codeBase="/home/chad/repos/witchcityrope-react/tests/WitchCityRope.Infrastructure.Tests/bin/Debug/net9.0/WitchCityRope.Infrastructure.Tests.dll" adapterTypeName="executor://xunit/VsTestRunner3/netcore/" className="WitchCityRope.Infrastructure.Tests.Security.JwtTokenServiceTests" name="ValidateToken_Should_Return_Null_For_Wrong_Secret" />
    </UnitTest>
    <UnitTest name="WitchCityRope.Infrastructure.Tests.PayPal.PayPalServiceTests.ValidatePaymentMethodAsync_Should_Return_False_For_Empty_Method" storage="/home/chad/repos/witchcityrope-react/tests/witchcityrope.infrastructure.tests/bin/debug/net9.0/witchcityrope.infrastructure.tests.dll" id="79cdb1a1-4a9a-f0b2-2460-493cf93bd7f4">
      <Execution id="d405cfcb-e04d-4bc0-a98f-3c2e8161ef07" />
      <TestMethod codeBase="/home/chad/repos/witchcityrope-react/tests/WitchCityRope.Infrastructure.Tests/bin/Debug/net9.0/WitchCityRope.Infrastructure.Tests.dll" adapterTypeName="executor://xunit/VsTestRunner3/netcore/" className="WitchCityRope.Infrastructure.Tests.PayPal.PayPalServiceTests" name="ValidatePaymentMethodAsync_Should_Return_False_For_Empty_Method" />
    </UnitTest>
    <UnitTest name="WitchCityRope.Infrastructure.Tests.Security.JwtTokenServiceTests.GenerateToken_Should_Throw_For_Null_User" storage="/home/chad/repos/witchcityrope-react/tests/witchcityrope.infrastructure.tests/bin/debug/net9.0/witchcityrope.infrastructure.tests.dll" id="748f8264-f4b3-9b6e-bf21-ba9f263ed688">
      <Execution id="f96bfcae-caec-44d8-baea-910b2ab03842" />
      <TestMethod codeBase="/home/chad/repos/witchcityrope-react/tests/WitchCityRope.Infrastructure.Tests/bin/Debug/net9.0/WitchCityRope.Infrastructure.Tests.dll" adapterTypeName="executor://xunit/VsTestRunner3/netcore/" className="WitchCityRope.Infrastructure.Tests.Security.JwtTokenServiceTests" name="GenerateToken_Should_Throw_For_Null_User" />
    </UnitTest>
    <UnitTest name="WitchCityRope.Infrastructure.Tests.PayPal.PayPalServiceTests.CreatePaymentIntentAsync_Should_Return_Valid_Intent" storage="/home/chad/repos/witchcityrope-react/tests/witchcityrope.infrastructure.tests/bin/debug/net9.0/witchcityrope.infrastructure.tests.dll" id="87abcabe-5648-fdf1-3a5d-705e67f3c3fe">
      <Execution id="8a9fd9d5-6c33-4257-8a2c-ca302120b2aa" />
      <TestMethod codeBase="/home/chad/repos/witchcityrope-react/tests/WitchCityRope.Infrastructure.Tests/bin/Debug/net9.0/WitchCityRope.Infrastructure.Tests.dll" adapterTypeName="executor://xunit/VsTestRunner3/netcore/" className="WitchCityRope.Infrastructure.Tests.PayPal.PayPalServiceTests" name="CreatePaymentIntentAsync_Should_Return_Valid_Intent" />
    </UnitTest>
    <UnitTest name="WitchCityRope.Infrastructure.Tests.Security.JwtTokenServiceTests.ValidateToken_Should_Return_Null_For_Wrong_Audience" storage="/home/chad/repos/witchcityrope-react/tests/witchcityrope.infrastructure.tests/bin/debug/net9.0/witchcityrope.infrastructure.tests.dll" id="d29fcc06-571a-4921-ed4b-3a531d140ab9">
      <Execution id="3f63dadc-32a2-404b-b59f-7182420dbac3" />
      <TestMethod codeBase="/home/chad/repos/witchcityrope-react/tests/WitchCityRope.Infrastructure.Tests/bin/Debug/net9.0/WitchCityRope.Infrastructure.Tests.dll" adapterTypeName="executor://xunit/VsTestRunner3/netcore/" className="WitchCityRope.Infrastructure.Tests.Security.JwtTokenServiceTests" name="ValidateToken_Should_Return_Null_For_Wrong_Audience" />
    </UnitTest>
    <UnitTest name="WitchCityRope.Infrastructure.Tests.Security.JwtTokenServiceTests.ValidateToken_Should_Return_Null_For_Invalid_Token" storage="/home/chad/repos/witchcityrope-react/tests/witchcityrope.infrastructure.tests/bin/debug/net9.0/witchcityrope.infrastructure.tests.dll" id="264ab6a2-4596-51c5-876b-2d91f4e645a4">
      <Execution id="dd5fbec9-de57-464f-a9b7-5e93b8a7fb3d" />
      <TestMethod codeBase="/home/chad/repos/witchcityrope-react/tests/WitchCityRope.Infrastructure.Tests/bin/Debug/net9.0/WitchCityRope.Infrastructure.Tests.dll" adapterTypeName="executor://xunit/VsTestRunner3/netcore/" className="WitchCityRope.Infrastructure.Tests.Security.JwtTokenServiceTests" name="ValidateToken_Should_Return_Null_For_Invalid_Token" />
    </UnitTest>
    <UnitTest name="WitchCityRope.Infrastructure.Tests.Email.EmailServiceTests.SendBulkEmailAsync_Should_Send_To_Multiple_Recipients" storage="/home/chad/repos/witchcityrope-react/tests/witchcityrope.infrastructure.tests/bin/debug/net9.0/witchcityrope.infrastructure.tests.dll" id="d34ced5e-61be-8db1-2a33-5a0519fd37ce">
      <Properties>
        <Property Key="Category" Value="SkippedFeature" />
      </Properties>
      <Execution id="18a8a444-0c13-4cdc-8b17-d789575d07d2" />
      <TestMethod codeBase="/home/chad/repos/witchcityrope-react/tests/WitchCityRope.Infrastructure.Tests/bin/Debug/net9.0/WitchCityRope.Infrastructure.Tests.dll" adapterTypeName="executor://xunit/VsTestRunner3/netcore/" className="WitchCityRope.Infrastructure.Tests.Email.EmailServiceTests" name="SendBulkEmailAsync_Should_Send_To_Multiple_Recipients" />
    </UnitTest>
    <UnitTest name="WitchCityRope.Infrastructure.Tests.Data.ComplexQueryTests.Should_Query_Event_Statistics" storage="/home/chad/repos/witchcityrope-react/tests/witchcityrope.infrastructure.tests/bin/debug/net9.0/witchcityrope.infrastructure.tests.dll" id="58073b91-70b6-9fb3-000c-90ec0c036dad">
      <Execution id="4f7c6539-911d-4550-ac6e-5d9fee8c8e1e" />
      <TestMethod codeBase="/home/chad/repos/witchcityrope-react/tests/WitchCityRope.Infrastructure.Tests/bin/Debug/net9.0/WitchCityRope.Infrastructure.Tests.dll" adapterTypeName="executor://xunit/VsTestRunner3/netcore/" className="WitchCityRope.Infrastructure.Tests.Data.ComplexQueryTests" name="Should_Query_Event_Statistics" />
    </UnitTest>
    <UnitTest name="WitchCityRope.Infrastructure.Tests.Data.ConcurrencyTests.Should_Handle_Concurrent_Event_Registration" storage="/home/chad/repos/witchcityrope-react/tests/witchcityrope.infrastructure.tests/bin/debug/net9.0/witchcityrope.infrastructure.tests.dll" id="5b0a3d64-a64f-8568-d161-26c211e26ebb">
      <Execution id="e1dbb2ab-c014-43aa-a16a-d97c17ca5529" />
      <TestMethod codeBase="/home/chad/repos/witchcityrope-react/tests/WitchCityRope.Infrastructure.Tests/bin/Debug/net9.0/WitchCityRope.Infrastructure.Tests.dll" adapterTypeName="executor://xunit/VsTestRunner3/netcore/" className="WitchCityRope.Infrastructure.Tests.Data.ConcurrencyTests" name="Should_Handle_Concurrent_Event_Registration" />
    </UnitTest>
    <UnitTest name="WitchCityRope.Infrastructure.Tests.Data.WitchCityRopeDbContextTests.Should_Handle_Concurrent_Updates" storage="/home/chad/repos/witchcityrope-react/tests/witchcityrope.infrastructure.tests/bin/debug/net9.0/witchcityrope.infrastructure.tests.dll" id="6babc633-5a84-86ce-3dc5-db3fab1babdf">
      <Execution id="c3b0c163-45f2-4699-9349-aa242d27bea8" />
      <TestMethod codeBase="/home/chad/repos/witchcityrope-react/tests/WitchCityRope.Infrastructure.Tests/bin/Debug/net9.0/WitchCityRope.Infrastructure.Tests.dll" adapterTypeName="executor://xunit/VsTestRunner3/netcore/" className="WitchCityRope.Infrastructure.Tests.Data.WitchCityRopeDbContextTests" name="Should_Handle_Concurrent_Updates" />
    </UnitTest>
    <UnitTest name="WitchCityRope.Infrastructure.Tests.Security.EncryptionServiceTests.VerifyHash_Should_Return_False_For_Null_Hash" storage="/home/chad/repos/witchcityrope-react/tests/witchcityrope.infrastructure.tests/bin/debug/net9.0/witchcityrope.infrastructure.tests.dll" id="e006de4c-80eb-9ac9-a4df-a37619cd7add">
      <Execution id="2b8fe7d9-4bb0-42c4-96fc-c180d36652ba" />
      <TestMethod codeBase="/home/chad/repos/witchcityrope-react/tests/WitchCityRope.Infrastructure.Tests/bin/Debug/net9.0/WitchCityRope.Infrastructure.Tests.dll" adapterTypeName="executor://xunit/VsTestRunner3/netcore/" className="WitchCityRope.Infrastructure.Tests.Security.EncryptionServiceTests" name="VerifyHash_Should_Return_False_For_Null_Hash" />
    </UnitTest>
    <UnitTest name="WitchCityRope.Infrastructure.Tests.Security.EncryptionServiceTests.Constructor_Should_Throw_When_Encryption_Key_Is_Missing" storage="/home/chad/repos/witchcityrope-react/tests/witchcityrope.infrastructure.tests/bin/debug/net9.0/witchcityrope.infrastructure.tests.dll" id="ad8c3afd-60d6-cd49-53c0-babc94254028">
      <Execution id="ffe21f47-b683-4c1a-86b8-86e017f73e3d" />
      <TestMethod codeBase="/home/chad/repos/witchcityrope-react/tests/WitchCityRope.Infrastructure.Tests/bin/Debug/net9.0/WitchCityRope.Infrastructure.Tests.dll" adapterTypeName="executor://xunit/VsTestRunner3/netcore/" className="WitchCityRope.Infrastructure.Tests.Security.EncryptionServiceTests" name="Constructor_Should_Throw_When_Encryption_Key_Is_Missing" />
    </UnitTest>
    <UnitTest name="WitchCityRope.Infrastructure.Tests.PayPal.PayPalServiceTests.GetPaymentStatusAsync_Should_Return_Failed_On_Exception" storage="/home/chad/repos/witchcityrope-react/tests/witchcityrope.infrastructure.tests/bin/debug/net9.0/witchcityrope.infrastructure.tests.dll" id="a4c6dfe2-8692-442a-7687-11fe74a57291">
      <Execution id="45aa1be7-072b-41ba-a29b-6b6984675fba" />
      <TestMethod codeBase="/home/chad/repos/witchcityrope-react/tests/WitchCityRope.Infrastructure.Tests/bin/Debug/net9.0/WitchCityRope.Infrastructure.Tests.dll" adapterTypeName="executor://xunit/VsTestRunner3/netcore/" className="WitchCityRope.Infrastructure.Tests.PayPal.PayPalServiceTests" name="GetPaymentStatusAsync_Should_Return_Failed_On_Exception" />
    </UnitTest>
    <UnitTest name="WitchCityRope.Infrastructure.Tests.Data.MigrationTests.Should_Create_Correct_Indexes" storage="/home/chad/repos/witchcityrope-react/tests/witchcityrope.infrastructure.tests/bin/debug/net9.0/witchcityrope.infrastructure.tests.dll" id="13bd86c6-f19a-69a0-47da-45392f474030">
      <Execution id="a16cd9a5-c23e-4de9-89e1-59152aac9115" />
      <TestMethod codeBase="/home/chad/repos/witchcityrope-react/tests/WitchCityRope.Infrastructure.Tests/bin/Debug/net9.0/WitchCityRope.Infrastructure.Tests.dll" adapterTypeName="executor://xunit/VsTestRunner3/netcore/" className="WitchCityRope.Infrastructure.Tests.Data.MigrationTests" name="Should_Create_Correct_Indexes" />
    </UnitTest>
    <UnitTest name="WitchCityRope.Infrastructure.Tests.Security.EncryptionServiceTests.DecryptAsync_Should_Return_Null_For_Null_Input" storage="/home/chad/repos/witchcityrope-react/tests/witchcityrope.infrastructure.tests/bin/debug/net9.0/witchcityrope.infrastructure.tests.dll" id="41ae648d-7fc7-ba2f-c06a-44229c2bffd5">
      <Execution id="747f4268-2af0-4e17-b48b-ebe48d23ed8a" />
      <TestMethod codeBase="/home/chad/repos/witchcityrope-react/tests/WitchCityRope.Infrastructure.Tests/bin/Debug/net9.0/WitchCityRope.Infrastructure.Tests.dll" adapterTypeName="executor://xunit/VsTestRunner3/netcore/" className="WitchCityRope.Infrastructure.Tests.Security.EncryptionServiceTests" name="DecryptAsync_Should_Return_Null_For_Null_Input" />
    </UnitTest>
    <UnitTest name="WitchCityRope.Infrastructure.Tests.Security.JwtTokenServiceTests.ValidateToken_Should_Return_Null_For_Wrong_Issuer" storage="/home/chad/repos/witchcityrope-react/tests/witchcityrope.infrastructure.tests/bin/debug/net9.0/witchcityrope.infrastructure.tests.dll" id="3b3ecbd9-1b3c-f621-f2e4-19cb21a63a18">
      <Execution id="c4be2f8c-4b4e-4aed-a536-aac90fbaec9d" />
      <TestMethod codeBase="/home/chad/repos/witchcityrope-react/tests/WitchCityRope.Infrastructure.Tests/bin/Debug/net9.0/WitchCityRope.Infrastructure.Tests.dll" adapterTypeName="executor://xunit/VsTestRunner3/netcore/" className="WitchCityRope.Infrastructure.Tests.Security.JwtTokenServiceTests" name="ValidateToken_Should_Return_Null_For_Wrong_Issuer" />
    </UnitTest>
    <UnitTest name="WitchCityRope.Infrastructure.Tests.Data.ConcurrencyTests.Should_Handle_Concurrent_Aggregate_Updates" storage="/home/chad/repos/witchcityrope-react/tests/witchcityrope.infrastructure.tests/bin/debug/net9.0/witchcityrope.infrastructure.tests.dll" id="db381720-6b9c-2cfb-d4c6-17232fdeef3b">
      <Execution id="a978d88d-4f9c-4274-8929-2b9060ef6370" />
      <TestMethod codeBase="/home/chad/repos/witchcityrope-react/tests/WitchCityRope.Infrastructure.Tests/bin/Debug/net9.0/WitchCityRope.Infrastructure.Tests.dll" adapterTypeName="executor://xunit/VsTestRunner3/netcore/" className="WitchCityRope.Infrastructure.Tests.Data.ConcurrencyTests" name="Should_Handle_Concurrent_Aggregate_Updates" />
    </UnitTest>
    <UnitTest name="WitchCityRope.Infrastructure.Tests.Security.EncryptionServiceTests.VerifyHash_Should_Return_False_For_Invalid_Hash" storage="/home/chad/repos/witchcityrope-react/tests/witchcityrope.infrastructure.tests/bin/debug/net9.0/witchcityrope.infrastructure.tests.dll" id="c99a566a-1630-a491-7e5a-d1e5db3d6a74">
      <Execution id="4f810ccc-1004-4b76-bc50-17a63150163e" />
      <TestMethod codeBase="/home/chad/repos/witchcityrope-react/tests/WitchCityRope.Infrastructure.Tests/bin/Debug/net9.0/WitchCityRope.Infrastructure.Tests.dll" adapterTypeName="executor://xunit/VsTestRunner3/netcore/" className="WitchCityRope.Infrastructure.Tests.Security.EncryptionServiceTests" name="VerifyHash_Should_Return_False_For_Invalid_Hash" />
    </UnitTest>
    <UnitTest name="WitchCityRope.Infrastructure.Tests.Data.EntityConfigurationTests.User_Configuration_Should_Enforce_Unique_Email" storage="/home/chad/repos/witchcityrope-react/tests/witchcityrope.infrastructure.tests/bin/debug/net9.0/witchcityrope.infrastructure.tests.dll" id="41de6ffd-df72-f5d2-e6b2-2548e17c369e">
      <Execution id="d585a46d-4701-4611-ae27-a532a0fbf9ca" />
      <TestMethod codeBase="/home/chad/repos/witchcityrope-react/tests/WitchCityRope.Infrastructure.Tests/bin/Debug/net9.0/WitchCityRope.Infrastructure.Tests.dll" adapterTypeName="executor://xunit/VsTestRunner3/netcore/" className="WitchCityRope.Infrastructure.Tests.Data.EntityConfigurationTests" name="User_Configuration_Should_Enforce_Unique_Email" />
    </UnitTest>
    <UnitTest name="WitchCityRope.Infrastructure.Tests.Email.EmailServiceTests.SendCancellationConfirmationAsync_Should_Include_Refund_When_Provided" storage="/home/chad/repos/witchcityrope-react/tests/witchcityrope.infrastructure.tests/bin/debug/net9.0/witchcityrope.infrastructure.tests.dll" id="1ae5ff30-1a08-cfcb-e755-65a04829e2b4">
      <Properties>
        <Property Key="Category" Value="SkippedFeature" />
      </Properties>
      <Execution id="b2df3a8b-d519-426d-bfed-d6f0e9316195" />
      <TestMethod codeBase="/home/chad/repos/witchcityrope-react/tests/WitchCityRope.Infrastructure.Tests/bin/Debug/net9.0/WitchCityRope.Infrastructure.Tests.dll" adapterTypeName="executor://xunit/VsTestRunner3/netcore/" className="WitchCityRope.Infrastructure.Tests.Email.EmailServiceTests" name="SendCancellationConfirmationAsync_Should_Include_Refund_When_Provided" />
    </UnitTest>
    <UnitTest name="WitchCityRope.Infrastructure.Tests.PayPal.PayPalServiceTests.ValidatePaymentMethodAsync_Should_Return_True_For_Valid_Method" storage="/home/chad/repos/witchcityrope-react/tests/witchcityrope.infrastructure.tests/bin/debug/net9.0/witchcityrope.infrastructure.tests.dll" id="db6885b0-37d4-5f8a-fb24-1dbff7efe7b0">
      <Execution id="0b461c83-ac3b-46cc-abfc-b1ff76910c2d" />
      <TestMethod codeBase="/home/chad/repos/witchcityrope-react/tests/WitchCityRope.Infrastructure.Tests/bin/Debug/net9.0/WitchCityRope.Infrastructure.Tests.dll" adapterTypeName="executor://xunit/VsTestRunner3/netcore/" className="WitchCityRope.Infrastructure.Tests.PayPal.PayPalServiceTests" name="ValidatePaymentMethodAsync_Should_Return_True_For_Valid_Method" />
    </UnitTest>
    <UnitTest name="WitchCityRope.Infrastructure.Tests.Email.EmailServiceTests.SendBulkEmailAsync_Should_Batch_Large_Recipient_Lists" storage="/home/chad/repos/witchcityrope-react/tests/witchcityrope.infrastructure.tests/bin/debug/net9.0/witchcityrope.infrastructure.tests.dll" id="646327bb-2edb-21ab-b78e-1f2eefc3c0b3">
      <Properties>
        <Property Key="Category" Value="SkippedFeature" />
      </Properties>
      <Execution id="9ea6013d-e7dd-4601-87a2-f87a52d04b4b" />
      <TestMethod codeBase="/home/chad/repos/witchcityrope-react/tests/WitchCityRope.Infrastructure.Tests/bin/Debug/net9.0/WitchCityRope.Infrastructure.Tests.dll" adapterTypeName="executor://xunit/VsTestRunner3/netcore/" className="WitchCityRope.Infrastructure.Tests.Email.EmailServiceTests" name="SendBulkEmailAsync_Should_Batch_Large_Recipient_Lists" />
    </UnitTest>
    <UnitTest name="WitchCityRope.Infrastructure.Tests.Data.WitchCityRopeDbContextTests.Should_Update_Audit_Fields_On_Modify" storage="/home/chad/repos/witchcityrope-react/tests/witchcityrope.infrastructure.tests/bin/debug/net9.0/witchcityrope.infrastructure.tests.dll" id="69221b6b-5e06-008b-d928-3f77a40328a2">
      <Execution id="254675bd-7684-4081-b4f0-2b40e5ce3a97" />
      <TestMethod codeBase="/home/chad/repos/witchcityrope-react/tests/WitchCityRope.Infrastructure.Tests/bin/Debug/net9.0/WitchCityRope.Infrastructure.Tests.dll" adapterTypeName="executor://xunit/VsTestRunner3/netcore/" className="WitchCityRope.Infrastructure.Tests.Data.WitchCityRopeDbContextTests" name="Should_Update_Audit_Fields_On_Modify" />
    </UnitTest>
    <UnitTest name="WitchCityRope.Infrastructure.Tests.Email.EmailServiceTests.SendEmailAsync_Should_Return_False_When_SendGrid_Fails" storage="/home/chad/repos/witchcityrope-react/tests/witchcityrope.infrastructure.tests/bin/debug/net9.0/witchcityrope.infrastructure.tests.dll" id="cdbfe0a8-e401-5845-0974-d3e362e0c484">
      <Properties>
        <Property Key="Category" Value="SkippedFeature" />
      </Properties>
      <Execution id="a1079d2c-4b68-4f16-b44f-5b01cfc4fb63" />
      <TestMethod codeBase="/home/chad/repos/witchcityrope-react/tests/WitchCityRope.Infrastructure.Tests/bin/Debug/net9.0/WitchCityRope.Infrastructure.Tests.dll" adapterTypeName="executor://xunit/VsTestRunner3/netcore/" className="WitchCityRope.Infrastructure.Tests.Email.EmailServiceTests" name="SendEmailAsync_Should_Return_False_When_SendGrid_Fails" />
    </UnitTest>
    <UnitTest name="WitchCityRope.Infrastructure.Tests.Security.JwtTokenServiceTests.GetUserIdFromToken_Should_Return_UserId_For_Valid_Token" storage="/home/chad/repos/witchcityrope-react/tests/witchcityrope.infrastructure.tests/bin/debug/net9.0/witchcityrope.infrastructure.tests.dll" id="e21df2cf-ba0a-8810-7404-ab38bf078339">
      <Execution id="a4d3d94f-c35c-49a0-b33a-39fe3e6af229" />
      <TestMethod codeBase="/home/chad/repos/witchcityrope-react/tests/WitchCityRope.Infrastructure.Tests/bin/Debug/net9.0/WitchCityRope.Infrastructure.Tests.dll" adapterTypeName="executor://xunit/VsTestRunner3/netcore/" className="WitchCityRope.Infrastructure.Tests.Security.JwtTokenServiceTests" name="GetUserIdFromToken_Should_Return_UserId_For_Valid_Token" />
    </UnitTest>
    <UnitTest name="WitchCityRope.Infrastructure.Tests.Email.EmailServiceTests.SendBulkEmailAsync_Should_Return_False_If_Any_Batch_Fails" storage="/home/chad/repos/witchcityrope-react/tests/witchcityrope.infrastructure.tests/bin/debug/net9.0/witchcityrope.infrastructure.tests.dll" id="1e096ccc-e723-7491-b653-eb6d07a2b4e3">
      <Properties>
        <Property Key="Category" Value="SkippedFeature" />
      </Properties>
      <Execution id="fe819278-18fe-433d-b06e-fedd1faeb951" />
      <TestMethod codeBase="/home/chad/repos/witchcityrope-react/tests/WitchCityRope.Infrastructure.Tests/bin/Debug/net9.0/WitchCityRope.Infrastructure.Tests.dll" adapterTypeName="executor://xunit/VsTestRunner3/netcore/" className="WitchCityRope.Infrastructure.Tests.Email.EmailServiceTests" name="SendBulkEmailAsync_Should_Return_False_If_Any_Batch_Fails" />
    </UnitTest>
    <UnitTest name="WitchCityRope.Infrastructure.Tests.HealthChecks.ServiceHealthCheckTests.VerifyApiIsHealthy" storage="/home/chad/repos/witchcityrope-react/tests/witchcityrope.infrastructure.tests/bin/debug/net9.0/witchcityrope.infrastructure.tests.dll" id="8ed0db63-d4b8-59af-b405-27a8b6b9bf76">
      <Properties>
        <Property Key="Category" Value="HealthCheck" />
      </Properties>
      <Execution id="3a592b11-72be-4459-b032-86a640de5865" />
      <TestMethod codeBase="/home/chad/repos/witchcityrope-react/tests/WitchCityRope.Infrastructure.Tests/bin/Debug/net9.0/WitchCityRope.Infrastructure.Tests.dll" adapterTypeName="executor://xunit/VsTestRunner3/netcore/" className="WitchCityRope.Infrastructure.Tests.HealthChecks.ServiceHealthCheckTests" name="VerifyApiIsHealthy" />
    </UnitTest>
    <UnitTest name="WitchCityRope.Infrastructure.Tests.Security.EncryptionServiceTests.Hash_Should_Produce_Different_Hashes_For_Same_Input" storage="/home/chad/repos/witchcityrope-react/tests/witchcityrope.infrastructure.tests/bin/debug/net9.0/witchcityrope.infrastructure.tests.dll" id="6a6f6355-9fd4-91c1-101e-d3a4ddbfd9e9">
      <Execution id="ca2682c6-ff94-45d4-a3bb-5aae9056ed2d" />
      <TestMethod codeBase="/home/chad/repos/witchcityrope-react/tests/WitchCityRope.Infrastructure.Tests/bin/Debug/net9.0/WitchCityRope.Infrastructure.Tests.dll" adapterTypeName="executor://xunit/VsTestRunner3/netcore/" className="WitchCityRope.Infrastructure.Tests.Security.EncryptionServiceTests" name="Hash_Should_Produce_Different_Hashes_For_Same_Input" />
    </UnitTest>
    <UnitTest name="WitchCityRope.Infrastructure.Tests.Security.JwtTokenServiceTests.ValidateToken_Should_Return_Null_For_Expired_Token" storage="/home/chad/repos/witchcityrope-react/tests/witchcityrope.infrastructure.tests/bin/debug/net9.0/witchcityrope.infrastructure.tests.dll" id="392c6d3e-7870-0e59-cda0-066a33da3da1">
      <Execution id="6c9e86dd-bdb7-436e-9e47-f081cfa2bb55" />
      <TestMethod codeBase="/home/chad/repos/witchcityrope-react/tests/WitchCityRope.Infrastructure.Tests/bin/Debug/net9.0/WitchCityRope.Infrastructure.Tests.dll" adapterTypeName="executor://xunit/VsTestRunner3/netcore/" className="WitchCityRope.Infrastructure.Tests.Security.JwtTokenServiceTests" name="ValidateToken_Should_Return_Null_For_Expired_Token" />
    </UnitTest>
  </TestDefinitions>
  <TestEntries>
    <TestEntry testId="c6f8c170-4767-1292-4e2d-1c9d883e8f1e" executionId="3587faa4-244c-40b6-b54b-5e7e3a636548" testListId="8c84fa94-04c1-424b-9868-57a2d4851a1d" />
    <TestEntry testId="26b9f878-3757-489b-6626-eca8d0f72307" executionId="aa8cdd5c-a723-46ca-bb8c-fa70be2cefe4" testListId="8c84fa94-04c1-424b-9868-57a2d4851a1d" />
    <TestEntry testId="591200bf-8c10-cbe7-b292-ba438a5b1619" executionId="960d6a12-b4cb-4cfe-bf19-2323e57cd4d8" testListId="8c84fa94-04c1-424b-9868-57a2d4851a1d" />
    <TestEntry testId="b3ced23f-cb6e-2a17-6541-3fac83d667d8" executionId="d84e3333-d4d5-4e60-b84b-ad94520133b4" testListId="8c84fa94-04c1-424b-9868-57a2d4851a1d" />
    <TestEntry testId="9fe6d175-d2ab-6131-d5d1-c65e74e5832a" executionId="5213cc31-5500-4fc2-b407-1b80c99e7633" testListId="8c84fa94-04c1-424b-9868-57a2d4851a1d" />
    <TestEntry testId="1ae5ff30-1a08-cfcb-e755-65a04829e2b4" executionId="b2df3a8b-d519-426d-bfed-d6f0e9316195" testListId="8c84fa94-04c1-424b-9868-57a2d4851a1d" />
    <TestEntry testId="ce5d819c-5ce5-57c8-bafb-b7d7723680d9" executionId="63a529af-e27f-4828-8a72-49e9178cbb60" testListId="8c84fa94-04c1-424b-9868-57a2d4851a1d" />
    <TestEntry testId="239858d9-6523-c1b4-9f7d-78a53c1eac10" executionId="8498ac9c-e203-460e-9488-b2ab81330934" testListId="8c84fa94-04c1-424b-9868-57a2d4851a1d" />
    <TestEntry testId="41de6ffd-df72-f5d2-e6b2-2548e17c369e" executionId="d585a46d-4701-4611-ae27-a532a0fbf9ca" testListId="8c84fa94-04c1-424b-9868-57a2d4851a1d" />
    <TestEntry testId="9720ebaa-d172-feed-39d4-ea0c237a4355" executionId="09fbad41-aa76-453b-be99-4d809e48113c" testListId="8c84fa94-04c1-424b-9868-57a2d4851a1d" />
    <TestEntry testId="0ee62c17-dcae-efb1-3027-07f5ee04a932" executionId="0692a913-5650-4610-a7a3-bb9a029616f1" testListId="8c84fa94-04c1-424b-9868-57a2d4851a1d" />
    <TestEntry testId="12ee414a-a43e-5473-78ad-46199e88b6c7" executionId="86ea296b-c14e-470b-999f-f209635b07bb" testListId="8c84fa94-04c1-424b-9868-57a2d4851a1d" />
    <TestEntry testId="d421b930-d649-aa53-9320-f0c3bc7b7be4" executionId="468c628b-fd48-4265-bc68-0bcc7a421aa1" testListId="8c84fa94-04c1-424b-9868-57a2d4851a1d" />
    <TestEntry testId="db6885b0-37d4-5f8a-fb24-1dbff7efe7b0" executionId="0b461c83-ac3b-46cc-abfc-b1ff76910c2d" testListId="8c84fa94-04c1-424b-9868-57a2d4851a1d" />
    <TestEntry testId="e8fd9f68-55b8-c4bd-47ac-7ccdf891ae01" executionId="2a2dbb43-2f49-41c8-8347-2354fc1a5e59" testListId="8c84fa94-04c1-424b-9868-57a2d4851a1d" />
    <TestEntry testId="cee07bb6-f0e2-062a-9298-b31e489309dc" executionId="663ba770-fb77-4611-aa1b-4b549922a079" testListId="8c84fa94-04c1-424b-9868-57a2d4851a1d" />
    <TestEntry testId="e5db7fe7-0c86-b69a-1876-a463e7e775cd" executionId="22ac75a5-0686-4110-89f0-e8da4bf27b38" testListId="8c84fa94-04c1-424b-9868-57a2d4851a1d" />
    <TestEntry testId="f40dcb59-5570-8947-4c85-82c6660d5c47" executionId="040e7390-7856-4f69-95b7-7191c29bfd79" testListId="8c84fa94-04c1-424b-9868-57a2d4851a1d" />
    <TestEntry testId="fb5b9c38-8b84-314c-709f-5c4f52c1a376" executionId="cd81ecd4-74b8-4f51-8d56-cde9e7b02b18" testListId="8c84fa94-04c1-424b-9868-57a2d4851a1d" />
    <TestEntry testId="2c2006c0-221d-554f-297a-e29ef198d5bd" executionId="c444ef58-797c-4032-9a85-7425c23367a8" testListId="8c84fa94-04c1-424b-9868-57a2d4851a1d" />
    <TestEntry testId="82b79749-a163-881a-8fc3-03b8db75e151" executionId="eaae97d0-18b7-4483-8f9e-31d9c5747437" testListId="8c84fa94-04c1-424b-9868-57a2d4851a1d" />
    <TestEntry testId="b9694bad-42e0-0c76-3c47-bc8dece9f7e0" executionId="3379f6d4-2cdc-4a21-b18c-87df8d6e2265" testListId="8c84fa94-04c1-424b-9868-57a2d4851a1d" />
    <TestEntry testId="d29fcc06-571a-4921-ed4b-3a531d140ab9" executionId="3f63dadc-32a2-404b-b59f-7182420dbac3" testListId="8c84fa94-04c1-424b-9868-57a2d4851a1d" />
    <TestEntry testId="6555fe8c-88a8-9430-9c04-a65f7276a0ba" executionId="38e5f46e-d227-4bab-bb06-3635bcd19110" testListId="8c84fa94-04c1-424b-9868-57a2d4851a1d" />
    <TestEntry testId="970cea6b-40ba-903c-9bac-ba8ed8c9ebf1" executionId="5b463d24-7ac3-4a67-bd29-5f466015660a" testListId="8c84fa94-04c1-424b-9868-57a2d4851a1d" />
    <TestEntry testId="38d9a3a3-e1c3-68c6-2d7a-903c09e97244" executionId="e663feab-003b-499a-9c7b-b20d7332b617" testListId="8c84fa94-04c1-424b-9868-57a2d4851a1d" />
    <TestEntry testId="121ed6b8-c36c-7dfd-6ad5-94fe3cb46105" executionId="dc02395e-0bf3-4ca0-a741-84d8676fc832" testListId="8c84fa94-04c1-424b-9868-57a2d4851a1d" />
    <TestEntry testId="db381720-6b9c-2cfb-d4c6-17232fdeef3b" executionId="a978d88d-4f9c-4274-8929-2b9060ef6370" testListId="8c84fa94-04c1-424b-9868-57a2d4851a1d" />
    <TestEntry testId="f4b775dc-9e8c-760a-8f8d-7fae5382e3c6" executionId="5343f8de-dcb1-48b2-9260-1e7a9b2e7a08" testListId="8c84fa94-04c1-424b-9868-57a2d4851a1d" />
    <TestEntry testId="3947765f-43ab-cae7-edae-7924657957aa" executionId="4db7a50a-228e-4624-ac13-743df5268e8f" testListId="8c84fa94-04c1-424b-9868-57a2d4851a1d" />
    <TestEntry testId="c99a566a-1630-a491-7e5a-d1e5db3d6a74" executionId="4f810ccc-1004-4b76-bc50-17a63150163e" testListId="8c84fa94-04c1-424b-9868-57a2d4851a1d" />
    <TestEntry testId="8dde58a5-7529-70d6-f415-cc7c8025de4a" executionId="9de992da-8e62-4e1b-9e1c-043780981cf2" testListId="8c84fa94-04c1-424b-9868-57a2d4851a1d" />
    <TestEntry testId="b432be91-d64b-9c99-4079-f00a8db2e635" executionId="2134a4f4-743f-4a6b-a6d2-b0032d9fed63" testListId="8c84fa94-04c1-424b-9868-57a2d4851a1d" />
    <TestEntry testId="f69cea75-c037-0d47-d3fb-10191b89beda" executionId="05dee638-1ec6-4fc5-8f6b-ea3a8d4054fa" testListId="8c84fa94-04c1-424b-9868-57a2d4851a1d" />
    <TestEntry testId="42dc7df1-96a1-4d9a-de82-432b5eb500ec" executionId="37832609-f232-4b3a-9f8b-63ad7675c9de" testListId="8c84fa94-04c1-424b-9868-57a2d4851a1d" />
    <TestEntry testId="395e9654-511f-4e89-413f-4a0e36424649" executionId="c0ee7f9e-5363-4484-8a1a-86e090d4a8a7" testListId="8c84fa94-04c1-424b-9868-57a2d4851a1d" />
    <TestEntry testId="8ed0db63-d4b8-59af-b405-27a8b6b9bf76" executionId="3a592b11-72be-4459-b032-86a640de5865" testListId="8c84fa94-04c1-424b-9868-57a2d4851a1d" />
    <TestEntry testId="00fb0efe-ac5c-dcca-7bdb-1e3f8783f943" executionId="7dec1152-669e-4b5b-8117-a070439dc9e9" testListId="8c84fa94-04c1-424b-9868-57a2d4851a1d" />
    <TestEntry testId="0d50f91b-1973-b06b-3035-cd7f803461f8" executionId="7228f223-7b24-44dc-a24a-de856aa70b14" testListId="8c84fa94-04c1-424b-9868-57a2d4851a1d" />
    <TestEntry testId="b3bf15b1-a9a8-d9c2-b6bd-2d88af5f3f06" executionId="e769baf0-4394-4ac3-8900-a85ba9c0c932" testListId="8c84fa94-04c1-424b-9868-57a2d4851a1d" />
    <TestEntry testId="7e276b69-25a2-1e91-d250-12381a8ea181" executionId="97678949-3766-44ad-945c-95aec2412f8e" testListId="8c84fa94-04c1-424b-9868-57a2d4851a1d" />
    <TestEntry testId="4da0ee18-6138-8500-2970-48f2f82bb88d" executionId="8b975c81-5c82-4e87-a92d-fbfc84a46abd" testListId="8c84fa94-04c1-424b-9868-57a2d4851a1d" />
    <TestEntry testId="ad7d5cca-0afe-aa15-f70e-c563df4cebb9" executionId="cd8e3a2b-16cd-4243-8fe6-d6406b9e7af4" testListId="8c84fa94-04c1-424b-9868-57a2d4851a1d" />
    <TestEntry testId="748f8264-f4b3-9b6e-bf21-ba9f263ed688" executionId="f96bfcae-caec-44d8-baea-910b2ab03842" testListId="8c84fa94-04c1-424b-9868-57a2d4851a1d" />
    <TestEntry testId="10d1fa48-3361-6849-5e5d-c459122ca60e" executionId="bf86cbbb-68f1-43b0-a518-97c57e693439" testListId="8c84fa94-04c1-424b-9868-57a2d4851a1d" />
    <TestEntry testId="e21df2cf-ba0a-8810-7404-ab38bf078339" executionId="a4d3d94f-c35c-49a0-b33a-39fe3e6af229" testListId="8c84fa94-04c1-424b-9868-57a2d4851a1d" />
    <TestEntry testId="e006de4c-80eb-9ac9-a4df-a37619cd7add" executionId="2b8fe7d9-4bb0-42c4-96fc-c180d36652ba" testListId="8c84fa94-04c1-424b-9868-57a2d4851a1d" />
    <TestEntry testId="3f3e0fb4-368b-d4ed-b267-a4543a24e99c" executionId="925ab70e-0d83-49c9-88ad-70ce341a9899" testListId="8c84fa94-04c1-424b-9868-57a2d4851a1d" />
    <TestEntry testId="f2a9e942-c5a4-67ec-c6f6-76d8270d8e03" executionId="1232ea4a-300a-4a62-861b-34cfd4611e59" testListId="8c84fa94-04c1-424b-9868-57a2d4851a1d" />
    <TestEntry testId="ad8c3afd-60d6-cd49-53c0-babc94254028" executionId="ffe21f47-b683-4c1a-86b8-86e017f73e3d" testListId="8c84fa94-04c1-424b-9868-57a2d4851a1d" />
    <TestEntry testId="ed657ece-8209-9b5b-aeeb-ee1e361b80b6" executionId="413a4b5b-0451-4c33-9f65-aee8648b84e8" testListId="8c84fa94-04c1-424b-9868-57a2d4851a1d" />
    <TestEntry testId="5baaed9a-7b39-bf0a-975b-3f375a59580f" executionId="2d0921c0-ea4d-41af-9cb5-d6cd14ea2311" testListId="8c84fa94-04c1-424b-9868-57a2d4851a1d" />
    <TestEntry testId="264ab6a2-4596-51c5-876b-2d91f4e645a4" executionId="dd5fbec9-de57-464f-a9b7-5e93b8a7fb3d" testListId="8c84fa94-04c1-424b-9868-57a2d4851a1d" />
    <TestEntry testId="a4c6dfe2-8692-442a-7687-11fe74a57291" executionId="45aa1be7-072b-41ba-a29b-6b6984675fba" testListId="8c84fa94-04c1-424b-9868-57a2d4851a1d" />
    <TestEntry testId="392c6d3e-7870-0e59-cda0-066a33da3da1" executionId="6c9e86dd-bdb7-436e-9e47-f081cfa2bb55" testListId="8c84fa94-04c1-424b-9868-57a2d4851a1d" />
    <TestEntry testId="a2674b3f-bc72-1bcc-0868-ab7ca9fc846f" executionId="93c3560c-41d4-4666-9bfb-39cc9d2fce24" testListId="8c84fa94-04c1-424b-9868-57a2d4851a1d" />
    <TestEntry testId="0b2da06c-c211-ec4e-e650-05e93d1799bd" executionId="bd394194-0211-4733-b7be-28083cd44816" testListId="8c84fa94-04c1-424b-9868-57a2d4851a1d" />
    <TestEntry testId="548a09d3-4fa2-75df-faa2-e267f1d73899" executionId="d15261d5-0b10-4d28-93f8-1de2fbe5bf67" testListId="8c84fa94-04c1-424b-9868-57a2d4851a1d" />
    <TestEntry testId="fb57c710-b9e2-ed4a-59de-d5901369c26e" executionId="cc54af44-0c41-4828-a09b-67c4e1503573" testListId="8c84fa94-04c1-424b-9868-57a2d4851a1d" />
    <TestEntry testId="ff4e921f-20b7-1709-b98d-0805a1ad4ff6" executionId="65eabbd4-760a-4ed3-8844-1f5d3eac8ba8" testListId="8c84fa94-04c1-424b-9868-57a2d4851a1d" />
    <TestEntry testId="19e6bda6-00bd-7cd6-3c38-90a57abeea2e" executionId="6c0d0c0e-1c92-407a-bc7e-b02e566a1c82" testListId="8c84fa94-04c1-424b-9868-57a2d4851a1d" />
    <TestEntry testId="d34ced5e-61be-8db1-2a33-5a0519fd37ce" executionId="18a8a444-0c13-4cdc-8b17-d789575d07d2" testListId="8c84fa94-04c1-424b-9868-57a2d4851a1d" />
    <TestEntry testId="1e096ccc-e723-7491-b653-eb6d07a2b4e3" executionId="fe819278-18fe-433d-b06e-fedd1faeb951" testListId="8c84fa94-04c1-424b-9868-57a2d4851a1d" />
    <TestEntry testId="cac2c651-fa59-0f92-f0f1-b284ea5fd816" executionId="0a208868-83e7-4721-b69b-944cfc7f1381" testListId="8c84fa94-04c1-424b-9868-57a2d4851a1d" />
    <TestEntry testId="433cedb3-2a7e-2070-b4b6-ff055a4203c2" executionId="c8028d03-01c6-437b-b602-3513fc313548" testListId="8c84fa94-04c1-424b-9868-57a2d4851a1d" />
    <TestEntry testId="646327bb-2edb-21ab-b78e-1f2eefc3c0b3" executionId="9ea6013d-e7dd-4601-87a2-f87a52d04b4b" testListId="8c84fa94-04c1-424b-9868-57a2d4851a1d" />
    <TestEntry testId="32b805ef-d784-d8e5-9caf-a748c5f789fb" executionId="7a5ce265-aa81-4890-9889-1c5165d0dd4d" testListId="8c84fa94-04c1-424b-9868-57a2d4851a1d" />
    <TestEntry testId="13978cf6-8116-d9d2-5159-ee260bc86d7b" executionId="465f79f4-d7b8-42ca-be5b-305784c20987" testListId="8c84fa94-04c1-424b-9868-57a2d4851a1d" />
    <TestEntry testId="0c01b91e-1f31-c944-fe79-657241846334" executionId="47eeb213-cee8-48fb-b666-af77e3a7baf1" testListId="8c84fa94-04c1-424b-9868-57a2d4851a1d" />
    <TestEntry testId="e21cd5c6-324b-c676-dab9-0bd35c2ac14e" executionId="cfba1659-8ef6-42b0-ba3a-fad7b04a06e5" testListId="8c84fa94-04c1-424b-9868-57a2d4851a1d" />
    <TestEntry testId="62b65325-048b-ed3a-aab7-f63a342cc22e" executionId="2c9d0e44-7552-4b4a-bd7c-67eed5063b49" testListId="8c84fa94-04c1-424b-9868-57a2d4851a1d" />
    <TestEntry testId="f768ae59-36e8-7994-fc40-60be4f478e46" executionId="48aa7b37-4d19-4e1f-a63a-9863475a3ff8" testListId="8c84fa94-04c1-424b-9868-57a2d4851a1d" />
    <TestEntry testId="201d5940-7e4c-301c-43c7-cd72598ac0d0" executionId="34f2abee-00fe-4582-afa9-f2b499ec6394" testListId="8c84fa94-04c1-424b-9868-57a2d4851a1d" />
    <TestEntry testId="c47800aa-74e3-7062-c49c-f84225a43c10" executionId="38e6677d-f7e8-4f74-8a42-3f577efa5d4b" testListId="8c84fa94-04c1-424b-9868-57a2d4851a1d" />
    <TestEntry testId="56ac9038-d5af-357d-c5c6-ae72257e3f00" executionId="42729e37-fed6-4a1f-81c7-7ead4302bc5b" testListId="8c84fa94-04c1-424b-9868-57a2d4851a1d" />
    <TestEntry testId="6a6f6355-9fd4-91c1-101e-d3a4ddbfd9e9" executionId="ca2682c6-ff94-45d4-a3bb-5aae9056ed2d" testListId="8c84fa94-04c1-424b-9868-57a2d4851a1d" />
    <TestEntry testId="15b6fe83-e163-93ae-7ba9-51007c17c9b1" executionId="9d2fc776-0bc3-4e5f-8b55-ec7252a195ec" testListId="8c84fa94-04c1-424b-9868-57a2d4851a1d" />
    <TestEntry testId="6f307035-ff4a-8fcf-9b20-27631306775c" executionId="5c0707ba-93db-49db-b0a5-998287453bfb" testListId="8c84fa94-04c1-424b-9868-57a2d4851a1d" />
    <TestEntry testId="e1828be1-cfff-3e34-4b60-0621ccd8e3ab" executionId="f717333d-7d2f-49e2-bc71-31cec6d873e9" testListId="8c84fa94-04c1-424b-9868-57a2d4851a1d" />
    <TestEntry testId="d09d88d0-e6be-e39b-577c-5d7881b8be2d" executionId="811f931a-d88c-485c-967c-b37072e08699" testListId="8c84fa94-04c1-424b-9868-57a2d4851a1d" />
    <TestEntry testId="79cdb1a1-4a9a-f0b2-2460-493cf93bd7f4" executionId="d405cfcb-e04d-4bc0-a98f-3c2e8161ef07" testListId="8c84fa94-04c1-424b-9868-57a2d4851a1d" />
    <TestEntry testId="4912d116-f7fc-a751-481c-6c5c02960fc1" executionId="e95515e9-1142-4012-94cd-fb5dc28d4c5e" testListId="8c84fa94-04c1-424b-9868-57a2d4851a1d" />
    <TestEntry testId="13bd86c6-f19a-69a0-47da-45392f474030" executionId="a16cd9a5-c23e-4de9-89e1-59152aac9115" testListId="8c84fa94-04c1-424b-9868-57a2d4851a1d" />
    <TestEntry testId="6c46bd90-634b-a7e2-6339-3b4c5aa4506e" executionId="b5c5bc30-93c7-46bb-8ef8-a984ea203952" testListId="8c84fa94-04c1-424b-9868-57a2d4851a1d" />
    <TestEntry testId="207aab20-bd1d-c84f-9d5f-6c6087e30ea0" executionId="788528f7-924f-4fd5-b865-9985ef13e5c2" testListId="8c84fa94-04c1-424b-9868-57a2d4851a1d" />
    <TestEntry testId="102fc01d-1003-9aad-0ab0-768afa59b2db" executionId="5fc5f448-7523-41da-92c6-5ef0f5ebfdfa" testListId="8c84fa94-04c1-424b-9868-57a2d4851a1d" />
    <TestEntry testId="77f47604-3476-c76e-0620-42e3a18a923a" executionId="5d1c77d2-7b30-4402-8bc0-d13035837cf7" testListId="8c84fa94-04c1-424b-9868-57a2d4851a1d" />
    <TestEntry testId="29bc5121-cf60-36a7-57b9-1ab204e81280" executionId="c5f686cf-be1a-4636-96e8-f57dc164cc4d" testListId="8c84fa94-04c1-424b-9868-57a2d4851a1d" />
    <TestEntry testId="e5189492-adae-5b47-5b01-837ec60d1504" executionId="74e95cc2-7fed-4609-90a3-a6e8a65d5f21" testListId="8c84fa94-04c1-424b-9868-57a2d4851a1d" />
    <TestEntry testId="f4e2e719-e2ed-ccf6-d6de-453713b765c3" executionId="718e2bd1-1acc-4913-95db-b10eb9472863" testListId="8c84fa94-04c1-424b-9868-57a2d4851a1d" />
    <TestEntry testId="6babc633-5a84-86ce-3dc5-db3fab1babdf" executionId="c3b0c163-45f2-4699-9349-aa242d27bea8" testListId="8c84fa94-04c1-424b-9868-57a2d4851a1d" />
    <TestEntry testId="87abcabe-5648-fdf1-3a5d-705e67f3c3fe" executionId="8a9fd9d5-6c33-4257-8a2c-ca302120b2aa" testListId="8c84fa94-04c1-424b-9868-57a2d4851a1d" />
    <TestEntry testId="3902fe4d-f17d-5d21-4746-ba713fd0b58c" executionId="944ca95f-f50a-4487-945d-53c8dfd68927" testListId="8c84fa94-04c1-424b-9868-57a2d4851a1d" />
    <TestEntry testId="5e8c96b7-65ee-a96f-f5e0-222a2affc359" executionId="b1fab52d-76bb-4072-9a2a-079b3a73fb0b" testListId="8c84fa94-04c1-424b-9868-57a2d4851a1d" />
    <TestEntry testId="bd31f24b-8a56-ffab-1b6d-032aa810c6a3" executionId="9686453a-38e6-44b4-904d-0ec0df21ed3c" testListId="8c84fa94-04c1-424b-9868-57a2d4851a1d" />
    <TestEntry testId="69221b6b-5e06-008b-d928-3f77a40328a2" executionId="254675bd-7684-4081-b4f0-2b40e5ce3a97" testListId="8c84fa94-04c1-424b-9868-57a2d4851a1d" />
    <TestEntry testId="ce3791cd-d401-3567-856e-b206412930a4" executionId="42b9963e-c1e7-4e46-b7aa-b1183ae2a204" testListId="8c84fa94-04c1-424b-9868-57a2d4851a1d" />
    <TestEntry testId="b7600936-7750-95ea-d101-c63e591d45f7" executionId="11f049f4-c194-40b4-a7cb-e88209a1dddc" testListId="8c84fa94-04c1-424b-9868-57a2d4851a1d" />
    <TestEntry testId="c6348b7e-7455-a038-0d62-d669b4fb234b" executionId="17c9a0b7-2d7d-4a2d-bb04-4d52419533fa" testListId="8c84fa94-04c1-424b-9868-57a2d4851a1d" />
    <TestEntry testId="3b3ecbd9-1b3c-f621-f2e4-19cb21a63a18" executionId="c4be2f8c-4b4e-4aed-a536-aac90fbaec9d" testListId="8c84fa94-04c1-424b-9868-57a2d4851a1d" />
    <TestEntry testId="de0a592c-30a6-23bd-e2fd-8c5dac12d560" executionId="067c8d42-ecf8-4a83-9309-bf90815e2cc1" testListId="8c84fa94-04c1-424b-9868-57a2d4851a1d" />
    <TestEntry testId="8133405e-c560-589e-36b6-e77878c35041" executionId="13610e31-4d74-4c3e-aeb6-a6a20f0e0511" testListId="8c84fa94-04c1-424b-9868-57a2d4851a1d" />
    <TestEntry testId="5b0a3d64-a64f-8568-d161-26c211e26ebb" executionId="e1dbb2ab-c014-43aa-a16a-d97c17ca5529" testListId="8c84fa94-04c1-424b-9868-57a2d4851a1d" />
    <TestEntry testId="199dcea0-5846-b170-48cb-cb699aae60f1" executionId="c840cea3-08ec-48bc-a653-43676faea472" testListId="8c84fa94-04c1-424b-9868-57a2d4851a1d" />
    <TestEntry testId="3afe0f4f-66e8-c918-74b9-e20778e75e86" executionId="6a279127-d531-4349-8c06-948d4a143da5" testListId="8c84fa94-04c1-424b-9868-57a2d4851a1d" />
    <TestEntry testId="0cf7ed9f-4d8e-2f0c-2cb2-fcd1f0c857e6" executionId="215efc6c-cbb2-45d1-b797-72fc7cbabfc5" testListId="8c84fa94-04c1-424b-9868-57a2d4851a1d" />
    <TestEntry testId="1390353e-4e0e-3135-81d6-685a745aa5fb" executionId="bd232456-e128-4df6-a677-c3e3b19935f7" testListId="8c84fa94-04c1-424b-9868-57a2d4851a1d" />
    <TestEntry testId="121b47a1-7650-eac0-8814-509934e34c51" executionId="adeeeac7-5d6a-452f-af28-fc23d6350162" testListId="8c84fa94-04c1-424b-9868-57a2d4851a1d" />
    <TestEntry testId="2dee0c93-c326-e436-b53d-0e74105a9590" executionId="fd7d50da-116d-4895-8008-cf3b3f129c67" testListId="8c84fa94-04c1-424b-9868-57a2d4851a1d" />
    <TestEntry testId="69fe012a-82fe-3708-098d-5cd009a2da67" executionId="d4bae06e-66df-4e45-a090-a0c849229a4d" testListId="8c84fa94-04c1-424b-9868-57a2d4851a1d" />
    <TestEntry testId="cdbfe0a8-e401-5845-0974-d3e362e0c484" executionId="a1079d2c-4b68-4f16-b44f-5b01cfc4fb63" testListId="8c84fa94-04c1-424b-9868-57a2d4851a1d" />
    <TestEntry testId="4ff4f6ae-7162-7b49-f15b-0e6d2c38da7f" executionId="797cd787-2871-424e-824a-24c2185ebe3e" testListId="8c84fa94-04c1-424b-9868-57a2d4851a1d" />
    <TestEntry testId="2e295478-e22d-9437-5e20-58c9801b1053" executionId="1edaefc1-2aaa-4b54-bda6-2a2782b06cbf" testListId="8c84fa94-04c1-424b-9868-57a2d4851a1d" />
    <TestEntry testId="58073b91-70b6-9fb3-000c-90ec0c036dad" executionId="4f7c6539-911d-4550-ac6e-5d9fee8c8e1e" testListId="8c84fa94-04c1-424b-9868-57a2d4851a1d" />
    <TestEntry testId="41ae648d-7fc7-ba2f-c06a-44229c2bffd5" executionId="747f4268-2af0-4e17-b48b-ebe48d23ed8a" testListId="8c84fa94-04c1-424b-9868-57a2d4851a1d" />
    <TestEntry testId="3678ad7d-a25e-86f2-08f3-061f2d41eeb9" executionId="f84485f4-dcec-493b-b21d-9379d866305e" testListId="8c84fa94-04c1-424b-9868-57a2d4851a1d" />
  </TestEntries>
  <TestLists>
    <TestList name="Results Not in a List" id="8c84fa94-04c1-424b-9868-57a2d4851a1d" />
    <TestList name="All Loaded Results" id="19431567-8539-422a-85d7-44ee4e166bda" />
  </TestLists>
  <ResultSummary outcome="Failed">
    <Counters total="116" executed="102" passed="43" failed="59" error="0" timeout="0" aborted="0" inconclusive="0" passedButRunAborted="0" notRunnable="0" notExecuted="0" disconnected="0" warning="0" completed="0" inProgress="0" pending="0" />
    <Output>
      <StdOut>[xUnit.net 00:00:00.00] xUnit.net VSTest Adapter v3.1.1+bf6400fd51 (64-bit .NET 9.0.6)
[xUnit.net 00:00:00.06]   Discovering: WitchCityRope.Infrastructure.Tests
[xUnit.net 00:00:00.10]   Discovered:  WitchCityRope.Infrastructure.Tests
[xUnit.net 00:00:00.11]   Starting:    WitchCityRope.Infrastructure.Tests
[xUnit.net 00:00:00.14]       Email service not implemented yet - will be needed when email features are built
     Warning:
     The component "Fluent Assertions" is governed by the rules defined in the Xceed License Agreement and
     the Xceed Fluent Assertions Community License. You may use Fluent Assertions free of charge for
     non-commercial use only. An active subscription is required to use Fluent Assertions for commercial use.
     Please contact Xceed Sales mailto:sales@xceed.com to acquire a subscription at a very low cost.
     A paid commercial license supports the development and continued increasing support of
     Fluent Assertions users under both commercial and community licenses. Help us
     keep Fluent Assertions at the forefront of unit testing.
     For more information, visit https://xceed.com/products/unit-testing/fluent-assertions/
Test 'WitchCityRope.Infrastructure.Tests.Email.EmailServiceTests.SendBulkEmailAsync_Should_Send_To_Multiple_Recipients' was skipped in the test run.
[xUnit.net 00:00:00.18]       Email service not implemented yet - will be needed when email features are built
[xUnit.net 00:00:00.18]       Email service not implemented yet - will be needed when email features are built
[xUnit.net 00:00:00.18]       Email service not implemented yet - will be needed when email features are built
[xUnit.net 00:00:00.18]       Email service not implemented yet - will be needed when email features are built
[xUnit.net 00:00:00.18]       Email service not implemented yet - will be needed when email features are built
[xUnit.net 00:00:00.18]       Email service not implemented yet - will be needed when email features are built
[xUnit.net 00:00:00.18]       Email service not implemented yet - will be needed when email features are built
[xUnit.net 00:00:00.18]       Email service not implemented yet - will be needed when email features are built
[xUnit.net 00:00:00.18]       Email service not implemented yet - will be needed when email features are built
Test 'WitchCityRope.Infrastructure.Tests.Email.EmailServiceTests.SendEmailAsync_Should_Return_False_When_SendGrid_Fails' was skipped in the test run.
Test 'WitchCityRope.Infrastructure.Tests.Email.EmailServiceTests.SendBulkEmailAsync_Should_Return_False_If_Any_Batch_Fails' was skipped in the test run.
Test 'WitchCityRope.Infrastructure.Tests.Email.EmailServiceTests.Should_Use_Default_From_Email_When_Not_Searched' was skipped in the test run.
Test 'WitchCityRope.Infrastructure.Tests.Email.EmailServiceTests.SendCancellationConfirmationAsync_Should_Include_Refund_When_Provided' was skipped in the test run.
Test 'WitchCityRope.Infrastructure.Tests.Email.EmailServiceTests.SendEmailAsync_Should_Send_PlainText_Email_When_IsHtml_Is_False' was skipped in the test run.
Test 'WitchCityRope.Infrastructure.Tests.Email.EmailServiceTests.SendEmailAsync_Should_Send_Email_Successfully' was skipped in the test run.
Test 'WitchCityRope.Infrastructure.Tests.Email.EmailServiceTests.SendVettingStatusUpdateAsync_Should_Include_Notes_When_Provided' was skipped in the test run.
Test 'WitchCityRope.Infrastructure.Tests.Email.EmailServiceTests.SendTemplateEmailAsync_Should_Send_With_Template_Id' was skipped in the test run.
Test 'WitchCityRope.Infrastructure.Tests.Email.EmailServiceTests.Constructor_Should_Throw_When_SendGridClient_Is_Null' was skipped in the test run.
[xUnit.net 00:00:00.18]       Email service not implemented yet - will be needed when email features are built
[xUnit.net 00:00:00.18]       Email service not implemented yet - will be needed when email features are built
[xUnit.net 00:00:00.19]       Email service not implemented yet - will be needed when email features are built
[xUnit.net 00:00:00.19]       Email service not implemented yet - will be needed when email features are built
[xUnit.net 00:00:00.19]       System.InvalidOperationException : JWT secret key not configured
[xUnit.net 00:00:00.19]       Stack Trace:
[xUnit.net 00:00:00.19]         /home/chad/repos/witchcityrope-react/src/WitchCityRope.Infrastructure/Security/JwtTokenService.cs(33,0): at WitchCityRope.Infrastructure.Security.JwtTokenService..ctor(IConfiguration configuration)
[xUnit.net 00:00:00.19]         /home/chad/repos/witchcityrope-react/tests/WitchCityRope.Infrastructure.Tests/Security/JwtTokenServiceTests.cs(35,0): at WitchCityRope.Infrastructure.Tests.Security.JwtTokenServiceTests..ctor()
[xUnit.net 00:00:00.19]            at System.RuntimeType.CreateInstanceDefaultCtor(Boolean publicOnly, Boolean wrapExceptions)
[xUnit.net 00:00:00.19]       System.InvalidOperationException : JWT secret key not configured
[xUnit.net 00:00:00.19]       Stack Trace:
[xUnit.net 00:00:00.19]         /home/chad/repos/witchcityrope-react/src/WitchCityRope.Infrastructure/Security/JwtTokenService.cs(33,0): at WitchCityRope.Infrastructure.Security.JwtTokenService..ctor(IConfiguration configuration)
[xUnit.net 00:00:00.19]         /home/chad/repos/witchcityrope-react/tests/WitchCityRope.Infrastructure.Tests/Security/JwtTokenServiceTests.cs(35,0): at WitchCityRope.Infrastructure.Tests.Security.JwtTokenServiceTests..ctor()
[xUnit.net 00:00:00.19]            at System.RuntimeType.CreateInstanceDefaultCtor(Boolean publicOnly, Boolean wrapExceptions)
[xUnit.net 00:00:00.19]       System.InvalidOperationException : JWT secret key not configured
[xUnit.net 00:00:00.19]       Stack Trace:
[xUnit.net 00:00:00.19]         /home/chad/repos/witchcityrope-react/src/WitchCityRope.Infrastructure/Security/JwtTokenService.cs(33,0): at WitchCityRope.Infrastructure.Security.JwtTokenService..ctor(IConfiguration configuration)
[xUnit.net 00:00:00.19]         /home/chad/repos/witchcityrope-react/tests/WitchCityRope.Infrastructure.Tests/Security/JwtTokenServiceTests.cs(35,0): at WitchCityRope.Infrastructure.Tests.Security.JwtTokenServiceTests..ctor()
[xUnit.net 00:00:00.19]            at System.RuntimeType.CreateInstanceDefaultCtor(Boolean publicOnly, Boolean wrapExceptions)
[xUnit.net 00:00:00.19]       System.InvalidOperationException : JWT secret key not configured
[xUnit.net 00:00:00.19]       Stack Trace:
[xUnit.net 00:00:00.19]         /home/chad/repos/witchcityrope-react/src/WitchCityRope.Infrastructure/Security/JwtTokenService.cs(33,0): at WitchCityRope.Infrastructure.Security.JwtTokenService..ctor(IConfiguration configuration)
[xUnit.net 00:00:00.19]         /home/chad/repos/witchcityrope-react/tests/WitchCityRope.Infrastructure.Tests/Security/JwtTokenServiceTests.cs(35,0): at WitchCityRope.Infrastructure.Tests.Security.JwtTokenServiceTests..ctor()
[xUnit.net 00:00:00.19]            at System.RuntimeType.CreateInstanceDefaultCtor(Boolean publicOnly, Boolean wrapExceptions)
[xUnit.net 00:00:00.19]       System.InvalidOperationException : JWT secret key not configured
[xUnit.net 00:00:00.19]       Stack Trace:
[xUnit.net 00:00:00.19]         /home/chad/repos/witchcityrope-react/src/WitchCityRope.Infrastructure/Security/JwtTokenService.cs(33,0): at WitchCityRope.Infrastructure.Security.JwtTokenService..ctor(IConfiguration configuration)
[xUnit.net 00:00:00.19]         /home/chad/repos/witchcityrope-react/tests/WitchCityRope.Infrastructure.Tests/Security/JwtTokenServiceTests.cs(35,0): at WitchCityRope.Infrastructure.Tests.Security.JwtTokenServiceTests..ctor()
[xUnit.net 00:00:00.19]            at System.RuntimeType.CreateInstanceDefaultCtor(Boolean publicOnly, Boolean wrapExceptions)
Test 'WitchCityRope.Infrastructure.Tests.Email.EmailServiceTests.SendTemplateEmailAsync_Should_Throw_For_Unknown_Template' was skipped in the test run.
Test 'WitchCityRope.Infrastructure.Tests.Email.EmailServiceTests.SendEmailAsync_Should_Return_False_When_Exception_Occurs' was skipped in the test run.
Test 'WitchCityRope.Infrastructure.Tests.Email.EmailServiceTests.SendBulkEmailAsync_Should_Batch_Large_Recipient_Lists' was skipped in the test run.
Test 'WitchCityRope.Infrastructure.Tests.Email.EmailServiceTests.SendRegistrationConfirmationAsync_Should_Use_Correct_Template' was skipped in the test run.
[xUnit.net 00:00:00.20]       System.InvalidOperationException : JWT secret key not configured
[xUnit.net 00:00:00.20]       Stack Trace:
[xUnit.net 00:00:00.20]         /home/chad/repos/witchcityrope-react/src/WitchCityRope.Infrastructure/Security/JwtTokenService.cs(33,0): at WitchCityRope.Infrastructure.Security.JwtTokenService..ctor(IConfiguration configuration)
[xUnit.net 00:00:00.20]         /home/chad/repos/witchcityrope-react/tests/WitchCityRope.Infrastructure.Tests/Security/JwtTokenServiceTests.cs(35,0): at WitchCityRope.Infrastructure.Tests.Security.JwtTokenServiceTests..ctor()
[xUnit.net 00:00:00.20]            at System.RuntimeType.CreateInstanceDefaultCtor(Boolean publicOnly, Boolean wrapExceptions)
[xUnit.net 00:00:00.20]       System.InvalidOperationException : JWT secret key not configured
[xUnit.net 00:00:00.20]       Stack Trace:
[xUnit.net 00:00:00.20]         /home/chad/repos/witchcityrope-react/src/WitchCityRope.Infrastructure/Security/JwtTokenService.cs(33,0): at WitchCityRope.Infrastructure.Security.JwtTokenService..ctor(IConfiguration configuration)
[xUnit.net 00:00:00.20]         /home/chad/repos/witchcityrope-react/tests/WitchCityRope.Infrastructure.Tests/Security/JwtTokenServiceTests.cs(35,0): at WitchCityRope.Infrastructure.Tests.Security.JwtTokenServiceTests..ctor()
[xUnit.net 00:00:00.20]            at System.RuntimeType.CreateInstanceDefaultCtor(Boolean publicOnly, Boolean wrapExceptions)
[xUnit.net 00:00:00.20]       System.InvalidOperationException : JWT secret key not configured
[xUnit.net 00:00:00.20]       Stack Trace:
[xUnit.net 00:00:00.20]         /home/chad/repos/witchcityrope-react/src/WitchCityRope.Infrastructure/Security/JwtTokenService.cs(33,0): at WitchCityRope.Infrastructure.Security.JwtTokenService..ctor(IConfiguration configuration)
[xUnit.net 00:00:00.20]         /home/chad/repos/witchcityrope-react/tests/WitchCityRope.Infrastructure.Tests/Security/JwtTokenServiceTests.cs(35,0): at WitchCityRope.Infrastructure.Tests.Security.JwtTokenServiceTests..ctor()
[xUnit.net 00:00:00.20]            at System.RuntimeType.CreateInstanceDefaultCtor(Boolean publicOnly, Boolean wrapExceptions)
[xUnit.net 00:00:00.20]       System.InvalidOperationException : JWT secret key not configured
[xUnit.net 00:00:00.20]       Stack Trace:
[xUnit.net 00:00:00.20]         /home/chad/repos/witchcityrope-react/src/WitchCityRope.Infrastructure/Security/JwtTokenService.cs(33,0): at WitchCityRope.Infrastructure.Security.JwtTokenService..ctor(IConfiguration configuration)
[xUnit.net 00:00:00.20]         /home/chad/repos/witchcityrope-react/tests/WitchCityRope.Infrastructure.Tests/Security/JwtTokenServiceTests.cs(35,0): at WitchCityRope.Infrastructure.Tests.Security.JwtTokenServiceTests..ctor()
[xUnit.net 00:00:00.20]            at System.RuntimeType.CreateInstanceDefaultCtor(Boolean publicOnly, Boolean wrapExceptions)
[xUnit.net 00:00:00.20]       System.InvalidOperationException : JWT secret key not configured
[xUnit.net 00:00:00.20]       Stack Trace:
[xUnit.net 00:00:00.20]         /home/chad/repos/witchcityrope-react/src/WitchCityRope.Infrastructure/Security/JwtTokenService.cs(33,0): at WitchCityRope.Infrastructure.Security.JwtTokenService..ctor(IConfiguration configuration)
[xUnit.net 00:00:00.20]         /home/chad/repos/witchcityrope-react/tests/WitchCityRope.Infrastructure.Tests/Security/JwtTokenServiceTests.cs(35,0): at WitchCityRope.Infrastructure.Tests.Security.JwtTokenServiceTests..ctor()
[xUnit.net 00:00:00.20]            at System.RuntimeType.CreateInstanceDefaultCtor(Boolean publicOnly, Boolean wrapExceptions)
[xUnit.net 00:00:00.20]       System.InvalidOperationException : JWT secret key not configured
[xUnit.net 00:00:00.20]       Stack Trace:
[xUnit.net 00:00:00.20]         /home/chad/repos/witchcityrope-react/src/WitchCityRope.Infrastructure/Security/JwtTokenService.cs(33,0): at WitchCityRope.Infrastructure.Security.JwtTokenService..ctor(IConfiguration configuration)
[xUnit.net 00:00:00.20]         /home/chad/repos/witchcityrope-react/tests/WitchCityRope.Infrastructure.Tests/Security/JwtTokenServiceTests.cs(35,0): at WitchCityRope.Infrastructure.Tests.Security.JwtTokenServiceTests..ctor()
[xUnit.net 00:00:00.20]            at System.RuntimeType.CreateInstanceDefaultCtor(Boolean publicOnly, Boolean wrapExceptions)
[xUnit.net 00:00:00.20]       System.InvalidOperationException : JWT secret key not configured
[xUnit.net 00:00:00.20]       Stack Trace:
[xUnit.net 00:00:00.20]         /home/chad/repos/witchcityrope-react/src/WitchCityRope.Infrastructure/Security/JwtTokenService.cs(33,0): at WitchCityRope.Infrastructure.Security.JwtTokenService..ctor(IConfiguration configuration)
[xUnit.net 00:00:00.20]         /home/chad/repos/witchcityrope-react/tests/WitchCityRope.Infrastructure.Tests/Security/JwtTokenServiceTests.cs(35,0): at WitchCityRope.Infrastructure.Tests.Security.JwtTokenServiceTests..ctor()
[xUnit.net 00:00:00.20]            at System.RuntimeType.CreateInstanceDefaultCtor(Boolean publicOnly, Boolean wrapExceptions)
[xUnit.net 00:00:00.20]       System.InvalidOperationException : JWT secret key not configured
[xUnit.net 00:00:00.20]       Stack Trace:
[xUnit.net 00:00:00.20]         /home/chad/repos/witchcityrope-react/src/WitchCityRope.Infrastructure/Security/JwtTokenService.cs(33,0): at WitchCityRope.Infrastructure.Security.JwtTokenService..ctor(IConfiguration configuration)
[xUnit.net 00:00:00.20]         /home/chad/repos/witchcityrope-react/tests/WitchCityRope.Infrastructure.Tests/Security/JwtTokenServiceTests.cs(35,0): at WitchCityRope.Infrastructure.Tests.Security.JwtTokenServiceTests..ctor()
[xUnit.net 00:00:00.20]            at System.RuntimeType.CreateInstanceDefaultCtor(Boolean publicOnly, Boolean wrapExceptions)
[xUnit.net 00:00:00.20]       System.InvalidOperationException : JWT secret key not configured
[xUnit.net 00:00:00.20]       Stack Trace:
[xUnit.net 00:00:00.20]         /home/chad/repos/witchcityrope-react/src/WitchCityRope.Infrastructure/Security/JwtTokenService.cs(33,0): at WitchCityRope.Infrastructure.Security.JwtTokenService..ctor(IConfiguration configuration)
[xUnit.net 00:00:00.20]         /home/chad/repos/witchcityrope-react/tests/WitchCityRope.Infrastructure.Tests/Security/JwtTokenServiceTests.cs(35,0): at WitchCityRope.Infrastructure.Tests.Security.JwtTokenServiceTests..ctor()
[xUnit.net 00:00:00.20]            at System.RuntimeType.CreateInstanceDefaultCtor(Boolean publicOnly, Boolean wrapExceptions)
[xUnit.net 00:00:00.20]       System.InvalidOperationException : JWT secret key not configured
[xUnit.net 00:00:00.20]       Stack Trace:
[xUnit.net 00:00:00.20]         /home/chad/repos/witchcityrope-react/src/WitchCityRope.Infrastructure/Security/JwtTokenService.cs(33,0): at WitchCityRope.Infrastructure.Security.JwtTokenService..ctor(IConfiguration configuration)
[xUnit.net 00:00:00.20]         /home/chad/repos/witchcityrope-react/tests/WitchCityRope.Infrastructure.Tests/Security/JwtTokenServiceTests.cs(35,0): at WitchCityRope.Infrastructure.Tests.Security.JwtTokenServiceTests..ctor()
[xUnit.net 00:00:00.20]            at System.RuntimeType.CreateInstanceDefaultCtor(Boolean publicOnly, Boolean wrapExceptions)
[xUnit.net 00:00:00.20]       System.InvalidOperationException : JWT secret key not configured
[xUnit.net 00:00:00.20]       Stack Trace:
[xUnit.net 00:00:00.20]         /home/chad/repos/witchcityrope-react/src/WitchCityRope.Infrastructure/Security/JwtTokenService.cs(33,0): at WitchCityRope.Infrastructure.Security.JwtTokenService..ctor(IConfiguration configuration)
[xUnit.net 00:00:00.20]         /home/chad/repos/witchcityrope-react/tests/WitchCityRope.Infrastructure.Tests/Security/JwtTokenServiceTests.cs(35,0): at WitchCityRope.Infrastructure.Tests.Security.JwtTokenServiceTests..ctor()
[xUnit.net 00:00:00.20]            at System.RuntimeType.CreateInstanceDefaultCtor(Boolean publicOnly, Boolean wrapExceptions)
[xUnit.net 00:00:00.20]       System.InvalidOperationException : JWT secret key not configured
[xUnit.net 00:00:00.20]       Stack Trace:
[xUnit.net 00:00:00.20]         /home/chad/repos/witchcityrope-react/src/WitchCityRope.Infrastructure/Security/JwtTokenService.cs(33,0): at WitchCityRope.Infrastructure.Security.JwtTokenService..ctor(IConfiguration configuration)
[xUnit.net 00:00:00.20]         /home/chad/repos/witchcityrope-react/tests/WitchCityRope.Infrastructure.Tests/Security/JwtTokenServiceTests.cs(35,0): at WitchCityRope.Infrastructure.Tests.Security.JwtTokenServiceTests..ctor()
[xUnit.net 00:00:00.20]            at System.RuntimeType.CreateInstanceDefaultCtor(Boolean publicOnly, Boolean wrapExceptions)
[xUnit.net 00:00:00.22]       System.InvalidOperationException : JWT secret key not configured
[xUnit.net 00:00:00.22]       Stack Trace:
[xUnit.net 00:00:00.22]         /home/chad/repos/witchcityrope-react/src/WitchCityRope.Infrastructure/Security/JwtTokenService.cs(33,0): at WitchCityRope.Infrastructure.Security.JwtTokenService..ctor(IConfiguration configuration)
[xUnit.net 00:00:00.22]         /home/chad/repos/witchcityrope-react/tests/WitchCityRope.Infrastructure.Tests/Security/JwtTokenServiceTests.cs(35,0): at WitchCityRope.Infrastructure.Tests.Security.JwtTokenServiceTests..ctor()
[xUnit.net 00:00:00.22]            at System.RuntimeType.CreateInstanceDefaultCtor(Boolean publicOnly, Boolean wrapExceptions)
[xUnit.net 00:00:00.22]       System.InvalidOperationException : JWT secret key not configured
[xUnit.net 00:00:00.22]       Stack Trace:
[xUnit.net 00:00:00.22]         /home/chad/repos/witchcityrope-react/src/WitchCityRope.Infrastructure/Security/JwtTokenService.cs(33,0): at WitchCityRope.Infrastructure.Security.JwtTokenService..ctor(IConfiguration configuration)
[xUnit.net 00:00:00.22]         /home/chad/repos/witchcityrope-react/tests/WitchCityRope.Infrastructure.Tests/Security/JwtTokenServiceTests.cs(35,0): at WitchCityRope.Infrastructure.Tests.Security.JwtTokenServiceTests..ctor()
[xUnit.net 00:00:00.22]            at System.RuntimeType.CreateInstanceDefaultCtor(Boolean publicOnly, Boolean wrapExceptions)
[xUnit.net 00:00:00.31]       System.InvalidOperationException : PostgreSQL not accessible on port 5433. Check Docker containers
[xUnit.net 00:00:00.31]       ---- Npgsql.PostgresException : 28P01: password authentication failed for user "postgres"
[xUnit.net 00:00:00.31]       Stack Trace:
[xUnit.net 00:00:00.31]         /home/chad/repos/witchcityrope-react/tests/WitchCityRope.Infrastructure.Tests/HealthChecks/ServiceHealthCheckTests.cs(141,0): at WitchCityRope.Infrastructure.Tests.HealthChecks.ServiceHealthCheckTests.VerifyPostgreSqlIsAccessible()
[xUnit.net 00:00:00.31]         --- End of stack trace from previous location ---
[xUnit.net 00:00:00.31]         ----- Inner Stack Trace -----
[xUnit.net 00:00:00.31]            at Npgsql.Internal.NpgsqlConnector.ReadMessageLong(Boolean async, DataRowLoadingMode dataRowLoadingMode, Boolean readingNotifications, Boolean isReadingPrependedMessage)
[xUnit.net 00:00:00.31]            at System.Runtime.CompilerServices.PoolingAsyncValueTaskMethodBuilder`1.StateMachineBox`1.System.Threading.Tasks.Sources.IValueTaskSource&lt;TResult&gt;.GetResult(Int16 token)
[xUnit.net 00:00:00.31]            at Npgsql.Internal.NpgsqlConnector.AuthenticateSASL(List`1 mechanisms, String username, Boolean async, CancellationToken cancellationToken)
[xUnit.net 00:00:00.31]            at Npgsql.Internal.NpgsqlConnector.Authenticate(String username, NpgsqlTimeout timeout, Boolean async, CancellationToken cancellationToken)
[xUnit.net 00:00:00.31]            at Npgsql.Internal.NpgsqlConnector.&lt;Open&gt;g__OpenCore|214_1(NpgsqlConnector conn, SslMode sslMode, NpgsqlTimeout timeout, Boolean async, CancellationToken cancellationToken)
[xUnit.net 00:00:00.31]            at Npgsql.Internal.NpgsqlConnector.Open(NpgsqlTimeout timeout, Boolean async, CancellationToken cancellationToken)
[xUnit.net 00:00:00.31]            at Npgsql.PoolingDataSource.OpenNewConnector(NpgsqlConnection conn, NpgsqlTimeout timeout, Boolean async, CancellationToken cancellationToken)
[xUnit.net 00:00:00.31]            at Npgsql.PoolingDataSource.&lt;Get&gt;g__RentAsync|33_0(NpgsqlConnection conn, NpgsqlTimeout timeout, Boolean async, CancellationToken cancellationToken)
[xUnit.net 00:00:00.31]            at Npgsql.NpgsqlConnection.&lt;Open&gt;g__OpenAsync|42_0(Boolean async, CancellationToken cancellationToken)
[xUnit.net 00:00:00.31]         /home/chad/repos/witchcityrope-react/tests/WitchCityRope.Infrastructure.Tests/HealthChecks/ServiceHealthCheckTests.cs(126,0): at WitchCityRope.Infrastructure.Tests.HealthChecks.ServiceHealthCheckTests.VerifyPostgreSqlIsAccessible()
[xUnit.net 00:00:00.31]       Output:
[xUnit.net 00:00:00.31]         ❌ PostgreSQL connection failed
[xUnit.net 00:00:00.31]            Connection: Host=localhost;Port=5433;Database=WitchCityRope_Dev;Username=postgres;Password=***
[xUnit.net 00:00:00.31]            Error: 28P01: password authentication failed for user "postgres"
[xUnit.net 00:00:00.31]            Fix: Check 'docker logs witchcity-postgres'
[xUnit.net 00:00:00.31]            Run: 'docker-compose -f docker-compose.yml -f docker-compose.dev.yml restart postgres'
[xUnit.net 00:00:00.31]       System.NullReferenceException : Object reference not set to an instance of an object.
[xUnit.net 00:00:00.31]       Stack Trace:
[xUnit.net 00:00:00.31]         /home/chad/repos/witchcityrope-react/src/WitchCityRope.Infrastructure/PayPal/PayPalService.cs(115,0): at WitchCityRope.Infrastructure.PayPal.PayPalService.ProcessRefundAsync(Payment payment, Money refundAmount, String reason)
[xUnit.net 00:00:00.31]         /home/chad/repos/witchcityrope-react/tests/WitchCityRope.Infrastructure.Tests/PayPal/PayPalServiceTests.cs(164,0): at WitchCityRope.Infrastructure.Tests.PayPal.PayPalServiceTests.ProcessRefundAsync_Should_Handle_Exceptions()
[xUnit.net 00:00:00.31]         --- End of stack trace from previous location ---
[xUnit.net 00:00:00.33]       Expected status to be PaymentStatus.Failed {value: 3}, but found PaymentStatus.Pending {value: 1}.
[xUnit.net 00:00:00.33]       Stack Trace:
[xUnit.net 00:00:00.33]            at FluentAssertions.Execution.LateBoundTestFramework.Throw(String message)
[xUnit.net 00:00:00.33]            at FluentAssertions.Execution.DefaultAssertionStrategy.HandleFailure(String message)
[xUnit.net 00:00:00.33]            at FluentAssertions.Execution.AssertionScope.AddPreFormattedFailure(String formattedFailureMessage)
[xUnit.net 00:00:00.33]            at FluentAssertions.Execution.AssertionChain.FailWith(Func`1 getFailureReason)
[xUnit.net 00:00:00.33]            at FluentAssertions.Execution.AssertionChain.FailWith(Func`1 getFailureReason)
[xUnit.net 00:00:00.33]            at FluentAssertions.Execution.AssertionChain.FailWith(String message, Object[] args)
[xUnit.net 00:00:00.33]            at FluentAssertions.Primitives.EnumAssertions`2.Be(TEnum expected, String because, Object[] becauseArgs)
[xUnit.net 00:00:00.33]         /home/chad/repos/witchcityrope-react/tests/WitchCityRope.Infrastructure.Tests/PayPal/PayPalServiceTests.cs(273,0): at WitchCityRope.Infrastructure.Tests.PayPal.PayPalServiceTests.GetPaymentStatusAsync_Should_Return_Failed_On_Exception()
[xUnit.net 00:00:00.33]         --- End of stack trace from previous location ---
[testcontainers.org 00:00:00.14] Connected to Docker:
  Host: unix:///var/run/docker.sock
  Server Version: 27.5.1
  Kernel Version: 6.14.0-29-generic
  API Version: 1.47
  Operating System: Ubuntu 24.04.3 LTS
  Total Memory: 62.72 GB
[xUnit.net 00:00:00.36]       System.InvalidOperationException : API not responding on http://localhost:5655. Run: docker-compose up -d
[xUnit.net 00:00:00.36]       ---- System.Net.Http.HttpRequestException : An error occurred while sending the request.
[xUnit.net 00:00:00.36]       -------- System.IO.IOException : Unable to read data from the transport connection: Connection reset by peer.
[xUnit.net 00:00:00.36]       ------------ System.Net.Sockets.SocketException : Connection reset by peer
[xUnit.net 00:00:00.36]       Stack Trace:
[xUnit.net 00:00:00.36]         /home/chad/repos/witchcityrope-react/tests/WitchCityRope.Infrastructure.Tests/HealthChecks/ServiceHealthCheckTests.cs(106,0): at WitchCityRope.Infrastructure.Tests.HealthChecks.ServiceHealthCheckTests.VerifyApiIsHealthy()
[xUnit.net 00:00:00.36]         --- End of stack trace from previous location ---
[xUnit.net 00:00:00.36]         ----- Inner Stack Trace -----
[xUnit.net 00:00:00.36]            at System.Net.Http.HttpConnection.SendAsync(HttpRequestMessage request, Boolean async, CancellationToken cancellationToken)
[xUnit.net 00:00:00.36]            at System.Net.Http.HttpConnectionPool.SendWithVersionDetectionAndRetryAsync(HttpRequestMessage request, Boolean async, Boolean doRequestAuth, CancellationToken cancellationToken)
[xUnit.net 00:00:00.36]            at System.Net.Http.RedirectHandler.SendAsync(HttpRequestMessage request, Boolean async, CancellationToken cancellationToken)
[xUnit.net 00:00:00.36]            at System.Net.Http.HttpClient.&lt;SendAsync&gt;g__Core|83_0(HttpRequestMessage request, HttpCompletionOption completionOption, CancellationTokenSource cts, Boolean disposeCts, CancellationTokenSource pendingRequestsCts, CancellationToken originalCancellationToken)
[xUnit.net 00:00:00.36]         /home/chad/repos/witchcityrope-react/tests/WitchCityRope.Infrastructure.Tests/HealthChecks/ServiceHealthCheckTests.cs(92,0): at WitchCityRope.Infrastructure.Tests.HealthChecks.ServiceHealthCheckTests.VerifyApiIsHealthy()
[xUnit.net 00:00:00.36]         ----- Inner Stack Trace -----
[xUnit.net 00:00:00.36]            at System.Net.Sockets.Socket.AwaitableSocketAsyncEventArgs.ThrowException(SocketError error, CancellationToken cancellationToken)
[xUnit.net 00:00:00.36]            at System.Net.Sockets.Socket.AwaitableSocketAsyncEventArgs.System.Threading.Tasks.Sources.IValueTaskSource&lt;System.Int32&gt;.GetResult(Int16 token)
[xUnit.net 00:00:00.37]            at System.Net.Http.HttpConnection.InitialFillAsync(Boolean async)
[xUnit.net 00:00:00.37]            at System.Net.Http.HttpConnection.SendAsync(HttpRequestMessage request, Boolean async, CancellationToken cancellationToken)
[xUnit.net 00:00:00.37]         ----- Inner Stack Trace -----
[xUnit.net 00:00:00.37]         
[xUnit.net 00:00:00.37]       Output:
[xUnit.net 00:00:00.37]         ❌ API not responding on http://localhost:5655
[xUnit.net 00:00:00.37]            Error: An error occurred while sending the request.
[xUnit.net 00:00:00.37]            Fix: Run 'docker-compose -f docker-compose.yml -f docker-compose.dev.yml up -d'
[xUnit.net 00:00:00.37]            Or check: docker logs witchcity-api
[xUnit.net 00:00:00.38]       System.NullReferenceException : Object reference not set to an instance of an object.
[xUnit.net 00:00:00.38]       Stack Trace:
[xUnit.net 00:00:00.38]         /home/chad/repos/witchcityrope-react/src/WitchCityRope.Infrastructure/PayPal/PayPalService.cs(83,0): at WitchCityRope.Infrastructure.PayPal.PayPalService.ProcessPaymentAsync(Registration registration, Money amount, String paymentMethodId)
[xUnit.net 00:00:00.38]         /home/chad/repos/witchcityrope-react/tests/WitchCityRope.Infrastructure.Tests/PayPal/PayPalServiceTests.cs(101,0): at WitchCityRope.Infrastructure.Tests.PayPal.PayPalServiceTests.ProcessPaymentAsync_Should_Handle_Exceptions()
[xUnit.net 00:00:00.38]         --- End of stack trace from previous location ---
[testcontainers.org 00:00:00.23] Docker container 94842f0262e4 created
[testcontainers.org 00:00:00.25] Start Docker container 94842f0262e4
[xUnit.net 00:00:00.52]       System.InvalidOperationException : Infrastructure health checks failed:
[xUnit.net 00:00:00.52]         - PostgreSQL Database: ❌ PostgreSQL not accessible on port 5433. Check Docker containers
[xUnit.net 00:00:00.52]         - API Service: ❌ API not responding on http://localhost:5655. Run: docker-compose up -d
[xUnit.net 00:00:00.52]       Stack Trace:
[xUnit.net 00:00:00.52]         /home/chad/repos/witchcityrope-react/tests/WitchCityRope.Infrastructure.Tests/HealthChecks/ServiceHealthCheckTests.cs(259,0): at WitchCityRope.Infrastructure.Tests.HealthChecks.ServiceHealthCheckTests.RunAllHealthChecks()
[xUnit.net 00:00:00.52]         --- End of stack trace from previous location ---
[xUnit.net 00:00:00.52]       Output:
[xUnit.net 00:00:00.52]         ✅ All required Docker containers are running
[xUnit.net 00:00:00.52]         NAMES                STATUS
[xUnit.net 00:00:00.52]         witchcity-web        Up 3 minutes (unhealthy)
[xUnit.net 00:00:00.52]         witchcity-api        Up 3 minutes (unhealthy)
[xUnit.net 00:00:00.52]         witchcity-postgres   Up 3 minutes (healthy)
[xUnit.net 00:00:00.52]         
[xUnit.net 00:00:00.52]         ✅ Docker Containers: Healthy
[xUnit.net 00:00:00.52]         ❌ PostgreSQL connection failed
[xUnit.net 00:00:00.52]            Connection: Host=localhost;Port=5433;Database=WitchCityRope_Dev;Username=postgres;Password=***
[xUnit.net 00:00:00.52]            Error: 28P01: password authentication failed for user "postgres"
[xUnit.net 00:00:00.52]            Fix: Check 'docker logs witchcity-postgres'
[xUnit.net 00:00:00.52]            Run: 'docker-compose -f docker-compose.yml -f docker-compose.dev.yml restart postgres'
[xUnit.net 00:00:00.52]         ❌ PostgreSQL Database: PostgreSQL not accessible on port 5433. Check Docker containers
[xUnit.net 00:00:00.52]         ❌ API not responding on http://localhost:5655
[xUnit.net 00:00:00.52]            Error: An error occurred while sending the request.
[xUnit.net 00:00:00.52]            Fix: Run 'docker-compose -f docker-compose.yml -f docker-compose.dev.yml up -d'
[xUnit.net 00:00:00.52]            Or check: docker logs witchcity-api
[xUnit.net 00:00:00.52]         ❌ API Service: API not responding on http://localhost:5655. Run: docker-compose up -d
[xUnit.net 00:00:00.52]         ✅ React dev server is accessible at http://localhost:5173
[xUnit.net 00:00:00.52]         ✅ React Dev Server: Healthy
[xUnit.net 00:00:00.52]         
[xUnit.net 00:00:00.52]         \ud83d\udcca Health Check Summary:
[xUnit.net 00:00:00.52]            Total Time: 144ms
[xUnit.net 00:00:00.52]            Passed: 2
[xUnit.net 00:00:00.52]            Failed: 2
[testcontainers.org 00:00:00.42] Wait for Docker container 94842f0262e4 to complete readiness checks
[testcontainers.org 00:00:00.42] Docker container 94842f0262e4 ready
[testcontainers.org 00:00:00.44] Docker container 4efb0433527a created
[testcontainers.org 00:00:00.44] Start Docker container 4efb0433527a
[testcontainers.org 00:00:00.60] Wait for Docker container 4efb0433527a to complete readiness checks
[testcontainers.org 00:00:00.60] Execute "pg_isready --host localhost --dbname witchcityrope_test --username testuser" at Docker container 4efb0433527a
[xUnit.net 00:00:01.34]       System.InvalidOperationException : An error was generated for warning 'Microsoft.EntityFrameworkCore.Database.Transaction.TransactionIgnoredWarning': Transactions are not supported by the in-memory store. See https://go.microsoft.com/fwlink/?LinkId=800142 This exception can be suppressed or logged by passing event ID 'InMemoryEventId.TransactionIgnoredWarning' to the 'ConfigureWarnings' method in 'DbContext.OnConfiguring' or 'AddDbContext'.
[xUnit.net 00:00:01.34]       Stack Trace:
[xUnit.net 00:00:01.34]            at Microsoft.EntityFrameworkCore.Diagnostics.EventDefinition.Log[TLoggerCategory](IDiagnosticsLogger`1 logger, Exception exception)
[xUnit.net 00:00:01.34]            at Microsoft.EntityFrameworkCore.InMemory.Internal.InMemoryLoggerExtensions.TransactionIgnoredWarning(IDiagnosticsLogger`1 diagnostics)
[xUnit.net 00:00:01.34]            at Microsoft.EntityFrameworkCore.InMemory.Storage.Internal.InMemoryTransactionManager.BeginTransactionAsync(CancellationToken cancellationToken)
[xUnit.net 00:00:01.34]            at Microsoft.EntityFrameworkCore.Infrastructure.DatabaseFacade.BeginTransactionAsync(CancellationToken cancellationToken)
[xUnit.net 00:00:01.34]         /home/chad/repos/witchcityrope-react/tests/WitchCityRope.Infrastructure.Tests/Data/ConcurrencyTests.cs(332,0): at WitchCityRope.Infrastructure.Tests.Data.ConcurrencyTests.&lt;&gt;c__DisplayClass5_0.&lt;&lt;Should_Handle_Deadlock_Scenario&gt;b__0&gt;d.MoveNext()
[xUnit.net 00:00:01.34]         --- End of stack trace from previous location ---
[xUnit.net 00:00:01.34]         /home/chad/repos/witchcityrope-react/tests/WitchCityRope.Infrastructure.Tests/Data/ConcurrencyTests.cs(389,0): at WitchCityRope.Infrastructure.Tests.Data.ConcurrencyTests.Should_Handle_Deadlock_Scenario()
[xUnit.net 00:00:01.34]         --- End of stack trace from previous location ---
[xUnit.net 00:00:01.35]       Microsoft.EntityFrameworkCore.DbUpdateException : An error occurred while saving the entity changes. See the inner exception for details.
[xUnit.net 00:00:01.35]       ---- Microsoft.Data.Sqlite.SqliteException : SQLite Error 19: 'NOT NULL constraint failed: Registrations.DietaryRestrictions'.
[xUnit.net 00:00:01.35]       Stack Trace:
[xUnit.net 00:00:01.35]            at Microsoft.EntityFrameworkCore.Update.ReaderModificationCommandBatch.ExecuteAsync(IRelationalConnection connection, CancellationToken cancellationToken)
[xUnit.net 00:00:01.35]            at Microsoft.EntityFrameworkCore.Update.Internal.BatchExecutor.ExecuteAsync(IEnumerable`1 commandBatches, IRelationalConnection connection, CancellationToken cancellationToken)
[xUnit.net 00:00:01.35]            at Microsoft.EntityFrameworkCore.Update.Internal.BatchExecutor.ExecuteAsync(IEnumerable`1 commandBatches, IRelationalConnection connection, CancellationToken cancellationToken)
[xUnit.net 00:00:01.35]            at Microsoft.EntityFrameworkCore.Update.Internal.BatchExecutor.ExecuteAsync(IEnumerable`1 commandBatches, IRelationalConnection connection, CancellationToken cancellationToken)
[xUnit.net 00:00:01.35]            at Microsoft.EntityFrameworkCore.Storage.RelationalDatabase.SaveChangesAsync(IList`1 entries, CancellationToken cancellationToken)
[xUnit.net 00:00:01.35]            at Microsoft.EntityFrameworkCore.ChangeTracking.Internal.StateManager.SaveChangesAsync(IList`1 entriesToSave, CancellationToken cancellationToken)
[xUnit.net 00:00:01.35]            at Microsoft.EntityFrameworkCore.ChangeTracking.Internal.StateManager.SaveChangesAsync(StateManager stateManager, Boolean acceptAllChangesOnSuccess, CancellationToken cancellationToken)
[xUnit.net 00:00:01.35]            at Microsoft.EntityFrameworkCore.DbContext.SaveChangesAsync(Boolean acceptAllChangesOnSuccess, CancellationToken cancellationToken)
[xUnit.net 00:00:01.35]            at Microsoft.EntityFrameworkCore.DbContext.SaveChangesAsync(Boolean acceptAllChangesOnSuccess, CancellationToken cancellationToken)
[xUnit.net 00:00:01.35]         /home/chad/repos/witchcityrope-react/src/WitchCityRope.Infrastructure/Data/WitchCityRopeDbContext.cs(58,0): at WitchCityRope.Infrastructure.Data.WitchCityRopeDbContext.SaveChangesAsync(CancellationToken cancellationToken)
[xUnit.net 00:00:01.35]         /home/chad/repos/witchcityrope-react/tests/WitchCityRope.Infrastructure.Tests/Data/ComplexQueryTests.cs(63,0): at WitchCityRope.Infrastructure.Tests.Data.ComplexQueryTests.SeedDataAsync()
[xUnit.net 00:00:01.35]         /home/chad/repos/witchcityrope-react/tests/WitchCityRope.Infrastructure.Tests/Fixtures/IntegrationTestBase.cs(41,0): at WitchCityRope.Infrastructure.Tests.Fixtures.IntegrationTestBase.InitializeAsync()
[xUnit.net 00:00:01.35]         ----- Inner Stack Trace -----
[xUnit.net 00:00:01.35]            at Microsoft.Data.Sqlite.SqliteException.ThrowExceptionForRC(Int32 rc, sqlite3 db)
[xUnit.net 00:00:01.35]            at Microsoft.Data.Sqlite.SqliteDataReader.NextResult()
[xUnit.net 00:00:01.35]            at Microsoft.Data.Sqlite.SqliteCommand.ExecuteReader(CommandBehavior behavior)
[xUnit.net 00:00:01.35]            at Microsoft.Data.Sqlite.SqliteCommand.ExecuteReaderAsync(CommandBehavior behavior, CancellationToken cancellationToken)
[xUnit.net 00:00:01.35]            at Microsoft.Data.Sqlite.SqliteCommand.ExecuteDbDataReaderAsync(CommandBehavior behavior, CancellationToken cancellationToken)
[xUnit.net 00:00:01.35]            at Microsoft.EntityFrameworkCore.Storage.RelationalCommand.ExecuteReaderAsync(RelationalCommandParameterObject parameterObject, CancellationToken cancellationToken)
[xUnit.net 00:00:01.35]            at Microsoft.EntityFrameworkCore.Storage.RelationalCommand.ExecuteReaderAsync(RelationalCommandParameterObject parameterObject, CancellationToken cancellationToken)
[xUnit.net 00:00:01.35]            at Microsoft.EntityFrameworkCore.Update.ReaderModificationCommandBatch.ExecuteAsync(IRelationalConnection connection, CancellationToken cancellationToken)
[xUnit.net 00:00:01.45]       System.InvalidOperationException : Sequence contains no elements
[xUnit.net 00:00:01.45]       Stack Trace:
[xUnit.net 00:00:01.45]            at System.Linq.ThrowHelper.ThrowNoElementsException()
[xUnit.net 00:00:01.45]            at lambda_method1250(Closure)
[xUnit.net 00:00:01.45]            at Microsoft.EntityFrameworkCore.InMemory.Query.Internal.InMemoryQueryExpression.ResultEnumerable.GetEnumerator()
[xUnit.net 00:00:01.45]            at Microsoft.EntityFrameworkCore.InMemory.Query.Internal.InMemoryShapedQueryCompilingExpressionVisitor.QueryingEnumerable`1.Enumerator.MoveNextHelper()
[xUnit.net 00:00:01.45]            at Microsoft.EntityFrameworkCore.InMemory.Query.Internal.InMemoryShapedQueryCompilingExpressionVisitor.QueryingEnumerable`1.Enumerator.MoveNextAsync()
[xUnit.net 00:00:01.45]            at Microsoft.EntityFrameworkCore.Query.ShapedQueryCompilingExpressionVisitor.SingleAsync[TSource](IAsyncEnumerable`1 asyncEnumerable, CancellationToken cancellationToken)
[xUnit.net 00:00:01.45]            at Microsoft.EntityFrameworkCore.Query.ShapedQueryCompilingExpressionVisitor.SingleAsync[TSource](IAsyncEnumerable`1 asyncEnumerable, CancellationToken cancellationToken)
[xUnit.net 00:00:01.45]         /home/chad/repos/witchcityrope-react/tests/WitchCityRope.Infrastructure.Tests/Data/ConcurrencyTests.cs(279,0): at WitchCityRope.Infrastructure.Tests.Data.ConcurrencyTests.&lt;&gt;c__DisplayClass4_1.&lt;&lt;Should_Handle_Concurrent_Updates_With_Retry_Logic&gt;b__1&gt;d.MoveNext()
[xUnit.net 00:00:01.45]         --- End of stack trace from previous location ---
[xUnit.net 00:00:01.45]         /home/chad/repos/witchcityrope-react/tests/WitchCityRope.Infrastructure.Tests/Data/ConcurrencyTests.cs(304,0): at WitchCityRope.Infrastructure.Tests.Data.ConcurrencyTests.Should_Handle_Concurrent_Updates_With_Retry_Logic()
[xUnit.net 00:00:01.45]         --- End of stack trace from previous location ---
[xUnit.net 00:00:01.46]       System.InvalidOperationException : Sequence contains no elements
[xUnit.net 00:00:01.46]       Stack Trace:
[xUnit.net 00:00:01.46]            at System.Linq.ThrowHelper.ThrowNoElementsException()
[xUnit.net 00:00:01.46]            at lambda_method1264(Closure)
[xUnit.net 00:00:01.46]            at Microsoft.EntityFrameworkCore.InMemory.Query.Internal.InMemoryQueryExpression.ResultEnumerable.GetEnumerator()
[xUnit.net 00:00:01.46]            at Microsoft.EntityFrameworkCore.InMemory.Query.Internal.InMemoryShapedQueryCompilingExpressionVisitor.QueryingEnumerable`1.Enumerator.MoveNextHelper()
[xUnit.net 00:00:01.46]            at Microsoft.EntityFrameworkCore.InMemory.Query.Internal.InMemoryShapedQueryCompilingExpressionVisitor.QueryingEnumerable`1.Enumerator.MoveNextAsync()
[xUnit.net 00:00:01.46]            at Microsoft.EntityFrameworkCore.Query.ShapedQueryCompilingExpressionVisitor.SingleAsync[TSource](IAsyncEnumerable`1 asyncEnumerable, CancellationToken cancellationToken)
[xUnit.net 00:00:01.46]            at Microsoft.EntityFrameworkCore.Query.ShapedQueryCompilingExpressionVisitor.SingleAsync[TSource](IAsyncEnumerable`1 asyncEnumerable, CancellationToken cancellationToken)
[xUnit.net 00:00:01.46]         /home/chad/repos/witchcityrope-react/tests/WitchCityRope.Infrastructure.Tests/Data/EntityConfigurationTests.cs(50,0): at WitchCityRope.Infrastructure.Tests.Data.EntityConfigurationTests.&lt;&gt;c__DisplayClass1_0.&lt;&lt;User_Configuration_Should_Store_Value_Objects_Correctly&gt;b__0&gt;d.MoveNext()
[xUnit.net 00:00:01.46]         --- End of stack trace from previous location ---
[xUnit.net 00:00:01.46]         /home/chad/repos/witchcityrope-react/tests/WitchCityRope.Infrastructure.Tests/Fixtures/IntegrationTestBase.cs(89,0): at WitchCityRope.Infrastructure.Tests.Fixtures.IntegrationTestBase.ExecuteWithNewContextAsync[T](Func`2 action)
[xUnit.net 00:00:01.46]         /home/chad/repos/witchcityrope-react/tests/WitchCityRope.Infrastructure.Tests/Data/EntityConfigurationTests.cs(49,0): at WitchCityRope.Infrastructure.Tests.Data.EntityConfigurationTests.User_Configuration_Should_Store_Value_Objects_Correctly()
[xUnit.net 00:00:01.46]         --- End of stack trace from previous location ---
[xUnit.net 00:00:01.46]       Expected retrievedUser not to be &lt;null&gt;.
[xUnit.net 00:00:01.46]       Stack Trace:
[xUnit.net 00:00:01.46]            at FluentAssertions.Execution.LateBoundTestFramework.Throw(String message)
[xUnit.net 00:00:01.46]            at FluentAssertions.Execution.DefaultAssertionStrategy.HandleFailure(String message)
[xUnit.net 00:00:01.46]            at FluentAssertions.Execution.AssertionScope.AddPreFormattedFailure(String formattedFailureMessage)
[xUnit.net 00:00:01.46]            at FluentAssertions.Execution.AssertionChain.FailWith(Func`1 getFailureReason)
[xUnit.net 00:00:01.46]            at FluentAssertions.Execution.AssertionChain.FailWith(Func`1 getFailureReason)
[xUnit.net 00:00:01.46]            at FluentAssertions.Execution.AssertionChain.FailWith(String message)
[xUnit.net 00:00:01.46]            at FluentAssertions.Primitives.ReferenceTypeAssertions`2.NotBeNull(String because, Object[] becauseArgs)
[xUnit.net 00:00:01.46]         /home/chad/repos/witchcityrope-react/tests/WitchCityRope.Infrastructure.Tests/Data/WitchCityRopeDbContextTests.cs(47,0): at WitchCityRope.Infrastructure.Tests.Data.WitchCityRopeDbContextTests.Should_Save_And_Retrieve_User()
[xUnit.net 00:00:01.46]         --- End of stack trace from previous location ---
[xUnit.net 00:00:01.51]       Microsoft.EntityFrameworkCore.DbUpdateException : An error occurred while saving the entity changes. See the inner exception for details.
[xUnit.net 00:00:01.51]       ---- Microsoft.Data.Sqlite.SqliteException : SQLite Error 19: 'NOT NULL constraint failed: Registrations.DietaryRestrictions'.
[xUnit.net 00:00:01.51]       Stack Trace:
[xUnit.net 00:00:01.51]            at Microsoft.EntityFrameworkCore.Update.ReaderModificationCommandBatch.ExecuteAsync(IRelationalConnection connection, CancellationToken cancellationToken)
[xUnit.net 00:00:01.51]            at Microsoft.EntityFrameworkCore.Update.Internal.BatchExecutor.ExecuteAsync(IEnumerable`1 commandBatches, IRelationalConnection connection, CancellationToken cancellationToken)
[xUnit.net 00:00:01.51]            at Microsoft.EntityFrameworkCore.Update.Internal.BatchExecutor.ExecuteAsync(IEnumerable`1 commandBatches, IRelationalConnection connection, CancellationToken cancellationToken)
[xUnit.net 00:00:01.51]            at Microsoft.EntityFrameworkCore.Update.Internal.BatchExecutor.ExecuteAsync(IEnumerable`1 commandBatches, IRelationalConnection connection, CancellationToken cancellationToken)
[xUnit.net 00:00:01.51]            at Microsoft.EntityFrameworkCore.Storage.RelationalDatabase.SaveChangesAsync(IList`1 entries, CancellationToken cancellationToken)
[xUnit.net 00:00:01.51]            at Microsoft.EntityFrameworkCore.ChangeTracking.Internal.StateManager.SaveChangesAsync(IList`1 entriesToSave, CancellationToken cancellationToken)
[xUnit.net 00:00:01.51]            at Microsoft.EntityFrameworkCore.ChangeTracking.Internal.StateManager.SaveChangesAsync(StateManager stateManager, Boolean acceptAllChangesOnSuccess, CancellationToken cancellationToken)
[xUnit.net 00:00:01.51]            at Microsoft.EntityFrameworkCore.DbContext.SaveChangesAsync(Boolean acceptAllChangesOnSuccess, CancellationToken cancellationToken)
[xUnit.net 00:00:01.51]            at Microsoft.EntityFrameworkCore.DbContext.SaveChangesAsync(Boolean acceptAllChangesOnSuccess, CancellationToken cancellationToken)
[xUnit.net 00:00:01.51]         /home/chad/repos/witchcityrope-react/src/WitchCityRope.Infrastructure/Data/WitchCityRopeDbContext.cs(58,0): at WitchCityRope.Infrastructure.Data.WitchCityRopeDbContext.SaveChangesAsync(CancellationToken cancellationToken)
[xUnit.net 00:00:01.51]         /home/chad/repos/witchcityrope-react/tests/WitchCityRope.Infrastructure.Tests/Data/ComplexQueryTests.cs(63,0): at WitchCityRope.Infrastructure.Tests.Data.ComplexQueryTests.SeedDataAsync()
[xUnit.net 00:00:01.51]         /home/chad/repos/witchcityrope-react/tests/WitchCityRope.Infrastructure.Tests/Fixtures/IntegrationTestBase.cs(41,0): at WitchCityRope.Infrastructure.Tests.Fixtures.IntegrationTestBase.InitializeAsync()
[xUnit.net 00:00:01.51]         ----- Inner Stack Trace -----
[xUnit.net 00:00:01.51]            at Microsoft.Data.Sqlite.SqliteException.ThrowExceptionForRC(Int32 rc, sqlite3 db)
[xUnit.net 00:00:01.51]            at Microsoft.Data.Sqlite.SqliteDataReader.NextResult()
[xUnit.net 00:00:01.51]            at Microsoft.Data.Sqlite.SqliteCommand.ExecuteReader(CommandBehavior behavior)
[xUnit.net 00:00:01.51]            at Microsoft.Data.Sqlite.SqliteCommand.ExecuteReaderAsync(CommandBehavior behavior, CancellationToken cancellationToken)
[xUnit.net 00:00:01.51]            at Microsoft.Data.Sqlite.SqliteCommand.ExecuteDbDataReaderAsync(CommandBehavior behavior, CancellationToken cancellationToken)
[xUnit.net 00:00:01.51]            at Microsoft.EntityFrameworkCore.Storage.RelationalCommand.ExecuteReaderAsync(RelationalCommandParameterObject parameterObject, CancellationToken cancellationToken)
[xUnit.net 00:00:01.51]            at Microsoft.EntityFrameworkCore.Storage.RelationalCommand.ExecuteReaderAsync(RelationalCommandParameterObject parameterObject, CancellationToken cancellationToken)
[xUnit.net 00:00:01.51]            at Microsoft.EntityFrameworkCore.Update.ReaderModificationCommandBatch.ExecuteAsync(IRelationalConnection connection, CancellationToken cancellationToken)
[xUnit.net 00:00:01.52]       Microsoft.EntityFrameworkCore.DbUpdateException : An error occurred while saving the entity changes. See the inner exception for details.
[xUnit.net 00:00:01.52]       ---- Microsoft.Data.Sqlite.SqliteException : SQLite Error 19: 'NOT NULL constraint failed: Registrations.DietaryRestrictions'.
[xUnit.net 00:00:01.52]       Stack Trace:
[xUnit.net 00:00:01.52]            at Microsoft.EntityFrameworkCore.Update.ReaderModificationCommandBatch.ExecuteAsync(IRelationalConnection connection, CancellationToken cancellationToken)
[xUnit.net 00:00:01.52]            at Microsoft.EntityFrameworkCore.Update.Internal.BatchExecutor.ExecuteAsync(IEnumerable`1 commandBatches, IRelationalConnection connection, CancellationToken cancellationToken)
[xUnit.net 00:00:01.52]            at Microsoft.EntityFrameworkCore.Update.Internal.BatchExecutor.ExecuteAsync(IEnumerable`1 commandBatches, IRelationalConnection connection, CancellationToken cancellationToken)
[xUnit.net 00:00:01.52]            at Microsoft.EntityFrameworkCore.Update.Internal.BatchExecutor.ExecuteAsync(IEnumerable`1 commandBatches, IRelationalConnection connection, CancellationToken cancellationToken)
[xUnit.net 00:00:01.52]            at Microsoft.EntityFrameworkCore.Storage.RelationalDatabase.SaveChangesAsync(IList`1 entries, CancellationToken cancellationToken)
[xUnit.net 00:00:01.52]            at Microsoft.EntityFrameworkCore.ChangeTracking.Internal.StateManager.SaveChangesAsync(IList`1 entriesToSave, CancellationToken cancellationToken)
[xUnit.net 00:00:01.52]            at Microsoft.EntityFrameworkCore.ChangeTracking.Internal.StateManager.SaveChangesAsync(StateManager stateManager, Boolean acceptAllChangesOnSuccess, CancellationToken cancellationToken)
[xUnit.net 00:00:01.52]            at Microsoft.EntityFrameworkCore.DbContext.SaveChangesAsync(Boolean acceptAllChangesOnSuccess, CancellationToken cancellationToken)
[xUnit.net 00:00:01.52]            at Microsoft.EntityFrameworkCore.DbContext.SaveChangesAsync(Boolean acceptAllChangesOnSuccess, CancellationToken cancellationToken)
[xUnit.net 00:00:01.52]         /home/chad/repos/witchcityrope-react/src/WitchCityRope.Infrastructure/Data/WitchCityRopeDbContext.cs(58,0): at WitchCityRope.Infrastructure.Data.WitchCityRopeDbContext.SaveChangesAsync(CancellationToken cancellationToken)
[xUnit.net 00:00:01.52]         /home/chad/repos/witchcityrope-react/tests/WitchCityRope.Infrastructure.Tests/Data/ConcurrencyTests.cs(126,0): at WitchCityRope.Infrastructure.Tests.Data.ConcurrencyTests.Should_Handle_Concurrent_Payment_Processing()
[xUnit.net 00:00:01.52]         --- End of stack trace from previous location ---
[xUnit.net 00:00:01.52]         ----- Inner Stack Trace -----
[xUnit.net 00:00:01.52]            at Microsoft.Data.Sqlite.SqliteException.ThrowExceptionForRC(Int32 rc, sqlite3 db)
[xUnit.net 00:00:01.52]            at Microsoft.Data.Sqlite.SqliteDataReader.NextResult()
[xUnit.net 00:00:01.52]            at Microsoft.Data.Sqlite.SqliteCommand.ExecuteReader(CommandBehavior behavior)
[xUnit.net 00:00:01.52]            at Microsoft.Data.Sqlite.SqliteCommand.ExecuteReaderAsync(CommandBehavior behavior, CancellationToken cancellationToken)
[xUnit.net 00:00:01.52]            at Microsoft.Data.Sqlite.SqliteCommand.ExecuteDbDataReaderAsync(CommandBehavior behavior, CancellationToken cancellationToken)
[xUnit.net 00:00:01.52]            at Microsoft.EntityFrameworkCore.Storage.RelationalCommand.ExecuteReaderAsync(RelationalCommandParameterObject parameterObject, CancellationToken cancellationToken)
[xUnit.net 00:00:01.52]            at Microsoft.EntityFrameworkCore.Storage.RelationalCommand.ExecuteReaderAsync(RelationalCommandParameterObject parameterObject, CancellationToken cancellationToken)
[xUnit.net 00:00:01.52]            at Microsoft.EntityFrameworkCore.Update.ReaderModificationCommandBatch.ExecuteAsync(IRelationalConnection connection, CancellationToken cancellationToken)
[xUnit.net 00:00:01.58]       Microsoft.EntityFrameworkCore.DbUpdateException : An error occurred while saving the entity changes. See the inner exception for details.
[xUnit.net 00:00:01.58]       ---- Microsoft.Data.Sqlite.SqliteException : SQLite Error 19: 'NOT NULL constraint failed: IncidentReports.ResolutionNotes'.
[xUnit.net 00:00:01.58]       Stack Trace:
[xUnit.net 00:00:01.58]            at Microsoft.EntityFrameworkCore.Update.ReaderModificationCommandBatch.ExecuteAsync(IRelationalConnection connection, CancellationToken cancellationToken)
[xUnit.net 00:00:01.58]            at Microsoft.EntityFrameworkCore.Update.Internal.BatchExecutor.ExecuteAsync(IEnumerable`1 commandBatches, IRelationalConnection connection, CancellationToken cancellationToken)
[xUnit.net 00:00:01.58]            at Microsoft.EntityFrameworkCore.Update.Internal.BatchExecutor.ExecuteAsync(IEnumerable`1 commandBatches, IRelationalConnection connection, CancellationToken cancellationToken)
[xUnit.net 00:00:01.58]            at Microsoft.EntityFrameworkCore.Update.Internal.BatchExecutor.ExecuteAsync(IEnumerable`1 commandBatches, IRelationalConnection connection, CancellationToken cancellationToken)
[xUnit.net 00:00:01.58]            at Microsoft.EntityFrameworkCore.Storage.RelationalDatabase.SaveChangesAsync(IList`1 entries, CancellationToken cancellationToken)
[xUnit.net 00:00:01.58]            at Microsoft.EntityFrameworkCore.ChangeTracking.Internal.StateManager.SaveChangesAsync(IList`1 entriesToSave, CancellationToken cancellationToken)
[xUnit.net 00:00:01.58]            at Microsoft.EntityFrameworkCore.ChangeTracking.Internal.StateManager.SaveChangesAsync(StateManager stateManager, Boolean acceptAllChangesOnSuccess, CancellationToken cancellationToken)
[xUnit.net 00:00:01.58]            at Microsoft.EntityFrameworkCore.DbContext.SaveChangesAsync(Boolean acceptAllChangesOnSuccess, CancellationToken cancellationToken)
[xUnit.net 00:00:01.58]            at Microsoft.EntityFrameworkCore.DbContext.SaveChangesAsync(Boolean acceptAllChangesOnSuccess, CancellationToken cancellationToken)
[xUnit.net 00:00:01.58]         /home/chad/repos/witchcityrope-react/src/WitchCityRope.Infrastructure/Data/WitchCityRopeDbContext.cs(58,0): at WitchCityRope.Infrastructure.Data.WitchCityRopeDbContext.SaveChangesAsync(CancellationToken cancellationToken)
[xUnit.net 00:00:01.58]         /home/chad/repos/witchcityrope-react/tests/WitchCityRope.Infrastructure.Tests/Data/EntityConfigurationTests.cs(187,0): at WitchCityRope.Infrastructure.Tests.Data.EntityConfigurationTests.IncidentReport_Should_Support_Anonymous_Reports()
[xUnit.net 00:00:01.58]         --- End of stack trace from previous location ---
[xUnit.net 00:00:01.58]         ----- Inner Stack Trace -----
[xUnit.net 00:00:01.58]            at Microsoft.Data.Sqlite.SqliteException.ThrowExceptionForRC(Int32 rc, sqlite3 db)
[xUnit.net 00:00:01.58]            at Microsoft.Data.Sqlite.SqliteDataReader.NextResult()
[xUnit.net 00:00:01.58]            at Microsoft.Data.Sqlite.SqliteCommand.ExecuteReader(CommandBehavior behavior)
[xUnit.net 00:00:01.58]            at Microsoft.Data.Sqlite.SqliteCommand.ExecuteReaderAsync(CommandBehavior behavior, CancellationToken cancellationToken)
[xUnit.net 00:00:01.58]            at Microsoft.Data.Sqlite.SqliteCommand.ExecuteDbDataReaderAsync(CommandBehavior behavior, CancellationToken cancellationToken)
[xUnit.net 00:00:01.58]            at Microsoft.EntityFrameworkCore.Storage.RelationalCommand.ExecuteReaderAsync(RelationalCommandParameterObject parameterObject, CancellationToken cancellationToken)
[xUnit.net 00:00:01.58]            at Microsoft.EntityFrameworkCore.Storage.RelationalCommand.ExecuteReaderAsync(RelationalCommandParameterObject parameterObject, CancellationToken cancellationToken)
[xUnit.net 00:00:01.58]            at Microsoft.EntityFrameworkCore.Update.ReaderModificationCommandBatch.ExecuteAsync(IRelationalConnection connection, CancellationToken cancellationToken)
[xUnit.net 00:00:01.65]       Expected modifiedProperties {"UpdatedAt"} to contain "SceneName".
[xUnit.net 00:00:01.65]       Stack Trace:
[xUnit.net 00:00:01.65]            at FluentAssertions.Execution.LateBoundTestFramework.Throw(String message)
[xUnit.net 00:00:01.65]            at FluentAssertions.Execution.DefaultAssertionStrategy.HandleFailure(String message)
[xUnit.net 00:00:01.65]            at FluentAssertions.Execution.AssertionScope.AddPreFormattedFailure(String formattedFailureMessage)
[xUnit.net 00:00:01.65]            at FluentAssertions.Execution.AssertionChain.FailWith(Func`1 getFailureReason)
[xUnit.net 00:00:01.65]            at FluentAssertions.Execution.AssertionChain.FailWith(Func`1 getFailureReason)
[xUnit.net 00:00:01.65]            at FluentAssertions.Execution.AssertionChain.FailWith(String message, Object[] args)
[xUnit.net 00:00:01.65]            at FluentAssertions.Collections.GenericCollectionAssertions`3.Contain(T expected, String because, Object[] becauseArgs)
[xUnit.net 00:00:01.65]         /home/chad/repos/witchcityrope-react/tests/WitchCityRope.Infrastructure.Tests/Data/WitchCityRopeDbContextTests.cs(179,0): at WitchCityRope.Infrastructure.Tests.Data.WitchCityRopeDbContextTests.Should_Track_Entity_Changes()
[xUnit.net 00:00:01.65]         --- End of stack trace from previous location ---
[xUnit.net 00:00:01.65]       Microsoft.EntityFrameworkCore.DbUpdateException : An error occurred while saving the entity changes. See the inner exception for details.
[xUnit.net 00:00:01.65]       ---- Microsoft.Data.Sqlite.SqliteException : SQLite Error 19: 'NOT NULL constraint failed: Registrations.DietaryRestrictions'.
[xUnit.net 00:00:01.65]       Stack Trace:
[xUnit.net 00:00:01.65]            at Microsoft.EntityFrameworkCore.Update.ReaderModificationCommandBatch.ExecuteAsync(IRelationalConnection connection, CancellationToken cancellationToken)
[xUnit.net 00:00:01.65]            at Microsoft.EntityFrameworkCore.Update.Internal.BatchExecutor.ExecuteAsync(IEnumerable`1 commandBatches, IRelationalConnection connection, CancellationToken cancellationToken)
[xUnit.net 00:00:01.65]            at Microsoft.EntityFrameworkCore.Update.Internal.BatchExecutor.ExecuteAsync(IEnumerable`1 commandBatches, IRelationalConnection connection, CancellationToken cancellationToken)
[xUnit.net 00:00:01.65]            at Microsoft.EntityFrameworkCore.Update.Internal.BatchExecutor.ExecuteAsync(IEnumerable`1 commandBatches, IRelationalConnection connection, CancellationToken cancellationToken)
[xUnit.net 00:00:01.65]            at Microsoft.EntityFrameworkCore.Storage.RelationalDatabase.SaveChangesAsync(IList`1 entries, CancellationToken cancellationToken)
[xUnit.net 00:00:01.65]            at Microsoft.EntityFrameworkCore.ChangeTracking.Internal.StateManager.SaveChangesAsync(IList`1 entriesToSave, CancellationToken cancellationToken)
[xUnit.net 00:00:01.65]            at Microsoft.EntityFrameworkCore.ChangeTracking.Internal.StateManager.SaveChangesAsync(StateManager stateManager, Boolean acceptAllChangesOnSuccess, CancellationToken cancellationToken)
[xUnit.net 00:00:01.65]            at Microsoft.EntityFrameworkCore.DbContext.SaveChangesAsync(Boolean acceptAllChangesOnSuccess, CancellationToken cancellationToken)
[xUnit.net 00:00:01.65]            at Microsoft.EntityFrameworkCore.DbContext.SaveChangesAsync(Boolean acceptAllChangesOnSuccess, CancellationToken cancellationToken)
[xUnit.net 00:00:01.65]         /home/chad/repos/witchcityrope-react/src/WitchCityRope.Infrastructure/Data/WitchCityRopeDbContext.cs(58,0): at WitchCityRope.Infrastructure.Data.WitchCityRopeDbContext.SaveChangesAsync(CancellationToken cancellationToken)
[xUnit.net 00:00:01.65]         /home/chad/repos/witchcityrope-react/tests/WitchCityRope.Infrastructure.Tests/Data/EntityConfigurationTests.cs(76,0): at WitchCityRope.Infrastructure.Tests.Data.EntityConfigurationTests.Event_Registration_Relationship_Should_Be_Configured_Correctly()
[xUnit.net 00:00:01.65]         --- End of stack trace from previous location ---
[xUnit.net 00:00:01.65]         ----- Inner Stack Trace -----
[xUnit.net 00:00:01.65]            at Microsoft.Data.Sqlite.SqliteException.ThrowExceptionForRC(Int32 rc, sqlite3 db)
[xUnit.net 00:00:01.65]            at Microsoft.Data.Sqlite.SqliteDataReader.NextResult()
[xUnit.net 00:00:01.65]            at Microsoft.Data.Sqlite.SqliteCommand.ExecuteReader(CommandBehavior behavior)
[xUnit.net 00:00:01.65]            at Microsoft.Data.Sqlite.SqliteCommand.ExecuteReaderAsync(CommandBehavior behavior, CancellationToken cancellationToken)
[xUnit.net 00:00:01.65]            at Microsoft.Data.Sqlite.SqliteCommand.ExecuteDbDataReaderAsync(CommandBehavior behavior, CancellationToken cancellationToken)
[xUnit.net 00:00:01.65]            at Microsoft.EntityFrameworkCore.Storage.RelationalCommand.ExecuteReaderAsync(RelationalCommandParameterObject parameterObject, CancellationToken cancellationToken)
[xUnit.net 00:00:01.65]            at Microsoft.EntityFrameworkCore.Storage.RelationalCommand.ExecuteReaderAsync(RelationalCommandParameterObject parameterObject, CancellationToken cancellationToken)
[xUnit.net 00:00:01.65]            at Microsoft.EntityFrameworkCore.Update.ReaderModificationCommandBatch.ExecuteAsync(IRelationalConnection connection, CancellationToken cancellationToken)
[xUnit.net 00:00:01.67]       Microsoft.EntityFrameworkCore.DbUpdateException : An error occurred while saving the entity changes. See the inner exception for details.
[xUnit.net 00:00:01.67]       ---- Microsoft.Data.Sqlite.SqliteException : SQLite Error 19: 'NOT NULL constraint failed: Registrations.DietaryRestrictions'.
[xUnit.net 00:00:01.67]       Stack Trace:
[xUnit.net 00:00:01.67]            at Microsoft.EntityFrameworkCore.Update.ReaderModificationCommandBatch.ExecuteAsync(IRelationalConnection connection, CancellationToken cancellationToken)
[xUnit.net 00:00:01.67]            at Microsoft.EntityFrameworkCore.Update.Internal.BatchExecutor.ExecuteAsync(IEnumerable`1 commandBatches, IRelationalConnection connection, CancellationToken cancellationToken)
[xUnit.net 00:00:01.67]            at Microsoft.EntityFrameworkCore.Update.Internal.BatchExecutor.ExecuteAsync(IEnumerable`1 commandBatches, IRelationalConnection connection, CancellationToken cancellationToken)
[xUnit.net 00:00:01.67]            at Microsoft.EntityFrameworkCore.Update.Internal.BatchExecutor.ExecuteAsync(IEnumerable`1 commandBatches, IRelationalConnection connection, CancellationToken cancellationToken)
[xUnit.net 00:00:01.67]            at Microsoft.EntityFrameworkCore.Storage.RelationalDatabase.SaveChangesAsync(IList`1 entries, CancellationToken cancellationToken)
[xUnit.net 00:00:01.67]            at Microsoft.EntityFrameworkCore.ChangeTracking.Internal.StateManager.SaveChangesAsync(IList`1 entriesToSave, CancellationToken cancellationToken)
[xUnit.net 00:00:01.67]            at Microsoft.EntityFrameworkCore.ChangeTracking.Internal.StateManager.SaveChangesAsync(StateManager stateManager, Boolean acceptAllChangesOnSuccess, CancellationToken cancellationToken)
[xUnit.net 00:00:01.67]            at Microsoft.EntityFrameworkCore.DbContext.SaveChangesAsync(Boolean acceptAllChangesOnSuccess, CancellationToken cancellationToken)
[xUnit.net 00:00:01.67]            at Microsoft.EntityFrameworkCore.DbContext.SaveChangesAsync(Boolean acceptAllChangesOnSuccess, CancellationToken cancellationToken)
[xUnit.net 00:00:01.67]         /home/chad/repos/witchcityrope-react/src/WitchCityRope.Infrastructure/Data/WitchCityRopeDbContext.cs(58,0): at WitchCityRope.Infrastructure.Data.WitchCityRopeDbContext.SaveChangesAsync(CancellationToken cancellationToken)
[xUnit.net 00:00:01.67]         /home/chad/repos/witchcityrope-react/tests/WitchCityRope.Infrastructure.Tests/Data/ComplexQueryTests.cs(63,0): at WitchCityRope.Infrastructure.Tests.Data.ComplexQueryTests.SeedDataAsync()
[xUnit.net 00:00:01.67]         /home/chad/repos/witchcityrope-react/tests/WitchCityRope.Infrastructure.Tests/Fixtures/IntegrationTestBase.cs(41,0): at WitchCityRope.Infrastructure.Tests.Fixtures.IntegrationTestBase.InitializeAsync()
[xUnit.net 00:00:01.67]         ----- Inner Stack Trace -----
[xUnit.net 00:00:01.67]            at Microsoft.Data.Sqlite.SqliteException.ThrowExceptionForRC(Int32 rc, sqlite3 db)
[xUnit.net 00:00:01.67]            at Microsoft.Data.Sqlite.SqliteDataReader.NextResult()
[xUnit.net 00:00:01.67]            at Microsoft.Data.Sqlite.SqliteCommand.ExecuteReader(CommandBehavior behavior)
[xUnit.net 00:00:01.67]            at Microsoft.Data.Sqlite.SqliteCommand.ExecuteReaderAsync(CommandBehavior behavior, CancellationToken cancellationToken)
[xUnit.net 00:00:01.67]            at Microsoft.Data.Sqlite.SqliteCommand.ExecuteDbDataReaderAsync(CommandBehavior behavior, CancellationToken cancellationToken)
[xUnit.net 00:00:01.67]            at Microsoft.EntityFrameworkCore.Storage.RelationalCommand.ExecuteReaderAsync(RelationalCommandParameterObject parameterObject, CancellationToken cancellationToken)
[xUnit.net 00:00:01.67]            at Microsoft.EntityFrameworkCore.Storage.RelationalCommand.ExecuteReaderAsync(RelationalCommandParameterObject parameterObject, CancellationToken cancellationToken)
[xUnit.net 00:00:01.67]            at Microsoft.EntityFrameworkCore.Update.ReaderModificationCommandBatch.ExecuteAsync(IRelationalConnection connection, CancellationToken cancellationToken)
[xUnit.net 00:00:01.71]       Microsoft.EntityFrameworkCore.DbUpdateException : An error occurred while saving the entity changes. See the inner exception for details.
[xUnit.net 00:00:01.71]       ---- Microsoft.Data.Sqlite.SqliteException : SQLite Error 19: 'NOT NULL constraint failed: Registrations.DietaryRestrictions'.
[xUnit.net 00:00:01.71]       Stack Trace:
[xUnit.net 00:00:01.71]            at Microsoft.EntityFrameworkCore.Update.ReaderModificationCommandBatch.ExecuteAsync(IRelationalConnection connection, CancellationToken cancellationToken)
[xUnit.net 00:00:01.71]            at Microsoft.EntityFrameworkCore.Update.Internal.BatchExecutor.ExecuteAsync(IEnumerable`1 commandBatches, IRelationalConnection connection, CancellationToken cancellationToken)
[xUnit.net 00:00:01.71]            at Microsoft.EntityFrameworkCore.Update.Internal.BatchExecutor.ExecuteAsync(IEnumerable`1 commandBatches, IRelationalConnection connection, CancellationToken cancellationToken)
[xUnit.net 00:00:01.71]            at Microsoft.EntityFrameworkCore.Update.Internal.BatchExecutor.ExecuteAsync(IEnumerable`1 commandBatches, IRelationalConnection connection, CancellationToken cancellationToken)
[xUnit.net 00:00:01.71]            at Microsoft.EntityFrameworkCore.Storage.RelationalDatabase.SaveChangesAsync(IList`1 entries, CancellationToken cancellationToken)
[xUnit.net 00:00:01.71]            at Microsoft.EntityFrameworkCore.ChangeTracking.Internal.StateManager.SaveChangesAsync(IList`1 entriesToSave, CancellationToken cancellationToken)
[xUnit.net 00:00:01.71]            at Microsoft.EntityFrameworkCore.ChangeTracking.Internal.StateManager.SaveChangesAsync(StateManager stateManager, Boolean acceptAllChangesOnSuccess, CancellationToken cancellationToken)
[xUnit.net 00:00:01.71]            at Microsoft.EntityFrameworkCore.DbContext.SaveChangesAsync(Boolean acceptAllChangesOnSuccess, CancellationToken cancellationToken)
[xUnit.net 00:00:01.71]            at Microsoft.EntityFrameworkCore.DbContext.SaveChangesAsync(Boolean acceptAllChangesOnSuccess, CancellationToken cancellationToken)
[xUnit.net 00:00:01.71]         /home/chad/repos/witchcityrope-react/src/WitchCityRope.Infrastructure/Data/WitchCityRopeDbContext.cs(58,0): at WitchCityRope.Infrastructure.Data.WitchCityRopeDbContext.SaveChangesAsync(CancellationToken cancellationToken)
[xUnit.net 00:00:01.71]         /home/chad/repos/witchcityrope-react/tests/WitchCityRope.Infrastructure.Tests/Data/EntityConfigurationTests.cs(211,0): at WitchCityRope.Infrastructure.Tests.Data.EntityConfigurationTests.Should_Handle_Cascade_Delete_For_Event_Registrations()
[xUnit.net 00:00:01.71]         --- End of stack trace from previous location ---
[xUnit.net 00:00:01.71]         ----- Inner Stack Trace -----
[xUnit.net 00:00:01.71]            at Microsoft.Data.Sqlite.SqliteException.ThrowExceptionForRC(Int32 rc, sqlite3 db)
[xUnit.net 00:00:01.71]            at Microsoft.Data.Sqlite.SqliteDataReader.NextResult()
[xUnit.net 00:00:01.71]            at Microsoft.Data.Sqlite.SqliteCommand.ExecuteReader(CommandBehavior behavior)
[xUnit.net 00:00:01.71]            at Microsoft.Data.Sqlite.SqliteCommand.ExecuteReaderAsync(CommandBehavior behavior, CancellationToken cancellationToken)
[xUnit.net 00:00:01.71]            at Microsoft.Data.Sqlite.SqliteCommand.ExecuteDbDataReaderAsync(CommandBehavior behavior, CancellationToken cancellationToken)
[xUnit.net 00:00:01.71]            at Microsoft.EntityFrameworkCore.Storage.RelationalCommand.ExecuteReaderAsync(RelationalCommandParameterObject parameterObject, CancellationToken cancellationToken)
[xUnit.net 00:00:01.71]            at Microsoft.EntityFrameworkCore.Storage.RelationalCommand.ExecuteReaderAsync(RelationalCommandParameterObject parameterObject, CancellationToken cancellationToken)
[xUnit.net 00:00:01.71]            at Microsoft.EntityFrameworkCore.Update.ReaderModificationCommandBatch.ExecuteAsync(IRelationalConnection connection, CancellationToken cancellationToken)
[xUnit.net 00:00:01.79]       Microsoft.EntityFrameworkCore.DbUpdateException : An error occurred while saving the entity changes. See the inner exception for details.
[xUnit.net 00:00:01.79]       ---- Microsoft.Data.Sqlite.SqliteException : SQLite Error 19: 'NOT NULL constraint failed: Registrations.DietaryRestrictions'.
[xUnit.net 00:00:01.79]       Stack Trace:
[xUnit.net 00:00:01.79]            at Microsoft.EntityFrameworkCore.Update.ReaderModificationCommandBatch.ExecuteAsync(IRelationalConnection connection, CancellationToken cancellationToken)
[xUnit.net 00:00:01.79]            at Microsoft.EntityFrameworkCore.Update.Internal.BatchExecutor.ExecuteAsync(IEnumerable`1 commandBatches, IRelationalConnection connection, CancellationToken cancellationToken)
[xUnit.net 00:00:01.79]            at Microsoft.EntityFrameworkCore.Update.Internal.BatchExecutor.ExecuteAsync(IEnumerable`1 commandBatches, IRelationalConnection connection, CancellationToken cancellationToken)
[xUnit.net 00:00:01.79]            at Microsoft.EntityFrameworkCore.Update.Internal.BatchExecutor.ExecuteAsync(IEnumerable`1 commandBatches, IRelationalConnection connection, CancellationToken cancellationToken)
[xUnit.net 00:00:01.79]            at Microsoft.EntityFrameworkCore.Storage.RelationalDatabase.SaveChangesAsync(IList`1 entries, CancellationToken cancellationToken)
[xUnit.net 00:00:01.79]            at Microsoft.EntityFrameworkCore.ChangeTracking.Internal.StateManager.SaveChangesAsync(IList`1 entriesToSave, CancellationToken cancellationToken)
[xUnit.net 00:00:01.79]            at Microsoft.EntityFrameworkCore.ChangeTracking.Internal.StateManager.SaveChangesAsync(StateManager stateManager, Boolean acceptAllChangesOnSuccess, CancellationToken cancellationToken)
[xUnit.net 00:00:01.79]            at Microsoft.EntityFrameworkCore.DbContext.SaveChangesAsync(Boolean acceptAllChangesOnSuccess, CancellationToken cancellationToken)
[xUnit.net 00:00:01.79]            at Microsoft.EntityFrameworkCore.DbContext.SaveChangesAsync(Boolean acceptAllChangesOnSuccess, CancellationToken cancellationToken)
[xUnit.net 00:00:01.79]         /home/chad/repos/witchcityrope-react/src/WitchCityRope.Infrastructure/Data/WitchCityRopeDbContext.cs(58,0): at WitchCityRope.Infrastructure.Data.WitchCityRopeDbContext.SaveChangesAsync(CancellationToken cancellationToken)
[xUnit.net 00:00:01.79]         /home/chad/repos/witchcityrope-react/tests/WitchCityRope.Infrastructure.Tests/Data/EntityConfigurationTests.cs(234,0): at WitchCityRope.Infrastructure.Tests.Data.EntityConfigurationTests.Money_ValueObject_Should_Be_Stored_Correctly()
[xUnit.net 00:00:01.79]         --- End of stack trace from previous location ---
[xUnit.net 00:00:01.79]         ----- Inner Stack Trace -----
[xUnit.net 00:00:01.79]            at Microsoft.Data.Sqlite.SqliteException.ThrowExceptionForRC(Int32 rc, sqlite3 db)
[xUnit.net 00:00:01.79]            at Microsoft.Data.Sqlite.SqliteDataReader.NextResult()
[xUnit.net 00:00:01.79]            at Microsoft.Data.Sqlite.SqliteCommand.ExecuteReader(CommandBehavior behavior)
[xUnit.net 00:00:01.79]            at Microsoft.Data.Sqlite.SqliteCommand.ExecuteReaderAsync(CommandBehavior behavior, CancellationToken cancellationToken)
[xUnit.net 00:00:01.79]            at Microsoft.Data.Sqlite.SqliteCommand.ExecuteDbDataReaderAsync(CommandBehavior behavior, CancellationToken cancellationToken)
[xUnit.net 00:00:01.79]            at Microsoft.EntityFrameworkCore.Storage.RelationalCommand.ExecuteReaderAsync(RelationalCommandParameterObject parameterObject, CancellationToken cancellationToken)
[xUnit.net 00:00:01.79]            at Microsoft.EntityFrameworkCore.Storage.RelationalCommand.ExecuteReaderAsync(RelationalCommandParameterObject parameterObject, CancellationToken cancellationToken)
[xUnit.net 00:00:01.79]            at Microsoft.EntityFrameworkCore.Update.ReaderModificationCommandBatch.ExecuteAsync(IRelationalConnection connection, CancellationToken cancellationToken)
[xUnit.net 00:00:01.83]       Microsoft.EntityFrameworkCore.DbUpdateException : An error occurred while saving the entity changes. See the inner exception for details.
[xUnit.net 00:00:01.83]       ---- Microsoft.Data.Sqlite.SqliteException : SQLite Error 19: 'NOT NULL constraint failed: Registrations.DietaryRestrictions'.
[xUnit.net 00:00:01.83]       Stack Trace:
[xUnit.net 00:00:01.83]            at Microsoft.EntityFrameworkCore.Update.ReaderModificationCommandBatch.ExecuteAsync(IRelationalConnection connection, CancellationToken cancellationToken)
[xUnit.net 00:00:01.83]            at Microsoft.EntityFrameworkCore.Update.Internal.BatchExecutor.ExecuteAsync(IEnumerable`1 commandBatches, IRelationalConnection connection, CancellationToken cancellationToken)
[xUnit.net 00:00:01.83]            at Microsoft.EntityFrameworkCore.Update.Internal.BatchExecutor.ExecuteAsync(IEnumerable`1 commandBatches, IRelationalConnection connection, CancellationToken cancellationToken)
[xUnit.net 00:00:01.83]            at Microsoft.EntityFrameworkCore.Update.Internal.BatchExecutor.ExecuteAsync(IEnumerable`1 commandBatches, IRelationalConnection connection, CancellationToken cancellationToken)
[xUnit.net 00:00:01.83]            at Microsoft.EntityFrameworkCore.Storage.RelationalDatabase.SaveChangesAsync(IList`1 entries, CancellationToken cancellationToken)
[xUnit.net 00:00:01.83]            at Microsoft.EntityFrameworkCore.ChangeTracking.Internal.StateManager.SaveChangesAsync(IList`1 entriesToSave, CancellationToken cancellationToken)
[xUnit.net 00:00:01.83]            at Microsoft.EntityFrameworkCore.ChangeTracking.Internal.StateManager.SaveChangesAsync(StateManager stateManager, Boolean acceptAllChangesOnSuccess, CancellationToken cancellationToken)
[xUnit.net 00:00:01.83]            at Microsoft.EntityFrameworkCore.DbContext.SaveChangesAsync(Boolean acceptAllChangesOnSuccess, CancellationToken cancellationToken)
[xUnit.net 00:00:01.83]            at Microsoft.EntityFrameworkCore.DbContext.SaveChangesAsync(Boolean acceptAllChangesOnSuccess, CancellationToken cancellationToken)
[xUnit.net 00:00:01.83]         /home/chad/repos/witchcityrope-react/src/WitchCityRope.Infrastructure/Data/WitchCityRopeDbContext.cs(58,0): at WitchCityRope.Infrastructure.Data.WitchCityRopeDbContext.SaveChangesAsync(CancellationToken cancellationToken)
[xUnit.net 00:00:01.83]         /home/chad/repos/witchcityrope-react/tests/WitchCityRope.Infrastructure.Tests/Data/ComplexQueryTests.cs(63,0): at WitchCityRope.Infrastructure.Tests.Data.ComplexQueryTests.SeedDataAsync()
[xUnit.net 00:00:01.83]         /home/chad/repos/witchcityrope-react/tests/WitchCityRope.Infrastructure.Tests/Fixtures/IntegrationTestBase.cs(41,0): at WitchCityRope.Infrastructure.Tests.Fixtures.IntegrationTestBase.InitializeAsync()
[xUnit.net 00:00:01.83]         ----- Inner Stack Trace -----
[xUnit.net 00:00:01.83]            at Microsoft.Data.Sqlite.SqliteException.ThrowExceptionForRC(Int32 rc, sqlite3 db)
[xUnit.net 00:00:01.83]            at Microsoft.Data.Sqlite.SqliteDataReader.NextResult()
[xUnit.net 00:00:01.83]            at Microsoft.Data.Sqlite.SqliteCommand.ExecuteReader(CommandBehavior behavior)
[xUnit.net 00:00:01.83]            at Microsoft.Data.Sqlite.SqliteCommand.ExecuteReaderAsync(CommandBehavior behavior, CancellationToken cancellationToken)
[xUnit.net 00:00:01.83]            at Microsoft.Data.Sqlite.SqliteCommand.ExecuteDbDataReaderAsync(CommandBehavior behavior, CancellationToken cancellationToken)
[xUnit.net 00:00:01.83]            at Microsoft.EntityFrameworkCore.Storage.RelationalCommand.ExecuteReaderAsync(RelationalCommandParameterObject parameterObject, CancellationToken cancellationToken)
[xUnit.net 00:00:01.83]            at Microsoft.EntityFrameworkCore.Storage.RelationalCommand.ExecuteReaderAsync(RelationalCommandParameterObject parameterObject, CancellationToken cancellationToken)
[xUnit.net 00:00:01.83]            at Microsoft.EntityFrameworkCore.Update.ReaderModificationCommandBatch.ExecuteAsync(IRelationalConnection connection, CancellationToken cancellationToken)
[xUnit.net 00:00:01.84]       Microsoft.EntityFrameworkCore.DbUpdateException : An error occurred while saving the entity changes. See the inner exception for details.
[xUnit.net 00:00:01.84]       ---- Microsoft.Data.Sqlite.SqliteException : SQLite Error 19: 'NOT NULL constraint failed: VettingApplications.ExperienceDescription'.
[xUnit.net 00:00:01.84]       Stack Trace:
[xUnit.net 00:00:01.84]            at Microsoft.EntityFrameworkCore.Update.ReaderModificationCommandBatch.ExecuteAsync(IRelationalConnection connection, CancellationToken cancellationToken)
[xUnit.net 00:00:01.84]            at Microsoft.EntityFrameworkCore.Update.Internal.BatchExecutor.ExecuteAsync(IEnumerable`1 commandBatches, IRelationalConnection connection, CancellationToken cancellationToken)
[xUnit.net 00:00:01.84]            at Microsoft.EntityFrameworkCore.Update.Internal.BatchExecutor.ExecuteAsync(IEnumerable`1 commandBatches, IRelationalConnection connection, CancellationToken cancellationToken)
[xUnit.net 00:00:01.84]            at Microsoft.EntityFrameworkCore.Update.Internal.BatchExecutor.ExecuteAsync(IEnumerable`1 commandBatches, IRelationalConnection connection, CancellationToken cancellationToken)
[xUnit.net 00:00:01.84]            at Microsoft.EntityFrameworkCore.Storage.RelationalDatabase.SaveChangesAsync(IList`1 entries, CancellationToken cancellationToken)
[xUnit.net 00:00:01.84]            at Microsoft.EntityFrameworkCore.ChangeTracking.Internal.StateManager.SaveChangesAsync(IList`1 entriesToSave, CancellationToken cancellationToken)
[xUnit.net 00:00:01.84]            at Microsoft.EntityFrameworkCore.ChangeTracking.Internal.StateManager.SaveChangesAsync(StateManager stateManager, Boolean acceptAllChangesOnSuccess, CancellationToken cancellationToken)
[xUnit.net 00:00:01.84]            at Microsoft.EntityFrameworkCore.DbContext.SaveChangesAsync(Boolean acceptAllChangesOnSuccess, CancellationToken cancellationToken)
[xUnit.net 00:00:01.84]            at Microsoft.EntityFrameworkCore.DbContext.SaveChangesAsync(Boolean acceptAllChangesOnSuccess, CancellationToken cancellationToken)
[xUnit.net 00:00:01.84]         /home/chad/repos/witchcityrope-react/src/WitchCityRope.Infrastructure/Data/WitchCityRopeDbContext.cs(58,0): at WitchCityRope.Infrastructure.Data.WitchCityRopeDbContext.SaveChangesAsync(CancellationToken cancellationToken)
[xUnit.net 00:00:01.84]         /home/chad/repos/witchcityrope-react/tests/WitchCityRope.Infrastructure.Tests/Data/ConcurrencyTests.cs(195,0): at WitchCityRope.Infrastructure.Tests.Data.ConcurrencyTests.Should_Handle_Concurrent_Vetting_Application_Reviews()
[xUnit.net 00:00:01.84]         --- End of stack trace from previous location ---
[xUnit.net 00:00:01.84]         ----- Inner Stack Trace -----
[xUnit.net 00:00:01.84]            at Microsoft.Data.Sqlite.SqliteException.ThrowExceptionForRC(Int32 rc, sqlite3 db)
[xUnit.net 00:00:01.84]            at Microsoft.Data.Sqlite.SqliteDataReader.NextResult()
[xUnit.net 00:00:01.84]            at Microsoft.Data.Sqlite.SqliteCommand.ExecuteReader(CommandBehavior behavior)
[xUnit.net 00:00:01.84]            at Microsoft.Data.Sqlite.SqliteCommand.ExecuteReaderAsync(CommandBehavior behavior, CancellationToken cancellationToken)
[xUnit.net 00:00:01.84]            at Microsoft.Data.Sqlite.SqliteCommand.ExecuteDbDataReaderAsync(CommandBehavior behavior, CancellationToken cancellationToken)
[xUnit.net 00:00:01.84]            at Microsoft.EntityFrameworkCore.Storage.RelationalCommand.ExecuteReaderAsync(RelationalCommandParameterObject parameterObject, CancellationToken cancellationToken)
[xUnit.net 00:00:01.84]            at Microsoft.EntityFrameworkCore.Storage.RelationalCommand.ExecuteReaderAsync(RelationalCommandParameterObject parameterObject, CancellationToken cancellationToken)
[xUnit.net 00:00:01.84]            at Microsoft.EntityFrameworkCore.Update.ReaderModificationCommandBatch.ExecuteAsync(IRelationalConnection connection, CancellationToken cancellationToken)
[xUnit.net 00:00:01.84]       Microsoft.EntityFrameworkCore.DbUpdateException : An error occurred while saving the entity changes. See the inner exception for details.
[xUnit.net 00:00:01.84]       ---- Microsoft.Data.Sqlite.SqliteException : SQLite Error 19: 'NOT NULL constraint failed: VettingApplications.ExperienceDescription'.
[xUnit.net 00:00:01.84]       Stack Trace:
[xUnit.net 00:00:01.84]            at Microsoft.EntityFrameworkCore.Update.ReaderModificationCommandBatch.ExecuteAsync(IRelationalConnection connection, CancellationToken cancellationToken)
[xUnit.net 00:00:01.84]            at Microsoft.EntityFrameworkCore.Update.Internal.BatchExecutor.ExecuteAsync(IEnumerable`1 commandBatches, IRelationalConnection connection, CancellationToken cancellationToken)
[xUnit.net 00:00:01.84]            at Microsoft.EntityFrameworkCore.Update.Internal.BatchExecutor.ExecuteAsync(IEnumerable`1 commandBatches, IRelationalConnection connection, CancellationToken cancellationToken)
[xUnit.net 00:00:01.84]            at Microsoft.EntityFrameworkCore.Update.Internal.BatchExecutor.ExecuteAsync(IEnumerable`1 commandBatches, IRelationalConnection connection, CancellationToken cancellationToken)
[xUnit.net 00:00:01.84]            at Microsoft.EntityFrameworkCore.Storage.RelationalDatabase.SaveChangesAsync(IList`1 entries, CancellationToken cancellationToken)
[xUnit.net 00:00:01.84]            at Microsoft.EntityFrameworkCore.ChangeTracking.Internal.StateManager.SaveChangesAsync(IList`1 entriesToSave, CancellationToken cancellationToken)
[xUnit.net 00:00:01.84]            at Microsoft.EntityFrameworkCore.ChangeTracking.Internal.StateManager.SaveChangesAsync(StateManager stateManager, Boolean acceptAllChangesOnSuccess, CancellationToken cancellationToken)
[xUnit.net 00:00:01.84]            at Microsoft.EntityFrameworkCore.DbContext.SaveChangesAsync(Boolean acceptAllChangesOnSuccess, CancellationToken cancellationToken)
[xUnit.net 00:00:01.84]            at Microsoft.EntityFrameworkCore.DbContext.SaveChangesAsync(Boolean acceptAllChangesOnSuccess, CancellationToken cancellationToken)
[xUnit.net 00:00:01.84]         /home/chad/repos/witchcityrope-react/src/WitchCityRope.Infrastructure/Data/WitchCityRopeDbContext.cs(58,0): at WitchCityRope.Infrastructure.Data.WitchCityRopeDbContext.SaveChangesAsync(CancellationToken cancellationToken)
[xUnit.net 00:00:01.84]         /home/chad/repos/witchcityrope-react/tests/WitchCityRope.Infrastructure.Tests/Data/EntityConfigurationTests.cs(143,0): at WitchCityRope.Infrastructure.Tests.Data.EntityConfigurationTests.VettingApplication_User_Relationship_Should_Be_Configured_Correctly()
[xUnit.net 00:00:01.84]         --- End of stack trace from previous location ---
[xUnit.net 00:00:01.84]         ----- Inner Stack Trace -----
[xUnit.net 00:00:01.84]            at Microsoft.Data.Sqlite.SqliteException.ThrowExceptionForRC(Int32 rc, sqlite3 db)
[xUnit.net 00:00:01.84]            at Microsoft.Data.Sqlite.SqliteDataReader.NextResult()
[xUnit.net 00:00:01.84]            at Microsoft.Data.Sqlite.SqliteCommand.ExecuteReader(CommandBehavior behavior)
[xUnit.net 00:00:01.84]            at Microsoft.Data.Sqlite.SqliteCommand.ExecuteReaderAsync(CommandBehavior behavior, CancellationToken cancellationToken)
[xUnit.net 00:00:01.84]            at Microsoft.Data.Sqlite.SqliteCommand.ExecuteDbDataReaderAsync(CommandBehavior behavior, CancellationToken cancellationToken)
[xUnit.net 00:00:01.84]            at Microsoft.EntityFrameworkCore.Storage.RelationalCommand.ExecuteReaderAsync(RelationalCommandParameterObject parameterObject, CancellationToken cancellationToken)
[xUnit.net 00:00:01.84]            at Microsoft.EntityFrameworkCore.Storage.RelationalCommand.ExecuteReaderAsync(RelationalCommandParameterObject parameterObject, CancellationToken cancellationToken)
[xUnit.net 00:00:01.84]            at Microsoft.EntityFrameworkCore.Update.ReaderModificationCommandBatch.ExecuteAsync(IRelationalConnection connection, CancellationToken cancellationToken)
[testcontainers.org 00:00:01.66] Execute "pg_isready --host localhost --dbname witchcityrope_test --username testuser" at Docker container 4efb0433527a
[xUnit.net 00:00:01.90]       System.InvalidOperationException : Sequence contains no elements
[xUnit.net 00:00:01.90]       Stack Trace:
[xUnit.net 00:00:01.90]            at System.Linq.ThrowHelper.ThrowNoElementsException()
[xUnit.net 00:00:01.90]            at lambda_method1264(Closure)
[xUnit.net 00:00:01.90]            at Microsoft.EntityFrameworkCore.InMemory.Query.Internal.InMemoryQueryExpression.ResultEnumerable.GetEnumerator()
[xUnit.net 00:00:01.90]            at Microsoft.EntityFrameworkCore.InMemory.Query.Internal.InMemoryShapedQueryCompilingExpressionVisitor.QueryingEnumerable`1.Enumerator.MoveNextHelper()
[xUnit.net 00:00:01.90]            at Microsoft.EntityFrameworkCore.InMemory.Query.Internal.InMemoryShapedQueryCompilingExpressionVisitor.QueryingEnumerable`1.Enumerator.MoveNextAsync()
[xUnit.net 00:00:01.90]            at Microsoft.EntityFrameworkCore.Query.ShapedQueryCompilingExpressionVisitor.SingleAsync[TSource](IAsyncEnumerable`1 asyncEnumerable, CancellationToken cancellationToken)
[xUnit.net 00:00:01.90]            at Microsoft.EntityFrameworkCore.Query.ShapedQueryCompilingExpressionVisitor.SingleAsync[TSource](IAsyncEnumerable`1 asyncEnumerable, CancellationToken cancellationToken)
[xUnit.net 00:00:01.90]         /home/chad/repos/witchcityrope-react/tests/WitchCityRope.Infrastructure.Tests/Data/ConcurrencyTests.cs(32,0): at WitchCityRope.Infrastructure.Tests.Data.ConcurrencyTests.Should_Handle_Optimistic_Concurrency_With_RowVersion()
[xUnit.net 00:00:01.90]         --- End of stack trace from previous location ---
[xUnit.net 00:00:01.90]       System.InvalidOperationException : The property 'EmailAddress.UserId' is part of a key and so cannot be modified or marked as modified. To change the principal of an existing entity with an identifying foreign key, first delete the dependent and invoke 'SaveChanges', and then associate the dependent with the new principal.
[xUnit.net 00:00:01.90]       Stack Trace:
[xUnit.net 00:00:01.90]            at Microsoft.EntityFrameworkCore.ChangeTracking.Internal.InternalEntityEntry.SetPropertyModified(IProperty property, Boolean changeState, Boolean isModified, Boolean isConceptualNull, Boolean acceptChanges)
[xUnit.net 00:00:01.90]            at Microsoft.EntityFrameworkCore.ChangeTracking.Internal.ChangeDetector.PropertyChanged(InternalEntityEntry entry, IPropertyBase propertyBase, Boolean setModified)
[xUnit.net 00:00:01.90]            at Microsoft.EntityFrameworkCore.ChangeTracking.Internal.InternalEntityEntryNotifier.PropertyChanged(InternalEntityEntry entry, IPropertyBase property, Boolean setModified)
[xUnit.net 00:00:01.90]            at Microsoft.EntityFrameworkCore.ChangeTracking.Internal.InternalEntityEntry.SetProperty(IPropertyBase propertyBase, Object value, Boolean isMaterialization, Boolean setModified, Boolean isCascadeDelete, CurrentValueType valueType)
[xUnit.net 00:00:01.90]            at Microsoft.EntityFrameworkCore.ChangeTracking.Internal.InternalEntityEntry.SetProperty(IPropertyBase propertyBase, Object value, Boolean isMaterialization, Boolean setModified, Boolean isCascadeDelete)
[xUnit.net 00:00:01.90]            at Microsoft.EntityFrameworkCore.ChangeTracking.Internal.InternalEntityEntry.PropagateValue(InternalEntityEntry principalEntry, IProperty principalProperty, IProperty dependentProperty, Boolean isMaterialization, Boolean setModified)
[xUnit.net 00:00:01.90]            at Microsoft.EntityFrameworkCore.ChangeTracking.Internal.NavigationFixer.SetForeignKeyProperties(InternalEntityEntry dependentEntry, InternalEntityEntry principalEntry, IForeignKey foreignKey, Boolean setModified, Boolean fromQuery)
[xUnit.net 00:00:01.90]            at Microsoft.EntityFrameworkCore.ChangeTracking.Internal.NavigationFixer.FixupToDependent(InternalEntityEntry principalEntry, InternalEntityEntry dependentEntry, IForeignKey foreignKey, Boolean setModified, Boolean fromQuery)
[xUnit.net 00:00:01.90]            at Microsoft.EntityFrameworkCore.ChangeTracking.Internal.NavigationFixer.InitialFixup(InternalEntityEntry entry, InternalEntityEntry duplicateEntry, Boolean fromQuery)
[xUnit.net 00:00:01.90]            at Microsoft.EntityFrameworkCore.ChangeTracking.Internal.NavigationFixer.StateChanged(InternalEntityEntry entry, EntityState oldState, Boolean fromQuery)
[xUnit.net 00:00:01.90]            at Microsoft.EntityFrameworkCore.ChangeTracking.Internal.InternalEntityEntryNotifier.StateChanged(InternalEntityEntry entry, EntityState oldState, Boolean fromQuery)
[xUnit.net 00:00:01.90]            at Microsoft.EntityFrameworkCore.ChangeTracking.Internal.InternalEntityEntry.FireStateChanged(EntityState oldState)
[xUnit.net 00:00:01.90]            at Microsoft.EntityFrameworkCore.ChangeTracking.Internal.InternalEntityEntry.SetEntityState(EntityState oldState, EntityState newState, Boolean acceptChanges, Boolean modifyProperties)
[xUnit.net 00:00:01.90]            at Microsoft.EntityFrameworkCore.ChangeTracking.Internal.InternalEntityEntry.SetEntityState(EntityState entityState, Boolean acceptChanges, Boolean modifyProperties, Nullable`1 forceStateWhenUnknownKey, Nullable`1 fallbackState)
[xUnit.net 00:00:01.90]            at Microsoft.EntityFrameworkCore.ChangeTracking.Internal.EntityGraphAttacher.PaintAction(EntityEntryGraphNode`1 node)
[xUnit.net 00:00:01.90]            at Microsoft.EntityFrameworkCore.ChangeTracking.Internal.EntityEntryGraphIterator.TraverseGraph[TState](EntityEntryGraphNode`1 node, Func`2 handleNode)
[xUnit.net 00:00:01.90]            at Microsoft.EntityFrameworkCore.ChangeTracking.Internal.EntityGraphAttacher.AttachGraph(InternalEntityEntry rootEntry, EntityState targetState, EntityState storeGeneratedWithKeySetTargetState, Boolean forceStateWhenUnknownKey)
[xUnit.net 00:00:01.90]            at Microsoft.EntityFrameworkCore.Internal.InternalDbSet`1.SetEntityState(InternalEntityEntry entry, EntityState entityState)
[xUnit.net 00:00:01.90]            at Microsoft.EntityFrameworkCore.Internal.InternalDbSet`1.Add(TEntity entity)
[xUnit.net 00:00:01.90]         /home/chad/repos/witchcityrope-react/tests/WitchCityRope.Infrastructure.Tests/Data/EntityConfigurationTests.cs(29,0): at WitchCityRope.Infrastructure.Tests.Data.EntityConfigurationTests.User_Configuration_Should_Enforce_Unique_Email()
[xUnit.net 00:00:01.90]         --- End of stack trace from previous location ---
[xUnit.net 00:00:01.93]       Expected users to contain 2 item(s), but found 0: {empty}.
[xUnit.net 00:00:01.93]       Stack Trace:
[xUnit.net 00:00:01.93]            at FluentAssertions.Execution.LateBoundTestFramework.Throw(String message)
[xUnit.net 00:00:01.93]            at FluentAssertions.Execution.DefaultAssertionStrategy.HandleFailure(String message)
[xUnit.net 00:00:01.93]            at FluentAssertions.Execution.AssertionScope.AddPreFormattedFailure(String formattedFailureMessage)
[xUnit.net 00:00:01.93]            at FluentAssertions.Execution.AssertionChain.FailWith(Func`1 getFailureReason)
[xUnit.net 00:00:01.93]            at FluentAssertions.Execution.AssertionChain.FailWith(Func`1 getFailureReason)
[xUnit.net 00:00:01.93]            at FluentAssertions.Execution.AssertionChain.FailWith(String message, Object[] args)
[xUnit.net 00:00:01.93]            at FluentAssertions.Collections.GenericCollectionAssertions`3.HaveCount(Int32 expected, String because, Object[] becauseArgs)
[xUnit.net 00:00:01.93]         /home/chad/repos/witchcityrope-react/tests/WitchCityRope.Infrastructure.Tests/Data/WitchCityRopeDbContextTests.cs(152,0): at WitchCityRope.Infrastructure.Tests.Data.WitchCityRopeDbContextTests.Should_Apply_Global_Query_Filters_If_Configured()
[xUnit.net 00:00:01.93]         --- End of stack trace from previous location ---
[xUnit.net 00:00:01.98]       Microsoft.EntityFrameworkCore.DbUpdateException : An error occurred while saving the entity changes. See the inner exception for details.
[xUnit.net 00:00:01.98]       ---- Microsoft.Data.Sqlite.SqliteException : SQLite Error 19: 'NOT NULL constraint failed: Registrations.DietaryRestrictions'.
[xUnit.net 00:00:01.98]       Stack Trace:
[xUnit.net 00:00:01.98]            at Microsoft.EntityFrameworkCore.Update.ReaderModificationCommandBatch.ExecuteAsync(IRelationalConnection connection, CancellationToken cancellationToken)
[xUnit.net 00:00:01.98]            at Microsoft.EntityFrameworkCore.Update.Internal.BatchExecutor.ExecuteAsync(IEnumerable`1 commandBatches, IRelationalConnection connection, CancellationToken cancellationToken)
[xUnit.net 00:00:01.98]            at Microsoft.EntityFrameworkCore.Update.Internal.BatchExecutor.ExecuteAsync(IEnumerable`1 commandBatches, IRelationalConnection connection, CancellationToken cancellationToken)
[xUnit.net 00:00:01.98]            at Microsoft.EntityFrameworkCore.Update.Internal.BatchExecutor.ExecuteAsync(IEnumerable`1 commandBatches, IRelationalConnection connection, CancellationToken cancellationToken)
[xUnit.net 00:00:01.98]            at Microsoft.EntityFrameworkCore.Storage.RelationalDatabase.SaveChangesAsync(IList`1 entries, CancellationToken cancellationToken)
[xUnit.net 00:00:01.98]            at Microsoft.EntityFrameworkCore.ChangeTracking.Internal.StateManager.SaveChangesAsync(IList`1 entriesToSave, CancellationToken cancellationToken)
[xUnit.net 00:00:01.98]            at Microsoft.EntityFrameworkCore.ChangeTracking.Internal.StateManager.SaveChangesAsync(StateManager stateManager, Boolean acceptAllChangesOnSuccess, CancellationToken cancellationToken)
[xUnit.net 00:00:01.98]            at Microsoft.EntityFrameworkCore.DbContext.SaveChangesAsync(Boolean acceptAllChangesOnSuccess, CancellationToken cancellationToken)
[xUnit.net 00:00:01.98]            at Microsoft.EntityFrameworkCore.DbContext.SaveChangesAsync(Boolean acceptAllChangesOnSuccess, CancellationToken cancellationToken)
[xUnit.net 00:00:01.98]         /home/chad/repos/witchcityrope-react/src/WitchCityRope.Infrastructure/Data/WitchCityRopeDbContext.cs(58,0): at WitchCityRope.Infrastructure.Data.WitchCityRopeDbContext.SaveChangesAsync(CancellationToken cancellationToken)
[xUnit.net 00:00:01.98]         /home/chad/repos/witchcityrope-react/tests/WitchCityRope.Infrastructure.Tests/Data/EntityConfigurationTests.cs(111,0): at WitchCityRope.Infrastructure.Tests.Data.EntityConfigurationTests.Payment_Registration_Relationship_Should_Be_Configured_Correctly()
[xUnit.net 00:00:01.98]         --- End of stack trace from previous location ---
[xUnit.net 00:00:01.98]         ----- Inner Stack Trace -----
[xUnit.net 00:00:01.98]            at Microsoft.Data.Sqlite.SqliteException.ThrowExceptionForRC(Int32 rc, sqlite3 db)
[xUnit.net 00:00:01.98]            at Microsoft.Data.Sqlite.SqliteDataReader.NextResult()
[xUnit.net 00:00:01.98]            at Microsoft.Data.Sqlite.SqliteCommand.ExecuteReader(CommandBehavior behavior)
[xUnit.net 00:00:01.98]            at Microsoft.Data.Sqlite.SqliteCommand.ExecuteReaderAsync(CommandBehavior behavior, CancellationToken cancellationToken)
[xUnit.net 00:00:01.98]            at Microsoft.Data.Sqlite.SqliteCommand.ExecuteDbDataReaderAsync(CommandBehavior behavior, CancellationToken cancellationToken)
[xUnit.net 00:00:01.98]            at Microsoft.EntityFrameworkCore.Storage.RelationalCommand.ExecuteReaderAsync(RelationalCommandParameterObject parameterObject, CancellationToken cancellationToken)
[xUnit.net 00:00:01.98]            at Microsoft.EntityFrameworkCore.Storage.RelationalCommand.ExecuteReaderAsync(RelationalCommandParameterObject parameterObject, CancellationToken cancellationToken)
[xUnit.net 00:00:01.98]            at Microsoft.EntityFrameworkCore.Update.ReaderModificationCommandBatch.ExecuteAsync(IRelationalConnection connection, CancellationToken cancellationToken)
[xUnit.net 00:00:01.99]       System.InvalidOperationException : Sequence contains no elements
[xUnit.net 00:00:01.99]       Stack Trace:
[xUnit.net 00:00:01.99]            at System.Linq.ThrowHelper.ThrowNoElementsException()
[xUnit.net 00:00:01.99]            at lambda_method2579(Closure)
[xUnit.net 00:00:01.99]            at Microsoft.EntityFrameworkCore.InMemory.Query.Internal.InMemoryQueryExpression.ResultEnumerable.GetEnumerator()
[xUnit.net 00:00:01.99]            at Microsoft.EntityFrameworkCore.InMemory.Query.Internal.InMemoryShapedQueryCompilingExpressionVisitor.QueryingEnumerable`1.Enumerator.MoveNextHelper()
[xUnit.net 00:00:01.99]            at Microsoft.EntityFrameworkCore.InMemory.Query.Internal.InMemoryShapedQueryCompilingExpressionVisitor.QueryingEnumerable`1.Enumerator.MoveNextAsync()
[xUnit.net 00:00:01.99]            at Microsoft.EntityFrameworkCore.Query.ShapedQueryCompilingExpressionVisitor.SingleAsync[TSource](IAsyncEnumerable`1 asyncEnumerable, CancellationToken cancellationToken)
[xUnit.net 00:00:01.99]            at Microsoft.EntityFrameworkCore.Query.ShapedQueryCompilingExpressionVisitor.SingleAsync[TSource](IAsyncEnumerable`1 asyncEnumerable, CancellationToken cancellationToken)
[xUnit.net 00:00:01.99]         /home/chad/repos/witchcityrope-react/tests/WitchCityRope.Infrastructure.Tests/Data/ConcurrencyTests.cs(72,0): at WitchCityRope.Infrastructure.Tests.Data.ConcurrencyTests.&lt;&gt;c__DisplayClass1_1.&lt;&lt;Should_Handle_Concurrent_Event_Registration&gt;b__1&gt;d.MoveNext()
[xUnit.net 00:00:01.99]         --- End of stack trace from previous location ---
[xUnit.net 00:00:01.99]         /home/chad/repos/witchcityrope-react/tests/WitchCityRope.Infrastructure.Tests/Data/ConcurrencyTests.cs(107,0): at WitchCityRope.Infrastructure.Tests.Data.ConcurrencyTests.Should_Handle_Concurrent_Event_Registration()
[xUnit.net 00:00:01.99]         --- End of stack trace from previous location ---
[xUnit.net 00:00:02.01]       Microsoft.EntityFrameworkCore.DbUpdateException : An error occurred while saving the entity changes. See the inner exception for details.
[xUnit.net 00:00:02.01]       ---- Microsoft.Data.Sqlite.SqliteException : SQLite Error 19: 'NOT NULL constraint failed: Registrations.DietaryRestrictions'.
[xUnit.net 00:00:02.01]       Stack Trace:
[xUnit.net 00:00:02.01]            at Microsoft.EntityFrameworkCore.Update.ReaderModificationCommandBatch.ExecuteAsync(IRelationalConnection connection, CancellationToken cancellationToken)
[xUnit.net 00:00:02.01]            at Microsoft.EntityFrameworkCore.Update.Internal.BatchExecutor.ExecuteAsync(IEnumerable`1 commandBatches, IRelationalConnection connection, CancellationToken cancellationToken)
[xUnit.net 00:00:02.01]            at Microsoft.EntityFrameworkCore.Update.Internal.BatchExecutor.ExecuteAsync(IEnumerable`1 commandBatches, IRelationalConnection connection, CancellationToken cancellationToken)
[xUnit.net 00:00:02.01]            at Microsoft.EntityFrameworkCore.Update.Internal.BatchExecutor.ExecuteAsync(IEnumerable`1 commandBatches, IRelationalConnection connection, CancellationToken cancellationToken)
[xUnit.net 00:00:02.01]            at Microsoft.EntityFrameworkCore.Storage.RelationalDatabase.SaveChangesAsync(IList`1 entries, CancellationToken cancellationToken)
[xUnit.net 00:00:02.01]            at Microsoft.EntityFrameworkCore.ChangeTracking.Internal.StateManager.SaveChangesAsync(IList`1 entriesToSave, CancellationToken cancellationToken)
[xUnit.net 00:00:02.01]            at Microsoft.EntityFrameworkCore.ChangeTracking.Internal.StateManager.SaveChangesAsync(StateManager stateManager, Boolean acceptAllChangesOnSuccess, CancellationToken cancellationToken)
[xUnit.net 00:00:02.01]            at Microsoft.EntityFrameworkCore.DbContext.SaveChangesAsync(Boolean acceptAllChangesOnSuccess, CancellationToken cancellationToken)
[xUnit.net 00:00:02.01]            at Microsoft.EntityFrameworkCore.DbContext.SaveChangesAsync(Boolean acceptAllChangesOnSuccess, CancellationToken cancellationToken)
[xUnit.net 00:00:02.01]         /home/chad/repos/witchcityrope-react/src/WitchCityRope.Infrastructure/Data/WitchCityRopeDbContext.cs(58,0): at WitchCityRope.Infrastructure.Data.WitchCityRopeDbContext.SaveChangesAsync(CancellationToken cancellationToken)
[xUnit.net 00:00:02.01]         /home/chad/repos/witchcityrope-react/tests/WitchCityRope.Infrastructure.Tests/Data/ComplexQueryTests.cs(63,0): at WitchCityRope.Infrastructure.Tests.Data.ComplexQueryTests.SeedDataAsync()
[xUnit.net 00:00:02.01]         /home/chad/repos/witchcityrope-react/tests/WitchCityRope.Infrastructure.Tests/Fixtures/IntegrationTestBase.cs(41,0): at WitchCityRope.Infrastructure.Tests.Fixtures.IntegrationTestBase.InitializeAsync()
[xUnit.net 00:00:02.01]         ----- Inner Stack Trace -----
[xUnit.net 00:00:02.01]            at Microsoft.Data.Sqlite.SqliteException.ThrowExceptionForRC(Int32 rc, sqlite3 db)
[xUnit.net 00:00:02.01]            at Microsoft.Data.Sqlite.SqliteDataReader.NextResult()
[xUnit.net 00:00:02.01]            at Microsoft.Data.Sqlite.SqliteCommand.ExecuteReader(CommandBehavior behavior)
[xUnit.net 00:00:02.01]            at Microsoft.Data.Sqlite.SqliteCommand.ExecuteReaderAsync(CommandBehavior behavior, CancellationToken cancellationToken)
[xUnit.net 00:00:02.01]            at Microsoft.Data.Sqlite.SqliteCommand.ExecuteDbDataReaderAsync(CommandBehavior behavior, CancellationToken cancellationToken)
[xUnit.net 00:00:02.01]            at Microsoft.EntityFrameworkCore.Storage.RelationalCommand.ExecuteReaderAsync(RelationalCommandParameterObject parameterObject, CancellationToken cancellationToken)
[xUnit.net 00:00:02.01]            at Microsoft.EntityFrameworkCore.Storage.RelationalCommand.ExecuteReaderAsync(RelationalCommandParameterObject parameterObject, CancellationToken cancellationToken)
[xUnit.net 00:00:02.01]            at Microsoft.EntityFrameworkCore.Update.ReaderModificationCommandBatch.ExecuteAsync(IRelationalConnection connection, CancellationToken cancellationToken)
[xUnit.net 00:00:02.05]       System.InvalidOperationException : Sequence contains no elements
[xUnit.net 00:00:02.05]       Stack Trace:
[xUnit.net 00:00:02.05]            at System.Linq.ThrowHelper.ThrowNoElementsException()
[xUnit.net 00:00:02.05]            at lambda_method1264(Closure)
[xUnit.net 00:00:02.05]            at Microsoft.EntityFrameworkCore.InMemory.Query.Internal.InMemoryQueryExpression.ResultEnumerable.GetEnumerator()
[xUnit.net 00:00:02.05]            at Microsoft.EntityFrameworkCore.InMemory.Query.Internal.InMemoryShapedQueryCompilingExpressionVisitor.QueryingEnumerable`1.Enumerator.MoveNextHelper()
[xUnit.net 00:00:02.05]            at Microsoft.EntityFrameworkCore.InMemory.Query.Internal.InMemoryShapedQueryCompilingExpressionVisitor.QueryingEnumerable`1.Enumerator.MoveNextAsync()
[xUnit.net 00:00:02.05]            at Microsoft.EntityFrameworkCore.Query.ShapedQueryCompilingExpressionVisitor.SingleAsync[TSource](IAsyncEnumerable`1 asyncEnumerable, CancellationToken cancellationToken)
[xUnit.net 00:00:02.05]            at Microsoft.EntityFrameworkCore.Query.ShapedQueryCompilingExpressionVisitor.SingleAsync[TSource](IAsyncEnumerable`1 asyncEnumerable, CancellationToken cancellationToken)
[xUnit.net 00:00:02.05]         /home/chad/repos/witchcityrope-react/tests/WitchCityRope.Infrastructure.Tests/Data/WitchCityRopeDbContextTests.cs(83,0): at WitchCityRope.Infrastructure.Tests.Data.WitchCityRopeDbContextTests.Should_Handle_Concurrent_Updates()
[xUnit.net 00:00:02.05]         --- End of stack trace from previous location ---
[xUnit.net 00:00:02.08]       Expected results.All(r =&gt; r) to be True, but found False.
[xUnit.net 00:00:02.08]       Stack Trace:
[xUnit.net 00:00:02.08]            at FluentAssertions.Execution.LateBoundTestFramework.Throw(String message)
[xUnit.net 00:00:02.08]            at FluentAssertions.Execution.DefaultAssertionStrategy.HandleFailure(String message)
[xUnit.net 00:00:02.08]            at FluentAssertions.Execution.AssertionScope.AddPreFormattedFailure(String formattedFailureMessage)
[xUnit.net 00:00:02.08]            at FluentAssertions.Execution.AssertionChain.FailWith(Func`1 getFailureReason)
[xUnit.net 00:00:02.08]            at FluentAssertions.Execution.AssertionChain.FailWith(Func`1 getFailureReason)
[xUnit.net 00:00:02.08]            at FluentAssertions.Execution.AssertionChain.FailWith(String message, Object[] args)
[xUnit.net 00:00:02.08]            at FluentAssertions.Primitives.BooleanAssertions`1.BeTrue(String because, Object[] becauseArgs)
[xUnit.net 00:00:02.08]         /home/chad/repos/witchcityrope-react/tests/WitchCityRope.Infrastructure.Tests/Data/ConcurrencyTests.cs(487,0): at WitchCityRope.Infrastructure.Tests.Data.ConcurrencyTests.Should_Handle_Concurrent_Aggregate_Updates()
[xUnit.net 00:00:02.08]         --- End of stack trace from previous location ---
[xUnit.net 00:00:02.13]       Microsoft.EntityFrameworkCore.DbUpdateException : An error occurred while saving the entity changes. See the inner exception for details.
[xUnit.net 00:00:02.13]       ---- Microsoft.Data.Sqlite.SqliteException : SQLite Error 19: 'NOT NULL constraint failed: Registrations.DietaryRestrictions'.
[xUnit.net 00:00:02.13]       Stack Trace:
[xUnit.net 00:00:02.13]            at Microsoft.EntityFrameworkCore.Update.ReaderModificationCommandBatch.ExecuteAsync(IRelationalConnection connection, CancellationToken cancellationToken)
[xUnit.net 00:00:02.13]            at Microsoft.EntityFrameworkCore.Update.Internal.BatchExecutor.ExecuteAsync(IEnumerable`1 commandBatches, IRelationalConnection connection, CancellationToken cancellationToken)
[xUnit.net 00:00:02.13]            at Microsoft.EntityFrameworkCore.Update.Internal.BatchExecutor.ExecuteAsync(IEnumerable`1 commandBatches, IRelationalConnection connection, CancellationToken cancellationToken)
[xUnit.net 00:00:02.13]            at Microsoft.EntityFrameworkCore.Update.Internal.BatchExecutor.ExecuteAsync(IEnumerable`1 commandBatches, IRelationalConnection connection, CancellationToken cancellationToken)
[xUnit.net 00:00:02.13]            at Microsoft.EntityFrameworkCore.Storage.RelationalDatabase.SaveChangesAsync(IList`1 entries, CancellationToken cancellationToken)
[xUnit.net 00:00:02.13]            at Microsoft.EntityFrameworkCore.ChangeTracking.Internal.StateManager.SaveChangesAsync(IList`1 entriesToSave, CancellationToken cancellationToken)
[xUnit.net 00:00:02.13]            at Microsoft.EntityFrameworkCore.ChangeTracking.Internal.StateManager.SaveChangesAsync(StateManager stateManager, Boolean acceptAllChangesOnSuccess, CancellationToken cancellationToken)
[xUnit.net 00:00:02.13]            at Microsoft.EntityFrameworkCore.DbContext.SaveChangesAsync(Boolean acceptAllChangesOnSuccess, CancellationToken cancellationToken)
[xUnit.net 00:00:02.13]            at Microsoft.EntityFrameworkCore.DbContext.SaveChangesAsync(Boolean acceptAllChangesOnSuccess, CancellationToken cancellationToken)
[xUnit.net 00:00:02.13]         /home/chad/repos/witchcityrope-react/src/WitchCityRope.Infrastructure/Data/WitchCityRopeDbContext.cs(58,0): at WitchCityRope.Infrastructure.Data.WitchCityRopeDbContext.SaveChangesAsync(CancellationToken cancellationToken)
[xUnit.net 00:00:02.13]         /home/chad/repos/witchcityrope-react/tests/WitchCityRope.Infrastructure.Tests/Data/ComplexQueryTests.cs(63,0): at WitchCityRope.Infrastructure.Tests.Data.ComplexQueryTests.SeedDataAsync()
[xUnit.net 00:00:02.13]         /home/chad/repos/witchcityrope-react/tests/WitchCityRope.Infrastructure.Tests/Fixtures/IntegrationTestBase.cs(41,0): at WitchCityRope.Infrastructure.Tests.Fixtures.IntegrationTestBase.InitializeAsync()
[xUnit.net 00:00:02.13]         ----- Inner Stack Trace -----
[xUnit.net 00:00:02.13]            at Microsoft.Data.Sqlite.SqliteException.ThrowExceptionForRC(Int32 rc, sqlite3 db)
[xUnit.net 00:00:02.13]            at Microsoft.Data.Sqlite.SqliteDataReader.NextResult()
[xUnit.net 00:00:02.13]            at Microsoft.Data.Sqlite.SqliteCommand.ExecuteReader(CommandBehavior behavior)
[xUnit.net 00:00:02.13]            at Microsoft.Data.Sqlite.SqliteCommand.ExecuteReaderAsync(CommandBehavior behavior, CancellationToken cancellationToken)
[xUnit.net 00:00:02.13]            at Microsoft.Data.Sqlite.SqliteCommand.ExecuteDbDataReaderAsync(CommandBehavior behavior, CancellationToken cancellationToken)
[xUnit.net 00:00:02.13]            at Microsoft.EntityFrameworkCore.Storage.RelationalCommand.ExecuteReaderAsync(RelationalCommandParameterObject parameterObject, CancellationToken cancellationToken)
[xUnit.net 00:00:02.13]            at Microsoft.EntityFrameworkCore.Storage.RelationalCommand.ExecuteReaderAsync(RelationalCommandParameterObject parameterObject, CancellationToken cancellationToken)
[xUnit.net 00:00:02.13]            at Microsoft.EntityFrameworkCore.Update.ReaderModificationCommandBatch.ExecuteAsync(IRelationalConnection connection, CancellationToken cancellationToken)
[xUnit.net 00:00:02.24]       Microsoft.EntityFrameworkCore.DbUpdateException : An error occurred while saving the entity changes. See the inner exception for details.
[xUnit.net 00:00:02.24]       ---- Microsoft.Data.Sqlite.SqliteException : SQLite Error 19: 'NOT NULL constraint failed: Registrations.DietaryRestrictions'.
[xUnit.net 00:00:02.24]       Stack Trace:
[xUnit.net 00:00:02.24]            at Microsoft.EntityFrameworkCore.Update.ReaderModificationCommandBatch.ExecuteAsync(IRelationalConnection connection, CancellationToken cancellationToken)
[xUnit.net 00:00:02.24]            at Microsoft.EntityFrameworkCore.Update.Internal.BatchExecutor.ExecuteAsync(IEnumerable`1 commandBatches, IRelationalConnection connection, CancellationToken cancellationToken)
[xUnit.net 00:00:02.24]            at Microsoft.EntityFrameworkCore.Update.Internal.BatchExecutor.ExecuteAsync(IEnumerable`1 commandBatches, IRelationalConnection connection, CancellationToken cancellationToken)
[xUnit.net 00:00:02.24]            at Microsoft.EntityFrameworkCore.Update.Internal.BatchExecutor.ExecuteAsync(IEnumerable`1 commandBatches, IRelationalConnection connection, CancellationToken cancellationToken)
[xUnit.net 00:00:02.24]            at Microsoft.EntityFrameworkCore.Storage.RelationalDatabase.SaveChangesAsync(IList`1 entries, CancellationToken cancellationToken)
[xUnit.net 00:00:02.24]            at Microsoft.EntityFrameworkCore.ChangeTracking.Internal.StateManager.SaveChangesAsync(IList`1 entriesToSave, CancellationToken cancellationToken)
[xUnit.net 00:00:02.24]            at Microsoft.EntityFrameworkCore.ChangeTracking.Internal.StateManager.SaveChangesAsync(StateManager stateManager, Boolean acceptAllChangesOnSuccess, CancellationToken cancellationToken)
[xUnit.net 00:00:02.24]            at Microsoft.EntityFrameworkCore.DbContext.SaveChangesAsync(Boolean acceptAllChangesOnSuccess, CancellationToken cancellationToken)
[xUnit.net 00:00:02.24]            at Microsoft.EntityFrameworkCore.DbContext.SaveChangesAsync(Boolean acceptAllChangesOnSuccess, CancellationToken cancellationToken)
[xUnit.net 00:00:02.24]         /home/chad/repos/witchcityrope-react/src/WitchCityRope.Infrastructure/Data/WitchCityRopeDbContext.cs(58,0): at WitchCityRope.Infrastructure.Data.WitchCityRopeDbContext.SaveChangesAsync(CancellationToken cancellationToken)
[xUnit.net 00:00:02.24]         /home/chad/repos/witchcityrope-react/tests/WitchCityRope.Infrastructure.Tests/Data/ComplexQueryTests.cs(63,0): at WitchCityRope.Infrastructure.Tests.Data.ComplexQueryTests.SeedDataAsync()
[xUnit.net 00:00:02.24]         /home/chad/repos/witchcityrope-react/tests/WitchCityRope.Infrastructure.Tests/Fixtures/IntegrationTestBase.cs(41,0): at WitchCityRope.Infrastructure.Tests.Fixtures.IntegrationTestBase.InitializeAsync()
[xUnit.net 00:00:02.24]         ----- Inner Stack Trace -----
[xUnit.net 00:00:02.24]            at Microsoft.Data.Sqlite.SqliteException.ThrowExceptionForRC(Int32 rc, sqlite3 db)
[xUnit.net 00:00:02.24]            at Microsoft.Data.Sqlite.SqliteDataReader.NextResult()
[xUnit.net 00:00:02.24]            at Microsoft.Data.Sqlite.SqliteCommand.ExecuteReader(CommandBehavior behavior)
[xUnit.net 00:00:02.24]            at Microsoft.Data.Sqlite.SqliteCommand.ExecuteReaderAsync(CommandBehavior behavior, CancellationToken cancellationToken)
[xUnit.net 00:00:02.24]            at Microsoft.Data.Sqlite.SqliteCommand.ExecuteDbDataReaderAsync(CommandBehavior behavior, CancellationToken cancellationToken)
[xUnit.net 00:00:02.24]            at Microsoft.EntityFrameworkCore.Storage.RelationalCommand.ExecuteReaderAsync(RelationalCommandParameterObject parameterObject, CancellationToken cancellationToken)
[xUnit.net 00:00:02.24]            at Microsoft.EntityFrameworkCore.Storage.RelationalCommand.ExecuteReaderAsync(RelationalCommandParameterObject parameterObject, CancellationToken cancellationToken)
[xUnit.net 00:00:02.24]            at Microsoft.EntityFrameworkCore.Update.ReaderModificationCommandBatch.ExecuteAsync(IRelationalConnection connection, CancellationToken cancellationToken)
[xUnit.net 00:00:02.46]       Microsoft.EntityFrameworkCore.DbUpdateException : An error occurred while saving the entity changes. See the inner exception for details.
[xUnit.net 00:00:02.46]       ---- Microsoft.Data.Sqlite.SqliteException : SQLite Error 19: 'NOT NULL constraint failed: Registrations.DietaryRestrictions'.
[xUnit.net 00:00:02.46]       Stack Trace:
[xUnit.net 00:00:02.46]            at Microsoft.EntityFrameworkCore.Update.ReaderModificationCommandBatch.ExecuteAsync(IRelationalConnection connection, CancellationToken cancellationToken)
[xUnit.net 00:00:02.46]            at Microsoft.EntityFrameworkCore.Update.Internal.BatchExecutor.ExecuteAsync(IEnumerable`1 commandBatches, IRelationalConnection connection, CancellationToken cancellationToken)
[xUnit.net 00:00:02.46]            at Microsoft.EntityFrameworkCore.Update.Internal.BatchExecutor.ExecuteAsync(IEnumerable`1 commandBatches, IRelationalConnection connection, CancellationToken cancellationToken)
[xUnit.net 00:00:02.46]            at Microsoft.EntityFrameworkCore.Update.Internal.BatchExecutor.ExecuteAsync(IEnumerable`1 commandBatches, IRelationalConnection connection, CancellationToken cancellationToken)
[xUnit.net 00:00:02.46]            at Microsoft.EntityFrameworkCore.Storage.RelationalDatabase.SaveChangesAsync(IList`1 entries, CancellationToken cancellationToken)
[xUnit.net 00:00:02.46]            at Microsoft.EntityFrameworkCore.ChangeTracking.Internal.StateManager.SaveChangesAsync(IList`1 entriesToSave, CancellationToken cancellationToken)
[xUnit.net 00:00:02.46]            at Microsoft.EntityFrameworkCore.ChangeTracking.Internal.StateManager.SaveChangesAsync(StateManager stateManager, Boolean acceptAllChangesOnSuccess, CancellationToken cancellationToken)
[xUnit.net 00:00:02.46]            at Microsoft.EntityFrameworkCore.DbContext.SaveChangesAsync(Boolean acceptAllChangesOnSuccess, CancellationToken cancellationToken)
[xUnit.net 00:00:02.46]            at Microsoft.EntityFrameworkCore.DbContext.SaveChangesAsync(Boolean acceptAllChangesOnSuccess, CancellationToken cancellationToken)
[xUnit.net 00:00:02.46]         /home/chad/repos/witchcityrope-react/src/WitchCityRope.Infrastructure/Data/WitchCityRopeDbContext.cs(58,0): at WitchCityRope.Infrastructure.Data.WitchCityRopeDbContext.SaveChangesAsync(CancellationToken cancellationToken)
[xUnit.net 00:00:02.46]         /home/chad/repos/witchcityrope-react/tests/WitchCityRope.Infrastructure.Tests/Data/ComplexQueryTests.cs(63,0): at WitchCityRope.Infrastructure.Tests.Data.ComplexQueryTests.SeedDataAsync()
[xUnit.net 00:00:02.46]         /home/chad/repos/witchcityrope-react/tests/WitchCityRope.Infrastructure.Tests/Fixtures/IntegrationTestBase.cs(41,0): at WitchCityRope.Infrastructure.Tests.Fixtures.IntegrationTestBase.InitializeAsync()
[xUnit.net 00:00:02.46]         ----- Inner Stack Trace -----
[xUnit.net 00:00:02.46]            at Microsoft.Data.Sqlite.SqliteException.ThrowExceptionForRC(Int32 rc, sqlite3 db)
[xUnit.net 00:00:02.46]            at Microsoft.Data.Sqlite.SqliteDataReader.NextResult()
[xUnit.net 00:00:02.46]            at Microsoft.Data.Sqlite.SqliteCommand.ExecuteReader(CommandBehavior behavior)
[xUnit.net 00:00:02.46]            at Microsoft.Data.Sqlite.SqliteCommand.ExecuteReaderAsync(CommandBehavior behavior, CancellationToken cancellationToken)
[xUnit.net 00:00:02.46]            at Microsoft.Data.Sqlite.SqliteCommand.ExecuteDbDataReaderAsync(CommandBehavior behavior, CancellationToken cancellationToken)
[xUnit.net 00:00:02.46]            at Microsoft.EntityFrameworkCore.Storage.RelationalCommand.ExecuteReaderAsync(RelationalCommandParameterObject parameterObject, CancellationToken cancellationToken)
[xUnit.net 00:00:02.46]            at Microsoft.EntityFrameworkCore.Storage.RelationalCommand.ExecuteReaderAsync(RelationalCommandParameterObject parameterObject, CancellationToken cancellationToken)
[xUnit.net 00:00:02.46]            at Microsoft.EntityFrameworkCore.Update.ReaderModificationCommandBatch.ExecuteAsync(IRelationalConnection connection, CancellationToken cancellationToken)
[testcontainers.org 00:00:02.71] Execute "pg_isready --host localhost --dbname witchcityrope_test --username testuser" at Docker container 4efb0433527a
[testcontainers.org 00:00:02.77] Docker container 4efb0433527a ready
[xUnit.net 00:00:03.53]       System.InvalidOperationException : An error was generated for warning 'Microsoft.EntityFrameworkCore.Migrations.PendingModelChangesWarning': The model for context 'WitchCityRopeDbContext' has pending changes. Add a new migration before updating the database. See https://aka.ms/efcore-docs-pending-changes. This exception can be suppressed or logged by passing event ID 'RelationalEventId.PendingModelChangesWarning' to the 'ConfigureWarnings' method in 'DbContext.OnConfiguring' or 'AddDbContext'.
[xUnit.net 00:00:03.54]       Stack Trace:
[xUnit.net 00:00:03.54]            at Microsoft.EntityFrameworkCore.Diagnostics.EventDefinition`1.Log[TLoggerCategory](IDiagnosticsLogger`1 logger, TParam arg)
[xUnit.net 00:00:03.54]            at Microsoft.EntityFrameworkCore.Diagnostics.RelationalLoggerExtensions.PendingModelChangesWarning(IDiagnosticsLogger`1 diagnostics, Type contextType)
[xUnit.net 00:00:03.54]            at Microsoft.EntityFrameworkCore.Migrations.Internal.Migrator.ValidateMigrations(Boolean useTransaction, String targetMigration)
[xUnit.net 00:00:03.54]            at Microsoft.EntityFrameworkCore.Migrations.Internal.Migrator.MigrateAsync(String targetMigration, CancellationToken cancellationToken)
[xUnit.net 00:00:03.54]            at Npgsql.EntityFrameworkCore.PostgreSQL.Migrations.Internal.NpgsqlMigrator.MigrateAsync(String targetMigration, CancellationToken cancellationToken)
[xUnit.net 00:00:03.54]         /home/chad/repos/witchcityrope-react/tests/WitchCityRope.Infrastructure.Tests/Data/MigrationTests.cs(110,0): at WitchCityRope.Infrastructure.Tests.Data.MigrationTests.Should_Create_Correct_Foreign_Keys()
[xUnit.net 00:00:03.54]         --- End of stack trace from previous location ---
[xUnit.net 00:00:03.71]       System.InvalidOperationException : An error was generated for warning 'Microsoft.EntityFrameworkCore.Migrations.PendingModelChangesWarning': The model for context 'WitchCityRopeDbContext' has pending changes. Add a new migration before updating the database. See https://aka.ms/efcore-docs-pending-changes. This exception can be suppressed or logged by passing event ID 'RelationalEventId.PendingModelChangesWarning' to the 'ConfigureWarnings' method in 'DbContext.OnConfiguring' or 'AddDbContext'.
[xUnit.net 00:00:03.71]       Stack Trace:
[xUnit.net 00:00:03.71]            at Microsoft.EntityFrameworkCore.Diagnostics.EventDefinition`1.Log[TLoggerCategory](IDiagnosticsLogger`1 logger, TParam arg)
[xUnit.net 00:00:03.71]            at Microsoft.EntityFrameworkCore.Diagnostics.RelationalLoggerExtensions.PendingModelChangesWarning(IDiagnosticsLogger`1 diagnostics, Type contextType)
[xUnit.net 00:00:03.71]            at Microsoft.EntityFrameworkCore.Migrations.Internal.Migrator.ValidateMigrations(Boolean useTransaction, String targetMigration)
[xUnit.net 00:00:03.71]            at Microsoft.EntityFrameworkCore.Migrations.Internal.Migrator.MigrateAsync(String targetMigration, CancellationToken cancellationToken)
[xUnit.net 00:00:03.71]            at Npgsql.EntityFrameworkCore.PostgreSQL.Migrations.Internal.NpgsqlMigrator.MigrateAsync(String targetMigration, CancellationToken cancellationToken)
[xUnit.net 00:00:03.71]         /home/chad/repos/witchcityrope-react/tests/WitchCityRope.Infrastructure.Tests/Data/MigrationTests.cs(31,0): at WitchCityRope.Infrastructure.Tests.Data.MigrationTests.Should_Apply_All_Migrations_Successfully()
[xUnit.net 00:00:03.71]         --- End of stack trace from previous location ---
[xUnit.net 00:00:03.89]       System.InvalidOperationException : An error was generated for warning 'Microsoft.EntityFrameworkCore.Migrations.PendingModelChangesWarning': The model for context 'WitchCityRopeDbContext' has pending changes. Add a new migration before updating the database. See https://aka.ms/efcore-docs-pending-changes. This exception can be suppressed or logged by passing event ID 'RelationalEventId.PendingModelChangesWarning' to the 'ConfigureWarnings' method in 'DbContext.OnConfiguring' or 'AddDbContext'.
[xUnit.net 00:00:03.89]       Stack Trace:
[xUnit.net 00:00:03.89]            at Microsoft.EntityFrameworkCore.Diagnostics.EventDefinition`1.Log[TLoggerCategory](IDiagnosticsLogger`1 logger, TParam arg)
[xUnit.net 00:00:03.89]            at Microsoft.EntityFrameworkCore.Diagnostics.RelationalLoggerExtensions.PendingModelChangesWarning(IDiagnosticsLogger`1 diagnostics, Type contextType)
[xUnit.net 00:00:03.89]            at Microsoft.EntityFrameworkCore.Migrations.Internal.Migrator.ValidateMigrations(Boolean useTransaction, String targetMigration)
[xUnit.net 00:00:03.89]            at Microsoft.EntityFrameworkCore.Migrations.Internal.Migrator.MigrateAsync(String targetMigration, CancellationToken cancellationToken)
[xUnit.net 00:00:03.89]            at Npgsql.EntityFrameworkCore.PostgreSQL.Migrations.Internal.NpgsqlMigrator.MigrateAsync(String targetMigration, CancellationToken cancellationToken)
[xUnit.net 00:00:03.89]         /home/chad/repos/witchcityrope-react/tests/WitchCityRope.Infrastructure.Tests/Data/MigrationTests.cs(160,0): at WitchCityRope.Infrastructure.Tests.Data.MigrationTests.Should_Handle_Migration_Rollback()
[xUnit.net 00:00:03.89]         --- End of stack trace from previous location ---
[xUnit.net 00:00:04.04]       System.InvalidOperationException : An error was generated for warning 'Microsoft.EntityFrameworkCore.Migrations.PendingModelChangesWarning': The model for context 'WitchCityRopeDbContext' has pending changes. Add a new migration before updating the database. See https://aka.ms/efcore-docs-pending-changes. This exception can be suppressed or logged by passing event ID 'RelationalEventId.PendingModelChangesWarning' to the 'ConfigureWarnings' method in 'DbContext.OnConfiguring' or 'AddDbContext'.
[xUnit.net 00:00:04.04]       Stack Trace:
[xUnit.net 00:00:04.04]            at Microsoft.EntityFrameworkCore.Diagnostics.EventDefinition`1.Log[TLoggerCategory](IDiagnosticsLogger`1 logger, TParam arg)
[xUnit.net 00:00:04.04]            at Microsoft.EntityFrameworkCore.Diagnostics.RelationalLoggerExtensions.PendingModelChangesWarning(IDiagnosticsLogger`1 diagnostics, Type contextType)
[xUnit.net 00:00:04.04]            at Microsoft.EntityFrameworkCore.Migrations.Internal.Migrator.ValidateMigrations(Boolean useTransaction, String targetMigration)
[xUnit.net 00:00:04.04]            at Microsoft.EntityFrameworkCore.Migrations.Internal.Migrator.MigrateAsync(String targetMigration, CancellationToken cancellationToken)
[xUnit.net 00:00:04.04]            at Npgsql.EntityFrameworkCore.PostgreSQL.Migrations.Internal.NpgsqlMigrator.MigrateAsync(String targetMigration, CancellationToken cancellationToken)
[xUnit.net 00:00:04.04]         /home/chad/repos/witchcityrope-react/tests/WitchCityRope.Infrastructure.Tests/Data/MigrationTests.cs(65,0): at WitchCityRope.Infrastructure.Tests.Data.MigrationTests.Should_Have_Correct_Schema_After_Migration()
[xUnit.net 00:00:04.04]         --- End of stack trace from previous location ---
[xUnit.net 00:00:04.19]       System.InvalidOperationException : An error was generated for warning 'Microsoft.EntityFrameworkCore.Migrations.PendingModelChangesWarning': The model for context 'WitchCityRopeDbContext' has pending changes. Add a new migration before updating the database. See https://aka.ms/efcore-docs-pending-changes. This exception can be suppressed or logged by passing event ID 'RelationalEventId.PendingModelChangesWarning' to the 'ConfigureWarnings' method in 'DbContext.OnConfiguring' or 'AddDbContext'.
[xUnit.net 00:00:04.19]       Stack Trace:
[xUnit.net 00:00:04.19]            at Microsoft.EntityFrameworkCore.Diagnostics.EventDefinition`1.Log[TLoggerCategory](IDiagnosticsLogger`1 logger, TParam arg)
[xUnit.net 00:00:04.19]            at Microsoft.EntityFrameworkCore.Diagnostics.RelationalLoggerExtensions.PendingModelChangesWarning(IDiagnosticsLogger`1 diagnostics, Type contextType)
[xUnit.net 00:00:04.19]            at Microsoft.EntityFrameworkCore.Migrations.Internal.Migrator.ValidateMigrations(Boolean useTransaction, String targetMigration)
[xUnit.net 00:00:04.19]            at Microsoft.EntityFrameworkCore.Migrations.Internal.Migrator.MigrateAsync(String targetMigration, CancellationToken cancellationToken)
[xUnit.net 00:00:04.19]            at Npgsql.EntityFrameworkCore.PostgreSQL.Migrations.Internal.NpgsqlMigrator.MigrateAsync(String targetMigration, CancellationToken cancellationToken)
[xUnit.net 00:00:04.19]         /home/chad/repos/witchcityrope-react/tests/WitchCityRope.Infrastructure.Tests/Data/MigrationTests.cs(45,0): at WitchCityRope.Infrastructure.Tests.Data.MigrationTests.Should_Create_All_Expected_Tables()
[xUnit.net 00:00:04.19]         --- End of stack trace from previous location ---
[xUnit.net 00:00:04.33]       System.InvalidOperationException : An error was generated for warning 'Microsoft.EntityFrameworkCore.Migrations.PendingModelChangesWarning': The model for context 'WitchCityRopeDbContext' has pending changes. Add a new migration before updating the database. See https://aka.ms/efcore-docs-pending-changes. This exception can be suppressed or logged by passing event ID 'RelationalEventId.PendingModelChangesWarning' to the 'ConfigureWarnings' method in 'DbContext.OnConfiguring' or 'AddDbContext'.
[xUnit.net 00:00:04.33]       Stack Trace:
[xUnit.net 00:00:04.33]            at Microsoft.EntityFrameworkCore.Diagnostics.EventDefinition`1.Log[TLoggerCategory](IDiagnosticsLogger`1 logger, TParam arg)
[xUnit.net 00:00:04.33]            at Microsoft.EntityFrameworkCore.Diagnostics.RelationalLoggerExtensions.PendingModelChangesWarning(IDiagnosticsLogger`1 diagnostics, Type contextType)
[xUnit.net 00:00:04.33]            at Microsoft.EntityFrameworkCore.Migrations.Internal.Migrator.ValidateMigrations(Boolean useTransaction, String targetMigration)
[xUnit.net 00:00:04.33]            at Microsoft.EntityFrameworkCore.Migrations.Internal.Migrator.MigrateAsync(String targetMigration, CancellationToken cancellationToken)
[xUnit.net 00:00:04.33]            at Npgsql.EntityFrameworkCore.PostgreSQL.Migrations.Internal.NpgsqlMigrator.MigrateAsync(String targetMigration, CancellationToken cancellationToken)
[xUnit.net 00:00:04.33]         /home/chad/repos/witchcityrope-react/tests/WitchCityRope.Infrastructure.Tests/Data/MigrationTests.cs(95,0): at WitchCityRope.Infrastructure.Tests.Data.MigrationTests.Should_Create_Correct_Indexes()
[xUnit.net 00:00:04.33]         --- End of stack trace from previous location ---
[xUnit.net 00:00:04.36]       Expected pendingModelChanges to be False because The model should match the database schema, but found True.
[xUnit.net 00:00:04.36]       Stack Trace:
[xUnit.net 00:00:04.36]            at FluentAssertions.Execution.LateBoundTestFramework.Throw(String message)
[xUnit.net 00:00:04.36]            at FluentAssertions.Execution.DefaultAssertionStrategy.HandleFailure(String message)
[xUnit.net 00:00:04.36]            at FluentAssertions.Execution.AssertionScope.AddPreFormattedFailure(String formattedFailureMessage)
[xUnit.net 00:00:04.36]            at FluentAssertions.Execution.AssertionChain.FailWith(Func`1 getFailureReason)
[xUnit.net 00:00:04.36]            at FluentAssertions.Execution.AssertionChain.FailWith(Func`1 getFailureReason)
[xUnit.net 00:00:04.36]            at FluentAssertions.Execution.AssertionChain.FailWith(String message, Object[] args)
[xUnit.net 00:00:04.36]            at FluentAssertions.Primitives.BooleanAssertions`1.BeFalse(String because, Object[] becauseArgs)
[xUnit.net 00:00:04.36]         /home/chad/repos/witchcityrope-react/tests/WitchCityRope.Infrastructure.Tests/Data/MigrationTests.cs(138,0): at WitchCityRope.Infrastructure.Tests.Data.MigrationTests.Model_Should_Match_Database_Schema()
[xUnit.net 00:00:04.36]            at System.RuntimeMethodHandle.InvokeMethod(Object target, Void** arguments, Signature sig, Boolean isConstructor)
[xUnit.net 00:00:04.36]            at System.Reflection.MethodBaseInvoker.InvokeWithNoArgs(Object obj, BindingFlags invokeAttr)
[testcontainers.org 00:00:04.15] Delete Docker container 4efb0433527a
[xUnit.net 00:00:04.56]   Finished:    WitchCityRope.Infrastructure.Tests
</StdOut>
    </Output>
    <RunInfos>
      <RunInfo computerName="Unbutu-Ai-Chads-PC" outcome="Warning" timestamp="2025-09-13T14:03:53.8761969-04:00">
        <Text>[xUnit.net 00:00:00.14]     WitchCityRope.Infrastructure.Tests.Email.EmailServiceTests.SendBulkEmailAsync_Should_Send_To_Multiple_Recipients [SKIP]</Text>
      </RunInfo>
      <RunInfo computerName="Unbutu-Ai-Chads-PC" outcome="Warning" timestamp="2025-09-13T14:03:53.9582125-04:00">
        <Text>[xUnit.net 00:00:00.18]     WitchCityRope.Infrastructure.Tests.Email.EmailServiceTests.SendEmailAsync_Should_Return_False_When_SendGrid_Fails [SKIP]</Text>
      </RunInfo>
      <RunInfo computerName="Unbutu-Ai-Chads-PC" outcome="Warning" timestamp="2025-09-13T14:03:53.9582330-04:00">
        <Text>[xUnit.net 00:00:00.18]     WitchCityRope.Infrastructure.Tests.Email.EmailServiceTests.SendBulkEmailAsync_Should_Return_False_If_Any_Batch_Fails [SKIP]</Text>
      </RunInfo>
      <RunInfo computerName="Unbutu-Ai-Chads-PC" outcome="Warning" timestamp="2025-09-13T14:03:53.9582398-04:00">
        <Text>[xUnit.net 00:00:00.18]     WitchCityRope.Infrastructure.Tests.Email.EmailServiceTests.Should_Use_Default_From_Email_When_Not_Searched [SKIP]</Text>
      </RunInfo>
      <RunInfo computerName="Unbutu-Ai-Chads-PC" outcome="Warning" timestamp="2025-09-13T14:03:53.9582492-04:00">
        <Text>[xUnit.net 00:00:00.18]     WitchCityRope.Infrastructure.Tests.Email.EmailServiceTests.SendCancellationConfirmationAsync_Should_Include_Refund_When_Provided [SKIP]</Text>
      </RunInfo>
      <RunInfo computerName="Unbutu-Ai-Chads-PC" outcome="Warning" timestamp="2025-09-13T14:03:53.9582585-04:00">
        <Text>[xUnit.net 00:00:00.18]     WitchCityRope.Infrastructure.Tests.Email.EmailServiceTests.SendEmailAsync_Should_Send_PlainText_Email_When_IsHtml_Is_False [SKIP]</Text>
      </RunInfo>
      <RunInfo computerName="Unbutu-Ai-Chads-PC" outcome="Warning" timestamp="2025-09-13T14:03:53.9582656-04:00">
        <Text>[xUnit.net 00:00:00.18]     WitchCityRope.Infrastructure.Tests.Email.EmailServiceTests.SendEmailAsync_Should_Send_Email_Successfully [SKIP]</Text>
      </RunInfo>
      <RunInfo computerName="Unbutu-Ai-Chads-PC" outcome="Warning" timestamp="2025-09-13T14:03:53.9582728-04:00">
        <Text>[xUnit.net 00:00:00.18]     WitchCityRope.Infrastructure.Tests.Email.EmailServiceTests.SendVettingStatusUpdateAsync_Should_Include_Notes_When_Provided [SKIP]</Text>
      </RunInfo>
      <RunInfo computerName="Unbutu-Ai-Chads-PC" outcome="Warning" timestamp="2025-09-13T14:03:53.9582781-04:00">
        <Text>[xUnit.net 00:00:00.18]     WitchCityRope.Infrastructure.Tests.Email.EmailServiceTests.SendTemplateEmailAsync_Should_Send_With_Template_Id [SKIP]</Text>
      </RunInfo>
      <RunInfo computerName="Unbutu-Ai-Chads-PC" outcome="Warning" timestamp="2025-09-13T14:03:53.9582854-04:00">
        <Text>[xUnit.net 00:00:00.18]     WitchCityRope.Infrastructure.Tests.Email.EmailServiceTests.Constructor_Should_Throw_When_SendGridClient_Is_Null [SKIP]</Text>
      </RunInfo>
      <RunInfo computerName="Unbutu-Ai-Chads-PC" outcome="Warning" timestamp="2025-09-13T14:03:53.9594740-04:00">
        <Text>[xUnit.net 00:00:00.18]     WitchCityRope.Infrastructure.Tests.Email.EmailServiceTests.SendTemplateEmailAsync_Should_Throw_For_Unknown_Template [SKIP]</Text>
      </RunInfo>
      <RunInfo computerName="Unbutu-Ai-Chads-PC" outcome="Warning" timestamp="2025-09-13T14:03:53.9594867-04:00">
        <Text>[xUnit.net 00:00:00.18]     WitchCityRope.Infrastructure.Tests.Email.EmailServiceTests.SendEmailAsync_Should_Return_False_When_Exception_Occurs [SKIP]</Text>
      </RunInfo>
      <RunInfo computerName="Unbutu-Ai-Chads-PC" outcome="Warning" timestamp="2025-09-13T14:03:53.9594923-04:00">
        <Text>[xUnit.net 00:00:00.18]     WitchCityRope.Infrastructure.Tests.Email.EmailServiceTests.SendBulkEmailAsync_Should_Batch_Large_Recipient_Lists [SKIP]</Text>
      </RunInfo>
      <RunInfo computerName="Unbutu-Ai-Chads-PC" outcome="Warning" timestamp="2025-09-13T14:03:53.9594986-04:00">
        <Text>[xUnit.net 00:00:00.19]     WitchCityRope.Infrastructure.Tests.Email.EmailServiceTests.SendRegistrationConfirmationAsync_Should_Use_Correct_Template [SKIP]</Text>
      </RunInfo>
      <RunInfo computerName="Unbutu-Ai-Chads-PC" outcome="Error" timestamp="2025-09-13T14:03:53.9595043-04:00">
        <Text>[xUnit.net 00:00:00.19]     WitchCityRope.Infrastructure.Tests.Security.JwtTokenServiceTests.Token_Should_Work_With_Default_Configuration [FAIL]</Text>
      </RunInfo>
      <RunInfo computerName="Unbutu-Ai-Chads-PC" outcome="Error" timestamp="2025-09-13T14:03:53.9595453-04:00">
        <Text>[xUnit.net 00:00:00.19]     WitchCityRope.Infrastructure.Tests.Security.JwtTokenServiceTests.ValidateToken_Should_Return_ClaimsPrincipal_For_Valid_Token [FAIL]</Text>
      </RunInfo>
      <RunInfo computerName="Unbutu-Ai-Chads-PC" outcome="Error" timestamp="2025-09-13T14:03:53.9595665-04:00">
        <Text>[xUnit.net 00:00:00.19]     WitchCityRope.Infrastructure.Tests.Security.JwtTokenServiceTests.ValidateToken_Should_Return_Null_For_Expired_Token [FAIL]</Text>
      </RunInfo>
      <RunInfo computerName="Unbutu-Ai-Chads-PC" outcome="Error" timestamp="2025-09-13T14:03:53.9595799-04:00">
        <Text>[xUnit.net 00:00:00.19]     WitchCityRope.Infrastructure.Tests.Security.JwtTokenServiceTests.Constructor_Should_Throw_When_Configuration_Is_Null [FAIL]</Text>
      </RunInfo>
      <RunInfo computerName="Unbutu-Ai-Chads-PC" outcome="Error" timestamp="2025-09-13T14:03:53.9595932-04:00">
        <Text>[xUnit.net 00:00:00.19]     WitchCityRope.Infrastructure.Tests.Security.JwtTokenServiceTests.GenerateRefreshToken_Should_Create_Valid_Base64_String [FAIL]</Text>
      </RunInfo>
      <RunInfo computerName="Unbutu-Ai-Chads-PC" outcome="Error" timestamp="2025-09-13T14:03:53.9603196-04:00">
        <Text>[xUnit.net 00:00:00.20]     WitchCityRope.Infrastructure.Tests.Security.JwtTokenServiceTests.ValidateToken_Should_Throw_For_Null_Token [FAIL]</Text>
      </RunInfo>
      <RunInfo computerName="Unbutu-Ai-Chads-PC" outcome="Error" timestamp="2025-09-13T14:03:53.9603328-04:00">
        <Text>[xUnit.net 00:00:00.20]     WitchCityRope.Infrastructure.Tests.Security.JwtTokenServiceTests.GenerateRefreshToken_Should_Create_Unique_Tokens [FAIL]</Text>
      </RunInfo>
      <RunInfo computerName="Unbutu-Ai-Chads-PC" outcome="Error" timestamp="2025-09-13T14:03:53.9603462-04:00">
        <Text>[xUnit.net 00:00:00.20]     WitchCityRope.Infrastructure.Tests.Security.JwtTokenServiceTests.GenerateToken_Should_Create_Valid_JWT_Token [FAIL]</Text>
      </RunInfo>
      <RunInfo computerName="Unbutu-Ai-Chads-PC" outcome="Error" timestamp="2025-09-13T14:03:53.9603595-04:00">
        <Text>[xUnit.net 00:00:00.20]     WitchCityRope.Infrastructure.Tests.Security.JwtTokenServiceTests.GenerateToken_Should_Throw_For_Null_User [FAIL]</Text>
      </RunInfo>
      <RunInfo computerName="Unbutu-Ai-Chads-PC" outcome="Error" timestamp="2025-09-13T14:03:53.9603835-04:00">
        <Text>[xUnit.net 00:00:00.20]     WitchCityRope.Infrastructure.Tests.Security.JwtTokenServiceTests.GetUserIdFromToken_Should_Return_UserId_For_Valid_Token [FAIL]</Text>
      </RunInfo>
      <RunInfo computerName="Unbutu-Ai-Chads-PC" outcome="Error" timestamp="2025-09-13T14:03:53.9603965-04:00">
        <Text>[xUnit.net 00:00:00.20]     WitchCityRope.Infrastructure.Tests.Security.JwtTokenServiceTests.Constructor_Should_Throw_When_SecretKey_Is_Missing [FAIL]</Text>
      </RunInfo>
      <RunInfo computerName="Unbutu-Ai-Chads-PC" outcome="Error" timestamp="2025-09-13T14:03:53.9604072-04:00">
        <Text>[xUnit.net 00:00:00.20]     WitchCityRope.Infrastructure.Tests.Security.JwtTokenServiceTests.GetUserIdFromToken_Should_Return_Null_For_Invalid_Token [FAIL]</Text>
      </RunInfo>
      <RunInfo computerName="Unbutu-Ai-Chads-PC" outcome="Error" timestamp="2025-09-13T14:03:53.9604175-04:00">
        <Text>[xUnit.net 00:00:00.20]     WitchCityRope.Infrastructure.Tests.Security.JwtTokenServiceTests.ValidateToken_Should_Return_Null_For_Invalid_Token [FAIL]</Text>
      </RunInfo>
      <RunInfo computerName="Unbutu-Ai-Chads-PC" outcome="Error" timestamp="2025-09-13T14:03:53.9604301-04:00">
        <Text>[xUnit.net 00:00:00.20]     WitchCityRope.Infrastructure.Tests.Security.JwtTokenServiceTests.GenerateToken_Should_Include_All_Required_Claims [FAIL]</Text>
      </RunInfo>
      <RunInfo computerName="Unbutu-Ai-Chads-PC" outcome="Error" timestamp="2025-09-13T14:03:53.9609283-04:00">
        <Text>[xUnit.net 00:00:00.20]     WitchCityRope.Infrastructure.Tests.Security.JwtTokenServiceTests.ValidateToken_Should_Return_Null_For_Wrong_Audience [FAIL]</Text>
      </RunInfo>
      <RunInfo computerName="Unbutu-Ai-Chads-PC" outcome="Error" timestamp="2025-09-13T14:03:53.9609398-04:00">
        <Text>[xUnit.net 00:00:00.20]     WitchCityRope.Infrastructure.Tests.Security.JwtTokenServiceTests.ValidateToken_Should_Return_Null_For_Wrong_Issuer [FAIL]</Text>
      </RunInfo>
      <RunInfo computerName="Unbutu-Ai-Chads-PC" outcome="Error" timestamp="2025-09-13T14:03:53.9609527-04:00">
        <Text>[xUnit.net 00:00:00.20]     WitchCityRope.Infrastructure.Tests.Security.JwtTokenServiceTests.GenerateToken_Should_Set_Correct_Issuer_And_Audience [FAIL]</Text>
      </RunInfo>
      <RunInfo computerName="Unbutu-Ai-Chads-PC" outcome="Error" timestamp="2025-09-13T14:03:53.9609669-04:00">
        <Text>[xUnit.net 00:00:00.22]     WitchCityRope.Infrastructure.Tests.Security.JwtTokenServiceTests.ValidateToken_Should_Return_Null_For_Wrong_Secret [FAIL]</Text>
      </RunInfo>
      <RunInfo computerName="Unbutu-Ai-Chads-PC" outcome="Error" timestamp="2025-09-13T14:03:53.9609777-04:00">
        <Text>[xUnit.net 00:00:00.22]     WitchCityRope.Infrastructure.Tests.Security.JwtTokenServiceTests.GenerateToken_Should_Set_Correct_Expiration [FAIL]</Text>
      </RunInfo>
      <RunInfo computerName="Unbutu-Ai-Chads-PC" outcome="Error" timestamp="2025-09-13T14:03:54.0479253-04:00">
        <Text>[xUnit.net 00:00:00.31]     WitchCityRope.Infrastructure.Tests.HealthChecks.ServiceHealthCheckTests.VerifyPostgreSqlIsAccessible [FAIL]</Text>
      </RunInfo>
      <RunInfo computerName="Unbutu-Ai-Chads-PC" outcome="Error" timestamp="2025-09-13T14:03:54.0482842-04:00">
        <Text>[xUnit.net 00:00:00.31]     WitchCityRope.Infrastructure.Tests.PayPal.PayPalServiceTests.ProcessRefundAsync_Should_Handle_Exceptions [FAIL]</Text>
      </RunInfo>
      <RunInfo computerName="Unbutu-Ai-Chads-PC" outcome="Error" timestamp="2025-09-13T14:03:54.0662730-04:00">
        <Text>[xUnit.net 00:00:00.33]     WitchCityRope.Infrastructure.Tests.PayPal.PayPalServiceTests.GetPaymentStatusAsync_Should_Return_Failed_On_Exception [FAIL]</Text>
      </RunInfo>
      <RunInfo computerName="Unbutu-Ai-Chads-PC" outcome="Error" timestamp="2025-09-13T14:03:54.0997868-04:00">
        <Text>[xUnit.net 00:00:00.36]     WitchCityRope.Infrastructure.Tests.HealthChecks.ServiceHealthCheckTests.VerifyApiIsHealthy [FAIL]</Text>
      </RunInfo>
      <RunInfo computerName="Unbutu-Ai-Chads-PC" outcome="Error" timestamp="2025-09-13T14:03:54.1176452-04:00">
        <Text>[xUnit.net 00:00:00.38]     WitchCityRope.Infrastructure.Tests.PayPal.PayPalServiceTests.ProcessPaymentAsync_Should_Handle_Exceptions [FAIL]</Text>
      </RunInfo>
      <RunInfo computerName="Unbutu-Ai-Chads-PC" outcome="Error" timestamp="2025-09-13T14:03:54.2586544-04:00">
        <Text>[xUnit.net 00:00:00.52]     WitchCityRope.Infrastructure.Tests.HealthChecks.ServiceHealthCheckTests.RunAllHealthChecks [FAIL]</Text>
      </RunInfo>
      <RunInfo computerName="Unbutu-Ai-Chads-PC" outcome="Error" timestamp="2025-09-13T14:03:55.0797610-04:00">
        <Text>[xUnit.net 00:00:01.34]     WitchCityRope.Infrastructure.Tests.Data.ConcurrencyTests.Should_Handle_Deadlock_Scenario [FAIL]</Text>
      </RunInfo>
      <RunInfo computerName="Unbutu-Ai-Chads-PC" outcome="Error" timestamp="2025-09-13T14:03:55.0860675-04:00">
        <Text>[xUnit.net 00:00:01.35]     WitchCityRope.Infrastructure.Tests.Data.ComplexQueryTests.Should_Query_User_Registration_History [FAIL]</Text>
      </RunInfo>
      <RunInfo computerName="Unbutu-Ai-Chads-PC" outcome="Error" timestamp="2025-09-13T14:03:55.1842151-04:00">
        <Text>[xUnit.net 00:00:01.45]     WitchCityRope.Infrastructure.Tests.Data.ConcurrencyTests.Should_Handle_Concurrent_Updates_With_Retry_Logic [FAIL]</Text>
      </RunInfo>
      <RunInfo computerName="Unbutu-Ai-Chads-PC" outcome="Error" timestamp="2025-09-13T14:03:55.1908477-04:00">
        <Text>[xUnit.net 00:00:01.46]     WitchCityRope.Infrastructure.Tests.Data.EntityConfigurationTests.User_Configuration_Should_Store_Value_Objects_Correctly [FAIL]</Text>
      </RunInfo>
      <RunInfo computerName="Unbutu-Ai-Chads-PC" outcome="Error" timestamp="2025-09-13T14:03:55.1977183-04:00">
        <Text>[xUnit.net 00:00:01.46]     WitchCityRope.Infrastructure.Tests.Data.WitchCityRopeDbContextTests.Should_Save_And_Retrieve_User [FAIL]</Text>
      </RunInfo>
      <RunInfo computerName="Unbutu-Ai-Chads-PC" outcome="Error" timestamp="2025-09-13T14:03:55.2440527-04:00">
        <Text>[xUnit.net 00:00:01.51]     WitchCityRope.Infrastructure.Tests.Data.ComplexQueryTests.Should_Use_Compiled_Query_For_Performance [FAIL]</Text>
      </RunInfo>
      <RunInfo computerName="Unbutu-Ai-Chads-PC" outcome="Error" timestamp="2025-09-13T14:03:55.2503447-04:00">
        <Text>[xUnit.net 00:00:01.51]     WitchCityRope.Infrastructure.Tests.Data.ConcurrencyTests.Should_Handle_Concurrent_Payment_Processing [FAIL]</Text>
      </RunInfo>
      <RunInfo computerName="Unbutu-Ai-Chads-PC" outcome="Error" timestamp="2025-09-13T14:03:55.3114352-04:00">
        <Text>[xUnit.net 00:00:01.58]     WitchCityRope.Infrastructure.Tests.Data.EntityConfigurationTests.IncidentReport_Should_Support_Anonymous_Reports [FAIL]</Text>
      </RunInfo>
      <RunInfo computerName="Unbutu-Ai-Chads-PC" outcome="Error" timestamp="2025-09-13T14:03:55.3847318-04:00">
        <Text>[xUnit.net 00:00:01.65]     WitchCityRope.Infrastructure.Tests.Data.WitchCityRopeDbContextTests.Should_Track_Entity_Changes [FAIL]</Text>
      </RunInfo>
      <RunInfo computerName="Unbutu-Ai-Chads-PC" outcome="Error" timestamp="2025-09-13T14:03:55.3854303-04:00">
        <Text>[xUnit.net 00:00:01.65]     WitchCityRope.Infrastructure.Tests.Data.EntityConfigurationTests.Event_Registration_Relationship_Should_Be_Configured_Correctly [FAIL]</Text>
      </RunInfo>
      <RunInfo computerName="Unbutu-Ai-Chads-PC" outcome="Error" timestamp="2025-09-13T14:03:55.4086106-04:00">
        <Text>[xUnit.net 00:00:01.67]     WitchCityRope.Infrastructure.Tests.Data.ComplexQueryTests.Should_Query_Event_Statistics [FAIL]</Text>
      </RunInfo>
      <RunInfo computerName="Unbutu-Ai-Chads-PC" outcome="Error" timestamp="2025-09-13T14:03:55.4436083-04:00">
        <Text>[xUnit.net 00:00:01.71]     WitchCityRope.Infrastructure.Tests.Data.EntityConfigurationTests.Should_Handle_Cascade_Delete_For_Event_Registrations [FAIL]</Text>
      </RunInfo>
      <RunInfo computerName="Unbutu-Ai-Chads-PC" outcome="Error" timestamp="2025-09-13T14:03:55.5263302-04:00">
        <Text>[xUnit.net 00:00:01.79]     WitchCityRope.Infrastructure.Tests.Data.EntityConfigurationTests.Money_ValueObject_Should_Be_Stored_Correctly [FAIL]</Text>
      </RunInfo>
      <RunInfo computerName="Unbutu-Ai-Chads-PC" outcome="Error" timestamp="2025-09-13T14:03:55.5640976-04:00">
        <Text>[xUnit.net 00:00:01.83]     WitchCityRope.Infrastructure.Tests.Data.ComplexQueryTests.Should_Execute_Complex_Join_Query [FAIL]</Text>
      </RunInfo>
      <RunInfo computerName="Unbutu-Ai-Chads-PC" outcome="Error" timestamp="2025-09-13T14:03:55.5746672-04:00">
        <Text>[xUnit.net 00:00:01.84]     WitchCityRope.Infrastructure.Tests.Data.ConcurrencyTests.Should_Handle_Concurrent_Vetting_Application_Reviews [FAIL]</Text>
      </RunInfo>
      <RunInfo computerName="Unbutu-Ai-Chads-PC" outcome="Error" timestamp="2025-09-13T14:03:55.5754264-04:00">
        <Text>[xUnit.net 00:00:01.84]     WitchCityRope.Infrastructure.Tests.Data.EntityConfigurationTests.VettingApplication_User_Relationship_Should_Be_Configured_Correctly [FAIL]</Text>
      </RunInfo>
      <RunInfo computerName="Unbutu-Ai-Chads-PC" outcome="Error" timestamp="2025-09-13T14:03:55.6342126-04:00">
        <Text>[xUnit.net 00:00:01.90]     WitchCityRope.Infrastructure.Tests.Data.ConcurrencyTests.Should_Handle_Optimistic_Concurrency_With_RowVersion [FAIL]</Text>
      </RunInfo>
      <RunInfo computerName="Unbutu-Ai-Chads-PC" outcome="Error" timestamp="2025-09-13T14:03:55.6352237-04:00">
        <Text>[xUnit.net 00:00:01.90]     WitchCityRope.Infrastructure.Tests.Data.EntityConfigurationTests.User_Configuration_Should_Enforce_Unique_Email [FAIL]</Text>
      </RunInfo>
      <RunInfo computerName="Unbutu-Ai-Chads-PC" outcome="Error" timestamp="2025-09-13T14:03:55.6693847-04:00">
        <Text>[xUnit.net 00:00:01.93]     WitchCityRope.Infrastructure.Tests.Data.WitchCityRopeDbContextTests.Should_Apply_Global_Query_Filters_If_Configured [FAIL]</Text>
      </RunInfo>
      <RunInfo computerName="Unbutu-Ai-Chads-PC" outcome="Error" timestamp="2025-09-13T14:03:55.7143298-04:00">
        <Text>[xUnit.net 00:00:01.98]     WitchCityRope.Infrastructure.Tests.Data.EntityConfigurationTests.Payment_Registration_Relationship_Should_Be_Configured_Correctly [FAIL]</Text>
      </RunInfo>
      <RunInfo computerName="Unbutu-Ai-Chads-PC" outcome="Error" timestamp="2025-09-13T14:03:55.7265522-04:00">
        <Text>[xUnit.net 00:00:01.99]     WitchCityRope.Infrastructure.Tests.Data.ConcurrencyTests.Should_Handle_Concurrent_Event_Registration [FAIL]</Text>
      </RunInfo>
      <RunInfo computerName="Unbutu-Ai-Chads-PC" outcome="Error" timestamp="2025-09-13T14:03:55.7419368-04:00">
        <Text>[xUnit.net 00:00:02.01]     WitchCityRope.Infrastructure.Tests.Data.ComplexQueryTests.Should_Query_Upcoming_Events_With_Available_Spots [FAIL]</Text>
      </RunInfo>
      <RunInfo computerName="Unbutu-Ai-Chads-PC" outcome="Error" timestamp="2025-09-13T14:03:55.7855793-04:00">
        <Text>[xUnit.net 00:00:02.05]     WitchCityRope.Infrastructure.Tests.Data.WitchCityRopeDbContextTests.Should_Handle_Concurrent_Updates [FAIL]</Text>
      </RunInfo>
      <RunInfo computerName="Unbutu-Ai-Chads-PC" outcome="Error" timestamp="2025-09-13T14:03:55.8143722-04:00">
        <Text>[xUnit.net 00:00:02.08]     WitchCityRope.Infrastructure.Tests.Data.ConcurrencyTests.Should_Handle_Concurrent_Aggregate_Updates [FAIL]</Text>
      </RunInfo>
      <RunInfo computerName="Unbutu-Ai-Chads-PC" outcome="Error" timestamp="2025-09-13T14:03:55.8636784-04:00">
        <Text>[xUnit.net 00:00:02.13]     WitchCityRope.Infrastructure.Tests.Data.ComplexQueryTests.Should_Execute_Raw_SQL_Query [FAIL]</Text>
      </RunInfo>
      <RunInfo computerName="Unbutu-Ai-Chads-PC" outcome="Error" timestamp="2025-09-13T14:03:55.9781872-04:00">
        <Text>[xUnit.net 00:00:02.24]     WitchCityRope.Infrastructure.Tests.Data.ComplexQueryTests.Should_Handle_Pagination_Correctly [FAIL]</Text>
      </RunInfo>
      <RunInfo computerName="Unbutu-Ai-Chads-PC" outcome="Error" timestamp="2025-09-13T14:03:56.1903017-04:00">
        <Text>[xUnit.net 00:00:02.45]     WitchCityRope.Infrastructure.Tests.Data.ComplexQueryTests.Should_Handle_Complex_Filtering_And_Sorting [FAIL]</Text>
      </RunInfo>
      <RunInfo computerName="Unbutu-Ai-Chads-PC" outcome="Error" timestamp="2025-09-13T14:03:57.2702462-04:00">
        <Text>[xUnit.net 00:00:03.53]     WitchCityRope.Infrastructure.Tests.Data.MigrationTests.Should_Create_Correct_Foreign_Keys [FAIL]</Text>
      </RunInfo>
      <RunInfo computerName="Unbutu-Ai-Chads-PC" outcome="Error" timestamp="2025-09-13T14:03:57.4499152-04:00">
        <Text>[xUnit.net 00:00:03.71]     WitchCityRope.Infrastructure.Tests.Data.MigrationTests.Should_Apply_All_Migrations_Successfully [FAIL]</Text>
      </RunInfo>
      <RunInfo computerName="Unbutu-Ai-Chads-PC" outcome="Error" timestamp="2025-09-13T14:03:57.6266243-04:00">
        <Text>[xUnit.net 00:00:03.89]     WitchCityRope.Infrastructure.Tests.Data.MigrationTests.Should_Handle_Migration_Rollback [FAIL]</Text>
      </RunInfo>
      <RunInfo computerName="Unbutu-Ai-Chads-PC" outcome="Error" timestamp="2025-09-13T14:03:57.7791538-04:00">
        <Text>[xUnit.net 00:00:04.04]     WitchCityRope.Infrastructure.Tests.Data.MigrationTests.Should_Have_Correct_Schema_After_Migration [FAIL]</Text>
      </RunInfo>
      <RunInfo computerName="Unbutu-Ai-Chads-PC" outcome="Error" timestamp="2025-09-13T14:03:57.9224072-04:00">
        <Text>[xUnit.net 00:00:04.19]     WitchCityRope.Infrastructure.Tests.Data.MigrationTests.Should_Create_All_Expected_Tables [FAIL]</Text>
      </RunInfo>
      <RunInfo computerName="Unbutu-Ai-Chads-PC" outcome="Error" timestamp="2025-09-13T14:03:58.0607988-04:00">
        <Text>[xUnit.net 00:00:04.33]     WitchCityRope.Infrastructure.Tests.Data.MigrationTests.Should_Create_Correct_Indexes [FAIL]</Text>
      </RunInfo>
      <RunInfo computerName="Unbutu-Ai-Chads-PC" outcome="Error" timestamp="2025-09-13T14:03:58.0920074-04:00">
        <Text>[xUnit.net 00:00:04.36]     WitchCityRope.Infrastructure.Tests.Data.MigrationTests.Model_Should_Match_Database_Schema [FAIL]</Text>
      </RunInfo>
    </RunInfos>
  </ResultSummary>
</TestRun>