<?xml version="1.0" encoding="utf-8"?>
<TestRun id="68da2a18-1a45-4ff5-b07c-75cabd9c14b5" name="@Unbutu-Ai-Chads-PC 2025-09-12 14:37:36" xmlns="http://microsoft.com/schemas/VisualStudio/TeamTest/2010">
  <Times creation="2025-09-12T14:37:36.4732583-04:00" queuing="2025-09-12T14:37:36.4732583-04:00" start="2025-09-12T14:37:35.9811235-04:00" finish="2025-09-12T14:37:40.4452913-04:00" />
  <TestSettings name="default" id="11165001-7e7f-432b-a474-f5fbbad07ea9">
    <Deployment runDeploymentRoot="_Unbutu-Ai-Chads-PC_2025-09-12_14_37_36" />
  </TestSettings>
  <Results>
    <UnitTestResult executionId="bba7bd34-0388-4cab-a93d-215e419f5e3d" testId="b9694bad-42e0-0c76-3c47-bc8dece9f7e0" testName="WitchCityRope.Infrastructure.Tests.Data.EntityConfigurationTests.Payment_Registration_Relationship_Should_Be_Configured_Correctly" computerName="Unbutu-Ai-Chads-PC" duration="00:00:00.0228814" startTime="2025-09-12T14:37:38.0258328-04:00" endTime="2025-09-12T14:37:38.0954992-04:00" testType="13cdc9d9-ddb5-4fa4-a97d-d965ccfc6d4b" outcome="Failed" testListId="8c84fa94-04c1-424b-9868-57a2d4851a1d" relativeResultsDirectory="bba7bd34-0388-4cab-a93d-215e419f5e3d">
      <Output>
        <ErrorInfo>
          <Message>Microsoft.EntityFrameworkCore.DbUpdateException : An error occurred while saving the entity changes. See the inner exception for details.
---- Microsoft.Data.Sqlite.SqliteException : SQLite Error 19: 'NOT NULL constraint failed: Registrations.DietaryRestrictions'.</Message>
          <StackTrace>   at Microsoft.EntityFrameworkCore.Update.ReaderModificationCommandBatch.ExecuteAsync(IRelationalConnection connection, CancellationToken cancellationToken)
   at Microsoft.EntityFrameworkCore.Update.Internal.BatchExecutor.ExecuteAsync(IEnumerable`1 commandBatches, IRelationalConnection connection, CancellationToken cancellationToken)
   at Microsoft.EntityFrameworkCore.Update.Internal.BatchExecutor.ExecuteAsync(IEnumerable`1 commandBatches, IRelationalConnection connection, CancellationToken cancellationToken)
   at Microsoft.EntityFrameworkCore.Update.Internal.BatchExecutor.ExecuteAsync(IEnumerable`1 commandBatches, IRelationalConnection connection, CancellationToken cancellationToken)
   at Microsoft.EntityFrameworkCore.Storage.RelationalDatabase.SaveChangesAsync(IList`1 entries, CancellationToken cancellationToken)
   at Microsoft.EntityFrameworkCore.ChangeTracking.Internal.StateManager.SaveChangesAsync(IList`1 entriesToSave, CancellationToken cancellationToken)
   at Microsoft.EntityFrameworkCore.ChangeTracking.Internal.StateManager.SaveChangesAsync(StateManager stateManager, Boolean acceptAllChangesOnSuccess, CancellationToken cancellationToken)
   at Microsoft.EntityFrameworkCore.DbContext.SaveChangesAsync(Boolean acceptAllChangesOnSuccess, CancellationToken cancellationToken)
   at Microsoft.EntityFrameworkCore.DbContext.SaveChangesAsync(Boolean acceptAllChangesOnSuccess, CancellationToken cancellationToken)
   at WitchCityRope.Infrastructure.Data.WitchCityRopeDbContext.SaveChangesAsync(CancellationToken cancellationToken) in /home/chad/repos/witchcityrope-react/src/WitchCityRope.Infrastructure/Data/WitchCityRopeDbContext.cs:line 58
   at WitchCityRope.Infrastructure.Tests.Data.EntityConfigurationTests.Payment_Registration_Relationship_Should_Be_Configured_Correctly() in /home/chad/repos/witchcityrope-react/tests/WitchCityRope.Infrastructure.Tests/Data/EntityConfigurationTests.cs:line 111
--- End of stack trace from previous location ---
----- Inner Stack Trace -----
   at Microsoft.Data.Sqlite.SqliteException.ThrowExceptionForRC(Int32 rc, sqlite3 db)
   at Microsoft.Data.Sqlite.SqliteDataReader.NextResult()
   at Microsoft.Data.Sqlite.SqliteCommand.ExecuteReader(CommandBehavior behavior)
   at Microsoft.Data.Sqlite.SqliteCommand.ExecuteReaderAsync(CommandBehavior behavior, CancellationToken cancellationToken)
   at Microsoft.Data.Sqlite.SqliteCommand.ExecuteDbDataReaderAsync(CommandBehavior behavior, CancellationToken cancellationToken)
   at Microsoft.EntityFrameworkCore.Storage.RelationalCommand.ExecuteReaderAsync(RelationalCommandParameterObject parameterObject, CancellationToken cancellationToken)
   at Microsoft.EntityFrameworkCore.Storage.RelationalCommand.ExecuteReaderAsync(RelationalCommandParameterObject parameterObject, CancellationToken cancellationToken)
   at Microsoft.EntityFrameworkCore.Update.ReaderModificationCommandBatch.ExecuteAsync(IRelationalConnection connection, CancellationToken cancellationToken)</StackTrace>
        </ErrorInfo>
      </Output>
    </UnitTestResult>
    <UnitTestResult executionId="4915d235-350b-4558-b37d-51d156810808" testId="1e096ccc-e723-7491-b653-eb6d07a2b4e3" testName="WitchCityRope.Infrastructure.Tests.Email.EmailServiceTests.SendBulkEmailAsync_Should_Return_False_If_Any_Batch_Fails" computerName="Unbutu-Ai-Chads-PC" duration="00:00:00.0014957" startTime="2025-09-12T14:37:36.4896976-04:00" endTime="2025-09-12T14:37:36.4910856-04:00" testType="13cdc9d9-ddb5-4fa4-a97d-d965ccfc6d4b" outcome="Passed" testListId="8c84fa94-04c1-424b-9868-57a2d4851a1d" relativeResultsDirectory="4915d235-350b-4558-b37d-51d156810808" />
    <UnitTestResult executionId="4e599e0a-b2fc-473b-9cb5-03d9a9c80c9c" testId="42dc7df1-96a1-4d9a-de82-432b5eb500ec" testName="WitchCityRope.Infrastructure.Tests.Data.ComplexQueryTests.Should_Query_User_Registration_History" computerName="Unbutu-Ai-Chads-PC" duration="00:00:00.0010000" startTime="2025-09-12T14:37:36.3888979-04:00" endTime="2025-09-12T14:37:37.5398416-04:00" testType="13cdc9d9-ddb5-4fa4-a97d-d965ccfc6d4b" outcome="Failed" testListId="8c84fa94-04c1-424b-9868-57a2d4851a1d" relativeResultsDirectory="4e599e0a-b2fc-473b-9cb5-03d9a9c80c9c">
      <Output>
        <ErrorInfo>
          <Message>Microsoft.EntityFrameworkCore.DbUpdateException : An error occurred while saving the entity changes. See the inner exception for details.
---- Microsoft.Data.Sqlite.SqliteException : SQLite Error 19: 'NOT NULL constraint failed: Registrations.DietaryRestrictions'.</Message>
          <StackTrace>   at Microsoft.EntityFrameworkCore.Update.ReaderModificationCommandBatch.ExecuteAsync(IRelationalConnection connection, CancellationToken cancellationToken)
   at Microsoft.EntityFrameworkCore.Update.Internal.BatchExecutor.ExecuteAsync(IEnumerable`1 commandBatches, IRelationalConnection connection, CancellationToken cancellationToken)
   at Microsoft.EntityFrameworkCore.Update.Internal.BatchExecutor.ExecuteAsync(IEnumerable`1 commandBatches, IRelationalConnection connection, CancellationToken cancellationToken)
   at Microsoft.EntityFrameworkCore.Update.Internal.BatchExecutor.ExecuteAsync(IEnumerable`1 commandBatches, IRelationalConnection connection, CancellationToken cancellationToken)
   at Microsoft.EntityFrameworkCore.Storage.RelationalDatabase.SaveChangesAsync(IList`1 entries, CancellationToken cancellationToken)
   at Microsoft.EntityFrameworkCore.ChangeTracking.Internal.StateManager.SaveChangesAsync(IList`1 entriesToSave, CancellationToken cancellationToken)
   at Microsoft.EntityFrameworkCore.ChangeTracking.Internal.StateManager.SaveChangesAsync(StateManager stateManager, Boolean acceptAllChangesOnSuccess, CancellationToken cancellationToken)
   at Microsoft.EntityFrameworkCore.DbContext.SaveChangesAsync(Boolean acceptAllChangesOnSuccess, CancellationToken cancellationToken)
   at Microsoft.EntityFrameworkCore.DbContext.SaveChangesAsync(Boolean acceptAllChangesOnSuccess, CancellationToken cancellationToken)
   at WitchCityRope.Infrastructure.Data.WitchCityRopeDbContext.SaveChangesAsync(CancellationToken cancellationToken) in /home/chad/repos/witchcityrope-react/src/WitchCityRope.Infrastructure/Data/WitchCityRopeDbContext.cs:line 58
   at WitchCityRope.Infrastructure.Tests.Data.ComplexQueryTests.SeedDataAsync() in /home/chad/repos/witchcityrope-react/tests/WitchCityRope.Infrastructure.Tests/Data/ComplexQueryTests.cs:line 63
   at WitchCityRope.Infrastructure.Tests.Fixtures.IntegrationTestBase.InitializeAsync() in /home/chad/repos/witchcityrope-react/tests/WitchCityRope.Infrastructure.Tests/Fixtures/IntegrationTestBase.cs:line 41
----- Inner Stack Trace -----
   at Microsoft.Data.Sqlite.SqliteException.ThrowExceptionForRC(Int32 rc, sqlite3 db)
   at Microsoft.Data.Sqlite.SqliteDataReader.NextResult()
   at Microsoft.Data.Sqlite.SqliteCommand.ExecuteReader(CommandBehavior behavior)
   at Microsoft.Data.Sqlite.SqliteCommand.ExecuteReaderAsync(CommandBehavior behavior, CancellationToken cancellationToken)
   at Microsoft.Data.Sqlite.SqliteCommand.ExecuteDbDataReaderAsync(CommandBehavior behavior, CancellationToken cancellationToken)
   at Microsoft.EntityFrameworkCore.Storage.RelationalCommand.ExecuteReaderAsync(RelationalCommandParameterObject parameterObject, CancellationToken cancellationToken)
   at Microsoft.EntityFrameworkCore.Storage.RelationalCommand.ExecuteReaderAsync(RelationalCommandParameterObject parameterObject, CancellationToken cancellationToken)
   at Microsoft.EntityFrameworkCore.Update.ReaderModificationCommandBatch.ExecuteAsync(IRelationalConnection connection, CancellationToken cancellationToken)</StackTrace>
        </ErrorInfo>
      </Output>
    </UnitTestResult>
    <UnitTestResult executionId="bfb4aa8b-b13a-4477-a839-83f363c1da40" testId="6a6f6355-9fd4-91c1-101e-d3a4ddbfd9e9" testName="WitchCityRope.Infrastructure.Tests.Security.EncryptionServiceTests.Hash_Should_Produce_Different_Hashes_For_Same_Input" computerName="Unbutu-Ai-Chads-PC" duration="00:00:00.4105475" startTime="2025-09-12T14:37:39.7617868-04:00" endTime="2025-09-12T14:37:40.1715716-04:00" testType="13cdc9d9-ddb5-4fa4-a97d-d965ccfc6d4b" outcome="Passed" testListId="8c84fa94-04c1-424b-9868-57a2d4851a1d" relativeResultsDirectory="bfb4aa8b-b13a-4477-a839-83f363c1da40" />
    <UnitTestResult executionId="e322fa23-d671-496f-b1ad-e37afb9ccfab" testId="fb5b9c38-8b84-314c-709f-5c4f52c1a376" testName="WitchCityRope.Infrastructure.Tests.Data.WitchCityRopeDbContextTests.Should_Handle_Transactions" computerName="Unbutu-Ai-Chads-PC" duration="00:00:00.0178124" startTime="2025-09-12T14:37:38.0929289-04:00" endTime="2025-09-12T14:37:38.1473344-04:00" testType="13cdc9d9-ddb5-4fa4-a97d-d965ccfc6d4b" outcome="Passed" testListId="8c84fa94-04c1-424b-9868-57a2d4851a1d" relativeResultsDirectory="e322fa23-d671-496f-b1ad-e37afb9ccfab" />
    <UnitTestResult executionId="888760de-5693-49b1-a921-cb3d437fa3a9" testId="2c2006c0-221d-554f-297a-e29ef198d5bd" testName="WitchCityRope.Infrastructure.Tests.Email.EmailServiceTests.SendTemplateEmailAsync_Should_Throw_For_Unknown_Template" computerName="Unbutu-Ai-Chads-PC" duration="00:00:00.0028899" startTime="2025-09-12T14:37:36.5443717-04:00" endTime="2025-09-12T14:37:36.5470186-04:00" testType="13cdc9d9-ddb5-4fa4-a97d-d965ccfc6d4b" outcome="Failed" testListId="8c84fa94-04c1-424b-9868-57a2d4851a1d" relativeResultsDirectory="888760de-5693-49b1-a921-cb3d437fa3a9">
      <Output>
        <ErrorInfo>
          <Message>Expected a &lt;System.ArgumentException&gt; to be thrown, but no exception was thrown.</Message>
          <StackTrace>   at FluentAssertions.Execution.LateBoundTestFramework.Throw(String message)
   at FluentAssertions.Execution.DefaultAssertionStrategy.HandleFailure(String message)
   at FluentAssertions.Execution.AssertionScope.AddPreFormattedFailure(String formattedFailureMessage)
   at FluentAssertions.Execution.AssertionChain.FailWith(Func`1 getFailureReason)
   at FluentAssertions.Execution.AssertionChain.FailWith(Func`1 getFailureReason)
   at FluentAssertions.Execution.AssertionChain.FailWith(String message)
   at FluentAssertions.Specialized.DelegateAssertionsBase`2.&lt;&gt;c__DisplayClass8_0`1.&lt;ThrowInternal&gt;b__0(AssertionChain chain)
   at FluentAssertions.Execution.AssertionChain.WithExpectation(String message, Action`1 chain, Object[] args)
   at FluentAssertions.Execution.AssertionChain.WithExpectation(String message, Object arg1, Action`1 chain)
   at FluentAssertions.Specialized.DelegateAssertionsBase`2.ThrowInternal[TException](Exception exception, String because, Object[] becauseArgs)
   at FluentAssertions.Specialized.AsyncFunctionAssertions`2.ThrowAsync[TException](String because, Object[] becauseArgs)
   at FluentAssertions.ExceptionAssertionsExtensions.WithMessage[TException](Task`1 task, String expectedWildcardPattern, String because, Object[] becauseArgs)
   at WitchCityRope.Infrastructure.Tests.Email.EmailServiceTests.SendTemplateEmailAsync_Should_Throw_For_Unknown_Template() in /home/chad/repos/witchcityrope-react/tests/WitchCityRope.Infrastructure.Tests/Email/EmailServiceTests.cs:line 271
--- End of stack trace from previous location ---</StackTrace>
        </ErrorInfo>
      </Output>
    </UnitTestResult>
    <UnitTestResult executionId="8f96b38e-0be7-4812-bd2e-ce5c240b8b66" testId="0d50f91b-1973-b06b-3035-cd7f803461f8" testName="WitchCityRope.Infrastructure.Tests.Data.WitchCityRopeDbContextTests.Should_Create_Database_Schema" computerName="Unbutu-Ai-Chads-PC" duration="00:00:00.0012698" startTime="2025-09-12T14:37:37.9583227-04:00" endTime="2025-09-12T14:37:38.0104433-04:00" testType="13cdc9d9-ddb5-4fa4-a97d-d965ccfc6d4b" outcome="Passed" testListId="8c84fa94-04c1-424b-9868-57a2d4851a1d" relativeResultsDirectory="8f96b38e-0be7-4812-bd2e-ce5c240b8b66" />
    <UnitTestResult executionId="9d32a344-3113-4469-a6af-3e42ad2ee8fe" testId="3902fe4d-f17d-5d21-4746-ba713fd0b58c" testName="WitchCityRope.Infrastructure.Tests.PayPal.PayPalServiceTests.GetPaymentStatusAsync_Should_Return_Pending_Status" computerName="Unbutu-Ai-Chads-PC" duration="00:00:00.0077441" startTime="2025-09-12T14:37:36.5420676-04:00" endTime="2025-09-12T14:37:36.5496206-04:00" testType="13cdc9d9-ddb5-4fa4-a97d-d965ccfc6d4b" outcome="Passed" testListId="8c84fa94-04c1-424b-9868-57a2d4851a1d" relativeResultsDirectory="9d32a344-3113-4469-a6af-3e42ad2ee8fe" />
    <UnitTestResult executionId="4d8b4868-93e5-4218-837e-febdcb8b82ba" testId="e21cd5c6-324b-c676-dab9-0bd35c2ac14e" testName="WitchCityRope.Infrastructure.Tests.Security.EncryptionServiceTests.Encryption_Should_Fail_With_Different_Keys" computerName="Unbutu-Ai-Chads-PC" duration="00:00:00.0023586" startTime="2025-09-12T14:37:38.9738970-04:00" endTime="2025-09-12T14:37:38.9763911-04:00" testType="13cdc9d9-ddb5-4fa4-a97d-d965ccfc6d4b" outcome="Passed" testListId="8c84fa94-04c1-424b-9868-57a2d4851a1d" relativeResultsDirectory="4d8b4868-93e5-4218-837e-febdcb8b82ba" />
    <UnitTestResult executionId="c2c0a90d-9754-4df3-84a6-62731a36e4fd" testId="13bd86c6-f19a-69a0-47da-45392f474030" testName="WitchCityRope.Infrastructure.Tests.Data.MigrationTests.Should_Create_Correct_Indexes" computerName="Unbutu-Ai-Chads-PC" duration="00:00:00.1691930" startTime="2025-09-12T14:37:39.6241606-04:00" endTime="2025-09-12T14:37:39.7930158-04:00" testType="13cdc9d9-ddb5-4fa4-a97d-d965ccfc6d4b" outcome="Failed" testListId="8c84fa94-04c1-424b-9868-57a2d4851a1d" relativeResultsDirectory="c2c0a90d-9754-4df3-84a6-62731a36e4fd">
      <Output>
        <ErrorInfo>
          <Message>System.InvalidOperationException : An error was generated for warning 'Microsoft.EntityFrameworkCore.Migrations.PendingModelChangesWarning': The model for context 'WitchCityRopeDbContext' has pending changes. Add a new migration before updating the database. See https://aka.ms/efcore-docs-pending-changes. This exception can be suppressed or logged by passing event ID 'RelationalEventId.PendingModelChangesWarning' to the 'ConfigureWarnings' method in 'DbContext.OnConfiguring' or 'AddDbContext'.</Message>
          <StackTrace>   at Microsoft.EntityFrameworkCore.Diagnostics.EventDefinition`1.Log[TLoggerCategory](IDiagnosticsLogger`1 logger, TParam arg)
   at Microsoft.EntityFrameworkCore.Diagnostics.RelationalLoggerExtensions.PendingModelChangesWarning(IDiagnosticsLogger`1 diagnostics, Type contextType)
   at Microsoft.EntityFrameworkCore.Migrations.Internal.Migrator.ValidateMigrations(Boolean useTransaction, String targetMigration)
   at Microsoft.EntityFrameworkCore.Migrations.Internal.Migrator.MigrateAsync(String targetMigration, CancellationToken cancellationToken)
   at Npgsql.EntityFrameworkCore.PostgreSQL.Migrations.Internal.NpgsqlMigrator.MigrateAsync(String targetMigration, CancellationToken cancellationToken)
   at WitchCityRope.Infrastructure.Tests.Data.MigrationTests.Should_Create_Correct_Indexes() in /home/chad/repos/witchcityrope-react/tests/WitchCityRope.Infrastructure.Tests/Data/MigrationTests.cs:line 95
--- End of stack trace from previous location ---</StackTrace>
        </ErrorInfo>
      </Output>
    </UnitTestResult>
    <UnitTestResult executionId="8899276b-833b-4cad-856a-e155e13ed8f0" testId="87abcabe-5648-fdf1-3a5d-705e67f3c3fe" testName="WitchCityRope.Infrastructure.Tests.PayPal.PayPalServiceTests.CreatePaymentIntentAsync_Should_Return_Valid_Intent" computerName="Unbutu-Ai-Chads-PC" duration="00:00:00.0019344" startTime="2025-09-12T14:37:36.5809685-04:00" endTime="2025-09-12T14:37:36.5827518-04:00" testType="13cdc9d9-ddb5-4fa4-a97d-d965ccfc6d4b" outcome="Passed" testListId="8c84fa94-04c1-424b-9868-57a2d4851a1d" relativeResultsDirectory="8899276b-833b-4cad-856a-e155e13ed8f0" />
    <UnitTestResult executionId="c1d12539-9b63-4c0c-b4b2-dd4a343b46d7" testId="d09d88d0-e6be-e39b-577c-5d7881b8be2d" testName="WitchCityRope.Infrastructure.Tests.PayPal.PayPalServiceTests.Should_Use_Production_Environment_When_Configured" computerName="Unbutu-Ai-Chads-PC" duration="00:00:00.0007048" startTime="2025-09-12T14:37:36.5376548-04:00" endTime="2025-09-12T14:37:36.5377668-04:00" testType="13cdc9d9-ddb5-4fa4-a97d-d965ccfc6d4b" outcome="Passed" testListId="8c84fa94-04c1-424b-9868-57a2d4851a1d" relativeResultsDirectory="c1d12539-9b63-4c0c-b4b2-dd4a343b46d7" />
    <UnitTestResult executionId="33c432b3-61d6-46a3-b18a-b06ec2da7a4e" testId="79cdb1a1-4a9a-f0b2-2460-493cf93bd7f4" testName="WitchCityRope.Infrastructure.Tests.PayPal.PayPalServiceTests.ValidatePaymentMethodAsync_Should_Return_False_For_Empty_Method" computerName="Unbutu-Ai-Chads-PC" duration="00:00:00.0691553" startTime="2025-09-12T14:37:36.3897764-04:00" endTime="2025-09-12T14:37:36.4583401-04:00" testType="13cdc9d9-ddb5-4fa4-a97d-d965ccfc6d4b" outcome="Passed" testListId="8c84fa94-04c1-424b-9868-57a2d4851a1d" relativeResultsDirectory="33c432b3-61d6-46a3-b18a-b06ec2da7a4e" />
    <UnitTestResult executionId="c812472f-81cf-400e-9991-b637eeb499f4" testId="fb57c710-b9e2-ed4a-59de-d5901369c26e" testName="WitchCityRope.Infrastructure.Tests.Security.EncryptionServiceTests.Encryption_Should_Be_Deterministic_With_Same_Key" computerName="Unbutu-Ai-Chads-PC" duration="00:00:00.0031950" startTime="2025-09-12T14:37:36.4560692-04:00" endTime="2025-09-12T14:37:36.4561355-04:00" testType="13cdc9d9-ddb5-4fa4-a97d-d965ccfc6d4b" outcome="Passed" testListId="8c84fa94-04c1-424b-9868-57a2d4851a1d" relativeResultsDirectory="c812472f-81cf-400e-9991-b637eeb499f4" />
    <UnitTestResult executionId="c093c085-6f61-4778-8fd0-33a102c7717d" testId="3afe0f4f-66e8-c918-74b9-e20778e75e86" testName="WitchCityRope.Infrastructure.Tests.PayPal.PayPalServiceTests.ProcessPaymentAsync_Should_Return_Success_Result" computerName="Unbutu-Ai-Chads-PC" duration="00:00:00.0172604" startTime="2025-09-12T14:37:36.5578195-04:00" endTime="2025-09-12T14:37:36.5749667-04:00" testType="13cdc9d9-ddb5-4fa4-a97d-d965ccfc6d4b" outcome="Passed" testListId="8c84fa94-04c1-424b-9868-57a2d4851a1d" relativeResultsDirectory="c093c085-6f61-4778-8fd0-33a102c7717d" />
    <UnitTestResult executionId="887ea3c8-75cc-4cd7-9ca3-cbfc79ad485a" testId="3f3e0fb4-368b-d4ed-b267-a4543a24e99c" testName="WitchCityRope.Infrastructure.Tests.Security.EncryptionServiceTests.Encrypt_Should_Produce_Different_Results_For_Different_Inputs" computerName="Unbutu-Ai-Chads-PC" duration="00:00:00.0056014" startTime="2025-09-12T14:37:36.4558537-04:00" endTime="2025-09-12T14:37:36.4559267-04:00" testType="13cdc9d9-ddb5-4fa4-a97d-d965ccfc6d4b" outcome="Passed" testListId="8c84fa94-04c1-424b-9868-57a2d4851a1d" relativeResultsDirectory="887ea3c8-75cc-4cd7-9ca3-cbfc79ad485a" />
    <UnitTestResult executionId="7f4f5dba-e949-4ace-9d0f-7b3c8f80f31d" testId="121b47a1-7650-eac0-8814-509934e34c51" testName="WitchCityRope.Infrastructure.Tests.Security.JwtTokenServiceTests.GenerateToken_Should_Set_Correct_Expiration" computerName="Unbutu-Ai-Chads-PC" duration="00:00:00.0010000" startTime="2025-09-12T14:37:36.4511037-04:00" endTime="2025-09-12T14:37:36.4511532-04:00" testType="13cdc9d9-ddb5-4fa4-a97d-d965ccfc6d4b" outcome="Failed" testListId="8c84fa94-04c1-424b-9868-57a2d4851a1d" relativeResultsDirectory="7f4f5dba-e949-4ace-9d0f-7b3c8f80f31d">
      <Output>
        <ErrorInfo>
          <Message>System.InvalidOperationException : JWT secret key not configured</Message>
          <StackTrace>   at WitchCityRope.Infrastructure.Security.JwtTokenService..ctor(IConfiguration configuration) in /home/chad/repos/witchcityrope-react/src/WitchCityRope.Infrastructure/Security/JwtTokenService.cs:line 33
   at WitchCityRope.Infrastructure.Tests.Security.JwtTokenServiceTests..ctor() in /home/chad/repos/witchcityrope-react/tests/WitchCityRope.Infrastructure.Tests/Security/JwtTokenServiceTests.cs:line 35
   at System.RuntimeType.CreateInstanceDefaultCtor(Boolean publicOnly, Boolean wrapExceptions)</StackTrace>
        </ErrorInfo>
      </Output>
    </UnitTestResult>
    <UnitTestResult executionId="63c4b73b-31c3-429e-b020-dc34cbcfe47f" testId="e006de4c-80eb-9ac9-a4df-a37619cd7add" testName="WitchCityRope.Infrastructure.Tests.Security.EncryptionServiceTests.VerifyHash_Should_Return_False_For_Null_Hash" computerName="Unbutu-Ai-Chads-PC" duration="00:00:00.0001279" startTime="2025-09-12T14:37:40.3776585-04:00" endTime="2025-09-12T14:37:40.3777029-04:00" testType="13cdc9d9-ddb5-4fa4-a97d-d965ccfc6d4b" outcome="Passed" testListId="8c84fa94-04c1-424b-9868-57a2d4851a1d" relativeResultsDirectory="63c4b73b-31c3-429e-b020-dc34cbcfe47f" />
    <UnitTestResult executionId="8cf7390e-79ff-40c9-8be0-c663e2ea0303" testId="b3bf15b1-a9a8-d9c2-b6bd-2d88af5f3f06" testName="WitchCityRope.Infrastructure.Tests.Data.MigrationTests.Should_Handle_Migration_Rollback" computerName="Unbutu-Ai-Chads-PC" duration="00:00:00.1994929" startTime="2025-09-12T14:37:38.9884271-04:00" endTime="2025-09-12T14:37:39.1876480-04:00" testType="13cdc9d9-ddb5-4fa4-a97d-d965ccfc6d4b" outcome="Failed" testListId="8c84fa94-04c1-424b-9868-57a2d4851a1d" relativeResultsDirectory="8cf7390e-79ff-40c9-8be0-c663e2ea0303">
      <Output>
        <ErrorInfo>
          <Message>System.InvalidOperationException : An error was generated for warning 'Microsoft.EntityFrameworkCore.Migrations.PendingModelChangesWarning': The model for context 'WitchCityRopeDbContext' has pending changes. Add a new migration before updating the database. See https://aka.ms/efcore-docs-pending-changes. This exception can be suppressed or logged by passing event ID 'RelationalEventId.PendingModelChangesWarning' to the 'ConfigureWarnings' method in 'DbContext.OnConfiguring' or 'AddDbContext'.</Message>
          <StackTrace>   at Microsoft.EntityFrameworkCore.Diagnostics.EventDefinition`1.Log[TLoggerCategory](IDiagnosticsLogger`1 logger, TParam arg)
   at Microsoft.EntityFrameworkCore.Diagnostics.RelationalLoggerExtensions.PendingModelChangesWarning(IDiagnosticsLogger`1 diagnostics, Type contextType)
   at Microsoft.EntityFrameworkCore.Migrations.Internal.Migrator.ValidateMigrations(Boolean useTransaction, String targetMigration)
   at Microsoft.EntityFrameworkCore.Migrations.Internal.Migrator.MigrateAsync(String targetMigration, CancellationToken cancellationToken)
   at Npgsql.EntityFrameworkCore.PostgreSQL.Migrations.Internal.NpgsqlMigrator.MigrateAsync(String targetMigration, CancellationToken cancellationToken)
   at WitchCityRope.Infrastructure.Tests.Data.MigrationTests.Should_Handle_Migration_Rollback() in /home/chad/repos/witchcityrope-react/tests/WitchCityRope.Infrastructure.Tests/Data/MigrationTests.cs:line 160
--- End of stack trace from previous location ---</StackTrace>
        </ErrorInfo>
      </Output>
    </UnitTestResult>
    <UnitTestResult executionId="4e80c764-1e37-4fb3-8bb5-6098acabfcb2" testId="b7600936-7750-95ea-d101-c63e591d45f7" testName="WitchCityRope.Infrastructure.Tests.Data.ComplexQueryTests.Should_Handle_Pagination_Correctly" computerName="Unbutu-Ai-Chads-PC" duration="00:00:00.0010000" startTime="2025-09-12T14:37:38.2374564-04:00" endTime="2025-09-12T14:37:38.3554407-04:00" testType="13cdc9d9-ddb5-4fa4-a97d-d965ccfc6d4b" outcome="Failed" testListId="8c84fa94-04c1-424b-9868-57a2d4851a1d" relativeResultsDirectory="4e80c764-1e37-4fb3-8bb5-6098acabfcb2">
      <Output>
        <ErrorInfo>
          <Message>Microsoft.EntityFrameworkCore.DbUpdateException : An error occurred while saving the entity changes. See the inner exception for details.
---- Microsoft.Data.Sqlite.SqliteException : SQLite Error 19: 'NOT NULL constraint failed: Registrations.DietaryRestrictions'.</Message>
          <StackTrace>   at Microsoft.EntityFrameworkCore.Update.ReaderModificationCommandBatch.ExecuteAsync(IRelationalConnection connection, CancellationToken cancellationToken)
   at Microsoft.EntityFrameworkCore.Update.Internal.BatchExecutor.ExecuteAsync(IEnumerable`1 commandBatches, IRelationalConnection connection, CancellationToken cancellationToken)
   at Microsoft.EntityFrameworkCore.Update.Internal.BatchExecutor.ExecuteAsync(IEnumerable`1 commandBatches, IRelationalConnection connection, CancellationToken cancellationToken)
   at Microsoft.EntityFrameworkCore.Update.Internal.BatchExecutor.ExecuteAsync(IEnumerable`1 commandBatches, IRelationalConnection connection, CancellationToken cancellationToken)
   at Microsoft.EntityFrameworkCore.Storage.RelationalDatabase.SaveChangesAsync(IList`1 entries, CancellationToken cancellationToken)
   at Microsoft.EntityFrameworkCore.ChangeTracking.Internal.StateManager.SaveChangesAsync(IList`1 entriesToSave, CancellationToken cancellationToken)
   at Microsoft.EntityFrameworkCore.ChangeTracking.Internal.StateManager.SaveChangesAsync(StateManager stateManager, Boolean acceptAllChangesOnSuccess, CancellationToken cancellationToken)
   at Microsoft.EntityFrameworkCore.DbContext.SaveChangesAsync(Boolean acceptAllChangesOnSuccess, CancellationToken cancellationToken)
   at Microsoft.EntityFrameworkCore.DbContext.SaveChangesAsync(Boolean acceptAllChangesOnSuccess, CancellationToken cancellationToken)
   at WitchCityRope.Infrastructure.Data.WitchCityRopeDbContext.SaveChangesAsync(CancellationToken cancellationToken) in /home/chad/repos/witchcityrope-react/src/WitchCityRope.Infrastructure/Data/WitchCityRopeDbContext.cs:line 58
   at WitchCityRope.Infrastructure.Tests.Data.ComplexQueryTests.SeedDataAsync() in /home/chad/repos/witchcityrope-react/tests/WitchCityRope.Infrastructure.Tests/Data/ComplexQueryTests.cs:line 63
   at WitchCityRope.Infrastructure.Tests.Fixtures.IntegrationTestBase.InitializeAsync() in /home/chad/repos/witchcityrope-react/tests/WitchCityRope.Infrastructure.Tests/Fixtures/IntegrationTestBase.cs:line 41
----- Inner Stack Trace -----
   at Microsoft.Data.Sqlite.SqliteException.ThrowExceptionForRC(Int32 rc, sqlite3 db)
   at Microsoft.Data.Sqlite.SqliteDataReader.NextResult()
   at Microsoft.Data.Sqlite.SqliteCommand.ExecuteReader(CommandBehavior behavior)
   at Microsoft.Data.Sqlite.SqliteCommand.ExecuteReaderAsync(CommandBehavior behavior, CancellationToken cancellationToken)
   at Microsoft.Data.Sqlite.SqliteCommand.ExecuteDbDataReaderAsync(CommandBehavior behavior, CancellationToken cancellationToken)
   at Microsoft.EntityFrameworkCore.Storage.RelationalCommand.ExecuteReaderAsync(RelationalCommandParameterObject parameterObject, CancellationToken cancellationToken)
   at Microsoft.EntityFrameworkCore.Storage.RelationalCommand.ExecuteReaderAsync(RelationalCommandParameterObject parameterObject, CancellationToken cancellationToken)
   at Microsoft.EntityFrameworkCore.Update.ReaderModificationCommandBatch.ExecuteAsync(IRelationalConnection connection, CancellationToken cancellationToken)</StackTrace>
        </ErrorInfo>
      </Output>
    </UnitTestResult>
    <UnitTestResult executionId="5392e1a8-9c77-49e6-a2f3-f4ba89fc81e6" testId="41ae648d-7fc7-ba2f-c06a-44229c2bffd5" testName="WitchCityRope.Infrastructure.Tests.Security.EncryptionServiceTests.DecryptAsync_Should_Return_Null_For_Null_Input" computerName="Unbutu-Ai-Chads-PC" duration="00:00:00.0152637" startTime="2025-09-12T14:37:36.3888193-04:00" endTime="2025-09-12T14:37:36.4526536-04:00" testType="13cdc9d9-ddb5-4fa4-a97d-d965ccfc6d4b" outcome="Passed" testListId="8c84fa94-04c1-424b-9868-57a2d4851a1d" relativeResultsDirectory="5392e1a8-9c77-49e6-a2f3-f4ba89fc81e6" />
    <UnitTestResult executionId="c08639c3-3f09-414a-b16b-249ddaf710e5" testId="19e6bda6-00bd-7cd6-3c38-90a57abeea2e" testName="WitchCityRope.Infrastructure.Tests.PayPal.PayPalServiceTests.Should_Use_Sandbox_Environment_When_Configured" computerName="Unbutu-Ai-Chads-PC" duration="00:00:00.0002667" startTime="2025-09-12T14:37:36.5497292-04:00" endTime="2025-09-12T14:37:36.5499223-04:00" testType="13cdc9d9-ddb5-4fa4-a97d-d965ccfc6d4b" outcome="Passed" testListId="8c84fa94-04c1-424b-9868-57a2d4851a1d" relativeResultsDirectory="c08639c3-3f09-414a-b16b-249ddaf710e5" />
    <UnitTestResult executionId="9eaf1566-0088-42f7-afa0-aa4fa9c16e43" testId="102fc01d-1003-9aad-0ab0-768afa59b2db" testName="WitchCityRope.Infrastructure.Tests.Security.EncryptionServiceTests.EncryptAsync_Should_Return_Null_For_Null_Input" computerName="Unbutu-Ai-Chads-PC" duration="00:00:00.0004011" startTime="2025-09-12T14:37:39.7607764-04:00" endTime="2025-09-12T14:37:39.7608715-04:00" testType="13cdc9d9-ddb5-4fa4-a97d-d965ccfc6d4b" outcome="Passed" testListId="8c84fa94-04c1-424b-9868-57a2d4851a1d" relativeResultsDirectory="9eaf1566-0088-42f7-afa0-aa4fa9c16e43" />
    <UnitTestResult executionId="ed7f6172-3bf5-407d-a837-a3cbe3951942" testId="e5189492-adae-5b47-5b01-837ec60d1504" testName="WitchCityRope.Infrastructure.Tests.Data.EntityConfigurationTests.Should_Handle_Cascade_Delete_For_Event_Registrations" computerName="Unbutu-Ai-Chads-PC" duration="00:00:00.0084068" startTime="2025-09-12T14:37:37.8020285-04:00" endTime="2025-09-12T14:37:37.8526201-04:00" testType="13cdc9d9-ddb5-4fa4-a97d-d965ccfc6d4b" outcome="Failed" testListId="8c84fa94-04c1-424b-9868-57a2d4851a1d" relativeResultsDirectory="ed7f6172-3bf5-407d-a837-a3cbe3951942">
      <Output>
        <ErrorInfo>
          <Message>Microsoft.EntityFrameworkCore.DbUpdateException : An error occurred while saving the entity changes. See the inner exception for details.
---- Microsoft.Data.Sqlite.SqliteException : SQLite Error 19: 'NOT NULL constraint failed: Registrations.DietaryRestrictions'.</Message>
          <StackTrace>   at Microsoft.EntityFrameworkCore.Update.ReaderModificationCommandBatch.ExecuteAsync(IRelationalConnection connection, CancellationToken cancellationToken)
   at Microsoft.EntityFrameworkCore.Update.Internal.BatchExecutor.ExecuteAsync(IEnumerable`1 commandBatches, IRelationalConnection connection, CancellationToken cancellationToken)
   at Microsoft.EntityFrameworkCore.Update.Internal.BatchExecutor.ExecuteAsync(IEnumerable`1 commandBatches, IRelationalConnection connection, CancellationToken cancellationToken)
   at Microsoft.EntityFrameworkCore.Update.Internal.BatchExecutor.ExecuteAsync(IEnumerable`1 commandBatches, IRelationalConnection connection, CancellationToken cancellationToken)
   at Microsoft.EntityFrameworkCore.Storage.RelationalDatabase.SaveChangesAsync(IList`1 entries, CancellationToken cancellationToken)
   at Microsoft.EntityFrameworkCore.ChangeTracking.Internal.StateManager.SaveChangesAsync(IList`1 entriesToSave, CancellationToken cancellationToken)
   at Microsoft.EntityFrameworkCore.ChangeTracking.Internal.StateManager.SaveChangesAsync(StateManager stateManager, Boolean acceptAllChangesOnSuccess, CancellationToken cancellationToken)
   at Microsoft.EntityFrameworkCore.DbContext.SaveChangesAsync(Boolean acceptAllChangesOnSuccess, CancellationToken cancellationToken)
   at Microsoft.EntityFrameworkCore.DbContext.SaveChangesAsync(Boolean acceptAllChangesOnSuccess, CancellationToken cancellationToken)
   at WitchCityRope.Infrastructure.Data.WitchCityRopeDbContext.SaveChangesAsync(CancellationToken cancellationToken) in /home/chad/repos/witchcityrope-react/src/WitchCityRope.Infrastructure/Data/WitchCityRopeDbContext.cs:line 58
   at WitchCityRope.Infrastructure.Tests.Data.EntityConfigurationTests.Should_Handle_Cascade_Delete_For_Event_Registrations() in /home/chad/repos/witchcityrope-react/tests/WitchCityRope.Infrastructure.Tests/Data/EntityConfigurationTests.cs:line 211
--- End of stack trace from previous location ---
----- Inner Stack Trace -----
   at Microsoft.Data.Sqlite.SqliteException.ThrowExceptionForRC(Int32 rc, sqlite3 db)
   at Microsoft.Data.Sqlite.SqliteDataReader.NextResult()
   at Microsoft.Data.Sqlite.SqliteCommand.ExecuteReader(CommandBehavior behavior)
   at Microsoft.Data.Sqlite.SqliteCommand.ExecuteReaderAsync(CommandBehavior behavior, CancellationToken cancellationToken)
   at Microsoft.Data.Sqlite.SqliteCommand.ExecuteDbDataReaderAsync(CommandBehavior behavior, CancellationToken cancellationToken)
   at Microsoft.EntityFrameworkCore.Storage.RelationalCommand.ExecuteReaderAsync(RelationalCommandParameterObject parameterObject, CancellationToken cancellationToken)
   at Microsoft.EntityFrameworkCore.Storage.RelationalCommand.ExecuteReaderAsync(RelationalCommandParameterObject parameterObject, CancellationToken cancellationToken)
   at Microsoft.EntityFrameworkCore.Update.ReaderModificationCommandBatch.ExecuteAsync(IRelationalConnection connection, CancellationToken cancellationToken)</StackTrace>
        </ErrorInfo>
      </Output>
    </UnitTestResult>
    <UnitTestResult executionId="0d701b5c-696d-422e-9acc-8efc75c95679" testId="e1828be1-cfff-3e34-4b60-0621ccd8e3ab" testName="WitchCityRope.Infrastructure.Tests.Data.WitchCityRopeDbContextTests.Should_Apply_Global_Query_Filters_If_Configured" computerName="Unbutu-Ai-Chads-PC" duration="00:00:00.0252213" startTime="2025-09-12T14:37:38.0106913-04:00" endTime="2025-09-12T14:37:38.0916802-04:00" testType="13cdc9d9-ddb5-4fa4-a97d-d965ccfc6d4b" outcome="Failed" testListId="8c84fa94-04c1-424b-9868-57a2d4851a1d" relativeResultsDirectory="0d701b5c-696d-422e-9acc-8efc75c95679">
      <Output>
        <ErrorInfo>
          <Message>Expected users to contain 2 item(s), but found 0: {empty}.</Message>
          <StackTrace>   at FluentAssertions.Execution.LateBoundTestFramework.Throw(String message)
   at FluentAssertions.Execution.DefaultAssertionStrategy.HandleFailure(String message)
   at FluentAssertions.Execution.AssertionScope.AddPreFormattedFailure(String formattedFailureMessage)
   at FluentAssertions.Execution.AssertionChain.FailWith(Func`1 getFailureReason)
   at FluentAssertions.Execution.AssertionChain.FailWith(Func`1 getFailureReason)
   at FluentAssertions.Execution.AssertionChain.FailWith(String message, Object[] args)
   at FluentAssertions.Collections.GenericCollectionAssertions`3.HaveCount(Int32 expected, String because, Object[] becauseArgs)
   at WitchCityRope.Infrastructure.Tests.Data.WitchCityRopeDbContextTests.Should_Apply_Global_Query_Filters_If_Configured() in /home/chad/repos/witchcityrope-react/tests/WitchCityRope.Infrastructure.Tests/Data/WitchCityRopeDbContextTests.cs:line 152
--- End of stack trace from previous location ---</StackTrace>
        </ErrorInfo>
      </Output>
    </UnitTestResult>
    <UnitTestResult executionId="00c5dc57-d6f8-4345-8231-db1b0e36d009" testId="b3ced23f-cb6e-2a17-6541-3fac83d667d8" testName="WitchCityRope.Infrastructure.Tests.PayPal.PayPalServiceTests.CreatePaymentIntentAsync_Should_Handle_Exceptions" computerName="Unbutu-Ai-Chads-PC" duration="00:00:00.0016741" startTime="2025-09-12T14:37:36.5408373-04:00" endTime="2025-09-12T14:37:36.5418570-04:00" testType="13cdc9d9-ddb5-4fa4-a97d-d965ccfc6d4b" outcome="Passed" testListId="8c84fa94-04c1-424b-9868-57a2d4851a1d" relativeResultsDirectory="00c5dc57-d6f8-4345-8231-db1b0e36d009" />
    <UnitTestResult executionId="613ff0b8-9baf-4ceb-b58c-e7d42143439a" testId="ff4e921f-20b7-1709-b98d-0805a1ad4ff6" testName="WitchCityRope.Infrastructure.Tests.Data.MigrationTests.Model_Should_Match_Database_Schema" computerName="Unbutu-Ai-Chads-PC" duration="00:00:00.0316400" startTime="2025-09-12T14:37:39.7938372-04:00" endTime="2025-09-12T14:37:39.8248090-04:00" testType="13cdc9d9-ddb5-4fa4-a97d-d965ccfc6d4b" outcome="Failed" testListId="8c84fa94-04c1-424b-9868-57a2d4851a1d" relativeResultsDirectory="613ff0b8-9baf-4ceb-b58c-e7d42143439a">
      <Output>
        <ErrorInfo>
          <Message>Expected pendingModelChanges to be False because The model should match the database schema, but found True.</Message>
          <StackTrace>   at FluentAssertions.Execution.LateBoundTestFramework.Throw(String message)
   at FluentAssertions.Execution.DefaultAssertionStrategy.HandleFailure(String message)
   at FluentAssertions.Execution.AssertionScope.AddPreFormattedFailure(String formattedFailureMessage)
   at FluentAssertions.Execution.AssertionChain.FailWith(Func`1 getFailureReason)
   at FluentAssertions.Execution.AssertionChain.FailWith(Func`1 getFailureReason)
   at FluentAssertions.Execution.AssertionChain.FailWith(String message, Object[] args)
   at FluentAssertions.Primitives.BooleanAssertions`1.BeFalse(String because, Object[] becauseArgs)
   at WitchCityRope.Infrastructure.Tests.Data.MigrationTests.Model_Should_Match_Database_Schema() in /home/chad/repos/witchcityrope-react/tests/WitchCityRope.Infrastructure.Tests/Data/MigrationTests.cs:line 138
   at System.RuntimeMethodHandle.InvokeMethod(Object target, Void** arguments, Signature sig, Boolean isConstructor)
   at System.Reflection.MethodBaseInvoker.InvokeWithNoArgs(Object obj, BindingFlags invokeAttr)</StackTrace>
        </ErrorInfo>
      </Output>
    </UnitTestResult>
    <UnitTestResult executionId="bcf8b9f6-22f7-4430-a997-52fc62dabbfe" testId="ce3791cd-d401-3567-856e-b206412930a4" testName="WitchCityRope.Infrastructure.Tests.Data.EntityConfigurationTests.Money_ValueObject_Should_Be_Stored_Correctly" computerName="Unbutu-Ai-Chads-PC" duration="00:00:00.0369178" startTime="2025-09-12T14:37:37.8537012-04:00" endTime="2025-09-12T14:37:37.9300197-04:00" testType="13cdc9d9-ddb5-4fa4-a97d-d965ccfc6d4b" outcome="Failed" testListId="8c84fa94-04c1-424b-9868-57a2d4851a1d" relativeResultsDirectory="bcf8b9f6-22f7-4430-a997-52fc62dabbfe">
      <Output>
        <ErrorInfo>
          <Message>Microsoft.EntityFrameworkCore.DbUpdateException : An error occurred while saving the entity changes. See the inner exception for details.
---- Microsoft.Data.Sqlite.SqliteException : SQLite Error 19: 'NOT NULL constraint failed: Registrations.DietaryRestrictions'.</Message>
          <StackTrace>   at Microsoft.EntityFrameworkCore.Update.ReaderModificationCommandBatch.ExecuteAsync(IRelationalConnection connection, CancellationToken cancellationToken)
   at Microsoft.EntityFrameworkCore.Update.Internal.BatchExecutor.ExecuteAsync(IEnumerable`1 commandBatches, IRelationalConnection connection, CancellationToken cancellationToken)
   at Microsoft.EntityFrameworkCore.Update.Internal.BatchExecutor.ExecuteAsync(IEnumerable`1 commandBatches, IRelationalConnection connection, CancellationToken cancellationToken)
   at Microsoft.EntityFrameworkCore.Update.Internal.BatchExecutor.ExecuteAsync(IEnumerable`1 commandBatches, IRelationalConnection connection, CancellationToken cancellationToken)
   at Microsoft.EntityFrameworkCore.Storage.RelationalDatabase.SaveChangesAsync(IList`1 entries, CancellationToken cancellationToken)
   at Microsoft.EntityFrameworkCore.ChangeTracking.Internal.StateManager.SaveChangesAsync(IList`1 entriesToSave, CancellationToken cancellationToken)
   at Microsoft.EntityFrameworkCore.ChangeTracking.Internal.StateManager.SaveChangesAsync(StateManager stateManager, Boolean acceptAllChangesOnSuccess, CancellationToken cancellationToken)
   at Microsoft.EntityFrameworkCore.DbContext.SaveChangesAsync(Boolean acceptAllChangesOnSuccess, CancellationToken cancellationToken)
   at Microsoft.EntityFrameworkCore.DbContext.SaveChangesAsync(Boolean acceptAllChangesOnSuccess, CancellationToken cancellationToken)
   at WitchCityRope.Infrastructure.Data.WitchCityRopeDbContext.SaveChangesAsync(CancellationToken cancellationToken) in /home/chad/repos/witchcityrope-react/src/WitchCityRope.Infrastructure/Data/WitchCityRopeDbContext.cs:line 58
   at WitchCityRope.Infrastructure.Tests.Data.EntityConfigurationTests.Money_ValueObject_Should_Be_Stored_Correctly() in /home/chad/repos/witchcityrope-react/tests/WitchCityRope.Infrastructure.Tests/Data/EntityConfigurationTests.cs:line 234
--- End of stack trace from previous location ---
----- Inner Stack Trace -----
   at Microsoft.Data.Sqlite.SqliteException.ThrowExceptionForRC(Int32 rc, sqlite3 db)
   at Microsoft.Data.Sqlite.SqliteDataReader.NextResult()
   at Microsoft.Data.Sqlite.SqliteCommand.ExecuteReader(CommandBehavior behavior)
   at Microsoft.Data.Sqlite.SqliteCommand.ExecuteReaderAsync(CommandBehavior behavior, CancellationToken cancellationToken)
   at Microsoft.Data.Sqlite.SqliteCommand.ExecuteDbDataReaderAsync(CommandBehavior behavior, CancellationToken cancellationToken)
   at Microsoft.EntityFrameworkCore.Storage.RelationalCommand.ExecuteReaderAsync(RelationalCommandParameterObject parameterObject, CancellationToken cancellationToken)
   at Microsoft.EntityFrameworkCore.Storage.RelationalCommand.ExecuteReaderAsync(RelationalCommandParameterObject parameterObject, CancellationToken cancellationToken)
   at Microsoft.EntityFrameworkCore.Update.ReaderModificationCommandBatch.ExecuteAsync(IRelationalConnection connection, CancellationToken cancellationToken)</StackTrace>
        </ErrorInfo>
      </Output>
    </UnitTestResult>
    <UnitTestResult executionId="5fe708ef-5040-4487-adc5-51b0d833bf11" testId="6555fe8c-88a8-9430-9c04-a65f7276a0ba" testName="WitchCityRope.Infrastructure.Tests.Security.JwtTokenServiceTests.GenerateRefreshToken_Should_Create_Valid_Base64_String" computerName="Unbutu-Ai-Chads-PC" duration="00:00:00.0010000" startTime="2025-09-12T14:37:36.4436053-04:00" endTime="2025-09-12T14:37:36.4437114-04:00" testType="13cdc9d9-ddb5-4fa4-a97d-d965ccfc6d4b" outcome="Failed" testListId="8c84fa94-04c1-424b-9868-57a2d4851a1d" relativeResultsDirectory="5fe708ef-5040-4487-adc5-51b0d833bf11">
      <Output>
        <ErrorInfo>
          <Message>System.InvalidOperationException : JWT secret key not configured</Message>
          <StackTrace>   at WitchCityRope.Infrastructure.Security.JwtTokenService..ctor(IConfiguration configuration) in /home/chad/repos/witchcityrope-react/src/WitchCityRope.Infrastructure/Security/JwtTokenService.cs:line 33
   at WitchCityRope.Infrastructure.Tests.Security.JwtTokenServiceTests..ctor() in /home/chad/repos/witchcityrope-react/tests/WitchCityRope.Infrastructure.Tests/Security/JwtTokenServiceTests.cs:line 35
   at System.RuntimeType.CreateInstanceDefaultCtor(Boolean publicOnly, Boolean wrapExceptions)</StackTrace>
        </ErrorInfo>
      </Output>
    </UnitTestResult>
    <UnitTestResult executionId="2008dec1-f22e-4d5d-8096-527bd597a1b6" testId="646327bb-2edb-21ab-b78e-1f2eefc3c0b3" testName="WitchCityRope.Infrastructure.Tests.Email.EmailServiceTests.SendBulkEmailAsync_Should_Batch_Large_Recipient_Lists" computerName="Unbutu-Ai-Chads-PC" duration="00:00:00.0015575" startTime="2025-09-12T14:37:36.5487511-04:00" endTime="2025-09-12T14:37:36.5502433-04:00" testType="13cdc9d9-ddb5-4fa4-a97d-d965ccfc6d4b" outcome="Passed" testListId="8c84fa94-04c1-424b-9868-57a2d4851a1d" relativeResultsDirectory="2008dec1-f22e-4d5d-8096-527bd597a1b6" />
    <UnitTestResult executionId="8792ca23-9996-4444-a9ad-d33c48b670fc" testId="8dde58a5-7529-70d6-f415-cc7c8025de4a" testName="WitchCityRope.Infrastructure.Tests.Email.EmailServiceTests.SendRegistrationConfirmationAsync_Should_Use_Correct_Template" computerName="Unbutu-Ai-Chads-PC" duration="00:00:00.0032700" startTime="2025-09-12T14:37:36.5503442-04:00" endTime="2025-09-12T14:37:36.5537139-04:00" testType="13cdc9d9-ddb5-4fa4-a97d-d965ccfc6d4b" outcome="Failed" testListId="8c84fa94-04c1-424b-9868-57a2d4851a1d" relativeResultsDirectory="8792ca23-9996-4444-a9ad-d33c48b670fc">
      <Output>
        <ErrorInfo>
          <Message>Expected result to be True, but found False.</Message>
          <StackTrace>   at FluentAssertions.Execution.LateBoundTestFramework.Throw(String message)
   at FluentAssertions.Execution.DefaultAssertionStrategy.HandleFailure(String message)
   at FluentAssertions.Execution.AssertionScope.AddPreFormattedFailure(String formattedFailureMessage)
   at FluentAssertions.Execution.AssertionChain.FailWith(Func`1 getFailureReason)
   at FluentAssertions.Execution.AssertionChain.FailWith(Func`1 getFailureReason)
   at FluentAssertions.Execution.AssertionChain.FailWith(String message, Object[] args)
   at FluentAssertions.Primitives.BooleanAssertions`1.BeTrue(String because, Object[] becauseArgs)
   at WitchCityRope.Infrastructure.Tests.Email.EmailServiceTests.SendRegistrationConfirmationAsync_Should_Use_Correct_Template() in /home/chad/repos/witchcityrope-react/tests/WitchCityRope.Infrastructure.Tests/Email/EmailServiceTests.cs:line 292
--- End of stack trace from previous location ---</StackTrace>
        </ErrorInfo>
      </Output>
    </UnitTestResult>
    <UnitTestResult executionId="4f385516-8297-41d8-a2be-d4eb3ecae422" testId="3947765f-43ab-cae7-edae-7924657957aa" testName="WitchCityRope.Infrastructure.Tests.Data.MigrationTests.Should_Apply_All_Migrations_Successfully" computerName="Unbutu-Ai-Chads-PC" duration="00:00:00.1766296" startTime="2025-09-12T14:37:38.8117228-04:00" endTime="2025-09-12T14:37:38.9874822-04:00" testType="13cdc9d9-ddb5-4fa4-a97d-d965ccfc6d4b" outcome="Failed" testListId="8c84fa94-04c1-424b-9868-57a2d4851a1d" relativeResultsDirectory="4f385516-8297-41d8-a2be-d4eb3ecae422">
      <Output>
        <ErrorInfo>
          <Message>System.InvalidOperationException : An error was generated for warning 'Microsoft.EntityFrameworkCore.Migrations.PendingModelChangesWarning': The model for context 'WitchCityRopeDbContext' has pending changes. Add a new migration before updating the database. See https://aka.ms/efcore-docs-pending-changes. This exception can be suppressed or logged by passing event ID 'RelationalEventId.PendingModelChangesWarning' to the 'ConfigureWarnings' method in 'DbContext.OnConfiguring' or 'AddDbContext'.</Message>
          <StackTrace>   at Microsoft.EntityFrameworkCore.Diagnostics.EventDefinition`1.Log[TLoggerCategory](IDiagnosticsLogger`1 logger, TParam arg)
   at Microsoft.EntityFrameworkCore.Diagnostics.RelationalLoggerExtensions.PendingModelChangesWarning(IDiagnosticsLogger`1 diagnostics, Type contextType)
   at Microsoft.EntityFrameworkCore.Migrations.Internal.Migrator.ValidateMigrations(Boolean useTransaction, String targetMigration)
   at Microsoft.EntityFrameworkCore.Migrations.Internal.Migrator.MigrateAsync(String targetMigration, CancellationToken cancellationToken)
   at Npgsql.EntityFrameworkCore.PostgreSQL.Migrations.Internal.NpgsqlMigrator.MigrateAsync(String targetMigration, CancellationToken cancellationToken)
   at WitchCityRope.Infrastructure.Tests.Data.MigrationTests.Should_Apply_All_Migrations_Successfully() in /home/chad/repos/witchcityrope-react/tests/WitchCityRope.Infrastructure.Tests/Data/MigrationTests.cs:line 31
--- End of stack trace from previous location ---</StackTrace>
        </ErrorInfo>
      </Output>
    </UnitTestResult>
    <UnitTestResult executionId="0e0951da-12b2-4a65-9d8a-8efd2fd660ad" testId="7e276b69-25a2-1e91-d250-12381a8ea181" testName="WitchCityRope.Infrastructure.Tests.Data.ConcurrencyTests.Should_Handle_Deadlock_Scenario" computerName="Unbutu-Ai-Chads-PC" duration="00:00:00.2805189" startTime="2025-09-12T14:37:36.3888705-04:00" endTime="2025-09-12T14:37:37.5374180-04:00" testType="13cdc9d9-ddb5-4fa4-a97d-d965ccfc6d4b" outcome="Failed" testListId="8c84fa94-04c1-424b-9868-57a2d4851a1d" relativeResultsDirectory="0e0951da-12b2-4a65-9d8a-8efd2fd660ad">
      <Output>
        <ErrorInfo>
          <Message>System.InvalidOperationException : An error was generated for warning 'Microsoft.EntityFrameworkCore.Database.Transaction.TransactionIgnoredWarning': Transactions are not supported by the in-memory store. See https://go.microsoft.com/fwlink/?LinkId=800142 This exception can be suppressed or logged by passing event ID 'InMemoryEventId.TransactionIgnoredWarning' to the 'ConfigureWarnings' method in 'DbContext.OnConfiguring' or 'AddDbContext'.</Message>
          <StackTrace>   at Microsoft.EntityFrameworkCore.Diagnostics.EventDefinition.Log[TLoggerCategory](IDiagnosticsLogger`1 logger, Exception exception)
   at Microsoft.EntityFrameworkCore.InMemory.Internal.InMemoryLoggerExtensions.TransactionIgnoredWarning(IDiagnosticsLogger`1 diagnostics)
   at Microsoft.EntityFrameworkCore.InMemory.Storage.Internal.InMemoryTransactionManager.BeginTransactionAsync(CancellationToken cancellationToken)
   at Microsoft.EntityFrameworkCore.Infrastructure.DatabaseFacade.BeginTransactionAsync(CancellationToken cancellationToken)
   at WitchCityRope.Infrastructure.Tests.Data.ConcurrencyTests.&lt;&gt;c__DisplayClass5_0.&lt;&lt;Should_Handle_Deadlock_Scenario&gt;b__0&gt;d.MoveNext() in /home/chad/repos/witchcityrope-react/tests/WitchCityRope.Infrastructure.Tests/Data/ConcurrencyTests.cs:line 332
--- End of stack trace from previous location ---
   at WitchCityRope.Infrastructure.Tests.Data.ConcurrencyTests.Should_Handle_Deadlock_Scenario() in /home/chad/repos/witchcityrope-react/tests/WitchCityRope.Infrastructure.Tests/Data/ConcurrencyTests.cs:line 389
--- End of stack trace from previous location ---</StackTrace>
        </ErrorInfo>
      </Output>
    </UnitTestResult>
    <UnitTestResult executionId="2e3463ab-ea71-446e-a68e-cfb905755be9" testId="591200bf-8c10-cbe7-b292-ba438a5b1619" testName="WitchCityRope.Infrastructure.Tests.Data.EntityConfigurationTests.IncidentReport_Should_Support_Anonymous_Reports" computerName="Unbutu-Ai-Chads-PC" duration="00:00:00.0514600" startTime="2025-09-12T14:37:37.6384290-04:00" endTime="2025-09-12T14:37:37.7369995-04:00" testType="13cdc9d9-ddb5-4fa4-a97d-d965ccfc6d4b" outcome="Failed" testListId="8c84fa94-04c1-424b-9868-57a2d4851a1d" relativeResultsDirectory="2e3463ab-ea71-446e-a68e-cfb905755be9">
      <Output>
        <ErrorInfo>
          <Message>Microsoft.EntityFrameworkCore.DbUpdateException : An error occurred while saving the entity changes. See the inner exception for details.
---- Microsoft.Data.Sqlite.SqliteException : SQLite Error 19: 'NOT NULL constraint failed: IncidentReports.ResolutionNotes'.</Message>
          <StackTrace>   at Microsoft.EntityFrameworkCore.Update.ReaderModificationCommandBatch.ExecuteAsync(IRelationalConnection connection, CancellationToken cancellationToken)
   at Microsoft.EntityFrameworkCore.Update.Internal.BatchExecutor.ExecuteAsync(IEnumerable`1 commandBatches, IRelationalConnection connection, CancellationToken cancellationToken)
   at Microsoft.EntityFrameworkCore.Update.Internal.BatchExecutor.ExecuteAsync(IEnumerable`1 commandBatches, IRelationalConnection connection, CancellationToken cancellationToken)
   at Microsoft.EntityFrameworkCore.Update.Internal.BatchExecutor.ExecuteAsync(IEnumerable`1 commandBatches, IRelationalConnection connection, CancellationToken cancellationToken)
   at Microsoft.EntityFrameworkCore.Storage.RelationalDatabase.SaveChangesAsync(IList`1 entries, CancellationToken cancellationToken)
   at Microsoft.EntityFrameworkCore.ChangeTracking.Internal.StateManager.SaveChangesAsync(IList`1 entriesToSave, CancellationToken cancellationToken)
   at Microsoft.EntityFrameworkCore.ChangeTracking.Internal.StateManager.SaveChangesAsync(StateManager stateManager, Boolean acceptAllChangesOnSuccess, CancellationToken cancellationToken)
   at Microsoft.EntityFrameworkCore.DbContext.SaveChangesAsync(Boolean acceptAllChangesOnSuccess, CancellationToken cancellationToken)
   at Microsoft.EntityFrameworkCore.DbContext.SaveChangesAsync(Boolean acceptAllChangesOnSuccess, CancellationToken cancellationToken)
   at WitchCityRope.Infrastructure.Data.WitchCityRopeDbContext.SaveChangesAsync(CancellationToken cancellationToken) in /home/chad/repos/witchcityrope-react/src/WitchCityRope.Infrastructure/Data/WitchCityRopeDbContext.cs:line 58
   at WitchCityRope.Infrastructure.Tests.Data.EntityConfigurationTests.IncidentReport_Should_Support_Anonymous_Reports() in /home/chad/repos/witchcityrope-react/tests/WitchCityRope.Infrastructure.Tests/Data/EntityConfigurationTests.cs:line 187
--- End of stack trace from previous location ---
----- Inner Stack Trace -----
   at Microsoft.Data.Sqlite.SqliteException.ThrowExceptionForRC(Int32 rc, sqlite3 db)
   at Microsoft.Data.Sqlite.SqliteDataReader.NextResult()
   at Microsoft.Data.Sqlite.SqliteCommand.ExecuteReader(CommandBehavior behavior)
   at Microsoft.Data.Sqlite.SqliteCommand.ExecuteReaderAsync(CommandBehavior behavior, CancellationToken cancellationToken)
   at Microsoft.Data.Sqlite.SqliteCommand.ExecuteDbDataReaderAsync(CommandBehavior behavior, CancellationToken cancellationToken)
   at Microsoft.EntityFrameworkCore.Storage.RelationalCommand.ExecuteReaderAsync(RelationalCommandParameterObject parameterObject, CancellationToken cancellationToken)
   at Microsoft.EntityFrameworkCore.Storage.RelationalCommand.ExecuteReaderAsync(RelationalCommandParameterObject parameterObject, CancellationToken cancellationToken)
   at Microsoft.EntityFrameworkCore.Update.ReaderModificationCommandBatch.ExecuteAsync(IRelationalConnection connection, CancellationToken cancellationToken)</StackTrace>
        </ErrorInfo>
      </Output>
    </UnitTestResult>
    <UnitTestResult executionId="01c9a718-50a5-48b6-b59b-663440f268f4" testId="2e295478-e22d-9437-5e20-58c9801b1053" testName="WitchCityRope.Infrastructure.Tests.Data.EntityConfigurationTests.VettingApplication_User_Relationship_Should_Be_Configured_Correctly" computerName="Unbutu-Ai-Chads-PC" duration="00:00:00.0042029" startTime="2025-09-12T14:37:37.9323595-04:00" endTime="2025-09-12T14:37:37.9733889-04:00" testType="13cdc9d9-ddb5-4fa4-a97d-d965ccfc6d4b" outcome="Failed" testListId="8c84fa94-04c1-424b-9868-57a2d4851a1d" relativeResultsDirectory="01c9a718-50a5-48b6-b59b-663440f268f4">
      <Output>
        <ErrorInfo>
          <Message>Microsoft.EntityFrameworkCore.DbUpdateException : An error occurred while saving the entity changes. See the inner exception for details.
---- Microsoft.Data.Sqlite.SqliteException : SQLite Error 19: 'NOT NULL constraint failed: VettingApplications.ExperienceDescription'.</Message>
          <StackTrace>   at Microsoft.EntityFrameworkCore.Update.ReaderModificationCommandBatch.ExecuteAsync(IRelationalConnection connection, CancellationToken cancellationToken)
   at Microsoft.EntityFrameworkCore.Update.Internal.BatchExecutor.ExecuteAsync(IEnumerable`1 commandBatches, IRelationalConnection connection, CancellationToken cancellationToken)
   at Microsoft.EntityFrameworkCore.Update.Internal.BatchExecutor.ExecuteAsync(IEnumerable`1 commandBatches, IRelationalConnection connection, CancellationToken cancellationToken)
   at Microsoft.EntityFrameworkCore.Update.Internal.BatchExecutor.ExecuteAsync(IEnumerable`1 commandBatches, IRelationalConnection connection, CancellationToken cancellationToken)
   at Microsoft.EntityFrameworkCore.Storage.RelationalDatabase.SaveChangesAsync(IList`1 entries, CancellationToken cancellationToken)
   at Microsoft.EntityFrameworkCore.ChangeTracking.Internal.StateManager.SaveChangesAsync(IList`1 entriesToSave, CancellationToken cancellationToken)
   at Microsoft.EntityFrameworkCore.ChangeTracking.Internal.StateManager.SaveChangesAsync(StateManager stateManager, Boolean acceptAllChangesOnSuccess, CancellationToken cancellationToken)
   at Microsoft.EntityFrameworkCore.DbContext.SaveChangesAsync(Boolean acceptAllChangesOnSuccess, CancellationToken cancellationToken)
   at Microsoft.EntityFrameworkCore.DbContext.SaveChangesAsync(Boolean acceptAllChangesOnSuccess, CancellationToken cancellationToken)
   at WitchCityRope.Infrastructure.Data.WitchCityRopeDbContext.SaveChangesAsync(CancellationToken cancellationToken) in /home/chad/repos/witchcityrope-react/src/WitchCityRope.Infrastructure/Data/WitchCityRopeDbContext.cs:line 58
   at WitchCityRope.Infrastructure.Tests.Data.EntityConfigurationTests.VettingApplication_User_Relationship_Should_Be_Configured_Correctly() in /home/chad/repos/witchcityrope-react/tests/WitchCityRope.Infrastructure.Tests/Data/EntityConfigurationTests.cs:line 143
--- End of stack trace from previous location ---
----- Inner Stack Trace -----
   at Microsoft.Data.Sqlite.SqliteException.ThrowExceptionForRC(Int32 rc, sqlite3 db)
   at Microsoft.Data.Sqlite.SqliteDataReader.NextResult()
   at Microsoft.Data.Sqlite.SqliteCommand.ExecuteReader(CommandBehavior behavior)
   at Microsoft.Data.Sqlite.SqliteCommand.ExecuteReaderAsync(CommandBehavior behavior, CancellationToken cancellationToken)
   at Microsoft.Data.Sqlite.SqliteCommand.ExecuteDbDataReaderAsync(CommandBehavior behavior, CancellationToken cancellationToken)
   at Microsoft.EntityFrameworkCore.Storage.RelationalCommand.ExecuteReaderAsync(RelationalCommandParameterObject parameterObject, CancellationToken cancellationToken)
   at Microsoft.EntityFrameworkCore.Storage.RelationalCommand.ExecuteReaderAsync(RelationalCommandParameterObject parameterObject, CancellationToken cancellationToken)
   at Microsoft.EntityFrameworkCore.Update.ReaderModificationCommandBatch.ExecuteAsync(IRelationalConnection connection, CancellationToken cancellationToken)</StackTrace>
        </ErrorInfo>
      </Output>
    </UnitTestResult>
    <UnitTestResult executionId="b496ba28-861f-48ec-8118-619b2160b83f" testId="0c01b91e-1f31-c944-fe79-657241846334" testName="WitchCityRope.Infrastructure.Tests.Data.MigrationTests.Should_Create_Correct_Foreign_Keys" computerName="Unbutu-Ai-Chads-PC" duration="00:00:00.6315282" startTime="2025-09-12T14:37:38.1787848-04:00" endTime="2025-09-12T14:37:38.8102916-04:00" testType="13cdc9d9-ddb5-4fa4-a97d-d965ccfc6d4b" outcome="Failed" testListId="8c84fa94-04c1-424b-9868-57a2d4851a1d" relativeResultsDirectory="b496ba28-861f-48ec-8118-619b2160b83f">
      <Output>
        <ErrorInfo>
          <Message>System.InvalidOperationException : An error was generated for warning 'Microsoft.EntityFrameworkCore.Migrations.PendingModelChangesWarning': The model for context 'WitchCityRopeDbContext' has pending changes. Add a new migration before updating the database. See https://aka.ms/efcore-docs-pending-changes. This exception can be suppressed or logged by passing event ID 'RelationalEventId.PendingModelChangesWarning' to the 'ConfigureWarnings' method in 'DbContext.OnConfiguring' or 'AddDbContext'.</Message>
          <StackTrace>   at Microsoft.EntityFrameworkCore.Diagnostics.EventDefinition`1.Log[TLoggerCategory](IDiagnosticsLogger`1 logger, TParam arg)
   at Microsoft.EntityFrameworkCore.Diagnostics.RelationalLoggerExtensions.PendingModelChangesWarning(IDiagnosticsLogger`1 diagnostics, Type contextType)
   at Microsoft.EntityFrameworkCore.Migrations.Internal.Migrator.ValidateMigrations(Boolean useTransaction, String targetMigration)
   at Microsoft.EntityFrameworkCore.Migrations.Internal.Migrator.MigrateAsync(String targetMigration, CancellationToken cancellationToken)
   at Npgsql.EntityFrameworkCore.PostgreSQL.Migrations.Internal.NpgsqlMigrator.MigrateAsync(String targetMigration, CancellationToken cancellationToken)
   at WitchCityRope.Infrastructure.Tests.Data.MigrationTests.Should_Create_Correct_Foreign_Keys() in /home/chad/repos/witchcityrope-react/tests/WitchCityRope.Infrastructure.Tests/Data/MigrationTests.cs:line 110
--- End of stack trace from previous location ---</StackTrace>
        </ErrorInfo>
      </Output>
    </UnitTestResult>
    <UnitTestResult executionId="30f1b150-a711-4a17-b2ef-9ece39819e0f" testId="5b0a3d64-a64f-8568-d161-26c211e26ebb" testName="WitchCityRope.Infrastructure.Tests.Data.ConcurrencyTests.Should_Handle_Concurrent_Event_Registration" computerName="Unbutu-Ai-Chads-PC" duration="00:00:00.0354729" startTime="2025-09-12T14:37:38.0171661-04:00" endTime="2025-09-12T14:37:38.1031424-04:00" testType="13cdc9d9-ddb5-4fa4-a97d-d965ccfc6d4b" outcome="Failed" testListId="8c84fa94-04c1-424b-9868-57a2d4851a1d" relativeResultsDirectory="30f1b150-a711-4a17-b2ef-9ece39819e0f">
      <Output>
        <ErrorInfo>
          <Message>System.InvalidOperationException : Sequence contains no elements</Message>
          <StackTrace>   at System.Linq.ThrowHelper.ThrowNoElementsException()
   at lambda_method2598(Closure)
   at Microsoft.EntityFrameworkCore.InMemory.Query.Internal.InMemoryQueryExpression.ResultEnumerable.GetEnumerator()
   at Microsoft.EntityFrameworkCore.InMemory.Query.Internal.InMemoryShapedQueryCompilingExpressionVisitor.QueryingEnumerable`1.Enumerator.MoveNextHelper()
   at Microsoft.EntityFrameworkCore.InMemory.Query.Internal.InMemoryShapedQueryCompilingExpressionVisitor.QueryingEnumerable`1.Enumerator.MoveNextAsync()
   at Microsoft.EntityFrameworkCore.Query.ShapedQueryCompilingExpressionVisitor.SingleAsync[TSource](IAsyncEnumerable`1 asyncEnumerable, CancellationToken cancellationToken)
   at Microsoft.EntityFrameworkCore.Query.ShapedQueryCompilingExpressionVisitor.SingleAsync[TSource](IAsyncEnumerable`1 asyncEnumerable, CancellationToken cancellationToken)
   at WitchCityRope.Infrastructure.Tests.Data.ConcurrencyTests.&lt;&gt;c__DisplayClass1_1.&lt;&lt;Should_Handle_Concurrent_Event_Registration&gt;b__1&gt;d.MoveNext() in /home/chad/repos/witchcityrope-react/tests/WitchCityRope.Infrastructure.Tests/Data/ConcurrencyTests.cs:line 72
--- End of stack trace from previous location ---
   at WitchCityRope.Infrastructure.Tests.Data.ConcurrencyTests.Should_Handle_Concurrent_Event_Registration() in /home/chad/repos/witchcityrope-react/tests/WitchCityRope.Infrastructure.Tests/Data/ConcurrencyTests.cs:line 107
--- End of stack trace from previous location ---</StackTrace>
        </ErrorInfo>
      </Output>
    </UnitTestResult>
    <UnitTestResult executionId="0f25472b-5431-4df9-8e48-28b6005d0353" testId="1ae5ff30-1a08-cfcb-e755-65a04829e2b4" testName="WitchCityRope.Infrastructure.Tests.Email.EmailServiceTests.SendCancellationConfirmationAsync_Should_Include_Refund_When_Provided" computerName="Unbutu-Ai-Chads-PC" duration="00:00:00.0415914" startTime="2025-09-12T14:37:36.4912144-04:00" endTime="2025-09-12T14:37:36.5330542-04:00" testType="13cdc9d9-ddb5-4fa4-a97d-d965ccfc6d4b" outcome="Failed" testListId="8c84fa94-04c1-424b-9868-57a2d4851a1d" relativeResultsDirectory="0f25472b-5431-4df9-8e48-28b6005d0353">
      <Output>
        <ErrorInfo>
          <Message>Expected result to be True, but found False.</Message>
          <StackTrace>   at FluentAssertions.Execution.LateBoundTestFramework.Throw(String message)
   at FluentAssertions.Execution.DefaultAssertionStrategy.HandleFailure(String message)
   at FluentAssertions.Execution.AssertionScope.AddPreFormattedFailure(String formattedFailureMessage)
   at FluentAssertions.Execution.AssertionChain.FailWith(Func`1 getFailureReason)
   at FluentAssertions.Execution.AssertionChain.FailWith(Func`1 getFailureReason)
   at FluentAssertions.Execution.AssertionChain.FailWith(String message, Object[] args)
   at FluentAssertions.Primitives.BooleanAssertions`1.BeTrue(String because, Object[] becauseArgs)
   at WitchCityRope.Infrastructure.Tests.Email.EmailServiceTests.SendCancellationConfirmationAsync_Should_Include_Refund_When_Provided() in /home/chad/repos/witchcityrope-react/tests/WitchCityRope.Infrastructure.Tests/Email/EmailServiceTests.cs:line 318
--- End of stack trace from previous location ---</StackTrace>
        </ErrorInfo>
      </Output>
    </UnitTestResult>
    <UnitTestResult executionId="9ec0ba09-ae17-4c2b-9ae8-3094dcdc8d7e" testId="e21df2cf-ba0a-8810-7404-ab38bf078339" testName="WitchCityRope.Infrastructure.Tests.Security.JwtTokenServiceTests.GetUserIdFromToken_Should_Return_UserId_For_Valid_Token" computerName="Unbutu-Ai-Chads-PC" duration="00:00:00.0010000" startTime="2025-09-12T14:37:36.4457535-04:00" endTime="2025-09-12T14:37:36.4458070-04:00" testType="13cdc9d9-ddb5-4fa4-a97d-d965ccfc6d4b" outcome="Failed" testListId="8c84fa94-04c1-424b-9868-57a2d4851a1d" relativeResultsDirectory="9ec0ba09-ae17-4c2b-9ae8-3094dcdc8d7e">
      <Output>
        <ErrorInfo>
          <Message>System.InvalidOperationException : JWT secret key not configured</Message>
          <StackTrace>   at WitchCityRope.Infrastructure.Security.JwtTokenService..ctor(IConfiguration configuration) in /home/chad/repos/witchcityrope-react/src/WitchCityRope.Infrastructure/Security/JwtTokenService.cs:line 33
   at WitchCityRope.Infrastructure.Tests.Security.JwtTokenServiceTests..ctor() in /home/chad/repos/witchcityrope-react/tests/WitchCityRope.Infrastructure.Tests/Security/JwtTokenServiceTests.cs:line 35
   at System.RuntimeType.CreateInstanceDefaultCtor(Boolean publicOnly, Boolean wrapExceptions)</StackTrace>
        </ErrorInfo>
      </Output>
    </UnitTestResult>
    <UnitTestResult executionId="dff2c5d2-4e41-4cd3-80c6-a83dc8efea95" testId="a4c6dfe2-8692-442a-7687-11fe74a57291" testName="WitchCityRope.Infrastructure.Tests.PayPal.PayPalServiceTests.GetPaymentStatusAsync_Should_Return_Failed_On_Exception" computerName="Unbutu-Ai-Chads-PC" duration="00:00:00.0031233" startTime="2025-09-12T14:37:36.5379955-04:00" endTime="2025-09-12T14:37:36.5401602-04:00" testType="13cdc9d9-ddb5-4fa4-a97d-d965ccfc6d4b" outcome="Failed" testListId="8c84fa94-04c1-424b-9868-57a2d4851a1d" relativeResultsDirectory="dff2c5d2-4e41-4cd3-80c6-a83dc8efea95">
      <Output>
        <ErrorInfo>
          <Message>Expected status to be PaymentStatus.Failed {value: 3}, but found PaymentStatus.Pending {value: 1}.</Message>
          <StackTrace>   at FluentAssertions.Execution.LateBoundTestFramework.Throw(String message)
   at FluentAssertions.Execution.DefaultAssertionStrategy.HandleFailure(String message)
   at FluentAssertions.Execution.AssertionScope.AddPreFormattedFailure(String formattedFailureMessage)
   at FluentAssertions.Execution.AssertionChain.FailWith(Func`1 getFailureReason)
   at FluentAssertions.Execution.AssertionChain.FailWith(Func`1 getFailureReason)
   at FluentAssertions.Execution.AssertionChain.FailWith(String message, Object[] args)
   at FluentAssertions.Primitives.EnumAssertions`2.Be(TEnum expected, String because, Object[] becauseArgs)
   at WitchCityRope.Infrastructure.Tests.PayPal.PayPalServiceTests.GetPaymentStatusAsync_Should_Return_Failed_On_Exception() in /home/chad/repos/witchcityrope-react/tests/WitchCityRope.Infrastructure.Tests/PayPal/PayPalServiceTests.cs:line 273
--- End of stack trace from previous location ---</StackTrace>
        </ErrorInfo>
      </Output>
    </UnitTestResult>
    <UnitTestResult executionId="1d13f963-5c9e-4c39-ac8c-709092986e3f" testId="c6348b7e-7455-a038-0d62-d669b4fb234b" testName="WitchCityRope.Infrastructure.Tests.Security.EncryptionServiceTests.Constructor_Should_Throw_When_Configuration_Is_Null" computerName="Unbutu-Ai-Chads-PC" duration="00:00:00.0009876" startTime="2025-09-12T14:37:36.4556518-04:00" endTime="2025-09-12T14:37:36.4557196-04:00" testType="13cdc9d9-ddb5-4fa4-a97d-d965ccfc6d4b" outcome="Passed" testListId="8c84fa94-04c1-424b-9868-57a2d4851a1d" relativeResultsDirectory="1d13f963-5c9e-4c39-ac8c-709092986e3f" />
    <UnitTestResult executionId="13a6faa8-4502-4579-9214-497313e7d22c" testId="10d1fa48-3361-6849-5e5d-c459122ca60e" testName="WitchCityRope.Infrastructure.Tests.PayPal.PayPalServiceTests.ProcessRefundAsync_Should_Handle_Exceptions" computerName="Unbutu-Ai-Chads-PC" duration="00:00:00.0010611" startTime="2025-09-12T14:37:36.5348776-04:00" endTime="2025-09-12T14:37:36.5360939-04:00" testType="13cdc9d9-ddb5-4fa4-a97d-d965ccfc6d4b" outcome="Failed" testListId="8c84fa94-04c1-424b-9868-57a2d4851a1d" relativeResultsDirectory="13a6faa8-4502-4579-9214-497313e7d22c">
      <Output>
        <ErrorInfo>
          <Message>System.NullReferenceException : Object reference not set to an instance of an object.</Message>
          <StackTrace>   at WitchCityRope.Infrastructure.PayPal.PayPalService.ProcessRefundAsync(Payment payment, Money refundAmount, String reason) in /home/chad/repos/witchcityrope-react/src/WitchCityRope.Infrastructure/PayPal/PayPalService.cs:line 115
   at WitchCityRope.Infrastructure.Tests.PayPal.PayPalServiceTests.ProcessRefundAsync_Should_Handle_Exceptions() in /home/chad/repos/witchcityrope-react/tests/WitchCityRope.Infrastructure.Tests/PayPal/PayPalServiceTests.cs:line 164
--- End of stack trace from previous location ---</StackTrace>
        </ErrorInfo>
      </Output>
    </UnitTestResult>
    <UnitTestResult executionId="e98d2386-2510-4e31-8ba6-47eefcc0163d" testId="ce5d819c-5ce5-57c8-bafb-b7d7723680d9" testName="WitchCityRope.Infrastructure.Tests.Data.ComplexQueryTests.Should_Handle_Complex_Filtering_And_Sorting" computerName="Unbutu-Ai-Chads-PC" duration="00:00:00.0010000" startTime="2025-09-12T14:37:38.3587685-04:00" endTime="2025-09-12T14:37:38.4781209-04:00" testType="13cdc9d9-ddb5-4fa4-a97d-d965ccfc6d4b" outcome="Failed" testListId="8c84fa94-04c1-424b-9868-57a2d4851a1d" relativeResultsDirectory="e98d2386-2510-4e31-8ba6-47eefcc0163d">
      <Output>
        <ErrorInfo>
          <Message>Microsoft.EntityFrameworkCore.DbUpdateException : An error occurred while saving the entity changes. See the inner exception for details.
---- Microsoft.Data.Sqlite.SqliteException : SQLite Error 19: 'NOT NULL constraint failed: Registrations.DietaryRestrictions'.</Message>
          <StackTrace>   at Microsoft.EntityFrameworkCore.Update.ReaderModificationCommandBatch.ExecuteAsync(IRelationalConnection connection, CancellationToken cancellationToken)
   at Microsoft.EntityFrameworkCore.Update.Internal.BatchExecutor.ExecuteAsync(IEnumerable`1 commandBatches, IRelationalConnection connection, CancellationToken cancellationToken)
   at Microsoft.EntityFrameworkCore.Update.Internal.BatchExecutor.ExecuteAsync(IEnumerable`1 commandBatches, IRelationalConnection connection, CancellationToken cancellationToken)
   at Microsoft.EntityFrameworkCore.Update.Internal.BatchExecutor.ExecuteAsync(IEnumerable`1 commandBatches, IRelationalConnection connection, CancellationToken cancellationToken)
   at Microsoft.EntityFrameworkCore.Storage.RelationalDatabase.SaveChangesAsync(IList`1 entries, CancellationToken cancellationToken)
   at Microsoft.EntityFrameworkCore.ChangeTracking.Internal.StateManager.SaveChangesAsync(IList`1 entriesToSave, CancellationToken cancellationToken)
   at Microsoft.EntityFrameworkCore.ChangeTracking.Internal.StateManager.SaveChangesAsync(StateManager stateManager, Boolean acceptAllChangesOnSuccess, CancellationToken cancellationToken)
   at Microsoft.EntityFrameworkCore.DbContext.SaveChangesAsync(Boolean acceptAllChangesOnSuccess, CancellationToken cancellationToken)
   at Microsoft.EntityFrameworkCore.DbContext.SaveChangesAsync(Boolean acceptAllChangesOnSuccess, CancellationToken cancellationToken)
   at WitchCityRope.Infrastructure.Data.WitchCityRopeDbContext.SaveChangesAsync(CancellationToken cancellationToken) in /home/chad/repos/witchcityrope-react/src/WitchCityRope.Infrastructure/Data/WitchCityRopeDbContext.cs:line 58
   at WitchCityRope.Infrastructure.Tests.Data.ComplexQueryTests.SeedDataAsync() in /home/chad/repos/witchcityrope-react/tests/WitchCityRope.Infrastructure.Tests/Data/ComplexQueryTests.cs:line 63
   at WitchCityRope.Infrastructure.Tests.Fixtures.IntegrationTestBase.InitializeAsync() in /home/chad/repos/witchcityrope-react/tests/WitchCityRope.Infrastructure.Tests/Fixtures/IntegrationTestBase.cs:line 41
----- Inner Stack Trace -----
   at Microsoft.Data.Sqlite.SqliteException.ThrowExceptionForRC(Int32 rc, sqlite3 db)
   at Microsoft.Data.Sqlite.SqliteDataReader.NextResult()
   at Microsoft.Data.Sqlite.SqliteCommand.ExecuteReader(CommandBehavior behavior)
   at Microsoft.Data.Sqlite.SqliteCommand.ExecuteReaderAsync(CommandBehavior behavior, CancellationToken cancellationToken)
   at Microsoft.Data.Sqlite.SqliteCommand.ExecuteDbDataReaderAsync(CommandBehavior behavior, CancellationToken cancellationToken)
   at Microsoft.EntityFrameworkCore.Storage.RelationalCommand.ExecuteReaderAsync(RelationalCommandParameterObject parameterObject, CancellationToken cancellationToken)
   at Microsoft.EntityFrameworkCore.Storage.RelationalCommand.ExecuteReaderAsync(RelationalCommandParameterObject parameterObject, CancellationToken cancellationToken)
   at Microsoft.EntityFrameworkCore.Update.ReaderModificationCommandBatch.ExecuteAsync(IRelationalConnection connection, CancellationToken cancellationToken)</StackTrace>
        </ErrorInfo>
      </Output>
    </UnitTestResult>
    <UnitTestResult executionId="08801e12-7470-41c1-88a4-b769f65e412e" testId="c6f8c170-4767-1292-4e2d-1c9d883e8f1e" testName="WitchCityRope.Infrastructure.Tests.Email.EmailServiceTests.SendTemplateEmailAsync_Should_Send_With_Template_Id" computerName="Unbutu-Ai-Chads-PC" duration="00:00:00.0017298" startTime="2025-09-12T14:37:36.5417431-04:00" endTime="2025-09-12T14:37:36.5421513-04:00" testType="13cdc9d9-ddb5-4fa4-a97d-d965ccfc6d4b" outcome="Failed" testListId="8c84fa94-04c1-424b-9868-57a2d4851a1d" relativeResultsDirectory="08801e12-7470-41c1-88a4-b769f65e412e">
      <Output>
        <ErrorInfo>
          <Message>Expected result to be True, but found False.</Message>
          <StackTrace>   at FluentAssertions.Execution.LateBoundTestFramework.Throw(String message)
   at FluentAssertions.Execution.DefaultAssertionStrategy.HandleFailure(String message)
   at FluentAssertions.Execution.AssertionScope.AddPreFormattedFailure(String formattedFailureMessage)
   at FluentAssertions.Execution.AssertionChain.FailWith(Func`1 getFailureReason)
   at FluentAssertions.Execution.AssertionChain.FailWith(Func`1 getFailureReason)
   at FluentAssertions.Execution.AssertionChain.FailWith(String message, Object[] args)
   at FluentAssertions.Primitives.BooleanAssertions`1.BeTrue(String because, Object[] becauseArgs)
   at WitchCityRope.Infrastructure.Tests.Email.EmailServiceTests.SendTemplateEmailAsync_Should_Send_With_Template_Id() in /home/chad/repos/witchcityrope-react/tests/WitchCityRope.Infrastructure.Tests/Email/EmailServiceTests.cs:line 253
--- End of stack trace from previous location ---</StackTrace>
        </ErrorInfo>
      </Output>
    </UnitTestResult>
    <UnitTestResult executionId="cef83a27-354f-4e32-abec-339b1fbef0b2" testId="d421b930-d649-aa53-9320-f0c3bc7b7be4" testName="WitchCityRope.Infrastructure.Tests.Security.JwtTokenServiceTests.ValidateToken_Should_Return_Null_For_Wrong_Secret" computerName="Unbutu-Ai-Chads-PC" duration="00:00:00.0010000" startTime="2025-09-12T14:37:36.4507763-04:00" endTime="2025-09-12T14:37:36.4508255-04:00" testType="13cdc9d9-ddb5-4fa4-a97d-d965ccfc6d4b" outcome="Failed" testListId="8c84fa94-04c1-424b-9868-57a2d4851a1d" relativeResultsDirectory="cef83a27-354f-4e32-abec-339b1fbef0b2">
      <Output>
        <ErrorInfo>
          <Message>System.InvalidOperationException : JWT secret key not configured</Message>
          <StackTrace>   at WitchCityRope.Infrastructure.Security.JwtTokenService..ctor(IConfiguration configuration) in /home/chad/repos/witchcityrope-react/src/WitchCityRope.Infrastructure/Security/JwtTokenService.cs:line 33
   at WitchCityRope.Infrastructure.Tests.Security.JwtTokenServiceTests..ctor() in /home/chad/repos/witchcityrope-react/tests/WitchCityRope.Infrastructure.Tests/Security/JwtTokenServiceTests.cs:line 35
   at System.RuntimeType.CreateInstanceDefaultCtor(Boolean publicOnly, Boolean wrapExceptions)</StackTrace>
        </ErrorInfo>
      </Output>
    </UnitTestResult>
    <UnitTestResult executionId="eabc4768-6984-48b5-9112-5f6bd547697b" testId="201d5940-7e4c-301c-43c7-cd72598ac0d0" testName="WitchCityRope.Infrastructure.Tests.Data.MigrationTests.Should_Have_Correct_Schema_After_Migration" computerName="Unbutu-Ai-Chads-PC" duration="00:00:00.2403813" startTime="2025-09-12T14:37:39.1882821-04:00" endTime="2025-09-12T14:37:39.4287648-04:00" testType="13cdc9d9-ddb5-4fa4-a97d-d965ccfc6d4b" outcome="Failed" testListId="8c84fa94-04c1-424b-9868-57a2d4851a1d" relativeResultsDirectory="eabc4768-6984-48b5-9112-5f6bd547697b">
      <Output>
        <ErrorInfo>
          <Message>System.InvalidOperationException : An error was generated for warning 'Microsoft.EntityFrameworkCore.Migrations.PendingModelChangesWarning': The model for context 'WitchCityRopeDbContext' has pending changes. Add a new migration before updating the database. See https://aka.ms/efcore-docs-pending-changes. This exception can be suppressed or logged by passing event ID 'RelationalEventId.PendingModelChangesWarning' to the 'ConfigureWarnings' method in 'DbContext.OnConfiguring' or 'AddDbContext'.</Message>
          <StackTrace>   at Microsoft.EntityFrameworkCore.Diagnostics.EventDefinition`1.Log[TLoggerCategory](IDiagnosticsLogger`1 logger, TParam arg)
   at Microsoft.EntityFrameworkCore.Diagnostics.RelationalLoggerExtensions.PendingModelChangesWarning(IDiagnosticsLogger`1 diagnostics, Type contextType)
   at Microsoft.EntityFrameworkCore.Migrations.Internal.Migrator.ValidateMigrations(Boolean useTransaction, String targetMigration)
   at Microsoft.EntityFrameworkCore.Migrations.Internal.Migrator.MigrateAsync(String targetMigration, CancellationToken cancellationToken)
   at Npgsql.EntityFrameworkCore.PostgreSQL.Migrations.Internal.NpgsqlMigrator.MigrateAsync(String targetMigration, CancellationToken cancellationToken)
   at WitchCityRope.Infrastructure.Tests.Data.MigrationTests.Should_Have_Correct_Schema_After_Migration() in /home/chad/repos/witchcityrope-react/tests/WitchCityRope.Infrastructure.Tests/Data/MigrationTests.cs:line 65
--- End of stack trace from previous location ---</StackTrace>
        </ErrorInfo>
      </Output>
    </UnitTestResult>
    <UnitTestResult executionId="11eee1ce-e68c-4a2b-be81-9b071bac713b" testId="62b65325-048b-ed3a-aab7-f63a342cc22e" testName="WitchCityRope.Infrastructure.Tests.Data.ConcurrencyTests.Should_Handle_Concurrent_Vetting_Application_Reviews" computerName="Unbutu-Ai-Chads-PC" duration="00:00:00.0333201" startTime="2025-09-12T14:37:37.9012221-04:00" endTime="2025-09-12T14:37:37.9698631-04:00" testType="13cdc9d9-ddb5-4fa4-a97d-d965ccfc6d4b" outcome="Failed" testListId="8c84fa94-04c1-424b-9868-57a2d4851a1d" relativeResultsDirectory="11eee1ce-e68c-4a2b-be81-9b071bac713b">
      <Output>
        <ErrorInfo>
          <Message>Microsoft.EntityFrameworkCore.DbUpdateException : An error occurred while saving the entity changes. See the inner exception for details.
---- Microsoft.Data.Sqlite.SqliteException : SQLite Error 19: 'NOT NULL constraint failed: VettingApplications.ExperienceDescription'.</Message>
          <StackTrace>   at Microsoft.EntityFrameworkCore.Update.ReaderModificationCommandBatch.ExecuteAsync(IRelationalConnection connection, CancellationToken cancellationToken)
   at Microsoft.EntityFrameworkCore.Update.Internal.BatchExecutor.ExecuteAsync(IEnumerable`1 commandBatches, IRelationalConnection connection, CancellationToken cancellationToken)
   at Microsoft.EntityFrameworkCore.Update.Internal.BatchExecutor.ExecuteAsync(IEnumerable`1 commandBatches, IRelationalConnection connection, CancellationToken cancellationToken)
   at Microsoft.EntityFrameworkCore.Update.Internal.BatchExecutor.ExecuteAsync(IEnumerable`1 commandBatches, IRelationalConnection connection, CancellationToken cancellationToken)
   at Microsoft.EntityFrameworkCore.Storage.RelationalDatabase.SaveChangesAsync(IList`1 entries, CancellationToken cancellationToken)
   at Microsoft.EntityFrameworkCore.ChangeTracking.Internal.StateManager.SaveChangesAsync(IList`1 entriesToSave, CancellationToken cancellationToken)
   at Microsoft.EntityFrameworkCore.ChangeTracking.Internal.StateManager.SaveChangesAsync(StateManager stateManager, Boolean acceptAllChangesOnSuccess, CancellationToken cancellationToken)
   at Microsoft.EntityFrameworkCore.DbContext.SaveChangesAsync(Boolean acceptAllChangesOnSuccess, CancellationToken cancellationToken)
   at Microsoft.EntityFrameworkCore.DbContext.SaveChangesAsync(Boolean acceptAllChangesOnSuccess, CancellationToken cancellationToken)
   at WitchCityRope.Infrastructure.Data.WitchCityRopeDbContext.SaveChangesAsync(CancellationToken cancellationToken) in /home/chad/repos/witchcityrope-react/src/WitchCityRope.Infrastructure/Data/WitchCityRopeDbContext.cs:line 58
   at WitchCityRope.Infrastructure.Tests.Data.ConcurrencyTests.Should_Handle_Concurrent_Vetting_Application_Reviews() in /home/chad/repos/witchcityrope-react/tests/WitchCityRope.Infrastructure.Tests/Data/ConcurrencyTests.cs:line 195
--- End of stack trace from previous location ---
----- Inner Stack Trace -----
   at Microsoft.Data.Sqlite.SqliteException.ThrowExceptionForRC(Int32 rc, sqlite3 db)
   at Microsoft.Data.Sqlite.SqliteDataReader.NextResult()
   at Microsoft.Data.Sqlite.SqliteCommand.ExecuteReader(CommandBehavior behavior)
   at Microsoft.Data.Sqlite.SqliteCommand.ExecuteReaderAsync(CommandBehavior behavior, CancellationToken cancellationToken)
   at Microsoft.Data.Sqlite.SqliteCommand.ExecuteDbDataReaderAsync(CommandBehavior behavior, CancellationToken cancellationToken)
   at Microsoft.EntityFrameworkCore.Storage.RelationalCommand.ExecuteReaderAsync(RelationalCommandParameterObject parameterObject, CancellationToken cancellationToken)
   at Microsoft.EntityFrameworkCore.Storage.RelationalCommand.ExecuteReaderAsync(RelationalCommandParameterObject parameterObject, CancellationToken cancellationToken)
   at Microsoft.EntityFrameworkCore.Update.ReaderModificationCommandBatch.ExecuteAsync(IRelationalConnection connection, CancellationToken cancellationToken)</StackTrace>
        </ErrorInfo>
      </Output>
    </UnitTestResult>
    <UnitTestResult executionId="860cc136-93a2-40ac-9044-9d090f051457" testId="12ee414a-a43e-5473-78ad-46199e88b6c7" testName="WitchCityRope.Infrastructure.Tests.Security.JwtTokenServiceTests.Constructor_Should_Throw_When_SecretKey_Is_Missing" computerName="Unbutu-Ai-Chads-PC" duration="00:00:00.0010000" startTime="2025-09-12T14:37:36.4460845-04:00" endTime="2025-09-12T14:37:36.4461529-04:00" testType="13cdc9d9-ddb5-4fa4-a97d-d965ccfc6d4b" outcome="Failed" testListId="8c84fa94-04c1-424b-9868-57a2d4851a1d" relativeResultsDirectory="860cc136-93a2-40ac-9044-9d090f051457">
      <Output>
        <ErrorInfo>
          <Message>System.InvalidOperationException : JWT secret key not configured</Message>
          <StackTrace>   at WitchCityRope.Infrastructure.Security.JwtTokenService..ctor(IConfiguration configuration) in /home/chad/repos/witchcityrope-react/src/WitchCityRope.Infrastructure/Security/JwtTokenService.cs:line 33
   at WitchCityRope.Infrastructure.Tests.Security.JwtTokenServiceTests..ctor() in /home/chad/repos/witchcityrope-react/tests/WitchCityRope.Infrastructure.Tests/Security/JwtTokenServiceTests.cs:line 35
   at System.RuntimeType.CreateInstanceDefaultCtor(Boolean publicOnly, Boolean wrapExceptions)</StackTrace>
        </ErrorInfo>
      </Output>
    </UnitTestResult>
    <UnitTestResult executionId="c3bbf824-4925-430f-9da8-0052b7eca78b" testId="392c6d3e-7870-0e59-cda0-066a33da3da1" testName="WitchCityRope.Infrastructure.Tests.Security.JwtTokenServiceTests.ValidateToken_Should_Return_Null_For_Expired_Token" computerName="Unbutu-Ai-Chads-PC" duration="00:00:00.0010000" startTime="2025-09-12T14:37:36.4418798-04:00" endTime="2025-09-12T14:37:36.4420193-04:00" testType="13cdc9d9-ddb5-4fa4-a97d-d965ccfc6d4b" outcome="Failed" testListId="8c84fa94-04c1-424b-9868-57a2d4851a1d" relativeResultsDirectory="c3bbf824-4925-430f-9da8-0052b7eca78b">
      <Output>
        <ErrorInfo>
          <Message>System.InvalidOperationException : JWT secret key not configured</Message>
          <StackTrace>   at WitchCityRope.Infrastructure.Security.JwtTokenService..ctor(IConfiguration configuration) in /home/chad/repos/witchcityrope-react/src/WitchCityRope.Infrastructure/Security/JwtTokenService.cs:line 33
   at WitchCityRope.Infrastructure.Tests.Security.JwtTokenServiceTests..ctor() in /home/chad/repos/witchcityrope-react/tests/WitchCityRope.Infrastructure.Tests/Security/JwtTokenServiceTests.cs:line 35
   at System.RuntimeType.CreateInstanceDefaultCtor(Boolean publicOnly, Boolean wrapExceptions)</StackTrace>
        </ErrorInfo>
      </Output>
    </UnitTestResult>
    <UnitTestResult executionId="4d6c925a-6f74-4e82-acd9-484dbd9a5068" testId="ed657ece-8209-9b5b-aeeb-ee1e361b80b6" testName="WitchCityRope.Infrastructure.Tests.Security.EncryptionServiceTests.VerifyHash_Should_Return_True_For_Correct_Password" computerName="Unbutu-Ai-Chads-PC" duration="00:00:00.7839218" startTime="2025-09-12T14:37:38.9765414-04:00" endTime="2025-09-12T14:37:39.7605044-04:00" testType="13cdc9d9-ddb5-4fa4-a97d-d965ccfc6d4b" outcome="Passed" testListId="8c84fa94-04c1-424b-9868-57a2d4851a1d" relativeResultsDirectory="4d6c925a-6f74-4e82-acd9-484dbd9a5068" />
    <UnitTestResult executionId="a2197b54-60ae-4e8b-9ddc-715d9aea4429" testId="3678ad7d-a25e-86f2-08f3-061f2d41eeb9" testName="WitchCityRope.Infrastructure.Tests.Security.EncryptionServiceTests.Hash_Should_Throw_For_Null_Input" computerName="Unbutu-Ai-Chads-PC" duration="00:00:00.0019224" startTime="2025-09-12T14:37:36.4550405-04:00" endTime="2025-09-12T14:37:36.4551472-04:00" testType="13cdc9d9-ddb5-4fa4-a97d-d965ccfc6d4b" outcome="Passed" testListId="8c84fa94-04c1-424b-9868-57a2d4851a1d" relativeResultsDirectory="a2197b54-60ae-4e8b-9ddc-715d9aea4429" />
    <UnitTestResult executionId="9dc4bf63-3b50-461d-9271-8a16a8330dc7" testId="ad8c3afd-60d6-cd49-53c0-babc94254028" testName="WitchCityRope.Infrastructure.Tests.Security.EncryptionServiceTests.Constructor_Should_Throw_When_Encryption_Key_Is_Missing" computerName="Unbutu-Ai-Chads-PC" duration="00:00:00.0009593" startTime="2025-09-12T14:37:38.1843537-04:00" endTime="2025-09-12T14:37:38.1852520-04:00" testType="13cdc9d9-ddb5-4fa4-a97d-d965ccfc6d4b" outcome="Passed" testListId="8c84fa94-04c1-424b-9868-57a2d4851a1d" relativeResultsDirectory="9dc4bf63-3b50-461d-9271-8a16a8330dc7" />
    <UnitTestResult executionId="2cd8b1d9-07bc-4bb8-b18d-3a280ae40152" testId="970cea6b-40ba-903c-9bac-ba8ed8c9ebf1" testName="WitchCityRope.Infrastructure.Tests.Data.WitchCityRopeDbContextTests.Should_Track_Entity_Changes" computerName="Unbutu-Ai-Chads-PC" duration="00:00:00.1216718" startTime="2025-09-12T14:37:37.6389584-04:00" endTime="2025-09-12T14:37:37.8054944-04:00" testType="13cdc9d9-ddb5-4fa4-a97d-d965ccfc6d4b" outcome="Failed" testListId="8c84fa94-04c1-424b-9868-57a2d4851a1d" relativeResultsDirectory="2cd8b1d9-07bc-4bb8-b18d-3a280ae40152">
      <Output>
        <ErrorInfo>
          <Message>Expected modifiedProperties {"UpdatedAt"} to contain "SceneName".</Message>
          <StackTrace>   at FluentAssertions.Execution.LateBoundTestFramework.Throw(String message)
   at FluentAssertions.Execution.DefaultAssertionStrategy.HandleFailure(String message)
   at FluentAssertions.Execution.AssertionScope.AddPreFormattedFailure(String formattedFailureMessage)
   at FluentAssertions.Execution.AssertionChain.FailWith(Func`1 getFailureReason)
   at FluentAssertions.Execution.AssertionChain.FailWith(Func`1 getFailureReason)
   at FluentAssertions.Execution.AssertionChain.FailWith(String message, Object[] args)
   at FluentAssertions.Collections.GenericCollectionAssertions`3.Contain(T expected, String because, Object[] becauseArgs)
   at WitchCityRope.Infrastructure.Tests.Data.WitchCityRopeDbContextTests.Should_Track_Entity_Changes() in /home/chad/repos/witchcityrope-react/tests/WitchCityRope.Infrastructure.Tests/Data/WitchCityRopeDbContextTests.cs:line 179
--- End of stack trace from previous location ---</StackTrace>
        </ErrorInfo>
      </Output>
    </UnitTestResult>
    <UnitTestResult executionId="335dfe91-c622-4bd8-aa5f-e7294a58287b" testId="0b2da06c-c211-ec4e-e650-05e93d1799bd" testName="WitchCityRope.Infrastructure.Tests.Email.EmailServiceTests.SendEmailAsync_Should_Send_Email_Successfully" computerName="Unbutu-Ai-Chads-PC" duration="00:00:00.0023509" startTime="2025-09-12T14:37:36.5359926-04:00" endTime="2025-09-12T14:37:36.5380680-04:00" testType="13cdc9d9-ddb5-4fa4-a97d-d965ccfc6d4b" outcome="Failed" testListId="8c84fa94-04c1-424b-9868-57a2d4851a1d" relativeResultsDirectory="335dfe91-c622-4bd8-aa5f-e7294a58287b">
      <Output>
        <ErrorInfo>
          <Message>Moq.MockException : 
Expected invocation on the mock once, but was 0 times: x =&gt; x.SendEmailAsync(It.Is&lt;SendGridMessage&gt;(msg =&gt; ((((msg.Subject == "Test Subject" &amp;&amp; msg.HtmlContent == "&lt;h1&gt;Test Body&lt;/h1&gt;") &amp;&amp; msg.PlainTextContent == null) &amp;&amp; msg.From.Email == "test@witchcityrope.com") &amp;&amp; msg.From.Name == "Test WCR") &amp;&amp; msg.Personalizations[0].Tos[0].Email == "recipient@example.com"), It.IsAny&lt;CancellationToken&gt;())

Performed invocations:

   Mock&lt;ISendGridClient:7&gt; (x):

      ISendGridClient.SendEmailAsync(SendGridMessage, CancellationToken)
</Message>
          <StackTrace>   at Moq.Mock.Verify(Mock mock, LambdaExpression expression, Times times, String failMessage) in /_/src/Moq/Mock.cs:line 332
   at Moq.Mock`1.Verify[TResult](Expression`1 expression, Func`1 times) in /_/src/Moq/Mock`1.cs:line 840
   at WitchCityRope.Infrastructure.Tests.Email.EmailServiceTests.SendEmailAsync_Should_Send_Email_Successfully() in /home/chad/repos/witchcityrope-react/tests/WitchCityRope.Infrastructure.Tests/Email/EmailServiceTests.cs:line 70
--- End of stack trace from previous location ---</StackTrace>
        </ErrorInfo>
      </Output>
    </UnitTestResult>
    <UnitTestResult executionId="98f8bc77-6b33-438f-b581-fc22b201bedb" testId="f4e2e719-e2ed-ccf6-d6de-453713b765c3" testName="WitchCityRope.Infrastructure.Tests.PayPal.PayPalServiceTests.ProcessRefundAsync_Should_Return_Success_Result" computerName="Unbutu-Ai-Chads-PC" duration="00:00:00.0076411" startTime="2025-09-12T14:37:36.5500282-04:00" endTime="2025-09-12T14:37:36.5576240-04:00" testType="13cdc9d9-ddb5-4fa4-a97d-d965ccfc6d4b" outcome="Passed" testListId="8c84fa94-04c1-424b-9868-57a2d4851a1d" relativeResultsDirectory="98f8bc77-6b33-438f-b581-fc22b201bedb" />
    <UnitTestResult executionId="376af39f-1297-420c-8e22-755c48109abc" testId="9720ebaa-d172-feed-39d4-ea0c237a4355" testName="WitchCityRope.Infrastructure.Tests.PayPal.PayPalServiceTests.ProcessPaymentAsync_Should_Handle_Exceptions" computerName="Unbutu-Ai-Chads-PC" duration="00:00:00.0040621" startTime="2025-09-12T14:37:36.5751349-04:00" endTime="2025-09-12T14:37:36.5792438-04:00" testType="13cdc9d9-ddb5-4fa4-a97d-d965ccfc6d4b" outcome="Failed" testListId="8c84fa94-04c1-424b-9868-57a2d4851a1d" relativeResultsDirectory="376af39f-1297-420c-8e22-755c48109abc">
      <Output>
        <ErrorInfo>
          <Message>System.NullReferenceException : Object reference not set to an instance of an object.</Message>
          <StackTrace>   at WitchCityRope.Infrastructure.PayPal.PayPalService.ProcessPaymentAsync(Registration registration, Money amount, String paymentMethodId) in /home/chad/repos/witchcityrope-react/src/WitchCityRope.Infrastructure/PayPal/PayPalService.cs:line 83
   at WitchCityRope.Infrastructure.Tests.PayPal.PayPalServiceTests.ProcessPaymentAsync_Should_Handle_Exceptions() in /home/chad/repos/witchcityrope-react/tests/WitchCityRope.Infrastructure.Tests/PayPal/PayPalServiceTests.cs:line 101
--- End of stack trace from previous location ---</StackTrace>
        </ErrorInfo>
      </Output>
    </UnitTestResult>
    <UnitTestResult executionId="34b45968-9b1d-49f4-b0c5-78f4c9c257d6" testId="5baaed9a-7b39-bf0a-975b-3f375a59580f" testName="WitchCityRope.Infrastructure.Tests.PayPal.PayPalServiceTests.Constructor_Should_Throw_When_Logger_Is_Null" computerName="Unbutu-Ai-Chads-PC" duration="00:00:00.0004566" startTime="2025-09-12T14:37:36.5804271-04:00" endTime="2025-09-12T14:37:36.5804897-04:00" testType="13cdc9d9-ddb5-4fa4-a97d-d965ccfc6d4b" outcome="Passed" testListId="8c84fa94-04c1-424b-9868-57a2d4851a1d" relativeResultsDirectory="34b45968-9b1d-49f4-b0c5-78f4c9c257d6" />
    <UnitTestResult executionId="86301b39-1d3e-4bbc-9121-92369e993c4c" testId="db6885b0-37d4-5f8a-fb24-1dbff7efe7b0" testName="WitchCityRope.Infrastructure.Tests.PayPal.PayPalServiceTests.ValidatePaymentMethodAsync_Should_Return_True_For_Valid_Method" computerName="Unbutu-Ai-Chads-PC" duration="00:00:00.0003647" startTime="2025-09-12T14:37:36.5796573-04:00" endTime="2025-09-12T14:37:36.5797099-04:00" testType="13cdc9d9-ddb5-4fa4-a97d-d965ccfc6d4b" outcome="Passed" testListId="8c84fa94-04c1-424b-9868-57a2d4851a1d" relativeResultsDirectory="86301b39-1d3e-4bbc-9121-92369e993c4c" />
    <UnitTestResult executionId="82c155cf-83e9-462f-be26-93281b63cf54" testId="41de6ffd-df72-f5d2-e6b2-2548e17c369e" testName="WitchCityRope.Infrastructure.Tests.Data.EntityConfigurationTests.User_Configuration_Should_Enforce_Unique_Email" computerName="Unbutu-Ai-Chads-PC" duration="00:00:00.0060435" startTime="2025-09-12T14:37:37.9750050-04:00" endTime="2025-09-12T14:37:38.0242695-04:00" testType="13cdc9d9-ddb5-4fa4-a97d-d965ccfc6d4b" outcome="Failed" testListId="8c84fa94-04c1-424b-9868-57a2d4851a1d" relativeResultsDirectory="82c155cf-83e9-462f-be26-93281b63cf54">
      <Output>
        <ErrorInfo>
          <Message>System.InvalidOperationException : The property 'EmailAddress.UserId' is part of a key and so cannot be modified or marked as modified. To change the principal of an existing entity with an identifying foreign key, first delete the dependent and invoke 'SaveChanges', and then associate the dependent with the new principal.</Message>
          <StackTrace>   at Microsoft.EntityFrameworkCore.ChangeTracking.Internal.InternalEntityEntry.SetPropertyModified(IProperty property, Boolean changeState, Boolean isModified, Boolean isConceptualNull, Boolean acceptChanges)
   at Microsoft.EntityFrameworkCore.ChangeTracking.Internal.ChangeDetector.PropertyChanged(InternalEntityEntry entry, IPropertyBase propertyBase, Boolean setModified)
   at Microsoft.EntityFrameworkCore.ChangeTracking.Internal.InternalEntityEntryNotifier.PropertyChanged(InternalEntityEntry entry, IPropertyBase property, Boolean setModified)
   at Microsoft.EntityFrameworkCore.ChangeTracking.Internal.InternalEntityEntry.SetProperty(IPropertyBase propertyBase, Object value, Boolean isMaterialization, Boolean setModified, Boolean isCascadeDelete, CurrentValueType valueType)
   at Microsoft.EntityFrameworkCore.ChangeTracking.Internal.InternalEntityEntry.SetProperty(IPropertyBase propertyBase, Object value, Boolean isMaterialization, Boolean setModified, Boolean isCascadeDelete)
   at Microsoft.EntityFrameworkCore.ChangeTracking.Internal.InternalEntityEntry.PropagateValue(InternalEntityEntry principalEntry, IProperty principalProperty, IProperty dependentProperty, Boolean isMaterialization, Boolean setModified)
   at Microsoft.EntityFrameworkCore.ChangeTracking.Internal.NavigationFixer.SetForeignKeyProperties(InternalEntityEntry dependentEntry, InternalEntityEntry principalEntry, IForeignKey foreignKey, Boolean setModified, Boolean fromQuery)
   at Microsoft.EntityFrameworkCore.ChangeTracking.Internal.NavigationFixer.FixupToDependent(InternalEntityEntry principalEntry, InternalEntityEntry dependentEntry, IForeignKey foreignKey, Boolean setModified, Boolean fromQuery)
   at Microsoft.EntityFrameworkCore.ChangeTracking.Internal.NavigationFixer.InitialFixup(InternalEntityEntry entry, InternalEntityEntry duplicateEntry, Boolean fromQuery)
   at Microsoft.EntityFrameworkCore.ChangeTracking.Internal.NavigationFixer.StateChanged(InternalEntityEntry entry, EntityState oldState, Boolean fromQuery)
   at Microsoft.EntityFrameworkCore.ChangeTracking.Internal.InternalEntityEntryNotifier.StateChanged(InternalEntityEntry entry, EntityState oldState, Boolean fromQuery)
   at Microsoft.EntityFrameworkCore.ChangeTracking.Internal.InternalEntityEntry.FireStateChanged(EntityState oldState)
   at Microsoft.EntityFrameworkCore.ChangeTracking.Internal.InternalEntityEntry.SetEntityState(EntityState oldState, EntityState newState, Boolean acceptChanges, Boolean modifyProperties)
   at Microsoft.EntityFrameworkCore.ChangeTracking.Internal.InternalEntityEntry.SetEntityState(EntityState entityState, Boolean acceptChanges, Boolean modifyProperties, Nullable`1 forceStateWhenUnknownKey, Nullable`1 fallbackState)
   at Microsoft.EntityFrameworkCore.ChangeTracking.Internal.EntityGraphAttacher.PaintAction(EntityEntryGraphNode`1 node)
   at Microsoft.EntityFrameworkCore.ChangeTracking.Internal.EntityEntryGraphIterator.TraverseGraph[TState](EntityEntryGraphNode`1 node, Func`2 handleNode)
   at Microsoft.EntityFrameworkCore.ChangeTracking.Internal.EntityGraphAttacher.AttachGraph(InternalEntityEntry rootEntry, EntityState targetState, EntityState storeGeneratedWithKeySetTargetState, Boolean forceStateWhenUnknownKey)
   at Microsoft.EntityFrameworkCore.Internal.InternalDbSet`1.SetEntityState(InternalEntityEntry entry, EntityState entityState)
   at Microsoft.EntityFrameworkCore.Internal.InternalDbSet`1.Add(TEntity entity)
   at WitchCityRope.Infrastructure.Tests.Data.EntityConfigurationTests.User_Configuration_Should_Enforce_Unique_Email() in /home/chad/repos/witchcityrope-react/tests/WitchCityRope.Infrastructure.Tests/Data/EntityConfigurationTests.cs:line 29
--- End of stack trace from previous location ---</StackTrace>
        </ErrorInfo>
      </Output>
    </UnitTestResult>
    <UnitTestResult executionId="576b5ce1-f40d-4e7c-abed-1ad5fd488d46" testId="13978cf6-8116-d9d2-5159-ee260bc86d7b" testName="WitchCityRope.Infrastructure.Tests.Security.JwtTokenServiceTests.Constructor_Should_Throw_When_Configuration_Is_Null" computerName="Unbutu-Ai-Chads-PC" duration="00:00:00.0010000" startTime="2025-09-12T14:37:36.4428565-04:00" endTime="2025-09-12T14:37:36.4429565-04:00" testType="13cdc9d9-ddb5-4fa4-a97d-d965ccfc6d4b" outcome="Failed" testListId="8c84fa94-04c1-424b-9868-57a2d4851a1d" relativeResultsDirectory="576b5ce1-f40d-4e7c-abed-1ad5fd488d46">
      <Output>
        <ErrorInfo>
          <Message>System.InvalidOperationException : JWT secret key not configured</Message>
          <StackTrace>   at WitchCityRope.Infrastructure.Security.JwtTokenService..ctor(IConfiguration configuration) in /home/chad/repos/witchcityrope-react/src/WitchCityRope.Infrastructure/Security/JwtTokenService.cs:line 33
   at WitchCityRope.Infrastructure.Tests.Security.JwtTokenServiceTests..ctor() in /home/chad/repos/witchcityrope-react/tests/WitchCityRope.Infrastructure.Tests/Security/JwtTokenServiceTests.cs:line 35
   at System.RuntimeType.CreateInstanceDefaultCtor(Boolean publicOnly, Boolean wrapExceptions)</StackTrace>
        </ErrorInfo>
      </Output>
    </UnitTestResult>
    <UnitTestResult executionId="e6d76df4-6af9-4087-8cb0-f5ad3819bbc7" testId="15b6fe83-e163-93ae-7ba9-51007c17c9b1" testName="WitchCityRope.Infrastructure.Tests.Security.EncryptionServiceTests.DecryptAsync_Should_Decrypt_Encrypted_Text" computerName="Unbutu-Ai-Chads-PC" duration="00:00:00.0013914" startTime="2025-09-12T14:37:38.1827164-04:00" endTime="2025-09-12T14:37:38.1842338-04:00" testType="13cdc9d9-ddb5-4fa4-a97d-d965ccfc6d4b" outcome="Passed" testListId="8c84fa94-04c1-424b-9868-57a2d4851a1d" relativeResultsDirectory="e6d76df4-6af9-4087-8cb0-f5ad3819bbc7" />
    <UnitTestResult executionId="a4d41367-e809-4f22-b187-188b40dd8f27" testId="1390353e-4e0e-3135-81d6-685a745aa5fb" testName="WitchCityRope.Infrastructure.Tests.Security.EncryptionServiceTests.Hash_Should_Create_BCrypt_Hash" computerName="Unbutu-Ai-Chads-PC" duration="00:00:00.7883244" startTime="2025-09-12T14:37:38.1853586-04:00" endTime="2025-09-12T14:37:38.9737063-04:00" testType="13cdc9d9-ddb5-4fa4-a97d-d965ccfc6d4b" outcome="Passed" testListId="8c84fa94-04c1-424b-9868-57a2d4851a1d" relativeResultsDirectory="a4d41367-e809-4f22-b187-188b40dd8f27" />
    <UnitTestResult executionId="37682d11-5484-4e28-9db6-e3c62379f8be" testId="264ab6a2-4596-51c5-876b-2d91f4e645a4" testName="WitchCityRope.Infrastructure.Tests.Security.JwtTokenServiceTests.ValidateToken_Should_Return_Null_For_Invalid_Token" computerName="Unbutu-Ai-Chads-PC" duration="00:00:00.0010000" startTime="2025-09-12T14:37:36.4487053-04:00" endTime="2025-09-12T14:37:36.4487716-04:00" testType="13cdc9d9-ddb5-4fa4-a97d-d965ccfc6d4b" outcome="Failed" testListId="8c84fa94-04c1-424b-9868-57a2d4851a1d" relativeResultsDirectory="37682d11-5484-4e28-9db6-e3c62379f8be">
      <Output>
        <ErrorInfo>
          <Message>System.InvalidOperationException : JWT secret key not configured</Message>
          <StackTrace>   at WitchCityRope.Infrastructure.Security.JwtTokenService..ctor(IConfiguration configuration) in /home/chad/repos/witchcityrope-react/src/WitchCityRope.Infrastructure/Security/JwtTokenService.cs:line 33
   at WitchCityRope.Infrastructure.Tests.Security.JwtTokenServiceTests..ctor() in /home/chad/repos/witchcityrope-react/tests/WitchCityRope.Infrastructure.Tests/Security/JwtTokenServiceTests.cs:line 35
   at System.RuntimeType.CreateInstanceDefaultCtor(Boolean publicOnly, Boolean wrapExceptions)</StackTrace>
        </ErrorInfo>
      </Output>
    </UnitTestResult>
    <UnitTestResult executionId="414714c6-3b3f-4601-8b00-99aca3212134" testId="2dee0c93-c326-e436-b53d-0e74105a9590" testName="WitchCityRope.Infrastructure.Tests.Email.EmailServiceTests.SendEmailAsync_Should_Send_PlainText_Email_When_IsHtml_Is_False" computerName="Unbutu-Ai-Chads-PC" duration="00:00:00.0019658" startTime="2025-09-12T14:37:36.5342105-04:00" endTime="2025-09-12T14:37:36.5351197-04:00" testType="13cdc9d9-ddb5-4fa4-a97d-d965ccfc6d4b" outcome="Failed" testListId="8c84fa94-04c1-424b-9868-57a2d4851a1d" relativeResultsDirectory="414714c6-3b3f-4601-8b00-99aca3212134">
      <Output>
        <ErrorInfo>
          <Message>Moq.MockException : 
Expected invocation on the mock once, but was 0 times: x =&gt; x.SendEmailAsync(It.Is&lt;SendGridMessage&gt;(msg =&gt; msg.PlainTextContent == "Plain text body" &amp;&amp; msg.HtmlContent == null), It.IsAny&lt;CancellationToken&gt;())

Performed invocations:

   Mock&lt;ISendGridClient:6&gt; (x):

      ISendGridClient.SendEmailAsync(SendGridMessage, CancellationToken)
</Message>
          <StackTrace>   at Moq.Mock.Verify(Mock mock, LambdaExpression expression, Times times, String failMessage) in /_/src/Moq/Mock.cs:line 332
   at Moq.Mock`1.Verify[TResult](Expression`1 expression, Func`1 times) in /_/src/Moq/Mock`1.cs:line 840
   at WitchCityRope.Infrastructure.Tests.Email.EmailServiceTests.SendEmailAsync_Should_Send_PlainText_Email_When_IsHtml_Is_False() in /home/chad/repos/witchcityrope-react/tests/WitchCityRope.Infrastructure.Tests/Email/EmailServiceTests.cs:line 101
--- End of stack trace from previous location ---</StackTrace>
        </ErrorInfo>
      </Output>
    </UnitTestResult>
    <UnitTestResult executionId="401ba685-88c4-4a0f-9089-fa563080887c" testId="4da0ee18-6138-8500-2970-48f2f82bb88d" testName="WitchCityRope.Infrastructure.Tests.Security.JwtTokenServiceTests.GenerateToken_Should_Set_Correct_Issuer_And_Audience" computerName="Unbutu-Ai-Chads-PC" duration="00:00:00.0010000" startTime="2025-09-12T14:37:36.4503720-04:00" endTime="2025-09-12T14:37:36.4504861-04:00" testType="13cdc9d9-ddb5-4fa4-a97d-d965ccfc6d4b" outcome="Failed" testListId="8c84fa94-04c1-424b-9868-57a2d4851a1d" relativeResultsDirectory="401ba685-88c4-4a0f-9089-fa563080887c">
      <Output>
        <ErrorInfo>
          <Message>System.InvalidOperationException : JWT secret key not configured</Message>
          <StackTrace>   at WitchCityRope.Infrastructure.Security.JwtTokenService..ctor(IConfiguration configuration) in /home/chad/repos/witchcityrope-react/src/WitchCityRope.Infrastructure/Security/JwtTokenService.cs:line 33
   at WitchCityRope.Infrastructure.Tests.Security.JwtTokenServiceTests..ctor() in /home/chad/repos/witchcityrope-react/tests/WitchCityRope.Infrastructure.Tests/Security/JwtTokenServiceTests.cs:line 35
   at System.RuntimeType.CreateInstanceDefaultCtor(Boolean publicOnly, Boolean wrapExceptions)</StackTrace>
        </ErrorInfo>
      </Output>
    </UnitTestResult>
    <UnitTestResult executionId="697adff7-817a-4358-abeb-db4243c67b9a" testId="f2a9e942-c5a4-67ec-c6f6-76d8270d8e03" testName="WitchCityRope.Infrastructure.Tests.Email.EmailServiceTests.Constructor_Should_Throw_When_SendGridClient_Is_Null" computerName="Unbutu-Ai-Chads-PC" duration="00:00:00.0011547" startTime="2025-09-12T14:37:36.5429073-04:00" endTime="2025-09-12T14:37:36.5433711-04:00" testType="13cdc9d9-ddb5-4fa4-a97d-d965ccfc6d4b" outcome="Failed" testListId="8c84fa94-04c1-424b-9868-57a2d4851a1d" relativeResultsDirectory="697adff7-817a-4358-abeb-db4243c67b9a">
      <Output>
        <ErrorInfo>
          <Message>Expected a &lt;System.ArgumentNullException&gt; to be thrown, but no exception was thrown.</Message>
          <StackTrace>   at FluentAssertions.Execution.LateBoundTestFramework.Throw(String message)
   at FluentAssertions.Execution.DefaultAssertionStrategy.HandleFailure(String message)
   at FluentAssertions.Execution.AssertionScope.AddPreFormattedFailure(String formattedFailureMessage)
   at FluentAssertions.Execution.AssertionChain.FailWith(Func`1 getFailureReason)
   at FluentAssertions.Execution.AssertionChain.FailWith(Func`1 getFailureReason)
   at FluentAssertions.Execution.AssertionChain.FailWith(String message)
   at FluentAssertions.Specialized.DelegateAssertionsBase`2.&lt;&gt;c__DisplayClass8_0`1.&lt;ThrowInternal&gt;b__0(AssertionChain chain)
   at FluentAssertions.Execution.AssertionChain.WithExpectation(String message, Action`1 chain, Object[] args)
   at FluentAssertions.Execution.AssertionChain.WithExpectation(String message, Object arg1, Action`1 chain)
   at FluentAssertions.Specialized.DelegateAssertionsBase`2.ThrowInternal[TException](Exception exception, String because, Object[] becauseArgs)
   at FluentAssertions.Specialized.DelegateAssertions`2.Throw[TException](String because, Object[] becauseArgs)
   at WitchCityRope.Infrastructure.Tests.Email.EmailServiceTests.Constructor_Should_Throw_When_SendGridClient_Is_Null() in /home/chad/repos/witchcityrope-react/tests/WitchCityRope.Infrastructure.Tests/Email/EmailServiceTests.cs:line 49
   at System.RuntimeMethodHandle.InvokeMethod(Object target, Void** arguments, Signature sig, Boolean isConstructor)
   at System.Reflection.MethodBaseInvoker.InvokeWithNoArgs(Object obj, BindingFlags invokeAttr)</StackTrace>
        </ErrorInfo>
      </Output>
    </UnitTestResult>
    <UnitTestResult executionId="e79a0933-5df0-424f-b9ea-2b784a39e1b9" testId="4ff4f6ae-7162-7b49-f15b-0e6d2c38da7f" testName="WitchCityRope.Infrastructure.Tests.Security.EncryptionServiceTests.Hash_Should_Throw_For_Empty_Input" computerName="Unbutu-Ai-Chads-PC" duration="00:00:00.0006249" startTime="2025-09-12T14:37:36.4553976-04:00" endTime="2025-09-12T14:37:36.4554968-04:00" testType="13cdc9d9-ddb5-4fa4-a97d-d965ccfc6d4b" outcome="Passed" testListId="8c84fa94-04c1-424b-9868-57a2d4851a1d" relativeResultsDirectory="e79a0933-5df0-424f-b9ea-2b784a39e1b9" />
    <UnitTestResult executionId="fa20ad88-8b14-4196-8338-b0d3b21334b6" testId="db381720-6b9c-2cfb-d4c6-17232fdeef3b" testName="WitchCityRope.Infrastructure.Tests.Data.ConcurrencyTests.Should_Handle_Concurrent_Aggregate_Updates" computerName="Unbutu-Ai-Chads-PC" duration="00:00:00.0491622" startTime="2025-09-12T14:37:38.1038594-04:00" endTime="2025-09-12T14:37:38.1879260-04:00" testType="13cdc9d9-ddb5-4fa4-a97d-d965ccfc6d4b" outcome="Failed" testListId="8c84fa94-04c1-424b-9868-57a2d4851a1d" relativeResultsDirectory="fa20ad88-8b14-4196-8338-b0d3b21334b6">
      <Output>
        <ErrorInfo>
          <Message>Expected results.All(r =&gt; r) to be True, but found False.</Message>
          <StackTrace>   at FluentAssertions.Execution.LateBoundTestFramework.Throw(String message)
   at FluentAssertions.Execution.DefaultAssertionStrategy.HandleFailure(String message)
   at FluentAssertions.Execution.AssertionScope.AddPreFormattedFailure(String formattedFailureMessage)
   at FluentAssertions.Execution.AssertionChain.FailWith(Func`1 getFailureReason)
   at FluentAssertions.Execution.AssertionChain.FailWith(Func`1 getFailureReason)
   at FluentAssertions.Execution.AssertionChain.FailWith(String message, Object[] args)
   at FluentAssertions.Primitives.BooleanAssertions`1.BeTrue(String because, Object[] becauseArgs)
   at WitchCityRope.Infrastructure.Tests.Data.ConcurrencyTests.Should_Handle_Concurrent_Aggregate_Updates() in /home/chad/repos/witchcityrope-react/tests/WitchCityRope.Infrastructure.Tests/Data/ConcurrencyTests.cs:line 487
--- End of stack trace from previous location ---</StackTrace>
        </ErrorInfo>
      </Output>
    </UnitTestResult>
    <UnitTestResult executionId="e998d374-f180-4bd6-9dfb-9c04684cf73f" testId="d29fcc06-571a-4921-ed4b-3a531d140ab9" testName="WitchCityRope.Infrastructure.Tests.Security.JwtTokenServiceTests.ValidateToken_Should_Return_Null_For_Wrong_Audience" computerName="Unbutu-Ai-Chads-PC" duration="00:00:00.0010000" startTime="2025-09-12T14:37:36.4494007-04:00" endTime="2025-09-12T14:37:36.4494684-04:00" testType="13cdc9d9-ddb5-4fa4-a97d-d965ccfc6d4b" outcome="Failed" testListId="8c84fa94-04c1-424b-9868-57a2d4851a1d" relativeResultsDirectory="e998d374-f180-4bd6-9dfb-9c04684cf73f">
      <Output>
        <ErrorInfo>
          <Message>System.InvalidOperationException : JWT secret key not configured</Message>
          <StackTrace>   at WitchCityRope.Infrastructure.Security.JwtTokenService..ctor(IConfiguration configuration) in /home/chad/repos/witchcityrope-react/src/WitchCityRope.Infrastructure/Security/JwtTokenService.cs:line 33
   at WitchCityRope.Infrastructure.Tests.Security.JwtTokenServiceTests..ctor() in /home/chad/repos/witchcityrope-react/tests/WitchCityRope.Infrastructure.Tests/Security/JwtTokenServiceTests.cs:line 35
   at System.RuntimeType.CreateInstanceDefaultCtor(Boolean publicOnly, Boolean wrapExceptions)</StackTrace>
        </ErrorInfo>
      </Output>
    </UnitTestResult>
    <UnitTestResult executionId="fa612c64-2c9c-448f-8b5a-5c96a7432f2e" testId="82b79749-a163-881a-8fc3-03b8db75e151" testName="WitchCityRope.Infrastructure.Tests.Security.JwtTokenServiceTests.Token_Should_Work_With_Default_Configuration" computerName="Unbutu-Ai-Chads-PC" duration="00:00:00.0010000" startTime="2025-09-12T14:37:36.3877177-04:00" endTime="2025-09-12T14:37:36.4004309-04:00" testType="13cdc9d9-ddb5-4fa4-a97d-d965ccfc6d4b" outcome="Failed" testListId="8c84fa94-04c1-424b-9868-57a2d4851a1d" relativeResultsDirectory="fa612c64-2c9c-448f-8b5a-5c96a7432f2e">
      <Output>
        <ErrorInfo>
          <Message>System.InvalidOperationException : JWT secret key not configured</Message>
          <StackTrace>   at WitchCityRope.Infrastructure.Security.JwtTokenService..ctor(IConfiguration configuration) in /home/chad/repos/witchcityrope-react/src/WitchCityRope.Infrastructure/Security/JwtTokenService.cs:line 33
   at WitchCityRope.Infrastructure.Tests.Security.JwtTokenServiceTests..ctor() in /home/chad/repos/witchcityrope-react/tests/WitchCityRope.Infrastructure.Tests/Security/JwtTokenServiceTests.cs:line 35
   at System.RuntimeType.CreateInstanceDefaultCtor(Boolean publicOnly, Boolean wrapExceptions)</StackTrace>
        </ErrorInfo>
      </Output>
    </UnitTestResult>
    <UnitTestResult executionId="e47fed13-3dee-4059-9a12-b395c149aad1" testId="e8fd9f68-55b8-c4bd-47ac-7ccdf891ae01" testName="WitchCityRope.Infrastructure.Tests.PayPal.PayPalServiceTests.ProcessRefundAsync_Should_Use_Full_Amount_When_Not_Specified" computerName="Unbutu-Ai-Chads-PC" duration="00:00:00.0762609" startTime="2025-09-12T14:37:36.4592461-04:00" endTime="2025-09-12T14:37:36.5346787-04:00" testType="13cdc9d9-ddb5-4fa4-a97d-d965ccfc6d4b" outcome="Passed" testListId="8c84fa94-04c1-424b-9868-57a2d4851a1d" relativeResultsDirectory="e47fed13-3dee-4059-9a12-b395c149aad1" />
    <UnitTestResult executionId="c535ce53-3e4a-4fcb-9306-caee8775c856" testId="121ed6b8-c36c-7dfd-6ad5-94fe3cb46105" testName="WitchCityRope.Infrastructure.Tests.Security.JwtTokenServiceTests.GenerateToken_Should_Create_Valid_JWT_Token" computerName="Unbutu-Ai-Chads-PC" duration="00:00:00.0010000" startTime="2025-09-12T14:37:36.4450554-04:00" endTime="2025-09-12T14:37:36.4451072-04:00" testType="13cdc9d9-ddb5-4fa4-a97d-d965ccfc6d4b" outcome="Failed" testListId="8c84fa94-04c1-424b-9868-57a2d4851a1d" relativeResultsDirectory="c535ce53-3e4a-4fcb-9306-caee8775c856">
      <Output>
        <ErrorInfo>
          <Message>System.InvalidOperationException : JWT secret key not configured</Message>
          <StackTrace>   at WitchCityRope.Infrastructure.Security.JwtTokenService..ctor(IConfiguration configuration) in /home/chad/repos/witchcityrope-react/src/WitchCityRope.Infrastructure/Security/JwtTokenService.cs:line 33
   at WitchCityRope.Infrastructure.Tests.Security.JwtTokenServiceTests..ctor() in /home/chad/repos/witchcityrope-react/tests/WitchCityRope.Infrastructure.Tests/Security/JwtTokenServiceTests.cs:line 35
   at System.RuntimeType.CreateInstanceDefaultCtor(Boolean publicOnly, Boolean wrapExceptions)</StackTrace>
        </ErrorInfo>
      </Output>
    </UnitTestResult>
    <UnitTestResult executionId="f943b102-9a5d-4bb7-b704-dd8a2ca359f3" testId="433cedb3-2a7e-2070-b4b6-ff055a4203c2" testName="WitchCityRope.Infrastructure.Tests.Data.MigrationTests.Should_Create_All_Expected_Tables" computerName="Unbutu-Ai-Chads-PC" duration="00:00:00.1937323" startTime="2025-09-12T14:37:39.4296455-04:00" endTime="2025-09-12T14:37:39.6231898-04:00" testType="13cdc9d9-ddb5-4fa4-a97d-d965ccfc6d4b" outcome="Failed" testListId="8c84fa94-04c1-424b-9868-57a2d4851a1d" relativeResultsDirectory="f943b102-9a5d-4bb7-b704-dd8a2ca359f3">
      <Output>
        <ErrorInfo>
          <Message>System.InvalidOperationException : An error was generated for warning 'Microsoft.EntityFrameworkCore.Migrations.PendingModelChangesWarning': The model for context 'WitchCityRopeDbContext' has pending changes. Add a new migration before updating the database. See https://aka.ms/efcore-docs-pending-changes. This exception can be suppressed or logged by passing event ID 'RelationalEventId.PendingModelChangesWarning' to the 'ConfigureWarnings' method in 'DbContext.OnConfiguring' or 'AddDbContext'.</Message>
          <StackTrace>   at Microsoft.EntityFrameworkCore.Diagnostics.EventDefinition`1.Log[TLoggerCategory](IDiagnosticsLogger`1 logger, TParam arg)
   at Microsoft.EntityFrameworkCore.Diagnostics.RelationalLoggerExtensions.PendingModelChangesWarning(IDiagnosticsLogger`1 diagnostics, Type contextType)
   at Microsoft.EntityFrameworkCore.Migrations.Internal.Migrator.ValidateMigrations(Boolean useTransaction, String targetMigration)
   at Microsoft.EntityFrameworkCore.Migrations.Internal.Migrator.MigrateAsync(String targetMigration, CancellationToken cancellationToken)
   at Npgsql.EntityFrameworkCore.PostgreSQL.Migrations.Internal.NpgsqlMigrator.MigrateAsync(String targetMigration, CancellationToken cancellationToken)
   at WitchCityRope.Infrastructure.Tests.Data.MigrationTests.Should_Create_All_Expected_Tables() in /home/chad/repos/witchcityrope-react/tests/WitchCityRope.Infrastructure.Tests/Data/MigrationTests.cs:line 45
--- End of stack trace from previous location ---</StackTrace>
        </ErrorInfo>
      </Output>
    </UnitTestResult>
    <UnitTestResult executionId="73574ae4-a793-415a-a191-43060ccc8363" testId="f69cea75-c037-0d47-d3fb-10191b89beda" testName="WitchCityRope.Infrastructure.Tests.Data.ConcurrencyTests.Should_Handle_Parallel_Bulk_Operations" computerName="Unbutu-Ai-Chads-PC" duration="00:00:00.1756542" startTime="2025-09-12T14:37:37.6870253-04:00" endTime="2025-09-12T14:37:37.9010429-04:00" testType="13cdc9d9-ddb5-4fa4-a97d-d965ccfc6d4b" outcome="Passed" testListId="8c84fa94-04c1-424b-9868-57a2d4851a1d" relativeResultsDirectory="73574ae4-a793-415a-a191-43060ccc8363" />
    <UnitTestResult executionId="fe4f6b5a-390a-4faa-b396-a35eb75491b5" testId="748f8264-f4b3-9b6e-bf21-ba9f263ed688" testName="WitchCityRope.Infrastructure.Tests.Security.JwtTokenServiceTests.GenerateToken_Should_Throw_For_Null_User" computerName="Unbutu-Ai-Chads-PC" duration="00:00:00.0010000" startTime="2025-09-12T14:37:36.4454093-04:00" endTime="2025-09-12T14:37:36.4454747-04:00" testType="13cdc9d9-ddb5-4fa4-a97d-d965ccfc6d4b" outcome="Failed" testListId="8c84fa94-04c1-424b-9868-57a2d4851a1d" relativeResultsDirectory="fe4f6b5a-390a-4faa-b396-a35eb75491b5">
      <Output>
        <ErrorInfo>
          <Message>System.InvalidOperationException : JWT secret key not configured</Message>
          <StackTrace>   at WitchCityRope.Infrastructure.Security.JwtTokenService..ctor(IConfiguration configuration) in /home/chad/repos/witchcityrope-react/src/WitchCityRope.Infrastructure/Security/JwtTokenService.cs:line 33
   at WitchCityRope.Infrastructure.Tests.Security.JwtTokenServiceTests..ctor() in /home/chad/repos/witchcityrope-react/tests/WitchCityRope.Infrastructure.Tests/Security/JwtTokenServiceTests.cs:line 35
   at System.RuntimeType.CreateInstanceDefaultCtor(Boolean publicOnly, Boolean wrapExceptions)</StackTrace>
        </ErrorInfo>
      </Output>
    </UnitTestResult>
    <UnitTestResult executionId="b75630c2-40ff-4450-9c44-67c27c8ebc28" testId="f40dcb59-5570-8947-4c85-82c6660d5c47" testName="WitchCityRope.Infrastructure.Tests.Security.JwtTokenServiceTests.GenerateToken_Should_Include_All_Required_Claims" computerName="Unbutu-Ai-Chads-PC" duration="00:00:00.0010000" startTime="2025-09-12T14:37:36.4490420-04:00" endTime="2025-09-12T14:37:36.4490925-04:00" testType="13cdc9d9-ddb5-4fa4-a97d-d965ccfc6d4b" outcome="Failed" testListId="8c84fa94-04c1-424b-9868-57a2d4851a1d" relativeResultsDirectory="b75630c2-40ff-4450-9c44-67c27c8ebc28">
      <Output>
        <ErrorInfo>
          <Message>System.InvalidOperationException : JWT secret key not configured</Message>
          <StackTrace>   at WitchCityRope.Infrastructure.Security.JwtTokenService..ctor(IConfiguration configuration) in /home/chad/repos/witchcityrope-react/src/WitchCityRope.Infrastructure/Security/JwtTokenService.cs:line 33
   at WitchCityRope.Infrastructure.Tests.Security.JwtTokenServiceTests..ctor() in /home/chad/repos/witchcityrope-react/tests/WitchCityRope.Infrastructure.Tests/Security/JwtTokenServiceTests.cs:line 35
   at System.RuntimeType.CreateInstanceDefaultCtor(Boolean publicOnly, Boolean wrapExceptions)</StackTrace>
        </ErrorInfo>
      </Output>
    </UnitTestResult>
    <UnitTestResult executionId="674d4986-08cf-47f3-ab60-9417450b4199" testId="395e9654-511f-4e89-413f-4a0e36424649" testName="WitchCityRope.Infrastructure.Tests.Data.ComplexQueryTests.Should_Execute_Complex_Join_Query" computerName="Unbutu-Ai-Chads-PC" duration="00:00:00.0010000" startTime="2025-09-12T14:37:37.8149266-04:00" endTime="2025-09-12T14:37:37.9507686-04:00" testType="13cdc9d9-ddb5-4fa4-a97d-d965ccfc6d4b" outcome="Failed" testListId="8c84fa94-04c1-424b-9868-57a2d4851a1d" relativeResultsDirectory="674d4986-08cf-47f3-ab60-9417450b4199">
      <Output>
        <ErrorInfo>
          <Message>Microsoft.EntityFrameworkCore.DbUpdateException : An error occurred while saving the entity changes. See the inner exception for details.
---- Microsoft.Data.Sqlite.SqliteException : SQLite Error 19: 'NOT NULL constraint failed: Registrations.DietaryRestrictions'.</Message>
          <StackTrace>   at Microsoft.EntityFrameworkCore.Update.ReaderModificationCommandBatch.ExecuteAsync(IRelationalConnection connection, CancellationToken cancellationToken)
   at Microsoft.EntityFrameworkCore.Update.Internal.BatchExecutor.ExecuteAsync(IEnumerable`1 commandBatches, IRelationalConnection connection, CancellationToken cancellationToken)
   at Microsoft.EntityFrameworkCore.Update.Internal.BatchExecutor.ExecuteAsync(IEnumerable`1 commandBatches, IRelationalConnection connection, CancellationToken cancellationToken)
   at Microsoft.EntityFrameworkCore.Update.Internal.BatchExecutor.ExecuteAsync(IEnumerable`1 commandBatches, IRelationalConnection connection, CancellationToken cancellationToken)
   at Microsoft.EntityFrameworkCore.Storage.RelationalDatabase.SaveChangesAsync(IList`1 entries, CancellationToken cancellationToken)
   at Microsoft.EntityFrameworkCore.ChangeTracking.Internal.StateManager.SaveChangesAsync(IList`1 entriesToSave, CancellationToken cancellationToken)
   at Microsoft.EntityFrameworkCore.ChangeTracking.Internal.StateManager.SaveChangesAsync(StateManager stateManager, Boolean acceptAllChangesOnSuccess, CancellationToken cancellationToken)
   at Microsoft.EntityFrameworkCore.DbContext.SaveChangesAsync(Boolean acceptAllChangesOnSuccess, CancellationToken cancellationToken)
   at Microsoft.EntityFrameworkCore.DbContext.SaveChangesAsync(Boolean acceptAllChangesOnSuccess, CancellationToken cancellationToken)
   at WitchCityRope.Infrastructure.Data.WitchCityRopeDbContext.SaveChangesAsync(CancellationToken cancellationToken) in /home/chad/repos/witchcityrope-react/src/WitchCityRope.Infrastructure/Data/WitchCityRopeDbContext.cs:line 58
   at WitchCityRope.Infrastructure.Tests.Data.ComplexQueryTests.SeedDataAsync() in /home/chad/repos/witchcityrope-react/tests/WitchCityRope.Infrastructure.Tests/Data/ComplexQueryTests.cs:line 63
   at WitchCityRope.Infrastructure.Tests.Fixtures.IntegrationTestBase.InitializeAsync() in /home/chad/repos/witchcityrope-react/tests/WitchCityRope.Infrastructure.Tests/Fixtures/IntegrationTestBase.cs:line 41
----- Inner Stack Trace -----
   at Microsoft.Data.Sqlite.SqliteException.ThrowExceptionForRC(Int32 rc, sqlite3 db)
   at Microsoft.Data.Sqlite.SqliteDataReader.NextResult()
   at Microsoft.Data.Sqlite.SqliteCommand.ExecuteReader(CommandBehavior behavior)
   at Microsoft.Data.Sqlite.SqliteCommand.ExecuteReaderAsync(CommandBehavior behavior, CancellationToken cancellationToken)
   at Microsoft.Data.Sqlite.SqliteCommand.ExecuteDbDataReaderAsync(CommandBehavior behavior, CancellationToken cancellationToken)
   at Microsoft.EntityFrameworkCore.Storage.RelationalCommand.ExecuteReaderAsync(RelationalCommandParameterObject parameterObject, CancellationToken cancellationToken)
   at Microsoft.EntityFrameworkCore.Storage.RelationalCommand.ExecuteReaderAsync(RelationalCommandParameterObject parameterObject, CancellationToken cancellationToken)
   at Microsoft.EntityFrameworkCore.Update.ReaderModificationCommandBatch.ExecuteAsync(IRelationalConnection connection, CancellationToken cancellationToken)</StackTrace>
        </ErrorInfo>
      </Output>
    </UnitTestResult>
    <UnitTestResult executionId="27040eb7-d76f-40f6-9ae2-70ac77336e4f" testId="77f47604-3476-c76e-0620-42e3a18a923a" testName="WitchCityRope.Infrastructure.Tests.Data.ConcurrencyTests.Should_Handle_Concurrent_Updates_With_Retry_Logic" computerName="Unbutu-Ai-Chads-PC" duration="00:00:00.0519960" startTime="2025-09-12T14:37:37.5382979-04:00" endTime="2025-09-12T14:37:37.6300595-04:00" testType="13cdc9d9-ddb5-4fa4-a97d-d965ccfc6d4b" outcome="Failed" testListId="8c84fa94-04c1-424b-9868-57a2d4851a1d" relativeResultsDirectory="27040eb7-d76f-40f6-9ae2-70ac77336e4f">
      <Output>
        <ErrorInfo>
          <Message>System.InvalidOperationException : Sequence contains no elements</Message>
          <StackTrace>   at System.Linq.ThrowHelper.ThrowNoElementsException()
   at lambda_method1281(Closure)
   at Microsoft.EntityFrameworkCore.InMemory.Query.Internal.InMemoryQueryExpression.ResultEnumerable.GetEnumerator()
   at Microsoft.EntityFrameworkCore.InMemory.Query.Internal.InMemoryShapedQueryCompilingExpressionVisitor.QueryingEnumerable`1.Enumerator.MoveNextHelper()
   at Microsoft.EntityFrameworkCore.InMemory.Query.Internal.InMemoryShapedQueryCompilingExpressionVisitor.QueryingEnumerable`1.Enumerator.MoveNextAsync()
   at Microsoft.EntityFrameworkCore.Query.ShapedQueryCompilingExpressionVisitor.SingleAsync[TSource](IAsyncEnumerable`1 asyncEnumerable, CancellationToken cancellationToken)
   at Microsoft.EntityFrameworkCore.Query.ShapedQueryCompilingExpressionVisitor.SingleAsync[TSource](IAsyncEnumerable`1 asyncEnumerable, CancellationToken cancellationToken)
   at WitchCityRope.Infrastructure.Tests.Data.ConcurrencyTests.&lt;&gt;c__DisplayClass4_1.&lt;&lt;Should_Handle_Concurrent_Updates_With_Retry_Logic&gt;b__1&gt;d.MoveNext() in /home/chad/repos/witchcityrope-react/tests/WitchCityRope.Infrastructure.Tests/Data/ConcurrencyTests.cs:line 279
--- End of stack trace from previous location ---
   at WitchCityRope.Infrastructure.Tests.Data.ConcurrencyTests.Should_Handle_Concurrent_Updates_With_Retry_Logic() in /home/chad/repos/witchcityrope-react/tests/WitchCityRope.Infrastructure.Tests/Data/ConcurrencyTests.cs:line 304
--- End of stack trace from previous location ---</StackTrace>
        </ErrorInfo>
      </Output>
    </UnitTestResult>
    <UnitTestResult executionId="de806dd7-1c7f-481c-9256-319031d96f64" testId="5e8c96b7-65ee-a96f-f5e0-222a2affc359" testName="WitchCityRope.Infrastructure.Tests.Security.EncryptionServiceTests.DecryptAsync_Should_Throw_For_Invalid_Base64" computerName="Unbutu-Ai-Chads-PC" duration="00:00:00.0205599" startTime="2025-09-12T14:37:36.4547100-04:00" endTime="2025-09-12T14:37:36.4548163-04:00" testType="13cdc9d9-ddb5-4fa4-a97d-d965ccfc6d4b" outcome="Passed" testListId="8c84fa94-04c1-424b-9868-57a2d4851a1d" relativeResultsDirectory="de806dd7-1c7f-481c-9256-319031d96f64" />
    <UnitTestResult executionId="bd95e7ac-96dc-45b6-bc92-5f3e8f16e344" testId="c47800aa-74e3-7062-c49c-f84225a43c10" testName="WitchCityRope.Infrastructure.Tests.Security.JwtTokenServiceTests.ValidateToken_Should_Return_ClaimsPrincipal_For_Valid_Token" computerName="Unbutu-Ai-Chads-PC" duration="00:00:00.0010000" startTime="2025-09-12T14:37:36.4138044-04:00" endTime="2025-09-12T14:37:36.4138848-04:00" testType="13cdc9d9-ddb5-4fa4-a97d-d965ccfc6d4b" outcome="Failed" testListId="8c84fa94-04c1-424b-9868-57a2d4851a1d" relativeResultsDirectory="bd95e7ac-96dc-45b6-bc92-5f3e8f16e344">
      <Output>
        <ErrorInfo>
          <Message>System.InvalidOperationException : JWT secret key not configured</Message>
          <StackTrace>   at WitchCityRope.Infrastructure.Security.JwtTokenService..ctor(IConfiguration configuration) in /home/chad/repos/witchcityrope-react/src/WitchCityRope.Infrastructure/Security/JwtTokenService.cs:line 33
   at WitchCityRope.Infrastructure.Tests.Security.JwtTokenServiceTests..ctor() in /home/chad/repos/witchcityrope-react/tests/WitchCityRope.Infrastructure.Tests/Security/JwtTokenServiceTests.cs:line 35
   at System.RuntimeType.CreateInstanceDefaultCtor(Boolean publicOnly, Boolean wrapExceptions)</StackTrace>
        </ErrorInfo>
      </Output>
    </UnitTestResult>
    <UnitTestResult executionId="354e8e10-a7a7-4997-bf9a-77192d4dfb92" testId="207aab20-bd1d-c84f-9d5f-6c6087e30ea0" testName="WitchCityRope.Infrastructure.Tests.Security.EncryptionServiceTests.DecryptAsync_Should_Throw_For_Corrupted_Data" computerName="Unbutu-Ai-Chads-PC" duration="00:00:00.0024328" startTime="2025-09-12T14:37:40.3750224-04:00" endTime="2025-09-12T14:37:40.3775357-04:00" testType="13cdc9d9-ddb5-4fa4-a97d-d965ccfc6d4b" outcome="Passed" testListId="8c84fa94-04c1-424b-9868-57a2d4851a1d" relativeResultsDirectory="354e8e10-a7a7-4997-bf9a-77192d4dfb92" />
    <UnitTestResult executionId="a5714e15-e7c7-4b01-a631-d94a01616b96" testId="0cf7ed9f-4d8e-2f0c-2cb2-fcd1f0c857e6" testName="WitchCityRope.Infrastructure.Tests.Data.ConcurrencyTests.Should_Handle_Optimistic_Concurrency_With_RowVersion" computerName="Unbutu-Ai-Chads-PC" duration="00:00:00.0027445" startTime="2025-09-12T14:37:37.9714799-04:00" endTime="2025-09-12T14:37:38.0156422-04:00" testType="13cdc9d9-ddb5-4fa4-a97d-d965ccfc6d4b" outcome="Failed" testListId="8c84fa94-04c1-424b-9868-57a2d4851a1d" relativeResultsDirectory="a5714e15-e7c7-4b01-a631-d94a01616b96">
      <Output>
        <ErrorInfo>
          <Message>System.InvalidOperationException : Sequence contains no elements</Message>
          <StackTrace>   at System.Linq.ThrowHelper.ThrowNoElementsException()
   at lambda_method1295(Closure)
   at Microsoft.EntityFrameworkCore.InMemory.Query.Internal.InMemoryQueryExpression.ResultEnumerable.GetEnumerator()
   at Microsoft.EntityFrameworkCore.InMemory.Query.Internal.InMemoryShapedQueryCompilingExpressionVisitor.QueryingEnumerable`1.Enumerator.MoveNextHelper()
   at Microsoft.EntityFrameworkCore.InMemory.Query.Internal.InMemoryShapedQueryCompilingExpressionVisitor.QueryingEnumerable`1.Enumerator.MoveNextAsync()
   at Microsoft.EntityFrameworkCore.Query.ShapedQueryCompilingExpressionVisitor.SingleAsync[TSource](IAsyncEnumerable`1 asyncEnumerable, CancellationToken cancellationToken)
   at Microsoft.EntityFrameworkCore.Query.ShapedQueryCompilingExpressionVisitor.SingleAsync[TSource](IAsyncEnumerable`1 asyncEnumerable, CancellationToken cancellationToken)
   at WitchCityRope.Infrastructure.Tests.Data.ConcurrencyTests.Should_Handle_Optimistic_Concurrency_With_RowVersion() in /home/chad/repos/witchcityrope-react/tests/WitchCityRope.Infrastructure.Tests/Data/ConcurrencyTests.cs:line 32
--- End of stack trace from previous location ---</StackTrace>
        </ErrorInfo>
      </Output>
    </UnitTestResult>
    <UnitTestResult executionId="deb87501-926c-45a1-8e8e-8cbdbee0703b" testId="548a09d3-4fa2-75df-faa2-e267f1d73899" testName="WitchCityRope.Infrastructure.Tests.Security.EncryptionServiceTests.EncryptAsync_Should_Return_Empty_String_For_Empty_Input" computerName="Unbutu-Ai-Chads-PC" duration="00:00:00.0003378" startTime="2025-09-12T14:37:40.3732344-04:00" endTime="2025-09-12T14:37:40.3733574-04:00" testType="13cdc9d9-ddb5-4fa4-a97d-d965ccfc6d4b" outcome="Passed" testListId="8c84fa94-04c1-424b-9868-57a2d4851a1d" relativeResultsDirectory="deb87501-926c-45a1-8e8e-8cbdbee0703b" />
    <UnitTestResult executionId="387edce5-2857-436e-a447-2ee5a1c36468" testId="0ee62c17-dcae-efb1-3027-07f5ee04a932" testName="WitchCityRope.Infrastructure.Tests.PayPal.PayPalServiceTests.Should_Default_To_Sandbox_When_IsSandbox_Not_Specified" computerName="Unbutu-Ai-Chads-PC" duration="00:00:00.0002594" startTime="2025-09-12T14:37:36.5807812-04:00" endTime="2025-09-12T14:37:36.5808273-04:00" testType="13cdc9d9-ddb5-4fa4-a97d-d965ccfc6d4b" outcome="Passed" testListId="8c84fa94-04c1-424b-9868-57a2d4851a1d" relativeResultsDirectory="387edce5-2857-436e-a447-2ee5a1c36468" />
    <UnitTestResult executionId="d84167cb-f49b-45fd-8bbe-eb02503e6060" testId="3b3ecbd9-1b3c-f621-f2e4-19cb21a63a18" testName="WitchCityRope.Infrastructure.Tests.Security.JwtTokenServiceTests.ValidateToken_Should_Return_Null_For_Wrong_Issuer" computerName="Unbutu-Ai-Chads-PC" duration="00:00:00.0010000" startTime="2025-09-12T14:37:36.4498141-04:00" endTime="2025-09-12T14:37:36.4498951-04:00" testType="13cdc9d9-ddb5-4fa4-a97d-d965ccfc6d4b" outcome="Failed" testListId="8c84fa94-04c1-424b-9868-57a2d4851a1d" relativeResultsDirectory="d84167cb-f49b-45fd-8bbe-eb02503e6060">
      <Output>
        <ErrorInfo>
          <Message>System.InvalidOperationException : JWT secret key not configured</Message>
          <StackTrace>   at WitchCityRope.Infrastructure.Security.JwtTokenService..ctor(IConfiguration configuration) in /home/chad/repos/witchcityrope-react/src/WitchCityRope.Infrastructure/Security/JwtTokenService.cs:line 33
   at WitchCityRope.Infrastructure.Tests.Security.JwtTokenServiceTests..ctor() in /home/chad/repos/witchcityrope-react/tests/WitchCityRope.Infrastructure.Tests/Security/JwtTokenServiceTests.cs:line 35
   at System.RuntimeType.CreateInstanceDefaultCtor(Boolean publicOnly, Boolean wrapExceptions)</StackTrace>
        </ErrorInfo>
      </Output>
    </UnitTestResult>
    <UnitTestResult executionId="02e58ff9-2658-4a68-b519-23b8349637b5" testId="ad7d5cca-0afe-aa15-f70e-c563df4cebb9" testName="WitchCityRope.Infrastructure.Tests.Data.EntityConfigurationTests.Event_Registration_Relationship_Should_Be_Configured_Correctly" computerName="Unbutu-Ai-Chads-PC" duration="00:00:00.0167298" startTime="2025-09-12T14:37:37.7478941-04:00" endTime="2025-09-12T14:37:37.8005715-04:00" testType="13cdc9d9-ddb5-4fa4-a97d-d965ccfc6d4b" outcome="Failed" testListId="8c84fa94-04c1-424b-9868-57a2d4851a1d" relativeResultsDirectory="02e58ff9-2658-4a68-b519-23b8349637b5">
      <Output>
        <ErrorInfo>
          <Message>Microsoft.EntityFrameworkCore.DbUpdateException : An error occurred while saving the entity changes. See the inner exception for details.
---- Microsoft.Data.Sqlite.SqliteException : SQLite Error 19: 'NOT NULL constraint failed: Registrations.DietaryRestrictions'.</Message>
          <StackTrace>   at Microsoft.EntityFrameworkCore.Update.ReaderModificationCommandBatch.ExecuteAsync(IRelationalConnection connection, CancellationToken cancellationToken)
   at Microsoft.EntityFrameworkCore.Update.Internal.BatchExecutor.ExecuteAsync(IEnumerable`1 commandBatches, IRelationalConnection connection, CancellationToken cancellationToken)
   at Microsoft.EntityFrameworkCore.Update.Internal.BatchExecutor.ExecuteAsync(IEnumerable`1 commandBatches, IRelationalConnection connection, CancellationToken cancellationToken)
   at Microsoft.EntityFrameworkCore.Update.Internal.BatchExecutor.ExecuteAsync(IEnumerable`1 commandBatches, IRelationalConnection connection, CancellationToken cancellationToken)
   at Microsoft.EntityFrameworkCore.Storage.RelationalDatabase.SaveChangesAsync(IList`1 entries, CancellationToken cancellationToken)
   at Microsoft.EntityFrameworkCore.ChangeTracking.Internal.StateManager.SaveChangesAsync(IList`1 entriesToSave, CancellationToken cancellationToken)
   at Microsoft.EntityFrameworkCore.ChangeTracking.Internal.StateManager.SaveChangesAsync(StateManager stateManager, Boolean acceptAllChangesOnSuccess, CancellationToken cancellationToken)
   at Microsoft.EntityFrameworkCore.DbContext.SaveChangesAsync(Boolean acceptAllChangesOnSuccess, CancellationToken cancellationToken)
   at Microsoft.EntityFrameworkCore.DbContext.SaveChangesAsync(Boolean acceptAllChangesOnSuccess, CancellationToken cancellationToken)
   at WitchCityRope.Infrastructure.Data.WitchCityRopeDbContext.SaveChangesAsync(CancellationToken cancellationToken) in /home/chad/repos/witchcityrope-react/src/WitchCityRope.Infrastructure/Data/WitchCityRopeDbContext.cs:line 58
   at WitchCityRope.Infrastructure.Tests.Data.EntityConfigurationTests.Event_Registration_Relationship_Should_Be_Configured_Correctly() in /home/chad/repos/witchcityrope-react/tests/WitchCityRope.Infrastructure.Tests/Data/EntityConfigurationTests.cs:line 76
--- End of stack trace from previous location ---
----- Inner Stack Trace -----
   at Microsoft.Data.Sqlite.SqliteException.ThrowExceptionForRC(Int32 rc, sqlite3 db)
   at Microsoft.Data.Sqlite.SqliteDataReader.NextResult()
   at Microsoft.Data.Sqlite.SqliteCommand.ExecuteReader(CommandBehavior behavior)
   at Microsoft.Data.Sqlite.SqliteCommand.ExecuteReaderAsync(CommandBehavior behavior, CancellationToken cancellationToken)
   at Microsoft.Data.Sqlite.SqliteCommand.ExecuteDbDataReaderAsync(CommandBehavior behavior, CancellationToken cancellationToken)
   at Microsoft.EntityFrameworkCore.Storage.RelationalCommand.ExecuteReaderAsync(RelationalCommandParameterObject parameterObject, CancellationToken cancellationToken)
   at Microsoft.EntityFrameworkCore.Storage.RelationalCommand.ExecuteReaderAsync(RelationalCommandParameterObject parameterObject, CancellationToken cancellationToken)
   at Microsoft.EntityFrameworkCore.Update.ReaderModificationCommandBatch.ExecuteAsync(IRelationalConnection connection, CancellationToken cancellationToken)</StackTrace>
        </ErrorInfo>
      </Output>
    </UnitTestResult>
    <UnitTestResult executionId="cd7e30e7-f3b1-4171-8812-36052dc9e844" testId="00fb0efe-ac5c-dcca-7bdb-1e3f8783f943" testName="WitchCityRope.Infrastructure.Tests.Email.EmailServiceTests.SendEmailAsync_Should_Return_False_When_Exception_Occurs" computerName="Unbutu-Ai-Chads-PC" duration="00:00:00.0015874" startTime="2025-09-12T14:37:36.5482748-04:00" endTime="2025-09-12T14:37:36.5486431-04:00" testType="13cdc9d9-ddb5-4fa4-a97d-d965ccfc6d4b" outcome="Passed" testListId="8c84fa94-04c1-424b-9868-57a2d4851a1d" relativeResultsDirectory="cd7e30e7-f3b1-4171-8812-36052dc9e844" />
    <UnitTestResult executionId="00b5d597-6968-4309-bb1a-12593dc7f228" testId="9fe6d175-d2ab-6131-d5d1-c65e74e5832a" testName="WitchCityRope.Infrastructure.Tests.Security.JwtTokenServiceTests.GetUserIdFromToken_Should_Return_Null_For_Invalid_Token" computerName="Unbutu-Ai-Chads-PC" duration="00:00:00.0010000" startTime="2025-09-12T14:37:36.4482938-04:00" endTime="2025-09-12T14:37:36.4483653-04:00" testType="13cdc9d9-ddb5-4fa4-a97d-d965ccfc6d4b" outcome="Failed" testListId="8c84fa94-04c1-424b-9868-57a2d4851a1d" relativeResultsDirectory="00b5d597-6968-4309-bb1a-12593dc7f228">
      <Output>
        <ErrorInfo>
          <Message>System.InvalidOperationException : JWT secret key not configured</Message>
          <StackTrace>   at WitchCityRope.Infrastructure.Security.JwtTokenService..ctor(IConfiguration configuration) in /home/chad/repos/witchcityrope-react/src/WitchCityRope.Infrastructure/Security/JwtTokenService.cs:line 33
   at WitchCityRope.Infrastructure.Tests.Security.JwtTokenServiceTests..ctor() in /home/chad/repos/witchcityrope-react/tests/WitchCityRope.Infrastructure.Tests/Security/JwtTokenServiceTests.cs:line 35
   at System.RuntimeType.CreateInstanceDefaultCtor(Boolean publicOnly, Boolean wrapExceptions)</StackTrace>
        </ErrorInfo>
      </Output>
    </UnitTestResult>
    <UnitTestResult executionId="aee46c3e-eb82-4e5c-bf96-aa625b65f5bc" testId="239858d9-6523-c1b4-9f7d-78a53c1eac10" testName="WitchCityRope.Infrastructure.Tests.Data.WitchCityRopeDbContextTests.Should_Save_And_Retrieve_User" computerName="Unbutu-Ai-Chads-PC" duration="00:00:00.3816427" startTime="2025-09-12T14:37:36.3889608-04:00" endTime="2025-09-12T14:37:37.6384940-04:00" testType="13cdc9d9-ddb5-4fa4-a97d-d965ccfc6d4b" outcome="Failed" testListId="8c84fa94-04c1-424b-9868-57a2d4851a1d" relativeResultsDirectory="aee46c3e-eb82-4e5c-bf96-aa625b65f5bc">
      <Output>
        <ErrorInfo>
          <Message>Expected retrievedUser not to be &lt;null&gt;.</Message>
          <StackTrace>   at FluentAssertions.Execution.LateBoundTestFramework.Throw(String message)
   at FluentAssertions.Execution.DefaultAssertionStrategy.HandleFailure(String message)
   at FluentAssertions.Execution.AssertionScope.AddPreFormattedFailure(String formattedFailureMessage)
   at FluentAssertions.Execution.AssertionChain.FailWith(Func`1 getFailureReason)
   at FluentAssertions.Execution.AssertionChain.FailWith(Func`1 getFailureReason)
   at FluentAssertions.Execution.AssertionChain.FailWith(String message)
   at FluentAssertions.Primitives.ReferenceTypeAssertions`2.NotBeNull(String because, Object[] becauseArgs)
   at WitchCityRope.Infrastructure.Tests.Data.WitchCityRopeDbContextTests.Should_Save_And_Retrieve_User() in /home/chad/repos/witchcityrope-react/tests/WitchCityRope.Infrastructure.Tests/Data/WitchCityRopeDbContextTests.cs:line 47
--- End of stack trace from previous location ---</StackTrace>
        </ErrorInfo>
      </Output>
    </UnitTestResult>
    <UnitTestResult executionId="b8ea5393-45b4-4bb9-b3e7-176e43444c4c" testId="69221b6b-5e06-008b-d928-3f77a40328a2" testName="WitchCityRope.Infrastructure.Tests.Data.WitchCityRopeDbContextTests.Should_Update_Audit_Fields_On_Modify" computerName="Unbutu-Ai-Chads-PC" duration="00:00:00.1076608" startTime="2025-09-12T14:37:37.8062181-04:00" endTime="2025-09-12T14:37:37.9581719-04:00" testType="13cdc9d9-ddb5-4fa4-a97d-d965ccfc6d4b" outcome="Passed" testListId="8c84fa94-04c1-424b-9868-57a2d4851a1d" relativeResultsDirectory="b8ea5393-45b4-4bb9-b3e7-176e43444c4c" />
    <UnitTestResult executionId="f4c97d31-5e81-4c70-a853-3c0c7f26f03d" testId="e5db7fe7-0c86-b69a-1876-a463e7e775cd" testName="WitchCityRope.Infrastructure.Tests.Security.EncryptionServiceTests.Encrypt_Decrypt_Should_Handle_Unicode_Characters" computerName="Unbutu-Ai-Chads-PC" duration="00:00:00.0011589" startTime="2025-09-12T14:37:40.3735473-04:00" endTime="2025-09-12T14:37:40.3748049-04:00" testType="13cdc9d9-ddb5-4fa4-a97d-d965ccfc6d4b" outcome="Passed" testListId="8c84fa94-04c1-424b-9868-57a2d4851a1d" relativeResultsDirectory="f4c97d31-5e81-4c70-a853-3c0c7f26f03d" />
    <UnitTestResult executionId="80802805-e869-40d9-9bc4-0a871c0de8c8" testId="b432be91-d64b-9c99-4079-f00a8db2e635" testName="WitchCityRope.Infrastructure.Tests.Data.ComplexQueryTests.Should_Query_Upcoming_Events_With_Available_Spots" computerName="Unbutu-Ai-Chads-PC" duration="00:00:00.0010000" startTime="2025-09-12T14:37:37.9522171-04:00" endTime="2025-09-12T14:37:38.0941683-04:00" testType="13cdc9d9-ddb5-4fa4-a97d-d965ccfc6d4b" outcome="Failed" testListId="8c84fa94-04c1-424b-9868-57a2d4851a1d" relativeResultsDirectory="80802805-e869-40d9-9bc4-0a871c0de8c8">
      <Output>
        <ErrorInfo>
          <Message>Microsoft.EntityFrameworkCore.DbUpdateException : An error occurred while saving the entity changes. See the inner exception for details.
---- Microsoft.Data.Sqlite.SqliteException : SQLite Error 19: 'NOT NULL constraint failed: Registrations.DietaryRestrictions'.</Message>
          <StackTrace>   at Microsoft.EntityFrameworkCore.Update.ReaderModificationCommandBatch.ExecuteAsync(IRelationalConnection connection, CancellationToken cancellationToken)
   at Microsoft.EntityFrameworkCore.Update.Internal.BatchExecutor.ExecuteAsync(IEnumerable`1 commandBatches, IRelationalConnection connection, CancellationToken cancellationToken)
   at Microsoft.EntityFrameworkCore.Update.Internal.BatchExecutor.ExecuteAsync(IEnumerable`1 commandBatches, IRelationalConnection connection, CancellationToken cancellationToken)
   at Microsoft.EntityFrameworkCore.Update.Internal.BatchExecutor.ExecuteAsync(IEnumerable`1 commandBatches, IRelationalConnection connection, CancellationToken cancellationToken)
   at Microsoft.EntityFrameworkCore.Storage.RelationalDatabase.SaveChangesAsync(IList`1 entries, CancellationToken cancellationToken)
   at Microsoft.EntityFrameworkCore.ChangeTracking.Internal.StateManager.SaveChangesAsync(IList`1 entriesToSave, CancellationToken cancellationToken)
   at Microsoft.EntityFrameworkCore.ChangeTracking.Internal.StateManager.SaveChangesAsync(StateManager stateManager, Boolean acceptAllChangesOnSuccess, CancellationToken cancellationToken)
   at Microsoft.EntityFrameworkCore.DbContext.SaveChangesAsync(Boolean acceptAllChangesOnSuccess, CancellationToken cancellationToken)
   at Microsoft.EntityFrameworkCore.DbContext.SaveChangesAsync(Boolean acceptAllChangesOnSuccess, CancellationToken cancellationToken)
   at WitchCityRope.Infrastructure.Data.WitchCityRopeDbContext.SaveChangesAsync(CancellationToken cancellationToken) in /home/chad/repos/witchcityrope-react/src/WitchCityRope.Infrastructure/Data/WitchCityRopeDbContext.cs:line 58
   at WitchCityRope.Infrastructure.Tests.Data.ComplexQueryTests.SeedDataAsync() in /home/chad/repos/witchcityrope-react/tests/WitchCityRope.Infrastructure.Tests/Data/ComplexQueryTests.cs:line 63
   at WitchCityRope.Infrastructure.Tests.Fixtures.IntegrationTestBase.InitializeAsync() in /home/chad/repos/witchcityrope-react/tests/WitchCityRope.Infrastructure.Tests/Fixtures/IntegrationTestBase.cs:line 41
----- Inner Stack Trace -----
   at Microsoft.Data.Sqlite.SqliteException.ThrowExceptionForRC(Int32 rc, sqlite3 db)
   at Microsoft.Data.Sqlite.SqliteDataReader.NextResult()
   at Microsoft.Data.Sqlite.SqliteCommand.ExecuteReader(CommandBehavior behavior)
   at Microsoft.Data.Sqlite.SqliteCommand.ExecuteReaderAsync(CommandBehavior behavior, CancellationToken cancellationToken)
   at Microsoft.Data.Sqlite.SqliteCommand.ExecuteDbDataReaderAsync(CommandBehavior behavior, CancellationToken cancellationToken)
   at Microsoft.EntityFrameworkCore.Storage.RelationalCommand.ExecuteReaderAsync(RelationalCommandParameterObject parameterObject, CancellationToken cancellationToken)
   at Microsoft.EntityFrameworkCore.Storage.RelationalCommand.ExecuteReaderAsync(RelationalCommandParameterObject parameterObject, CancellationToken cancellationToken)
   at Microsoft.EntityFrameworkCore.Update.ReaderModificationCommandBatch.ExecuteAsync(IRelationalConnection connection, CancellationToken cancellationToken)</StackTrace>
        </ErrorInfo>
      </Output>
    </UnitTestResult>
    <UnitTestResult executionId="8d89550e-b66c-43ac-b516-d1ca4a4a57db" testId="c99a566a-1630-a491-7e5a-d1e5db3d6a74" testName="WitchCityRope.Infrastructure.Tests.Security.EncryptionServiceTests.VerifyHash_Should_Return_False_For_Invalid_Hash" computerName="Unbutu-Ai-Chads-PC" duration="00:00:00.0019608" startTime="2025-09-12T14:37:36.4542142-04:00" endTime="2025-09-12T14:37:36.4543265-04:00" testType="13cdc9d9-ddb5-4fa4-a97d-d965ccfc6d4b" outcome="Passed" testListId="8c84fa94-04c1-424b-9868-57a2d4851a1d" relativeResultsDirectory="8d89550e-b66c-43ac-b516-d1ca4a4a57db" />
    <UnitTestResult executionId="53b9b17c-51ad-413f-ba7c-6ea83b59665c" testId="f768ae59-36e8-7994-fc40-60be4f478e46" testName="WitchCityRope.Infrastructure.Tests.Security.EncryptionServiceTests.VerifyHash_Should_Return_False_For_Null_PlainText" computerName="Unbutu-Ai-Chads-PC" duration="00:00:00.2007379" startTime="2025-09-12T14:37:40.1723166-04:00" endTime="2025-09-12T14:37:40.3729871-04:00" testType="13cdc9d9-ddb5-4fa4-a97d-d965ccfc6d4b" outcome="Passed" testListId="8c84fa94-04c1-424b-9868-57a2d4851a1d" relativeResultsDirectory="53b9b17c-51ad-413f-ba7c-6ea83b59665c" />
    <UnitTestResult executionId="e4f997a2-cf5b-493c-9817-25296100ad92" testId="26b9f878-3757-489b-6626-eca8d0f72307" testName="WitchCityRope.Infrastructure.Tests.Data.EntityConfigurationTests.User_Configuration_Should_Store_Value_Objects_Correctly" computerName="Unbutu-Ai-Chads-PC" duration="00:00:00.1219317" startTime="2025-09-12T14:37:37.4171655-04:00" endTime="2025-09-12T14:37:37.6375391-04:00" testType="13cdc9d9-ddb5-4fa4-a97d-d965ccfc6d4b" outcome="Failed" testListId="8c84fa94-04c1-424b-9868-57a2d4851a1d" relativeResultsDirectory="e4f997a2-cf5b-493c-9817-25296100ad92">
      <Output>
        <ErrorInfo>
          <Message>System.InvalidOperationException : Sequence contains no elements</Message>
          <StackTrace>   at System.Linq.ThrowHelper.ThrowNoElementsException()
   at lambda_method1295(Closure)
   at Microsoft.EntityFrameworkCore.InMemory.Query.Internal.InMemoryQueryExpression.ResultEnumerable.GetEnumerator()
   at Microsoft.EntityFrameworkCore.InMemory.Query.Internal.InMemoryShapedQueryCompilingExpressionVisitor.QueryingEnumerable`1.Enumerator.MoveNextHelper()
   at Microsoft.EntityFrameworkCore.InMemory.Query.Internal.InMemoryShapedQueryCompilingExpressionVisitor.QueryingEnumerable`1.Enumerator.MoveNextAsync()
   at Microsoft.EntityFrameworkCore.Query.ShapedQueryCompilingExpressionVisitor.SingleAsync[TSource](IAsyncEnumerable`1 asyncEnumerable, CancellationToken cancellationToken)
   at Microsoft.EntityFrameworkCore.Query.ShapedQueryCompilingExpressionVisitor.SingleAsync[TSource](IAsyncEnumerable`1 asyncEnumerable, CancellationToken cancellationToken)
   at WitchCityRope.Infrastructure.Tests.Data.EntityConfigurationTests.&lt;&gt;c__DisplayClass1_0.&lt;&lt;User_Configuration_Should_Store_Value_Objects_Correctly&gt;b__0&gt;d.MoveNext() in /home/chad/repos/witchcityrope-react/tests/WitchCityRope.Infrastructure.Tests/Data/EntityConfigurationTests.cs:line 50
--- End of stack trace from previous location ---
   at WitchCityRope.Infrastructure.Tests.Fixtures.IntegrationTestBase.ExecuteWithNewContextAsync[T](Func`2 action) in /home/chad/repos/witchcityrope-react/tests/WitchCityRope.Infrastructure.Tests/Fixtures/IntegrationTestBase.cs:line 89
   at WitchCityRope.Infrastructure.Tests.Data.EntityConfigurationTests.User_Configuration_Should_Store_Value_Objects_Correctly() in /home/chad/repos/witchcityrope-react/tests/WitchCityRope.Infrastructure.Tests/Data/EntityConfigurationTests.cs:line 49
--- End of stack trace from previous location ---</StackTrace>
        </ErrorInfo>
      </Output>
    </UnitTestResult>
    <UnitTestResult executionId="b32e0323-0dfc-4d78-bbbd-e1942e5500bd" testId="69fe012a-82fe-3708-098d-5cd009a2da67" testName="WitchCityRope.Infrastructure.Tests.Security.EncryptionServiceTests.DecryptAsync_Should_Return_Empty_String_For_Empty_Input" computerName="Unbutu-Ai-Chads-PC" duration="00:00:00.0005282" startTime="2025-09-12T14:37:40.1718221-04:00" endTime="2025-09-12T14:37:40.1721610-04:00" testType="13cdc9d9-ddb5-4fa4-a97d-d965ccfc6d4b" outcome="Passed" testListId="8c84fa94-04c1-424b-9868-57a2d4851a1d" relativeResultsDirectory="b32e0323-0dfc-4d78-bbbd-e1942e5500bd" />
    <UnitTestResult executionId="4aa327da-0389-4068-a0f5-4eca8838ba91" testId="4912d116-f7fc-a751-481c-6c5c02960fc1" testName="WitchCityRope.Infrastructure.Tests.Data.ComplexQueryTests.Should_Execute_Raw_SQL_Query" computerName="Unbutu-Ai-Chads-PC" duration="00:00:00.0010000" startTime="2025-09-12T14:37:38.0969293-04:00" endTime="2025-09-12T14:37:38.2357792-04:00" testType="13cdc9d9-ddb5-4fa4-a97d-d965ccfc6d4b" outcome="Failed" testListId="8c84fa94-04c1-424b-9868-57a2d4851a1d" relativeResultsDirectory="4aa327da-0389-4068-a0f5-4eca8838ba91">
      <Output>
        <ErrorInfo>
          <Message>Microsoft.EntityFrameworkCore.DbUpdateException : An error occurred while saving the entity changes. See the inner exception for details.
---- Microsoft.Data.Sqlite.SqliteException : SQLite Error 19: 'NOT NULL constraint failed: Registrations.DietaryRestrictions'.</Message>
          <StackTrace>   at Microsoft.EntityFrameworkCore.Update.ReaderModificationCommandBatch.ExecuteAsync(IRelationalConnection connection, CancellationToken cancellationToken)
   at Microsoft.EntityFrameworkCore.Update.Internal.BatchExecutor.ExecuteAsync(IEnumerable`1 commandBatches, IRelationalConnection connection, CancellationToken cancellationToken)
   at Microsoft.EntityFrameworkCore.Update.Internal.BatchExecutor.ExecuteAsync(IEnumerable`1 commandBatches, IRelationalConnection connection, CancellationToken cancellationToken)
   at Microsoft.EntityFrameworkCore.Update.Internal.BatchExecutor.ExecuteAsync(IEnumerable`1 commandBatches, IRelationalConnection connection, CancellationToken cancellationToken)
   at Microsoft.EntityFrameworkCore.Storage.RelationalDatabase.SaveChangesAsync(IList`1 entries, CancellationToken cancellationToken)
   at Microsoft.EntityFrameworkCore.ChangeTracking.Internal.StateManager.SaveChangesAsync(IList`1 entriesToSave, CancellationToken cancellationToken)
   at Microsoft.EntityFrameworkCore.ChangeTracking.Internal.StateManager.SaveChangesAsync(StateManager stateManager, Boolean acceptAllChangesOnSuccess, CancellationToken cancellationToken)
   at Microsoft.EntityFrameworkCore.DbContext.SaveChangesAsync(Boolean acceptAllChangesOnSuccess, CancellationToken cancellationToken)
   at Microsoft.EntityFrameworkCore.DbContext.SaveChangesAsync(Boolean acceptAllChangesOnSuccess, CancellationToken cancellationToken)
   at WitchCityRope.Infrastructure.Data.WitchCityRopeDbContext.SaveChangesAsync(CancellationToken cancellationToken) in /home/chad/repos/witchcityrope-react/src/WitchCityRope.Infrastructure/Data/WitchCityRopeDbContext.cs:line 58
   at WitchCityRope.Infrastructure.Tests.Data.ComplexQueryTests.SeedDataAsync() in /home/chad/repos/witchcityrope-react/tests/WitchCityRope.Infrastructure.Tests/Data/ComplexQueryTests.cs:line 63
   at WitchCityRope.Infrastructure.Tests.Fixtures.IntegrationTestBase.InitializeAsync() in /home/chad/repos/witchcityrope-react/tests/WitchCityRope.Infrastructure.Tests/Fixtures/IntegrationTestBase.cs:line 41
----- Inner Stack Trace -----
   at Microsoft.Data.Sqlite.SqliteException.ThrowExceptionForRC(Int32 rc, sqlite3 db)
   at Microsoft.Data.Sqlite.SqliteDataReader.NextResult()
   at Microsoft.Data.Sqlite.SqliteCommand.ExecuteReader(CommandBehavior behavior)
   at Microsoft.Data.Sqlite.SqliteCommand.ExecuteReaderAsync(CommandBehavior behavior, CancellationToken cancellationToken)
   at Microsoft.Data.Sqlite.SqliteCommand.ExecuteDbDataReaderAsync(CommandBehavior behavior, CancellationToken cancellationToken)
   at Microsoft.EntityFrameworkCore.Storage.RelationalCommand.ExecuteReaderAsync(RelationalCommandParameterObject parameterObject, CancellationToken cancellationToken)
   at Microsoft.EntityFrameworkCore.Storage.RelationalCommand.ExecuteReaderAsync(RelationalCommandParameterObject parameterObject, CancellationToken cancellationToken)
   at Microsoft.EntityFrameworkCore.Update.ReaderModificationCommandBatch.ExecuteAsync(IRelationalConnection connection, CancellationToken cancellationToken)</StackTrace>
        </ErrorInfo>
      </Output>
    </UnitTestResult>
    <UnitTestResult executionId="44847f0a-6aa3-4a09-961a-fc6ff24ac7a4" testId="38d9a3a3-e1c3-68c6-2d7a-903c09e97244" testName="WitchCityRope.Infrastructure.Tests.Security.EncryptionServiceTests.VerifyHash_Should_Return_False_For_Incorrect_Password" computerName="Unbutu-Ai-Chads-PC" duration="00:00:01.7352194" startTime="2025-09-12T14:37:36.4562838-04:00" endTime="2025-09-12T14:37:38.1825723-04:00" testType="13cdc9d9-ddb5-4fa4-a97d-d965ccfc6d4b" outcome="Passed" testListId="8c84fa94-04c1-424b-9868-57a2d4851a1d" relativeResultsDirectory="44847f0a-6aa3-4a09-961a-fc6ff24ac7a4" />
    <UnitTestResult executionId="97e1a33d-0edd-45f0-b3b5-cc9b75c25a4e" testId="6babc633-5a84-86ce-3dc5-db3fab1babdf" testName="WitchCityRope.Infrastructure.Tests.Data.WitchCityRopeDbContextTests.Should_Handle_Concurrent_Updates" computerName="Unbutu-Ai-Chads-PC" duration="00:00:00.0027631" startTime="2025-09-12T14:37:38.1475076-04:00" endTime="2025-09-12T14:37:38.1885980-04:00" testType="13cdc9d9-ddb5-4fa4-a97d-d965ccfc6d4b" outcome="Failed" testListId="8c84fa94-04c1-424b-9868-57a2d4851a1d" relativeResultsDirectory="97e1a33d-0edd-45f0-b3b5-cc9b75c25a4e">
      <Output>
        <ErrorInfo>
          <Message>System.InvalidOperationException : Sequence contains no elements</Message>
          <StackTrace>   at System.Linq.ThrowHelper.ThrowNoElementsException()
   at lambda_method1295(Closure)
   at Microsoft.EntityFrameworkCore.InMemory.Query.Internal.InMemoryQueryExpression.ResultEnumerable.GetEnumerator()
   at Microsoft.EntityFrameworkCore.InMemory.Query.Internal.InMemoryShapedQueryCompilingExpressionVisitor.QueryingEnumerable`1.Enumerator.MoveNextHelper()
   at Microsoft.EntityFrameworkCore.InMemory.Query.Internal.InMemoryShapedQueryCompilingExpressionVisitor.QueryingEnumerable`1.Enumerator.MoveNextAsync()
   at Microsoft.EntityFrameworkCore.Query.ShapedQueryCompilingExpressionVisitor.SingleAsync[TSource](IAsyncEnumerable`1 asyncEnumerable, CancellationToken cancellationToken)
   at Microsoft.EntityFrameworkCore.Query.ShapedQueryCompilingExpressionVisitor.SingleAsync[TSource](IAsyncEnumerable`1 asyncEnumerable, CancellationToken cancellationToken)
   at WitchCityRope.Infrastructure.Tests.Data.WitchCityRopeDbContextTests.Should_Handle_Concurrent_Updates() in /home/chad/repos/witchcityrope-react/tests/WitchCityRope.Infrastructure.Tests/Data/WitchCityRopeDbContextTests.cs:line 83
--- End of stack trace from previous location ---</StackTrace>
        </ErrorInfo>
      </Output>
    </UnitTestResult>
    <UnitTestResult executionId="55fd998f-bd62-4d07-9a18-c5860b9939ae" testId="bd31f24b-8a56-ffab-1b6d-032aa810c6a3" testName="WitchCityRope.Infrastructure.Tests.Data.ComplexQueryTests.Should_Use_Compiled_Query_For_Performance" computerName="Unbutu-Ai-Chads-PC" duration="00:00:00.0010000" startTime="2025-09-12T14:37:37.5414853-04:00" endTime="2025-09-12T14:37:37.6731491-04:00" testType="13cdc9d9-ddb5-4fa4-a97d-d965ccfc6d4b" outcome="Failed" testListId="8c84fa94-04c1-424b-9868-57a2d4851a1d" relativeResultsDirectory="55fd998f-bd62-4d07-9a18-c5860b9939ae">
      <Output>
        <ErrorInfo>
          <Message>Microsoft.EntityFrameworkCore.DbUpdateException : An error occurred while saving the entity changes. See the inner exception for details.
---- Microsoft.Data.Sqlite.SqliteException : SQLite Error 19: 'NOT NULL constraint failed: Registrations.DietaryRestrictions'.</Message>
          <StackTrace>   at Microsoft.EntityFrameworkCore.Update.ReaderModificationCommandBatch.ExecuteAsync(IRelationalConnection connection, CancellationToken cancellationToken)
   at Microsoft.EntityFrameworkCore.Update.Internal.BatchExecutor.ExecuteAsync(IEnumerable`1 commandBatches, IRelationalConnection connection, CancellationToken cancellationToken)
   at Microsoft.EntityFrameworkCore.Update.Internal.BatchExecutor.ExecuteAsync(IEnumerable`1 commandBatches, IRelationalConnection connection, CancellationToken cancellationToken)
   at Microsoft.EntityFrameworkCore.Update.Internal.BatchExecutor.ExecuteAsync(IEnumerable`1 commandBatches, IRelationalConnection connection, CancellationToken cancellationToken)
   at Microsoft.EntityFrameworkCore.Storage.RelationalDatabase.SaveChangesAsync(IList`1 entries, CancellationToken cancellationToken)
   at Microsoft.EntityFrameworkCore.ChangeTracking.Internal.StateManager.SaveChangesAsync(IList`1 entriesToSave, CancellationToken cancellationToken)
   at Microsoft.EntityFrameworkCore.ChangeTracking.Internal.StateManager.SaveChangesAsync(StateManager stateManager, Boolean acceptAllChangesOnSuccess, CancellationToken cancellationToken)
   at Microsoft.EntityFrameworkCore.DbContext.SaveChangesAsync(Boolean acceptAllChangesOnSuccess, CancellationToken cancellationToken)
   at Microsoft.EntityFrameworkCore.DbContext.SaveChangesAsync(Boolean acceptAllChangesOnSuccess, CancellationToken cancellationToken)
   at WitchCityRope.Infrastructure.Data.WitchCityRopeDbContext.SaveChangesAsync(CancellationToken cancellationToken) in /home/chad/repos/witchcityrope-react/src/WitchCityRope.Infrastructure/Data/WitchCityRopeDbContext.cs:line 58
   at WitchCityRope.Infrastructure.Tests.Data.ComplexQueryTests.SeedDataAsync() in /home/chad/repos/witchcityrope-react/tests/WitchCityRope.Infrastructure.Tests/Data/ComplexQueryTests.cs:line 63
   at WitchCityRope.Infrastructure.Tests.Fixtures.IntegrationTestBase.InitializeAsync() in /home/chad/repos/witchcityrope-react/tests/WitchCityRope.Infrastructure.Tests/Fixtures/IntegrationTestBase.cs:line 41
----- Inner Stack Trace -----
   at Microsoft.Data.Sqlite.SqliteException.ThrowExceptionForRC(Int32 rc, sqlite3 db)
   at Microsoft.Data.Sqlite.SqliteDataReader.NextResult()
   at Microsoft.Data.Sqlite.SqliteCommand.ExecuteReader(CommandBehavior behavior)
   at Microsoft.Data.Sqlite.SqliteCommand.ExecuteReaderAsync(CommandBehavior behavior, CancellationToken cancellationToken)
   at Microsoft.Data.Sqlite.SqliteCommand.ExecuteDbDataReaderAsync(CommandBehavior behavior, CancellationToken cancellationToken)
   at Microsoft.EntityFrameworkCore.Storage.RelationalCommand.ExecuteReaderAsync(RelationalCommandParameterObject parameterObject, CancellationToken cancellationToken)
   at Microsoft.EntityFrameworkCore.Storage.RelationalCommand.ExecuteReaderAsync(RelationalCommandParameterObject parameterObject, CancellationToken cancellationToken)
   at Microsoft.EntityFrameworkCore.Update.ReaderModificationCommandBatch.ExecuteAsync(IRelationalConnection connection, CancellationToken cancellationToken)</StackTrace>
        </ErrorInfo>
      </Output>
    </UnitTestResult>
    <UnitTestResult executionId="3803f0e2-48ba-4c42-a54a-ec60d6e5c018" testId="f4b775dc-9e8c-760a-8f8d-7fae5382e3c6" testName="WitchCityRope.Infrastructure.Tests.Security.JwtTokenServiceTests.GenerateRefreshToken_Should_Create_Unique_Tokens" computerName="Unbutu-Ai-Chads-PC" duration="00:00:00.0010000" startTime="2025-09-12T14:37:36.4446861-04:00" endTime="2025-09-12T14:37:36.4447593-04:00" testType="13cdc9d9-ddb5-4fa4-a97d-d965ccfc6d4b" outcome="Failed" testListId="8c84fa94-04c1-424b-9868-57a2d4851a1d" relativeResultsDirectory="3803f0e2-48ba-4c42-a54a-ec60d6e5c018">
      <Output>
        <ErrorInfo>
          <Message>System.InvalidOperationException : JWT secret key not configured</Message>
          <StackTrace>   at WitchCityRope.Infrastructure.Security.JwtTokenService..ctor(IConfiguration configuration) in /home/chad/repos/witchcityrope-react/src/WitchCityRope.Infrastructure/Security/JwtTokenService.cs:line 33
   at WitchCityRope.Infrastructure.Tests.Security.JwtTokenServiceTests..ctor() in /home/chad/repos/witchcityrope-react/tests/WitchCityRope.Infrastructure.Tests/Security/JwtTokenServiceTests.cs:line 35
   at System.RuntimeType.CreateInstanceDefaultCtor(Boolean publicOnly, Boolean wrapExceptions)</StackTrace>
        </ErrorInfo>
      </Output>
    </UnitTestResult>
    <UnitTestResult executionId="ccc3254a-ef51-4ece-ba2f-1f60c1f124d8" testId="d34ced5e-61be-8db1-2a33-5a0519fd37ce" testName="WitchCityRope.Infrastructure.Tests.Email.EmailServiceTests.SendBulkEmailAsync_Should_Send_To_Multiple_Recipients" computerName="Unbutu-Ai-Chads-PC" duration="00:00:00.0945589" startTime="2025-09-12T14:37:36.3889203-04:00" endTime="2025-09-12T14:37:36.4857408-04:00" testType="13cdc9d9-ddb5-4fa4-a97d-d965ccfc6d4b" outcome="Failed" testListId="8c84fa94-04c1-424b-9868-57a2d4851a1d" relativeResultsDirectory="ccc3254a-ef51-4ece-ba2f-1f60c1f124d8">
      <Output>
        <ErrorInfo>
          <Message>Moq.MockException : 
Expected invocation on the mock once, but was 0 times: x =&gt; x.SendEmailAsync(It.Is&lt;SendGridMessage&gt;(msg =&gt; ((msg.Personalizations[0].Tos.Count == 3 &amp;&amp; msg.Personalizations[0].Tos.Any&lt;EmailAddress&gt;(t =&gt; t.Email == "recipient1@example.com")) &amp;&amp; msg.Personalizations[0].Tos.Any&lt;EmailAddress&gt;(t =&gt; t.Email == "recipient2@example.com")) &amp;&amp; msg.Personalizations[0].Tos.Any&lt;EmailAddress&gt;(t =&gt; t.Email == "recipient3@example.com")), It.IsAny&lt;CancellationToken&gt;())

Performed invocations:

   Mock&lt;ISendGridClient:1&gt; (x):

      ISendGridClient.SendEmailAsync(SendGridMessage, CancellationToken)
</Message>
          <StackTrace>   at Moq.Mock.Verify(Mock mock, LambdaExpression expression, Times times, String failMessage) in /_/src/Moq/Mock.cs:line 332
   at Moq.Mock`1.Verify[TResult](Expression`1 expression, Func`1 times) in /_/src/Moq/Mock`1.cs:line 840
   at WitchCityRope.Infrastructure.Tests.Email.EmailServiceTests.SendBulkEmailAsync_Should_Send_To_Multiple_Recipients() in /home/chad/repos/witchcityrope-react/tests/WitchCityRope.Infrastructure.Tests/Email/EmailServiceTests.cs:line 166
--- End of stack trace from previous location ---</StackTrace>
        </ErrorInfo>
      </Output>
    </UnitTestResult>
    <UnitTestResult executionId="684e3f1d-2479-445d-9c65-d476a7cbdce9" testId="cee07bb6-f0e2-062a-9298-b31e489309dc" testName="WitchCityRope.Infrastructure.Tests.Security.EncryptionServiceTests.EncryptAsync_Should_Encrypt_Plain_Text" computerName="Unbutu-Ai-Chads-PC" duration="00:00:00.0012018" startTime="2025-09-12T14:37:40.3784100-04:00" endTime="2025-09-12T14:37:40.3791982-04:00" testType="13cdc9d9-ddb5-4fa4-a97d-d965ccfc6d4b" outcome="Passed" testListId="8c84fa94-04c1-424b-9868-57a2d4851a1d" relativeResultsDirectory="684e3f1d-2479-445d-9c65-d476a7cbdce9" />
    <UnitTestResult executionId="c0ef668a-1579-4592-98c0-d5e8379f98c1" testId="de0a592c-30a6-23bd-e2fd-8c5dac12d560" testName="WitchCityRope.Infrastructure.Tests.Data.ConcurrencyTests.Should_Handle_Concurrent_Payment_Processing" computerName="Unbutu-Ai-Chads-PC" duration="00:00:00.0063612" startTime="2025-09-12T14:37:37.6307843-04:00" endTime="2025-09-12T14:37:37.6856075-04:00" testType="13cdc9d9-ddb5-4fa4-a97d-d965ccfc6d4b" outcome="Failed" testListId="8c84fa94-04c1-424b-9868-57a2d4851a1d" relativeResultsDirectory="c0ef668a-1579-4592-98c0-d5e8379f98c1">
      <Output>
        <ErrorInfo>
          <Message>Microsoft.EntityFrameworkCore.DbUpdateException : An error occurred while saving the entity changes. See the inner exception for details.
---- Microsoft.Data.Sqlite.SqliteException : SQLite Error 19: 'NOT NULL constraint failed: Registrations.DietaryRestrictions'.</Message>
          <StackTrace>   at Microsoft.EntityFrameworkCore.Update.ReaderModificationCommandBatch.ExecuteAsync(IRelationalConnection connection, CancellationToken cancellationToken)
   at Microsoft.EntityFrameworkCore.Update.Internal.BatchExecutor.ExecuteAsync(IEnumerable`1 commandBatches, IRelationalConnection connection, CancellationToken cancellationToken)
   at Microsoft.EntityFrameworkCore.Update.Internal.BatchExecutor.ExecuteAsync(IEnumerable`1 commandBatches, IRelationalConnection connection, CancellationToken cancellationToken)
   at Microsoft.EntityFrameworkCore.Update.Internal.BatchExecutor.ExecuteAsync(IEnumerable`1 commandBatches, IRelationalConnection connection, CancellationToken cancellationToken)
   at Microsoft.EntityFrameworkCore.Storage.RelationalDatabase.SaveChangesAsync(IList`1 entries, CancellationToken cancellationToken)
   at Microsoft.EntityFrameworkCore.ChangeTracking.Internal.StateManager.SaveChangesAsync(IList`1 entriesToSave, CancellationToken cancellationToken)
   at Microsoft.EntityFrameworkCore.ChangeTracking.Internal.StateManager.SaveChangesAsync(StateManager stateManager, Boolean acceptAllChangesOnSuccess, CancellationToken cancellationToken)
   at Microsoft.EntityFrameworkCore.DbContext.SaveChangesAsync(Boolean acceptAllChangesOnSuccess, CancellationToken cancellationToken)
   at Microsoft.EntityFrameworkCore.DbContext.SaveChangesAsync(Boolean acceptAllChangesOnSuccess, CancellationToken cancellationToken)
   at WitchCityRope.Infrastructure.Data.WitchCityRopeDbContext.SaveChangesAsync(CancellationToken cancellationToken) in /home/chad/repos/witchcityrope-react/src/WitchCityRope.Infrastructure/Data/WitchCityRopeDbContext.cs:line 58
   at WitchCityRope.Infrastructure.Tests.Data.ConcurrencyTests.Should_Handle_Concurrent_Payment_Processing() in /home/chad/repos/witchcityrope-react/tests/WitchCityRope.Infrastructure.Tests/Data/ConcurrencyTests.cs:line 126
--- End of stack trace from previous location ---
----- Inner Stack Trace -----
   at Microsoft.Data.Sqlite.SqliteException.ThrowExceptionForRC(Int32 rc, sqlite3 db)
   at Microsoft.Data.Sqlite.SqliteDataReader.NextResult()
   at Microsoft.Data.Sqlite.SqliteCommand.ExecuteReader(CommandBehavior behavior)
   at Microsoft.Data.Sqlite.SqliteCommand.ExecuteReaderAsync(CommandBehavior behavior, CancellationToken cancellationToken)
   at Microsoft.Data.Sqlite.SqliteCommand.ExecuteDbDataReaderAsync(CommandBehavior behavior, CancellationToken cancellationToken)
   at Microsoft.EntityFrameworkCore.Storage.RelationalCommand.ExecuteReaderAsync(RelationalCommandParameterObject parameterObject, CancellationToken cancellationToken)
   at Microsoft.EntityFrameworkCore.Storage.RelationalCommand.ExecuteReaderAsync(RelationalCommandParameterObject parameterObject, CancellationToken cancellationToken)
   at Microsoft.EntityFrameworkCore.Update.ReaderModificationCommandBatch.ExecuteAsync(IRelationalConnection connection, CancellationToken cancellationToken)</StackTrace>
        </ErrorInfo>
      </Output>
    </UnitTestResult>
    <UnitTestResult executionId="4fcbb762-4ea9-4787-b4ca-d52ac37ab031" testId="cdbfe0a8-e401-5845-0974-d3e362e0c484" testName="WitchCityRope.Infrastructure.Tests.Email.EmailServiceTests.SendEmailAsync_Should_Return_False_When_SendGrid_Fails" computerName="Unbutu-Ai-Chads-PC" duration="00:00:00.0016165" startTime="2025-09-12T14:37:36.4867297-04:00" endTime="2025-09-12T14:37:36.4873557-04:00" testType="13cdc9d9-ddb5-4fa4-a97d-d965ccfc6d4b" outcome="Passed" testListId="8c84fa94-04c1-424b-9868-57a2d4851a1d" relativeResultsDirectory="4fcbb762-4ea9-4787-b4ca-d52ac37ab031" />
    <UnitTestResult executionId="48d3b97c-2f08-4ab3-9df9-887ea56a2b2e" testId="29bc5121-cf60-36a7-57b9-1ab204e81280" testName="WitchCityRope.Infrastructure.Tests.Data.EntityConfigurationTests.Should_Enforce_String_Length_Constraints" computerName="Unbutu-Ai-Chads-PC" duration="00:00:00.1571780" startTime="2025-09-12T14:37:36.3897358-04:00" endTime="2025-09-12T14:37:37.4168606-04:00" testType="13cdc9d9-ddb5-4fa4-a97d-d965ccfc6d4b" outcome="Passed" testListId="8c84fa94-04c1-424b-9868-57a2d4851a1d" relativeResultsDirectory="48d3b97c-2f08-4ab3-9df9-887ea56a2b2e" />
    <UnitTestResult executionId="fb54715e-6ee2-4503-86a5-84375e619a12" testId="58073b91-70b6-9fb3-000c-90ec0c036dad" testName="WitchCityRope.Infrastructure.Tests.Data.ComplexQueryTests.Should_Query_Event_Statistics" computerName="Unbutu-Ai-Chads-PC" duration="00:00:00.0010000" startTime="2025-09-12T14:37:37.6744856-04:00" endTime="2025-09-12T14:37:37.8138762-04:00" testType="13cdc9d9-ddb5-4fa4-a97d-d965ccfc6d4b" outcome="Failed" testListId="8c84fa94-04c1-424b-9868-57a2d4851a1d" relativeResultsDirectory="fb54715e-6ee2-4503-86a5-84375e619a12">
      <Output>
        <ErrorInfo>
          <Message>Microsoft.EntityFrameworkCore.DbUpdateException : An error occurred while saving the entity changes. See the inner exception for details.
---- Microsoft.Data.Sqlite.SqliteException : SQLite Error 19: 'NOT NULL constraint failed: Registrations.DietaryRestrictions'.</Message>
          <StackTrace>   at Microsoft.EntityFrameworkCore.Update.ReaderModificationCommandBatch.ExecuteAsync(IRelationalConnection connection, CancellationToken cancellationToken)
   at Microsoft.EntityFrameworkCore.Update.Internal.BatchExecutor.ExecuteAsync(IEnumerable`1 commandBatches, IRelationalConnection connection, CancellationToken cancellationToken)
   at Microsoft.EntityFrameworkCore.Update.Internal.BatchExecutor.ExecuteAsync(IEnumerable`1 commandBatches, IRelationalConnection connection, CancellationToken cancellationToken)
   at Microsoft.EntityFrameworkCore.Update.Internal.BatchExecutor.ExecuteAsync(IEnumerable`1 commandBatches, IRelationalConnection connection, CancellationToken cancellationToken)
   at Microsoft.EntityFrameworkCore.Storage.RelationalDatabase.SaveChangesAsync(IList`1 entries, CancellationToken cancellationToken)
   at Microsoft.EntityFrameworkCore.ChangeTracking.Internal.StateManager.SaveChangesAsync(IList`1 entriesToSave, CancellationToken cancellationToken)
   at Microsoft.EntityFrameworkCore.ChangeTracking.Internal.StateManager.SaveChangesAsync(StateManager stateManager, Boolean acceptAllChangesOnSuccess, CancellationToken cancellationToken)
   at Microsoft.EntityFrameworkCore.DbContext.SaveChangesAsync(Boolean acceptAllChangesOnSuccess, CancellationToken cancellationToken)
   at Microsoft.EntityFrameworkCore.DbContext.SaveChangesAsync(Boolean acceptAllChangesOnSuccess, CancellationToken cancellationToken)
   at WitchCityRope.Infrastructure.Data.WitchCityRopeDbContext.SaveChangesAsync(CancellationToken cancellationToken) in /home/chad/repos/witchcityrope-react/src/WitchCityRope.Infrastructure/Data/WitchCityRopeDbContext.cs:line 58
   at WitchCityRope.Infrastructure.Tests.Data.ComplexQueryTests.SeedDataAsync() in /home/chad/repos/witchcityrope-react/tests/WitchCityRope.Infrastructure.Tests/Data/ComplexQueryTests.cs:line 63
   at WitchCityRope.Infrastructure.Tests.Fixtures.IntegrationTestBase.InitializeAsync() in /home/chad/repos/witchcityrope-react/tests/WitchCityRope.Infrastructure.Tests/Fixtures/IntegrationTestBase.cs:line 41
----- Inner Stack Trace -----
   at Microsoft.Data.Sqlite.SqliteException.ThrowExceptionForRC(Int32 rc, sqlite3 db)
   at Microsoft.Data.Sqlite.SqliteDataReader.NextResult()
   at Microsoft.Data.Sqlite.SqliteCommand.ExecuteReader(CommandBehavior behavior)
   at Microsoft.Data.Sqlite.SqliteCommand.ExecuteReaderAsync(CommandBehavior behavior, CancellationToken cancellationToken)
   at Microsoft.Data.Sqlite.SqliteCommand.ExecuteDbDataReaderAsync(CommandBehavior behavior, CancellationToken cancellationToken)
   at Microsoft.EntityFrameworkCore.Storage.RelationalCommand.ExecuteReaderAsync(RelationalCommandParameterObject parameterObject, CancellationToken cancellationToken)
   at Microsoft.EntityFrameworkCore.Storage.RelationalCommand.ExecuteReaderAsync(RelationalCommandParameterObject parameterObject, CancellationToken cancellationToken)
   at Microsoft.EntityFrameworkCore.Update.ReaderModificationCommandBatch.ExecuteAsync(IRelationalConnection connection, CancellationToken cancellationToken)</StackTrace>
        </ErrorInfo>
      </Output>
    </UnitTestResult>
    <UnitTestResult executionId="1b30278d-fa19-4d56-83b1-154a19bfc996" testId="32b805ef-d784-d8e5-9caf-a748c5f789fb" testName="WitchCityRope.Infrastructure.Tests.PayPal.PayPalServiceTests.Constructor_Should_Throw_When_Configuration_Is_Null" computerName="Unbutu-Ai-Chads-PC" duration="00:00:00.0003334" startTime="2025-09-12T14:37:36.5806160-04:00" endTime="2025-09-12T14:37:36.5806627-04:00" testType="13cdc9d9-ddb5-4fa4-a97d-d965ccfc6d4b" outcome="Passed" testListId="8c84fa94-04c1-424b-9868-57a2d4851a1d" relativeResultsDirectory="1b30278d-fa19-4d56-83b1-154a19bfc996" />
    <UnitTestResult executionId="efa3e71a-ccc3-4349-8f0f-0899c6603b7e" testId="a2674b3f-bc72-1bcc-0868-ab7ca9fc846f" testName="WitchCityRope.Infrastructure.Tests.Email.EmailServiceTests.SendVettingStatusUpdateAsync_Should_Include_Notes_When_Provided" computerName="Unbutu-Ai-Chads-PC" duration="00:00:00.0023650" startTime="2025-09-12T14:37:36.5389624-04:00" endTime="2025-09-12T14:37:36.5408985-04:00" testType="13cdc9d9-ddb5-4fa4-a97d-d965ccfc6d4b" outcome="Failed" testListId="8c84fa94-04c1-424b-9868-57a2d4851a1d" relativeResultsDirectory="efa3e71a-ccc3-4349-8f0f-0899c6603b7e">
      <Output>
        <ErrorInfo>
          <Message>Expected result to be True, but found False.</Message>
          <StackTrace>   at FluentAssertions.Execution.LateBoundTestFramework.Throw(String message)
   at FluentAssertions.Execution.DefaultAssertionStrategy.HandleFailure(String message)
   at FluentAssertions.Execution.AssertionScope.AddPreFormattedFailure(String formattedFailureMessage)
   at FluentAssertions.Execution.AssertionChain.FailWith(Func`1 getFailureReason)
   at FluentAssertions.Execution.AssertionChain.FailWith(Func`1 getFailureReason)
   at FluentAssertions.Execution.AssertionChain.FailWith(String message, Object[] args)
   at FluentAssertions.Primitives.BooleanAssertions`1.BeTrue(String because, Object[] becauseArgs)
   at WitchCityRope.Infrastructure.Tests.Email.EmailServiceTests.SendVettingStatusUpdateAsync_Should_Include_Notes_When_Provided() in /home/chad/repos/witchcityrope-react/tests/WitchCityRope.Infrastructure.Tests/Email/EmailServiceTests.cs:line 344
--- End of stack trace from previous location ---</StackTrace>
        </ErrorInfo>
      </Output>
    </UnitTestResult>
    <UnitTestResult executionId="b208aa24-4085-410a-ad45-11739fe2fc8e" testId="cac2c651-fa59-0f92-f0f1-b284ea5fd816" testName="WitchCityRope.Infrastructure.Tests.Security.JwtTokenServiceTests.ValidateToken_Should_Throw_For_Null_Token" computerName="Unbutu-Ai-Chads-PC" duration="00:00:00.0010000" startTime="2025-09-12T14:37:36.4442220-04:00" endTime="2025-09-12T14:37:36.4443204-04:00" testType="13cdc9d9-ddb5-4fa4-a97d-d965ccfc6d4b" outcome="Failed" testListId="8c84fa94-04c1-424b-9868-57a2d4851a1d" relativeResultsDirectory="b208aa24-4085-410a-ad45-11739fe2fc8e">
      <Output>
        <ErrorInfo>
          <Message>System.InvalidOperationException : JWT secret key not configured</Message>
          <StackTrace>   at WitchCityRope.Infrastructure.Security.JwtTokenService..ctor(IConfiguration configuration) in /home/chad/repos/witchcityrope-react/src/WitchCityRope.Infrastructure/Security/JwtTokenService.cs:line 33
   at WitchCityRope.Infrastructure.Tests.Security.JwtTokenServiceTests..ctor() in /home/chad/repos/witchcityrope-react/tests/WitchCityRope.Infrastructure.Tests/Security/JwtTokenServiceTests.cs:line 35
   at System.RuntimeType.CreateInstanceDefaultCtor(Boolean publicOnly, Boolean wrapExceptions)</StackTrace>
        </ErrorInfo>
      </Output>
    </UnitTestResult>
    <UnitTestResult executionId="d570e5e1-5e27-4574-9382-265b16882934" testId="99d2f9a3-7064-fb89-edfc-d8cf0deede72" testName="WitchCityRope.Infrastructure.Tests.Email.EmailServiceTests.Should_Use_Default_From_Email_When_Not_Configured" computerName="Unbutu-Ai-Chads-PC" duration="00:00:00.0021588" startTime="2025-09-12T14:37:36.4875067-04:00" endTime="2025-09-12T14:37:36.4895588-04:00" testType="13cdc9d9-ddb5-4fa4-a97d-d965ccfc6d4b" outcome="Passed" testListId="8c84fa94-04c1-424b-9868-57a2d4851a1d" relativeResultsDirectory="d570e5e1-5e27-4574-9382-265b16882934" />
  </Results>
  <TestDefinitions>
    <UnitTest name="WitchCityRope.Infrastructure.Tests.Security.EncryptionServiceTests.VerifyHash_Should_Return_True_For_Correct_Password" storage="/home/chad/repos/witchcityrope-react/tests/witchcityrope.infrastructure.tests/bin/debug/net9.0/witchcityrope.infrastructure.tests.dll" id="ed657ece-8209-9b5b-aeeb-ee1e361b80b6">
      <Execution id="4d6c925a-6f74-4e82-acd9-484dbd9a5068" />
      <TestMethod codeBase="/home/chad/repos/witchcityrope-react/tests/WitchCityRope.Infrastructure.Tests/bin/Debug/net9.0/WitchCityRope.Infrastructure.Tests.dll" adapterTypeName="executor://xunit/VsTestRunner3/netcore/" className="WitchCityRope.Infrastructure.Tests.Security.EncryptionServiceTests" name="VerifyHash_Should_Return_True_For_Correct_Password" />
    </UnitTest>
    <UnitTest name="WitchCityRope.Infrastructure.Tests.Data.MigrationTests.Model_Should_Match_Database_Schema" storage="/home/chad/repos/witchcityrope-react/tests/witchcityrope.infrastructure.tests/bin/debug/net9.0/witchcityrope.infrastructure.tests.dll" id="ff4e921f-20b7-1709-b98d-0805a1ad4ff6">
      <Execution id="613ff0b8-9baf-4ceb-b58c-e7d42143439a" />
      <TestMethod codeBase="/home/chad/repos/witchcityrope-react/tests/WitchCityRope.Infrastructure.Tests/bin/Debug/net9.0/WitchCityRope.Infrastructure.Tests.dll" adapterTypeName="executor://xunit/VsTestRunner3/netcore/" className="WitchCityRope.Infrastructure.Tests.Data.MigrationTests" name="Model_Should_Match_Database_Schema" />
    </UnitTest>
    <UnitTest name="WitchCityRope.Infrastructure.Tests.Email.EmailServiceTests.SendEmailAsync_Should_Return_False_When_Exception_Occurs" storage="/home/chad/repos/witchcityrope-react/tests/witchcityrope.infrastructure.tests/bin/debug/net9.0/witchcityrope.infrastructure.tests.dll" id="00fb0efe-ac5c-dcca-7bdb-1e3f8783f943">
      <Execution id="cd7e30e7-f3b1-4171-8812-36052dc9e844" />
      <TestMethod codeBase="/home/chad/repos/witchcityrope-react/tests/WitchCityRope.Infrastructure.Tests/bin/Debug/net9.0/WitchCityRope.Infrastructure.Tests.dll" adapterTypeName="executor://xunit/VsTestRunner3/netcore/" className="WitchCityRope.Infrastructure.Tests.Email.EmailServiceTests" name="SendEmailAsync_Should_Return_False_When_Exception_Occurs" />
    </UnitTest>
    <UnitTest name="WitchCityRope.Infrastructure.Tests.Security.EncryptionServiceTests.Hash_Should_Throw_For_Null_Input" storage="/home/chad/repos/witchcityrope-react/tests/witchcityrope.infrastructure.tests/bin/debug/net9.0/witchcityrope.infrastructure.tests.dll" id="3678ad7d-a25e-86f2-08f3-061f2d41eeb9">
      <Execution id="a2197b54-60ae-4e8b-9ddc-715d9aea4429" />
      <TestMethod codeBase="/home/chad/repos/witchcityrope-react/tests/WitchCityRope.Infrastructure.Tests/bin/Debug/net9.0/WitchCityRope.Infrastructure.Tests.dll" adapterTypeName="executor://xunit/VsTestRunner3/netcore/" className="WitchCityRope.Infrastructure.Tests.Security.EncryptionServiceTests" name="Hash_Should_Throw_For_Null_Input" />
    </UnitTest>
    <UnitTest name="WitchCityRope.Infrastructure.Tests.Security.JwtTokenServiceTests.GenerateToken_Should_Create_Valid_JWT_Token" storage="/home/chad/repos/witchcityrope-react/tests/witchcityrope.infrastructure.tests/bin/debug/net9.0/witchcityrope.infrastructure.tests.dll" id="121ed6b8-c36c-7dfd-6ad5-94fe3cb46105">
      <Execution id="c535ce53-3e4a-4fcb-9306-caee8775c856" />
      <TestMethod codeBase="/home/chad/repos/witchcityrope-react/tests/WitchCityRope.Infrastructure.Tests/bin/Debug/net9.0/WitchCityRope.Infrastructure.Tests.dll" adapterTypeName="executor://xunit/VsTestRunner3/netcore/" className="WitchCityRope.Infrastructure.Tests.Security.JwtTokenServiceTests" name="GenerateToken_Should_Create_Valid_JWT_Token" />
    </UnitTest>
    <UnitTest name="WitchCityRope.Infrastructure.Tests.Security.EncryptionServiceTests.VerifyHash_Should_Return_False_For_Null_Hash" storage="/home/chad/repos/witchcityrope-react/tests/witchcityrope.infrastructure.tests/bin/debug/net9.0/witchcityrope.infrastructure.tests.dll" id="e006de4c-80eb-9ac9-a4df-a37619cd7add">
      <Execution id="63c4b73b-31c3-429e-b020-dc34cbcfe47f" />
      <TestMethod codeBase="/home/chad/repos/witchcityrope-react/tests/WitchCityRope.Infrastructure.Tests/bin/Debug/net9.0/WitchCityRope.Infrastructure.Tests.dll" adapterTypeName="executor://xunit/VsTestRunner3/netcore/" className="WitchCityRope.Infrastructure.Tests.Security.EncryptionServiceTests" name="VerifyHash_Should_Return_False_For_Null_Hash" />
    </UnitTest>
    <UnitTest name="WitchCityRope.Infrastructure.Tests.Data.MigrationTests.Should_Handle_Migration_Rollback" storage="/home/chad/repos/witchcityrope-react/tests/witchcityrope.infrastructure.tests/bin/debug/net9.0/witchcityrope.infrastructure.tests.dll" id="b3bf15b1-a9a8-d9c2-b6bd-2d88af5f3f06">
      <Execution id="8cf7390e-79ff-40c9-8be0-c663e2ea0303" />
      <TestMethod codeBase="/home/chad/repos/witchcityrope-react/tests/WitchCityRope.Infrastructure.Tests/bin/Debug/net9.0/WitchCityRope.Infrastructure.Tests.dll" adapterTypeName="executor://xunit/VsTestRunner3/netcore/" className="WitchCityRope.Infrastructure.Tests.Data.MigrationTests" name="Should_Handle_Migration_Rollback" />
    </UnitTest>
    <UnitTest name="WitchCityRope.Infrastructure.Tests.Security.JwtTokenServiceTests.ValidateToken_Should_Throw_For_Null_Token" storage="/home/chad/repos/witchcityrope-react/tests/witchcityrope.infrastructure.tests/bin/debug/net9.0/witchcityrope.infrastructure.tests.dll" id="cac2c651-fa59-0f92-f0f1-b284ea5fd816">
      <Execution id="b208aa24-4085-410a-ad45-11739fe2fc8e" />
      <TestMethod codeBase="/home/chad/repos/witchcityrope-react/tests/WitchCityRope.Infrastructure.Tests/bin/Debug/net9.0/WitchCityRope.Infrastructure.Tests.dll" adapterTypeName="executor://xunit/VsTestRunner3/netcore/" className="WitchCityRope.Infrastructure.Tests.Security.JwtTokenServiceTests" name="ValidateToken_Should_Throw_For_Null_Token" />
    </UnitTest>
    <UnitTest name="WitchCityRope.Infrastructure.Tests.Security.EncryptionServiceTests.DecryptAsync_Should_Throw_For_Invalid_Base64" storage="/home/chad/repos/witchcityrope-react/tests/witchcityrope.infrastructure.tests/bin/debug/net9.0/witchcityrope.infrastructure.tests.dll" id="5e8c96b7-65ee-a96f-f5e0-222a2affc359">
      <Execution id="de806dd7-1c7f-481c-9256-319031d96f64" />
      <TestMethod codeBase="/home/chad/repos/witchcityrope-react/tests/WitchCityRope.Infrastructure.Tests/bin/Debug/net9.0/WitchCityRope.Infrastructure.Tests.dll" adapterTypeName="executor://xunit/VsTestRunner3/netcore/" className="WitchCityRope.Infrastructure.Tests.Security.EncryptionServiceTests" name="DecryptAsync_Should_Throw_For_Invalid_Base64" />
    </UnitTest>
    <UnitTest name="WitchCityRope.Infrastructure.Tests.Security.JwtTokenServiceTests.ValidateToken_Should_Return_Null_For_Invalid_Token" storage="/home/chad/repos/witchcityrope-react/tests/witchcityrope.infrastructure.tests/bin/debug/net9.0/witchcityrope.infrastructure.tests.dll" id="264ab6a2-4596-51c5-876b-2d91f4e645a4">
      <Execution id="37682d11-5484-4e28-9db6-e3c62379f8be" />
      <TestMethod codeBase="/home/chad/repos/witchcityrope-react/tests/WitchCityRope.Infrastructure.Tests/bin/Debug/net9.0/WitchCityRope.Infrastructure.Tests.dll" adapterTypeName="executor://xunit/VsTestRunner3/netcore/" className="WitchCityRope.Infrastructure.Tests.Security.JwtTokenServiceTests" name="ValidateToken_Should_Return_Null_For_Invalid_Token" />
    </UnitTest>
    <UnitTest name="WitchCityRope.Infrastructure.Tests.Data.ComplexQueryTests.Should_Execute_Raw_SQL_Query" storage="/home/chad/repos/witchcityrope-react/tests/witchcityrope.infrastructure.tests/bin/debug/net9.0/witchcityrope.infrastructure.tests.dll" id="4912d116-f7fc-a751-481c-6c5c02960fc1">
      <Execution id="4aa327da-0389-4068-a0f5-4eca8838ba91" />
      <TestMethod codeBase="/home/chad/repos/witchcityrope-react/tests/WitchCityRope.Infrastructure.Tests/bin/Debug/net9.0/WitchCityRope.Infrastructure.Tests.dll" adapterTypeName="executor://xunit/VsTestRunner3/netcore/" className="WitchCityRope.Infrastructure.Tests.Data.ComplexQueryTests" name="Should_Execute_Raw_SQL_Query" />
    </UnitTest>
    <UnitTest name="WitchCityRope.Infrastructure.Tests.PayPal.PayPalServiceTests.Constructor_Should_Throw_When_Configuration_Is_Null" storage="/home/chad/repos/witchcityrope-react/tests/witchcityrope.infrastructure.tests/bin/debug/net9.0/witchcityrope.infrastructure.tests.dll" id="32b805ef-d784-d8e5-9caf-a748c5f789fb">
      <Execution id="1b30278d-fa19-4d56-83b1-154a19bfc996" />
      <TestMethod codeBase="/home/chad/repos/witchcityrope-react/tests/WitchCityRope.Infrastructure.Tests/bin/Debug/net9.0/WitchCityRope.Infrastructure.Tests.dll" adapterTypeName="executor://xunit/VsTestRunner3/netcore/" className="WitchCityRope.Infrastructure.Tests.PayPal.PayPalServiceTests" name="Constructor_Should_Throw_When_Configuration_Is_Null" />
    </UnitTest>
    <UnitTest name="WitchCityRope.Infrastructure.Tests.Data.MigrationTests.Should_Apply_All_Migrations_Successfully" storage="/home/chad/repos/witchcityrope-react/tests/witchcityrope.infrastructure.tests/bin/debug/net9.0/witchcityrope.infrastructure.tests.dll" id="3947765f-43ab-cae7-edae-7924657957aa">
      <Execution id="4f385516-8297-41d8-a2be-d4eb3ecae422" />
      <TestMethod codeBase="/home/chad/repos/witchcityrope-react/tests/WitchCityRope.Infrastructure.Tests/bin/Debug/net9.0/WitchCityRope.Infrastructure.Tests.dll" adapterTypeName="executor://xunit/VsTestRunner3/netcore/" className="WitchCityRope.Infrastructure.Tests.Data.MigrationTests" name="Should_Apply_All_Migrations_Successfully" />
    </UnitTest>
    <UnitTest name="WitchCityRope.Infrastructure.Tests.Security.JwtTokenServiceTests.GenerateToken_Should_Include_All_Required_Claims" storage="/home/chad/repos/witchcityrope-react/tests/witchcityrope.infrastructure.tests/bin/debug/net9.0/witchcityrope.infrastructure.tests.dll" id="f40dcb59-5570-8947-4c85-82c6660d5c47">
      <Execution id="b75630c2-40ff-4450-9c44-67c27c8ebc28" />
      <TestMethod codeBase="/home/chad/repos/witchcityrope-react/tests/WitchCityRope.Infrastructure.Tests/bin/Debug/net9.0/WitchCityRope.Infrastructure.Tests.dll" adapterTypeName="executor://xunit/VsTestRunner3/netcore/" className="WitchCityRope.Infrastructure.Tests.Security.JwtTokenServiceTests" name="GenerateToken_Should_Include_All_Required_Claims" />
    </UnitTest>
    <UnitTest name="WitchCityRope.Infrastructure.Tests.Data.ConcurrencyTests.Should_Handle_Concurrent_Updates_With_Retry_Logic" storage="/home/chad/repos/witchcityrope-react/tests/witchcityrope.infrastructure.tests/bin/debug/net9.0/witchcityrope.infrastructure.tests.dll" id="77f47604-3476-c76e-0620-42e3a18a923a">
      <Execution id="27040eb7-d76f-40f6-9ae2-70ac77336e4f" />
      <TestMethod codeBase="/home/chad/repos/witchcityrope-react/tests/WitchCityRope.Infrastructure.Tests/bin/Debug/net9.0/WitchCityRope.Infrastructure.Tests.dll" adapterTypeName="executor://xunit/VsTestRunner3/netcore/" className="WitchCityRope.Infrastructure.Tests.Data.ConcurrencyTests" name="Should_Handle_Concurrent_Updates_With_Retry_Logic" />
    </UnitTest>
    <UnitTest name="WitchCityRope.Infrastructure.Tests.Security.EncryptionServiceTests.Hash_Should_Produce_Different_Hashes_For_Same_Input" storage="/home/chad/repos/witchcityrope-react/tests/witchcityrope.infrastructure.tests/bin/debug/net9.0/witchcityrope.infrastructure.tests.dll" id="6a6f6355-9fd4-91c1-101e-d3a4ddbfd9e9">
      <Execution id="bfb4aa8b-b13a-4477-a839-83f363c1da40" />
      <TestMethod codeBase="/home/chad/repos/witchcityrope-react/tests/WitchCityRope.Infrastructure.Tests/bin/Debug/net9.0/WitchCityRope.Infrastructure.Tests.dll" adapterTypeName="executor://xunit/VsTestRunner3/netcore/" className="WitchCityRope.Infrastructure.Tests.Security.EncryptionServiceTests" name="Hash_Should_Produce_Different_Hashes_For_Same_Input" />
    </UnitTest>
    <UnitTest name="WitchCityRope.Infrastructure.Tests.Data.WitchCityRopeDbContextTests.Should_Save_And_Retrieve_User" storage="/home/chad/repos/witchcityrope-react/tests/witchcityrope.infrastructure.tests/bin/debug/net9.0/witchcityrope.infrastructure.tests.dll" id="239858d9-6523-c1b4-9f7d-78a53c1eac10">
      <Execution id="aee46c3e-eb82-4e5c-bf96-aa625b65f5bc" />
      <TestMethod codeBase="/home/chad/repos/witchcityrope-react/tests/WitchCityRope.Infrastructure.Tests/bin/Debug/net9.0/WitchCityRope.Infrastructure.Tests.dll" adapterTypeName="executor://xunit/VsTestRunner3/netcore/" className="WitchCityRope.Infrastructure.Tests.Data.WitchCityRopeDbContextTests" name="Should_Save_And_Retrieve_User" />
    </UnitTest>
    <UnitTest name="WitchCityRope.Infrastructure.Tests.Data.ConcurrencyTests.Should_Handle_Deadlock_Scenario" storage="/home/chad/repos/witchcityrope-react/tests/witchcityrope.infrastructure.tests/bin/debug/net9.0/witchcityrope.infrastructure.tests.dll" id="7e276b69-25a2-1e91-d250-12381a8ea181">
      <Execution id="0e0951da-12b2-4a65-9d8a-8efd2fd660ad" />
      <TestMethod codeBase="/home/chad/repos/witchcityrope-react/tests/WitchCityRope.Infrastructure.Tests/bin/Debug/net9.0/WitchCityRope.Infrastructure.Tests.dll" adapterTypeName="executor://xunit/VsTestRunner3/netcore/" className="WitchCityRope.Infrastructure.Tests.Data.ConcurrencyTests" name="Should_Handle_Deadlock_Scenario" />
    </UnitTest>
    <UnitTest name="WitchCityRope.Infrastructure.Tests.PayPal.PayPalServiceTests.CreatePaymentIntentAsync_Should_Return_Valid_Intent" storage="/home/chad/repos/witchcityrope-react/tests/witchcityrope.infrastructure.tests/bin/debug/net9.0/witchcityrope.infrastructure.tests.dll" id="87abcabe-5648-fdf1-3a5d-705e67f3c3fe">
      <Execution id="8899276b-833b-4cad-856a-e155e13ed8f0" />
      <TestMethod codeBase="/home/chad/repos/witchcityrope-react/tests/WitchCityRope.Infrastructure.Tests/bin/Debug/net9.0/WitchCityRope.Infrastructure.Tests.dll" adapterTypeName="executor://xunit/VsTestRunner3/netcore/" className="WitchCityRope.Infrastructure.Tests.PayPal.PayPalServiceTests" name="CreatePaymentIntentAsync_Should_Return_Valid_Intent" />
    </UnitTest>
    <UnitTest name="WitchCityRope.Infrastructure.Tests.Data.WitchCityRopeDbContextTests.Should_Apply_Global_Query_Filters_If_Configured" storage="/home/chad/repos/witchcityrope-react/tests/witchcityrope.infrastructure.tests/bin/debug/net9.0/witchcityrope.infrastructure.tests.dll" id="e1828be1-cfff-3e34-4b60-0621ccd8e3ab">
      <Execution id="0d701b5c-696d-422e-9acc-8efc75c95679" />
      <TestMethod codeBase="/home/chad/repos/witchcityrope-react/tests/WitchCityRope.Infrastructure.Tests/bin/Debug/net9.0/WitchCityRope.Infrastructure.Tests.dll" adapterTypeName="executor://xunit/VsTestRunner3/netcore/" className="WitchCityRope.Infrastructure.Tests.Data.WitchCityRopeDbContextTests" name="Should_Apply_Global_Query_Filters_If_Configured" />
    </UnitTest>
    <UnitTest name="WitchCityRope.Infrastructure.Tests.PayPal.PayPalServiceTests.ProcessRefundAsync_Should_Return_Success_Result" storage="/home/chad/repos/witchcityrope-react/tests/witchcityrope.infrastructure.tests/bin/debug/net9.0/witchcityrope.infrastructure.tests.dll" id="f4e2e719-e2ed-ccf6-d6de-453713b765c3">
      <Execution id="98f8bc77-6b33-438f-b581-fc22b201bedb" />
      <TestMethod codeBase="/home/chad/repos/witchcityrope-react/tests/WitchCityRope.Infrastructure.Tests/bin/Debug/net9.0/WitchCityRope.Infrastructure.Tests.dll" adapterTypeName="executor://xunit/VsTestRunner3/netcore/" className="WitchCityRope.Infrastructure.Tests.PayPal.PayPalServiceTests" name="ProcessRefundAsync_Should_Return_Success_Result" />
    </UnitTest>
    <UnitTest name="WitchCityRope.Infrastructure.Tests.PayPal.PayPalServiceTests.ProcessRefundAsync_Should_Handle_Exceptions" storage="/home/chad/repos/witchcityrope-react/tests/witchcityrope.infrastructure.tests/bin/debug/net9.0/witchcityrope.infrastructure.tests.dll" id="10d1fa48-3361-6849-5e5d-c459122ca60e">
      <Execution id="13a6faa8-4502-4579-9214-497313e7d22c" />
      <TestMethod codeBase="/home/chad/repos/witchcityrope-react/tests/WitchCityRope.Infrastructure.Tests/bin/Debug/net9.0/WitchCityRope.Infrastructure.Tests.dll" adapterTypeName="executor://xunit/VsTestRunner3/netcore/" className="WitchCityRope.Infrastructure.Tests.PayPal.PayPalServiceTests" name="ProcessRefundAsync_Should_Handle_Exceptions" />
    </UnitTest>
    <UnitTest name="WitchCityRope.Infrastructure.Tests.Email.EmailServiceTests.SendBulkEmailAsync_Should_Batch_Large_Recipient_Lists" storage="/home/chad/repos/witchcityrope-react/tests/witchcityrope.infrastructure.tests/bin/debug/net9.0/witchcityrope.infrastructure.tests.dll" id="646327bb-2edb-21ab-b78e-1f2eefc3c0b3">
      <Execution id="2008dec1-f22e-4d5d-8096-527bd597a1b6" />
      <TestMethod codeBase="/home/chad/repos/witchcityrope-react/tests/WitchCityRope.Infrastructure.Tests/bin/Debug/net9.0/WitchCityRope.Infrastructure.Tests.dll" adapterTypeName="executor://xunit/VsTestRunner3/netcore/" className="WitchCityRope.Infrastructure.Tests.Email.EmailServiceTests" name="SendBulkEmailAsync_Should_Batch_Large_Recipient_Lists" />
    </UnitTest>
    <UnitTest name="WitchCityRope.Infrastructure.Tests.Email.EmailServiceTests.SendEmailAsync_Should_Send_Email_Successfully" storage="/home/chad/repos/witchcityrope-react/tests/witchcityrope.infrastructure.tests/bin/debug/net9.0/witchcityrope.infrastructure.tests.dll" id="0b2da06c-c211-ec4e-e650-05e93d1799bd">
      <Execution id="335dfe91-c622-4bd8-aa5f-e7294a58287b" />
      <TestMethod codeBase="/home/chad/repos/witchcityrope-react/tests/WitchCityRope.Infrastructure.Tests/bin/Debug/net9.0/WitchCityRope.Infrastructure.Tests.dll" adapterTypeName="executor://xunit/VsTestRunner3/netcore/" className="WitchCityRope.Infrastructure.Tests.Email.EmailServiceTests" name="SendEmailAsync_Should_Send_Email_Successfully" />
    </UnitTest>
    <UnitTest name="WitchCityRope.Infrastructure.Tests.Security.JwtTokenServiceTests.ValidateToken_Should_Return_Null_For_Wrong_Issuer" storage="/home/chad/repos/witchcityrope-react/tests/witchcityrope.infrastructure.tests/bin/debug/net9.0/witchcityrope.infrastructure.tests.dll" id="3b3ecbd9-1b3c-f621-f2e4-19cb21a63a18">
      <Execution id="d84167cb-f49b-45fd-8bbe-eb02503e6060" />
      <TestMethod codeBase="/home/chad/repos/witchcityrope-react/tests/WitchCityRope.Infrastructure.Tests/bin/Debug/net9.0/WitchCityRope.Infrastructure.Tests.dll" adapterTypeName="executor://xunit/VsTestRunner3/netcore/" className="WitchCityRope.Infrastructure.Tests.Security.JwtTokenServiceTests" name="ValidateToken_Should_Return_Null_For_Wrong_Issuer" />
    </UnitTest>
    <UnitTest name="WitchCityRope.Infrastructure.Tests.PayPal.PayPalServiceTests.CreatePaymentIntentAsync_Should_Handle_Exceptions" storage="/home/chad/repos/witchcityrope-react/tests/witchcityrope.infrastructure.tests/bin/debug/net9.0/witchcityrope.infrastructure.tests.dll" id="b3ced23f-cb6e-2a17-6541-3fac83d667d8">
      <Execution id="00c5dc57-d6f8-4345-8231-db1b0e36d009" />
      <TestMethod codeBase="/home/chad/repos/witchcityrope-react/tests/WitchCityRope.Infrastructure.Tests/bin/Debug/net9.0/WitchCityRope.Infrastructure.Tests.dll" adapterTypeName="executor://xunit/VsTestRunner3/netcore/" className="WitchCityRope.Infrastructure.Tests.PayPal.PayPalServiceTests" name="CreatePaymentIntentAsync_Should_Handle_Exceptions" />
    </UnitTest>
    <UnitTest name="WitchCityRope.Infrastructure.Tests.PayPal.PayPalServiceTests.GetPaymentStatusAsync_Should_Return_Pending_Status" storage="/home/chad/repos/witchcityrope-react/tests/witchcityrope.infrastructure.tests/bin/debug/net9.0/witchcityrope.infrastructure.tests.dll" id="3902fe4d-f17d-5d21-4746-ba713fd0b58c">
      <Execution id="9d32a344-3113-4469-a6af-3e42ad2ee8fe" />
      <TestMethod codeBase="/home/chad/repos/witchcityrope-react/tests/WitchCityRope.Infrastructure.Tests/bin/Debug/net9.0/WitchCityRope.Infrastructure.Tests.dll" adapterTypeName="executor://xunit/VsTestRunner3/netcore/" className="WitchCityRope.Infrastructure.Tests.PayPal.PayPalServiceTests" name="GetPaymentStatusAsync_Should_Return_Pending_Status" />
    </UnitTest>
    <UnitTest name="WitchCityRope.Infrastructure.Tests.Security.EncryptionServiceTests.VerifyHash_Should_Return_False_For_Invalid_Hash" storage="/home/chad/repos/witchcityrope-react/tests/witchcityrope.infrastructure.tests/bin/debug/net9.0/witchcityrope.infrastructure.tests.dll" id="c99a566a-1630-a491-7e5a-d1e5db3d6a74">
      <Execution id="8d89550e-b66c-43ac-b516-d1ca4a4a57db" />
      <TestMethod codeBase="/home/chad/repos/witchcityrope-react/tests/WitchCityRope.Infrastructure.Tests/bin/Debug/net9.0/WitchCityRope.Infrastructure.Tests.dll" adapterTypeName="executor://xunit/VsTestRunner3/netcore/" className="WitchCityRope.Infrastructure.Tests.Security.EncryptionServiceTests" name="VerifyHash_Should_Return_False_For_Invalid_Hash" />
    </UnitTest>
    <UnitTest name="WitchCityRope.Infrastructure.Tests.Security.JwtTokenServiceTests.GenerateRefreshToken_Should_Create_Valid_Base64_String" storage="/home/chad/repos/witchcityrope-react/tests/witchcityrope.infrastructure.tests/bin/debug/net9.0/witchcityrope.infrastructure.tests.dll" id="6555fe8c-88a8-9430-9c04-a65f7276a0ba">
      <Execution id="5fe708ef-5040-4487-adc5-51b0d833bf11" />
      <TestMethod codeBase="/home/chad/repos/witchcityrope-react/tests/WitchCityRope.Infrastructure.Tests/bin/Debug/net9.0/WitchCityRope.Infrastructure.Tests.dll" adapterTypeName="executor://xunit/VsTestRunner3/netcore/" className="WitchCityRope.Infrastructure.Tests.Security.JwtTokenServiceTests" name="GenerateRefreshToken_Should_Create_Valid_Base64_String" />
    </UnitTest>
    <UnitTest name="WitchCityRope.Infrastructure.Tests.Data.EntityConfigurationTests.Payment_Registration_Relationship_Should_Be_Configured_Correctly" storage="/home/chad/repos/witchcityrope-react/tests/witchcityrope.infrastructure.tests/bin/debug/net9.0/witchcityrope.infrastructure.tests.dll" id="b9694bad-42e0-0c76-3c47-bc8dece9f7e0">
      <Execution id="bba7bd34-0388-4cab-a93d-215e419f5e3d" />
      <TestMethod codeBase="/home/chad/repos/witchcityrope-react/tests/WitchCityRope.Infrastructure.Tests/bin/Debug/net9.0/WitchCityRope.Infrastructure.Tests.dll" adapterTypeName="executor://xunit/VsTestRunner3/netcore/" className="WitchCityRope.Infrastructure.Tests.Data.EntityConfigurationTests" name="Payment_Registration_Relationship_Should_Be_Configured_Correctly" />
    </UnitTest>
    <UnitTest name="WitchCityRope.Infrastructure.Tests.Data.ConcurrencyTests.Should_Handle_Concurrent_Aggregate_Updates" storage="/home/chad/repos/witchcityrope-react/tests/witchcityrope.infrastructure.tests/bin/debug/net9.0/witchcityrope.infrastructure.tests.dll" id="db381720-6b9c-2cfb-d4c6-17232fdeef3b">
      <Execution id="fa20ad88-8b14-4196-8338-b0d3b21334b6" />
      <TestMethod codeBase="/home/chad/repos/witchcityrope-react/tests/WitchCityRope.Infrastructure.Tests/bin/Debug/net9.0/WitchCityRope.Infrastructure.Tests.dll" adapterTypeName="executor://xunit/VsTestRunner3/netcore/" className="WitchCityRope.Infrastructure.Tests.Data.ConcurrencyTests" name="Should_Handle_Concurrent_Aggregate_Updates" />
    </UnitTest>
    <UnitTest name="WitchCityRope.Infrastructure.Tests.Data.ComplexQueryTests.Should_Use_Compiled_Query_For_Performance" storage="/home/chad/repos/witchcityrope-react/tests/witchcityrope.infrastructure.tests/bin/debug/net9.0/witchcityrope.infrastructure.tests.dll" id="bd31f24b-8a56-ffab-1b6d-032aa810c6a3">
      <Execution id="55fd998f-bd62-4d07-9a18-c5860b9939ae" />
      <TestMethod codeBase="/home/chad/repos/witchcityrope-react/tests/WitchCityRope.Infrastructure.Tests/bin/Debug/net9.0/WitchCityRope.Infrastructure.Tests.dll" adapterTypeName="executor://xunit/VsTestRunner3/netcore/" className="WitchCityRope.Infrastructure.Tests.Data.ComplexQueryTests" name="Should_Use_Compiled_Query_For_Performance" />
    </UnitTest>
    <UnitTest name="WitchCityRope.Infrastructure.Tests.Data.ConcurrencyTests.Should_Handle_Concurrent_Vetting_Application_Reviews" storage="/home/chad/repos/witchcityrope-react/tests/witchcityrope.infrastructure.tests/bin/debug/net9.0/witchcityrope.infrastructure.tests.dll" id="62b65325-048b-ed3a-aab7-f63a342cc22e">
      <Execution id="11eee1ce-e68c-4a2b-be81-9b071bac713b" />
      <TestMethod codeBase="/home/chad/repos/witchcityrope-react/tests/WitchCityRope.Infrastructure.Tests/bin/Debug/net9.0/WitchCityRope.Infrastructure.Tests.dll" adapterTypeName="executor://xunit/VsTestRunner3/netcore/" className="WitchCityRope.Infrastructure.Tests.Data.ConcurrencyTests" name="Should_Handle_Concurrent_Vetting_Application_Reviews" />
    </UnitTest>
    <UnitTest name="WitchCityRope.Infrastructure.Tests.Email.EmailServiceTests.SendTemplateEmailAsync_Should_Throw_For_Unknown_Template" storage="/home/chad/repos/witchcityrope-react/tests/witchcityrope.infrastructure.tests/bin/debug/net9.0/witchcityrope.infrastructure.tests.dll" id="2c2006c0-221d-554f-297a-e29ef198d5bd">
      <Execution id="888760de-5693-49b1-a921-cb3d437fa3a9" />
      <TestMethod codeBase="/home/chad/repos/witchcityrope-react/tests/WitchCityRope.Infrastructure.Tests/bin/Debug/net9.0/WitchCityRope.Infrastructure.Tests.dll" adapterTypeName="executor://xunit/VsTestRunner3/netcore/" className="WitchCityRope.Infrastructure.Tests.Email.EmailServiceTests" name="SendTemplateEmailAsync_Should_Throw_For_Unknown_Template" />
    </UnitTest>
    <UnitTest name="WitchCityRope.Infrastructure.Tests.Email.EmailServiceTests.SendEmailAsync_Should_Send_PlainText_Email_When_IsHtml_Is_False" storage="/home/chad/repos/witchcityrope-react/tests/witchcityrope.infrastructure.tests/bin/debug/net9.0/witchcityrope.infrastructure.tests.dll" id="2dee0c93-c326-e436-b53d-0e74105a9590">
      <Execution id="414714c6-3b3f-4601-8b00-99aca3212134" />
      <TestMethod codeBase="/home/chad/repos/witchcityrope-react/tests/WitchCityRope.Infrastructure.Tests/bin/Debug/net9.0/WitchCityRope.Infrastructure.Tests.dll" adapterTypeName="executor://xunit/VsTestRunner3/netcore/" className="WitchCityRope.Infrastructure.Tests.Email.EmailServiceTests" name="SendEmailAsync_Should_Send_PlainText_Email_When_IsHtml_Is_False" />
    </UnitTest>
    <UnitTest name="WitchCityRope.Infrastructure.Tests.Security.JwtTokenServiceTests.ValidateToken_Should_Return_Null_For_Wrong_Audience" storage="/home/chad/repos/witchcityrope-react/tests/witchcityrope.infrastructure.tests/bin/debug/net9.0/witchcityrope.infrastructure.tests.dll" id="d29fcc06-571a-4921-ed4b-3a531d140ab9">
      <Execution id="e998d374-f180-4bd6-9dfb-9c04684cf73f" />
      <TestMethod codeBase="/home/chad/repos/witchcityrope-react/tests/WitchCityRope.Infrastructure.Tests/bin/Debug/net9.0/WitchCityRope.Infrastructure.Tests.dll" adapterTypeName="executor://xunit/VsTestRunner3/netcore/" className="WitchCityRope.Infrastructure.Tests.Security.JwtTokenServiceTests" name="ValidateToken_Should_Return_Null_For_Wrong_Audience" />
    </UnitTest>
    <UnitTest name="WitchCityRope.Infrastructure.Tests.Security.JwtTokenServiceTests.ValidateToken_Should_Return_Null_For_Wrong_Secret" storage="/home/chad/repos/witchcityrope-react/tests/witchcityrope.infrastructure.tests/bin/debug/net9.0/witchcityrope.infrastructure.tests.dll" id="d421b930-d649-aa53-9320-f0c3bc7b7be4">
      <Execution id="cef83a27-354f-4e32-abec-339b1fbef0b2" />
      <TestMethod codeBase="/home/chad/repos/witchcityrope-react/tests/WitchCityRope.Infrastructure.Tests/bin/Debug/net9.0/WitchCityRope.Infrastructure.Tests.dll" adapterTypeName="executor://xunit/VsTestRunner3/netcore/" className="WitchCityRope.Infrastructure.Tests.Security.JwtTokenServiceTests" name="ValidateToken_Should_Return_Null_For_Wrong_Secret" />
    </UnitTest>
    <UnitTest name="WitchCityRope.Infrastructure.Tests.Security.JwtTokenServiceTests.Constructor_Should_Throw_When_SecretKey_Is_Missing" storage="/home/chad/repos/witchcityrope-react/tests/witchcityrope.infrastructure.tests/bin/debug/net9.0/witchcityrope.infrastructure.tests.dll" id="12ee414a-a43e-5473-78ad-46199e88b6c7">
      <Execution id="860cc136-93a2-40ac-9044-9d090f051457" />
      <TestMethod codeBase="/home/chad/repos/witchcityrope-react/tests/WitchCityRope.Infrastructure.Tests/bin/Debug/net9.0/WitchCityRope.Infrastructure.Tests.dll" adapterTypeName="executor://xunit/VsTestRunner3/netcore/" className="WitchCityRope.Infrastructure.Tests.Security.JwtTokenServiceTests" name="Constructor_Should_Throw_When_SecretKey_Is_Missing" />
    </UnitTest>
    <UnitTest name="WitchCityRope.Infrastructure.Tests.Data.ConcurrencyTests.Should_Handle_Parallel_Bulk_Operations" storage="/home/chad/repos/witchcityrope-react/tests/witchcityrope.infrastructure.tests/bin/debug/net9.0/witchcityrope.infrastructure.tests.dll" id="f69cea75-c037-0d47-d3fb-10191b89beda">
      <Execution id="73574ae4-a793-415a-a191-43060ccc8363" />
      <TestMethod codeBase="/home/chad/repos/witchcityrope-react/tests/WitchCityRope.Infrastructure.Tests/bin/Debug/net9.0/WitchCityRope.Infrastructure.Tests.dll" adapterTypeName="executor://xunit/VsTestRunner3/netcore/" className="WitchCityRope.Infrastructure.Tests.Data.ConcurrencyTests" name="Should_Handle_Parallel_Bulk_Operations" />
    </UnitTest>
    <UnitTest name="WitchCityRope.Infrastructure.Tests.Security.EncryptionServiceTests.DecryptAsync_Should_Return_Null_For_Null_Input" storage="/home/chad/repos/witchcityrope-react/tests/witchcityrope.infrastructure.tests/bin/debug/net9.0/witchcityrope.infrastructure.tests.dll" id="41ae648d-7fc7-ba2f-c06a-44229c2bffd5">
      <Execution id="5392e1a8-9c77-49e6-a2f3-f4ba89fc81e6" />
      <TestMethod codeBase="/home/chad/repos/witchcityrope-react/tests/WitchCityRope.Infrastructure.Tests/bin/Debug/net9.0/WitchCityRope.Infrastructure.Tests.dll" adapterTypeName="executor://xunit/VsTestRunner3/netcore/" className="WitchCityRope.Infrastructure.Tests.Security.EncryptionServiceTests" name="DecryptAsync_Should_Return_Null_For_Null_Input" />
    </UnitTest>
    <UnitTest name="WitchCityRope.Infrastructure.Tests.Data.ComplexQueryTests.Should_Execute_Complex_Join_Query" storage="/home/chad/repos/witchcityrope-react/tests/witchcityrope.infrastructure.tests/bin/debug/net9.0/witchcityrope.infrastructure.tests.dll" id="395e9654-511f-4e89-413f-4a0e36424649">
      <Execution id="674d4986-08cf-47f3-ab60-9417450b4199" />
      <TestMethod codeBase="/home/chad/repos/witchcityrope-react/tests/WitchCityRope.Infrastructure.Tests/bin/Debug/net9.0/WitchCityRope.Infrastructure.Tests.dll" adapterTypeName="executor://xunit/VsTestRunner3/netcore/" className="WitchCityRope.Infrastructure.Tests.Data.ComplexQueryTests" name="Should_Execute_Complex_Join_Query" />
    </UnitTest>
    <UnitTest name="WitchCityRope.Infrastructure.Tests.Security.JwtTokenServiceTests.GetUserIdFromToken_Should_Return_UserId_For_Valid_Token" storage="/home/chad/repos/witchcityrope-react/tests/witchcityrope.infrastructure.tests/bin/debug/net9.0/witchcityrope.infrastructure.tests.dll" id="e21df2cf-ba0a-8810-7404-ab38bf078339">
      <Execution id="9ec0ba09-ae17-4c2b-9ae8-3094dcdc8d7e" />
      <TestMethod codeBase="/home/chad/repos/witchcityrope-react/tests/WitchCityRope.Infrastructure.Tests/bin/Debug/net9.0/WitchCityRope.Infrastructure.Tests.dll" adapterTypeName="executor://xunit/VsTestRunner3/netcore/" className="WitchCityRope.Infrastructure.Tests.Security.JwtTokenServiceTests" name="GetUserIdFromToken_Should_Return_UserId_For_Valid_Token" />
    </UnitTest>
    <UnitTest name="WitchCityRope.Infrastructure.Tests.Security.EncryptionServiceTests.Constructor_Should_Throw_When_Configuration_Is_Null" storage="/home/chad/repos/witchcityrope-react/tests/witchcityrope.infrastructure.tests/bin/debug/net9.0/witchcityrope.infrastructure.tests.dll" id="c6348b7e-7455-a038-0d62-d669b4fb234b">
      <Execution id="1d13f963-5c9e-4c39-ac8c-709092986e3f" />
      <TestMethod codeBase="/home/chad/repos/witchcityrope-react/tests/WitchCityRope.Infrastructure.Tests/bin/Debug/net9.0/WitchCityRope.Infrastructure.Tests.dll" adapterTypeName="executor://xunit/VsTestRunner3/netcore/" className="WitchCityRope.Infrastructure.Tests.Security.EncryptionServiceTests" name="Constructor_Should_Throw_When_Configuration_Is_Null" />
    </UnitTest>
    <UnitTest name="WitchCityRope.Infrastructure.Tests.PayPal.PayPalServiceTests.ProcessPaymentAsync_Should_Return_Success_Result" storage="/home/chad/repos/witchcityrope-react/tests/witchcityrope.infrastructure.tests/bin/debug/net9.0/witchcityrope.infrastructure.tests.dll" id="3afe0f4f-66e8-c918-74b9-e20778e75e86">
      <Execution id="c093c085-6f61-4778-8fd0-33a102c7717d" />
      <TestMethod codeBase="/home/chad/repos/witchcityrope-react/tests/WitchCityRope.Infrastructure.Tests/bin/Debug/net9.0/WitchCityRope.Infrastructure.Tests.dll" adapterTypeName="executor://xunit/VsTestRunner3/netcore/" className="WitchCityRope.Infrastructure.Tests.PayPal.PayPalServiceTests" name="ProcessPaymentAsync_Should_Return_Success_Result" />
    </UnitTest>
    <UnitTest name="WitchCityRope.Infrastructure.Tests.Security.EncryptionServiceTests.EncryptAsync_Should_Encrypt_Plain_Text" storage="/home/chad/repos/witchcityrope-react/tests/witchcityrope.infrastructure.tests/bin/debug/net9.0/witchcityrope.infrastructure.tests.dll" id="cee07bb6-f0e2-062a-9298-b31e489309dc">
      <Execution id="684e3f1d-2479-445d-9c65-d476a7cbdce9" />
      <TestMethod codeBase="/home/chad/repos/witchcityrope-react/tests/WitchCityRope.Infrastructure.Tests/bin/Debug/net9.0/WitchCityRope.Infrastructure.Tests.dll" adapterTypeName="executor://xunit/VsTestRunner3/netcore/" className="WitchCityRope.Infrastructure.Tests.Security.EncryptionServiceTests" name="EncryptAsync_Should_Encrypt_Plain_Text" />
    </UnitTest>
    <UnitTest name="WitchCityRope.Infrastructure.Tests.Data.EntityConfigurationTests.User_Configuration_Should_Enforce_Unique_Email" storage="/home/chad/repos/witchcityrope-react/tests/witchcityrope.infrastructure.tests/bin/debug/net9.0/witchcityrope.infrastructure.tests.dll" id="41de6ffd-df72-f5d2-e6b2-2548e17c369e">
      <Execution id="82c155cf-83e9-462f-be26-93281b63cf54" />
      <TestMethod codeBase="/home/chad/repos/witchcityrope-react/tests/WitchCityRope.Infrastructure.Tests/bin/Debug/net9.0/WitchCityRope.Infrastructure.Tests.dll" adapterTypeName="executor://xunit/VsTestRunner3/netcore/" className="WitchCityRope.Infrastructure.Tests.Data.EntityConfigurationTests" name="User_Configuration_Should_Enforce_Unique_Email" />
    </UnitTest>
    <UnitTest name="WitchCityRope.Infrastructure.Tests.Data.EntityConfigurationTests.User_Configuration_Should_Store_Value_Objects_Correctly" storage="/home/chad/repos/witchcityrope-react/tests/witchcityrope.infrastructure.tests/bin/debug/net9.0/witchcityrope.infrastructure.tests.dll" id="26b9f878-3757-489b-6626-eca8d0f72307">
      <Execution id="e4f997a2-cf5b-493c-9817-25296100ad92" />
      <TestMethod codeBase="/home/chad/repos/witchcityrope-react/tests/WitchCityRope.Infrastructure.Tests/bin/Debug/net9.0/WitchCityRope.Infrastructure.Tests.dll" adapterTypeName="executor://xunit/VsTestRunner3/netcore/" className="WitchCityRope.Infrastructure.Tests.Data.EntityConfigurationTests" name="User_Configuration_Should_Store_Value_Objects_Correctly" />
    </UnitTest>
    <UnitTest name="WitchCityRope.Infrastructure.Tests.PayPal.PayPalServiceTests.GetPaymentStatusAsync_Should_Return_Failed_On_Exception" storage="/home/chad/repos/witchcityrope-react/tests/witchcityrope.infrastructure.tests/bin/debug/net9.0/witchcityrope.infrastructure.tests.dll" id="a4c6dfe2-8692-442a-7687-11fe74a57291">
      <Execution id="dff2c5d2-4e41-4cd3-80c6-a83dc8efea95" />
      <TestMethod codeBase="/home/chad/repos/witchcityrope-react/tests/WitchCityRope.Infrastructure.Tests/bin/Debug/net9.0/WitchCityRope.Infrastructure.Tests.dll" adapterTypeName="executor://xunit/VsTestRunner3/netcore/" className="WitchCityRope.Infrastructure.Tests.PayPal.PayPalServiceTests" name="GetPaymentStatusAsync_Should_Return_Failed_On_Exception" />
    </UnitTest>
    <UnitTest name="WitchCityRope.Infrastructure.Tests.Security.EncryptionServiceTests.DecryptAsync_Should_Decrypt_Encrypted_Text" storage="/home/chad/repos/witchcityrope-react/tests/witchcityrope.infrastructure.tests/bin/debug/net9.0/witchcityrope.infrastructure.tests.dll" id="15b6fe83-e163-93ae-7ba9-51007c17c9b1">
      <Execution id="e6d76df4-6af9-4087-8cb0-f5ad3819bbc7" />
      <TestMethod codeBase="/home/chad/repos/witchcityrope-react/tests/WitchCityRope.Infrastructure.Tests/bin/Debug/net9.0/WitchCityRope.Infrastructure.Tests.dll" adapterTypeName="executor://xunit/VsTestRunner3/netcore/" className="WitchCityRope.Infrastructure.Tests.Security.EncryptionServiceTests" name="DecryptAsync_Should_Decrypt_Encrypted_Text" />
    </UnitTest>
    <UnitTest name="WitchCityRope.Infrastructure.Tests.Security.EncryptionServiceTests.Hash_Should_Create_BCrypt_Hash" storage="/home/chad/repos/witchcityrope-react/tests/witchcityrope.infrastructure.tests/bin/debug/net9.0/witchcityrope.infrastructure.tests.dll" id="1390353e-4e0e-3135-81d6-685a745aa5fb">
      <Execution id="a4d41367-e809-4f22-b187-188b40dd8f27" />
      <TestMethod codeBase="/home/chad/repos/witchcityrope-react/tests/WitchCityRope.Infrastructure.Tests/bin/Debug/net9.0/WitchCityRope.Infrastructure.Tests.dll" adapterTypeName="executor://xunit/VsTestRunner3/netcore/" className="WitchCityRope.Infrastructure.Tests.Security.EncryptionServiceTests" name="Hash_Should_Create_BCrypt_Hash" />
    </UnitTest>
    <UnitTest name="WitchCityRope.Infrastructure.Tests.PayPal.PayPalServiceTests.Constructor_Should_Throw_When_Logger_Is_Null" storage="/home/chad/repos/witchcityrope-react/tests/witchcityrope.infrastructure.tests/bin/debug/net9.0/witchcityrope.infrastructure.tests.dll" id="5baaed9a-7b39-bf0a-975b-3f375a59580f">
      <Execution id="34b45968-9b1d-49f4-b0c5-78f4c9c257d6" />
      <TestMethod codeBase="/home/chad/repos/witchcityrope-react/tests/WitchCityRope.Infrastructure.Tests/bin/Debug/net9.0/WitchCityRope.Infrastructure.Tests.dll" adapterTypeName="executor://xunit/VsTestRunner3/netcore/" className="WitchCityRope.Infrastructure.Tests.PayPal.PayPalServiceTests" name="Constructor_Should_Throw_When_Logger_Is_Null" />
    </UnitTest>
    <UnitTest name="WitchCityRope.Infrastructure.Tests.Security.EncryptionServiceTests.Encryption_Should_Be_Deterministic_With_Same_Key" storage="/home/chad/repos/witchcityrope-react/tests/witchcityrope.infrastructure.tests/bin/debug/net9.0/witchcityrope.infrastructure.tests.dll" id="fb57c710-b9e2-ed4a-59de-d5901369c26e">
      <Execution id="c812472f-81cf-400e-9991-b637eeb499f4" />
      <TestMethod codeBase="/home/chad/repos/witchcityrope-react/tests/WitchCityRope.Infrastructure.Tests/bin/Debug/net9.0/WitchCityRope.Infrastructure.Tests.dll" adapterTypeName="executor://xunit/VsTestRunner3/netcore/" className="WitchCityRope.Infrastructure.Tests.Security.EncryptionServiceTests" name="Encryption_Should_Be_Deterministic_With_Same_Key" />
    </UnitTest>
    <UnitTest name="WitchCityRope.Infrastructure.Tests.PayPal.PayPalServiceTests.ValidatePaymentMethodAsync_Should_Return_False_For_Empty_Method" storage="/home/chad/repos/witchcityrope-react/tests/witchcityrope.infrastructure.tests/bin/debug/net9.0/witchcityrope.infrastructure.tests.dll" id="79cdb1a1-4a9a-f0b2-2460-493cf93bd7f4">
      <Execution id="33c432b3-61d6-46a3-b18a-b06ec2da7a4e" />
      <TestMethod codeBase="/home/chad/repos/witchcityrope-react/tests/WitchCityRope.Infrastructure.Tests/bin/Debug/net9.0/WitchCityRope.Infrastructure.Tests.dll" adapterTypeName="executor://xunit/VsTestRunner3/netcore/" className="WitchCityRope.Infrastructure.Tests.PayPal.PayPalServiceTests" name="ValidatePaymentMethodAsync_Should_Return_False_For_Empty_Method" />
    </UnitTest>
    <UnitTest name="WitchCityRope.Infrastructure.Tests.Security.JwtTokenServiceTests.GetUserIdFromToken_Should_Return_Null_For_Invalid_Token" storage="/home/chad/repos/witchcityrope-react/tests/witchcityrope.infrastructure.tests/bin/debug/net9.0/witchcityrope.infrastructure.tests.dll" id="9fe6d175-d2ab-6131-d5d1-c65e74e5832a">
      <Execution id="00b5d597-6968-4309-bb1a-12593dc7f228" />
      <TestMethod codeBase="/home/chad/repos/witchcityrope-react/tests/WitchCityRope.Infrastructure.Tests/bin/Debug/net9.0/WitchCityRope.Infrastructure.Tests.dll" adapterTypeName="executor://xunit/VsTestRunner3/netcore/" className="WitchCityRope.Infrastructure.Tests.Security.JwtTokenServiceTests" name="GetUserIdFromToken_Should_Return_Null_For_Invalid_Token" />
    </UnitTest>
    <UnitTest name="WitchCityRope.Infrastructure.Tests.Security.JwtTokenServiceTests.GenerateToken_Should_Throw_For_Null_User" storage="/home/chad/repos/witchcityrope-react/tests/witchcityrope.infrastructure.tests/bin/debug/net9.0/witchcityrope.infrastructure.tests.dll" id="748f8264-f4b3-9b6e-bf21-ba9f263ed688">
      <Execution id="fe4f6b5a-390a-4faa-b396-a35eb75491b5" />
      <TestMethod codeBase="/home/chad/repos/witchcityrope-react/tests/WitchCityRope.Infrastructure.Tests/bin/Debug/net9.0/WitchCityRope.Infrastructure.Tests.dll" adapterTypeName="executor://xunit/VsTestRunner3/netcore/" className="WitchCityRope.Infrastructure.Tests.Security.JwtTokenServiceTests" name="GenerateToken_Should_Throw_For_Null_User" />
    </UnitTest>
    <UnitTest name="WitchCityRope.Infrastructure.Tests.Data.ConcurrencyTests.Should_Handle_Concurrent_Event_Registration" storage="/home/chad/repos/witchcityrope-react/tests/witchcityrope.infrastructure.tests/bin/debug/net9.0/witchcityrope.infrastructure.tests.dll" id="5b0a3d64-a64f-8568-d161-26c211e26ebb">
      <Execution id="30f1b150-a711-4a17-b2ef-9ece39819e0f" />
      <TestMethod codeBase="/home/chad/repos/witchcityrope-react/tests/WitchCityRope.Infrastructure.Tests/bin/Debug/net9.0/WitchCityRope.Infrastructure.Tests.dll" adapterTypeName="executor://xunit/VsTestRunner3/netcore/" className="WitchCityRope.Infrastructure.Tests.Data.ConcurrencyTests" name="Should_Handle_Concurrent_Event_Registration" />
    </UnitTest>
    <UnitTest name="WitchCityRope.Infrastructure.Tests.Data.WitchCityRopeDbContextTests.Should_Update_Audit_Fields_On_Modify" storage="/home/chad/repos/witchcityrope-react/tests/witchcityrope.infrastructure.tests/bin/debug/net9.0/witchcityrope.infrastructure.tests.dll" id="69221b6b-5e06-008b-d928-3f77a40328a2">
      <Execution id="b8ea5393-45b4-4bb9-b3e7-176e43444c4c" />
      <TestMethod codeBase="/home/chad/repos/witchcityrope-react/tests/WitchCityRope.Infrastructure.Tests/bin/Debug/net9.0/WitchCityRope.Infrastructure.Tests.dll" adapterTypeName="executor://xunit/VsTestRunner3/netcore/" className="WitchCityRope.Infrastructure.Tests.Data.WitchCityRopeDbContextTests" name="Should_Update_Audit_Fields_On_Modify" />
    </UnitTest>
    <UnitTest name="WitchCityRope.Infrastructure.Tests.Email.EmailServiceTests.SendRegistrationConfirmationAsync_Should_Use_Correct_Template" storage="/home/chad/repos/witchcityrope-react/tests/witchcityrope.infrastructure.tests/bin/debug/net9.0/witchcityrope.infrastructure.tests.dll" id="8dde58a5-7529-70d6-f415-cc7c8025de4a">
      <Execution id="8792ca23-9996-4444-a9ad-d33c48b670fc" />
      <TestMethod codeBase="/home/chad/repos/witchcityrope-react/tests/WitchCityRope.Infrastructure.Tests/bin/Debug/net9.0/WitchCityRope.Infrastructure.Tests.dll" adapterTypeName="executor://xunit/VsTestRunner3/netcore/" className="WitchCityRope.Infrastructure.Tests.Email.EmailServiceTests" name="SendRegistrationConfirmationAsync_Should_Use_Correct_Template" />
    </UnitTest>
    <UnitTest name="WitchCityRope.Infrastructure.Tests.Security.EncryptionServiceTests.EncryptAsync_Should_Return_Empty_String_For_Empty_Input" storage="/home/chad/repos/witchcityrope-react/tests/witchcityrope.infrastructure.tests/bin/debug/net9.0/witchcityrope.infrastructure.tests.dll" id="548a09d3-4fa2-75df-faa2-e267f1d73899">
      <Execution id="deb87501-926c-45a1-8e8e-8cbdbee0703b" />
      <TestMethod codeBase="/home/chad/repos/witchcityrope-react/tests/WitchCityRope.Infrastructure.Tests/bin/Debug/net9.0/WitchCityRope.Infrastructure.Tests.dll" adapterTypeName="executor://xunit/VsTestRunner3/netcore/" className="WitchCityRope.Infrastructure.Tests.Security.EncryptionServiceTests" name="EncryptAsync_Should_Return_Empty_String_For_Empty_Input" />
    </UnitTest>
    <UnitTest name="WitchCityRope.Infrastructure.Tests.Data.WitchCityRopeDbContextTests.Should_Create_Database_Schema" storage="/home/chad/repos/witchcityrope-react/tests/witchcityrope.infrastructure.tests/bin/debug/net9.0/witchcityrope.infrastructure.tests.dll" id="0d50f91b-1973-b06b-3035-cd7f803461f8">
      <Execution id="8f96b38e-0be7-4812-bd2e-ce5c240b8b66" />
      <TestMethod codeBase="/home/chad/repos/witchcityrope-react/tests/WitchCityRope.Infrastructure.Tests/bin/Debug/net9.0/WitchCityRope.Infrastructure.Tests.dll" adapterTypeName="executor://xunit/VsTestRunner3/netcore/" className="WitchCityRope.Infrastructure.Tests.Data.WitchCityRopeDbContextTests" name="Should_Create_Database_Schema" />
    </UnitTest>
    <UnitTest name="WitchCityRope.Infrastructure.Tests.PayPal.PayPalServiceTests.Should_Use_Sandbox_Environment_When_Configured" storage="/home/chad/repos/witchcityrope-react/tests/witchcityrope.infrastructure.tests/bin/debug/net9.0/witchcityrope.infrastructure.tests.dll" id="19e6bda6-00bd-7cd6-3c38-90a57abeea2e">
      <Execution id="c08639c3-3f09-414a-b16b-249ddaf710e5" />
      <TestMethod codeBase="/home/chad/repos/witchcityrope-react/tests/WitchCityRope.Infrastructure.Tests/bin/Debug/net9.0/WitchCityRope.Infrastructure.Tests.dll" adapterTypeName="executor://xunit/VsTestRunner3/netcore/" className="WitchCityRope.Infrastructure.Tests.PayPal.PayPalServiceTests" name="Should_Use_Sandbox_Environment_When_Configured" />
    </UnitTest>
    <UnitTest name="WitchCityRope.Infrastructure.Tests.Security.EncryptionServiceTests.VerifyHash_Should_Return_False_For_Null_PlainText" storage="/home/chad/repos/witchcityrope-react/tests/witchcityrope.infrastructure.tests/bin/debug/net9.0/witchcityrope.infrastructure.tests.dll" id="f768ae59-36e8-7994-fc40-60be4f478e46">
      <Execution id="53b9b17c-51ad-413f-ba7c-6ea83b59665c" />
      <TestMethod codeBase="/home/chad/repos/witchcityrope-react/tests/WitchCityRope.Infrastructure.Tests/bin/Debug/net9.0/WitchCityRope.Infrastructure.Tests.dll" adapterTypeName="executor://xunit/VsTestRunner3/netcore/" className="WitchCityRope.Infrastructure.Tests.Security.EncryptionServiceTests" name="VerifyHash_Should_Return_False_For_Null_PlainText" />
    </UnitTest>
    <UnitTest name="WitchCityRope.Infrastructure.Tests.Data.ConcurrencyTests.Should_Handle_Optimistic_Concurrency_With_RowVersion" storage="/home/chad/repos/witchcityrope-react/tests/witchcityrope.infrastructure.tests/bin/debug/net9.0/witchcityrope.infrastructure.tests.dll" id="0cf7ed9f-4d8e-2f0c-2cb2-fcd1f0c857e6">
      <Execution id="a5714e15-e7c7-4b01-a631-d94a01616b96" />
      <TestMethod codeBase="/home/chad/repos/witchcityrope-react/tests/WitchCityRope.Infrastructure.Tests/bin/Debug/net9.0/WitchCityRope.Infrastructure.Tests.dll" adapterTypeName="executor://xunit/VsTestRunner3/netcore/" className="WitchCityRope.Infrastructure.Tests.Data.ConcurrencyTests" name="Should_Handle_Optimistic_Concurrency_With_RowVersion" />
    </UnitTest>
    <UnitTest name="WitchCityRope.Infrastructure.Tests.Security.EncryptionServiceTests.Encryption_Should_Fail_With_Different_Keys" storage="/home/chad/repos/witchcityrope-react/tests/witchcityrope.infrastructure.tests/bin/debug/net9.0/witchcityrope.infrastructure.tests.dll" id="e21cd5c6-324b-c676-dab9-0bd35c2ac14e">
      <Execution id="4d8b4868-93e5-4218-837e-febdcb8b82ba" />
      <TestMethod codeBase="/home/chad/repos/witchcityrope-react/tests/WitchCityRope.Infrastructure.Tests/bin/Debug/net9.0/WitchCityRope.Infrastructure.Tests.dll" adapterTypeName="executor://xunit/VsTestRunner3/netcore/" className="WitchCityRope.Infrastructure.Tests.Security.EncryptionServiceTests" name="Encryption_Should_Fail_With_Different_Keys" />
    </UnitTest>
    <UnitTest name="WitchCityRope.Infrastructure.Tests.Data.EntityConfigurationTests.VettingApplication_User_Relationship_Should_Be_Configured_Correctly" storage="/home/chad/repos/witchcityrope-react/tests/witchcityrope.infrastructure.tests/bin/debug/net9.0/witchcityrope.infrastructure.tests.dll" id="2e295478-e22d-9437-5e20-58c9801b1053">
      <Execution id="01c9a718-50a5-48b6-b59b-663440f268f4" />
      <TestMethod codeBase="/home/chad/repos/witchcityrope-react/tests/WitchCityRope.Infrastructure.Tests/bin/Debug/net9.0/WitchCityRope.Infrastructure.Tests.dll" adapterTypeName="executor://xunit/VsTestRunner3/netcore/" className="WitchCityRope.Infrastructure.Tests.Data.EntityConfigurationTests" name="VettingApplication_User_Relationship_Should_Be_Configured_Correctly" />
    </UnitTest>
    <UnitTest name="WitchCityRope.Infrastructure.Tests.Security.JwtTokenServiceTests.GenerateToken_Should_Set_Correct_Expiration" storage="/home/chad/repos/witchcityrope-react/tests/witchcityrope.infrastructure.tests/bin/debug/net9.0/witchcityrope.infrastructure.tests.dll" id="121b47a1-7650-eac0-8814-509934e34c51">
      <Execution id="7f4f5dba-e949-4ace-9d0f-7b3c8f80f31d" />
      <TestMethod codeBase="/home/chad/repos/witchcityrope-react/tests/WitchCityRope.Infrastructure.Tests/bin/Debug/net9.0/WitchCityRope.Infrastructure.Tests.dll" adapterTypeName="executor://xunit/VsTestRunner3/netcore/" className="WitchCityRope.Infrastructure.Tests.Security.JwtTokenServiceTests" name="GenerateToken_Should_Set_Correct_Expiration" />
    </UnitTest>
    <UnitTest name="WitchCityRope.Infrastructure.Tests.Data.WitchCityRopeDbContextTests.Should_Handle_Transactions" storage="/home/chad/repos/witchcityrope-react/tests/witchcityrope.infrastructure.tests/bin/debug/net9.0/witchcityrope.infrastructure.tests.dll" id="fb5b9c38-8b84-314c-709f-5c4f52c1a376">
      <Execution id="e322fa23-d671-496f-b1ad-e37afb9ccfab" />
      <TestMethod codeBase="/home/chad/repos/witchcityrope-react/tests/WitchCityRope.Infrastructure.Tests/bin/Debug/net9.0/WitchCityRope.Infrastructure.Tests.dll" adapterTypeName="executor://xunit/VsTestRunner3/netcore/" className="WitchCityRope.Infrastructure.Tests.Data.WitchCityRopeDbContextTests" name="Should_Handle_Transactions" />
    </UnitTest>
    <UnitTest name="WitchCityRope.Infrastructure.Tests.Email.EmailServiceTests.Constructor_Should_Throw_When_SendGridClient_Is_Null" storage="/home/chad/repos/witchcityrope-react/tests/witchcityrope.infrastructure.tests/bin/debug/net9.0/witchcityrope.infrastructure.tests.dll" id="f2a9e942-c5a4-67ec-c6f6-76d8270d8e03">
      <Execution id="697adff7-817a-4358-abeb-db4243c67b9a" />
      <TestMethod codeBase="/home/chad/repos/witchcityrope-react/tests/WitchCityRope.Infrastructure.Tests/bin/Debug/net9.0/WitchCityRope.Infrastructure.Tests.dll" adapterTypeName="executor://xunit/VsTestRunner3/netcore/" className="WitchCityRope.Infrastructure.Tests.Email.EmailServiceTests" name="Constructor_Should_Throw_When_SendGridClient_Is_Null" />
    </UnitTest>
    <UnitTest name="WitchCityRope.Infrastructure.Tests.PayPal.PayPalServiceTests.Should_Use_Production_Environment_When_Configured" storage="/home/chad/repos/witchcityrope-react/tests/witchcityrope.infrastructure.tests/bin/debug/net9.0/witchcityrope.infrastructure.tests.dll" id="d09d88d0-e6be-e39b-577c-5d7881b8be2d">
      <Execution id="c1d12539-9b63-4c0c-b4b2-dd4a343b46d7" />
      <TestMethod codeBase="/home/chad/repos/witchcityrope-react/tests/WitchCityRope.Infrastructure.Tests/bin/Debug/net9.0/WitchCityRope.Infrastructure.Tests.dll" adapterTypeName="executor://xunit/VsTestRunner3/netcore/" className="WitchCityRope.Infrastructure.Tests.PayPal.PayPalServiceTests" name="Should_Use_Production_Environment_When_Configured" />
    </UnitTest>
    <UnitTest name="WitchCityRope.Infrastructure.Tests.Security.EncryptionServiceTests.Constructor_Should_Throw_When_Encryption_Key_Is_Missing" storage="/home/chad/repos/witchcityrope-react/tests/witchcityrope.infrastructure.tests/bin/debug/net9.0/witchcityrope.infrastructure.tests.dll" id="ad8c3afd-60d6-cd49-53c0-babc94254028">
      <Execution id="9dc4bf63-3b50-461d-9271-8a16a8330dc7" />
      <TestMethod codeBase="/home/chad/repos/witchcityrope-react/tests/WitchCityRope.Infrastructure.Tests/bin/Debug/net9.0/WitchCityRope.Infrastructure.Tests.dll" adapterTypeName="executor://xunit/VsTestRunner3/netcore/" className="WitchCityRope.Infrastructure.Tests.Security.EncryptionServiceTests" name="Constructor_Should_Throw_When_Encryption_Key_Is_Missing" />
    </UnitTest>
    <UnitTest name="WitchCityRope.Infrastructure.Tests.Data.EntityConfigurationTests.IncidentReport_Should_Support_Anonymous_Reports" storage="/home/chad/repos/witchcityrope-react/tests/witchcityrope.infrastructure.tests/bin/debug/net9.0/witchcityrope.infrastructure.tests.dll" id="591200bf-8c10-cbe7-b292-ba438a5b1619">
      <Execution id="2e3463ab-ea71-446e-a68e-cfb905755be9" />
      <TestMethod codeBase="/home/chad/repos/witchcityrope-react/tests/WitchCityRope.Infrastructure.Tests/bin/Debug/net9.0/WitchCityRope.Infrastructure.Tests.dll" adapterTypeName="executor://xunit/VsTestRunner3/netcore/" className="WitchCityRope.Infrastructure.Tests.Data.EntityConfigurationTests" name="IncidentReport_Should_Support_Anonymous_Reports" />
    </UnitTest>
    <UnitTest name="WitchCityRope.Infrastructure.Tests.Data.WitchCityRopeDbContextTests.Should_Track_Entity_Changes" storage="/home/chad/repos/witchcityrope-react/tests/witchcityrope.infrastructure.tests/bin/debug/net9.0/witchcityrope.infrastructure.tests.dll" id="970cea6b-40ba-903c-9bac-ba8ed8c9ebf1">
      <Execution id="2cd8b1d9-07bc-4bb8-b18d-3a280ae40152" />
      <TestMethod codeBase="/home/chad/repos/witchcityrope-react/tests/WitchCityRope.Infrastructure.Tests/bin/Debug/net9.0/WitchCityRope.Infrastructure.Tests.dll" adapterTypeName="executor://xunit/VsTestRunner3/netcore/" className="WitchCityRope.Infrastructure.Tests.Data.WitchCityRopeDbContextTests" name="Should_Track_Entity_Changes" />
    </UnitTest>
    <UnitTest name="WitchCityRope.Infrastructure.Tests.Email.EmailServiceTests.SendCancellationConfirmationAsync_Should_Include_Refund_When_Provided" storage="/home/chad/repos/witchcityrope-react/tests/witchcityrope.infrastructure.tests/bin/debug/net9.0/witchcityrope.infrastructure.tests.dll" id="1ae5ff30-1a08-cfcb-e755-65a04829e2b4">
      <Execution id="0f25472b-5431-4df9-8e48-28b6005d0353" />
      <TestMethod codeBase="/home/chad/repos/witchcityrope-react/tests/WitchCityRope.Infrastructure.Tests/bin/Debug/net9.0/WitchCityRope.Infrastructure.Tests.dll" adapterTypeName="executor://xunit/VsTestRunner3/netcore/" className="WitchCityRope.Infrastructure.Tests.Email.EmailServiceTests" name="SendCancellationConfirmationAsync_Should_Include_Refund_When_Provided" />
    </UnitTest>
    <UnitTest name="WitchCityRope.Infrastructure.Tests.Data.MigrationTests.Should_Create_Correct_Foreign_Keys" storage="/home/chad/repos/witchcityrope-react/tests/witchcityrope.infrastructure.tests/bin/debug/net9.0/witchcityrope.infrastructure.tests.dll" id="0c01b91e-1f31-c944-fe79-657241846334">
      <Execution id="b496ba28-861f-48ec-8118-619b2160b83f" />
      <TestMethod codeBase="/home/chad/repos/witchcityrope-react/tests/WitchCityRope.Infrastructure.Tests/bin/Debug/net9.0/WitchCityRope.Infrastructure.Tests.dll" adapterTypeName="executor://xunit/VsTestRunner3/netcore/" className="WitchCityRope.Infrastructure.Tests.Data.MigrationTests" name="Should_Create_Correct_Foreign_Keys" />
    </UnitTest>
    <UnitTest name="WitchCityRope.Infrastructure.Tests.Security.JwtTokenServiceTests.ValidateToken_Should_Return_Null_For_Expired_Token" storage="/home/chad/repos/witchcityrope-react/tests/witchcityrope.infrastructure.tests/bin/debug/net9.0/witchcityrope.infrastructure.tests.dll" id="392c6d3e-7870-0e59-cda0-066a33da3da1">
      <Execution id="c3bbf824-4925-430f-9da8-0052b7eca78b" />
      <TestMethod codeBase="/home/chad/repos/witchcityrope-react/tests/WitchCityRope.Infrastructure.Tests/bin/Debug/net9.0/WitchCityRope.Infrastructure.Tests.dll" adapterTypeName="executor://xunit/VsTestRunner3/netcore/" className="WitchCityRope.Infrastructure.Tests.Security.JwtTokenServiceTests" name="ValidateToken_Should_Return_Null_For_Expired_Token" />
    </UnitTest>
    <UnitTest name="WitchCityRope.Infrastructure.Tests.Data.MigrationTests.Should_Create_Correct_Indexes" storage="/home/chad/repos/witchcityrope-react/tests/witchcityrope.infrastructure.tests/bin/debug/net9.0/witchcityrope.infrastructure.tests.dll" id="13bd86c6-f19a-69a0-47da-45392f474030">
      <Execution id="c2c0a90d-9754-4df3-84a6-62731a36e4fd" />
      <TestMethod codeBase="/home/chad/repos/witchcityrope-react/tests/WitchCityRope.Infrastructure.Tests/bin/Debug/net9.0/WitchCityRope.Infrastructure.Tests.dll" adapterTypeName="executor://xunit/VsTestRunner3/netcore/" className="WitchCityRope.Infrastructure.Tests.Data.MigrationTests" name="Should_Create_Correct_Indexes" />
    </UnitTest>
    <UnitTest name="WitchCityRope.Infrastructure.Tests.Data.ComplexQueryTests.Should_Handle_Complex_Filtering_And_Sorting" storage="/home/chad/repos/witchcityrope-react/tests/witchcityrope.infrastructure.tests/bin/debug/net9.0/witchcityrope.infrastructure.tests.dll" id="ce5d819c-5ce5-57c8-bafb-b7d7723680d9">
      <Execution id="e98d2386-2510-4e31-8ba6-47eefcc0163d" />
      <TestMethod codeBase="/home/chad/repos/witchcityrope-react/tests/WitchCityRope.Infrastructure.Tests/bin/Debug/net9.0/WitchCityRope.Infrastructure.Tests.dll" adapterTypeName="executor://xunit/VsTestRunner3/netcore/" className="WitchCityRope.Infrastructure.Tests.Data.ComplexQueryTests" name="Should_Handle_Complex_Filtering_And_Sorting" />
    </UnitTest>
    <UnitTest name="WitchCityRope.Infrastructure.Tests.Security.EncryptionServiceTests.DecryptAsync_Should_Throw_For_Corrupted_Data" storage="/home/chad/repos/witchcityrope-react/tests/witchcityrope.infrastructure.tests/bin/debug/net9.0/witchcityrope.infrastructure.tests.dll" id="207aab20-bd1d-c84f-9d5f-6c6087e30ea0">
      <Execution id="354e8e10-a7a7-4997-bf9a-77192d4dfb92" />
      <TestMethod codeBase="/home/chad/repos/witchcityrope-react/tests/WitchCityRope.Infrastructure.Tests/bin/Debug/net9.0/WitchCityRope.Infrastructure.Tests.dll" adapterTypeName="executor://xunit/VsTestRunner3/netcore/" className="WitchCityRope.Infrastructure.Tests.Security.EncryptionServiceTests" name="DecryptAsync_Should_Throw_For_Corrupted_Data" />
    </UnitTest>
    <UnitTest name="WitchCityRope.Infrastructure.Tests.Email.EmailServiceTests.SendBulkEmailAsync_Should_Send_To_Multiple_Recipients" storage="/home/chad/repos/witchcityrope-react/tests/witchcityrope.infrastructure.tests/bin/debug/net9.0/witchcityrope.infrastructure.tests.dll" id="d34ced5e-61be-8db1-2a33-5a0519fd37ce">
      <Execution id="ccc3254a-ef51-4ece-ba2f-1f60c1f124d8" />
      <TestMethod codeBase="/home/chad/repos/witchcityrope-react/tests/WitchCityRope.Infrastructure.Tests/bin/Debug/net9.0/WitchCityRope.Infrastructure.Tests.dll" adapterTypeName="executor://xunit/VsTestRunner3/netcore/" className="WitchCityRope.Infrastructure.Tests.Email.EmailServiceTests" name="SendBulkEmailAsync_Should_Send_To_Multiple_Recipients" />
    </UnitTest>
    <UnitTest name="WitchCityRope.Infrastructure.Tests.PayPal.PayPalServiceTests.ProcessRefundAsync_Should_Use_Full_Amount_When_Not_Specified" storage="/home/chad/repos/witchcityrope-react/tests/witchcityrope.infrastructure.tests/bin/debug/net9.0/witchcityrope.infrastructure.tests.dll" id="e8fd9f68-55b8-c4bd-47ac-7ccdf891ae01">
      <Execution id="e47fed13-3dee-4059-9a12-b395c149aad1" />
      <TestMethod codeBase="/home/chad/repos/witchcityrope-react/tests/WitchCityRope.Infrastructure.Tests/bin/Debug/net9.0/WitchCityRope.Infrastructure.Tests.dll" adapterTypeName="executor://xunit/VsTestRunner3/netcore/" className="WitchCityRope.Infrastructure.Tests.PayPal.PayPalServiceTests" name="ProcessRefundAsync_Should_Use_Full_Amount_When_Not_Specified" />
    </UnitTest>
    <UnitTest name="WitchCityRope.Infrastructure.Tests.Data.MigrationTests.Should_Have_Correct_Schema_After_Migration" storage="/home/chad/repos/witchcityrope-react/tests/witchcityrope.infrastructure.tests/bin/debug/net9.0/witchcityrope.infrastructure.tests.dll" id="201d5940-7e4c-301c-43c7-cd72598ac0d0">
      <Execution id="eabc4768-6984-48b5-9112-5f6bd547697b" />
      <TestMethod codeBase="/home/chad/repos/witchcityrope-react/tests/WitchCityRope.Infrastructure.Tests/bin/Debug/net9.0/WitchCityRope.Infrastructure.Tests.dll" adapterTypeName="executor://xunit/VsTestRunner3/netcore/" className="WitchCityRope.Infrastructure.Tests.Data.MigrationTests" name="Should_Have_Correct_Schema_After_Migration" />
    </UnitTest>
    <UnitTest name="WitchCityRope.Infrastructure.Tests.Security.EncryptionServiceTests.VerifyHash_Should_Return_False_For_Incorrect_Password" storage="/home/chad/repos/witchcityrope-react/tests/witchcityrope.infrastructure.tests/bin/debug/net9.0/witchcityrope.infrastructure.tests.dll" id="38d9a3a3-e1c3-68c6-2d7a-903c09e97244">
      <Execution id="44847f0a-6aa3-4a09-961a-fc6ff24ac7a4" />
      <TestMethod codeBase="/home/chad/repos/witchcityrope-react/tests/WitchCityRope.Infrastructure.Tests/bin/Debug/net9.0/WitchCityRope.Infrastructure.Tests.dll" adapterTypeName="executor://xunit/VsTestRunner3/netcore/" className="WitchCityRope.Infrastructure.Tests.Security.EncryptionServiceTests" name="VerifyHash_Should_Return_False_For_Incorrect_Password" />
    </UnitTest>
    <UnitTest name="WitchCityRope.Infrastructure.Tests.Data.EntityConfigurationTests.Money_ValueObject_Should_Be_Stored_Correctly" storage="/home/chad/repos/witchcityrope-react/tests/witchcityrope.infrastructure.tests/bin/debug/net9.0/witchcityrope.infrastructure.tests.dll" id="ce3791cd-d401-3567-856e-b206412930a4">
      <Execution id="bcf8b9f6-22f7-4430-a997-52fc62dabbfe" />
      <TestMethod codeBase="/home/chad/repos/witchcityrope-react/tests/WitchCityRope.Infrastructure.Tests/bin/Debug/net9.0/WitchCityRope.Infrastructure.Tests.dll" adapterTypeName="executor://xunit/VsTestRunner3/netcore/" className="WitchCityRope.Infrastructure.Tests.Data.EntityConfigurationTests" name="Money_ValueObject_Should_Be_Stored_Correctly" />
    </UnitTest>
    <UnitTest name="WitchCityRope.Infrastructure.Tests.Data.MigrationTests.Should_Create_All_Expected_Tables" storage="/home/chad/repos/witchcityrope-react/tests/witchcityrope.infrastructure.tests/bin/debug/net9.0/witchcityrope.infrastructure.tests.dll" id="433cedb3-2a7e-2070-b4b6-ff055a4203c2">
      <Execution id="f943b102-9a5d-4bb7-b704-dd8a2ca359f3" />
      <TestMethod codeBase="/home/chad/repos/witchcityrope-react/tests/WitchCityRope.Infrastructure.Tests/bin/Debug/net9.0/WitchCityRope.Infrastructure.Tests.dll" adapterTypeName="executor://xunit/VsTestRunner3/netcore/" className="WitchCityRope.Infrastructure.Tests.Data.MigrationTests" name="Should_Create_All_Expected_Tables" />
    </UnitTest>
    <UnitTest name="WitchCityRope.Infrastructure.Tests.Email.EmailServiceTests.Should_Use_Default_From_Email_When_Not_Configured" storage="/home/chad/repos/witchcityrope-react/tests/witchcityrope.infrastructure.tests/bin/debug/net9.0/witchcityrope.infrastructure.tests.dll" id="99d2f9a3-7064-fb89-edfc-d8cf0deede72">
      <Execution id="d570e5e1-5e27-4574-9382-265b16882934" />
      <TestMethod codeBase="/home/chad/repos/witchcityrope-react/tests/WitchCityRope.Infrastructure.Tests/bin/Debug/net9.0/WitchCityRope.Infrastructure.Tests.dll" adapterTypeName="executor://xunit/VsTestRunner3/netcore/" className="WitchCityRope.Infrastructure.Tests.Email.EmailServiceTests" name="Should_Use_Default_From_Email_When_Not_Configured" />
    </UnitTest>
    <UnitTest name="WitchCityRope.Infrastructure.Tests.Data.EntityConfigurationTests.Should_Enforce_String_Length_Constraints" storage="/home/chad/repos/witchcityrope-react/tests/witchcityrope.infrastructure.tests/bin/debug/net9.0/witchcityrope.infrastructure.tests.dll" id="29bc5121-cf60-36a7-57b9-1ab204e81280">
      <Execution id="48d3b97c-2f08-4ab3-9df9-887ea56a2b2e" />
      <TestMethod codeBase="/home/chad/repos/witchcityrope-react/tests/WitchCityRope.Infrastructure.Tests/bin/Debug/net9.0/WitchCityRope.Infrastructure.Tests.dll" adapterTypeName="executor://xunit/VsTestRunner3/netcore/" className="WitchCityRope.Infrastructure.Tests.Data.EntityConfigurationTests" name="Should_Enforce_String_Length_Constraints" />
    </UnitTest>
    <UnitTest name="WitchCityRope.Infrastructure.Tests.PayPal.PayPalServiceTests.Should_Default_To_Sandbox_When_IsSandbox_Not_Specified" storage="/home/chad/repos/witchcityrope-react/tests/witchcityrope.infrastructure.tests/bin/debug/net9.0/witchcityrope.infrastructure.tests.dll" id="0ee62c17-dcae-efb1-3027-07f5ee04a932">
      <Execution id="387edce5-2857-436e-a447-2ee5a1c36468" />
      <TestMethod codeBase="/home/chad/repos/witchcityrope-react/tests/WitchCityRope.Infrastructure.Tests/bin/Debug/net9.0/WitchCityRope.Infrastructure.Tests.dll" adapterTypeName="executor://xunit/VsTestRunner3/netcore/" className="WitchCityRope.Infrastructure.Tests.PayPal.PayPalServiceTests" name="Should_Default_To_Sandbox_When_IsSandbox_Not_Specified" />
    </UnitTest>
    <UnitTest name="WitchCityRope.Infrastructure.Tests.Security.JwtTokenServiceTests.Constructor_Should_Throw_When_Configuration_Is_Null" storage="/home/chad/repos/witchcityrope-react/tests/witchcityrope.infrastructure.tests/bin/debug/net9.0/witchcityrope.infrastructure.tests.dll" id="13978cf6-8116-d9d2-5159-ee260bc86d7b">
      <Execution id="576b5ce1-f40d-4e7c-abed-1ad5fd488d46" />
      <TestMethod codeBase="/home/chad/repos/witchcityrope-react/tests/WitchCityRope.Infrastructure.Tests/bin/Debug/net9.0/WitchCityRope.Infrastructure.Tests.dll" adapterTypeName="executor://xunit/VsTestRunner3/netcore/" className="WitchCityRope.Infrastructure.Tests.Security.JwtTokenServiceTests" name="Constructor_Should_Throw_When_Configuration_Is_Null" />
    </UnitTest>
    <UnitTest name="WitchCityRope.Infrastructure.Tests.Security.EncryptionServiceTests.Encrypt_Decrypt_Should_Handle_Unicode_Characters" storage="/home/chad/repos/witchcityrope-react/tests/witchcityrope.infrastructure.tests/bin/debug/net9.0/witchcityrope.infrastructure.tests.dll" id="e5db7fe7-0c86-b69a-1876-a463e7e775cd">
      <Execution id="f4c97d31-5e81-4c70-a853-3c0c7f26f03d" />
      <TestMethod codeBase="/home/chad/repos/witchcityrope-react/tests/WitchCityRope.Infrastructure.Tests/bin/Debug/net9.0/WitchCityRope.Infrastructure.Tests.dll" adapterTypeName="executor://xunit/VsTestRunner3/netcore/" className="WitchCityRope.Infrastructure.Tests.Security.EncryptionServiceTests" name="Encrypt_Decrypt_Should_Handle_Unicode_Characters" />
    </UnitTest>
    <UnitTest name="WitchCityRope.Infrastructure.Tests.Security.EncryptionServiceTests.DecryptAsync_Should_Return_Empty_String_For_Empty_Input" storage="/home/chad/repos/witchcityrope-react/tests/witchcityrope.infrastructure.tests/bin/debug/net9.0/witchcityrope.infrastructure.tests.dll" id="69fe012a-82fe-3708-098d-5cd009a2da67">
      <Execution id="b32e0323-0dfc-4d78-bbbd-e1942e5500bd" />
      <TestMethod codeBase="/home/chad/repos/witchcityrope-react/tests/WitchCityRope.Infrastructure.Tests/bin/Debug/net9.0/WitchCityRope.Infrastructure.Tests.dll" adapterTypeName="executor://xunit/VsTestRunner3/netcore/" className="WitchCityRope.Infrastructure.Tests.Security.EncryptionServiceTests" name="DecryptAsync_Should_Return_Empty_String_For_Empty_Input" />
    </UnitTest>
    <UnitTest name="WitchCityRope.Infrastructure.Tests.Data.EntityConfigurationTests.Event_Registration_Relationship_Should_Be_Configured_Correctly" storage="/home/chad/repos/witchcityrope-react/tests/witchcityrope.infrastructure.tests/bin/debug/net9.0/witchcityrope.infrastructure.tests.dll" id="ad7d5cca-0afe-aa15-f70e-c563df4cebb9">
      <Execution id="02e58ff9-2658-4a68-b519-23b8349637b5" />
      <TestMethod codeBase="/home/chad/repos/witchcityrope-react/tests/WitchCityRope.Infrastructure.Tests/bin/Debug/net9.0/WitchCityRope.Infrastructure.Tests.dll" adapterTypeName="executor://xunit/VsTestRunner3/netcore/" className="WitchCityRope.Infrastructure.Tests.Data.EntityConfigurationTests" name="Event_Registration_Relationship_Should_Be_Configured_Correctly" />
    </UnitTest>
    <UnitTest name="WitchCityRope.Infrastructure.Tests.Security.JwtTokenServiceTests.GenerateRefreshToken_Should_Create_Unique_Tokens" storage="/home/chad/repos/witchcityrope-react/tests/witchcityrope.infrastructure.tests/bin/debug/net9.0/witchcityrope.infrastructure.tests.dll" id="f4b775dc-9e8c-760a-8f8d-7fae5382e3c6">
      <Execution id="3803f0e2-48ba-4c42-a54a-ec60d6e5c018" />
      <TestMethod codeBase="/home/chad/repos/witchcityrope-react/tests/WitchCityRope.Infrastructure.Tests/bin/Debug/net9.0/WitchCityRope.Infrastructure.Tests.dll" adapterTypeName="executor://xunit/VsTestRunner3/netcore/" className="WitchCityRope.Infrastructure.Tests.Security.JwtTokenServiceTests" name="GenerateRefreshToken_Should_Create_Unique_Tokens" />
    </UnitTest>
    <UnitTest name="WitchCityRope.Infrastructure.Tests.Data.ComplexQueryTests.Should_Query_Upcoming_Events_With_Available_Spots" storage="/home/chad/repos/witchcityrope-react/tests/witchcityrope.infrastructure.tests/bin/debug/net9.0/witchcityrope.infrastructure.tests.dll" id="b432be91-d64b-9c99-4079-f00a8db2e635">
      <Execution id="80802805-e869-40d9-9bc4-0a871c0de8c8" />
      <TestMethod codeBase="/home/chad/repos/witchcityrope-react/tests/WitchCityRope.Infrastructure.Tests/bin/Debug/net9.0/WitchCityRope.Infrastructure.Tests.dll" adapterTypeName="executor://xunit/VsTestRunner3/netcore/" className="WitchCityRope.Infrastructure.Tests.Data.ComplexQueryTests" name="Should_Query_Upcoming_Events_With_Available_Spots" />
    </UnitTest>
    <UnitTest name="WitchCityRope.Infrastructure.Tests.Data.EntityConfigurationTests.Should_Handle_Cascade_Delete_For_Event_Registrations" storage="/home/chad/repos/witchcityrope-react/tests/witchcityrope.infrastructure.tests/bin/debug/net9.0/witchcityrope.infrastructure.tests.dll" id="e5189492-adae-5b47-5b01-837ec60d1504">
      <Execution id="ed7f6172-3bf5-407d-a837-a3cbe3951942" />
      <TestMethod codeBase="/home/chad/repos/witchcityrope-react/tests/WitchCityRope.Infrastructure.Tests/bin/Debug/net9.0/WitchCityRope.Infrastructure.Tests.dll" adapterTypeName="executor://xunit/VsTestRunner3/netcore/" className="WitchCityRope.Infrastructure.Tests.Data.EntityConfigurationTests" name="Should_Handle_Cascade_Delete_For_Event_Registrations" />
    </UnitTest>
    <UnitTest name="WitchCityRope.Infrastructure.Tests.Data.ComplexQueryTests.Should_Handle_Pagination_Correctly" storage="/home/chad/repos/witchcityrope-react/tests/witchcityrope.infrastructure.tests/bin/debug/net9.0/witchcityrope.infrastructure.tests.dll" id="b7600936-7750-95ea-d101-c63e591d45f7">
      <Execution id="4e80c764-1e37-4fb3-8bb5-6098acabfcb2" />
      <TestMethod codeBase="/home/chad/repos/witchcityrope-react/tests/WitchCityRope.Infrastructure.Tests/bin/Debug/net9.0/WitchCityRope.Infrastructure.Tests.dll" adapterTypeName="executor://xunit/VsTestRunner3/netcore/" className="WitchCityRope.Infrastructure.Tests.Data.ComplexQueryTests" name="Should_Handle_Pagination_Correctly" />
    </UnitTest>
    <UnitTest name="WitchCityRope.Infrastructure.Tests.Security.JwtTokenServiceTests.GenerateToken_Should_Set_Correct_Issuer_And_Audience" storage="/home/chad/repos/witchcityrope-react/tests/witchcityrope.infrastructure.tests/bin/debug/net9.0/witchcityrope.infrastructure.tests.dll" id="4da0ee18-6138-8500-2970-48f2f82bb88d">
      <Execution id="401ba685-88c4-4a0f-9089-fa563080887c" />
      <TestMethod codeBase="/home/chad/repos/witchcityrope-react/tests/WitchCityRope.Infrastructure.Tests/bin/Debug/net9.0/WitchCityRope.Infrastructure.Tests.dll" adapterTypeName="executor://xunit/VsTestRunner3/netcore/" className="WitchCityRope.Infrastructure.Tests.Security.JwtTokenServiceTests" name="GenerateToken_Should_Set_Correct_Issuer_And_Audience" />
    </UnitTest>
    <UnitTest name="WitchCityRope.Infrastructure.Tests.Email.EmailServiceTests.SendBulkEmailAsync_Should_Return_False_If_Any_Batch_Fails" storage="/home/chad/repos/witchcityrope-react/tests/witchcityrope.infrastructure.tests/bin/debug/net9.0/witchcityrope.infrastructure.tests.dll" id="1e096ccc-e723-7491-b653-eb6d07a2b4e3">
      <Execution id="4915d235-350b-4558-b37d-51d156810808" />
      <TestMethod codeBase="/home/chad/repos/witchcityrope-react/tests/WitchCityRope.Infrastructure.Tests/bin/Debug/net9.0/WitchCityRope.Infrastructure.Tests.dll" adapterTypeName="executor://xunit/VsTestRunner3/netcore/" className="WitchCityRope.Infrastructure.Tests.Email.EmailServiceTests" name="SendBulkEmailAsync_Should_Return_False_If_Any_Batch_Fails" />
    </UnitTest>
    <UnitTest name="WitchCityRope.Infrastructure.Tests.Data.ComplexQueryTests.Should_Query_User_Registration_History" storage="/home/chad/repos/witchcityrope-react/tests/witchcityrope.infrastructure.tests/bin/debug/net9.0/witchcityrope.infrastructure.tests.dll" id="42dc7df1-96a1-4d9a-de82-432b5eb500ec">
      <Execution id="4e599e0a-b2fc-473b-9cb5-03d9a9c80c9c" />
      <TestMethod codeBase="/home/chad/repos/witchcityrope-react/tests/WitchCityRope.Infrastructure.Tests/bin/Debug/net9.0/WitchCityRope.Infrastructure.Tests.dll" adapterTypeName="executor://xunit/VsTestRunner3/netcore/" className="WitchCityRope.Infrastructure.Tests.Data.ComplexQueryTests" name="Should_Query_User_Registration_History" />
    </UnitTest>
    <UnitTest name="WitchCityRope.Infrastructure.Tests.PayPal.PayPalServiceTests.ProcessPaymentAsync_Should_Handle_Exceptions" storage="/home/chad/repos/witchcityrope-react/tests/witchcityrope.infrastructure.tests/bin/debug/net9.0/witchcityrope.infrastructure.tests.dll" id="9720ebaa-d172-feed-39d4-ea0c237a4355">
      <Execution id="376af39f-1297-420c-8e22-755c48109abc" />
      <TestMethod codeBase="/home/chad/repos/witchcityrope-react/tests/WitchCityRope.Infrastructure.Tests/bin/Debug/net9.0/WitchCityRope.Infrastructure.Tests.dll" adapterTypeName="executor://xunit/VsTestRunner3/netcore/" className="WitchCityRope.Infrastructure.Tests.PayPal.PayPalServiceTests" name="ProcessPaymentAsync_Should_Handle_Exceptions" />
    </UnitTest>
    <UnitTest name="WitchCityRope.Infrastructure.Tests.Email.EmailServiceTests.SendTemplateEmailAsync_Should_Send_With_Template_Id" storage="/home/chad/repos/witchcityrope-react/tests/witchcityrope.infrastructure.tests/bin/debug/net9.0/witchcityrope.infrastructure.tests.dll" id="c6f8c170-4767-1292-4e2d-1c9d883e8f1e">
      <Execution id="08801e12-7470-41c1-88a4-b769f65e412e" />
      <TestMethod codeBase="/home/chad/repos/witchcityrope-react/tests/WitchCityRope.Infrastructure.Tests/bin/Debug/net9.0/WitchCityRope.Infrastructure.Tests.dll" adapterTypeName="executor://xunit/VsTestRunner3/netcore/" className="WitchCityRope.Infrastructure.Tests.Email.EmailServiceTests" name="SendTemplateEmailAsync_Should_Send_With_Template_Id" />
    </UnitTest>
    <UnitTest name="WitchCityRope.Infrastructure.Tests.Email.EmailServiceTests.SendEmailAsync_Should_Return_False_When_SendGrid_Fails" storage="/home/chad/repos/witchcityrope-react/tests/witchcityrope.infrastructure.tests/bin/debug/net9.0/witchcityrope.infrastructure.tests.dll" id="cdbfe0a8-e401-5845-0974-d3e362e0c484">
      <Execution id="4fcbb762-4ea9-4787-b4ca-d52ac37ab031" />
      <TestMethod codeBase="/home/chad/repos/witchcityrope-react/tests/WitchCityRope.Infrastructure.Tests/bin/Debug/net9.0/WitchCityRope.Infrastructure.Tests.dll" adapterTypeName="executor://xunit/VsTestRunner3/netcore/" className="WitchCityRope.Infrastructure.Tests.Email.EmailServiceTests" name="SendEmailAsync_Should_Return_False_When_SendGrid_Fails" />
    </UnitTest>
    <UnitTest name="WitchCityRope.Infrastructure.Tests.Security.JwtTokenServiceTests.Token_Should_Work_With_Default_Configuration" storage="/home/chad/repos/witchcityrope-react/tests/witchcityrope.infrastructure.tests/bin/debug/net9.0/witchcityrope.infrastructure.tests.dll" id="82b79749-a163-881a-8fc3-03b8db75e151">
      <Execution id="fa612c64-2c9c-448f-8b5a-5c96a7432f2e" />
      <TestMethod codeBase="/home/chad/repos/witchcityrope-react/tests/WitchCityRope.Infrastructure.Tests/bin/Debug/net9.0/WitchCityRope.Infrastructure.Tests.dll" adapterTypeName="executor://xunit/VsTestRunner3/netcore/" className="WitchCityRope.Infrastructure.Tests.Security.JwtTokenServiceTests" name="Token_Should_Work_With_Default_Configuration" />
    </UnitTest>
    <UnitTest name="WitchCityRope.Infrastructure.Tests.Email.EmailServiceTests.SendVettingStatusUpdateAsync_Should_Include_Notes_When_Provided" storage="/home/chad/repos/witchcityrope-react/tests/witchcityrope.infrastructure.tests/bin/debug/net9.0/witchcityrope.infrastructure.tests.dll" id="a2674b3f-bc72-1bcc-0868-ab7ca9fc846f">
      <Execution id="efa3e71a-ccc3-4349-8f0f-0899c6603b7e" />
      <TestMethod codeBase="/home/chad/repos/witchcityrope-react/tests/WitchCityRope.Infrastructure.Tests/bin/Debug/net9.0/WitchCityRope.Infrastructure.Tests.dll" adapterTypeName="executor://xunit/VsTestRunner3/netcore/" className="WitchCityRope.Infrastructure.Tests.Email.EmailServiceTests" name="SendVettingStatusUpdateAsync_Should_Include_Notes_When_Provided" />
    </UnitTest>
    <UnitTest name="WitchCityRope.Infrastructure.Tests.Security.EncryptionServiceTests.EncryptAsync_Should_Return_Null_For_Null_Input" storage="/home/chad/repos/witchcityrope-react/tests/witchcityrope.infrastructure.tests/bin/debug/net9.0/witchcityrope.infrastructure.tests.dll" id="102fc01d-1003-9aad-0ab0-768afa59b2db">
      <Execution id="9eaf1566-0088-42f7-afa0-aa4fa9c16e43" />
      <TestMethod codeBase="/home/chad/repos/witchcityrope-react/tests/WitchCityRope.Infrastructure.Tests/bin/Debug/net9.0/WitchCityRope.Infrastructure.Tests.dll" adapterTypeName="executor://xunit/VsTestRunner3/netcore/" className="WitchCityRope.Infrastructure.Tests.Security.EncryptionServiceTests" name="EncryptAsync_Should_Return_Null_For_Null_Input" />
    </UnitTest>
    <UnitTest name="WitchCityRope.Infrastructure.Tests.Data.ComplexQueryTests.Should_Query_Event_Statistics" storage="/home/chad/repos/witchcityrope-react/tests/witchcityrope.infrastructure.tests/bin/debug/net9.0/witchcityrope.infrastructure.tests.dll" id="58073b91-70b6-9fb3-000c-90ec0c036dad">
      <Execution id="fb54715e-6ee2-4503-86a5-84375e619a12" />
      <TestMethod codeBase="/home/chad/repos/witchcityrope-react/tests/WitchCityRope.Infrastructure.Tests/bin/Debug/net9.0/WitchCityRope.Infrastructure.Tests.dll" adapterTypeName="executor://xunit/VsTestRunner3/netcore/" className="WitchCityRope.Infrastructure.Tests.Data.ComplexQueryTests" name="Should_Query_Event_Statistics" />
    </UnitTest>
    <UnitTest name="WitchCityRope.Infrastructure.Tests.Data.WitchCityRopeDbContextTests.Should_Handle_Concurrent_Updates" storage="/home/chad/repos/witchcityrope-react/tests/witchcityrope.infrastructure.tests/bin/debug/net9.0/witchcityrope.infrastructure.tests.dll" id="6babc633-5a84-86ce-3dc5-db3fab1babdf">
      <Execution id="97e1a33d-0edd-45f0-b3b5-cc9b75c25a4e" />
      <TestMethod codeBase="/home/chad/repos/witchcityrope-react/tests/WitchCityRope.Infrastructure.Tests/bin/Debug/net9.0/WitchCityRope.Infrastructure.Tests.dll" adapterTypeName="executor://xunit/VsTestRunner3/netcore/" className="WitchCityRope.Infrastructure.Tests.Data.WitchCityRopeDbContextTests" name="Should_Handle_Concurrent_Updates" />
    </UnitTest>
    <UnitTest name="WitchCityRope.Infrastructure.Tests.Data.ConcurrencyTests.Should_Handle_Concurrent_Payment_Processing" storage="/home/chad/repos/witchcityrope-react/tests/witchcityrope.infrastructure.tests/bin/debug/net9.0/witchcityrope.infrastructure.tests.dll" id="de0a592c-30a6-23bd-e2fd-8c5dac12d560">
      <Execution id="c0ef668a-1579-4592-98c0-d5e8379f98c1" />
      <TestMethod codeBase="/home/chad/repos/witchcityrope-react/tests/WitchCityRope.Infrastructure.Tests/bin/Debug/net9.0/WitchCityRope.Infrastructure.Tests.dll" adapterTypeName="executor://xunit/VsTestRunner3/netcore/" className="WitchCityRope.Infrastructure.Tests.Data.ConcurrencyTests" name="Should_Handle_Concurrent_Payment_Processing" />
    </UnitTest>
    <UnitTest name="WitchCityRope.Infrastructure.Tests.PayPal.PayPalServiceTests.ValidatePaymentMethodAsync_Should_Return_True_For_Valid_Method" storage="/home/chad/repos/witchcityrope-react/tests/witchcityrope.infrastructure.tests/bin/debug/net9.0/witchcityrope.infrastructure.tests.dll" id="db6885b0-37d4-5f8a-fb24-1dbff7efe7b0">
      <Execution id="86301b39-1d3e-4bbc-9121-92369e993c4c" />
      <TestMethod codeBase="/home/chad/repos/witchcityrope-react/tests/WitchCityRope.Infrastructure.Tests/bin/Debug/net9.0/WitchCityRope.Infrastructure.Tests.dll" adapterTypeName="executor://xunit/VsTestRunner3/netcore/" className="WitchCityRope.Infrastructure.Tests.PayPal.PayPalServiceTests" name="ValidatePaymentMethodAsync_Should_Return_True_For_Valid_Method" />
    </UnitTest>
    <UnitTest name="WitchCityRope.Infrastructure.Tests.Security.JwtTokenServiceTests.ValidateToken_Should_Return_ClaimsPrincipal_For_Valid_Token" storage="/home/chad/repos/witchcityrope-react/tests/witchcityrope.infrastructure.tests/bin/debug/net9.0/witchcityrope.infrastructure.tests.dll" id="c47800aa-74e3-7062-c49c-f84225a43c10">
      <Execution id="bd95e7ac-96dc-45b6-bc92-5f3e8f16e344" />
      <TestMethod codeBase="/home/chad/repos/witchcityrope-react/tests/WitchCityRope.Infrastructure.Tests/bin/Debug/net9.0/WitchCityRope.Infrastructure.Tests.dll" adapterTypeName="executor://xunit/VsTestRunner3/netcore/" className="WitchCityRope.Infrastructure.Tests.Security.JwtTokenServiceTests" name="ValidateToken_Should_Return_ClaimsPrincipal_For_Valid_Token" />
    </UnitTest>
    <UnitTest name="WitchCityRope.Infrastructure.Tests.Security.EncryptionServiceTests.Hash_Should_Throw_For_Empty_Input" storage="/home/chad/repos/witchcityrope-react/tests/witchcityrope.infrastructure.tests/bin/debug/net9.0/witchcityrope.infrastructure.tests.dll" id="4ff4f6ae-7162-7b49-f15b-0e6d2c38da7f">
      <Execution id="e79a0933-5df0-424f-b9ea-2b784a39e1b9" />
      <TestMethod codeBase="/home/chad/repos/witchcityrope-react/tests/WitchCityRope.Infrastructure.Tests/bin/Debug/net9.0/WitchCityRope.Infrastructure.Tests.dll" adapterTypeName="executor://xunit/VsTestRunner3/netcore/" className="WitchCityRope.Infrastructure.Tests.Security.EncryptionServiceTests" name="Hash_Should_Throw_For_Empty_Input" />
    </UnitTest>
    <UnitTest name="WitchCityRope.Infrastructure.Tests.Security.EncryptionServiceTests.Encrypt_Should_Produce_Different_Results_For_Different_Inputs" storage="/home/chad/repos/witchcityrope-react/tests/witchcityrope.infrastructure.tests/bin/debug/net9.0/witchcityrope.infrastructure.tests.dll" id="3f3e0fb4-368b-d4ed-b267-a4543a24e99c">
      <Execution id="887ea3c8-75cc-4cd7-9ca3-cbfc79ad485a" />
      <TestMethod codeBase="/home/chad/repos/witchcityrope-react/tests/WitchCityRope.Infrastructure.Tests/bin/Debug/net9.0/WitchCityRope.Infrastructure.Tests.dll" adapterTypeName="executor://xunit/VsTestRunner3/netcore/" className="WitchCityRope.Infrastructure.Tests.Security.EncryptionServiceTests" name="Encrypt_Should_Produce_Different_Results_For_Different_Inputs" />
    </UnitTest>
  </TestDefinitions>
  <TestEntries>
    <TestEntry testId="b9694bad-42e0-0c76-3c47-bc8dece9f7e0" executionId="bba7bd34-0388-4cab-a93d-215e419f5e3d" testListId="8c84fa94-04c1-424b-9868-57a2d4851a1d" />
    <TestEntry testId="1e096ccc-e723-7491-b653-eb6d07a2b4e3" executionId="4915d235-350b-4558-b37d-51d156810808" testListId="8c84fa94-04c1-424b-9868-57a2d4851a1d" />
    <TestEntry testId="42dc7df1-96a1-4d9a-de82-432b5eb500ec" executionId="4e599e0a-b2fc-473b-9cb5-03d9a9c80c9c" testListId="8c84fa94-04c1-424b-9868-57a2d4851a1d" />
    <TestEntry testId="6a6f6355-9fd4-91c1-101e-d3a4ddbfd9e9" executionId="bfb4aa8b-b13a-4477-a839-83f363c1da40" testListId="8c84fa94-04c1-424b-9868-57a2d4851a1d" />
    <TestEntry testId="fb5b9c38-8b84-314c-709f-5c4f52c1a376" executionId="e322fa23-d671-496f-b1ad-e37afb9ccfab" testListId="8c84fa94-04c1-424b-9868-57a2d4851a1d" />
    <TestEntry testId="2c2006c0-221d-554f-297a-e29ef198d5bd" executionId="888760de-5693-49b1-a921-cb3d437fa3a9" testListId="8c84fa94-04c1-424b-9868-57a2d4851a1d" />
    <TestEntry testId="0d50f91b-1973-b06b-3035-cd7f803461f8" executionId="8f96b38e-0be7-4812-bd2e-ce5c240b8b66" testListId="8c84fa94-04c1-424b-9868-57a2d4851a1d" />
    <TestEntry testId="3902fe4d-f17d-5d21-4746-ba713fd0b58c" executionId="9d32a344-3113-4469-a6af-3e42ad2ee8fe" testListId="8c84fa94-04c1-424b-9868-57a2d4851a1d" />
    <TestEntry testId="e21cd5c6-324b-c676-dab9-0bd35c2ac14e" executionId="4d8b4868-93e5-4218-837e-febdcb8b82ba" testListId="8c84fa94-04c1-424b-9868-57a2d4851a1d" />
    <TestEntry testId="13bd86c6-f19a-69a0-47da-45392f474030" executionId="c2c0a90d-9754-4df3-84a6-62731a36e4fd" testListId="8c84fa94-04c1-424b-9868-57a2d4851a1d" />
    <TestEntry testId="87abcabe-5648-fdf1-3a5d-705e67f3c3fe" executionId="8899276b-833b-4cad-856a-e155e13ed8f0" testListId="8c84fa94-04c1-424b-9868-57a2d4851a1d" />
    <TestEntry testId="d09d88d0-e6be-e39b-577c-5d7881b8be2d" executionId="c1d12539-9b63-4c0c-b4b2-dd4a343b46d7" testListId="8c84fa94-04c1-424b-9868-57a2d4851a1d" />
    <TestEntry testId="79cdb1a1-4a9a-f0b2-2460-493cf93bd7f4" executionId="33c432b3-61d6-46a3-b18a-b06ec2da7a4e" testListId="8c84fa94-04c1-424b-9868-57a2d4851a1d" />
    <TestEntry testId="fb57c710-b9e2-ed4a-59de-d5901369c26e" executionId="c812472f-81cf-400e-9991-b637eeb499f4" testListId="8c84fa94-04c1-424b-9868-57a2d4851a1d" />
    <TestEntry testId="3afe0f4f-66e8-c918-74b9-e20778e75e86" executionId="c093c085-6f61-4778-8fd0-33a102c7717d" testListId="8c84fa94-04c1-424b-9868-57a2d4851a1d" />
    <TestEntry testId="3f3e0fb4-368b-d4ed-b267-a4543a24e99c" executionId="887ea3c8-75cc-4cd7-9ca3-cbfc79ad485a" testListId="8c84fa94-04c1-424b-9868-57a2d4851a1d" />
    <TestEntry testId="121b47a1-7650-eac0-8814-509934e34c51" executionId="7f4f5dba-e949-4ace-9d0f-7b3c8f80f31d" testListId="8c84fa94-04c1-424b-9868-57a2d4851a1d" />
    <TestEntry testId="e006de4c-80eb-9ac9-a4df-a37619cd7add" executionId="63c4b73b-31c3-429e-b020-dc34cbcfe47f" testListId="8c84fa94-04c1-424b-9868-57a2d4851a1d" />
    <TestEntry testId="b3bf15b1-a9a8-d9c2-b6bd-2d88af5f3f06" executionId="8cf7390e-79ff-40c9-8be0-c663e2ea0303" testListId="8c84fa94-04c1-424b-9868-57a2d4851a1d" />
    <TestEntry testId="b7600936-7750-95ea-d101-c63e591d45f7" executionId="4e80c764-1e37-4fb3-8bb5-6098acabfcb2" testListId="8c84fa94-04c1-424b-9868-57a2d4851a1d" />
    <TestEntry testId="41ae648d-7fc7-ba2f-c06a-44229c2bffd5" executionId="5392e1a8-9c77-49e6-a2f3-f4ba89fc81e6" testListId="8c84fa94-04c1-424b-9868-57a2d4851a1d" />
    <TestEntry testId="19e6bda6-00bd-7cd6-3c38-90a57abeea2e" executionId="c08639c3-3f09-414a-b16b-249ddaf710e5" testListId="8c84fa94-04c1-424b-9868-57a2d4851a1d" />
    <TestEntry testId="102fc01d-1003-9aad-0ab0-768afa59b2db" executionId="9eaf1566-0088-42f7-afa0-aa4fa9c16e43" testListId="8c84fa94-04c1-424b-9868-57a2d4851a1d" />
    <TestEntry testId="e5189492-adae-5b47-5b01-837ec60d1504" executionId="ed7f6172-3bf5-407d-a837-a3cbe3951942" testListId="8c84fa94-04c1-424b-9868-57a2d4851a1d" />
    <TestEntry testId="e1828be1-cfff-3e34-4b60-0621ccd8e3ab" executionId="0d701b5c-696d-422e-9acc-8efc75c95679" testListId="8c84fa94-04c1-424b-9868-57a2d4851a1d" />
    <TestEntry testId="b3ced23f-cb6e-2a17-6541-3fac83d667d8" executionId="00c5dc57-d6f8-4345-8231-db1b0e36d009" testListId="8c84fa94-04c1-424b-9868-57a2d4851a1d" />
    <TestEntry testId="ff4e921f-20b7-1709-b98d-0805a1ad4ff6" executionId="613ff0b8-9baf-4ceb-b58c-e7d42143439a" testListId="8c84fa94-04c1-424b-9868-57a2d4851a1d" />
    <TestEntry testId="ce3791cd-d401-3567-856e-b206412930a4" executionId="bcf8b9f6-22f7-4430-a997-52fc62dabbfe" testListId="8c84fa94-04c1-424b-9868-57a2d4851a1d" />
    <TestEntry testId="6555fe8c-88a8-9430-9c04-a65f7276a0ba" executionId="5fe708ef-5040-4487-adc5-51b0d833bf11" testListId="8c84fa94-04c1-424b-9868-57a2d4851a1d" />
    <TestEntry testId="646327bb-2edb-21ab-b78e-1f2eefc3c0b3" executionId="2008dec1-f22e-4d5d-8096-527bd597a1b6" testListId="8c84fa94-04c1-424b-9868-57a2d4851a1d" />
    <TestEntry testId="8dde58a5-7529-70d6-f415-cc7c8025de4a" executionId="8792ca23-9996-4444-a9ad-d33c48b670fc" testListId="8c84fa94-04c1-424b-9868-57a2d4851a1d" />
    <TestEntry testId="3947765f-43ab-cae7-edae-7924657957aa" executionId="4f385516-8297-41d8-a2be-d4eb3ecae422" testListId="8c84fa94-04c1-424b-9868-57a2d4851a1d" />
    <TestEntry testId="7e276b69-25a2-1e91-d250-12381a8ea181" executionId="0e0951da-12b2-4a65-9d8a-8efd2fd660ad" testListId="8c84fa94-04c1-424b-9868-57a2d4851a1d" />
    <TestEntry testId="591200bf-8c10-cbe7-b292-ba438a5b1619" executionId="2e3463ab-ea71-446e-a68e-cfb905755be9" testListId="8c84fa94-04c1-424b-9868-57a2d4851a1d" />
    <TestEntry testId="2e295478-e22d-9437-5e20-58c9801b1053" executionId="01c9a718-50a5-48b6-b59b-663440f268f4" testListId="8c84fa94-04c1-424b-9868-57a2d4851a1d" />
    <TestEntry testId="0c01b91e-1f31-c944-fe79-657241846334" executionId="b496ba28-861f-48ec-8118-619b2160b83f" testListId="8c84fa94-04c1-424b-9868-57a2d4851a1d" />
    <TestEntry testId="5b0a3d64-a64f-8568-d161-26c211e26ebb" executionId="30f1b150-a711-4a17-b2ef-9ece39819e0f" testListId="8c84fa94-04c1-424b-9868-57a2d4851a1d" />
    <TestEntry testId="1ae5ff30-1a08-cfcb-e755-65a04829e2b4" executionId="0f25472b-5431-4df9-8e48-28b6005d0353" testListId="8c84fa94-04c1-424b-9868-57a2d4851a1d" />
    <TestEntry testId="e21df2cf-ba0a-8810-7404-ab38bf078339" executionId="9ec0ba09-ae17-4c2b-9ae8-3094dcdc8d7e" testListId="8c84fa94-04c1-424b-9868-57a2d4851a1d" />
    <TestEntry testId="a4c6dfe2-8692-442a-7687-11fe74a57291" executionId="dff2c5d2-4e41-4cd3-80c6-a83dc8efea95" testListId="8c84fa94-04c1-424b-9868-57a2d4851a1d" />
    <TestEntry testId="c6348b7e-7455-a038-0d62-d669b4fb234b" executionId="1d13f963-5c9e-4c39-ac8c-709092986e3f" testListId="8c84fa94-04c1-424b-9868-57a2d4851a1d" />
    <TestEntry testId="10d1fa48-3361-6849-5e5d-c459122ca60e" executionId="13a6faa8-4502-4579-9214-497313e7d22c" testListId="8c84fa94-04c1-424b-9868-57a2d4851a1d" />
    <TestEntry testId="ce5d819c-5ce5-57c8-bafb-b7d7723680d9" executionId="e98d2386-2510-4e31-8ba6-47eefcc0163d" testListId="8c84fa94-04c1-424b-9868-57a2d4851a1d" />
    <TestEntry testId="c6f8c170-4767-1292-4e2d-1c9d883e8f1e" executionId="08801e12-7470-41c1-88a4-b769f65e412e" testListId="8c84fa94-04c1-424b-9868-57a2d4851a1d" />
    <TestEntry testId="d421b930-d649-aa53-9320-f0c3bc7b7be4" executionId="cef83a27-354f-4e32-abec-339b1fbef0b2" testListId="8c84fa94-04c1-424b-9868-57a2d4851a1d" />
    <TestEntry testId="201d5940-7e4c-301c-43c7-cd72598ac0d0" executionId="eabc4768-6984-48b5-9112-5f6bd547697b" testListId="8c84fa94-04c1-424b-9868-57a2d4851a1d" />
    <TestEntry testId="62b65325-048b-ed3a-aab7-f63a342cc22e" executionId="11eee1ce-e68c-4a2b-be81-9b071bac713b" testListId="8c84fa94-04c1-424b-9868-57a2d4851a1d" />
    <TestEntry testId="12ee414a-a43e-5473-78ad-46199e88b6c7" executionId="860cc136-93a2-40ac-9044-9d090f051457" testListId="8c84fa94-04c1-424b-9868-57a2d4851a1d" />
    <TestEntry testId="392c6d3e-7870-0e59-cda0-066a33da3da1" executionId="c3bbf824-4925-430f-9da8-0052b7eca78b" testListId="8c84fa94-04c1-424b-9868-57a2d4851a1d" />
    <TestEntry testId="ed657ece-8209-9b5b-aeeb-ee1e361b80b6" executionId="4d6c925a-6f74-4e82-acd9-484dbd9a5068" testListId="8c84fa94-04c1-424b-9868-57a2d4851a1d" />
    <TestEntry testId="3678ad7d-a25e-86f2-08f3-061f2d41eeb9" executionId="a2197b54-60ae-4e8b-9ddc-715d9aea4429" testListId="8c84fa94-04c1-424b-9868-57a2d4851a1d" />
    <TestEntry testId="ad8c3afd-60d6-cd49-53c0-babc94254028" executionId="9dc4bf63-3b50-461d-9271-8a16a8330dc7" testListId="8c84fa94-04c1-424b-9868-57a2d4851a1d" />
    <TestEntry testId="970cea6b-40ba-903c-9bac-ba8ed8c9ebf1" executionId="2cd8b1d9-07bc-4bb8-b18d-3a280ae40152" testListId="8c84fa94-04c1-424b-9868-57a2d4851a1d" />
    <TestEntry testId="0b2da06c-c211-ec4e-e650-05e93d1799bd" executionId="335dfe91-c622-4bd8-aa5f-e7294a58287b" testListId="8c84fa94-04c1-424b-9868-57a2d4851a1d" />
    <TestEntry testId="f4e2e719-e2ed-ccf6-d6de-453713b765c3" executionId="98f8bc77-6b33-438f-b581-fc22b201bedb" testListId="8c84fa94-04c1-424b-9868-57a2d4851a1d" />
    <TestEntry testId="9720ebaa-d172-feed-39d4-ea0c237a4355" executionId="376af39f-1297-420c-8e22-755c48109abc" testListId="8c84fa94-04c1-424b-9868-57a2d4851a1d" />
    <TestEntry testId="5baaed9a-7b39-bf0a-975b-3f375a59580f" executionId="34b45968-9b1d-49f4-b0c5-78f4c9c257d6" testListId="8c84fa94-04c1-424b-9868-57a2d4851a1d" />
    <TestEntry testId="db6885b0-37d4-5f8a-fb24-1dbff7efe7b0" executionId="86301b39-1d3e-4bbc-9121-92369e993c4c" testListId="8c84fa94-04c1-424b-9868-57a2d4851a1d" />
    <TestEntry testId="41de6ffd-df72-f5d2-e6b2-2548e17c369e" executionId="82c155cf-83e9-462f-be26-93281b63cf54" testListId="8c84fa94-04c1-424b-9868-57a2d4851a1d" />
    <TestEntry testId="13978cf6-8116-d9d2-5159-ee260bc86d7b" executionId="576b5ce1-f40d-4e7c-abed-1ad5fd488d46" testListId="8c84fa94-04c1-424b-9868-57a2d4851a1d" />
    <TestEntry testId="15b6fe83-e163-93ae-7ba9-51007c17c9b1" executionId="e6d76df4-6af9-4087-8cb0-f5ad3819bbc7" testListId="8c84fa94-04c1-424b-9868-57a2d4851a1d" />
    <TestEntry testId="1390353e-4e0e-3135-81d6-685a745aa5fb" executionId="a4d41367-e809-4f22-b187-188b40dd8f27" testListId="8c84fa94-04c1-424b-9868-57a2d4851a1d" />
    <TestEntry testId="264ab6a2-4596-51c5-876b-2d91f4e645a4" executionId="37682d11-5484-4e28-9db6-e3c62379f8be" testListId="8c84fa94-04c1-424b-9868-57a2d4851a1d" />
    <TestEntry testId="2dee0c93-c326-e436-b53d-0e74105a9590" executionId="414714c6-3b3f-4601-8b00-99aca3212134" testListId="8c84fa94-04c1-424b-9868-57a2d4851a1d" />
    <TestEntry testId="4da0ee18-6138-8500-2970-48f2f82bb88d" executionId="401ba685-88c4-4a0f-9089-fa563080887c" testListId="8c84fa94-04c1-424b-9868-57a2d4851a1d" />
    <TestEntry testId="f2a9e942-c5a4-67ec-c6f6-76d8270d8e03" executionId="697adff7-817a-4358-abeb-db4243c67b9a" testListId="8c84fa94-04c1-424b-9868-57a2d4851a1d" />
    <TestEntry testId="4ff4f6ae-7162-7b49-f15b-0e6d2c38da7f" executionId="e79a0933-5df0-424f-b9ea-2b784a39e1b9" testListId="8c84fa94-04c1-424b-9868-57a2d4851a1d" />
    <TestEntry testId="db381720-6b9c-2cfb-d4c6-17232fdeef3b" executionId="fa20ad88-8b14-4196-8338-b0d3b21334b6" testListId="8c84fa94-04c1-424b-9868-57a2d4851a1d" />
    <TestEntry testId="d29fcc06-571a-4921-ed4b-3a531d140ab9" executionId="e998d374-f180-4bd6-9dfb-9c04684cf73f" testListId="8c84fa94-04c1-424b-9868-57a2d4851a1d" />
    <TestEntry testId="82b79749-a163-881a-8fc3-03b8db75e151" executionId="fa612c64-2c9c-448f-8b5a-5c96a7432f2e" testListId="8c84fa94-04c1-424b-9868-57a2d4851a1d" />
    <TestEntry testId="e8fd9f68-55b8-c4bd-47ac-7ccdf891ae01" executionId="e47fed13-3dee-4059-9a12-b395c149aad1" testListId="8c84fa94-04c1-424b-9868-57a2d4851a1d" />
    <TestEntry testId="121ed6b8-c36c-7dfd-6ad5-94fe3cb46105" executionId="c535ce53-3e4a-4fcb-9306-caee8775c856" testListId="8c84fa94-04c1-424b-9868-57a2d4851a1d" />
    <TestEntry testId="433cedb3-2a7e-2070-b4b6-ff055a4203c2" executionId="f943b102-9a5d-4bb7-b704-dd8a2ca359f3" testListId="8c84fa94-04c1-424b-9868-57a2d4851a1d" />
    <TestEntry testId="f69cea75-c037-0d47-d3fb-10191b89beda" executionId="73574ae4-a793-415a-a191-43060ccc8363" testListId="8c84fa94-04c1-424b-9868-57a2d4851a1d" />
    <TestEntry testId="748f8264-f4b3-9b6e-bf21-ba9f263ed688" executionId="fe4f6b5a-390a-4faa-b396-a35eb75491b5" testListId="8c84fa94-04c1-424b-9868-57a2d4851a1d" />
    <TestEntry testId="f40dcb59-5570-8947-4c85-82c6660d5c47" executionId="b75630c2-40ff-4450-9c44-67c27c8ebc28" testListId="8c84fa94-04c1-424b-9868-57a2d4851a1d" />
    <TestEntry testId="395e9654-511f-4e89-413f-4a0e36424649" executionId="674d4986-08cf-47f3-ab60-9417450b4199" testListId="8c84fa94-04c1-424b-9868-57a2d4851a1d" />
    <TestEntry testId="77f47604-3476-c76e-0620-42e3a18a923a" executionId="27040eb7-d76f-40f6-9ae2-70ac77336e4f" testListId="8c84fa94-04c1-424b-9868-57a2d4851a1d" />
    <TestEntry testId="5e8c96b7-65ee-a96f-f5e0-222a2affc359" executionId="de806dd7-1c7f-481c-9256-319031d96f64" testListId="8c84fa94-04c1-424b-9868-57a2d4851a1d" />
    <TestEntry testId="c47800aa-74e3-7062-c49c-f84225a43c10" executionId="bd95e7ac-96dc-45b6-bc92-5f3e8f16e344" testListId="8c84fa94-04c1-424b-9868-57a2d4851a1d" />
    <TestEntry testId="207aab20-bd1d-c84f-9d5f-6c6087e30ea0" executionId="354e8e10-a7a7-4997-bf9a-77192d4dfb92" testListId="8c84fa94-04c1-424b-9868-57a2d4851a1d" />
    <TestEntry testId="0cf7ed9f-4d8e-2f0c-2cb2-fcd1f0c857e6" executionId="a5714e15-e7c7-4b01-a631-d94a01616b96" testListId="8c84fa94-04c1-424b-9868-57a2d4851a1d" />
    <TestEntry testId="548a09d3-4fa2-75df-faa2-e267f1d73899" executionId="deb87501-926c-45a1-8e8e-8cbdbee0703b" testListId="8c84fa94-04c1-424b-9868-57a2d4851a1d" />
    <TestEntry testId="0ee62c17-dcae-efb1-3027-07f5ee04a932" executionId="387edce5-2857-436e-a447-2ee5a1c36468" testListId="8c84fa94-04c1-424b-9868-57a2d4851a1d" />
    <TestEntry testId="3b3ecbd9-1b3c-f621-f2e4-19cb21a63a18" executionId="d84167cb-f49b-45fd-8bbe-eb02503e6060" testListId="8c84fa94-04c1-424b-9868-57a2d4851a1d" />
    <TestEntry testId="ad7d5cca-0afe-aa15-f70e-c563df4cebb9" executionId="02e58ff9-2658-4a68-b519-23b8349637b5" testListId="8c84fa94-04c1-424b-9868-57a2d4851a1d" />
    <TestEntry testId="00fb0efe-ac5c-dcca-7bdb-1e3f8783f943" executionId="cd7e30e7-f3b1-4171-8812-36052dc9e844" testListId="8c84fa94-04c1-424b-9868-57a2d4851a1d" />
    <TestEntry testId="9fe6d175-d2ab-6131-d5d1-c65e74e5832a" executionId="00b5d597-6968-4309-bb1a-12593dc7f228" testListId="8c84fa94-04c1-424b-9868-57a2d4851a1d" />
    <TestEntry testId="239858d9-6523-c1b4-9f7d-78a53c1eac10" executionId="aee46c3e-eb82-4e5c-bf96-aa625b65f5bc" testListId="8c84fa94-04c1-424b-9868-57a2d4851a1d" />
    <TestEntry testId="69221b6b-5e06-008b-d928-3f77a40328a2" executionId="b8ea5393-45b4-4bb9-b3e7-176e43444c4c" testListId="8c84fa94-04c1-424b-9868-57a2d4851a1d" />
    <TestEntry testId="e5db7fe7-0c86-b69a-1876-a463e7e775cd" executionId="f4c97d31-5e81-4c70-a853-3c0c7f26f03d" testListId="8c84fa94-04c1-424b-9868-57a2d4851a1d" />
    <TestEntry testId="b432be91-d64b-9c99-4079-f00a8db2e635" executionId="80802805-e869-40d9-9bc4-0a871c0de8c8" testListId="8c84fa94-04c1-424b-9868-57a2d4851a1d" />
    <TestEntry testId="c99a566a-1630-a491-7e5a-d1e5db3d6a74" executionId="8d89550e-b66c-43ac-b516-d1ca4a4a57db" testListId="8c84fa94-04c1-424b-9868-57a2d4851a1d" />
    <TestEntry testId="f768ae59-36e8-7994-fc40-60be4f478e46" executionId="53b9b17c-51ad-413f-ba7c-6ea83b59665c" testListId="8c84fa94-04c1-424b-9868-57a2d4851a1d" />
    <TestEntry testId="26b9f878-3757-489b-6626-eca8d0f72307" executionId="e4f997a2-cf5b-493c-9817-25296100ad92" testListId="8c84fa94-04c1-424b-9868-57a2d4851a1d" />
    <TestEntry testId="69fe012a-82fe-3708-098d-5cd009a2da67" executionId="b32e0323-0dfc-4d78-bbbd-e1942e5500bd" testListId="8c84fa94-04c1-424b-9868-57a2d4851a1d" />
    <TestEntry testId="4912d116-f7fc-a751-481c-6c5c02960fc1" executionId="4aa327da-0389-4068-a0f5-4eca8838ba91" testListId="8c84fa94-04c1-424b-9868-57a2d4851a1d" />
    <TestEntry testId="38d9a3a3-e1c3-68c6-2d7a-903c09e97244" executionId="44847f0a-6aa3-4a09-961a-fc6ff24ac7a4" testListId="8c84fa94-04c1-424b-9868-57a2d4851a1d" />
    <TestEntry testId="6babc633-5a84-86ce-3dc5-db3fab1babdf" executionId="97e1a33d-0edd-45f0-b3b5-cc9b75c25a4e" testListId="8c84fa94-04c1-424b-9868-57a2d4851a1d" />
    <TestEntry testId="bd31f24b-8a56-ffab-1b6d-032aa810c6a3" executionId="55fd998f-bd62-4d07-9a18-c5860b9939ae" testListId="8c84fa94-04c1-424b-9868-57a2d4851a1d" />
    <TestEntry testId="f4b775dc-9e8c-760a-8f8d-7fae5382e3c6" executionId="3803f0e2-48ba-4c42-a54a-ec60d6e5c018" testListId="8c84fa94-04c1-424b-9868-57a2d4851a1d" />
    <TestEntry testId="d34ced5e-61be-8db1-2a33-5a0519fd37ce" executionId="ccc3254a-ef51-4ece-ba2f-1f60c1f124d8" testListId="8c84fa94-04c1-424b-9868-57a2d4851a1d" />
    <TestEntry testId="cee07bb6-f0e2-062a-9298-b31e489309dc" executionId="684e3f1d-2479-445d-9c65-d476a7cbdce9" testListId="8c84fa94-04c1-424b-9868-57a2d4851a1d" />
    <TestEntry testId="de0a592c-30a6-23bd-e2fd-8c5dac12d560" executionId="c0ef668a-1579-4592-98c0-d5e8379f98c1" testListId="8c84fa94-04c1-424b-9868-57a2d4851a1d" />
    <TestEntry testId="cdbfe0a8-e401-5845-0974-d3e362e0c484" executionId="4fcbb762-4ea9-4787-b4ca-d52ac37ab031" testListId="8c84fa94-04c1-424b-9868-57a2d4851a1d" />
    <TestEntry testId="29bc5121-cf60-36a7-57b9-1ab204e81280" executionId="48d3b97c-2f08-4ab3-9df9-887ea56a2b2e" testListId="8c84fa94-04c1-424b-9868-57a2d4851a1d" />
    <TestEntry testId="58073b91-70b6-9fb3-000c-90ec0c036dad" executionId="fb54715e-6ee2-4503-86a5-84375e619a12" testListId="8c84fa94-04c1-424b-9868-57a2d4851a1d" />
    <TestEntry testId="32b805ef-d784-d8e5-9caf-a748c5f789fb" executionId="1b30278d-fa19-4d56-83b1-154a19bfc996" testListId="8c84fa94-04c1-424b-9868-57a2d4851a1d" />
    <TestEntry testId="a2674b3f-bc72-1bcc-0868-ab7ca9fc846f" executionId="efa3e71a-ccc3-4349-8f0f-0899c6603b7e" testListId="8c84fa94-04c1-424b-9868-57a2d4851a1d" />
    <TestEntry testId="cac2c651-fa59-0f92-f0f1-b284ea5fd816" executionId="b208aa24-4085-410a-ad45-11739fe2fc8e" testListId="8c84fa94-04c1-424b-9868-57a2d4851a1d" />
    <TestEntry testId="99d2f9a3-7064-fb89-edfc-d8cf0deede72" executionId="d570e5e1-5e27-4574-9382-265b16882934" testListId="8c84fa94-04c1-424b-9868-57a2d4851a1d" />
  </TestEntries>
  <TestLists>
    <TestList name="Results Not in a List" id="8c84fa94-04c1-424b-9868-57a2d4851a1d" />
    <TestList name="All Loaded Results" id="19431567-8539-422a-85d7-44ee4e166bda" />
  </TestLists>
  <ResultSummary outcome="Failed">
    <Counters total="111" executed="111" passed="46" failed="65" error="0" timeout="0" aborted="0" inconclusive="0" passedButRunAborted="0" notRunnable="0" notExecuted="0" disconnected="0" warning="0" completed="0" inProgress="0" pending="0" />
    <Output>
      <StdOut>[xUnit.net 00:00:00.00] xUnit.net VSTest Adapter v3.1.1+bf6400fd51 (64-bit .NET 9.0.6)
[xUnit.net 00:00:00.06]   Discovering: WitchCityRope.Infrastructure.Tests
[xUnit.net 00:00:00.09]   Discovered:  WitchCityRope.Infrastructure.Tests
[xUnit.net 00:00:00.11]   Starting:    WitchCityRope.Infrastructure.Tests
[xUnit.net 00:00:00.14]       System.InvalidOperationException : JWT secret key not configured
[xUnit.net 00:00:00.14]       Stack Trace:
     Warning:
     The component "Fluent Assertions" is governed by the rules defined in the Xceed License Agreement and
     the Xceed Fluent Assertions Community License. You may use Fluent Assertions free of charge for
     non-commercial use only. An active subscription is required to use Fluent Assertions for commercial use.
     Please contact Xceed Sales mailto:sales@xceed.com to acquire a subscription at a very low cost.
     A paid commercial license supports the development and continued increasing support of
     Fluent Assertions users under both commercial and community licenses. Help us
     keep Fluent Assertions at the forefront of unit testing.
     For more information, visit https://xceed.com/products/unit-testing/fluent-assertions/
[xUnit.net 00:00:00.14]         /home/chad/repos/witchcityrope-react/src/WitchCityRope.Infrastructure/Security/JwtTokenService.cs(33,0): at WitchCityRope.Infrastructure.Security.JwtTokenService..ctor(IConfiguration configuration)
[xUnit.net 00:00:00.14]         /home/chad/repos/witchcityrope-react/tests/WitchCityRope.Infrastructure.Tests/Security/JwtTokenServiceTests.cs(35,0): at WitchCityRope.Infrastructure.Tests.Security.JwtTokenServiceTests..ctor()
[xUnit.net 00:00:00.14]            at System.RuntimeType.CreateInstanceDefaultCtor(Boolean publicOnly, Boolean wrapExceptions)
[xUnit.net 00:00:00.15]       System.InvalidOperationException : JWT secret key not configured
[xUnit.net 00:00:00.15]       Stack Trace:
[xUnit.net 00:00:00.15]         /home/chad/repos/witchcityrope-react/src/WitchCityRope.Infrastructure/Security/JwtTokenService.cs(33,0): at WitchCityRope.Infrastructure.Security.JwtTokenService..ctor(IConfiguration configuration)
[xUnit.net 00:00:00.15]         /home/chad/repos/witchcityrope-react/tests/WitchCityRope.Infrastructure.Tests/Security/JwtTokenServiceTests.cs(35,0): at WitchCityRope.Infrastructure.Tests.Security.JwtTokenServiceTests..ctor()
[xUnit.net 00:00:00.15]            at System.RuntimeType.CreateInstanceDefaultCtor(Boolean publicOnly, Boolean wrapExceptions)
[xUnit.net 00:00:00.18]       System.InvalidOperationException : JWT secret key not configured
[xUnit.net 00:00:00.18]       Stack Trace:
[xUnit.net 00:00:00.18]         /home/chad/repos/witchcityrope-react/src/WitchCityRope.Infrastructure/Security/JwtTokenService.cs(33,0): at WitchCityRope.Infrastructure.Security.JwtTokenService..ctor(IConfiguration configuration)
[xUnit.net 00:00:00.18]         /home/chad/repos/witchcityrope-react/tests/WitchCityRope.Infrastructure.Tests/Security/JwtTokenServiceTests.cs(35,0): at WitchCityRope.Infrastructure.Tests.Security.JwtTokenServiceTests..ctor()
[xUnit.net 00:00:00.18]            at System.RuntimeType.CreateInstanceDefaultCtor(Boolean publicOnly, Boolean wrapExceptions)
[xUnit.net 00:00:00.18]       System.InvalidOperationException : JWT secret key not configured
[xUnit.net 00:00:00.18]       Stack Trace:
[xUnit.net 00:00:00.18]         /home/chad/repos/witchcityrope-react/src/WitchCityRope.Infrastructure/Security/JwtTokenService.cs(33,0): at WitchCityRope.Infrastructure.Security.JwtTokenService..ctor(IConfiguration configuration)
[xUnit.net 00:00:00.18]         /home/chad/repos/witchcityrope-react/tests/WitchCityRope.Infrastructure.Tests/Security/JwtTokenServiceTests.cs(35,0): at WitchCityRope.Infrastructure.Tests.Security.JwtTokenServiceTests..ctor()
[xUnit.net 00:00:00.18]            at System.RuntimeType.CreateInstanceDefaultCtor(Boolean publicOnly, Boolean wrapExceptions)
[xUnit.net 00:00:00.18]       System.InvalidOperationException : JWT secret key not configured
[xUnit.net 00:00:00.18]       Stack Trace:
[xUnit.net 00:00:00.18]         /home/chad/repos/witchcityrope-react/src/WitchCityRope.Infrastructure/Security/JwtTokenService.cs(33,0): at WitchCityRope.Infrastructure.Security.JwtTokenService..ctor(IConfiguration configuration)
[xUnit.net 00:00:00.18]         /home/chad/repos/witchcityrope-react/tests/WitchCityRope.Infrastructure.Tests/Security/JwtTokenServiceTests.cs(35,0): at WitchCityRope.Infrastructure.Tests.Security.JwtTokenServiceTests..ctor()
[xUnit.net 00:00:00.18]            at System.RuntimeType.CreateInstanceDefaultCtor(Boolean publicOnly, Boolean wrapExceptions)
[xUnit.net 00:00:00.18]       System.InvalidOperationException : JWT secret key not configured
[xUnit.net 00:00:00.18]       Stack Trace:
[xUnit.net 00:00:00.18]         /home/chad/repos/witchcityrope-react/src/WitchCityRope.Infrastructure/Security/JwtTokenService.cs(33,0): at WitchCityRope.Infrastructure.Security.JwtTokenService..ctor(IConfiguration configuration)
[xUnit.net 00:00:00.18]         /home/chad/repos/witchcityrope-react/tests/WitchCityRope.Infrastructure.Tests/Security/JwtTokenServiceTests.cs(35,0): at WitchCityRope.Infrastructure.Tests.Security.JwtTokenServiceTests..ctor()
[xUnit.net 00:00:00.18]            at System.RuntimeType.CreateInstanceDefaultCtor(Boolean publicOnly, Boolean wrapExceptions)
[xUnit.net 00:00:00.18]       System.InvalidOperationException : JWT secret key not configured
[xUnit.net 00:00:00.18]       Stack Trace:
[xUnit.net 00:00:00.18]         /home/chad/repos/witchcityrope-react/src/WitchCityRope.Infrastructure/Security/JwtTokenService.cs(33,0): at WitchCityRope.Infrastructure.Security.JwtTokenService..ctor(IConfiguration configuration)
[xUnit.net 00:00:00.18]         /home/chad/repos/witchcityrope-react/tests/WitchCityRope.Infrastructure.Tests/Security/JwtTokenServiceTests.cs(35,0): at WitchCityRope.Infrastructure.Tests.Security.JwtTokenServiceTests..ctor()
[xUnit.net 00:00:00.18]            at System.RuntimeType.CreateInstanceDefaultCtor(Boolean publicOnly, Boolean wrapExceptions)
[xUnit.net 00:00:00.19]       System.InvalidOperationException : JWT secret key not configured
[xUnit.net 00:00:00.19]       Stack Trace:
[xUnit.net 00:00:00.19]         /home/chad/repos/witchcityrope-react/src/WitchCityRope.Infrastructure/Security/JwtTokenService.cs(33,0): at WitchCityRope.Infrastructure.Security.JwtTokenService..ctor(IConfiguration configuration)
[xUnit.net 00:00:00.19]         /home/chad/repos/witchcityrope-react/tests/WitchCityRope.Infrastructure.Tests/Security/JwtTokenServiceTests.cs(35,0): at WitchCityRope.Infrastructure.Tests.Security.JwtTokenServiceTests..ctor()
[xUnit.net 00:00:00.19]            at System.RuntimeType.CreateInstanceDefaultCtor(Boolean publicOnly, Boolean wrapExceptions)
[xUnit.net 00:00:00.19]       System.InvalidOperationException : JWT secret key not configured
[xUnit.net 00:00:00.19]       Stack Trace:
[xUnit.net 00:00:00.19]         /home/chad/repos/witchcityrope-react/src/WitchCityRope.Infrastructure/Security/JwtTokenService.cs(33,0): at WitchCityRope.Infrastructure.Security.JwtTokenService..ctor(IConfiguration configuration)
[xUnit.net 00:00:00.19]         /home/chad/repos/witchcityrope-react/tests/WitchCityRope.Infrastructure.Tests/Security/JwtTokenServiceTests.cs(35,0): at WitchCityRope.Infrastructure.Tests.Security.JwtTokenServiceTests..ctor()
[xUnit.net 00:00:00.19]            at System.RuntimeType.CreateInstanceDefaultCtor(Boolean publicOnly, Boolean wrapExceptions)
[xUnit.net 00:00:00.19]       System.InvalidOperationException : JWT secret key not configured
[xUnit.net 00:00:00.19]       Stack Trace:
[xUnit.net 00:00:00.19]         /home/chad/repos/witchcityrope-react/src/WitchCityRope.Infrastructure/Security/JwtTokenService.cs(33,0): at WitchCityRope.Infrastructure.Security.JwtTokenService..ctor(IConfiguration configuration)
[xUnit.net 00:00:00.19]         /home/chad/repos/witchcityrope-react/tests/WitchCityRope.Infrastructure.Tests/Security/JwtTokenServiceTests.cs(35,0): at WitchCityRope.Infrastructure.Tests.Security.JwtTokenServiceTests..ctor()
[xUnit.net 00:00:00.19]            at System.RuntimeType.CreateInstanceDefaultCtor(Boolean publicOnly, Boolean wrapExceptions)
[xUnit.net 00:00:00.19]       System.InvalidOperationException : JWT secret key not configured
[xUnit.net 00:00:00.19]       Stack Trace:
[xUnit.net 00:00:00.19]         /home/chad/repos/witchcityrope-react/src/WitchCityRope.Infrastructure/Security/JwtTokenService.cs(33,0): at WitchCityRope.Infrastructure.Security.JwtTokenService..ctor(IConfiguration configuration)
[xUnit.net 00:00:00.19]         /home/chad/repos/witchcityrope-react/tests/WitchCityRope.Infrastructure.Tests/Security/JwtTokenServiceTests.cs(35,0): at WitchCityRope.Infrastructure.Tests.Security.JwtTokenServiceTests..ctor()
[xUnit.net 00:00:00.19]            at System.RuntimeType.CreateInstanceDefaultCtor(Boolean publicOnly, Boolean wrapExceptions)
[xUnit.net 00:00:00.19]       System.InvalidOperationException : JWT secret key not configured
[xUnit.net 00:00:00.19]       Stack Trace:
[xUnit.net 00:00:00.19]         /home/chad/repos/witchcityrope-react/src/WitchCityRope.Infrastructure/Security/JwtTokenService.cs(33,0): at WitchCityRope.Infrastructure.Security.JwtTokenService..ctor(IConfiguration configuration)
[xUnit.net 00:00:00.19]         /home/chad/repos/witchcityrope-react/tests/WitchCityRope.Infrastructure.Tests/Security/JwtTokenServiceTests.cs(35,0): at WitchCityRope.Infrastructure.Tests.Security.JwtTokenServiceTests..ctor()
[xUnit.net 00:00:00.19]            at System.RuntimeType.CreateInstanceDefaultCtor(Boolean publicOnly, Boolean wrapExceptions)
[xUnit.net 00:00:00.19]       System.InvalidOperationException : JWT secret key not configured
[xUnit.net 00:00:00.19]       Stack Trace:
[xUnit.net 00:00:00.19]         /home/chad/repos/witchcityrope-react/src/WitchCityRope.Infrastructure/Security/JwtTokenService.cs(33,0): at WitchCityRope.Infrastructure.Security.JwtTokenService..ctor(IConfiguration configuration)
[xUnit.net 00:00:00.19]         /home/chad/repos/witchcityrope-react/tests/WitchCityRope.Infrastructure.Tests/Security/JwtTokenServiceTests.cs(35,0): at WitchCityRope.Infrastructure.Tests.Security.JwtTokenServiceTests..ctor()
[xUnit.net 00:00:00.19]            at System.RuntimeType.CreateInstanceDefaultCtor(Boolean publicOnly, Boolean wrapExceptions)
[xUnit.net 00:00:00.19]       System.InvalidOperationException : JWT secret key not configured
[xUnit.net 00:00:00.19]       Stack Trace:
[xUnit.net 00:00:00.19]         /home/chad/repos/witchcityrope-react/src/WitchCityRope.Infrastructure/Security/JwtTokenService.cs(33,0): at WitchCityRope.Infrastructure.Security.JwtTokenService..ctor(IConfiguration configuration)
[xUnit.net 00:00:00.19]         /home/chad/repos/witchcityrope-react/tests/WitchCityRope.Infrastructure.Tests/Security/JwtTokenServiceTests.cs(35,0): at WitchCityRope.Infrastructure.Tests.Security.JwtTokenServiceTests..ctor()
[xUnit.net 00:00:00.19]            at System.RuntimeType.CreateInstanceDefaultCtor(Boolean publicOnly, Boolean wrapExceptions)
[xUnit.net 00:00:00.19]       System.InvalidOperationException : JWT secret key not configured
[xUnit.net 00:00:00.19]       Stack Trace:
[xUnit.net 00:00:00.19]         /home/chad/repos/witchcityrope-react/src/WitchCityRope.Infrastructure/Security/JwtTokenService.cs(33,0): at WitchCityRope.Infrastructure.Security.JwtTokenService..ctor(IConfiguration configuration)
[xUnit.net 00:00:00.19]         /home/chad/repos/witchcityrope-react/tests/WitchCityRope.Infrastructure.Tests/Security/JwtTokenServiceTests.cs(35,0): at WitchCityRope.Infrastructure.Tests.Security.JwtTokenServiceTests..ctor()
[xUnit.net 00:00:00.19]            at System.RuntimeType.CreateInstanceDefaultCtor(Boolean publicOnly, Boolean wrapExceptions)
[xUnit.net 00:00:00.19]       System.InvalidOperationException : JWT secret key not configured
[xUnit.net 00:00:00.19]       Stack Trace:
[xUnit.net 00:00:00.19]         /home/chad/repos/witchcityrope-react/src/WitchCityRope.Infrastructure/Security/JwtTokenService.cs(33,0): at WitchCityRope.Infrastructure.Security.JwtTokenService..ctor(IConfiguration configuration)
[xUnit.net 00:00:00.19]         /home/chad/repos/witchcityrope-react/tests/WitchCityRope.Infrastructure.Tests/Security/JwtTokenServiceTests.cs(35,0): at WitchCityRope.Infrastructure.Tests.Security.JwtTokenServiceTests..ctor()
[xUnit.net 00:00:00.19]            at System.RuntimeType.CreateInstanceDefaultCtor(Boolean publicOnly, Boolean wrapExceptions)
[xUnit.net 00:00:00.19]       System.InvalidOperationException : JWT secret key not configured
[xUnit.net 00:00:00.19]       Stack Trace:
[xUnit.net 00:00:00.19]         /home/chad/repos/witchcityrope-react/src/WitchCityRope.Infrastructure/Security/JwtTokenService.cs(33,0): at WitchCityRope.Infrastructure.Security.JwtTokenService..ctor(IConfiguration configuration)
[xUnit.net 00:00:00.19]         /home/chad/repos/witchcityrope-react/tests/WitchCityRope.Infrastructure.Tests/Security/JwtTokenServiceTests.cs(35,0): at WitchCityRope.Infrastructure.Tests.Security.JwtTokenServiceTests..ctor()
[xUnit.net 00:00:00.19]            at System.RuntimeType.CreateInstanceDefaultCtor(Boolean publicOnly, Boolean wrapExceptions)
[xUnit.net 00:00:00.19]       System.InvalidOperationException : JWT secret key not configured
[xUnit.net 00:00:00.19]       Stack Trace:
[xUnit.net 00:00:00.19]         /home/chad/repos/witchcityrope-react/src/WitchCityRope.Infrastructure/Security/JwtTokenService.cs(33,0): at WitchCityRope.Infrastructure.Security.JwtTokenService..ctor(IConfiguration configuration)
[xUnit.net 00:00:00.19]         /home/chad/repos/witchcityrope-react/tests/WitchCityRope.Infrastructure.Tests/Security/JwtTokenServiceTests.cs(35,0): at WitchCityRope.Infrastructure.Tests.Security.JwtTokenServiceTests..ctor()
[xUnit.net 00:00:00.19]            at System.RuntimeType.CreateInstanceDefaultCtor(Boolean publicOnly, Boolean wrapExceptions)
[xUnit.net 00:00:00.19]       System.InvalidOperationException : JWT secret key not configured
[xUnit.net 00:00:00.19]       Stack Trace:
[xUnit.net 00:00:00.19]         /home/chad/repos/witchcityrope-react/src/WitchCityRope.Infrastructure/Security/JwtTokenService.cs(33,0): at WitchCityRope.Infrastructure.Security.JwtTokenService..ctor(IConfiguration configuration)
[xUnit.net 00:00:00.19]         /home/chad/repos/witchcityrope-react/tests/WitchCityRope.Infrastructure.Tests/Security/JwtTokenServiceTests.cs(35,0): at WitchCityRope.Infrastructure.Tests.Security.JwtTokenServiceTests..ctor()
[xUnit.net 00:00:00.19]            at System.RuntimeType.CreateInstanceDefaultCtor(Boolean publicOnly, Boolean wrapExceptions)
[xUnit.net 00:00:00.23]       Moq.MockException : 
[xUnit.net 00:00:00.23]       Expected invocation on the mock once, but was 0 times: x =&gt; x.SendEmailAsync(It.Is&lt;SendGridMessage&gt;(msg =&gt; ((msg.Personalizations[0].Tos.Count == 3 &amp;&amp; msg.Personalizations[0].Tos.Any&lt;EmailAddress&gt;(t =&gt; t.Email == "recipient1@example.com")) &amp;&amp; msg.Personalizations[0].Tos.Any&lt;EmailAddress&gt;(t =&gt; t.Email == "recipient2@example.com")) &amp;&amp; msg.Personalizations[0].Tos.Any&lt;EmailAddress&gt;(t =&gt; t.Email == "recipient3@example.com")), It.IsAny&lt;CancellationToken&gt;())
[xUnit.net 00:00:00.23]       
[xUnit.net 00:00:00.23]       Performed invocations:
[xUnit.net 00:00:00.23]       
[xUnit.net 00:00:00.23]          Mock&lt;ISendGridClient:1&gt; (x):
[xUnit.net 00:00:00.23]       
[xUnit.net 00:00:00.23]             ISendGridClient.SendEmailAsync(SendGridMessage, CancellationToken)
[xUnit.net 00:00:00.23]       
[xUnit.net 00:00:00.23]       Stack Trace:
[xUnit.net 00:00:00.23]         /_/src/Moq/Mock.cs(332,0): at Moq.Mock.Verify(Mock mock, LambdaExpression expression, Times times, String failMessage)
[xUnit.net 00:00:00.23]         /_/src/Moq/Mock`1.cs(840,0): at Moq.Mock`1.Verify[TResult](Expression`1 expression, Func`1 times)
[xUnit.net 00:00:00.23]         /home/chad/repos/witchcityrope-react/tests/WitchCityRope.Infrastructure.Tests/Email/EmailServiceTests.cs(166,0): at WitchCityRope.Infrastructure.Tests.Email.EmailServiceTests.SendBulkEmailAsync_Should_Send_To_Multiple_Recipients()
[xUnit.net 00:00:00.23]         --- End of stack trace from previous location ---
[xUnit.net 00:00:00.27]       Expected result to be True, but found False.
[xUnit.net 00:00:00.27]       Stack Trace:
[xUnit.net 00:00:00.27]            at FluentAssertions.Execution.LateBoundTestFramework.Throw(String message)
[xUnit.net 00:00:00.27]            at FluentAssertions.Execution.DefaultAssertionStrategy.HandleFailure(String message)
[xUnit.net 00:00:00.27]            at FluentAssertions.Execution.AssertionScope.AddPreFormattedFailure(String formattedFailureMessage)
[xUnit.net 00:00:00.27]            at FluentAssertions.Execution.AssertionChain.FailWith(Func`1 getFailureReason)
[xUnit.net 00:00:00.27]            at FluentAssertions.Execution.AssertionChain.FailWith(Func`1 getFailureReason)
[xUnit.net 00:00:00.27]            at FluentAssertions.Execution.AssertionChain.FailWith(String message, Object[] args)
[xUnit.net 00:00:00.27]            at FluentAssertions.Primitives.BooleanAssertions`1.BeTrue(String because, Object[] becauseArgs)
[xUnit.net 00:00:00.27]         /home/chad/repos/witchcityrope-react/tests/WitchCityRope.Infrastructure.Tests/Email/EmailServiceTests.cs(318,0): at WitchCityRope.Infrastructure.Tests.Email.EmailServiceTests.SendCancellationConfirmationAsync_Should_Include_Refund_When_Provided()
[xUnit.net 00:00:00.27]         --- End of stack trace from previous location ---
[xUnit.net 00:00:00.28]       Moq.MockException : 
[xUnit.net 00:00:00.28]       Expected invocation on the mock once, but was 0 times: x =&gt; x.SendEmailAsync(It.Is&lt;SendGridMessage&gt;(msg =&gt; msg.PlainTextContent == "Plain text body" &amp;&amp; msg.HtmlContent == null), It.IsAny&lt;CancellationToken&gt;())
[xUnit.net 00:00:00.28]       
[xUnit.net 00:00:00.28]       Performed invocations:
[xUnit.net 00:00:00.28]       
[xUnit.net 00:00:00.28]          Mock&lt;ISendGridClient:6&gt; (x):
[xUnit.net 00:00:00.28]       
[xUnit.net 00:00:00.28]             ISendGridClient.SendEmailAsync(SendGridMessage, CancellationToken)
[xUnit.net 00:00:00.28]       
[xUnit.net 00:00:00.28]       Stack Trace:
[xUnit.net 00:00:00.28]         /_/src/Moq/Mock.cs(332,0): at Moq.Mock.Verify(Mock mock, LambdaExpression expression, Times times, String failMessage)
[xUnit.net 00:00:00.28]         /_/src/Moq/Mock`1.cs(840,0): at Moq.Mock`1.Verify[TResult](Expression`1 expression, Func`1 times)
[xUnit.net 00:00:00.28]         /home/chad/repos/witchcityrope-react/tests/WitchCityRope.Infrastructure.Tests/Email/EmailServiceTests.cs(101,0): at WitchCityRope.Infrastructure.Tests.Email.EmailServiceTests.SendEmailAsync_Should_Send_PlainText_Email_When_IsHtml_Is_False()
[xUnit.net 00:00:00.28]         --- End of stack trace from previous location ---
[xUnit.net 00:00:00.28]       System.NullReferenceException : Object reference not set to an instance of an object.
[xUnit.net 00:00:00.28]       Stack Trace:
[xUnit.net 00:00:00.28]         /home/chad/repos/witchcityrope-react/src/WitchCityRope.Infrastructure/PayPal/PayPalService.cs(115,0): at WitchCityRope.Infrastructure.PayPal.PayPalService.ProcessRefundAsync(Payment payment, Money refundAmount, String reason)
[xUnit.net 00:00:00.28]         /home/chad/repos/witchcityrope-react/tests/WitchCityRope.Infrastructure.Tests/PayPal/PayPalServiceTests.cs(164,0): at WitchCityRope.Infrastructure.Tests.PayPal.PayPalServiceTests.ProcessRefundAsync_Should_Handle_Exceptions()
[xUnit.net 00:00:00.28]         --- End of stack trace from previous location ---
[xUnit.net 00:00:00.28]       Moq.MockException : 
[xUnit.net 00:00:00.28]       Expected invocation on the mock once, but was 0 times: x =&gt; x.SendEmailAsync(It.Is&lt;SendGridMessage&gt;(msg =&gt; ((((msg.Subject == "Test Subject" &amp;&amp; msg.HtmlContent == "&lt;h1&gt;Test Body&lt;/h1&gt;") &amp;&amp; msg.PlainTextContent == null) &amp;&amp; msg.From.Email == "test@witchcityrope.com") &amp;&amp; msg.From.Name == "Test WCR") &amp;&amp; msg.Personalizations[0].Tos[0].Email == "recipient@example.com"), It.IsAny&lt;CancellationToken&gt;())
[xUnit.net 00:00:00.28]       
[xUnit.net 00:00:00.28]       Performed invocations:
[xUnit.net 00:00:00.28]       
[xUnit.net 00:00:00.28]          Mock&lt;ISendGridClient:7&gt; (x):
[xUnit.net 00:00:00.28]       
[xUnit.net 00:00:00.28]             ISendGridClient.SendEmailAsync(SendGridMessage, CancellationToken)
[xUnit.net 00:00:00.28]       
[xUnit.net 00:00:00.28]       Stack Trace:
[xUnit.net 00:00:00.28]         /_/src/Moq/Mock.cs(332,0): at Moq.Mock.Verify(Mock mock, LambdaExpression expression, Times times, String failMessage)
[xUnit.net 00:00:00.28]         /_/src/Moq/Mock`1.cs(840,0): at Moq.Mock`1.Verify[TResult](Expression`1 expression, Func`1 times)
[xUnit.net 00:00:00.28]         /home/chad/repos/witchcityrope-react/tests/WitchCityRope.Infrastructure.Tests/Email/EmailServiceTests.cs(70,0): at WitchCityRope.Infrastructure.Tests.Email.EmailServiceTests.SendEmailAsync_Should_Send_Email_Successfully()
[xUnit.net 00:00:00.28]         --- End of stack trace from previous location ---
[xUnit.net 00:00:00.28]       Expected status to be PaymentStatus.Failed {value: 3}, but found PaymentStatus.Pending {value: 1}.
[xUnit.net 00:00:00.28]       Stack Trace:
[xUnit.net 00:00:00.28]            at FluentAssertions.Execution.LateBoundTestFramework.Throw(String message)
[xUnit.net 00:00:00.28]            at FluentAssertions.Execution.DefaultAssertionStrategy.HandleFailure(String message)
[xUnit.net 00:00:00.28]            at FluentAssertions.Execution.AssertionScope.AddPreFormattedFailure(String formattedFailureMessage)
[xUnit.net 00:00:00.28]            at FluentAssertions.Execution.AssertionChain.FailWith(Func`1 getFailureReason)
[xUnit.net 00:00:00.28]            at FluentAssertions.Execution.AssertionChain.FailWith(Func`1 getFailureReason)
[xUnit.net 00:00:00.28]            at FluentAssertions.Execution.AssertionChain.FailWith(String message, Object[] args)
[xUnit.net 00:00:00.28]            at FluentAssertions.Primitives.EnumAssertions`2.Be(TEnum expected, String because, Object[] becauseArgs)
[xUnit.net 00:00:00.28]         /home/chad/repos/witchcityrope-react/tests/WitchCityRope.Infrastructure.Tests/PayPal/PayPalServiceTests.cs(273,0): at WitchCityRope.Infrastructure.Tests.PayPal.PayPalServiceTests.GetPaymentStatusAsync_Should_Return_Failed_On_Exception()
[xUnit.net 00:00:00.28]         --- End of stack trace from previous location ---
[xUnit.net 00:00:00.28]       Expected result to be True, but found False.
[xUnit.net 00:00:00.28]       Stack Trace:
[xUnit.net 00:00:00.28]            at FluentAssertions.Execution.LateBoundTestFramework.Throw(String message)
[xUnit.net 00:00:00.28]            at FluentAssertions.Execution.DefaultAssertionStrategy.HandleFailure(String message)
[xUnit.net 00:00:00.28]            at FluentAssertions.Execution.AssertionScope.AddPreFormattedFailure(String formattedFailureMessage)
[xUnit.net 00:00:00.28]            at FluentAssertions.Execution.AssertionChain.FailWith(Func`1 getFailureReason)
[xUnit.net 00:00:00.28]            at FluentAssertions.Execution.AssertionChain.FailWith(Func`1 getFailureReason)
[xUnit.net 00:00:00.28]            at FluentAssertions.Execution.AssertionChain.FailWith(String message, Object[] args)
[xUnit.net 00:00:00.28]            at FluentAssertions.Primitives.BooleanAssertions`1.BeTrue(String because, Object[] becauseArgs)
[xUnit.net 00:00:00.28]         /home/chad/repos/witchcityrope-react/tests/WitchCityRope.Infrastructure.Tests/Email/EmailServiceTests.cs(344,0): at WitchCityRope.Infrastructure.Tests.Email.EmailServiceTests.SendVettingStatusUpdateAsync_Should_Include_Notes_When_Provided()
[xUnit.net 00:00:00.28]         --- End of stack trace from previous location ---
[xUnit.net 00:00:00.28]       Expected result to be True, but found False.
[xUnit.net 00:00:00.28]       Stack Trace:
[xUnit.net 00:00:00.28]            at FluentAssertions.Execution.LateBoundTestFramework.Throw(String message)
[xUnit.net 00:00:00.28]            at FluentAssertions.Execution.DefaultAssertionStrategy.HandleFailure(String message)
[xUnit.net 00:00:00.28]            at FluentAssertions.Execution.AssertionScope.AddPreFormattedFailure(String formattedFailureMessage)
[xUnit.net 00:00:00.28]            at FluentAssertions.Execution.AssertionChain.FailWith(Func`1 getFailureReason)
[xUnit.net 00:00:00.28]            at FluentAssertions.Execution.AssertionChain.FailWith(Func`1 getFailureReason)
[xUnit.net 00:00:00.28]            at FluentAssertions.Execution.AssertionChain.FailWith(String message, Object[] args)
[xUnit.net 00:00:00.28]            at FluentAssertions.Primitives.BooleanAssertions`1.BeTrue(String because, Object[] becauseArgs)
[xUnit.net 00:00:00.28]         /home/chad/repos/witchcityrope-react/tests/WitchCityRope.Infrastructure.Tests/Email/EmailServiceTests.cs(253,0): at WitchCityRope.Infrastructure.Tests.Email.EmailServiceTests.SendTemplateEmailAsync_Should_Send_With_Template_Id()
[xUnit.net 00:00:00.28]         --- End of stack trace from previous location ---
[xUnit.net 00:00:00.28]       Expected a &lt;System.ArgumentNullException&gt; to be thrown, but no exception was thrown.
[xUnit.net 00:00:00.28]       Stack Trace:
[xUnit.net 00:00:00.28]            at FluentAssertions.Execution.LateBoundTestFramework.Throw(String message)
[xUnit.net 00:00:00.28]            at FluentAssertions.Execution.DefaultAssertionStrategy.HandleFailure(String message)
[xUnit.net 00:00:00.28]            at FluentAssertions.Execution.AssertionScope.AddPreFormattedFailure(String formattedFailureMessage)
[xUnit.net 00:00:00.28]            at FluentAssertions.Execution.AssertionChain.FailWith(Func`1 getFailureReason)
[xUnit.net 00:00:00.28]            at FluentAssertions.Execution.AssertionChain.FailWith(Func`1 getFailureReason)
[xUnit.net 00:00:00.28]            at FluentAssertions.Execution.AssertionChain.FailWith(String message)
[xUnit.net 00:00:00.28]            at FluentAssertions.Specialized.DelegateAssertionsBase`2.&lt;&gt;c__DisplayClass8_0`1.&lt;ThrowInternal&gt;b__0(AssertionChain chain)
[xUnit.net 00:00:00.28]            at FluentAssertions.Execution.AssertionChain.WithExpectation(String message, Action`1 chain, Object[] args)
[xUnit.net 00:00:00.28]            at FluentAssertions.Execution.AssertionChain.WithExpectation(String message, Object arg1, Action`1 chain)
[xUnit.net 00:00:00.28]            at FluentAssertions.Specialized.DelegateAssertionsBase`2.ThrowInternal[TException](Exception exception, String because, Object[] becauseArgs)
[xUnit.net 00:00:00.28]            at FluentAssertions.Specialized.DelegateAssertions`2.Throw[TException](String because, Object[] becauseArgs)
[xUnit.net 00:00:00.28]         /home/chad/repos/witchcityrope-react/tests/WitchCityRope.Infrastructure.Tests/Email/EmailServiceTests.cs(49,0): at WitchCityRope.Infrastructure.Tests.Email.EmailServiceTests.Constructor_Should_Throw_When_SendGridClient_Is_Null()
[xUnit.net 00:00:00.28]            at System.RuntimeMethodHandle.InvokeMethod(Object target, Void** arguments, Signature sig, Boolean isConstructor)
[xUnit.net 00:00:00.28]            at System.Reflection.MethodBaseInvoker.InvokeWithNoArgs(Object obj, BindingFlags invokeAttr)
[xUnit.net 00:00:00.29]       Expected a &lt;System.ArgumentException&gt; to be thrown, but no exception was thrown.
[xUnit.net 00:00:00.29]       Stack Trace:
[xUnit.net 00:00:00.29]            at FluentAssertions.Execution.LateBoundTestFramework.Throw(String message)
[xUnit.net 00:00:00.29]            at FluentAssertions.Execution.DefaultAssertionStrategy.HandleFailure(String message)
[xUnit.net 00:00:00.29]            at FluentAssertions.Execution.AssertionScope.AddPreFormattedFailure(String formattedFailureMessage)
[xUnit.net 00:00:00.29]            at FluentAssertions.Execution.AssertionChain.FailWith(Func`1 getFailureReason)
[xUnit.net 00:00:00.29]            at FluentAssertions.Execution.AssertionChain.FailWith(Func`1 getFailureReason)
[xUnit.net 00:00:00.29]            at FluentAssertions.Execution.AssertionChain.FailWith(String message)
[xUnit.net 00:00:00.29]            at FluentAssertions.Specialized.DelegateAssertionsBase`2.&lt;&gt;c__DisplayClass8_0`1.&lt;ThrowInternal&gt;b__0(AssertionChain chain)
[xUnit.net 00:00:00.29]            at FluentAssertions.Execution.AssertionChain.WithExpectation(String message, Action`1 chain, Object[] args)
[xUnit.net 00:00:00.29]            at FluentAssertions.Execution.AssertionChain.WithExpectation(String message, Object arg1, Action`1 chain)
[xUnit.net 00:00:00.29]            at FluentAssertions.Specialized.DelegateAssertionsBase`2.ThrowInternal[TException](Exception exception, String because, Object[] becauseArgs)
[xUnit.net 00:00:00.29]            at FluentAssertions.Specialized.AsyncFunctionAssertions`2.ThrowAsync[TException](String because, Object[] becauseArgs)
[xUnit.net 00:00:00.29]            at FluentAssertions.ExceptionAssertionsExtensions.WithMessage[TException](Task`1 task, String expectedWildcardPattern, String because, Object[] becauseArgs)
[xUnit.net 00:00:00.29]         /home/chad/repos/witchcityrope-react/tests/WitchCityRope.Infrastructure.Tests/Email/EmailServiceTests.cs(271,0): at WitchCityRope.Infrastructure.Tests.Email.EmailServiceTests.SendTemplateEmailAsync_Should_Throw_For_Unknown_Template()
[xUnit.net 00:00:00.29]         --- End of stack trace from previous location ---
[xUnit.net 00:00:00.29]       Expected result to be True, but found False.
[xUnit.net 00:00:00.29]       Stack Trace:
[xUnit.net 00:00:00.29]            at FluentAssertions.Execution.LateBoundTestFramework.Throw(String message)
[xUnit.net 00:00:00.29]            at FluentAssertions.Execution.DefaultAssertionStrategy.HandleFailure(String message)
[xUnit.net 00:00:00.29]            at FluentAssertions.Execution.AssertionScope.AddPreFormattedFailure(String formattedFailureMessage)
[xUnit.net 00:00:00.29]            at FluentAssertions.Execution.AssertionChain.FailWith(Func`1 getFailureReason)
[xUnit.net 00:00:00.29]            at FluentAssertions.Execution.AssertionChain.FailWith(Func`1 getFailureReason)
[xUnit.net 00:00:00.29]            at FluentAssertions.Execution.AssertionChain.FailWith(String message, Object[] args)
[xUnit.net 00:00:00.29]            at FluentAssertions.Primitives.BooleanAssertions`1.BeTrue(String because, Object[] becauseArgs)
[xUnit.net 00:00:00.29]         /home/chad/repos/witchcityrope-react/tests/WitchCityRope.Infrastructure.Tests/Email/EmailServiceTests.cs(292,0): at WitchCityRope.Infrastructure.Tests.Email.EmailServiceTests.SendRegistrationConfirmationAsync_Should_Use_Correct_Template()
[xUnit.net 00:00:00.29]         --- End of stack trace from previous location ---
[xUnit.net 00:00:00.32]       System.NullReferenceException : Object reference not set to an instance of an object.
[xUnit.net 00:00:00.32]       Stack Trace:
[xUnit.net 00:00:00.32]         /home/chad/repos/witchcityrope-react/src/WitchCityRope.Infrastructure/PayPal/PayPalService.cs(83,0): at WitchCityRope.Infrastructure.PayPal.PayPalService.ProcessPaymentAsync(Registration registration, Money amount, String paymentMethodId)
[xUnit.net 00:00:00.32]         /home/chad/repos/witchcityrope-react/tests/WitchCityRope.Infrastructure.Tests/PayPal/PayPalServiceTests.cs(101,0): at WitchCityRope.Infrastructure.Tests.PayPal.PayPalServiceTests.ProcessPaymentAsync_Should_Handle_Exceptions()
[xUnit.net 00:00:00.32]         --- End of stack trace from previous location ---
[testcontainers.org 00:00:00.13] Connected to Docker:
  Host: unix:///var/run/docker.sock
  Server Version: 27.5.1
  Kernel Version: 6.14.0-29-generic
  API Version: 1.47
  Operating System: Ubuntu 24.04.3 LTS
  Total Memory: 62.72 GB
[testcontainers.org 00:00:00.22] Docker container c9837da2ec98 created
[testcontainers.org 00:00:00.25] Start Docker container c9837da2ec98
[testcontainers.org 00:00:00.42] Wait for Docker container c9837da2ec98 to complete readiness checks
[testcontainers.org 00:00:00.42] Docker container c9837da2ec98 ready
[testcontainers.org 00:00:00.44] Docker container 93fe793ee5c1 created
[testcontainers.org 00:00:00.44] Start Docker container 93fe793ee5c1
[testcontainers.org 00:00:00.59] Wait for Docker container 93fe793ee5c1 to complete readiness checks
[testcontainers.org 00:00:00.60] Execute "pg_isready --host localhost --dbname witchcityrope_test --username testuser" at Docker container 93fe793ee5c1
[xUnit.net 00:00:01.28]       System.InvalidOperationException : An error was generated for warning 'Microsoft.EntityFrameworkCore.Database.Transaction.TransactionIgnoredWarning': Transactions are not supported by the in-memory store. See https://go.microsoft.com/fwlink/?LinkId=800142 This exception can be suppressed or logged by passing event ID 'InMemoryEventId.TransactionIgnoredWarning' to the 'ConfigureWarnings' method in 'DbContext.OnConfiguring' or 'AddDbContext'.
[xUnit.net 00:00:01.28]       Stack Trace:
[xUnit.net 00:00:01.28]            at Microsoft.EntityFrameworkCore.Diagnostics.EventDefinition.Log[TLoggerCategory](IDiagnosticsLogger`1 logger, Exception exception)
[xUnit.net 00:00:01.28]            at Microsoft.EntityFrameworkCore.InMemory.Internal.InMemoryLoggerExtensions.TransactionIgnoredWarning(IDiagnosticsLogger`1 diagnostics)
[xUnit.net 00:00:01.28]            at Microsoft.EntityFrameworkCore.InMemory.Storage.Internal.InMemoryTransactionManager.BeginTransactionAsync(CancellationToken cancellationToken)
[xUnit.net 00:00:01.28]            at Microsoft.EntityFrameworkCore.Infrastructure.DatabaseFacade.BeginTransactionAsync(CancellationToken cancellationToken)
[xUnit.net 00:00:01.28]         /home/chad/repos/witchcityrope-react/tests/WitchCityRope.Infrastructure.Tests/Data/ConcurrencyTests.cs(332,0): at WitchCityRope.Infrastructure.Tests.Data.ConcurrencyTests.&lt;&gt;c__DisplayClass5_0.&lt;&lt;Should_Handle_Deadlock_Scenario&gt;b__0&gt;d.MoveNext()
[xUnit.net 00:00:01.28]         --- End of stack trace from previous location ---
[xUnit.net 00:00:01.28]         /home/chad/repos/witchcityrope-react/tests/WitchCityRope.Infrastructure.Tests/Data/ConcurrencyTests.cs(389,0): at WitchCityRope.Infrastructure.Tests.Data.ConcurrencyTests.Should_Handle_Deadlock_Scenario()
[xUnit.net 00:00:01.28]         --- End of stack trace from previous location ---
[xUnit.net 00:00:01.28]       Microsoft.EntityFrameworkCore.DbUpdateException : An error occurred while saving the entity changes. See the inner exception for details.
[xUnit.net 00:00:01.28]       ---- Microsoft.Data.Sqlite.SqliteException : SQLite Error 19: 'NOT NULL constraint failed: Registrations.DietaryRestrictions'.
[xUnit.net 00:00:01.28]       Stack Trace:
[xUnit.net 00:00:01.28]            at Microsoft.EntityFrameworkCore.Update.ReaderModificationCommandBatch.ExecuteAsync(IRelationalConnection connection, CancellationToken cancellationToken)
[xUnit.net 00:00:01.28]            at Microsoft.EntityFrameworkCore.Update.Internal.BatchExecutor.ExecuteAsync(IEnumerable`1 commandBatches, IRelationalConnection connection, CancellationToken cancellationToken)
[xUnit.net 00:00:01.28]            at Microsoft.EntityFrameworkCore.Update.Internal.BatchExecutor.ExecuteAsync(IEnumerable`1 commandBatches, IRelationalConnection connection, CancellationToken cancellationToken)
[xUnit.net 00:00:01.28]            at Microsoft.EntityFrameworkCore.Update.Internal.BatchExecutor.ExecuteAsync(IEnumerable`1 commandBatches, IRelationalConnection connection, CancellationToken cancellationToken)
[xUnit.net 00:00:01.28]            at Microsoft.EntityFrameworkCore.Storage.RelationalDatabase.SaveChangesAsync(IList`1 entries, CancellationToken cancellationToken)
[xUnit.net 00:00:01.28]            at Microsoft.EntityFrameworkCore.ChangeTracking.Internal.StateManager.SaveChangesAsync(IList`1 entriesToSave, CancellationToken cancellationToken)
[xUnit.net 00:00:01.28]            at Microsoft.EntityFrameworkCore.ChangeTracking.Internal.StateManager.SaveChangesAsync(StateManager stateManager, Boolean acceptAllChangesOnSuccess, CancellationToken cancellationToken)
[xUnit.net 00:00:01.28]            at Microsoft.EntityFrameworkCore.DbContext.SaveChangesAsync(Boolean acceptAllChangesOnSuccess, CancellationToken cancellationToken)
[xUnit.net 00:00:01.28]            at Microsoft.EntityFrameworkCore.DbContext.SaveChangesAsync(Boolean acceptAllChangesOnSuccess, CancellationToken cancellationToken)
[xUnit.net 00:00:01.28]         /home/chad/repos/witchcityrope-react/src/WitchCityRope.Infrastructure/Data/WitchCityRopeDbContext.cs(58,0): at WitchCityRope.Infrastructure.Data.WitchCityRopeDbContext.SaveChangesAsync(CancellationToken cancellationToken)
[xUnit.net 00:00:01.28]         /home/chad/repos/witchcityrope-react/tests/WitchCityRope.Infrastructure.Tests/Data/ComplexQueryTests.cs(63,0): at WitchCityRope.Infrastructure.Tests.Data.ComplexQueryTests.SeedDataAsync()
[xUnit.net 00:00:01.28]         /home/chad/repos/witchcityrope-react/tests/WitchCityRope.Infrastructure.Tests/Fixtures/IntegrationTestBase.cs(41,0): at WitchCityRope.Infrastructure.Tests.Fixtures.IntegrationTestBase.InitializeAsync()
[xUnit.net 00:00:01.28]         ----- Inner Stack Trace -----
[xUnit.net 00:00:01.28]            at Microsoft.Data.Sqlite.SqliteException.ThrowExceptionForRC(Int32 rc, sqlite3 db)
[xUnit.net 00:00:01.28]            at Microsoft.Data.Sqlite.SqliteDataReader.NextResult()
[xUnit.net 00:00:01.28]            at Microsoft.Data.Sqlite.SqliteCommand.ExecuteReader(CommandBehavior behavior)
[xUnit.net 00:00:01.28]            at Microsoft.Data.Sqlite.SqliteCommand.ExecuteReaderAsync(CommandBehavior behavior, CancellationToken cancellationToken)
[xUnit.net 00:00:01.28]            at Microsoft.Data.Sqlite.SqliteCommand.ExecuteDbDataReaderAsync(CommandBehavior behavior, CancellationToken cancellationToken)
[xUnit.net 00:00:01.28]            at Microsoft.EntityFrameworkCore.Storage.RelationalCommand.ExecuteReaderAsync(RelationalCommandParameterObject parameterObject, CancellationToken cancellationToken)
[xUnit.net 00:00:01.28]            at Microsoft.EntityFrameworkCore.Storage.RelationalCommand.ExecuteReaderAsync(RelationalCommandParameterObject parameterObject, CancellationToken cancellationToken)
[xUnit.net 00:00:01.28]            at Microsoft.EntityFrameworkCore.Update.ReaderModificationCommandBatch.ExecuteAsync(IRelationalConnection connection, CancellationToken cancellationToken)
[xUnit.net 00:00:01.37]       System.InvalidOperationException : Sequence contains no elements
[xUnit.net 00:00:01.37]       Stack Trace:
[xUnit.net 00:00:01.37]            at System.Linq.ThrowHelper.ThrowNoElementsException()
[xUnit.net 00:00:01.37]            at lambda_method1281(Closure)
[xUnit.net 00:00:01.37]            at Microsoft.EntityFrameworkCore.InMemory.Query.Internal.InMemoryQueryExpression.ResultEnumerable.GetEnumerator()
[xUnit.net 00:00:01.37]            at Microsoft.EntityFrameworkCore.InMemory.Query.Internal.InMemoryShapedQueryCompilingExpressionVisitor.QueryingEnumerable`1.Enumerator.MoveNextHelper()
[xUnit.net 00:00:01.37]            at Microsoft.EntityFrameworkCore.InMemory.Query.Internal.InMemoryShapedQueryCompilingExpressionVisitor.QueryingEnumerable`1.Enumerator.MoveNextAsync()
[xUnit.net 00:00:01.37]            at Microsoft.EntityFrameworkCore.Query.ShapedQueryCompilingExpressionVisitor.SingleAsync[TSource](IAsyncEnumerable`1 asyncEnumerable, CancellationToken cancellationToken)
[xUnit.net 00:00:01.37]            at Microsoft.EntityFrameworkCore.Query.ShapedQueryCompilingExpressionVisitor.SingleAsync[TSource](IAsyncEnumerable`1 asyncEnumerable, CancellationToken cancellationToken)
[xUnit.net 00:00:01.37]         /home/chad/repos/witchcityrope-react/tests/WitchCityRope.Infrastructure.Tests/Data/ConcurrencyTests.cs(279,0): at WitchCityRope.Infrastructure.Tests.Data.ConcurrencyTests.&lt;&gt;c__DisplayClass4_1.&lt;&lt;Should_Handle_Concurrent_Updates_With_Retry_Logic&gt;b__1&gt;d.MoveNext()
[xUnit.net 00:00:01.37]         --- End of stack trace from previous location ---
[xUnit.net 00:00:01.37]         /home/chad/repos/witchcityrope-react/tests/WitchCityRope.Infrastructure.Tests/Data/ConcurrencyTests.cs(304,0): at WitchCityRope.Infrastructure.Tests.Data.ConcurrencyTests.Should_Handle_Concurrent_Updates_With_Retry_Logic()
[xUnit.net 00:00:01.37]         --- End of stack trace from previous location ---
[xUnit.net 00:00:01.38]       System.InvalidOperationException : Sequence contains no elements
[xUnit.net 00:00:01.38]       Stack Trace:
[xUnit.net 00:00:01.38]            at System.Linq.ThrowHelper.ThrowNoElementsException()
[xUnit.net 00:00:01.38]            at lambda_method1295(Closure)
[xUnit.net 00:00:01.38]            at Microsoft.EntityFrameworkCore.InMemory.Query.Internal.InMemoryQueryExpression.ResultEnumerable.GetEnumerator()
[xUnit.net 00:00:01.38]            at Microsoft.EntityFrameworkCore.InMemory.Query.Internal.InMemoryShapedQueryCompilingExpressionVisitor.QueryingEnumerable`1.Enumerator.MoveNextHelper()
[xUnit.net 00:00:01.38]            at Microsoft.EntityFrameworkCore.InMemory.Query.Internal.InMemoryShapedQueryCompilingExpressionVisitor.QueryingEnumerable`1.Enumerator.MoveNextAsync()
[xUnit.net 00:00:01.38]            at Microsoft.EntityFrameworkCore.Query.ShapedQueryCompilingExpressionVisitor.SingleAsync[TSource](IAsyncEnumerable`1 asyncEnumerable, CancellationToken cancellationToken)
[xUnit.net 00:00:01.38]            at Microsoft.EntityFrameworkCore.Query.ShapedQueryCompilingExpressionVisitor.SingleAsync[TSource](IAsyncEnumerable`1 asyncEnumerable, CancellationToken cancellationToken)
[xUnit.net 00:00:01.38]         /home/chad/repos/witchcityrope-react/tests/WitchCityRope.Infrastructure.Tests/Data/EntityConfigurationTests.cs(50,0): at WitchCityRope.Infrastructure.Tests.Data.EntityConfigurationTests.&lt;&gt;c__DisplayClass1_0.&lt;&lt;User_Configuration_Should_Store_Value_Objects_Correctly&gt;b__0&gt;d.MoveNext()
[xUnit.net 00:00:01.38]         --- End of stack trace from previous location ---
[xUnit.net 00:00:01.38]         /home/chad/repos/witchcityrope-react/tests/WitchCityRope.Infrastructure.Tests/Fixtures/IntegrationTestBase.cs(89,0): at WitchCityRope.Infrastructure.Tests.Fixtures.IntegrationTestBase.ExecuteWithNewContextAsync[T](Func`2 action)
[xUnit.net 00:00:01.38]         /home/chad/repos/witchcityrope-react/tests/WitchCityRope.Infrastructure.Tests/Data/EntityConfigurationTests.cs(49,0): at WitchCityRope.Infrastructure.Tests.Data.EntityConfigurationTests.User_Configuration_Should_Store_Value_Objects_Correctly()
[xUnit.net 00:00:01.38]         --- End of stack trace from previous location ---
[xUnit.net 00:00:01.38]       Expected retrievedUser not to be &lt;null&gt;.
[xUnit.net 00:00:01.38]       Stack Trace:
[xUnit.net 00:00:01.38]            at FluentAssertions.Execution.LateBoundTestFramework.Throw(String message)
[xUnit.net 00:00:01.38]            at FluentAssertions.Execution.DefaultAssertionStrategy.HandleFailure(String message)
[xUnit.net 00:00:01.38]            at FluentAssertions.Execution.AssertionScope.AddPreFormattedFailure(String formattedFailureMessage)
[xUnit.net 00:00:01.38]            at FluentAssertions.Execution.AssertionChain.FailWith(Func`1 getFailureReason)
[xUnit.net 00:00:01.38]            at FluentAssertions.Execution.AssertionChain.FailWith(Func`1 getFailureReason)
[xUnit.net 00:00:01.38]            at FluentAssertions.Execution.AssertionChain.FailWith(String message)
[xUnit.net 00:00:01.38]            at FluentAssertions.Primitives.ReferenceTypeAssertions`2.NotBeNull(String because, Object[] becauseArgs)
[xUnit.net 00:00:01.38]         /home/chad/repos/witchcityrope-react/tests/WitchCityRope.Infrastructure.Tests/Data/WitchCityRopeDbContextTests.cs(47,0): at WitchCityRope.Infrastructure.Tests.Data.WitchCityRopeDbContextTests.Should_Save_And_Retrieve_User()
[xUnit.net 00:00:01.38]         --- End of stack trace from previous location ---
[xUnit.net 00:00:01.41]       Microsoft.EntityFrameworkCore.DbUpdateException : An error occurred while saving the entity changes. See the inner exception for details.
[xUnit.net 00:00:01.41]       ---- Microsoft.Data.Sqlite.SqliteException : SQLite Error 19: 'NOT NULL constraint failed: Registrations.DietaryRestrictions'.
[xUnit.net 00:00:01.41]       Stack Trace:
[xUnit.net 00:00:01.41]            at Microsoft.EntityFrameworkCore.Update.ReaderModificationCommandBatch.ExecuteAsync(IRelationalConnection connection, CancellationToken cancellationToken)
[xUnit.net 00:00:01.41]            at Microsoft.EntityFrameworkCore.Update.Internal.BatchExecutor.ExecuteAsync(IEnumerable`1 commandBatches, IRelationalConnection connection, CancellationToken cancellationToken)
[xUnit.net 00:00:01.41]            at Microsoft.EntityFrameworkCore.Update.Internal.BatchExecutor.ExecuteAsync(IEnumerable`1 commandBatches, IRelationalConnection connection, CancellationToken cancellationToken)
[xUnit.net 00:00:01.41]            at Microsoft.EntityFrameworkCore.Update.Internal.BatchExecutor.ExecuteAsync(IEnumerable`1 commandBatches, IRelationalConnection connection, CancellationToken cancellationToken)
[xUnit.net 00:00:01.41]            at Microsoft.EntityFrameworkCore.Storage.RelationalDatabase.SaveChangesAsync(IList`1 entries, CancellationToken cancellationToken)
[xUnit.net 00:00:01.41]            at Microsoft.EntityFrameworkCore.ChangeTracking.Internal.StateManager.SaveChangesAsync(IList`1 entriesToSave, CancellationToken cancellationToken)
[xUnit.net 00:00:01.41]            at Microsoft.EntityFrameworkCore.ChangeTracking.Internal.StateManager.SaveChangesAsync(StateManager stateManager, Boolean acceptAllChangesOnSuccess, CancellationToken cancellationToken)
[xUnit.net 00:00:01.41]            at Microsoft.EntityFrameworkCore.DbContext.SaveChangesAsync(Boolean acceptAllChangesOnSuccess, CancellationToken cancellationToken)
[xUnit.net 00:00:01.41]            at Microsoft.EntityFrameworkCore.DbContext.SaveChangesAsync(Boolean acceptAllChangesOnSuccess, CancellationToken cancellationToken)
[xUnit.net 00:00:01.41]         /home/chad/repos/witchcityrope-react/src/WitchCityRope.Infrastructure/Data/WitchCityRopeDbContext.cs(58,0): at WitchCityRope.Infrastructure.Data.WitchCityRopeDbContext.SaveChangesAsync(CancellationToken cancellationToken)
[xUnit.net 00:00:01.41]         /home/chad/repos/witchcityrope-react/tests/WitchCityRope.Infrastructure.Tests/Data/ComplexQueryTests.cs(63,0): at WitchCityRope.Infrastructure.Tests.Data.ComplexQueryTests.SeedDataAsync()
[xUnit.net 00:00:01.41]         /home/chad/repos/witchcityrope-react/tests/WitchCityRope.Infrastructure.Tests/Fixtures/IntegrationTestBase.cs(41,0): at WitchCityRope.Infrastructure.Tests.Fixtures.IntegrationTestBase.InitializeAsync()
[xUnit.net 00:00:01.41]         ----- Inner Stack Trace -----
[xUnit.net 00:00:01.41]            at Microsoft.Data.Sqlite.SqliteException.ThrowExceptionForRC(Int32 rc, sqlite3 db)
[xUnit.net 00:00:01.41]            at Microsoft.Data.Sqlite.SqliteDataReader.NextResult()
[xUnit.net 00:00:01.41]            at Microsoft.Data.Sqlite.SqliteCommand.ExecuteReader(CommandBehavior behavior)
[xUnit.net 00:00:01.41]            at Microsoft.Data.Sqlite.SqliteCommand.ExecuteReaderAsync(CommandBehavior behavior, CancellationToken cancellationToken)
[xUnit.net 00:00:01.41]            at Microsoft.Data.Sqlite.SqliteCommand.ExecuteDbDataReaderAsync(CommandBehavior behavior, CancellationToken cancellationToken)
[xUnit.net 00:00:01.41]            at Microsoft.EntityFrameworkCore.Storage.RelationalCommand.ExecuteReaderAsync(RelationalCommandParameterObject parameterObject, CancellationToken cancellationToken)
[xUnit.net 00:00:01.41]            at Microsoft.EntityFrameworkCore.Storage.RelationalCommand.ExecuteReaderAsync(RelationalCommandParameterObject parameterObject, CancellationToken cancellationToken)
[xUnit.net 00:00:01.41]            at Microsoft.EntityFrameworkCore.Update.ReaderModificationCommandBatch.ExecuteAsync(IRelationalConnection connection, CancellationToken cancellationToken)
[xUnit.net 00:00:01.43]       Microsoft.EntityFrameworkCore.DbUpdateException : An error occurred while saving the entity changes. See the inner exception for details.
[xUnit.net 00:00:01.43]       ---- Microsoft.Data.Sqlite.SqliteException : SQLite Error 19: 'NOT NULL constraint failed: Registrations.DietaryRestrictions'.
[xUnit.net 00:00:01.43]       Stack Trace:
[xUnit.net 00:00:01.43]            at Microsoft.EntityFrameworkCore.Update.ReaderModificationCommandBatch.ExecuteAsync(IRelationalConnection connection, CancellationToken cancellationToken)
[xUnit.net 00:00:01.43]            at Microsoft.EntityFrameworkCore.Update.Internal.BatchExecutor.ExecuteAsync(IEnumerable`1 commandBatches, IRelationalConnection connection, CancellationToken cancellationToken)
[xUnit.net 00:00:01.43]            at Microsoft.EntityFrameworkCore.Update.Internal.BatchExecutor.ExecuteAsync(IEnumerable`1 commandBatches, IRelationalConnection connection, CancellationToken cancellationToken)
[xUnit.net 00:00:01.43]            at Microsoft.EntityFrameworkCore.Update.Internal.BatchExecutor.ExecuteAsync(IEnumerable`1 commandBatches, IRelationalConnection connection, CancellationToken cancellationToken)
[xUnit.net 00:00:01.43]            at Microsoft.EntityFrameworkCore.Storage.RelationalDatabase.SaveChangesAsync(IList`1 entries, CancellationToken cancellationToken)
[xUnit.net 00:00:01.43]            at Microsoft.EntityFrameworkCore.ChangeTracking.Internal.StateManager.SaveChangesAsync(IList`1 entriesToSave, CancellationToken cancellationToken)
[xUnit.net 00:00:01.43]            at Microsoft.EntityFrameworkCore.ChangeTracking.Internal.StateManager.SaveChangesAsync(StateManager stateManager, Boolean acceptAllChangesOnSuccess, CancellationToken cancellationToken)
[xUnit.net 00:00:01.43]            at Microsoft.EntityFrameworkCore.DbContext.SaveChangesAsync(Boolean acceptAllChangesOnSuccess, CancellationToken cancellationToken)
[xUnit.net 00:00:01.43]            at Microsoft.EntityFrameworkCore.DbContext.SaveChangesAsync(Boolean acceptAllChangesOnSuccess, CancellationToken cancellationToken)
[xUnit.net 00:00:01.43]         /home/chad/repos/witchcityrope-react/src/WitchCityRope.Infrastructure/Data/WitchCityRopeDbContext.cs(58,0): at WitchCityRope.Infrastructure.Data.WitchCityRopeDbContext.SaveChangesAsync(CancellationToken cancellationToken)
[xUnit.net 00:00:01.43]         /home/chad/repos/witchcityrope-react/tests/WitchCityRope.Infrastructure.Tests/Data/ConcurrencyTests.cs(126,0): at WitchCityRope.Infrastructure.Tests.Data.ConcurrencyTests.Should_Handle_Concurrent_Payment_Processing()
[xUnit.net 00:00:01.43]         --- End of stack trace from previous location ---
[xUnit.net 00:00:01.43]         ----- Inner Stack Trace -----
[xUnit.net 00:00:01.43]            at Microsoft.Data.Sqlite.SqliteException.ThrowExceptionForRC(Int32 rc, sqlite3 db)
[xUnit.net 00:00:01.43]            at Microsoft.Data.Sqlite.SqliteDataReader.NextResult()
[xUnit.net 00:00:01.43]            at Microsoft.Data.Sqlite.SqliteCommand.ExecuteReader(CommandBehavior behavior)
[xUnit.net 00:00:01.43]            at Microsoft.Data.Sqlite.SqliteCommand.ExecuteReaderAsync(CommandBehavior behavior, CancellationToken cancellationToken)
[xUnit.net 00:00:01.43]            at Microsoft.Data.Sqlite.SqliteCommand.ExecuteDbDataReaderAsync(CommandBehavior behavior, CancellationToken cancellationToken)
[xUnit.net 00:00:01.43]            at Microsoft.EntityFrameworkCore.Storage.RelationalCommand.ExecuteReaderAsync(RelationalCommandParameterObject parameterObject, CancellationToken cancellationToken)
[xUnit.net 00:00:01.43]            at Microsoft.EntityFrameworkCore.Storage.RelationalCommand.ExecuteReaderAsync(RelationalCommandParameterObject parameterObject, CancellationToken cancellationToken)
[xUnit.net 00:00:01.43]            at Microsoft.EntityFrameworkCore.Update.ReaderModificationCommandBatch.ExecuteAsync(IRelationalConnection connection, CancellationToken cancellationToken)
[xUnit.net 00:00:01.48]       Microsoft.EntityFrameworkCore.DbUpdateException : An error occurred while saving the entity changes. See the inner exception for details.
[xUnit.net 00:00:01.48]       ---- Microsoft.Data.Sqlite.SqliteException : SQLite Error 19: 'NOT NULL constraint failed: IncidentReports.ResolutionNotes'.
[xUnit.net 00:00:01.48]       Stack Trace:
[xUnit.net 00:00:01.48]            at Microsoft.EntityFrameworkCore.Update.ReaderModificationCommandBatch.ExecuteAsync(IRelationalConnection connection, CancellationToken cancellationToken)
[xUnit.net 00:00:01.48]            at Microsoft.EntityFrameworkCore.Update.Internal.BatchExecutor.ExecuteAsync(IEnumerable`1 commandBatches, IRelationalConnection connection, CancellationToken cancellationToken)
[xUnit.net 00:00:01.48]            at Microsoft.EntityFrameworkCore.Update.Internal.BatchExecutor.ExecuteAsync(IEnumerable`1 commandBatches, IRelationalConnection connection, CancellationToken cancellationToken)
[xUnit.net 00:00:01.48]            at Microsoft.EntityFrameworkCore.Update.Internal.BatchExecutor.ExecuteAsync(IEnumerable`1 commandBatches, IRelationalConnection connection, CancellationToken cancellationToken)
[xUnit.net 00:00:01.48]            at Microsoft.EntityFrameworkCore.Storage.RelationalDatabase.SaveChangesAsync(IList`1 entries, CancellationToken cancellationToken)
[xUnit.net 00:00:01.48]            at Microsoft.EntityFrameworkCore.ChangeTracking.Internal.StateManager.SaveChangesAsync(IList`1 entriesToSave, CancellationToken cancellationToken)
[xUnit.net 00:00:01.48]            at Microsoft.EntityFrameworkCore.ChangeTracking.Internal.StateManager.SaveChangesAsync(StateManager stateManager, Boolean acceptAllChangesOnSuccess, CancellationToken cancellationToken)
[xUnit.net 00:00:01.48]            at Microsoft.EntityFrameworkCore.DbContext.SaveChangesAsync(Boolean acceptAllChangesOnSuccess, CancellationToken cancellationToken)
[xUnit.net 00:00:01.48]            at Microsoft.EntityFrameworkCore.DbContext.SaveChangesAsync(Boolean acceptAllChangesOnSuccess, CancellationToken cancellationToken)
[xUnit.net 00:00:01.48]         /home/chad/repos/witchcityrope-react/src/WitchCityRope.Infrastructure/Data/WitchCityRopeDbContext.cs(58,0): at WitchCityRope.Infrastructure.Data.WitchCityRopeDbContext.SaveChangesAsync(CancellationToken cancellationToken)
[xUnit.net 00:00:01.48]         /home/chad/repos/witchcityrope-react/tests/WitchCityRope.Infrastructure.Tests/Data/EntityConfigurationTests.cs(187,0): at WitchCityRope.Infrastructure.Tests.Data.EntityConfigurationTests.IncidentReport_Should_Support_Anonymous_Reports()
[xUnit.net 00:00:01.48]         --- End of stack trace from previous location ---
[xUnit.net 00:00:01.48]         ----- Inner Stack Trace -----
[xUnit.net 00:00:01.48]            at Microsoft.Data.Sqlite.SqliteException.ThrowExceptionForRC(Int32 rc, sqlite3 db)
[xUnit.net 00:00:01.48]            at Microsoft.Data.Sqlite.SqliteDataReader.NextResult()
[xUnit.net 00:00:01.48]            at Microsoft.Data.Sqlite.SqliteCommand.ExecuteReader(CommandBehavior behavior)
[xUnit.net 00:00:01.48]            at Microsoft.Data.Sqlite.SqliteCommand.ExecuteReaderAsync(CommandBehavior behavior, CancellationToken cancellationToken)
[xUnit.net 00:00:01.48]            at Microsoft.Data.Sqlite.SqliteCommand.ExecuteDbDataReaderAsync(CommandBehavior behavior, CancellationToken cancellationToken)
[xUnit.net 00:00:01.48]            at Microsoft.EntityFrameworkCore.Storage.RelationalCommand.ExecuteReaderAsync(RelationalCommandParameterObject parameterObject, CancellationToken cancellationToken)
[xUnit.net 00:00:01.48]            at Microsoft.EntityFrameworkCore.Storage.RelationalCommand.ExecuteReaderAsync(RelationalCommandParameterObject parameterObject, CancellationToken cancellationToken)
[xUnit.net 00:00:01.48]            at Microsoft.EntityFrameworkCore.Update.ReaderModificationCommandBatch.ExecuteAsync(IRelationalConnection connection, CancellationToken cancellationToken)
[xUnit.net 00:00:01.54]       Microsoft.EntityFrameworkCore.DbUpdateException : An error occurred while saving the entity changes. See the inner exception for details.
[xUnit.net 00:00:01.54]       ---- Microsoft.Data.Sqlite.SqliteException : SQLite Error 19: 'NOT NULL constraint failed: Registrations.DietaryRestrictions'.
[xUnit.net 00:00:01.54]       Stack Trace:
[xUnit.net 00:00:01.54]            at Microsoft.EntityFrameworkCore.Update.ReaderModificationCommandBatch.ExecuteAsync(IRelationalConnection connection, CancellationToken cancellationToken)
[xUnit.net 00:00:01.54]            at Microsoft.EntityFrameworkCore.Update.Internal.BatchExecutor.ExecuteAsync(IEnumerable`1 commandBatches, IRelationalConnection connection, CancellationToken cancellationToken)
[xUnit.net 00:00:01.54]            at Microsoft.EntityFrameworkCore.Update.Internal.BatchExecutor.ExecuteAsync(IEnumerable`1 commandBatches, IRelationalConnection connection, CancellationToken cancellationToken)
[xUnit.net 00:00:01.54]            at Microsoft.EntityFrameworkCore.Update.Internal.BatchExecutor.ExecuteAsync(IEnumerable`1 commandBatches, IRelationalConnection connection, CancellationToken cancellationToken)
[xUnit.net 00:00:01.54]            at Microsoft.EntityFrameworkCore.Storage.RelationalDatabase.SaveChangesAsync(IList`1 entries, CancellationToken cancellationToken)
[xUnit.net 00:00:01.54]            at Microsoft.EntityFrameworkCore.ChangeTracking.Internal.StateManager.SaveChangesAsync(IList`1 entriesToSave, CancellationToken cancellationToken)
[xUnit.net 00:00:01.54]            at Microsoft.EntityFrameworkCore.ChangeTracking.Internal.StateManager.SaveChangesAsync(StateManager stateManager, Boolean acceptAllChangesOnSuccess, CancellationToken cancellationToken)
[xUnit.net 00:00:01.54]            at Microsoft.EntityFrameworkCore.DbContext.SaveChangesAsync(Boolean acceptAllChangesOnSuccess, CancellationToken cancellationToken)
[xUnit.net 00:00:01.54]            at Microsoft.EntityFrameworkCore.DbContext.SaveChangesAsync(Boolean acceptAllChangesOnSuccess, CancellationToken cancellationToken)
[xUnit.net 00:00:01.54]         /home/chad/repos/witchcityrope-react/src/WitchCityRope.Infrastructure/Data/WitchCityRopeDbContext.cs(58,0): at WitchCityRope.Infrastructure.Data.WitchCityRopeDbContext.SaveChangesAsync(CancellationToken cancellationToken)
[xUnit.net 00:00:01.54]         /home/chad/repos/witchcityrope-react/tests/WitchCityRope.Infrastructure.Tests/Data/EntityConfigurationTests.cs(76,0): at WitchCityRope.Infrastructure.Tests.Data.EntityConfigurationTests.Event_Registration_Relationship_Should_Be_Configured_Correctly()
[xUnit.net 00:00:01.54]         --- End of stack trace from previous location ---
[xUnit.net 00:00:01.54]         ----- Inner Stack Trace -----
[xUnit.net 00:00:01.54]            at Microsoft.Data.Sqlite.SqliteException.ThrowExceptionForRC(Int32 rc, sqlite3 db)
[xUnit.net 00:00:01.54]            at Microsoft.Data.Sqlite.SqliteDataReader.NextResult()
[xUnit.net 00:00:01.54]            at Microsoft.Data.Sqlite.SqliteCommand.ExecuteReader(CommandBehavior behavior)
[xUnit.net 00:00:01.54]            at Microsoft.Data.Sqlite.SqliteCommand.ExecuteReaderAsync(CommandBehavior behavior, CancellationToken cancellationToken)
[xUnit.net 00:00:01.54]            at Microsoft.Data.Sqlite.SqliteCommand.ExecuteDbDataReaderAsync(CommandBehavior behavior, CancellationToken cancellationToken)
[xUnit.net 00:00:01.54]            at Microsoft.EntityFrameworkCore.Storage.RelationalCommand.ExecuteReaderAsync(RelationalCommandParameterObject parameterObject, CancellationToken cancellationToken)
[xUnit.net 00:00:01.54]            at Microsoft.EntityFrameworkCore.Storage.RelationalCommand.ExecuteReaderAsync(RelationalCommandParameterObject parameterObject, CancellationToken cancellationToken)
[xUnit.net 00:00:01.54]            at Microsoft.EntityFrameworkCore.Update.ReaderModificationCommandBatch.ExecuteAsync(IRelationalConnection connection, CancellationToken cancellationToken)
[xUnit.net 00:00:01.55]       Expected modifiedProperties {"UpdatedAt"} to contain "SceneName".
[xUnit.net 00:00:01.55]       Stack Trace:
[xUnit.net 00:00:01.55]            at FluentAssertions.Execution.LateBoundTestFramework.Throw(String message)
[xUnit.net 00:00:01.55]            at FluentAssertions.Execution.DefaultAssertionStrategy.HandleFailure(String message)
[xUnit.net 00:00:01.55]            at FluentAssertions.Execution.AssertionScope.AddPreFormattedFailure(String formattedFailureMessage)
[xUnit.net 00:00:01.55]            at FluentAssertions.Execution.AssertionChain.FailWith(Func`1 getFailureReason)
[xUnit.net 00:00:01.55]            at FluentAssertions.Execution.AssertionChain.FailWith(Func`1 getFailureReason)
[xUnit.net 00:00:01.55]            at FluentAssertions.Execution.AssertionChain.FailWith(String message, Object[] args)
[xUnit.net 00:00:01.55]            at FluentAssertions.Collections.GenericCollectionAssertions`3.Contain(T expected, String because, Object[] becauseArgs)
[xUnit.net 00:00:01.55]         /home/chad/repos/witchcityrope-react/tests/WitchCityRope.Infrastructure.Tests/Data/WitchCityRopeDbContextTests.cs(179,0): at WitchCityRope.Infrastructure.Tests.Data.WitchCityRopeDbContextTests.Should_Track_Entity_Changes()
[xUnit.net 00:00:01.55]         --- End of stack trace from previous location ---
[xUnit.net 00:00:01.55]       Microsoft.EntityFrameworkCore.DbUpdateException : An error occurred while saving the entity changes. See the inner exception for details.
[xUnit.net 00:00:01.55]       ---- Microsoft.Data.Sqlite.SqliteException : SQLite Error 19: 'NOT NULL constraint failed: Registrations.DietaryRestrictions'.
[xUnit.net 00:00:01.55]       Stack Trace:
[xUnit.net 00:00:01.55]            at Microsoft.EntityFrameworkCore.Update.ReaderModificationCommandBatch.ExecuteAsync(IRelationalConnection connection, CancellationToken cancellationToken)
[xUnit.net 00:00:01.55]            at Microsoft.EntityFrameworkCore.Update.Internal.BatchExecutor.ExecuteAsync(IEnumerable`1 commandBatches, IRelationalConnection connection, CancellationToken cancellationToken)
[xUnit.net 00:00:01.55]            at Microsoft.EntityFrameworkCore.Update.Internal.BatchExecutor.ExecuteAsync(IEnumerable`1 commandBatches, IRelationalConnection connection, CancellationToken cancellationToken)
[xUnit.net 00:00:01.55]            at Microsoft.EntityFrameworkCore.Update.Internal.BatchExecutor.ExecuteAsync(IEnumerable`1 commandBatches, IRelationalConnection connection, CancellationToken cancellationToken)
[xUnit.net 00:00:01.55]            at Microsoft.EntityFrameworkCore.Storage.RelationalDatabase.SaveChangesAsync(IList`1 entries, CancellationToken cancellationToken)
[xUnit.net 00:00:01.55]            at Microsoft.EntityFrameworkCore.ChangeTracking.Internal.StateManager.SaveChangesAsync(IList`1 entriesToSave, CancellationToken cancellationToken)
[xUnit.net 00:00:01.55]            at Microsoft.EntityFrameworkCore.ChangeTracking.Internal.StateManager.SaveChangesAsync(StateManager stateManager, Boolean acceptAllChangesOnSuccess, CancellationToken cancellationToken)
[xUnit.net 00:00:01.55]            at Microsoft.EntityFrameworkCore.DbContext.SaveChangesAsync(Boolean acceptAllChangesOnSuccess, CancellationToken cancellationToken)
[xUnit.net 00:00:01.55]            at Microsoft.EntityFrameworkCore.DbContext.SaveChangesAsync(Boolean acceptAllChangesOnSuccess, CancellationToken cancellationToken)
[xUnit.net 00:00:01.55]         /home/chad/repos/witchcityrope-react/src/WitchCityRope.Infrastructure/Data/WitchCityRopeDbContext.cs(58,0): at WitchCityRope.Infrastructure.Data.WitchCityRopeDbContext.SaveChangesAsync(CancellationToken cancellationToken)
[xUnit.net 00:00:01.55]         /home/chad/repos/witchcityrope-react/tests/WitchCityRope.Infrastructure.Tests/Data/ComplexQueryTests.cs(63,0): at WitchCityRope.Infrastructure.Tests.Data.ComplexQueryTests.SeedDataAsync()
[xUnit.net 00:00:01.55]         /home/chad/repos/witchcityrope-react/tests/WitchCityRope.Infrastructure.Tests/Fixtures/IntegrationTestBase.cs(41,0): at WitchCityRope.Infrastructure.Tests.Fixtures.IntegrationTestBase.InitializeAsync()
[xUnit.net 00:00:01.55]         ----- Inner Stack Trace -----
[xUnit.net 00:00:01.55]            at Microsoft.Data.Sqlite.SqliteException.ThrowExceptionForRC(Int32 rc, sqlite3 db)
[xUnit.net 00:00:01.55]            at Microsoft.Data.Sqlite.SqliteDataReader.NextResult()
[xUnit.net 00:00:01.55]            at Microsoft.Data.Sqlite.SqliteCommand.ExecuteReader(CommandBehavior behavior)
[xUnit.net 00:00:01.55]            at Microsoft.Data.Sqlite.SqliteCommand.ExecuteReaderAsync(CommandBehavior behavior, CancellationToken cancellationToken)
[xUnit.net 00:00:01.55]            at Microsoft.Data.Sqlite.SqliteCommand.ExecuteDbDataReaderAsync(CommandBehavior behavior, CancellationToken cancellationToken)
[xUnit.net 00:00:01.55]            at Microsoft.EntityFrameworkCore.Storage.RelationalCommand.ExecuteReaderAsync(RelationalCommandParameterObject parameterObject, CancellationToken cancellationToken)
[xUnit.net 00:00:01.55]            at Microsoft.EntityFrameworkCore.Storage.RelationalCommand.ExecuteReaderAsync(RelationalCommandParameterObject parameterObject, CancellationToken cancellationToken)
[xUnit.net 00:00:01.55]            at Microsoft.EntityFrameworkCore.Update.ReaderModificationCommandBatch.ExecuteAsync(IRelationalConnection connection, CancellationToken cancellationToken)
[xUnit.net 00:00:01.59]       Microsoft.EntityFrameworkCore.DbUpdateException : An error occurred while saving the entity changes. See the inner exception for details.
[xUnit.net 00:00:01.59]       ---- Microsoft.Data.Sqlite.SqliteException : SQLite Error 19: 'NOT NULL constraint failed: Registrations.DietaryRestrictions'.
[xUnit.net 00:00:01.59]       Stack Trace:
[xUnit.net 00:00:01.59]            at Microsoft.EntityFrameworkCore.Update.ReaderModificationCommandBatch.ExecuteAsync(IRelationalConnection connection, CancellationToken cancellationToken)
[xUnit.net 00:00:01.59]            at Microsoft.EntityFrameworkCore.Update.Internal.BatchExecutor.ExecuteAsync(IEnumerable`1 commandBatches, IRelationalConnection connection, CancellationToken cancellationToken)
[xUnit.net 00:00:01.59]            at Microsoft.EntityFrameworkCore.Update.Internal.BatchExecutor.ExecuteAsync(IEnumerable`1 commandBatches, IRelationalConnection connection, CancellationToken cancellationToken)
[xUnit.net 00:00:01.59]            at Microsoft.EntityFrameworkCore.Update.Internal.BatchExecutor.ExecuteAsync(IEnumerable`1 commandBatches, IRelationalConnection connection, CancellationToken cancellationToken)
[xUnit.net 00:00:01.59]            at Microsoft.EntityFrameworkCore.Storage.RelationalDatabase.SaveChangesAsync(IList`1 entries, CancellationToken cancellationToken)
[xUnit.net 00:00:01.59]            at Microsoft.EntityFrameworkCore.ChangeTracking.Internal.StateManager.SaveChangesAsync(IList`1 entriesToSave, CancellationToken cancellationToken)
[xUnit.net 00:00:01.59]            at Microsoft.EntityFrameworkCore.ChangeTracking.Internal.StateManager.SaveChangesAsync(StateManager stateManager, Boolean acceptAllChangesOnSuccess, CancellationToken cancellationToken)
[xUnit.net 00:00:01.59]            at Microsoft.EntityFrameworkCore.DbContext.SaveChangesAsync(Boolean acceptAllChangesOnSuccess, CancellationToken cancellationToken)
[xUnit.net 00:00:01.59]            at Microsoft.EntityFrameworkCore.DbContext.SaveChangesAsync(Boolean acceptAllChangesOnSuccess, CancellationToken cancellationToken)
[xUnit.net 00:00:01.59]         /home/chad/repos/witchcityrope-react/src/WitchCityRope.Infrastructure/Data/WitchCityRopeDbContext.cs(58,0): at WitchCityRope.Infrastructure.Data.WitchCityRopeDbContext.SaveChangesAsync(CancellationToken cancellationToken)
[xUnit.net 00:00:01.59]         /home/chad/repos/witchcityrope-react/tests/WitchCityRope.Infrastructure.Tests/Data/EntityConfigurationTests.cs(211,0): at WitchCityRope.Infrastructure.Tests.Data.EntityConfigurationTests.Should_Handle_Cascade_Delete_For_Event_Registrations()
[xUnit.net 00:00:01.59]         --- End of stack trace from previous location ---
[xUnit.net 00:00:01.59]         ----- Inner Stack Trace -----
[xUnit.net 00:00:01.59]            at Microsoft.Data.Sqlite.SqliteException.ThrowExceptionForRC(Int32 rc, sqlite3 db)
[xUnit.net 00:00:01.59]            at Microsoft.Data.Sqlite.SqliteDataReader.NextResult()
[xUnit.net 00:00:01.59]            at Microsoft.Data.Sqlite.SqliteCommand.ExecuteReader(CommandBehavior behavior)
[xUnit.net 00:00:01.59]            at Microsoft.Data.Sqlite.SqliteCommand.ExecuteReaderAsync(CommandBehavior behavior, CancellationToken cancellationToken)
[xUnit.net 00:00:01.59]            at Microsoft.Data.Sqlite.SqliteCommand.ExecuteDbDataReaderAsync(CommandBehavior behavior, CancellationToken cancellationToken)
[xUnit.net 00:00:01.59]            at Microsoft.EntityFrameworkCore.Storage.RelationalCommand.ExecuteReaderAsync(RelationalCommandParameterObject parameterObject, CancellationToken cancellationToken)
[xUnit.net 00:00:01.59]            at Microsoft.EntityFrameworkCore.Storage.RelationalCommand.ExecuteReaderAsync(RelationalCommandParameterObject parameterObject, CancellationToken cancellationToken)
[xUnit.net 00:00:01.59]            at Microsoft.EntityFrameworkCore.Update.ReaderModificationCommandBatch.ExecuteAsync(IRelationalConnection connection, CancellationToken cancellationToken)
[xUnit.net 00:00:01.67]       Microsoft.EntityFrameworkCore.DbUpdateException : An error occurred while saving the entity changes. See the inner exception for details.
[xUnit.net 00:00:01.67]       ---- Microsoft.Data.Sqlite.SqliteException : SQLite Error 19: 'NOT NULL constraint failed: Registrations.DietaryRestrictions'.
[xUnit.net 00:00:01.67]       Stack Trace:
[xUnit.net 00:00:01.67]            at Microsoft.EntityFrameworkCore.Update.ReaderModificationCommandBatch.ExecuteAsync(IRelationalConnection connection, CancellationToken cancellationToken)
[xUnit.net 00:00:01.67]            at Microsoft.EntityFrameworkCore.Update.Internal.BatchExecutor.ExecuteAsync(IEnumerable`1 commandBatches, IRelationalConnection connection, CancellationToken cancellationToken)
[xUnit.net 00:00:01.67]            at Microsoft.EntityFrameworkCore.Update.Internal.BatchExecutor.ExecuteAsync(IEnumerable`1 commandBatches, IRelationalConnection connection, CancellationToken cancellationToken)
[xUnit.net 00:00:01.67]            at Microsoft.EntityFrameworkCore.Update.Internal.BatchExecutor.ExecuteAsync(IEnumerable`1 commandBatches, IRelationalConnection connection, CancellationToken cancellationToken)
[xUnit.net 00:00:01.67]            at Microsoft.EntityFrameworkCore.Storage.RelationalDatabase.SaveChangesAsync(IList`1 entries, CancellationToken cancellationToken)
[xUnit.net 00:00:01.67]            at Microsoft.EntityFrameworkCore.ChangeTracking.Internal.StateManager.SaveChangesAsync(IList`1 entriesToSave, CancellationToken cancellationToken)
[xUnit.net 00:00:01.67]            at Microsoft.EntityFrameworkCore.ChangeTracking.Internal.StateManager.SaveChangesAsync(StateManager stateManager, Boolean acceptAllChangesOnSuccess, CancellationToken cancellationToken)
[xUnit.net 00:00:01.67]            at Microsoft.EntityFrameworkCore.DbContext.SaveChangesAsync(Boolean acceptAllChangesOnSuccess, CancellationToken cancellationToken)
[xUnit.net 00:00:01.67]            at Microsoft.EntityFrameworkCore.DbContext.SaveChangesAsync(Boolean acceptAllChangesOnSuccess, CancellationToken cancellationToken)
[xUnit.net 00:00:01.67]         /home/chad/repos/witchcityrope-react/src/WitchCityRope.Infrastructure/Data/WitchCityRopeDbContext.cs(58,0): at WitchCityRope.Infrastructure.Data.WitchCityRopeDbContext.SaveChangesAsync(CancellationToken cancellationToken)
[xUnit.net 00:00:01.67]         /home/chad/repos/witchcityrope-react/tests/WitchCityRope.Infrastructure.Tests/Data/EntityConfigurationTests.cs(234,0): at WitchCityRope.Infrastructure.Tests.Data.EntityConfigurationTests.Money_ValueObject_Should_Be_Stored_Correctly()
[xUnit.net 00:00:01.67]         --- End of stack trace from previous location ---
[xUnit.net 00:00:01.67]         ----- Inner Stack Trace -----
[xUnit.net 00:00:01.67]            at Microsoft.Data.Sqlite.SqliteException.ThrowExceptionForRC(Int32 rc, sqlite3 db)
[xUnit.net 00:00:01.67]            at Microsoft.Data.Sqlite.SqliteDataReader.NextResult()
[xUnit.net 00:00:01.67]            at Microsoft.Data.Sqlite.SqliteCommand.ExecuteReader(CommandBehavior behavior)
[xUnit.net 00:00:01.67]            at Microsoft.Data.Sqlite.SqliteCommand.ExecuteReaderAsync(CommandBehavior behavior, CancellationToken cancellationToken)
[xUnit.net 00:00:01.67]            at Microsoft.Data.Sqlite.SqliteCommand.ExecuteDbDataReaderAsync(CommandBehavior behavior, CancellationToken cancellationToken)
[xUnit.net 00:00:01.67]            at Microsoft.EntityFrameworkCore.Storage.RelationalCommand.ExecuteReaderAsync(RelationalCommandParameterObject parameterObject, CancellationToken cancellationToken)
[xUnit.net 00:00:01.67]            at Microsoft.EntityFrameworkCore.Storage.RelationalCommand.ExecuteReaderAsync(RelationalCommandParameterObject parameterObject, CancellationToken cancellationToken)
[xUnit.net 00:00:01.67]            at Microsoft.EntityFrameworkCore.Update.ReaderModificationCommandBatch.ExecuteAsync(IRelationalConnection connection, CancellationToken cancellationToken)
[xUnit.net 00:00:01.69]       Microsoft.EntityFrameworkCore.DbUpdateException : An error occurred while saving the entity changes. See the inner exception for details.
[xUnit.net 00:00:01.69]       ---- Microsoft.Data.Sqlite.SqliteException : SQLite Error 19: 'NOT NULL constraint failed: Registrations.DietaryRestrictions'.
[xUnit.net 00:00:01.69]       Stack Trace:
[xUnit.net 00:00:01.69]            at Microsoft.EntityFrameworkCore.Update.ReaderModificationCommandBatch.ExecuteAsync(IRelationalConnection connection, CancellationToken cancellationToken)
[xUnit.net 00:00:01.69]            at Microsoft.EntityFrameworkCore.Update.Internal.BatchExecutor.ExecuteAsync(IEnumerable`1 commandBatches, IRelationalConnection connection, CancellationToken cancellationToken)
[xUnit.net 00:00:01.69]            at Microsoft.EntityFrameworkCore.Update.Internal.BatchExecutor.ExecuteAsync(IEnumerable`1 commandBatches, IRelationalConnection connection, CancellationToken cancellationToken)
[xUnit.net 00:00:01.69]            at Microsoft.EntityFrameworkCore.Update.Internal.BatchExecutor.ExecuteAsync(IEnumerable`1 commandBatches, IRelationalConnection connection, CancellationToken cancellationToken)
[xUnit.net 00:00:01.69]            at Microsoft.EntityFrameworkCore.Storage.RelationalDatabase.SaveChangesAsync(IList`1 entries, CancellationToken cancellationToken)
[xUnit.net 00:00:01.69]            at Microsoft.EntityFrameworkCore.ChangeTracking.Internal.StateManager.SaveChangesAsync(IList`1 entriesToSave, CancellationToken cancellationToken)
[xUnit.net 00:00:01.69]            at Microsoft.EntityFrameworkCore.ChangeTracking.Internal.StateManager.SaveChangesAsync(StateManager stateManager, Boolean acceptAllChangesOnSuccess, CancellationToken cancellationToken)
[xUnit.net 00:00:01.69]            at Microsoft.EntityFrameworkCore.DbContext.SaveChangesAsync(Boolean acceptAllChangesOnSuccess, CancellationToken cancellationToken)
[xUnit.net 00:00:01.69]            at Microsoft.EntityFrameworkCore.DbContext.SaveChangesAsync(Boolean acceptAllChangesOnSuccess, CancellationToken cancellationToken)
[xUnit.net 00:00:01.69]         /home/chad/repos/witchcityrope-react/src/WitchCityRope.Infrastructure/Data/WitchCityRopeDbContext.cs(58,0): at WitchCityRope.Infrastructure.Data.WitchCityRopeDbContext.SaveChangesAsync(CancellationToken cancellationToken)
[xUnit.net 00:00:01.69]         /home/chad/repos/witchcityrope-react/tests/WitchCityRope.Infrastructure.Tests/Data/ComplexQueryTests.cs(63,0): at WitchCityRope.Infrastructure.Tests.Data.ComplexQueryTests.SeedDataAsync()
[xUnit.net 00:00:01.69]         /home/chad/repos/witchcityrope-react/tests/WitchCityRope.Infrastructure.Tests/Fixtures/IntegrationTestBase.cs(41,0): at WitchCityRope.Infrastructure.Tests.Fixtures.IntegrationTestBase.InitializeAsync()
[xUnit.net 00:00:01.69]         ----- Inner Stack Trace -----
[xUnit.net 00:00:01.69]            at Microsoft.Data.Sqlite.SqliteException.ThrowExceptionForRC(Int32 rc, sqlite3 db)
[xUnit.net 00:00:01.69]            at Microsoft.Data.Sqlite.SqliteDataReader.NextResult()
[xUnit.net 00:00:01.69]            at Microsoft.Data.Sqlite.SqliteCommand.ExecuteReader(CommandBehavior behavior)
[xUnit.net 00:00:01.69]            at Microsoft.Data.Sqlite.SqliteCommand.ExecuteReaderAsync(CommandBehavior behavior, CancellationToken cancellationToken)
[xUnit.net 00:00:01.69]            at Microsoft.Data.Sqlite.SqliteCommand.ExecuteDbDataReaderAsync(CommandBehavior behavior, CancellationToken cancellationToken)
[xUnit.net 00:00:01.69]            at Microsoft.EntityFrameworkCore.Storage.RelationalCommand.ExecuteReaderAsync(RelationalCommandParameterObject parameterObject, CancellationToken cancellationToken)
[xUnit.net 00:00:01.69]            at Microsoft.EntityFrameworkCore.Storage.RelationalCommand.ExecuteReaderAsync(RelationalCommandParameterObject parameterObject, CancellationToken cancellationToken)
[xUnit.net 00:00:01.69]            at Microsoft.EntityFrameworkCore.Update.ReaderModificationCommandBatch.ExecuteAsync(IRelationalConnection connection, CancellationToken cancellationToken)
[xUnit.net 00:00:01.71]       Microsoft.EntityFrameworkCore.DbUpdateException : An error occurred while saving the entity changes. See the inner exception for details.
[xUnit.net 00:00:01.71]       ---- Microsoft.Data.Sqlite.SqliteException : SQLite Error 19: 'NOT NULL constraint failed: VettingApplications.ExperienceDescription'.
[xUnit.net 00:00:01.71]       Stack Trace:
[xUnit.net 00:00:01.71]            at Microsoft.EntityFrameworkCore.Update.ReaderModificationCommandBatch.ExecuteAsync(IRelationalConnection connection, CancellationToken cancellationToken)
[xUnit.net 00:00:01.71]            at Microsoft.EntityFrameworkCore.Update.Internal.BatchExecutor.ExecuteAsync(IEnumerable`1 commandBatches, IRelationalConnection connection, CancellationToken cancellationToken)
[xUnit.net 00:00:01.71]            at Microsoft.EntityFrameworkCore.Update.Internal.BatchExecutor.ExecuteAsync(IEnumerable`1 commandBatches, IRelationalConnection connection, CancellationToken cancellationToken)
[xUnit.net 00:00:01.71]            at Microsoft.EntityFrameworkCore.Update.Internal.BatchExecutor.ExecuteAsync(IEnumerable`1 commandBatches, IRelationalConnection connection, CancellationToken cancellationToken)
[xUnit.net 00:00:01.71]            at Microsoft.EntityFrameworkCore.Storage.RelationalDatabase.SaveChangesAsync(IList`1 entries, CancellationToken cancellationToken)
[xUnit.net 00:00:01.71]            at Microsoft.EntityFrameworkCore.ChangeTracking.Internal.StateManager.SaveChangesAsync(IList`1 entriesToSave, CancellationToken cancellationToken)
[xUnit.net 00:00:01.71]            at Microsoft.EntityFrameworkCore.ChangeTracking.Internal.StateManager.SaveChangesAsync(StateManager stateManager, Boolean acceptAllChangesOnSuccess, CancellationToken cancellationToken)
[xUnit.net 00:00:01.71]            at Microsoft.EntityFrameworkCore.DbContext.SaveChangesAsync(Boolean acceptAllChangesOnSuccess, CancellationToken cancellationToken)
[xUnit.net 00:00:01.71]            at Microsoft.EntityFrameworkCore.DbContext.SaveChangesAsync(Boolean acceptAllChangesOnSuccess, CancellationToken cancellationToken)
[xUnit.net 00:00:01.71]         /home/chad/repos/witchcityrope-react/src/WitchCityRope.Infrastructure/Data/WitchCityRopeDbContext.cs(58,0): at WitchCityRope.Infrastructure.Data.WitchCityRopeDbContext.SaveChangesAsync(CancellationToken cancellationToken)
[xUnit.net 00:00:01.71]         /home/chad/repos/witchcityrope-react/tests/WitchCityRope.Infrastructure.Tests/Data/ConcurrencyTests.cs(195,0): at WitchCityRope.Infrastructure.Tests.Data.ConcurrencyTests.Should_Handle_Concurrent_Vetting_Application_Reviews()
[xUnit.net 00:00:01.71]         --- End of stack trace from previous location ---
[xUnit.net 00:00:01.71]         ----- Inner Stack Trace -----
[xUnit.net 00:00:01.71]            at Microsoft.Data.Sqlite.SqliteException.ThrowExceptionForRC(Int32 rc, sqlite3 db)
[xUnit.net 00:00:01.71]            at Microsoft.Data.Sqlite.SqliteDataReader.NextResult()
[xUnit.net 00:00:01.71]            at Microsoft.Data.Sqlite.SqliteCommand.ExecuteReader(CommandBehavior behavior)
[xUnit.net 00:00:01.71]            at Microsoft.Data.Sqlite.SqliteCommand.ExecuteReaderAsync(CommandBehavior behavior, CancellationToken cancellationToken)
[xUnit.net 00:00:01.71]            at Microsoft.Data.Sqlite.SqliteCommand.ExecuteDbDataReaderAsync(CommandBehavior behavior, CancellationToken cancellationToken)
[xUnit.net 00:00:01.71]            at Microsoft.EntityFrameworkCore.Storage.RelationalCommand.ExecuteReaderAsync(RelationalCommandParameterObject parameterObject, CancellationToken cancellationToken)
[xUnit.net 00:00:01.71]            at Microsoft.EntityFrameworkCore.Storage.RelationalCommand.ExecuteReaderAsync(RelationalCommandParameterObject parameterObject, CancellationToken cancellationToken)
[xUnit.net 00:00:01.71]            at Microsoft.EntityFrameworkCore.Update.ReaderModificationCommandBatch.ExecuteAsync(IRelationalConnection connection, CancellationToken cancellationToken)
[xUnit.net 00:00:01.71]       Microsoft.EntityFrameworkCore.DbUpdateException : An error occurred while saving the entity changes. See the inner exception for details.
[xUnit.net 00:00:01.71]       ---- Microsoft.Data.Sqlite.SqliteException : SQLite Error 19: 'NOT NULL constraint failed: VettingApplications.ExperienceDescription'.
[xUnit.net 00:00:01.71]       Stack Trace:
[xUnit.net 00:00:01.71]            at Microsoft.EntityFrameworkCore.Update.ReaderModificationCommandBatch.ExecuteAsync(IRelationalConnection connection, CancellationToken cancellationToken)
[xUnit.net 00:00:01.71]            at Microsoft.EntityFrameworkCore.Update.Internal.BatchExecutor.ExecuteAsync(IEnumerable`1 commandBatches, IRelationalConnection connection, CancellationToken cancellationToken)
[xUnit.net 00:00:01.71]            at Microsoft.EntityFrameworkCore.Update.Internal.BatchExecutor.ExecuteAsync(IEnumerable`1 commandBatches, IRelationalConnection connection, CancellationToken cancellationToken)
[xUnit.net 00:00:01.71]            at Microsoft.EntityFrameworkCore.Update.Internal.BatchExecutor.ExecuteAsync(IEnumerable`1 commandBatches, IRelationalConnection connection, CancellationToken cancellationToken)
[xUnit.net 00:00:01.71]            at Microsoft.EntityFrameworkCore.Storage.RelationalDatabase.SaveChangesAsync(IList`1 entries, CancellationToken cancellationToken)
[xUnit.net 00:00:01.71]            at Microsoft.EntityFrameworkCore.ChangeTracking.Internal.StateManager.SaveChangesAsync(IList`1 entriesToSave, CancellationToken cancellationToken)
[xUnit.net 00:00:01.71]            at Microsoft.EntityFrameworkCore.ChangeTracking.Internal.StateManager.SaveChangesAsync(StateManager stateManager, Boolean acceptAllChangesOnSuccess, CancellationToken cancellationToken)
[xUnit.net 00:00:01.71]            at Microsoft.EntityFrameworkCore.DbContext.SaveChangesAsync(Boolean acceptAllChangesOnSuccess, CancellationToken cancellationToken)
[xUnit.net 00:00:01.71]            at Microsoft.EntityFrameworkCore.DbContext.SaveChangesAsync(Boolean acceptAllChangesOnSuccess, CancellationToken cancellationToken)
[xUnit.net 00:00:01.71]         /home/chad/repos/witchcityrope-react/src/WitchCityRope.Infrastructure/Data/WitchCityRopeDbContext.cs(58,0): at WitchCityRope.Infrastructure.Data.WitchCityRopeDbContext.SaveChangesAsync(CancellationToken cancellationToken)
[xUnit.net 00:00:01.71]         /home/chad/repos/witchcityrope-react/tests/WitchCityRope.Infrastructure.Tests/Data/EntityConfigurationTests.cs(143,0): at WitchCityRope.Infrastructure.Tests.Data.EntityConfigurationTests.VettingApplication_User_Relationship_Should_Be_Configured_Correctly()
[xUnit.net 00:00:01.71]         --- End of stack trace from previous location ---
[xUnit.net 00:00:01.71]         ----- Inner Stack Trace -----
[xUnit.net 00:00:01.71]            at Microsoft.Data.Sqlite.SqliteException.ThrowExceptionForRC(Int32 rc, sqlite3 db)
[xUnit.net 00:00:01.71]            at Microsoft.Data.Sqlite.SqliteDataReader.NextResult()
[xUnit.net 00:00:01.71]            at Microsoft.Data.Sqlite.SqliteCommand.ExecuteReader(CommandBehavior behavior)
[xUnit.net 00:00:01.71]            at Microsoft.Data.Sqlite.SqliteCommand.ExecuteReaderAsync(CommandBehavior behavior, CancellationToken cancellationToken)
[xUnit.net 00:00:01.71]            at Microsoft.Data.Sqlite.SqliteCommand.ExecuteDbDataReaderAsync(CommandBehavior behavior, CancellationToken cancellationToken)
[xUnit.net 00:00:01.71]            at Microsoft.EntityFrameworkCore.Storage.RelationalCommand.ExecuteReaderAsync(RelationalCommandParameterObject parameterObject, CancellationToken cancellationToken)
[xUnit.net 00:00:01.71]            at Microsoft.EntityFrameworkCore.Storage.RelationalCommand.ExecuteReaderAsync(RelationalCommandParameterObject parameterObject, CancellationToken cancellationToken)
[xUnit.net 00:00:01.71]            at Microsoft.EntityFrameworkCore.Update.ReaderModificationCommandBatch.ExecuteAsync(IRelationalConnection connection, CancellationToken cancellationToken)
[xUnit.net 00:00:01.76]       System.InvalidOperationException : Sequence contains no elements
[xUnit.net 00:00:01.76]       Stack Trace:
[xUnit.net 00:00:01.76]            at System.Linq.ThrowHelper.ThrowNoElementsException()
[xUnit.net 00:00:01.76]            at lambda_method1295(Closure)
[xUnit.net 00:00:01.76]            at Microsoft.EntityFrameworkCore.InMemory.Query.Internal.InMemoryQueryExpression.ResultEnumerable.GetEnumerator()
[xUnit.net 00:00:01.76]            at Microsoft.EntityFrameworkCore.InMemory.Query.Internal.InMemoryShapedQueryCompilingExpressionVisitor.QueryingEnumerable`1.Enumerator.MoveNextHelper()
[xUnit.net 00:00:01.76]            at Microsoft.EntityFrameworkCore.InMemory.Query.Internal.InMemoryShapedQueryCompilingExpressionVisitor.QueryingEnumerable`1.Enumerator.MoveNextAsync()
[xUnit.net 00:00:01.76]            at Microsoft.EntityFrameworkCore.Query.ShapedQueryCompilingExpressionVisitor.SingleAsync[TSource](IAsyncEnumerable`1 asyncEnumerable, CancellationToken cancellationToken)
[xUnit.net 00:00:01.76]            at Microsoft.EntityFrameworkCore.Query.ShapedQueryCompilingExpressionVisitor.SingleAsync[TSource](IAsyncEnumerable`1 asyncEnumerable, CancellationToken cancellationToken)
[xUnit.net 00:00:01.76]         /home/chad/repos/witchcityrope-react/tests/WitchCityRope.Infrastructure.Tests/Data/ConcurrencyTests.cs(32,0): at WitchCityRope.Infrastructure.Tests.Data.ConcurrencyTests.Should_Handle_Optimistic_Concurrency_With_RowVersion()
[xUnit.net 00:00:01.76]         --- End of stack trace from previous location ---
[xUnit.net 00:00:01.76]       System.InvalidOperationException : The property 'EmailAddress.UserId' is part of a key and so cannot be modified or marked as modified. To change the principal of an existing entity with an identifying foreign key, first delete the dependent and invoke 'SaveChanges', and then associate the dependent with the new principal.
[xUnit.net 00:00:01.76]       Stack Trace:
[xUnit.net 00:00:01.76]            at Microsoft.EntityFrameworkCore.ChangeTracking.Internal.InternalEntityEntry.SetPropertyModified(IProperty property, Boolean changeState, Boolean isModified, Boolean isConceptualNull, Boolean acceptChanges)
[xUnit.net 00:00:01.76]            at Microsoft.EntityFrameworkCore.ChangeTracking.Internal.ChangeDetector.PropertyChanged(InternalEntityEntry entry, IPropertyBase propertyBase, Boolean setModified)
[xUnit.net 00:00:01.76]            at Microsoft.EntityFrameworkCore.ChangeTracking.Internal.InternalEntityEntryNotifier.PropertyChanged(InternalEntityEntry entry, IPropertyBase property, Boolean setModified)
[xUnit.net 00:00:01.76]            at Microsoft.EntityFrameworkCore.ChangeTracking.Internal.InternalEntityEntry.SetProperty(IPropertyBase propertyBase, Object value, Boolean isMaterialization, Boolean setModified, Boolean isCascadeDelete, CurrentValueType valueType)
[xUnit.net 00:00:01.76]            at Microsoft.EntityFrameworkCore.ChangeTracking.Internal.InternalEntityEntry.SetProperty(IPropertyBase propertyBase, Object value, Boolean isMaterialization, Boolean setModified, Boolean isCascadeDelete)
[xUnit.net 00:00:01.76]            at Microsoft.EntityFrameworkCore.ChangeTracking.Internal.InternalEntityEntry.PropagateValue(InternalEntityEntry principalEntry, IProperty principalProperty, IProperty dependentProperty, Boolean isMaterialization, Boolean setModified)
[xUnit.net 00:00:01.76]            at Microsoft.EntityFrameworkCore.ChangeTracking.Internal.NavigationFixer.SetForeignKeyProperties(InternalEntityEntry dependentEntry, InternalEntityEntry principalEntry, IForeignKey foreignKey, Boolean setModified, Boolean fromQuery)
[xUnit.net 00:00:01.76]            at Microsoft.EntityFrameworkCore.ChangeTracking.Internal.NavigationFixer.FixupToDependent(InternalEntityEntry principalEntry, InternalEntityEntry dependentEntry, IForeignKey foreignKey, Boolean setModified, Boolean fromQuery)
[xUnit.net 00:00:01.77]            at Microsoft.EntityFrameworkCore.ChangeTracking.Internal.NavigationFixer.InitialFixup(InternalEntityEntry entry, InternalEntityEntry duplicateEntry, Boolean fromQuery)
[xUnit.net 00:00:01.77]            at Microsoft.EntityFrameworkCore.ChangeTracking.Internal.NavigationFixer.StateChanged(InternalEntityEntry entry, EntityState oldState, Boolean fromQuery)
[xUnit.net 00:00:01.77]            at Microsoft.EntityFrameworkCore.ChangeTracking.Internal.InternalEntityEntryNotifier.StateChanged(InternalEntityEntry entry, EntityState oldState, Boolean fromQuery)
[xUnit.net 00:00:01.77]            at Microsoft.EntityFrameworkCore.ChangeTracking.Internal.InternalEntityEntry.FireStateChanged(EntityState oldState)
[xUnit.net 00:00:01.77]            at Microsoft.EntityFrameworkCore.ChangeTracking.Internal.InternalEntityEntry.SetEntityState(EntityState oldState, EntityState newState, Boolean acceptChanges, Boolean modifyProperties)
[xUnit.net 00:00:01.77]            at Microsoft.EntityFrameworkCore.ChangeTracking.Internal.InternalEntityEntry.SetEntityState(EntityState entityState, Boolean acceptChanges, Boolean modifyProperties, Nullable`1 forceStateWhenUnknownKey, Nullable`1 fallbackState)
[xUnit.net 00:00:01.77]            at Microsoft.EntityFrameworkCore.ChangeTracking.Internal.EntityGraphAttacher.PaintAction(EntityEntryGraphNode`1 node)
[xUnit.net 00:00:01.77]            at Microsoft.EntityFrameworkCore.ChangeTracking.Internal.EntityEntryGraphIterator.TraverseGraph[TState](EntityEntryGraphNode`1 node, Func`2 handleNode)
[xUnit.net 00:00:01.77]            at Microsoft.EntityFrameworkCore.ChangeTracking.Internal.EntityGraphAttacher.AttachGraph(InternalEntityEntry rootEntry, EntityState targetState, EntityState storeGeneratedWithKeySetTargetState, Boolean forceStateWhenUnknownKey)
[xUnit.net 00:00:01.77]            at Microsoft.EntityFrameworkCore.Internal.InternalDbSet`1.SetEntityState(InternalEntityEntry entry, EntityState entityState)
[xUnit.net 00:00:01.77]            at Microsoft.EntityFrameworkCore.Internal.InternalDbSet`1.Add(TEntity entity)
[xUnit.net 00:00:01.77]         /home/chad/repos/witchcityrope-react/tests/WitchCityRope.Infrastructure.Tests/Data/EntityConfigurationTests.cs(29,0): at WitchCityRope.Infrastructure.Tests.Data.EntityConfigurationTests.User_Configuration_Should_Enforce_Unique_Email()
[xUnit.net 00:00:01.77]         --- End of stack trace from previous location ---
[xUnit.net 00:00:01.83]       Expected users to contain 2 item(s), but found 0: {empty}.
[xUnit.net 00:00:01.83]       Stack Trace:
[xUnit.net 00:00:01.83]            at FluentAssertions.Execution.LateBoundTestFramework.Throw(String message)
[xUnit.net 00:00:01.83]            at FluentAssertions.Execution.DefaultAssertionStrategy.HandleFailure(String message)
[xUnit.net 00:00:01.83]            at FluentAssertions.Execution.AssertionScope.AddPreFormattedFailure(String formattedFailureMessage)
[xUnit.net 00:00:01.83]            at FluentAssertions.Execution.AssertionChain.FailWith(Func`1 getFailureReason)
[xUnit.net 00:00:01.83]            at FluentAssertions.Execution.AssertionChain.FailWith(Func`1 getFailureReason)
[xUnit.net 00:00:01.83]            at FluentAssertions.Execution.AssertionChain.FailWith(String message, Object[] args)
[xUnit.net 00:00:01.83]            at FluentAssertions.Collections.GenericCollectionAssertions`3.HaveCount(Int32 expected, String because, Object[] becauseArgs)
[xUnit.net 00:00:01.83]         /home/chad/repos/witchcityrope-react/tests/WitchCityRope.Infrastructure.Tests/Data/WitchCityRopeDbContextTests.cs(152,0): at WitchCityRope.Infrastructure.Tests.Data.WitchCityRopeDbContextTests.Should_Apply_Global_Query_Filters_If_Configured()
[xUnit.net 00:00:01.83]         --- End of stack trace from previous location ---
[xUnit.net 00:00:01.83]       Microsoft.EntityFrameworkCore.DbUpdateException : An error occurred while saving the entity changes. See the inner exception for details.
[xUnit.net 00:00:01.83]       ---- Microsoft.Data.Sqlite.SqliteException : SQLite Error 19: 'NOT NULL constraint failed: Registrations.DietaryRestrictions'.
[xUnit.net 00:00:01.83]       Stack Trace:
[xUnit.net 00:00:01.83]            at Microsoft.EntityFrameworkCore.Update.ReaderModificationCommandBatch.ExecuteAsync(IRelationalConnection connection, CancellationToken cancellationToken)
[xUnit.net 00:00:01.83]            at Microsoft.EntityFrameworkCore.Update.Internal.BatchExecutor.ExecuteAsync(IEnumerable`1 commandBatches, IRelationalConnection connection, CancellationToken cancellationToken)
[xUnit.net 00:00:01.83]            at Microsoft.EntityFrameworkCore.Update.Internal.BatchExecutor.ExecuteAsync(IEnumerable`1 commandBatches, IRelationalConnection connection, CancellationToken cancellationToken)
[xUnit.net 00:00:01.83]            at Microsoft.EntityFrameworkCore.Update.Internal.BatchExecutor.ExecuteAsync(IEnumerable`1 commandBatches, IRelationalConnection connection, CancellationToken cancellationToken)
[xUnit.net 00:00:01.83]            at Microsoft.EntityFrameworkCore.Storage.RelationalDatabase.SaveChangesAsync(IList`1 entries, CancellationToken cancellationToken)
[xUnit.net 00:00:01.83]            at Microsoft.EntityFrameworkCore.ChangeTracking.Internal.StateManager.SaveChangesAsync(IList`1 entriesToSave, CancellationToken cancellationToken)
[xUnit.net 00:00:01.83]            at Microsoft.EntityFrameworkCore.ChangeTracking.Internal.StateManager.SaveChangesAsync(StateManager stateManager, Boolean acceptAllChangesOnSuccess, CancellationToken cancellationToken)
[xUnit.net 00:00:01.83]            at Microsoft.EntityFrameworkCore.DbContext.SaveChangesAsync(Boolean acceptAllChangesOnSuccess, CancellationToken cancellationToken)
[xUnit.net 00:00:01.83]            at Microsoft.EntityFrameworkCore.DbContext.SaveChangesAsync(Boolean acceptAllChangesOnSuccess, CancellationToken cancellationToken)
[xUnit.net 00:00:01.83]         /home/chad/repos/witchcityrope-react/src/WitchCityRope.Infrastructure/Data/WitchCityRopeDbContext.cs(58,0): at WitchCityRope.Infrastructure.Data.WitchCityRopeDbContext.SaveChangesAsync(CancellationToken cancellationToken)
[xUnit.net 00:00:01.83]         /home/chad/repos/witchcityrope-react/tests/WitchCityRope.Infrastructure.Tests/Data/ComplexQueryTests.cs(63,0): at WitchCityRope.Infrastructure.Tests.Data.ComplexQueryTests.SeedDataAsync()
[xUnit.net 00:00:01.83]         /home/chad/repos/witchcityrope-react/tests/WitchCityRope.Infrastructure.Tests/Fixtures/IntegrationTestBase.cs(41,0): at WitchCityRope.Infrastructure.Tests.Fixtures.IntegrationTestBase.InitializeAsync()
[xUnit.net 00:00:01.83]         ----- Inner Stack Trace -----
[xUnit.net 00:00:01.83]            at Microsoft.Data.Sqlite.SqliteException.ThrowExceptionForRC(Int32 rc, sqlite3 db)
[xUnit.net 00:00:01.84]            at Microsoft.Data.Sqlite.SqliteDataReader.NextResult()
[xUnit.net 00:00:01.84]            at Microsoft.Data.Sqlite.SqliteCommand.ExecuteReader(CommandBehavior behavior)
[xUnit.net 00:00:01.84]            at Microsoft.Data.Sqlite.SqliteCommand.ExecuteReaderAsync(CommandBehavior behavior, CancellationToken cancellationToken)
[xUnit.net 00:00:01.84]            at Microsoft.Data.Sqlite.SqliteCommand.ExecuteDbDataReaderAsync(CommandBehavior behavior, CancellationToken cancellationToken)
[xUnit.net 00:00:01.84]            at Microsoft.EntityFrameworkCore.Storage.RelationalCommand.ExecuteReaderAsync(RelationalCommandParameterObject parameterObject, CancellationToken cancellationToken)
[xUnit.net 00:00:01.84]            at Microsoft.EntityFrameworkCore.Storage.RelationalCommand.ExecuteReaderAsync(RelationalCommandParameterObject parameterObject, CancellationToken cancellationToken)
[xUnit.net 00:00:01.84]            at Microsoft.EntityFrameworkCore.Update.ReaderModificationCommandBatch.ExecuteAsync(IRelationalConnection connection, CancellationToken cancellationToken)
[xUnit.net 00:00:01.84]       Microsoft.EntityFrameworkCore.DbUpdateException : An error occurred while saving the entity changes. See the inner exception for details.
[xUnit.net 00:00:01.84]       ---- Microsoft.Data.Sqlite.SqliteException : SQLite Error 19: 'NOT NULL constraint failed: Registrations.DietaryRestrictions'.
[xUnit.net 00:00:01.84]       Stack Trace:
[xUnit.net 00:00:01.84]            at Microsoft.EntityFrameworkCore.Update.ReaderModificationCommandBatch.ExecuteAsync(IRelationalConnection connection, CancellationToken cancellationToken)
[xUnit.net 00:00:01.84]            at Microsoft.EntityFrameworkCore.Update.Internal.BatchExecutor.ExecuteAsync(IEnumerable`1 commandBatches, IRelationalConnection connection, CancellationToken cancellationToken)
[xUnit.net 00:00:01.84]            at Microsoft.EntityFrameworkCore.Update.Internal.BatchExecutor.ExecuteAsync(IEnumerable`1 commandBatches, IRelationalConnection connection, CancellationToken cancellationToken)
[xUnit.net 00:00:01.84]            at Microsoft.EntityFrameworkCore.Update.Internal.BatchExecutor.ExecuteAsync(IEnumerable`1 commandBatches, IRelationalConnection connection, CancellationToken cancellationToken)
[xUnit.net 00:00:01.84]            at Microsoft.EntityFrameworkCore.Storage.RelationalDatabase.SaveChangesAsync(IList`1 entries, CancellationToken cancellationToken)
[xUnit.net 00:00:01.84]            at Microsoft.EntityFrameworkCore.ChangeTracking.Internal.StateManager.SaveChangesAsync(IList`1 entriesToSave, CancellationToken cancellationToken)
[xUnit.net 00:00:01.84]            at Microsoft.EntityFrameworkCore.ChangeTracking.Internal.StateManager.SaveChangesAsync(StateManager stateManager, Boolean acceptAllChangesOnSuccess, CancellationToken cancellationToken)
[xUnit.net 00:00:01.84]            at Microsoft.EntityFrameworkCore.DbContext.SaveChangesAsync(Boolean acceptAllChangesOnSuccess, CancellationToken cancellationToken)
[xUnit.net 00:00:01.84]            at Microsoft.EntityFrameworkCore.DbContext.SaveChangesAsync(Boolean acceptAllChangesOnSuccess, CancellationToken cancellationToken)
[xUnit.net 00:00:01.84]         /home/chad/repos/witchcityrope-react/src/WitchCityRope.Infrastructure/Data/WitchCityRopeDbContext.cs(58,0): at WitchCityRope.Infrastructure.Data.WitchCityRopeDbContext.SaveChangesAsync(CancellationToken cancellationToken)
[xUnit.net 00:00:01.84]         /home/chad/repos/witchcityrope-react/tests/WitchCityRope.Infrastructure.Tests/Data/EntityConfigurationTests.cs(111,0): at WitchCityRope.Infrastructure.Tests.Data.EntityConfigurationTests.Payment_Registration_Relationship_Should_Be_Configured_Correctly()
[xUnit.net 00:00:01.84]         --- End of stack trace from previous location ---
[xUnit.net 00:00:01.84]         ----- Inner Stack Trace -----
[xUnit.net 00:00:01.84]            at Microsoft.Data.Sqlite.SqliteException.ThrowExceptionForRC(Int32 rc, sqlite3 db)
[xUnit.net 00:00:01.84]            at Microsoft.Data.Sqlite.SqliteDataReader.NextResult()
[xUnit.net 00:00:01.84]            at Microsoft.Data.Sqlite.SqliteCommand.ExecuteReader(CommandBehavior behavior)
[xUnit.net 00:00:01.84]            at Microsoft.Data.Sqlite.SqliteCommand.ExecuteReaderAsync(CommandBehavior behavior, CancellationToken cancellationToken)
[xUnit.net 00:00:01.84]            at Microsoft.Data.Sqlite.SqliteCommand.ExecuteDbDataReaderAsync(CommandBehavior behavior, CancellationToken cancellationToken)
[xUnit.net 00:00:01.84]            at Microsoft.EntityFrameworkCore.Storage.RelationalCommand.ExecuteReaderAsync(RelationalCommandParameterObject parameterObject, CancellationToken cancellationToken)
[xUnit.net 00:00:01.84]            at Microsoft.EntityFrameworkCore.Storage.RelationalCommand.ExecuteReaderAsync(RelationalCommandParameterObject parameterObject, CancellationToken cancellationToken)
[xUnit.net 00:00:01.84]            at Microsoft.EntityFrameworkCore.Update.ReaderModificationCommandBatch.ExecuteAsync(IRelationalConnection connection, CancellationToken cancellationToken)
[xUnit.net 00:00:01.84]       System.InvalidOperationException : Sequence contains no elements
[xUnit.net 00:00:01.84]       Stack Trace:
[xUnit.net 00:00:01.84]            at System.Linq.ThrowHelper.ThrowNoElementsException()
[xUnit.net 00:00:01.84]            at lambda_method2598(Closure)
[xUnit.net 00:00:01.84]            at Microsoft.EntityFrameworkCore.InMemory.Query.Internal.InMemoryQueryExpression.ResultEnumerable.GetEnumerator()
[xUnit.net 00:00:01.84]            at Microsoft.EntityFrameworkCore.InMemory.Query.Internal.InMemoryShapedQueryCompilingExpressionVisitor.QueryingEnumerable`1.Enumerator.MoveNextHelper()
[xUnit.net 00:00:01.84]            at Microsoft.EntityFrameworkCore.InMemory.Query.Internal.InMemoryShapedQueryCompilingExpressionVisitor.QueryingEnumerable`1.Enumerator.MoveNextAsync()
[xUnit.net 00:00:01.84]            at Microsoft.EntityFrameworkCore.Query.ShapedQueryCompilingExpressionVisitor.SingleAsync[TSource](IAsyncEnumerable`1 asyncEnumerable, CancellationToken cancellationToken)
[xUnit.net 00:00:01.84]            at Microsoft.EntityFrameworkCore.Query.ShapedQueryCompilingExpressionVisitor.SingleAsync[TSource](IAsyncEnumerable`1 asyncEnumerable, CancellationToken cancellationToken)
[xUnit.net 00:00:01.84]         /home/chad/repos/witchcityrope-react/tests/WitchCityRope.Infrastructure.Tests/Data/ConcurrencyTests.cs(72,0): at WitchCityRope.Infrastructure.Tests.Data.ConcurrencyTests.&lt;&gt;c__DisplayClass1_1.&lt;&lt;Should_Handle_Concurrent_Event_Registration&gt;b__1&gt;d.MoveNext()
[xUnit.net 00:00:01.84]         --- End of stack trace from previous location ---
[xUnit.net 00:00:01.84]         /home/chad/repos/witchcityrope-react/tests/WitchCityRope.Infrastructure.Tests/Data/ConcurrencyTests.cs(107,0): at WitchCityRope.Infrastructure.Tests.Data.ConcurrencyTests.Should_Handle_Concurrent_Event_Registration()
[xUnit.net 00:00:01.84]         --- End of stack trace from previous location ---
[testcontainers.org 00:00:01.66] Execute "pg_isready --host localhost --dbname witchcityrope_test --username testuser" at Docker container 93fe793ee5c1
[testcontainers.org 00:00:01.72] Docker container 93fe793ee5c1 ready
[xUnit.net 00:00:01.93]       Expected results.All(r =&gt; r) to be True, but found False.
[xUnit.net 00:00:01.93]       Stack Trace:
[xUnit.net 00:00:01.93]            at FluentAssertions.Execution.LateBoundTestFramework.Throw(String message)
[xUnit.net 00:00:01.93]            at FluentAssertions.Execution.DefaultAssertionStrategy.HandleFailure(String message)
[xUnit.net 00:00:01.93]            at FluentAssertions.Execution.AssertionScope.AddPreFormattedFailure(String formattedFailureMessage)
[xUnit.net 00:00:01.93]            at FluentAssertions.Execution.AssertionChain.FailWith(Func`1 getFailureReason)
[xUnit.net 00:00:01.93]            at FluentAssertions.Execution.AssertionChain.FailWith(Func`1 getFailureReason)
[xUnit.net 00:00:01.93]            at FluentAssertions.Execution.AssertionChain.FailWith(String message, Object[] args)
[xUnit.net 00:00:01.93]            at FluentAssertions.Primitives.BooleanAssertions`1.BeTrue(String because, Object[] becauseArgs)
[xUnit.net 00:00:01.93]         /home/chad/repos/witchcityrope-react/tests/WitchCityRope.Infrastructure.Tests/Data/ConcurrencyTests.cs(487,0): at WitchCityRope.Infrastructure.Tests.Data.ConcurrencyTests.Should_Handle_Concurrent_Aggregate_Updates()
[xUnit.net 00:00:01.93]         --- End of stack trace from previous location ---
[xUnit.net 00:00:01.93]       System.InvalidOperationException : Sequence contains no elements
[xUnit.net 00:00:01.93]       Stack Trace:
[xUnit.net 00:00:01.93]            at System.Linq.ThrowHelper.ThrowNoElementsException()
[xUnit.net 00:00:01.93]            at lambda_method1295(Closure)
[xUnit.net 00:00:01.93]            at Microsoft.EntityFrameworkCore.InMemory.Query.Internal.InMemoryQueryExpression.ResultEnumerable.GetEnumerator()
[xUnit.net 00:00:01.93]            at Microsoft.EntityFrameworkCore.InMemory.Query.Internal.InMemoryShapedQueryCompilingExpressionVisitor.QueryingEnumerable`1.Enumerator.MoveNextHelper()
[xUnit.net 00:00:01.93]            at Microsoft.EntityFrameworkCore.InMemory.Query.Internal.InMemoryShapedQueryCompilingExpressionVisitor.QueryingEnumerable`1.Enumerator.MoveNextAsync()
[xUnit.net 00:00:01.93]            at Microsoft.EntityFrameworkCore.Query.ShapedQueryCompilingExpressionVisitor.SingleAsync[TSource](IAsyncEnumerable`1 asyncEnumerable, CancellationToken cancellationToken)
[xUnit.net 00:00:01.93]            at Microsoft.EntityFrameworkCore.Query.ShapedQueryCompilingExpressionVisitor.SingleAsync[TSource](IAsyncEnumerable`1 asyncEnumerable, CancellationToken cancellationToken)
[xUnit.net 00:00:01.93]         /home/chad/repos/witchcityrope-react/tests/WitchCityRope.Infrastructure.Tests/Data/WitchCityRopeDbContextTests.cs(83,0): at WitchCityRope.Infrastructure.Tests.Data.WitchCityRopeDbContextTests.Should_Handle_Concurrent_Updates()
[xUnit.net 00:00:01.93]         --- End of stack trace from previous location ---
[xUnit.net 00:00:01.98]       Microsoft.EntityFrameworkCore.DbUpdateException : An error occurred while saving the entity changes. See the inner exception for details.
[xUnit.net 00:00:01.98]       ---- Microsoft.Data.Sqlite.SqliteException : SQLite Error 19: 'NOT NULL constraint failed: Registrations.DietaryRestrictions'.
[xUnit.net 00:00:01.98]       Stack Trace:
[xUnit.net 00:00:01.98]            at Microsoft.EntityFrameworkCore.Update.ReaderModificationCommandBatch.ExecuteAsync(IRelationalConnection connection, CancellationToken cancellationToken)
[xUnit.net 00:00:01.98]            at Microsoft.EntityFrameworkCore.Update.Internal.BatchExecutor.ExecuteAsync(IEnumerable`1 commandBatches, IRelationalConnection connection, CancellationToken cancellationToken)
[xUnit.net 00:00:01.98]            at Microsoft.EntityFrameworkCore.Update.Internal.BatchExecutor.ExecuteAsync(IEnumerable`1 commandBatches, IRelationalConnection connection, CancellationToken cancellationToken)
[xUnit.net 00:00:01.98]            at Microsoft.EntityFrameworkCore.Update.Internal.BatchExecutor.ExecuteAsync(IEnumerable`1 commandBatches, IRelationalConnection connection, CancellationToken cancellationToken)
[xUnit.net 00:00:01.98]            at Microsoft.EntityFrameworkCore.Storage.RelationalDatabase.SaveChangesAsync(IList`1 entries, CancellationToken cancellationToken)
[xUnit.net 00:00:01.98]            at Microsoft.EntityFrameworkCore.ChangeTracking.Internal.StateManager.SaveChangesAsync(IList`1 entriesToSave, CancellationToken cancellationToken)
[xUnit.net 00:00:01.98]            at Microsoft.EntityFrameworkCore.ChangeTracking.Internal.StateManager.SaveChangesAsync(StateManager stateManager, Boolean acceptAllChangesOnSuccess, CancellationToken cancellationToken)
[xUnit.net 00:00:01.98]            at Microsoft.EntityFrameworkCore.DbContext.SaveChangesAsync(Boolean acceptAllChangesOnSuccess, CancellationToken cancellationToken)
[xUnit.net 00:00:01.98]            at Microsoft.EntityFrameworkCore.DbContext.SaveChangesAsync(Boolean acceptAllChangesOnSuccess, CancellationToken cancellationToken)
[xUnit.net 00:00:01.98]         /home/chad/repos/witchcityrope-react/src/WitchCityRope.Infrastructure/Data/WitchCityRopeDbContext.cs(58,0): at WitchCityRope.Infrastructure.Data.WitchCityRopeDbContext.SaveChangesAsync(CancellationToken cancellationToken)
[xUnit.net 00:00:01.98]         /home/chad/repos/witchcityrope-react/tests/WitchCityRope.Infrastructure.Tests/Data/ComplexQueryTests.cs(63,0): at WitchCityRope.Infrastructure.Tests.Data.ComplexQueryTests.SeedDataAsync()
[xUnit.net 00:00:01.98]         /home/chad/repos/witchcityrope-react/tests/WitchCityRope.Infrastructure.Tests/Fixtures/IntegrationTestBase.cs(41,0): at WitchCityRope.Infrastructure.Tests.Fixtures.IntegrationTestBase.InitializeAsync()
[xUnit.net 00:00:01.98]         ----- Inner Stack Trace -----
[xUnit.net 00:00:01.98]            at Microsoft.Data.Sqlite.SqliteException.ThrowExceptionForRC(Int32 rc, sqlite3 db)
[xUnit.net 00:00:01.98]            at Microsoft.Data.Sqlite.SqliteDataReader.NextResult()
[xUnit.net 00:00:01.98]            at Microsoft.Data.Sqlite.SqliteCommand.ExecuteReader(CommandBehavior behavior)
[xUnit.net 00:00:01.98]            at Microsoft.Data.Sqlite.SqliteCommand.ExecuteReaderAsync(CommandBehavior behavior, CancellationToken cancellationToken)
[xUnit.net 00:00:01.98]            at Microsoft.Data.Sqlite.SqliteCommand.ExecuteDbDataReaderAsync(CommandBehavior behavior, CancellationToken cancellationToken)
[xUnit.net 00:00:01.98]            at Microsoft.EntityFrameworkCore.Storage.RelationalCommand.ExecuteReaderAsync(RelationalCommandParameterObject parameterObject, CancellationToken cancellationToken)
[xUnit.net 00:00:01.98]            at Microsoft.EntityFrameworkCore.Storage.RelationalCommand.ExecuteReaderAsync(RelationalCommandParameterObject parameterObject, CancellationToken cancellationToken)
[xUnit.net 00:00:01.98]            at Microsoft.EntityFrameworkCore.Update.ReaderModificationCommandBatch.ExecuteAsync(IRelationalConnection connection, CancellationToken cancellationToken)
[xUnit.net 00:00:02.10]       Microsoft.EntityFrameworkCore.DbUpdateException : An error occurred while saving the entity changes. See the inner exception for details.
[xUnit.net 00:00:02.10]       ---- Microsoft.Data.Sqlite.SqliteException : SQLite Error 19: 'NOT NULL constraint failed: Registrations.DietaryRestrictions'.
[xUnit.net 00:00:02.10]       Stack Trace:
[xUnit.net 00:00:02.10]            at Microsoft.EntityFrameworkCore.Update.ReaderModificationCommandBatch.ExecuteAsync(IRelationalConnection connection, CancellationToken cancellationToken)
[xUnit.net 00:00:02.10]            at Microsoft.EntityFrameworkCore.Update.Internal.BatchExecutor.ExecuteAsync(IEnumerable`1 commandBatches, IRelationalConnection connection, CancellationToken cancellationToken)
[xUnit.net 00:00:02.10]            at Microsoft.EntityFrameworkCore.Update.Internal.BatchExecutor.ExecuteAsync(IEnumerable`1 commandBatches, IRelationalConnection connection, CancellationToken cancellationToken)
[xUnit.net 00:00:02.10]            at Microsoft.EntityFrameworkCore.Update.Internal.BatchExecutor.ExecuteAsync(IEnumerable`1 commandBatches, IRelationalConnection connection, CancellationToken cancellationToken)
[xUnit.net 00:00:02.10]            at Microsoft.EntityFrameworkCore.Storage.RelationalDatabase.SaveChangesAsync(IList`1 entries, CancellationToken cancellationToken)
[xUnit.net 00:00:02.10]            at Microsoft.EntityFrameworkCore.ChangeTracking.Internal.StateManager.SaveChangesAsync(IList`1 entriesToSave, CancellationToken cancellationToken)
[xUnit.net 00:00:02.10]            at Microsoft.EntityFrameworkCore.ChangeTracking.Internal.StateManager.SaveChangesAsync(StateManager stateManager, Boolean acceptAllChangesOnSuccess, CancellationToken cancellationToken)
[xUnit.net 00:00:02.10]            at Microsoft.EntityFrameworkCore.DbContext.SaveChangesAsync(Boolean acceptAllChangesOnSuccess, CancellationToken cancellationToken)
[xUnit.net 00:00:02.10]            at Microsoft.EntityFrameworkCore.DbContext.SaveChangesAsync(Boolean acceptAllChangesOnSuccess, CancellationToken cancellationToken)
[xUnit.net 00:00:02.10]         /home/chad/repos/witchcityrope-react/src/WitchCityRope.Infrastructure/Data/WitchCityRopeDbContext.cs(58,0): at WitchCityRope.Infrastructure.Data.WitchCityRopeDbContext.SaveChangesAsync(CancellationToken cancellationToken)
[xUnit.net 00:00:02.10]         /home/chad/repos/witchcityrope-react/tests/WitchCityRope.Infrastructure.Tests/Data/ComplexQueryTests.cs(63,0): at WitchCityRope.Infrastructure.Tests.Data.ComplexQueryTests.SeedDataAsync()
[xUnit.net 00:00:02.10]         /home/chad/repos/witchcityrope-react/tests/WitchCityRope.Infrastructure.Tests/Fixtures/IntegrationTestBase.cs(41,0): at WitchCityRope.Infrastructure.Tests.Fixtures.IntegrationTestBase.InitializeAsync()
[xUnit.net 00:00:02.10]         ----- Inner Stack Trace -----
[xUnit.net 00:00:02.10]            at Microsoft.Data.Sqlite.SqliteException.ThrowExceptionForRC(Int32 rc, sqlite3 db)
[xUnit.net 00:00:02.10]            at Microsoft.Data.Sqlite.SqliteDataReader.NextResult()
[xUnit.net 00:00:02.10]            at Microsoft.Data.Sqlite.SqliteCommand.ExecuteReader(CommandBehavior behavior)
[xUnit.net 00:00:02.10]            at Microsoft.Data.Sqlite.SqliteCommand.ExecuteReaderAsync(CommandBehavior behavior, CancellationToken cancellationToken)
[xUnit.net 00:00:02.10]            at Microsoft.Data.Sqlite.SqliteCommand.ExecuteDbDataReaderAsync(CommandBehavior behavior, CancellationToken cancellationToken)
[xUnit.net 00:00:02.10]            at Microsoft.EntityFrameworkCore.Storage.RelationalCommand.ExecuteReaderAsync(RelationalCommandParameterObject parameterObject, CancellationToken cancellationToken)
[xUnit.net 00:00:02.10]            at Microsoft.EntityFrameworkCore.Storage.RelationalCommand.ExecuteReaderAsync(RelationalCommandParameterObject parameterObject, CancellationToken cancellationToken)
[xUnit.net 00:00:02.10]            at Microsoft.EntityFrameworkCore.Update.ReaderModificationCommandBatch.ExecuteAsync(IRelationalConnection connection, CancellationToken cancellationToken)
[xUnit.net 00:00:02.22]       Microsoft.EntityFrameworkCore.DbUpdateException : An error occurred while saving the entity changes. See the inner exception for details.
[xUnit.net 00:00:02.22]       ---- Microsoft.Data.Sqlite.SqliteException : SQLite Error 19: 'NOT NULL constraint failed: Registrations.DietaryRestrictions'.
[xUnit.net 00:00:02.22]       Stack Trace:
[xUnit.net 00:00:02.22]            at Microsoft.EntityFrameworkCore.Update.ReaderModificationCommandBatch.ExecuteAsync(IRelationalConnection connection, CancellationToken cancellationToken)
[xUnit.net 00:00:02.22]            at Microsoft.EntityFrameworkCore.Update.Internal.BatchExecutor.ExecuteAsync(IEnumerable`1 commandBatches, IRelationalConnection connection, CancellationToken cancellationToken)
[xUnit.net 00:00:02.22]            at Microsoft.EntityFrameworkCore.Update.Internal.BatchExecutor.ExecuteAsync(IEnumerable`1 commandBatches, IRelationalConnection connection, CancellationToken cancellationToken)
[xUnit.net 00:00:02.22]            at Microsoft.EntityFrameworkCore.Update.Internal.BatchExecutor.ExecuteAsync(IEnumerable`1 commandBatches, IRelationalConnection connection, CancellationToken cancellationToken)
[xUnit.net 00:00:02.22]            at Microsoft.EntityFrameworkCore.Storage.RelationalDatabase.SaveChangesAsync(IList`1 entries, CancellationToken cancellationToken)
[xUnit.net 00:00:02.22]            at Microsoft.EntityFrameworkCore.ChangeTracking.Internal.StateManager.SaveChangesAsync(IList`1 entriesToSave, CancellationToken cancellationToken)
[xUnit.net 00:00:02.22]            at Microsoft.EntityFrameworkCore.ChangeTracking.Internal.StateManager.SaveChangesAsync(StateManager stateManager, Boolean acceptAllChangesOnSuccess, CancellationToken cancellationToken)
[xUnit.net 00:00:02.22]            at Microsoft.EntityFrameworkCore.DbContext.SaveChangesAsync(Boolean acceptAllChangesOnSuccess, CancellationToken cancellationToken)
[xUnit.net 00:00:02.22]            at Microsoft.EntityFrameworkCore.DbContext.SaveChangesAsync(Boolean acceptAllChangesOnSuccess, CancellationToken cancellationToken)
[xUnit.net 00:00:02.22]         /home/chad/repos/witchcityrope-react/src/WitchCityRope.Infrastructure/Data/WitchCityRopeDbContext.cs(58,0): at WitchCityRope.Infrastructure.Data.WitchCityRopeDbContext.SaveChangesAsync(CancellationToken cancellationToken)
[xUnit.net 00:00:02.22]         /home/chad/repos/witchcityrope-react/tests/WitchCityRope.Infrastructure.Tests/Data/ComplexQueryTests.cs(63,0): at WitchCityRope.Infrastructure.Tests.Data.ComplexQueryTests.SeedDataAsync()
[xUnit.net 00:00:02.22]         /home/chad/repos/witchcityrope-react/tests/WitchCityRope.Infrastructure.Tests/Fixtures/IntegrationTestBase.cs(41,0): at WitchCityRope.Infrastructure.Tests.Fixtures.IntegrationTestBase.InitializeAsync()
[xUnit.net 00:00:02.22]         ----- Inner Stack Trace -----
[xUnit.net 00:00:02.22]            at Microsoft.Data.Sqlite.SqliteException.ThrowExceptionForRC(Int32 rc, sqlite3 db)
[xUnit.net 00:00:02.22]            at Microsoft.Data.Sqlite.SqliteDataReader.NextResult()
[xUnit.net 00:00:02.22]            at Microsoft.Data.Sqlite.SqliteCommand.ExecuteReader(CommandBehavior behavior)
[xUnit.net 00:00:02.22]            at Microsoft.Data.Sqlite.SqliteCommand.ExecuteReaderAsync(CommandBehavior behavior, CancellationToken cancellationToken)
[xUnit.net 00:00:02.22]            at Microsoft.Data.Sqlite.SqliteCommand.ExecuteDbDataReaderAsync(CommandBehavior behavior, CancellationToken cancellationToken)
[xUnit.net 00:00:02.22]            at Microsoft.EntityFrameworkCore.Storage.RelationalCommand.ExecuteReaderAsync(RelationalCommandParameterObject parameterObject, CancellationToken cancellationToken)
[xUnit.net 00:00:02.22]            at Microsoft.EntityFrameworkCore.Storage.RelationalCommand.ExecuteReaderAsync(RelationalCommandParameterObject parameterObject, CancellationToken cancellationToken)
[xUnit.net 00:00:02.22]            at Microsoft.EntityFrameworkCore.Update.ReaderModificationCommandBatch.ExecuteAsync(IRelationalConnection connection, CancellationToken cancellationToken)
[xUnit.net 00:00:02.55]       System.InvalidOperationException : An error was generated for warning 'Microsoft.EntityFrameworkCore.Migrations.PendingModelChangesWarning': The model for context 'WitchCityRopeDbContext' has pending changes. Add a new migration before updating the database. See https://aka.ms/efcore-docs-pending-changes. This exception can be suppressed or logged by passing event ID 'RelationalEventId.PendingModelChangesWarning' to the 'ConfigureWarnings' method in 'DbContext.OnConfiguring' or 'AddDbContext'.
[xUnit.net 00:00:02.55]       Stack Trace:
[xUnit.net 00:00:02.55]            at Microsoft.EntityFrameworkCore.Diagnostics.EventDefinition`1.Log[TLoggerCategory](IDiagnosticsLogger`1 logger, TParam arg)
[xUnit.net 00:00:02.55]            at Microsoft.EntityFrameworkCore.Diagnostics.RelationalLoggerExtensions.PendingModelChangesWarning(IDiagnosticsLogger`1 diagnostics, Type contextType)
[xUnit.net 00:00:02.55]            at Microsoft.EntityFrameworkCore.Migrations.Internal.Migrator.ValidateMigrations(Boolean useTransaction, String targetMigration)
[xUnit.net 00:00:02.55]            at Microsoft.EntityFrameworkCore.Migrations.Internal.Migrator.MigrateAsync(String targetMigration, CancellationToken cancellationToken)
[xUnit.net 00:00:02.55]            at Npgsql.EntityFrameworkCore.PostgreSQL.Migrations.Internal.NpgsqlMigrator.MigrateAsync(String targetMigration, CancellationToken cancellationToken)
[xUnit.net 00:00:02.55]         /home/chad/repos/witchcityrope-react/tests/WitchCityRope.Infrastructure.Tests/Data/MigrationTests.cs(110,0): at WitchCityRope.Infrastructure.Tests.Data.MigrationTests.Should_Create_Correct_Foreign_Keys()
[xUnit.net 00:00:02.55]         --- End of stack trace from previous location ---
[xUnit.net 00:00:02.73]       System.InvalidOperationException : An error was generated for warning 'Microsoft.EntityFrameworkCore.Migrations.PendingModelChangesWarning': The model for context 'WitchCityRopeDbContext' has pending changes. Add a new migration before updating the database. See https://aka.ms/efcore-docs-pending-changes. This exception can be suppressed or logged by passing event ID 'RelationalEventId.PendingModelChangesWarning' to the 'ConfigureWarnings' method in 'DbContext.OnConfiguring' or 'AddDbContext'.
[xUnit.net 00:00:02.73]       Stack Trace:
[xUnit.net 00:00:02.73]            at Microsoft.EntityFrameworkCore.Diagnostics.EventDefinition`1.Log[TLoggerCategory](IDiagnosticsLogger`1 logger, TParam arg)
[xUnit.net 00:00:02.73]            at Microsoft.EntityFrameworkCore.Diagnostics.RelationalLoggerExtensions.PendingModelChangesWarning(IDiagnosticsLogger`1 diagnostics, Type contextType)
[xUnit.net 00:00:02.73]            at Microsoft.EntityFrameworkCore.Migrations.Internal.Migrator.ValidateMigrations(Boolean useTransaction, String targetMigration)
[xUnit.net 00:00:02.73]            at Microsoft.EntityFrameworkCore.Migrations.Internal.Migrator.MigrateAsync(String targetMigration, CancellationToken cancellationToken)
[xUnit.net 00:00:02.73]            at Npgsql.EntityFrameworkCore.PostgreSQL.Migrations.Internal.NpgsqlMigrator.MigrateAsync(String targetMigration, CancellationToken cancellationToken)
[xUnit.net 00:00:02.73]         /home/chad/repos/witchcityrope-react/tests/WitchCityRope.Infrastructure.Tests/Data/MigrationTests.cs(31,0): at WitchCityRope.Infrastructure.Tests.Data.MigrationTests.Should_Apply_All_Migrations_Successfully()
[xUnit.net 00:00:02.73]         --- End of stack trace from previous location ---
[xUnit.net 00:00:02.93]       System.InvalidOperationException : An error was generated for warning 'Microsoft.EntityFrameworkCore.Migrations.PendingModelChangesWarning': The model for context 'WitchCityRopeDbContext' has pending changes. Add a new migration before updating the database. See https://aka.ms/efcore-docs-pending-changes. This exception can be suppressed or logged by passing event ID 'RelationalEventId.PendingModelChangesWarning' to the 'ConfigureWarnings' method in 'DbContext.OnConfiguring' or 'AddDbContext'.
[xUnit.net 00:00:02.93]       Stack Trace:
[xUnit.net 00:00:02.93]            at Microsoft.EntityFrameworkCore.Diagnostics.EventDefinition`1.Log[TLoggerCategory](IDiagnosticsLogger`1 logger, TParam arg)
[xUnit.net 00:00:02.93]            at Microsoft.EntityFrameworkCore.Diagnostics.RelationalLoggerExtensions.PendingModelChangesWarning(IDiagnosticsLogger`1 diagnostics, Type contextType)
[xUnit.net 00:00:02.93]            at Microsoft.EntityFrameworkCore.Migrations.Internal.Migrator.ValidateMigrations(Boolean useTransaction, String targetMigration)
[xUnit.net 00:00:02.93]            at Microsoft.EntityFrameworkCore.Migrations.Internal.Migrator.MigrateAsync(String targetMigration, CancellationToken cancellationToken)
[xUnit.net 00:00:02.93]            at Npgsql.EntityFrameworkCore.PostgreSQL.Migrations.Internal.NpgsqlMigrator.MigrateAsync(String targetMigration, CancellationToken cancellationToken)
[xUnit.net 00:00:02.93]         /home/chad/repos/witchcityrope-react/tests/WitchCityRope.Infrastructure.Tests/Data/MigrationTests.cs(160,0): at WitchCityRope.Infrastructure.Tests.Data.MigrationTests.Should_Handle_Migration_Rollback()
[xUnit.net 00:00:02.93]         --- End of stack trace from previous location ---
[xUnit.net 00:00:03.17]       System.InvalidOperationException : An error was generated for warning 'Microsoft.EntityFrameworkCore.Migrations.PendingModelChangesWarning': The model for context 'WitchCityRopeDbContext' has pending changes. Add a new migration before updating the database. See https://aka.ms/efcore-docs-pending-changes. This exception can be suppressed or logged by passing event ID 'RelationalEventId.PendingModelChangesWarning' to the 'ConfigureWarnings' method in 'DbContext.OnConfiguring' or 'AddDbContext'.
[xUnit.net 00:00:03.17]       Stack Trace:
[xUnit.net 00:00:03.17]            at Microsoft.EntityFrameworkCore.Diagnostics.EventDefinition`1.Log[TLoggerCategory](IDiagnosticsLogger`1 logger, TParam arg)
[xUnit.net 00:00:03.17]            at Microsoft.EntityFrameworkCore.Diagnostics.RelationalLoggerExtensions.PendingModelChangesWarning(IDiagnosticsLogger`1 diagnostics, Type contextType)
[xUnit.net 00:00:03.17]            at Microsoft.EntityFrameworkCore.Migrations.Internal.Migrator.ValidateMigrations(Boolean useTransaction, String targetMigration)
[xUnit.net 00:00:03.17]            at Microsoft.EntityFrameworkCore.Migrations.Internal.Migrator.MigrateAsync(String targetMigration, CancellationToken cancellationToken)
[xUnit.net 00:00:03.17]            at Npgsql.EntityFrameworkCore.PostgreSQL.Migrations.Internal.NpgsqlMigrator.MigrateAsync(String targetMigration, CancellationToken cancellationToken)
[xUnit.net 00:00:03.17]         /home/chad/repos/witchcityrope-react/tests/WitchCityRope.Infrastructure.Tests/Data/MigrationTests.cs(65,0): at WitchCityRope.Infrastructure.Tests.Data.MigrationTests.Should_Have_Correct_Schema_After_Migration()
[xUnit.net 00:00:03.17]         --- End of stack trace from previous location ---
[xUnit.net 00:00:03.36]       System.InvalidOperationException : An error was generated for warning 'Microsoft.EntityFrameworkCore.Migrations.PendingModelChangesWarning': The model for context 'WitchCityRopeDbContext' has pending changes. Add a new migration before updating the database. See https://aka.ms/efcore-docs-pending-changes. This exception can be suppressed or logged by passing event ID 'RelationalEventId.PendingModelChangesWarning' to the 'ConfigureWarnings' method in 'DbContext.OnConfiguring' or 'AddDbContext'.
[xUnit.net 00:00:03.36]       Stack Trace:
[xUnit.net 00:00:03.36]            at Microsoft.EntityFrameworkCore.Diagnostics.EventDefinition`1.Log[TLoggerCategory](IDiagnosticsLogger`1 logger, TParam arg)
[xUnit.net 00:00:03.36]            at Microsoft.EntityFrameworkCore.Diagnostics.RelationalLoggerExtensions.PendingModelChangesWarning(IDiagnosticsLogger`1 diagnostics, Type contextType)
[xUnit.net 00:00:03.36]            at Microsoft.EntityFrameworkCore.Migrations.Internal.Migrator.ValidateMigrations(Boolean useTransaction, String targetMigration)
[xUnit.net 00:00:03.36]            at Microsoft.EntityFrameworkCore.Migrations.Internal.Migrator.MigrateAsync(String targetMigration, CancellationToken cancellationToken)
[xUnit.net 00:00:03.36]            at Npgsql.EntityFrameworkCore.PostgreSQL.Migrations.Internal.NpgsqlMigrator.MigrateAsync(String targetMigration, CancellationToken cancellationToken)
[xUnit.net 00:00:03.36]         /home/chad/repos/witchcityrope-react/tests/WitchCityRope.Infrastructure.Tests/Data/MigrationTests.cs(45,0): at WitchCityRope.Infrastructure.Tests.Data.MigrationTests.Should_Create_All_Expected_Tables()
[xUnit.net 00:00:03.36]         --- End of stack trace from previous location ---
[xUnit.net 00:00:03.53]       System.InvalidOperationException : An error was generated for warning 'Microsoft.EntityFrameworkCore.Migrations.PendingModelChangesWarning': The model for context 'WitchCityRopeDbContext' has pending changes. Add a new migration before updating the database. See https://aka.ms/efcore-docs-pending-changes. This exception can be suppressed or logged by passing event ID 'RelationalEventId.PendingModelChangesWarning' to the 'ConfigureWarnings' method in 'DbContext.OnConfiguring' or 'AddDbContext'.
[xUnit.net 00:00:03.53]       Stack Trace:
[xUnit.net 00:00:03.53]            at Microsoft.EntityFrameworkCore.Diagnostics.EventDefinition`1.Log[TLoggerCategory](IDiagnosticsLogger`1 logger, TParam arg)
[xUnit.net 00:00:03.53]            at Microsoft.EntityFrameworkCore.Diagnostics.RelationalLoggerExtensions.PendingModelChangesWarning(IDiagnosticsLogger`1 diagnostics, Type contextType)
[xUnit.net 00:00:03.53]            at Microsoft.EntityFrameworkCore.Migrations.Internal.Migrator.ValidateMigrations(Boolean useTransaction, String targetMigration)
[xUnit.net 00:00:03.53]            at Microsoft.EntityFrameworkCore.Migrations.Internal.Migrator.MigrateAsync(String targetMigration, CancellationToken cancellationToken)
[xUnit.net 00:00:03.53]            at Npgsql.EntityFrameworkCore.PostgreSQL.Migrations.Internal.NpgsqlMigrator.MigrateAsync(String targetMigration, CancellationToken cancellationToken)
[xUnit.net 00:00:03.53]         /home/chad/repos/witchcityrope-react/tests/WitchCityRope.Infrastructure.Tests/Data/MigrationTests.cs(95,0): at WitchCityRope.Infrastructure.Tests.Data.MigrationTests.Should_Create_Correct_Indexes()
[xUnit.net 00:00:03.53]         --- End of stack trace from previous location ---
[xUnit.net 00:00:03.56]       Expected pendingModelChanges to be False because The model should match the database schema, but found True.
[xUnit.net 00:00:03.56]       Stack Trace:
[xUnit.net 00:00:03.56]            at FluentAssertions.Execution.LateBoundTestFramework.Throw(String message)
[xUnit.net 00:00:03.56]            at FluentAssertions.Execution.DefaultAssertionStrategy.HandleFailure(String message)
[xUnit.net 00:00:03.57]            at FluentAssertions.Execution.AssertionScope.AddPreFormattedFailure(String formattedFailureMessage)
[xUnit.net 00:00:03.57]            at FluentAssertions.Execution.AssertionChain.FailWith(Func`1 getFailureReason)
[xUnit.net 00:00:03.57]            at FluentAssertions.Execution.AssertionChain.FailWith(Func`1 getFailureReason)
[xUnit.net 00:00:03.57]            at FluentAssertions.Execution.AssertionChain.FailWith(String message, Object[] args)
[xUnit.net 00:00:03.57]            at FluentAssertions.Primitives.BooleanAssertions`1.BeFalse(String because, Object[] becauseArgs)
[xUnit.net 00:00:03.57]         /home/chad/repos/witchcityrope-react/tests/WitchCityRope.Infrastructure.Tests/Data/MigrationTests.cs(138,0): at WitchCityRope.Infrastructure.Tests.Data.MigrationTests.Model_Should_Match_Database_Schema()
[xUnit.net 00:00:03.57]            at System.RuntimeMethodHandle.InvokeMethod(Object target, Void** arguments, Signature sig, Boolean isConstructor)
[xUnit.net 00:00:03.57]            at System.Reflection.MethodBaseInvoker.InvokeWithNoArgs(Object obj, BindingFlags invokeAttr)
[testcontainers.org 00:00:03.38] Delete Docker container 93fe793ee5c1
[xUnit.net 00:00:04.12]   Finished:    WitchCityRope.Infrastructure.Tests
</StdOut>
    </Output>
    <RunInfos>
      <RunInfo computerName="Unbutu-Ai-Chads-PC" outcome="Error" timestamp="2025-09-12T14:37:36.4032960-04:00">
        <Text>[xUnit.net 00:00:00.14]     WitchCityRope.Infrastructure.Tests.Security.JwtTokenServiceTests.Token_Should_Work_With_Default_Configuration [FAIL]</Text>
      </RunInfo>
      <RunInfo computerName="Unbutu-Ai-Chads-PC" outcome="Error" timestamp="2025-09-12T14:37:36.4141998-04:00">
        <Text>[xUnit.net 00:00:00.15]     WitchCityRope.Infrastructure.Tests.Security.JwtTokenServiceTests.ValidateToken_Should_Return_ClaimsPrincipal_For_Valid_Token [FAIL]</Text>
      </RunInfo>
      <RunInfo computerName="Unbutu-Ai-Chads-PC" outcome="Error" timestamp="2025-09-12T14:37:36.4757264-04:00">
        <Text>[xUnit.net 00:00:00.18]     WitchCityRope.Infrastructure.Tests.Security.JwtTokenServiceTests.ValidateToken_Should_Return_Null_For_Expired_Token [FAIL]</Text>
      </RunInfo>
      <RunInfo computerName="Unbutu-Ai-Chads-PC" outcome="Error" timestamp="2025-09-12T14:37:36.4757912-04:00">
        <Text>[xUnit.net 00:00:00.18]     WitchCityRope.Infrastructure.Tests.Security.JwtTokenServiceTests.Constructor_Should_Throw_When_Configuration_Is_Null [FAIL]</Text>
      </RunInfo>
      <RunInfo computerName="Unbutu-Ai-Chads-PC" outcome="Error" timestamp="2025-09-12T14:37:36.4758349-04:00">
        <Text>[xUnit.net 00:00:00.18]     WitchCityRope.Infrastructure.Tests.Security.JwtTokenServiceTests.GenerateRefreshToken_Should_Create_Valid_Base64_String [FAIL]</Text>
      </RunInfo>
      <RunInfo computerName="Unbutu-Ai-Chads-PC" outcome="Error" timestamp="2025-09-12T14:37:36.4758873-04:00">
        <Text>[xUnit.net 00:00:00.18]     WitchCityRope.Infrastructure.Tests.Security.JwtTokenServiceTests.ValidateToken_Should_Throw_For_Null_Token [FAIL]</Text>
      </RunInfo>
      <RunInfo computerName="Unbutu-Ai-Chads-PC" outcome="Error" timestamp="2025-09-12T14:37:36.4759314-04:00">
        <Text>[xUnit.net 00:00:00.18]     WitchCityRope.Infrastructure.Tests.Security.JwtTokenServiceTests.GenerateRefreshToken_Should_Create_Unique_Tokens [FAIL]</Text>
      </RunInfo>
      <RunInfo computerName="Unbutu-Ai-Chads-PC" outcome="Error" timestamp="2025-09-12T14:37:36.4759753-04:00">
        <Text>[xUnit.net 00:00:00.19]     WitchCityRope.Infrastructure.Tests.Security.JwtTokenServiceTests.GenerateToken_Should_Create_Valid_JWT_Token [FAIL]</Text>
      </RunInfo>
      <RunInfo computerName="Unbutu-Ai-Chads-PC" outcome="Error" timestamp="2025-09-12T14:37:36.4760058-04:00">
        <Text>[xUnit.net 00:00:00.19]     WitchCityRope.Infrastructure.Tests.Security.JwtTokenServiceTests.GenerateToken_Should_Throw_For_Null_User [FAIL]</Text>
      </RunInfo>
      <RunInfo computerName="Unbutu-Ai-Chads-PC" outcome="Error" timestamp="2025-09-12T14:37:36.4760410-04:00">
        <Text>[xUnit.net 00:00:00.19]     WitchCityRope.Infrastructure.Tests.Security.JwtTokenServiceTests.GetUserIdFromToken_Should_Return_UserId_For_Valid_Token [FAIL]</Text>
      </RunInfo>
      <RunInfo computerName="Unbutu-Ai-Chads-PC" outcome="Error" timestamp="2025-09-12T14:37:36.4760705-04:00">
        <Text>[xUnit.net 00:00:00.19]     WitchCityRope.Infrastructure.Tests.Security.JwtTokenServiceTests.Constructor_Should_Throw_When_SecretKey_Is_Missing [FAIL]</Text>
      </RunInfo>
      <RunInfo computerName="Unbutu-Ai-Chads-PC" outcome="Error" timestamp="2025-09-12T14:37:36.4779475-04:00">
        <Text>[xUnit.net 00:00:00.19]     WitchCityRope.Infrastructure.Tests.Security.JwtTokenServiceTests.GetUserIdFromToken_Should_Return_Null_For_Invalid_Token [FAIL]</Text>
      </RunInfo>
      <RunInfo computerName="Unbutu-Ai-Chads-PC" outcome="Error" timestamp="2025-09-12T14:37:36.4780270-04:00">
        <Text>[xUnit.net 00:00:00.19]     WitchCityRope.Infrastructure.Tests.Security.JwtTokenServiceTests.ValidateToken_Should_Return_Null_For_Invalid_Token [FAIL]</Text>
      </RunInfo>
      <RunInfo computerName="Unbutu-Ai-Chads-PC" outcome="Error" timestamp="2025-09-12T14:37:36.4780943-04:00">
        <Text>[xUnit.net 00:00:00.19]     WitchCityRope.Infrastructure.Tests.Security.JwtTokenServiceTests.GenerateToken_Should_Include_All_Required_Claims [FAIL]</Text>
      </RunInfo>
      <RunInfo computerName="Unbutu-Ai-Chads-PC" outcome="Error" timestamp="2025-09-12T14:37:36.4781790-04:00">
        <Text>[xUnit.net 00:00:00.19]     WitchCityRope.Infrastructure.Tests.Security.JwtTokenServiceTests.ValidateToken_Should_Return_Null_For_Wrong_Audience [FAIL]</Text>
      </RunInfo>
      <RunInfo computerName="Unbutu-Ai-Chads-PC" outcome="Error" timestamp="2025-09-12T14:37:36.4782438-04:00">
        <Text>[xUnit.net 00:00:00.19]     WitchCityRope.Infrastructure.Tests.Security.JwtTokenServiceTests.ValidateToken_Should_Return_Null_For_Wrong_Issuer [FAIL]</Text>
      </RunInfo>
      <RunInfo computerName="Unbutu-Ai-Chads-PC" outcome="Error" timestamp="2025-09-12T14:37:36.4783352-04:00">
        <Text>[xUnit.net 00:00:00.19]     WitchCityRope.Infrastructure.Tests.Security.JwtTokenServiceTests.GenerateToken_Should_Set_Correct_Issuer_And_Audience [FAIL]</Text>
      </RunInfo>
      <RunInfo computerName="Unbutu-Ai-Chads-PC" outcome="Error" timestamp="2025-09-12T14:37:36.4784050-04:00">
        <Text>[xUnit.net 00:00:00.19]     WitchCityRope.Infrastructure.Tests.Security.JwtTokenServiceTests.ValidateToken_Should_Return_Null_For_Wrong_Secret [FAIL]</Text>
      </RunInfo>
      <RunInfo computerName="Unbutu-Ai-Chads-PC" outcome="Error" timestamp="2025-09-12T14:37:36.4785168-04:00">
        <Text>[xUnit.net 00:00:00.19]     WitchCityRope.Infrastructure.Tests.Security.JwtTokenServiceTests.GenerateToken_Should_Set_Correct_Expiration [FAIL]</Text>
      </RunInfo>
      <RunInfo computerName="Unbutu-Ai-Chads-PC" outcome="Error" timestamp="2025-09-12T14:37:36.4860295-04:00">
        <Text>[xUnit.net 00:00:00.23]     WitchCityRope.Infrastructure.Tests.Email.EmailServiceTests.SendBulkEmailAsync_Should_Send_To_Multiple_Recipients [FAIL]</Text>
      </RunInfo>
      <RunInfo computerName="Unbutu-Ai-Chads-PC" outcome="Error" timestamp="2025-09-12T14:37:36.5334671-04:00">
        <Text>[xUnit.net 00:00:00.27]     WitchCityRope.Infrastructure.Tests.Email.EmailServiceTests.SendCancellationConfirmationAsync_Should_Include_Refund_When_Provided [FAIL]</Text>
      </RunInfo>
      <RunInfo computerName="Unbutu-Ai-Chads-PC" outcome="Error" timestamp="2025-09-12T14:37:36.5353097-04:00">
        <Text>[xUnit.net 00:00:00.28]     WitchCityRope.Infrastructure.Tests.Email.EmailServiceTests.SendEmailAsync_Should_Send_PlainText_Email_When_IsHtml_Is_False [FAIL]</Text>
      </RunInfo>
      <RunInfo computerName="Unbutu-Ai-Chads-PC" outcome="Error" timestamp="2025-09-12T14:37:36.5362727-04:00">
        <Text>[xUnit.net 00:00:00.28]     WitchCityRope.Infrastructure.Tests.PayPal.PayPalServiceTests.ProcessRefundAsync_Should_Handle_Exceptions [FAIL]</Text>
      </RunInfo>
      <RunInfo computerName="Unbutu-Ai-Chads-PC" outcome="Error" timestamp="2025-09-12T14:37:36.5406862-04:00">
        <Text>[xUnit.net 00:00:00.28]     WitchCityRope.Infrastructure.Tests.Email.EmailServiceTests.SendEmailAsync_Should_Send_Email_Successfully [FAIL]</Text>
      </RunInfo>
      <RunInfo computerName="Unbutu-Ai-Chads-PC" outcome="Error" timestamp="2025-09-12T14:37:36.5407922-04:00">
        <Text>[xUnit.net 00:00:00.28]     WitchCityRope.Infrastructure.Tests.PayPal.PayPalServiceTests.GetPaymentStatusAsync_Should_Return_Failed_On_Exception [FAIL]</Text>
      </RunInfo>
      <RunInfo computerName="Unbutu-Ai-Chads-PC" outcome="Error" timestamp="2025-09-12T14:37:36.5411520-04:00">
        <Text>[xUnit.net 00:00:00.28]     WitchCityRope.Infrastructure.Tests.Email.EmailServiceTests.SendVettingStatusUpdateAsync_Should_Include_Notes_When_Provided [FAIL]</Text>
      </RunInfo>
      <RunInfo computerName="Unbutu-Ai-Chads-PC" outcome="Error" timestamp="2025-09-12T14:37:36.5423572-04:00">
        <Text>[xUnit.net 00:00:00.28]     WitchCityRope.Infrastructure.Tests.Email.EmailServiceTests.SendTemplateEmailAsync_Should_Send_With_Template_Id [FAIL]</Text>
      </RunInfo>
      <RunInfo computerName="Unbutu-Ai-Chads-PC" outcome="Error" timestamp="2025-09-12T14:37:36.5435925-04:00">
        <Text>[xUnit.net 00:00:00.28]     WitchCityRope.Infrastructure.Tests.Email.EmailServiceTests.Constructor_Should_Throw_When_SendGridClient_Is_Null [FAIL]</Text>
      </RunInfo>
      <RunInfo computerName="Unbutu-Ai-Chads-PC" outcome="Error" timestamp="2025-09-12T14:37:36.5472398-04:00">
        <Text>[xUnit.net 00:00:00.29]     WitchCityRope.Infrastructure.Tests.Email.EmailServiceTests.SendTemplateEmailAsync_Should_Throw_For_Unknown_Template [FAIL]</Text>
      </RunInfo>
      <RunInfo computerName="Unbutu-Ai-Chads-PC" outcome="Error" timestamp="2025-09-12T14:37:36.5538979-04:00">
        <Text>[xUnit.net 00:00:00.29]     WitchCityRope.Infrastructure.Tests.Email.EmailServiceTests.SendRegistrationConfirmationAsync_Should_Use_Correct_Template [FAIL]</Text>
      </RunInfo>
      <RunInfo computerName="Unbutu-Ai-Chads-PC" outcome="Error" timestamp="2025-09-12T14:37:36.5795215-04:00">
        <Text>[xUnit.net 00:00:00.32]     WitchCityRope.Infrastructure.Tests.PayPal.PayPalServiceTests.ProcessPaymentAsync_Should_Handle_Exceptions [FAIL]</Text>
      </RunInfo>
      <RunInfo computerName="Unbutu-Ai-Chads-PC" outcome="Error" timestamp="2025-09-12T14:37:37.5379566-04:00">
        <Text>[xUnit.net 00:00:01.28]     WitchCityRope.Infrastructure.Tests.Data.ConcurrencyTests.Should_Handle_Deadlock_Scenario [FAIL]</Text>
      </RunInfo>
      <RunInfo computerName="Unbutu-Ai-Chads-PC" outcome="Error" timestamp="2025-09-12T14:37:37.5400988-04:00">
        <Text>[xUnit.net 00:00:01.28]     WitchCityRope.Infrastructure.Tests.Data.ComplexQueryTests.Should_Query_User_Registration_History [FAIL]</Text>
      </RunInfo>
      <RunInfo computerName="Unbutu-Ai-Chads-PC" outcome="Error" timestamp="2025-09-12T14:37:37.6304222-04:00">
        <Text>[xUnit.net 00:00:01.37]     WitchCityRope.Infrastructure.Tests.Data.ConcurrencyTests.Should_Handle_Concurrent_Updates_With_Retry_Logic [FAIL]</Text>
      </RunInfo>
      <RunInfo computerName="Unbutu-Ai-Chads-PC" outcome="Error" timestamp="2025-09-12T14:37:37.6377525-04:00">
        <Text>[xUnit.net 00:00:01.38]     WitchCityRope.Infrastructure.Tests.Data.EntityConfigurationTests.User_Configuration_Should_Store_Value_Objects_Correctly [FAIL]</Text>
      </RunInfo>
      <RunInfo computerName="Unbutu-Ai-Chads-PC" outcome="Error" timestamp="2025-09-12T14:37:37.6386276-04:00">
        <Text>[xUnit.net 00:00:01.38]     WitchCityRope.Infrastructure.Tests.Data.WitchCityRopeDbContextTests.Should_Save_And_Retrieve_User [FAIL]</Text>
      </RunInfo>
      <RunInfo computerName="Unbutu-Ai-Chads-PC" outcome="Error" timestamp="2025-09-12T14:37:37.6735248-04:00">
        <Text>[xUnit.net 00:00:01.41]     WitchCityRope.Infrastructure.Tests.Data.ComplexQueryTests.Should_Use_Compiled_Query_For_Performance [FAIL]</Text>
      </RunInfo>
      <RunInfo computerName="Unbutu-Ai-Chads-PC" outcome="Error" timestamp="2025-09-12T14:37:37.6859175-04:00">
        <Text>[xUnit.net 00:00:01.43]     WitchCityRope.Infrastructure.Tests.Data.ConcurrencyTests.Should_Handle_Concurrent_Payment_Processing [FAIL]</Text>
      </RunInfo>
      <RunInfo computerName="Unbutu-Ai-Chads-PC" outcome="Error" timestamp="2025-09-12T14:37:37.7374243-04:00">
        <Text>[xUnit.net 00:00:01.48]     WitchCityRope.Infrastructure.Tests.Data.EntityConfigurationTests.IncidentReport_Should_Support_Anonymous_Reports [FAIL]</Text>
      </RunInfo>
      <RunInfo computerName="Unbutu-Ai-Chads-PC" outcome="Error" timestamp="2025-09-12T14:37:37.8008894-04:00">
        <Text>[xUnit.net 00:00:01.54]     WitchCityRope.Infrastructure.Tests.Data.EntityConfigurationTests.Event_Registration_Relationship_Should_Be_Configured_Correctly [FAIL]</Text>
      </RunInfo>
      <RunInfo computerName="Unbutu-Ai-Chads-PC" outcome="Error" timestamp="2025-09-12T14:37:37.8056790-04:00">
        <Text>[xUnit.net 00:00:01.55]     WitchCityRope.Infrastructure.Tests.Data.WitchCityRopeDbContextTests.Should_Track_Entity_Changes [FAIL]</Text>
      </RunInfo>
      <RunInfo computerName="Unbutu-Ai-Chads-PC" outcome="Error" timestamp="2025-09-12T14:37:37.8142162-04:00">
        <Text>[xUnit.net 00:00:01.55]     WitchCityRope.Infrastructure.Tests.Data.ComplexQueryTests.Should_Query_Event_Statistics [FAIL]</Text>
      </RunInfo>
      <RunInfo computerName="Unbutu-Ai-Chads-PC" outcome="Error" timestamp="2025-09-12T14:37:37.8529629-04:00">
        <Text>[xUnit.net 00:00:01.59]     WitchCityRope.Infrastructure.Tests.Data.EntityConfigurationTests.Should_Handle_Cascade_Delete_For_Event_Registrations [FAIL]</Text>
      </RunInfo>
      <RunInfo computerName="Unbutu-Ai-Chads-PC" outcome="Error" timestamp="2025-09-12T14:37:37.9303882-04:00">
        <Text>[xUnit.net 00:00:01.67]     WitchCityRope.Infrastructure.Tests.Data.EntityConfigurationTests.Money_ValueObject_Should_Be_Stored_Correctly [FAIL]</Text>
      </RunInfo>
      <RunInfo computerName="Unbutu-Ai-Chads-PC" outcome="Error" timestamp="2025-09-12T14:37:37.9511655-04:00">
        <Text>[xUnit.net 00:00:01.69]     WitchCityRope.Infrastructure.Tests.Data.ComplexQueryTests.Should_Execute_Complex_Join_Query [FAIL]</Text>
      </RunInfo>
      <RunInfo computerName="Unbutu-Ai-Chads-PC" outcome="Error" timestamp="2025-09-12T14:37:37.9701928-04:00">
        <Text>[xUnit.net 00:00:01.71]     WitchCityRope.Infrastructure.Tests.Data.ConcurrencyTests.Should_Handle_Concurrent_Vetting_Application_Reviews [FAIL]</Text>
      </RunInfo>
      <RunInfo computerName="Unbutu-Ai-Chads-PC" outcome="Error" timestamp="2025-09-12T14:37:37.9736665-04:00">
        <Text>[xUnit.net 00:00:01.71]     WitchCityRope.Infrastructure.Tests.Data.EntityConfigurationTests.VettingApplication_User_Relationship_Should_Be_Configured_Correctly [FAIL]</Text>
      </RunInfo>
      <RunInfo computerName="Unbutu-Ai-Chads-PC" outcome="Error" timestamp="2025-09-12T14:37:38.0159693-04:00">
        <Text>[xUnit.net 00:00:01.76]     WitchCityRope.Infrastructure.Tests.Data.ConcurrencyTests.Should_Handle_Optimistic_Concurrency_With_RowVersion [FAIL]</Text>
      </RunInfo>
      <RunInfo computerName="Unbutu-Ai-Chads-PC" outcome="Error" timestamp="2025-09-12T14:37:38.0246398-04:00">
        <Text>[xUnit.net 00:00:01.76]     WitchCityRope.Infrastructure.Tests.Data.EntityConfigurationTests.User_Configuration_Should_Enforce_Unique_Email [FAIL]</Text>
      </RunInfo>
      <RunInfo computerName="Unbutu-Ai-Chads-PC" outcome="Error" timestamp="2025-09-12T14:37:38.0920239-04:00">
        <Text>[xUnit.net 00:00:01.83]     WitchCityRope.Infrastructure.Tests.Data.WitchCityRopeDbContextTests.Should_Apply_Global_Query_Filters_If_Configured [FAIL]</Text>
      </RunInfo>
      <RunInfo computerName="Unbutu-Ai-Chads-PC" outcome="Error" timestamp="2025-09-12T14:37:38.0943680-04:00">
        <Text>[xUnit.net 00:00:01.83]     WitchCityRope.Infrastructure.Tests.Data.ComplexQueryTests.Should_Query_Upcoming_Events_With_Available_Spots [FAIL]</Text>
      </RunInfo>
      <RunInfo computerName="Unbutu-Ai-Chads-PC" outcome="Error" timestamp="2025-09-12T14:37:38.0956810-04:00">
        <Text>[xUnit.net 00:00:01.84]     WitchCityRope.Infrastructure.Tests.Data.EntityConfigurationTests.Payment_Registration_Relationship_Should_Be_Configured_Correctly [FAIL]</Text>
      </RunInfo>
      <RunInfo computerName="Unbutu-Ai-Chads-PC" outcome="Error" timestamp="2025-09-12T14:37:38.1032931-04:00">
        <Text>[xUnit.net 00:00:01.84]     WitchCityRope.Infrastructure.Tests.Data.ConcurrencyTests.Should_Handle_Concurrent_Event_Registration [FAIL]</Text>
      </RunInfo>
      <RunInfo computerName="Unbutu-Ai-Chads-PC" outcome="Error" timestamp="2025-09-12T14:37:38.1881695-04:00">
        <Text>[xUnit.net 00:00:01.93]     WitchCityRope.Infrastructure.Tests.Data.ConcurrencyTests.Should_Handle_Concurrent_Aggregate_Updates [FAIL]</Text>
      </RunInfo>
      <RunInfo computerName="Unbutu-Ai-Chads-PC" outcome="Error" timestamp="2025-09-12T14:37:38.1887988-04:00">
        <Text>[xUnit.net 00:00:01.93]     WitchCityRope.Infrastructure.Tests.Data.WitchCityRopeDbContextTests.Should_Handle_Concurrent_Updates [FAIL]</Text>
      </RunInfo>
      <RunInfo computerName="Unbutu-Ai-Chads-PC" outcome="Error" timestamp="2025-09-12T14:37:38.2361118-04:00">
        <Text>[xUnit.net 00:00:01.98]     WitchCityRope.Infrastructure.Tests.Data.ComplexQueryTests.Should_Execute_Raw_SQL_Query [FAIL]</Text>
      </RunInfo>
      <RunInfo computerName="Unbutu-Ai-Chads-PC" outcome="Error" timestamp="2025-09-12T14:37:38.3557629-04:00">
        <Text>[xUnit.net 00:00:02.10]     WitchCityRope.Infrastructure.Tests.Data.ComplexQueryTests.Should_Handle_Pagination_Correctly [FAIL]</Text>
      </RunInfo>
      <RunInfo computerName="Unbutu-Ai-Chads-PC" outcome="Error" timestamp="2025-09-12T14:37:38.4784399-04:00">
        <Text>[xUnit.net 00:00:02.22]     WitchCityRope.Infrastructure.Tests.Data.ComplexQueryTests.Should_Handle_Complex_Filtering_And_Sorting [FAIL]</Text>
      </RunInfo>
      <RunInfo computerName="Unbutu-Ai-Chads-PC" outcome="Error" timestamp="2025-09-12T14:37:38.8105876-04:00">
        <Text>[xUnit.net 00:00:02.55]     WitchCityRope.Infrastructure.Tests.Data.MigrationTests.Should_Create_Correct_Foreign_Keys [FAIL]</Text>
      </RunInfo>
      <RunInfo computerName="Unbutu-Ai-Chads-PC" outcome="Error" timestamp="2025-09-12T14:37:38.9878054-04:00">
        <Text>[xUnit.net 00:00:02.73]     WitchCityRope.Infrastructure.Tests.Data.MigrationTests.Should_Apply_All_Migrations_Successfully [FAIL]</Text>
      </RunInfo>
      <RunInfo computerName="Unbutu-Ai-Chads-PC" outcome="Error" timestamp="2025-09-12T14:37:39.1879533-04:00">
        <Text>[xUnit.net 00:00:02.93]     WitchCityRope.Infrastructure.Tests.Data.MigrationTests.Should_Handle_Migration_Rollback [FAIL]</Text>
      </RunInfo>
      <RunInfo computerName="Unbutu-Ai-Chads-PC" outcome="Error" timestamp="2025-09-12T14:37:39.4291187-04:00">
        <Text>[xUnit.net 00:00:03.17]     WitchCityRope.Infrastructure.Tests.Data.MigrationTests.Should_Have_Correct_Schema_After_Migration [FAIL]</Text>
      </RunInfo>
      <RunInfo computerName="Unbutu-Ai-Chads-PC" outcome="Error" timestamp="2025-09-12T14:37:39.6235242-04:00">
        <Text>[xUnit.net 00:00:03.36]     WitchCityRope.Infrastructure.Tests.Data.MigrationTests.Should_Create_All_Expected_Tables [FAIL]</Text>
      </RunInfo>
      <RunInfo computerName="Unbutu-Ai-Chads-PC" outcome="Error" timestamp="2025-09-12T14:37:39.7932428-04:00">
        <Text>[xUnit.net 00:00:03.53]     WitchCityRope.Infrastructure.Tests.Data.MigrationTests.Should_Create_Correct_Indexes [FAIL]</Text>
      </RunInfo>
      <RunInfo computerName="Unbutu-Ai-Chads-PC" outcome="Error" timestamp="2025-09-12T14:37:39.8250677-04:00">
        <Text>[xUnit.net 00:00:03.56]     WitchCityRope.Infrastructure.Tests.Data.MigrationTests.Model_Should_Match_Database_Schema [FAIL]</Text>
      </RunInfo>
    </RunInfos>
  </ResultSummary>
</TestRun>