<?xml version="1.0" encoding="utf-8"?>
<TestRun id="8accbd66-037f-4a71-b2a9-2c70ede7d01f" name="@Unbutu-Ai-Chads-PC 2025-09-11 15:38:46" xmlns="http://microsoft.com/schemas/VisualStudio/TeamTest/2010">
  <Times creation="2025-09-11T15:38:46.5390870-04:00" queuing="2025-09-11T15:38:46.5390871-04:00" start="2025-09-11T15:38:46.0707152-04:00" finish="2025-09-11T15:38:47.2957848-04:00" />
  <TestSettings name="default" id="e457d570-cb45-4dd7-9411-b2c6bfcd9b58">
    <Deployment runDeploymentRoot="_Unbutu-Ai-Chads-PC_2025-09-11_15_38_46" />
  </TestSettings>
  <Results>
    <UnitTestResult executionId="bc9d8a22-500e-4cf1-9ef3-36fbf1079faa" testId="e4e83dcc-9c66-a1e3-b79d-16c6a42270e7" testName="WitchCityRope.Api.Tests.Models.RequestModelValidationTests.RegisterRequest_WhenValid_ShouldPassValidation" computerName="Unbutu-Ai-Chads-PC" duration="00:00:00.0010000" startTime="2025-09-11T15:38:46.5373489-04:00" endTime="2025-09-11T15:38:46.5373633-04:00" testType="13cdc9d9-ddb5-4fa4-a97d-d965ccfc6d4b" outcome="NotExecuted" testListId="8c84fa94-04c1-424b-9868-57a2d4851a1d" relativeResultsDirectory="bc9d8a22-500e-4cf1-9ef3-36fbf1079faa">
      <Output>
        <ErrorInfo>
          <Message>Feature not implemented: Full RegisterRequest validation not working as expected</Message>
        </ErrorInfo>
      </Output>
    </UnitTestResult>
    <UnitTestResult executionId="f234942b-0a20-4a67-a25e-90560acaec1c" testId="5bdc1eac-a7b6-638c-72e4-73b782c9502c" testName="WitchCityRope.Api.Tests.Services.VettingServiceTests.ReviewApplicationAsync_WhenApproving_ShouldReturnApprovedStatus" computerName="Unbutu-Ai-Chads-PC" duration="00:00:00.0005130" startTime="2025-09-11T15:38:46.5424391-04:00" endTime="2025-09-11T15:38:46.5424891-04:00" testType="13cdc9d9-ddb5-4fa4-a97d-d965ccfc6d4b" outcome="Passed" testListId="8c84fa94-04c1-424b-9868-57a2d4851a1d" relativeResultsDirectory="f234942b-0a20-4a67-a25e-90560acaec1c" />
    <UnitTestResult executionId="346f7fca-0af0-4c9f-9084-82a0ce9247af" testId="c4382980-adec-39c2-3fbd-ff2d89fc411e" testName="WitchCityRope.Api.Tests.Services.PaymentServiceTests.HandleWebhookAsync_WithVariousEventTypes_ShouldCompleteSuccessfully(eventType: &quot;charge.refunded&quot;)" computerName="Unbutu-Ai-Chads-PC" duration="00:00:00.0000166" startTime="2025-09-11T15:38:46.5452931-04:00" endTime="2025-09-11T15:38:46.5453658-04:00" testType="13cdc9d9-ddb5-4fa4-a97d-d965ccfc6d4b" outcome="Passed" testListId="8c84fa94-04c1-424b-9868-57a2d4851a1d" relativeResultsDirectory="346f7fca-0af0-4c9f-9084-82a0ce9247af" />
    <UnitTestResult executionId="a5f1b6cc-e7be-4941-923e-96adc20a1a0b" testId="fa55ca6d-ca0d-d7d0-ed5b-ff8733691998" testName="WitchCityRope.Api.Tests.Services.AuthServiceTests.LoginAsync_WhenEmailNotVerified_ShouldThrowUnauthorizedException" computerName="Unbutu-Ai-Chads-PC" duration="00:00:00.0019283" startTime="2025-09-11T15:38:46.5945408-04:00" endTime="2025-09-11T15:38:46.5963927-04:00" testType="13cdc9d9-ddb5-4fa4-a97d-d965ccfc6d4b" outcome="Passed" testListId="8c84fa94-04c1-424b-9868-57a2d4851a1d" relativeResultsDirectory="a5f1b6cc-e7be-4941-923e-96adc20a1a0b" />
    <UnitTestResult executionId="1e4214a6-4a24-4793-b14c-c72a8108358c" testId="4097bcf8-b3c6-9357-1e45-62a233f4e3b4" testName="WitchCityRope.Api.Tests.Features.Events.EventSessionTests.ClassEvent_AlwaysRequiresPayment_EvenWithZeroPrice" computerName="Unbutu-Ai-Chads-PC" duration="00:00:00.0010000" startTime="2025-09-11T15:38:46.5293386-04:00" endTime="2025-09-11T15:38:46.5293805-04:00" testType="13cdc9d9-ddb5-4fa4-a97d-d965ccfc6d4b" outcome="NotExecuted" testListId="8c84fa94-04c1-424b-9868-57a2d4851a1d" relativeResultsDirectory="1e4214a6-4a24-4793-b14c-c72a8108358c">
      <Output>
        <ErrorInfo>
          <Message>Feature not implemented: Event Session Matrix - TDD test waiting for implementation</Message>
        </ErrorInfo>
      </Output>
    </UnitTestResult>
    <UnitTestResult executionId="ec7f5c8e-83b9-4458-8c1c-43eb87ee84f5" testId="39ce5e04-61f6-c868-486e-0d238830b0cf" testName="WitchCityRope.Api.Tests.Models.RequestModelValidationTests.CreateEventRequest_WhenTitleEmpty_ShouldFailValidation" computerName="Unbutu-Ai-Chads-PC" duration="00:00:00.0010000" startTime="2025-09-11T15:38:46.5414912-04:00" endTime="2025-09-11T15:38:46.5415177-04:00" testType="13cdc9d9-ddb5-4fa4-a97d-d965ccfc6d4b" outcome="NotExecuted" testListId="8c84fa94-04c1-424b-9868-57a2d4851a1d" relativeResultsDirectory="ec7f5c8e-83b9-4458-8c1c-43eb87ee84f5">
      <Output>
        <ErrorInfo>
          <Message>Feature not implemented: CreateEventRequest validation attributes not implemented</Message>
        </ErrorInfo>
      </Output>
    </UnitTestResult>
    <UnitTestResult executionId="5e7a9281-440e-4200-8285-0b01f5e09d12" testId="3267b660-0ea8-a94e-6767-c14ba16657ea" testName="WitchCityRope.Api.Tests.Models.RequestModelValidationTests.LoginRequest_WhenEmailInvalid_ShouldFailValidation(email: &quot;@example.com&quot;)" computerName="Unbutu-Ai-Chads-PC" duration="00:00:00.0008395" startTime="2025-09-11T15:38:46.5352307-04:00" endTime="2025-09-11T15:38:46.5357039-04:00" testType="13cdc9d9-ddb5-4fa4-a97d-d965ccfc6d4b" outcome="Passed" testListId="8c84fa94-04c1-424b-9868-57a2d4851a1d" relativeResultsDirectory="5e7a9281-440e-4200-8285-0b01f5e09d12" />
    <UnitTestResult executionId="bbe769b7-4c61-4470-b18a-317d555bbd45" testId="97665306-1cab-efa7-e9b9-a8e00c99d474" testName="WitchCityRope.Api.Tests.Services.ConcurrencyAndEdgeCaseTests.RegisterForEvent_WhenEventCancelledDuringRegistration_ShouldHandleGracefully" computerName="Unbutu-Ai-Chads-PC" duration="00:00:00.0010000" startTime="2025-09-11T15:38:46.5235561-04:00" endTime="2025-09-11T15:38:46.5235882-04:00" testType="13cdc9d9-ddb5-4fa4-a97d-d965ccfc6d4b" outcome="NotExecuted" testListId="8c84fa94-04c1-424b-9868-57a2d4851a1d" relativeResultsDirectory="bbe769b7-4c61-4470-b18a-317d555bbd45">
      <Output>
        <ErrorInfo>
          <Message>Feature not implemented: Advanced concurrency and edge case functionality not implemented</Message>
        </ErrorInfo>
      </Output>
    </UnitTestResult>
    <UnitTestResult executionId="6d56b7c2-bc11-4ab8-bc2e-42fba4836bb6" testId="89f59355-8c9b-73e9-a492-199e27e5af27" testName="WitchCityRope.Api.Tests.Services.AuthServiceTests.LoginAsync_WhenAccountNotActive_ShouldThrowUnauthorizedException" computerName="Unbutu-Ai-Chads-PC" duration="00:00:00.0017270" startTime="2025-09-11T15:38:46.6006576-04:00" endTime="2025-09-11T15:38:46.6022909-04:00" testType="13cdc9d9-ddb5-4fa4-a97d-d965ccfc6d4b" outcome="Passed" testListId="8c84fa94-04c1-424b-9868-57a2d4851a1d" relativeResultsDirectory="6d56b7c2-bc11-4ab8-bc2e-42fba4836bb6" />
    <UnitTestResult executionId="2da92706-c5dd-4270-8cb8-e93e1de54d95" testId="e99f113c-9813-c6ee-8b8e-c2c046bcb38c" testName="WitchCityRope.Api.Tests.Services.PaymentServiceTests.ProcessPaymentAsync_WithVariousAmounts_ShouldSucceed(amount: 0.01)" computerName="Unbutu-Ai-Chads-PC" duration="00:00:00.0002848" startTime="2025-09-11T15:38:46.5442102-04:00" endTime="2025-09-11T15:38:46.5442476-04:00" testType="13cdc9d9-ddb5-4fa4-a97d-d965ccfc6d4b" outcome="Passed" testListId="8c84fa94-04c1-424b-9868-57a2d4851a1d" relativeResultsDirectory="2da92706-c5dd-4270-8cb8-e93e1de54d95" />
    <UnitTestResult executionId="2af864da-2ed1-46b1-810b-aa8072bdd754" testId="9955bb99-780f-341a-2c9b-b71b8e9a9f36" testName="WitchCityRope.Api.Tests.Services.UserServiceTests.UpdateEmail_ValidEmail_ShouldSucceed" computerName="Unbutu-Ai-Chads-PC" duration="00:00:00.0018362" startTime="2025-09-11T15:38:47.2096413-04:00" endTime="2025-09-11T15:38:47.2114049-04:00" testType="13cdc9d9-ddb5-4fa4-a97d-d965ccfc6d4b" outcome="Passed" testListId="8c84fa94-04c1-424b-9868-57a2d4851a1d" relativeResultsDirectory="2af864da-2ed1-46b1-810b-aa8072bdd754" />
    <UnitTestResult executionId="685891de-ce37-4955-adef-d277735247bb" testId="d1bd2286-7489-75ec-3dc2-eabd940a0cab" testName="WitchCityRope.Api.Tests.Services.PaymentServiceTests.ProcessPaymentAsync_WhenCalledMultipleTimes_ShouldHandleConcurrency" computerName="Unbutu-Ai-Chads-PC" duration="00:00:00.0047146" startTime="2025-09-11T15:38:46.5462091-04:00" endTime="2025-09-11T15:38:46.5462446-04:00" testType="13cdc9d9-ddb5-4fa4-a97d-d965ccfc6d4b" outcome="Passed" testListId="8c84fa94-04c1-424b-9868-57a2d4851a1d" relativeResultsDirectory="685891de-ce37-4955-adef-d277735247bb" />
    <UnitTestResult executionId="979bb759-3ec9-4c28-9c02-58457adabbda" testId="ea91f3bc-b343-2cf5-ab49-b072c8f67122" testName="WitchCityRope.Api.Tests.Services.EventServiceTests.User_Create_ValidData_ShouldSucceed" computerName="Unbutu-Ai-Chads-PC" duration="00:00:00.0075550" startTime="2025-09-11T15:38:46.6052547-04:00" endTime="2025-09-11T15:38:46.6127898-04:00" testType="13cdc9d9-ddb5-4fa4-a97d-d965ccfc6d4b" outcome="Passed" testListId="8c84fa94-04c1-424b-9868-57a2d4851a1d" relativeResultsDirectory="979bb759-3ec9-4c28-9c02-58457adabbda" />
    <UnitTestResult executionId="b453fd10-ad8f-4f14-bd89-1bccca5524fc" testId="d55103ad-49d1-d81e-3b2b-9cca95b3e05e" testName="WitchCityRope.Api.Tests.Services.EventServiceTests.User_Create_UnderAge_ShouldFail" computerName="Unbutu-Ai-Chads-PC" duration="00:00:00.0022502" startTime="2025-09-11T15:38:46.6129282-04:00" endTime="2025-09-11T15:38:46.6150377-04:00" testType="13cdc9d9-ddb5-4fa4-a97d-d965ccfc6d4b" outcome="Passed" testListId="8c84fa94-04c1-424b-9868-57a2d4851a1d" relativeResultsDirectory="b453fd10-ad8f-4f14-bd89-1bccca5524fc" />
    <UnitTestResult executionId="3525a04b-2421-4f85-b1c4-2cb9680100d2" testId="5380e65c-5d06-9ce7-5b04-00a75ce712c4" testName="WitchCityRope.Api.Tests.Services.UserServiceTests.QueryUsers_ActiveOnly_ShouldReturnOnlyActiveUsers" computerName="Unbutu-Ai-Chads-PC" duration="00:00:00.0098311" startTime="2025-09-11T15:38:47.1829662-04:00" endTime="2025-09-11T15:38:47.1927162-04:00" testType="13cdc9d9-ddb5-4fa4-a97d-d965ccfc6d4b" outcome="Passed" testListId="8c84fa94-04c1-424b-9868-57a2d4851a1d" relativeResultsDirectory="3525a04b-2421-4f85-b1c4-2cb9680100d2" />
    <UnitTestResult executionId="4924f50f-066c-4439-b60b-1f3e4b4107f1" testId="46de7326-ac43-fe19-e8c5-0208fba9ab27" testName="WitchCityRope.Api.Tests.Services.PaymentServiceTests.ProcessPaymentAsync_WithDifferentPaymentMethods_ShouldSucceed(method: &quot;PayPal&quot;)" computerName="Unbutu-Ai-Chads-PC" duration="00:00:00.0015314" startTime="2025-09-11T15:38:46.5430421-04:00" endTime="2025-09-11T15:38:46.5430793-04:00" testType="13cdc9d9-ddb5-4fa4-a97d-d965ccfc6d4b" outcome="Passed" testListId="8c84fa94-04c1-424b-9868-57a2d4851a1d" relativeResultsDirectory="4924f50f-066c-4439-b60b-1f3e4b4107f1" />
    <UnitTestResult executionId="61757ede-22ad-4a18-ad18-183a6d18e015" testId="f4687f5b-393d-24ff-cd27-26b98e3335b6" testName="WitchCityRope.Api.Tests.Services.VettingServiceTests.ReviewApplicationAsync_WithEmptyNotes_ShouldStillSucceed" computerName="Unbutu-Ai-Chads-PC" duration="00:00:00.0125932" startTime="2025-09-11T15:38:46.5050604-04:00" endTime="2025-09-11T15:38:46.5327674-04:00" testType="13cdc9d9-ddb5-4fa4-a97d-d965ccfc6d4b" outcome="Passed" testListId="8c84fa94-04c1-424b-9868-57a2d4851a1d" relativeResultsDirectory="61757ede-22ad-4a18-ad18-183a6d18e015" />
    <UnitTestResult executionId="59bd3b03-576e-4cbb-951c-e70b50be72e1" testId="60324b08-accd-f585-f876-69b6b44e95de" testName="WitchCityRope.Api.Tests.Models.RequestModelValidationTests.RegisterRequest_WhenPasswordWeak_ShouldFailValidation(password: &quot;short&quot;)" computerName="Unbutu-Ai-Chads-PC" duration="00:00:00.0134201" startTime="2025-09-11T15:38:46.5057829-04:00" endTime="2025-09-11T15:38:46.5335070-04:00" testType="13cdc9d9-ddb5-4fa4-a97d-d965ccfc6d4b" outcome="Passed" testListId="8c84fa94-04c1-424b-9868-57a2d4851a1d" relativeResultsDirectory="59bd3b03-576e-4cbb-951c-e70b50be72e1" />
    <UnitTestResult executionId="f3a7e1d7-325d-4d3c-b1ff-00bd28092c7a" testId="25921c64-edb6-8b0c-2fcc-5b39f1496fe6" testName="WitchCityRope.Api.Tests.Features.Events.CreateEventCommandTests.CreateEvent_PastStartDate_ThrowsException" computerName="Unbutu-Ai-Chads-PC" duration="00:00:00.0154516" startTime="2025-09-11T15:38:47.0617933-04:00" endTime="2025-09-11T15:38:47.0771114-04:00" testType="13cdc9d9-ddb5-4fa4-a97d-d965ccfc6d4b" outcome="Passed" testListId="8c84fa94-04c1-424b-9868-57a2d4851a1d" relativeResultsDirectory="f3a7e1d7-325d-4d3c-b1ff-00bd28092c7a" />
    <UnitTestResult executionId="ea4aab4e-9d4c-48d0-b19d-1fc113392fd8" testId="f931d238-f474-d92c-7780-1e18326be03d" testName="WitchCityRope.Api.Tests.Services.PaymentServiceTests.ProcessPaymentAsync_WithVariousAmounts_ShouldSucceed(amount: 99.99)" computerName="Unbutu-Ai-Chads-PC" duration="00:00:00.0001626" startTime="2025-09-11T15:38:46.5443386-04:00" endTime="2025-09-11T15:38:46.5443920-04:00" testType="13cdc9d9-ddb5-4fa4-a97d-d965ccfc6d4b" outcome="Passed" testListId="8c84fa94-04c1-424b-9868-57a2d4851a1d" relativeResultsDirectory="ea4aab4e-9d4c-48d0-b19d-1fc113392fd8" />
    <UnitTestResult executionId="33dc5da1-ba92-4836-a366-119c0b3257ec" testId="7c97d4b4-d749-d69c-fd3e-825c0c69abca" testName="WitchCityRope.Api.Tests.Services.EventServiceTests.User_PromoteToRole_ValidPromotion_ShouldSucceed" computerName="Unbutu-Ai-Chads-PC" duration="00:00:00.0009363" startTime="2025-09-11T15:38:47.1134626-04:00" endTime="2025-09-11T15:38:47.1142828-04:00" testType="13cdc9d9-ddb5-4fa4-a97d-d965ccfc6d4b" outcome="Passed" testListId="8c84fa94-04c1-424b-9868-57a2d4851a1d" relativeResultsDirectory="33dc5da1-ba92-4836-a366-119c0b3257ec" />
    <UnitTestResult executionId="4916f811-00d0-4dec-9ea7-68ff88ed1cdd" testId="53573b3c-3ae5-692b-72a1-3feb4991e1dd" testName="WitchCityRope.Api.Tests.Services.UserServiceTests.PromoteUser_InvalidDemotion_ShouldThrowException" computerName="Unbutu-Ai-Chads-PC" duration="00:00:00.0011867" startTime="2025-09-11T15:38:47.2115271-04:00" endTime="2025-09-11T15:38:47.2126409-04:00" testType="13cdc9d9-ddb5-4fa4-a97d-d965ccfc6d4b" outcome="Passed" testListId="8c84fa94-04c1-424b-9868-57a2d4851a1d" relativeResultsDirectory="4916f811-00d0-4dec-9ea7-68ff88ed1cdd" />
    <UnitTestResult executionId="84180eec-0cf7-4d3f-86d8-0fee22618bf4" testId="1a9943ab-f183-ab16-3f56-0cdce8386f1c" testName="WitchCityRope.Api.Tests.Services.EventServiceTests.CreateRegistration_ValidRequest_ShouldSucceed" computerName="Unbutu-Ai-Chads-PC" duration="00:00:00.4755504" startTime="2025-09-11T15:38:46.6177935-04:00" endTime="2025-09-11T15:38:47.0932973-04:00" testType="13cdc9d9-ddb5-4fa4-a97d-d965ccfc6d4b" outcome="Passed" testListId="8c84fa94-04c1-424b-9868-57a2d4851a1d" relativeResultsDirectory="84180eec-0cf7-4d3f-86d8-0fee22618bf4" />
    <UnitTestResult executionId="80a01aca-202e-47e4-821d-032f7c05b2cb" testId="6d3be9ee-8505-f3c8-4d93-514e56ee48e5" testName="WitchCityRope.Api.Tests.Validators.SubmitApplicationCommandValidatorTests.ValidateAsync_WhenEmptySafetyKnowledge_ShouldReturnInvalid" computerName="Unbutu-Ai-Chads-PC" duration="00:00:00.0010000" startTime="2025-09-11T15:38:46.5298081-04:00" endTime="2025-09-11T15:38:46.5298230-04:00" testType="13cdc9d9-ddb5-4fa4-a97d-d965ccfc6d4b" outcome="NotExecuted" testListId="8c84fa94-04c1-424b-9868-57a2d4851a1d" relativeResultsDirectory="80a01aca-202e-47e4-821d-032f7c05b2cb">
      <Output>
        <ErrorInfo>
          <Message>Feature not implemented: SubmitApplicationCommandValidator not implemented</Message>
        </ErrorInfo>
      </Output>
    </UnitTestResult>
    <UnitTestResult executionId="a72dfd1f-82f0-4cc0-a5ae-2d9dd7280c8c" testId="df66910e-b77f-ba1a-dbb2-6c7aeb152dd1" testName="WitchCityRope.Api.Tests.Services.VettingServiceTests.GetApplicationsAsync_WithNullStatus_ShouldReturnEmptyPagedResult" computerName="Unbutu-Ai-Chads-PC" duration="00:00:00.0013209" startTime="2025-09-11T15:38:46.5371993-04:00" endTime="2025-09-11T15:38:46.5378365-04:00" testType="13cdc9d9-ddb5-4fa4-a97d-d965ccfc6d4b" outcome="Passed" testListId="8c84fa94-04c1-424b-9868-57a2d4851a1d" relativeResultsDirectory="a72dfd1f-82f0-4cc0-a5ae-2d9dd7280c8c" />
    <UnitTestResult executionId="b4ab4a12-3564-4e42-b1ab-753e1fc8f810" testId="f84298bc-881e-482e-0591-675095978768" testName="WitchCityRope.Api.Tests.Validators.SubmitApplicationCommandValidatorTests.ValidateAsync_WhenEmptyConsentUnderstanding_ShouldReturnInvalid" computerName="Unbutu-Ai-Chads-PC" duration="00:00:00.0010000" startTime="2025-09-11T15:38:46.5296000-04:00" endTime="2025-09-11T15:38:46.5296203-04:00" testType="13cdc9d9-ddb5-4fa4-a97d-d965ccfc6d4b" outcome="NotExecuted" testListId="8c84fa94-04c1-424b-9868-57a2d4851a1d" relativeResultsDirectory="b4ab4a12-3564-4e42-b1ab-753e1fc8f810">
      <Output>
        <ErrorInfo>
          <Message>Feature not implemented: SubmitApplicationCommandValidator not implemented</Message>
        </ErrorInfo>
      </Output>
    </UnitTestResult>
    <UnitTestResult executionId="f5c72236-a3c4-4d9b-ba1f-4b7012684f2c" testId="330c81a6-c94a-63b1-c379-5f413e95251b" testName="WitchCityRope.Api.Tests.Models.RequestModelValidationTests.UpdateProfileRequest_WhenAllFieldsNull_ShouldPassValidation" computerName="Unbutu-Ai-Chads-PC" duration="00:00:00.0000910" startTime="2025-09-11T15:38:46.5394993-04:00" endTime="2025-09-11T15:38:46.5395357-04:00" testType="13cdc9d9-ddb5-4fa4-a97d-d965ccfc6d4b" outcome="Passed" testListId="8c84fa94-04c1-424b-9868-57a2d4851a1d" relativeResultsDirectory="f5c72236-a3c4-4d9b-ba1f-4b7012684f2c" />
    <UnitTestResult executionId="6e2ac2aa-84ab-4ec3-86c6-65d12e160284" testId="b1e7e235-792a-c725-ee14-ec28c2ee3391" testName="WitchCityRope.Api.Tests.Services.UserServiceTests.PromoteUser_ValidPromotion_ShouldSucceed" computerName="Unbutu-Ai-Chads-PC" duration="00:00:00.0017352" startTime="2025-09-11T15:38:46.6017276-04:00" endTime="2025-09-11T15:38:46.6027341-04:00" testType="13cdc9d9-ddb5-4fa4-a97d-d965ccfc6d4b" outcome="Passed" testListId="8c84fa94-04c1-424b-9868-57a2d4851a1d" relativeResultsDirectory="6e2ac2aa-84ab-4ec3-86c6-65d12e160284" />
    <UnitTestResult executionId="6bad268c-b239-4dea-a92c-08fc1bea0913" testId="a0345ce9-df03-b89b-ffc0-72efdefddb09" testName="WitchCityRope.Api.Tests.Services.EventServiceTests.CreateEvent_PastStartDate_ShouldFail" computerName="Unbutu-Ai-Chads-PC" duration="00:00:00.0010000" startTime="2025-09-11T15:38:47.1110012-04:00" endTime="2025-09-11T15:38:47.1110201-04:00" testType="13cdc9d9-ddb5-4fa4-a97d-d965ccfc6d4b" outcome="NotExecuted" testListId="8c84fa94-04c1-424b-9868-57a2d4851a1d" relativeResultsDirectory="6bad268c-b239-4dea-a92c-08fc1bea0913">
      <Output>
        <ErrorInfo>
          <Message>Feature not implemented: Past date validation not implemented in EventBuilder</Message>
        </ErrorInfo>
      </Output>
    </UnitTestResult>
    <UnitTestResult executionId="d8c5144b-c1b3-40fe-989e-207459640e25" testId="1e07f65a-2ccd-636d-9e7c-b3ca5d1e491e" testName="WitchCityRope.Api.Tests.Models.RequestModelValidationTests.RegisterRequest_WhenPasswordWeak_ShouldFailValidation(password: &quot;PASSWORD&quot;)" computerName="Unbutu-Ai-Chads-PC" duration="00:00:00.0008499" startTime="2025-09-11T15:38:46.5337219-04:00" endTime="2025-09-11T15:38:46.5340579-04:00" testType="13cdc9d9-ddb5-4fa4-a97d-d965ccfc6d4b" outcome="Passed" testListId="8c84fa94-04c1-424b-9868-57a2d4851a1d" relativeResultsDirectory="d8c5144b-c1b3-40fe-989e-207459640e25" />
    <UnitTestResult executionId="e4a4c77e-b430-4638-a376-1236facbb8e0" testId="0c928b77-75f9-0a03-e655-49362de8d36b" testName="WitchCityRope.Api.Tests.Services.UserServiceTests.QueryUsers_ByRole_ShouldReturnCorrectUsers" computerName="Unbutu-Ai-Chads-PC" duration="00:00:00.1146787" startTime="2025-09-11T15:38:47.0643852-04:00" endTime="2025-09-11T15:38:47.1789311-04:00" testType="13cdc9d9-ddb5-4fa4-a97d-d965ccfc6d4b" outcome="Passed" testListId="8c84fa94-04c1-424b-9868-57a2d4851a1d" relativeResultsDirectory="e4a4c77e-b430-4638-a376-1236facbb8e0" />
    <UnitTestResult executionId="85b35ee0-fd98-4c8d-af40-eec894edac7d" testId="08ce6e8c-6149-7d3a-b7d9-4d21112f2925" testName="WitchCityRope.Api.Tests.Features.Events.EventsManagementServiceTests.GetEventDetailsAsync_ReturnsError_WhenEventNotFound" computerName="Unbutu-Ai-Chads-PC" duration="00:00:00.0006975" startTime="2025-09-11T15:38:47.2401188-04:00" endTime="2025-09-11T15:38:47.2401942-04:00" testType="13cdc9d9-ddb5-4fa4-a97d-d965ccfc6d4b" outcome="Passed" testListId="8c84fa94-04c1-424b-9868-57a2d4851a1d" relativeResultsDirectory="85b35ee0-fd98-4c8d-af40-eec894edac7d" />
    <UnitTestResult executionId="5a7b3f68-cad9-4aeb-b047-1edb413bc876" testId="52189350-244f-de15-8052-d77318e9a5c9" testName="WitchCityRope.Api.Tests.Services.EventServiceTests.CreateEvent_InvalidDates_ShouldFail" computerName="Unbutu-Ai-Chads-PC" duration="00:00:00.0103373" startTime="2025-09-11T15:38:47.0991435-04:00" endTime="2025-09-11T15:38:47.1094236-04:00" testType="13cdc9d9-ddb5-4fa4-a97d-d965ccfc6d4b" outcome="Passed" testListId="8c84fa94-04c1-424b-9868-57a2d4851a1d" relativeResultsDirectory="5a7b3f68-cad9-4aeb-b047-1edb413bc876" />
    <UnitTestResult executionId="72748e80-466b-4ff0-8c4c-e56001a198a5" testId="b02d24f0-0dc5-6922-4397-48fa34ca244b" testName="WitchCityRope.Api.Tests.Services.ConcurrencyAndEdgeCaseTests.RegisterForEvent_WithSpecialCharactersInUserData_ShouldHandleCorrectly" computerName="Unbutu-Ai-Chads-PC" duration="00:00:00.0010000" startTime="2025-09-11T15:38:46.5241182-04:00" endTime="2025-09-11T15:38:46.5241326-04:00" testType="13cdc9d9-ddb5-4fa4-a97d-d965ccfc6d4b" outcome="NotExecuted" testListId="8c84fa94-04c1-424b-9868-57a2d4851a1d" relativeResultsDirectory="72748e80-466b-4ff0-8c4c-e56001a198a5">
      <Output>
        <ErrorInfo>
          <Message>Feature not implemented: Advanced concurrency and edge case functionality not implemented</Message>
        </ErrorInfo>
      </Output>
    </UnitTestResult>
    <UnitTestResult executionId="30c3b391-8065-4d74-9360-99d884196f0e" testId="47dd39c0-4fb8-b6af-825b-fabee870eaed" testName="WitchCityRope.Api.Tests.Models.RequestModelValidationTests.UpdateProfileRequest_WhenValid_ShouldPassValidation" computerName="Unbutu-Ai-Chads-PC" duration="00:00:00.0024866" startTime="2025-09-11T15:38:46.5367555-04:00" endTime="2025-09-11T15:38:46.5372366-04:00" testType="13cdc9d9-ddb5-4fa4-a97d-d965ccfc6d4b" outcome="Passed" testListId="8c84fa94-04c1-424b-9868-57a2d4851a1d" relativeResultsDirectory="30c3b391-8065-4d74-9360-99d884196f0e" />
    <UnitTestResult executionId="a5fe56e1-380b-446c-aaf6-3a73aa963a31" testId="f9cd47b8-35be-e07d-9044-ed46aef312fb" testName="WitchCityRope.Api.Tests.Services.ConcurrencyAndEdgeCaseTests.RegisterForEvent_AtExactCapacity_ShouldHandleLastSpotCorrectly" computerName="Unbutu-Ai-Chads-PC" duration="00:00:00.0010000" startTime="2025-09-11T15:38:46.5260318-04:00" endTime="2025-09-11T15:38:46.5261003-04:00" testType="13cdc9d9-ddb5-4fa4-a97d-d965ccfc6d4b" outcome="NotExecuted" testListId="8c84fa94-04c1-424b-9868-57a2d4851a1d" relativeResultsDirectory="a5fe56e1-380b-446c-aaf6-3a73aa963a31">
      <Output>
        <ErrorInfo>
          <Message>Feature not implemented: Advanced concurrency and edge case functionality not implemented</Message>
        </ErrorInfo>
      </Output>
    </UnitTestResult>
    <UnitTestResult executionId="d5ebd6c6-5137-4b9d-86ab-8d9a61a8fb40" testId="ace6f181-abc0-bf10-ee3c-29ceff1f7d22" testName="WitchCityRope.Api.Tests.Services.VettingServiceTests.GetApplicationsAsync_ShouldRespectPaginationParameters(page: 1, pageSize: 10)" computerName="Unbutu-Ai-Chads-PC" duration="00:00:00.0022461" startTime="2025-09-11T15:38:46.5356279-04:00" endTime="2025-09-11T15:38:46.5367987-04:00" testType="13cdc9d9-ddb5-4fa4-a97d-d965ccfc6d4b" outcome="Passed" testListId="8c84fa94-04c1-424b-9868-57a2d4851a1d" relativeResultsDirectory="d5ebd6c6-5137-4b9d-86ab-8d9a61a8fb40" />
    <UnitTestResult executionId="ea01c867-f2c5-4b43-bfc4-271d5ccc3d82" testId="91d56d2b-9db2-efb2-91b1-5500e97cc265" testName="WitchCityRope.Api.Tests.Services.AuthServiceTests.RefreshTokenAsync_WhenUserNotFound_ShouldThrowUnauthorizedException" computerName="Unbutu-Ai-Chads-PC" duration="00:00:00.0012389" startTime="2025-09-11T15:38:46.6175283-04:00" endTime="2025-09-11T15:38:46.6186628-04:00" testType="13cdc9d9-ddb5-4fa4-a97d-d965ccfc6d4b" outcome="Passed" testListId="8c84fa94-04c1-424b-9868-57a2d4851a1d" relativeResultsDirectory="ea01c867-f2c5-4b43-bfc4-271d5ccc3d82" />
    <UnitTestResult executionId="f4029b0b-dab1-454b-b58d-8d0817e0deba" testId="50b838df-c47a-c8b4-39fa-3ae27b0dd858" testName="WitchCityRope.Api.Tests.Models.RequestModelValidationTests.RegisterRequest_WhenPasswordWeak_ShouldFailValidation(password: &quot;password&quot;)" computerName="Unbutu-Ai-Chads-PC" duration="00:00:00.0002228" startTime="2025-09-11T15:38:46.5342476-04:00" endTime="2025-09-11T15:38:46.5342857-04:00" testType="13cdc9d9-ddb5-4fa4-a97d-d965ccfc6d4b" outcome="Passed" testListId="8c84fa94-04c1-424b-9868-57a2d4851a1d" relativeResultsDirectory="f4029b0b-dab1-454b-b58d-8d0817e0deba" />
    <UnitTestResult executionId="07ff68a1-2294-47a8-b643-3a6921110939" testId="f13b171d-2162-bf54-e1c1-8ff785ca38d0" testName="WitchCityRope.Api.Tests.Services.UserServiceTests.UpdateSceneName_ValidName_ShouldSucceed" computerName="Unbutu-Ai-Chads-PC" duration="00:00:00.4613847" startTime="2025-09-11T15:38:46.6028315-04:00" endTime="2025-09-11T15:38:47.0641744-04:00" testType="13cdc9d9-ddb5-4fa4-a97d-d965ccfc6d4b" outcome="Passed" testListId="8c84fa94-04c1-424b-9868-57a2d4851a1d" relativeResultsDirectory="07ff68a1-2294-47a8-b643-3a6921110939" />
    <UnitTestResult executionId="f481d674-f953-4756-bbec-e5caed405026" testId="cdf3928c-28b5-bacb-9f51-2837dbb2eaff" testName="WitchCityRope.Api.Tests.Features.Events.CreateEventCommandTests.CreateEvent_InvalidMaxAttendees_ThrowsException" computerName="Unbutu-Ai-Chads-PC" duration="00:00:00.0024855" startTime="2025-09-11T15:38:47.0780728-04:00" endTime="2025-09-11T15:38:47.0796253-04:00" testType="13cdc9d9-ddb5-4fa4-a97d-d965ccfc6d4b" outcome="Passed" testListId="8c84fa94-04c1-424b-9868-57a2d4851a1d" relativeResultsDirectory="f481d674-f953-4756-bbec-e5caed405026" />
    <UnitTestResult executionId="9ac74279-03c2-4c17-8d5c-62015096fcf2" testId="037c89d7-2338-45b2-e7d8-4ad2b1c852f1" testName="WitchCityRope.Api.Tests.Features.Events.EventSessionTests.CalculateAvailability_WithExistingRegistrations_ConsumesFromAllSessions" computerName="Unbutu-Ai-Chads-PC" duration="00:00:00.0010000" startTime="2025-09-11T15:38:46.5236919-04:00" endTime="2025-09-11T15:38:46.5237109-04:00" testType="13cdc9d9-ddb5-4fa4-a97d-d965ccfc6d4b" outcome="NotExecuted" testListId="8c84fa94-04c1-424b-9868-57a2d4851a1d" relativeResultsDirectory="9ac74279-03c2-4c17-8d5c-62015096fcf2">
      <Output>
        <ErrorInfo>
          <Message>Feature not implemented: Event Session Matrix - TDD test waiting for implementation</Message>
        </ErrorInfo>
      </Output>
    </UnitTestResult>
    <UnitTestResult executionId="ab4d2246-856e-4e52-878c-64f6433ca83f" testId="fd6b0119-34c0-110d-257d-c1436577da63" testName="WitchCityRope.Api.Tests.Services.EventServiceTests.User_PromoteToRole_Demotion_ShouldFail" computerName="Unbutu-Ai-Chads-PC" duration="00:00:00.0014342" startTime="2025-09-11T15:38:47.1095804-04:00" endTime="2025-09-11T15:38:47.1108711-04:00" testType="13cdc9d9-ddb5-4fa4-a97d-d965ccfc6d4b" outcome="Passed" testListId="8c84fa94-04c1-424b-9868-57a2d4851a1d" relativeResultsDirectory="ab4d2246-856e-4e52-878c-64f6433ca83f" />
    <UnitTestResult executionId="26831220-5f04-4e90-9d62-fa1c9c2b5531" testId="f0341049-a767-d923-9cc0-ad59527216a3" testName="WitchCityRope.Api.Tests.Services.AuthServiceTests.LoginAsync_WhenValidCredentials_ShouldReturnSuccessfulLoginResponse" computerName="Unbutu-Ai-Chads-PC" duration="00:00:00.0010000" startTime="2025-09-11T15:38:46.5051088-04:00" endTime="2025-09-11T15:38:46.5063293-04:00" testType="13cdc9d9-ddb5-4fa4-a97d-d965ccfc6d4b" outcome="NotExecuted" testListId="8c84fa94-04c1-424b-9868-57a2d4851a1d" relativeResultsDirectory="26831220-5f04-4e90-9d62-fa1c9c2b5531">
      <Output>
        <ErrorInfo>
          <Message>Feature not implemented: AuthService.LoginAsync has incomplete implementation causing NullReferenceException</Message>
        </ErrorInfo>
      </Output>
    </UnitTestResult>
    <UnitTestResult executionId="2f1a3ff4-1e69-4e4b-9b40-44c8ecbbc8a7" testId="e0035b1a-a697-c3ae-70f1-f573b0ac8365" testName="WitchCityRope.Api.Tests.Services.EventServiceTests.CreateRegistration_NullUser_ShouldThrowException" computerName="Unbutu-Ai-Chads-PC" duration="00:00:00.0024207" startTime="2025-09-11T15:38:47.1115492-04:00" endTime="2025-09-11T15:38:47.1133293-04:00" testType="13cdc9d9-ddb5-4fa4-a97d-d965ccfc6d4b" outcome="Passed" testListId="8c84fa94-04c1-424b-9868-57a2d4851a1d" relativeResultsDirectory="2f1a3ff4-1e69-4e4b-9b40-44c8ecbbc8a7" />
    <UnitTestResult executionId="b702297d-c8cc-47b0-88ba-613915693559" testId="7f4fa0f3-1f65-326b-2bf5-8bbcd6f64c1e" testName="WitchCityRope.Api.Tests.Services.ConcurrencyAndEdgeCaseTests.ListEvents_WithComplexFiltersAndLargeDataset_ShouldPerformEfficiently" computerName="Unbutu-Ai-Chads-PC" duration="00:00:00.0010000" startTime="2025-09-11T15:38:46.5254744-04:00" endTime="2025-09-11T15:38:46.5256785-04:00" testType="13cdc9d9-ddb5-4fa4-a97d-d965ccfc6d4b" outcome="NotExecuted" testListId="8c84fa94-04c1-424b-9868-57a2d4851a1d" relativeResultsDirectory="b702297d-c8cc-47b0-88ba-613915693559">
      <Output>
        <ErrorInfo>
          <Message>Feature not implemented: Advanced concurrency and edge case functionality not implemented</Message>
        </ErrorInfo>
      </Output>
    </UnitTestResult>
    <UnitTestResult executionId="5fc8fed3-1d97-46ab-961b-bdfebc9c9745" testId="de87666f-05fb-83dd-e883-af77ab1e46f5" testName="WitchCityRope.Api.Tests.Features.Events.EventsManagementServiceTests.GetPublishedEventsAsync_ReturnsPublishedEventsOnly" computerName="Unbutu-Ai-Chads-PC" duration="00:00:00.0110280" startTime="2025-09-11T15:38:47.2131214-04:00" endTime="2025-09-11T15:38:47.2240340-04:00" testType="13cdc9d9-ddb5-4fa4-a97d-d965ccfc6d4b" outcome="Passed" testListId="8c84fa94-04c1-424b-9868-57a2d4851a1d" relativeResultsDirectory="5fc8fed3-1d97-46ab-961b-bdfebc9c9745" />
    <UnitTestResult executionId="c7640bd1-9735-4c44-a4d2-e991dedabc05" testId="6abdea53-6767-11de-80da-ca6782be6d67" testName="WitchCityRope.Api.Tests.Services.PaymentServiceTests.ProcessPaymentAsync_WithMinimalRequest_ShouldSucceed" computerName="Unbutu-Ai-Chads-PC" duration="00:00:00.0003563" startTime="2025-09-11T15:38:46.5465946-04:00" endTime="2025-09-11T15:38:46.5466294-04:00" testType="13cdc9d9-ddb5-4fa4-a97d-d965ccfc6d4b" outcome="Passed" testListId="8c84fa94-04c1-424b-9868-57a2d4851a1d" relativeResultsDirectory="c7640bd1-9735-4c44-a4d2-e991dedabc05" />
    <UnitTestResult executionId="302e77a1-d504-433d-977b-3633486a7eee" testId="81f4ee71-2d7f-9e2d-25a9-c870a2cf0d24" testName="WitchCityRope.Api.Tests.Services.PaymentServiceTests.ProcessPaymentAsync_WhenCalled_ShouldReturnSuccessfulResponse" computerName="Unbutu-Ai-Chads-PC" duration="00:00:00.0012760" startTime="2025-09-11T15:38:46.5433614-04:00" endTime="2025-09-11T15:38:46.5434188-04:00" testType="13cdc9d9-ddb5-4fa4-a97d-d965ccfc6d4b" outcome="Passed" testListId="8c84fa94-04c1-424b-9868-57a2d4851a1d" relativeResultsDirectory="302e77a1-d504-433d-977b-3633486a7eee" />
    <UnitTestResult executionId="05f5a1ac-0f5e-44a8-8a90-fd1e022490f2" testId="bc2e7279-4161-501f-8978-806b7a5c475e" testName="WitchCityRope.Api.Tests.Services.VettingServiceTests.ReviewApplicationAsync_ShouldAcceptVariousDecisions(decision: &quot;OnHold&quot;)" computerName="Unbutu-Ai-Chads-PC" duration="00:00:00.0000125" startTime="2025-09-11T15:38:46.5353605-04:00" endTime="2025-09-11T15:38:46.5354289-04:00" testType="13cdc9d9-ddb5-4fa4-a97d-d965ccfc6d4b" outcome="Passed" testListId="8c84fa94-04c1-424b-9868-57a2d4851a1d" relativeResultsDirectory="05f5a1ac-0f5e-44a8-8a90-fd1e022490f2" />
    <UnitTestResult executionId="3fb180f5-76c0-4e6b-85e0-0234eaecb3f9" testId="32d167cd-9bd1-3e66-bf77-931daee9742e" testName="WitchCityRope.Api.Tests.Services.VettingServiceTests.SubmitApplicationAsync_ShouldGenerateUniqueApplicationIds" computerName="Unbutu-Ai-Chads-PC" duration="00:00:00.0007168" startTime="2025-09-11T15:38:46.5426357-04:00" endTime="2025-09-11T15:38:46.5427005-04:00" testType="13cdc9d9-ddb5-4fa4-a97d-d965ccfc6d4b" outcome="Passed" testListId="8c84fa94-04c1-424b-9868-57a2d4851a1d" relativeResultsDirectory="3fb180f5-76c0-4e6b-85e0-0234eaecb3f9" />
    <UnitTestResult executionId="ef33b87e-6eba-4d5f-b7b7-357a348ec5e2" testId="665645de-a61b-04c0-495c-4ba37329c2e4" testName="WitchCityRope.Api.Tests.Services.PaymentServiceTests.HandleWebhookAsync_WithNullParameters_ShouldCompleteSuccessfully" computerName="Unbutu-Ai-Chads-PC" duration="00:00:00.0005923" startTime="2025-09-11T15:38:46.5463309-04:00" endTime="2025-09-11T15:38:46.5463661-04:00" testType="13cdc9d9-ddb5-4fa4-a97d-d965ccfc6d4b" outcome="Passed" testListId="8c84fa94-04c1-424b-9868-57a2d4851a1d" relativeResultsDirectory="ef33b87e-6eba-4d5f-b7b7-357a348ec5e2" />
    <UnitTestResult executionId="b57bbb38-7269-4ddb-8de7-8cfe71058fcb" testId="adbb1f32-0641-2b15-1546-4c08820bf9f7" testName="WitchCityRope.Api.Tests.Services.PaymentServiceTests.HandleWebhookAsync_WithVariousEventTypes_ShouldCompleteSuccessfully(eventType: &quot;customer.subscription.deleted&quot;)" computerName="Unbutu-Ai-Chads-PC" duration="00:00:00.0000239" startTime="2025-09-11T15:38:46.5451526-04:00" endTime="2025-09-11T15:38:46.5452001-04:00" testType="13cdc9d9-ddb5-4fa4-a97d-d965ccfc6d4b" outcome="Passed" testListId="8c84fa94-04c1-424b-9868-57a2d4851a1d" relativeResultsDirectory="b57bbb38-7269-4ddb-8de7-8cfe71058fcb" />
    <UnitTestResult executionId="54e36474-2926-4b53-a4d5-78be113522a2" testId="7ab55dc2-99ef-26d6-4b05-e2ad6cf1e72a" testName="WitchCityRope.Api.Tests.Services.VettingServiceTests.GetApplicationsAsync_ShouldRespectPaginationParameters(page: 3, pageSize: 50)" computerName="Unbutu-Ai-Chads-PC" duration="00:00:00.0001834" startTime="2025-09-11T15:38:46.5368989-04:00" endTime="2025-09-11T15:38:46.5369599-04:00" testType="13cdc9d9-ddb5-4fa4-a97d-d965ccfc6d4b" outcome="Passed" testListId="8c84fa94-04c1-424b-9868-57a2d4851a1d" relativeResultsDirectory="54e36474-2926-4b53-a4d5-78be113522a2" />
    <UnitTestResult executionId="07dc2074-8380-482e-8aec-28b9b771cd69" testId="b16383da-e4b8-90ae-b65b-b67fe58bb238" testName="WitchCityRope.Api.Tests.Services.AuthServiceTests.LoginAsync_WhenUserNotFound_ShouldThrowUnauthorizedException" computerName="Unbutu-Ai-Chads-PC" duration="00:00:00.0014051" startTime="2025-09-11T15:38:46.5980647-04:00" endTime="2025-09-11T15:38:46.5993888-04:00" testType="13cdc9d9-ddb5-4fa4-a97d-d965ccfc6d4b" outcome="Passed" testListId="8c84fa94-04c1-424b-9868-57a2d4851a1d" relativeResultsDirectory="07dc2074-8380-482e-8aec-28b9b771cd69" />
    <UnitTestResult executionId="17361942-9d79-4673-9260-129926531c98" testId="150d0917-35be-bf3f-1eb9-d5dd54a95e1d" testName="WitchCityRope.Api.Tests.Features.Events.EventSessionTests.CreateEventSession_WithOverlappingTimes_ThrowsDomainException" computerName="Unbutu-Ai-Chads-PC" duration="00:00:00.0010000" startTime="2025-09-11T15:38:46.5264337-04:00" endTime="2025-09-11T15:38:46.5270039-04:00" testType="13cdc9d9-ddb5-4fa4-a97d-d965ccfc6d4b" outcome="NotExecuted" testListId="8c84fa94-04c1-424b-9868-57a2d4851a1d" relativeResultsDirectory="17361942-9d79-4673-9260-129926531c98">
      <Output>
        <ErrorInfo>
          <Message>Feature not implemented: Event Session Matrix - TDD test waiting for implementation</Message>
        </ErrorInfo>
      </Output>
    </UnitTestResult>
    <UnitTestResult executionId="7be7e930-6ec3-4568-ae81-4c8cbf092585" testId="750be5d6-52b4-cde2-51ae-27030b35716e" testName="WitchCityRope.Api.Tests.Services.UserServiceTests.ReactivateUser_InactiveUser_ShouldSucceed" computerName="Unbutu-Ai-Chads-PC" duration="00:00:00.0019859" startTime="2025-09-11T15:38:47.1928677-04:00" endTime="2025-09-11T15:38:47.1947169-04:00" testType="13cdc9d9-ddb5-4fa4-a97d-d965ccfc6d4b" outcome="Passed" testListId="8c84fa94-04c1-424b-9868-57a2d4851a1d" relativeResultsDirectory="7be7e930-6ec3-4568-ae81-4c8cbf092585" />
    <UnitTestResult executionId="b2a39b62-73da-4414-a998-c17d4f496bcd" testId="bb93e33d-99cd-5b91-472c-084503014e0b" testName="WitchCityRope.Api.Tests.Services.AuthServiceTests.VerifyEmailAsync_WhenValidToken_ShouldVerifyEmail" computerName="Unbutu-Ai-Chads-PC" duration="00:00:00.0015205" startTime="2025-09-11T15:38:46.5965571-04:00" endTime="2025-09-11T15:38:46.5979394-04:00" testType="13cdc9d9-ddb5-4fa4-a97d-d965ccfc6d4b" outcome="Passed" testListId="8c84fa94-04c1-424b-9868-57a2d4851a1d" relativeResultsDirectory="b2a39b62-73da-4414-a998-c17d4f496bcd" />
    <UnitTestResult executionId="056fb397-0f0f-49ff-be05-db4d96e7b76c" testId="7c3dbdee-d9f6-f244-9515-382bc53afaf3" testName="WitchCityRope.Api.Tests.Features.Events.EventSessionTests.CreateEvent_WithMultipleSessions_CreatesS1S2S3Structure" computerName="Unbutu-Ai-Chads-PC" duration="00:00:00.0010000" startTime="2025-09-11T15:38:46.5039301-04:00" endTime="2025-09-11T15:38:46.5096530-04:00" testType="13cdc9d9-ddb5-4fa4-a97d-d965ccfc6d4b" outcome="NotExecuted" testListId="8c84fa94-04c1-424b-9868-57a2d4851a1d" relativeResultsDirectory="056fb397-0f0f-49ff-be05-db4d96e7b76c">
      <Output>
        <ErrorInfo>
          <Message>Feature not implemented: Event Session Matrix - TDD test waiting for implementation</Message>
        </ErrorInfo>
      </Output>
    </UnitTestResult>
    <UnitTestResult executionId="95e49a75-2184-4850-a7c8-4ee67f6706ea" testId="db12395b-c8be-afaa-52ae-fef2ba48978d" testName="WitchCityRope.Api.Tests.Services.AuthServiceTests.RegisterAsync_WhenValidRequest_ShouldCreateUserAndSendVerificationEmail" computerName="Unbutu-Ai-Chads-PC" duration="00:00:00.0130331" startTime="2025-09-11T15:38:46.6044427-04:00" endTime="2025-09-11T15:38:46.6174005-04:00" testType="13cdc9d9-ddb5-4fa4-a97d-d965ccfc6d4b" outcome="Passed" testListId="8c84fa94-04c1-424b-9868-57a2d4851a1d" relativeResultsDirectory="95e49a75-2184-4850-a7c8-4ee67f6706ea" />
    <UnitTestResult executionId="c243a137-aea5-40c9-b223-517e41748853" testId="e0d765a5-f153-cc12-4c70-9cec3575b7bc" testName="WitchCityRope.Api.Tests.Validators.SubmitApplicationCommandValidatorTests.ValidateAsync_WhenReferenceHasNegativeYearsKnown_ShouldReturnInvalid" computerName="Unbutu-Ai-Chads-PC" duration="00:00:00.0010000" startTime="2025-09-11T15:38:46.5274247-04:00" endTime="2025-09-11T15:38:46.5274398-04:00" testType="13cdc9d9-ddb5-4fa4-a97d-d965ccfc6d4b" outcome="NotExecuted" testListId="8c84fa94-04c1-424b-9868-57a2d4851a1d" relativeResultsDirectory="c243a137-aea5-40c9-b223-517e41748853">
      <Output>
        <ErrorInfo>
          <Message>Feature not implemented: SubmitApplicationCommandValidator not implemented</Message>
        </ErrorInfo>
      </Output>
    </UnitTestResult>
    <UnitTestResult executionId="cd14b2aa-09be-4911-b42c-54a6cbb51559" testId="8a384879-ef14-b181-d469-018ea205a1bb" testName="WitchCityRope.Api.Tests.Services.AuthServiceTests.VerifyEmailAsync_WhenTokenExpired_ShouldThrowValidationException" computerName="Unbutu-Ai-Chads-PC" duration="00:00:00.0024336" startTime="2025-09-11T15:38:46.5813347-04:00" endTime="2025-09-11T15:38:46.5836824-04:00" testType="13cdc9d9-ddb5-4fa4-a97d-d965ccfc6d4b" outcome="Passed" testListId="8c84fa94-04c1-424b-9868-57a2d4851a1d" relativeResultsDirectory="cd14b2aa-09be-4911-b42c-54a6cbb51559" />
    <UnitTestResult executionId="dfc298fa-57fa-42cb-a27e-23f8de9523f4" testId="104654d0-34a4-5138-81b8-03b1e55d6d15" testName="WitchCityRope.Api.Tests.Validators.SubmitApplicationCommandValidatorTests.ValidateAsync_WhenEmptyWhyJoin_ShouldReturnInvalid" computerName="Unbutu-Ai-Chads-PC" duration="00:00:00.0010000" startTime="2025-09-11T15:38:46.5258228-04:00" endTime="2025-09-11T15:38:46.5258501-04:00" testType="13cdc9d9-ddb5-4fa4-a97d-d965ccfc6d4b" outcome="NotExecuted" testListId="8c84fa94-04c1-424b-9868-57a2d4851a1d" relativeResultsDirectory="dfc298fa-57fa-42cb-a27e-23f8de9523f4">
      <Output>
        <ErrorInfo>
          <Message>Feature not implemented: SubmitApplicationCommandValidator not implemented</Message>
        </ErrorInfo>
      </Output>
    </UnitTestResult>
    <UnitTestResult executionId="306b57e4-e621-452a-9ab4-70122b4987c0" testId="11e4e2b4-3f38-6d07-2fda-d51ad4791ea3" testName="WitchCityRope.Api.Tests.Features.Events.EventSessionTests.TicketAvailability_VariousScenarios_CalculatesCorrectly" computerName="Unbutu-Ai-Chads-PC" duration="00:00:00.0010000" startTime="2025-09-11T15:38:46.5260141-04:00" endTime="2025-09-11T15:38:46.5260459-04:00" testType="13cdc9d9-ddb5-4fa4-a97d-d965ccfc6d4b" outcome="NotExecuted" testListId="8c84fa94-04c1-424b-9868-57a2d4851a1d" relativeResultsDirectory="306b57e4-e621-452a-9ab4-70122b4987c0">
      <Output>
        <ErrorInfo>
          <Message>Feature not implemented: Event Session Matrix - TDD test waiting for implementation</Message>
        </ErrorInfo>
      </Output>
    </UnitTestResult>
    <UnitTestResult executionId="79451124-7355-44f4-ab39-4962f3a83d4f" testId="c76eb4db-df8f-5aed-8d2c-1186ca5c415f" testName="WitchCityRope.Api.Tests.Services.VettingServiceTests.SubmitApplicationAsync_WithMinimalData_ShouldStillSucceed" computerName="Unbutu-Ai-Chads-PC" duration="00:00:00.0005180" startTime="2025-09-11T15:38:46.5412749-04:00" endTime="2025-09-11T15:38:46.5423177-04:00" testType="13cdc9d9-ddb5-4fa4-a97d-d965ccfc6d4b" outcome="Passed" testListId="8c84fa94-04c1-424b-9868-57a2d4851a1d" relativeResultsDirectory="79451124-7355-44f4-ab39-4962f3a83d4f" />
    <UnitTestResult executionId="d6480696-94fc-4441-954d-1901e0a76fc9" testId="f48a3012-016d-712c-7fbf-4a67dd0f290b" testName="WitchCityRope.Api.Tests.Features.Events.CreateEventCommandTests.CreateEvent_ValidRequest_CreatesEvent" computerName="Unbutu-Ai-Chads-PC" duration="00:00:00.0026844" startTime="2025-09-11T15:38:47.0798159-04:00" endTime="2025-09-11T15:38:47.0823536-04:00" testType="13cdc9d9-ddb5-4fa4-a97d-d965ccfc6d4b" outcome="Passed" testListId="8c84fa94-04c1-424b-9868-57a2d4851a1d" relativeResultsDirectory="d6480696-94fc-4441-954d-1901e0a76fc9" />
    <UnitTestResult executionId="e4846d0f-41ef-4de5-8858-2177ec612183" testId="e56dfd3c-913a-f832-f7fa-cbf633651d55" testName="WitchCityRope.Api.Tests.Services.AuthServiceTests.RefreshTokenAsync_WhenTokenExpired_ShouldThrowUnauthorizedException" computerName="Unbutu-Ai-Chads-PC" duration="00:00:00.0015211" startTime="2025-09-11T15:38:46.5803518-04:00" endTime="2025-09-11T15:38:46.5812056-04:00" testType="13cdc9d9-ddb5-4fa4-a97d-d965ccfc6d4b" outcome="Passed" testListId="8c84fa94-04c1-424b-9868-57a2d4851a1d" relativeResultsDirectory="e4846d0f-41ef-4de5-8858-2177ec612183" />
    <UnitTestResult executionId="5cd0976a-3855-4ae3-bbc4-7f6a3d0b895b" testId="230be00b-2344-eab7-117b-4ec82bc17a66" testName="WitchCityRope.Api.Tests.Services.AuthServiceTests.RefreshTokenAsync_WhenInvalidToken_ShouldThrowUnauthorizedException" computerName="Unbutu-Ai-Chads-PC" duration="00:00:00.0011194" startTime="2025-09-11T15:38:46.5995793-04:00" endTime="2025-09-11T15:38:46.6005488-04:00" testType="13cdc9d9-ddb5-4fa4-a97d-d965ccfc6d4b" outcome="Passed" testListId="8c84fa94-04c1-424b-9868-57a2d4851a1d" relativeResultsDirectory="5cd0976a-3855-4ae3-bbc4-7f6a3d0b895b" />
    <UnitTestResult executionId="8e182b78-cb11-4499-8768-a6efcc02d580" testId="86131cee-2dd2-2110-0475-573eeeebd0ed" testName="WitchCityRope.Api.Tests.Validators.SubmitApplicationCommandValidatorTests.ValidateAsync_WhenEmptyExperienceDescription_ShouldReturnInvalid" computerName="Unbutu-Ai-Chads-PC" duration="00:00:00.0010000" startTime="2025-09-11T15:38:46.5058025-04:00" endTime="2025-09-11T15:38:46.5097552-04:00" testType="13cdc9d9-ddb5-4fa4-a97d-d965ccfc6d4b" outcome="NotExecuted" testListId="8c84fa94-04c1-424b-9868-57a2d4851a1d" relativeResultsDirectory="8e182b78-cb11-4499-8768-a6efcc02d580">
      <Output>
        <ErrorInfo>
          <Message>Feature not implemented: SubmitApplicationCommandValidator not implemented</Message>
        </ErrorInfo>
      </Output>
    </UnitTestResult>
    <UnitTestResult executionId="6e7074d8-b60a-49c8-b41d-1aa26b8e857a" testId="a136acea-d2a9-7f58-47b1-2f9e517e07a4" testName="WitchCityRope.Api.Tests.Validators.SubmitApplicationCommandValidatorTests.ValidateAsync_WhenEmptyExperienceLevel_ShouldReturnInvalid" computerName="Unbutu-Ai-Chads-PC" duration="00:00:00.0010000" startTime="2025-09-11T15:38:46.5270788-04:00" endTime="2025-09-11T15:38:46.5271072-04:00" testType="13cdc9d9-ddb5-4fa4-a97d-d965ccfc6d4b" outcome="NotExecuted" testListId="8c84fa94-04c1-424b-9868-57a2d4851a1d" relativeResultsDirectory="6e7074d8-b60a-49c8-b41d-1aa26b8e857a">
      <Output>
        <ErrorInfo>
          <Message>Feature not implemented: SubmitApplicationCommandValidator not implemented</Message>
        </ErrorInfo>
      </Output>
    </UnitTestResult>
    <UnitTestResult executionId="39dcbed1-776f-46df-be69-8422456429cc" testId="4bf1b4a9-6dc3-ee4e-1816-0bce9705e22f" testName="WitchCityRope.Api.Tests.Features.Events.EventSessionTests.SocialEvent_WithPaidTickets_RequiresPayment" computerName="Unbutu-Ai-Chads-PC" duration="00:00:00.0010000" startTime="2025-09-11T15:38:46.5272757-04:00" endTime="2025-09-11T15:38:46.5272900-04:00" testType="13cdc9d9-ddb5-4fa4-a97d-d965ccfc6d4b" outcome="NotExecuted" testListId="8c84fa94-04c1-424b-9868-57a2d4851a1d" relativeResultsDirectory="39dcbed1-776f-46df-be69-8422456429cc">
      <Output>
        <ErrorInfo>
          <Message>Feature not implemented: Event Session Matrix - TDD test waiting for implementation</Message>
        </ErrorInfo>
      </Output>
    </UnitTestResult>
    <UnitTestResult executionId="cd0bd8bf-d919-4d5b-afc6-b9e0f984d9ef" testId="2a3236de-6ebe-5d10-281a-cb477ff579a5" testName="WitchCityRope.Api.Tests.Models.RequestModelValidationTests.RegisterRequest_WhenSceneNameTooLong_ShouldFailValidation" computerName="Unbutu-Ai-Chads-PC" duration="00:00:00.0004501" startTime="2025-09-11T15:38:46.5377954-04:00" endTime="2025-09-11T15:38:46.5379998-04:00" testType="13cdc9d9-ddb5-4fa4-a97d-d965ccfc6d4b" outcome="Passed" testListId="8c84fa94-04c1-424b-9868-57a2d4851a1d" relativeResultsDirectory="cd0bd8bf-d919-4d5b-afc6-b9e0f984d9ef" />
    <UnitTestResult executionId="a80475bd-fdd5-4f84-b1d9-0aa9450e82dd" testId="d211762c-e30e-12e4-6f58-8a2ff0f5efe2" testName="WitchCityRope.Api.Tests.Services.ConcurrencyAndEdgeCaseTests.RegisterForEvent_ConcurrentRegistrations_ShouldHandleCapacityCorrectly" computerName="Unbutu-Ai-Chads-PC" duration="00:00:00.0010000" startTime="2025-09-11T15:38:46.5051329-04:00" endTime="2025-09-11T15:38:46.5094809-04:00" testType="13cdc9d9-ddb5-4fa4-a97d-d965ccfc6d4b" outcome="NotExecuted" testListId="8c84fa94-04c1-424b-9868-57a2d4851a1d" relativeResultsDirectory="a80475bd-fdd5-4f84-b1d9-0aa9450e82dd">
      <Output>
        <ErrorInfo>
          <Message>Feature not implemented: Advanced concurrency and edge case functionality not implemented</Message>
        </ErrorInfo>
      </Output>
    </UnitTestResult>
    <UnitTestResult executionId="6c901b9d-97ee-45a3-89c6-31aaf030472d" testId="a86afa08-94ec-e6a7-5ad7-adf01284fabf" testName="WitchCityRope.Api.Tests.Services.UserServiceTests.DeactivateUser_ActiveUser_ShouldSucceed" computerName="Unbutu-Ai-Chads-PC" duration="00:00:00.0019471" startTime="2025-09-11T15:38:47.1790764-04:00" endTime="2025-09-11T15:38:47.1808926-04:00" testType="13cdc9d9-ddb5-4fa4-a97d-d965ccfc6d4b" outcome="Passed" testListId="8c84fa94-04c1-424b-9868-57a2d4851a1d" relativeResultsDirectory="6c901b9d-97ee-45a3-89c6-31aaf030472d" />
    <UnitTestResult executionId="92941d91-9549-401f-8744-b2b147dc42b8" testId="bda90f8f-75e5-41bc-ed40-2aa565f4bef1" testName="WitchCityRope.Api.Tests.Features.Events.CreateEventCommandTests.CreateEvent_InvalidDates_ThrowsException" computerName="Unbutu-Ai-Chads-PC" duration="00:00:00.5732127" startTime="2025-09-11T15:38:46.5058196-04:00" endTime="2025-09-11T15:38:47.0615485-04:00" testType="13cdc9d9-ddb5-4fa4-a97d-d965ccfc6d4b" outcome="Passed" testListId="8c84fa94-04c1-424b-9868-57a2d4851a1d" relativeResultsDirectory="92941d91-9549-401f-8744-b2b147dc42b8" />
    <UnitTestResult executionId="812b1d1d-73e9-48fc-b1b3-b8c52c5e61af" testId="d8b029b7-d0bc-2452-86c6-70d64c5c4366" testName="WitchCityRope.Api.Tests.Features.Events.EventsManagementServiceTests.GetPublishedEventsAsync_ReturnsEmptyList_WhenNoEventsExist" computerName="Unbutu-Ai-Chads-PC" duration="00:00:00.0182085" startTime="2025-09-11T15:38:47.1956806-04:00" endTime="2025-09-11T15:38:47.2129915-04:00" testType="13cdc9d9-ddb5-4fa4-a97d-d965ccfc6d4b" outcome="Passed" testListId="8c84fa94-04c1-424b-9868-57a2d4851a1d" relativeResultsDirectory="812b1d1d-73e9-48fc-b1b3-b8c52c5e61af" />
    <UnitTestResult executionId="9243fe09-5a39-4c61-8cc4-572af6b8b9a2" testId="ad026471-9e5f-c147-830c-548427358ecb" testName="WitchCityRope.Api.Tests.Services.VettingServiceTests.ReviewApplicationAsync_ShouldAcceptVariousDecisions(decision: &quot;Approved&quot;)" computerName="Unbutu-Ai-Chads-PC" duration="00:00:00.0001524" startTime="2025-09-11T15:38:46.5338983-04:00" endTime="2025-09-11T15:38:46.5339424-04:00" testType="13cdc9d9-ddb5-4fa4-a97d-d965ccfc6d4b" outcome="Passed" testListId="8c84fa94-04c1-424b-9868-57a2d4851a1d" relativeResultsDirectory="9243fe09-5a39-4c61-8cc4-572af6b8b9a2" />
    <UnitTestResult executionId="d0332154-9e55-430c-9b31-d260b841671f" testId="a9eec94d-2a00-ec15-22d6-c0e588ac9052" testName="WitchCityRope.Api.Tests.Validators.SubmitApplicationCommandValidatorTests.ValidateAsync_WhenNoSkillsAndInterests_ShouldReturnInvalid" computerName="Unbutu-Ai-Chads-PC" duration="00:00:00.0010000" startTime="2025-09-11T15:38:46.5299847-04:00" endTime="2025-09-11T15:38:46.5299988-04:00" testType="13cdc9d9-ddb5-4fa4-a97d-d965ccfc6d4b" outcome="NotExecuted" testListId="8c84fa94-04c1-424b-9868-57a2d4851a1d" relativeResultsDirectory="d0332154-9e55-430c-9b31-d260b841671f">
      <Output>
        <ErrorInfo>
          <Message>Feature not implemented: SubmitApplicationCommandValidator not implemented</Message>
        </ErrorInfo>
      </Output>
    </UnitTestResult>
    <UnitTestResult executionId="274af1ca-7b0a-4941-9449-4e6fcca33726" testId="41c98c9f-c184-ea81-48ac-e1a4c1d6a438" testName="WitchCityRope.Api.Tests.Services.EventServiceTests.CreateEventAsync_WhenValidRequest_ShouldReturnSuccess" computerName="Unbutu-Ai-Chads-PC" duration="00:00:00.0023971" startTime="2025-09-11T15:38:47.1149490-04:00" endTime="2025-09-11T15:38:47.1167093-04:00" testType="13cdc9d9-ddb5-4fa4-a97d-d965ccfc6d4b" outcome="Passed" testListId="8c84fa94-04c1-424b-9868-57a2d4851a1d" relativeResultsDirectory="274af1ca-7b0a-4941-9449-4e6fcca33726" />
    <UnitTestResult executionId="b098b80a-ffd8-4db9-b927-d93e2f048efc" testId="204ba3c3-28ac-74da-0eb5-a1bcf7d133d9" testName="WitchCityRope.Api.Tests.Models.RequestModelValidationTests.LoginRequest_WhenEmailInvalid_ShouldFailValidation(email: &quot;user.example.com&quot;)" computerName="Unbutu-Ai-Chads-PC" duration="00:00:00.0003923" startTime="2025-09-11T15:38:46.5358323-04:00" endTime="2025-09-11T15:38:46.5359015-04:00" testType="13cdc9d9-ddb5-4fa4-a97d-d965ccfc6d4b" outcome="Passed" testListId="8c84fa94-04c1-424b-9868-57a2d4851a1d" relativeResultsDirectory="b098b80a-ffd8-4db9-b927-d93e2f048efc" />
    <UnitTestResult executionId="105c6c8f-cb36-4817-a94e-f672fa0f839a" testId="0ab072f3-15af-5fa6-749c-80182143794d" testName="WitchCityRope.Api.Tests.Services.PaymentServiceTests.HandleWebhookAsync_WithVariousEventTypes_ShouldCompleteSuccessfully(eventType: &quot;customer.subscription.created&quot;)" computerName="Unbutu-Ai-Chads-PC" duration="00:00:00.0006943" startTime="2025-09-11T15:38:46.5448504-04:00" endTime="2025-09-11T15:38:46.5449015-04:00" testType="13cdc9d9-ddb5-4fa4-a97d-d965ccfc6d4b" outcome="Passed" testListId="8c84fa94-04c1-424b-9868-57a2d4851a1d" relativeResultsDirectory="105c6c8f-cb36-4817-a94e-f672fa0f839a" />
    <UnitTestResult executionId="17c8f3cb-a76a-401f-a02e-00c0f5cd2c42" testId="c800bce2-117b-3796-02ec-eab7d560d34f" testName="WitchCityRope.Api.Tests.Models.RequestModelValidationTests.LoginRequest_WhenEmailEmpty_ShouldFailValidation(email: &quot; &quot;)" computerName="Unbutu-Ai-Chads-PC" duration="00:00:00.0003758" startTime="2025-09-11T15:38:46.5404362-04:00" endTime="2025-09-11T15:38:46.5405082-04:00" testType="13cdc9d9-ddb5-4fa4-a97d-d965ccfc6d4b" outcome="Passed" testListId="8c84fa94-04c1-424b-9868-57a2d4851a1d" relativeResultsDirectory="17c8f3cb-a76a-401f-a02e-00c0f5cd2c42" />
    <UnitTestResult executionId="b1d62fbe-60d8-45da-a1e2-564f69cd8ec4" testId="f075abd2-7127-1dfa-c69c-23f970fa97d0" testName="WitchCityRope.Api.Tests.Features.Events.EventSessionTests.CreateEventSession_WithInvalidCapacity_ThrowsDomainException" computerName="Unbutu-Ai-Chads-PC" duration="00:00:00.0010000" startTime="2025-09-11T15:38:46.5278849-04:00" endTime="2025-09-11T15:38:46.5279063-04:00" testType="13cdc9d9-ddb5-4fa4-a97d-d965ccfc6d4b" outcome="NotExecuted" testListId="8c84fa94-04c1-424b-9868-57a2d4851a1d" relativeResultsDirectory="b1d62fbe-60d8-45da-a1e2-564f69cd8ec4">
      <Output>
        <ErrorInfo>
          <Message>Feature not implemented: Event Session Matrix - TDD test waiting for implementation</Message>
        </ErrorInfo>
      </Output>
    </UnitTestResult>
    <UnitTestResult executionId="efab8d9d-70f6-4cdc-861d-9e5caf630418" testId="ef6fd984-fabd-b382-0ed6-d314582f9e59" testName="WitchCityRope.Api.Tests.Models.RequestModelValidationTests.RegisterRequest_WhenSceneNameTooShort_ShouldFailValidation(sceneName: &quot;ab&quot;)" computerName="Unbutu-Ai-Chads-PC" duration="00:00:00.0002713" startTime="2025-09-11T15:38:46.5386948-04:00" endTime="2025-09-11T15:38:46.5389263-04:00" testType="13cdc9d9-ddb5-4fa4-a97d-d965ccfc6d4b" outcome="Passed" testListId="8c84fa94-04c1-424b-9868-57a2d4851a1d" relativeResultsDirectory="efab8d9d-70f6-4cdc-861d-9e5caf630418" />
    <UnitTestResult executionId="48faa537-4917-433c-8bb5-2db9ec320f23" testId="88426ba0-032a-dd4f-f592-12dcc4c6ddd4" testName="WitchCityRope.Api.Tests.Services.PaymentServiceTests.HandleWebhookAsync_WithVariousEventTypes_ShouldCompleteSuccessfully(eventType: &quot;payment_intent.succeeded&quot;)" computerName="Unbutu-Ai-Chads-PC" duration="00:00:00.0002335" startTime="2025-09-11T15:38:46.5449903-04:00" endTime="2025-09-11T15:38:46.5450459-04:00" testType="13cdc9d9-ddb5-4fa4-a97d-d965ccfc6d4b" outcome="Passed" testListId="8c84fa94-04c1-424b-9868-57a2d4851a1d" relativeResultsDirectory="48faa537-4917-433c-8bb5-2db9ec320f23" />
    <UnitTestResult executionId="1e2473b6-444f-42c8-9d54-0f078fdae7cb" testId="b01f2f35-3d78-79f5-8eea-bacc89a1a77a" testName="WitchCityRope.Api.Tests.Validators.SubmitApplicationCommandValidatorTests.ValidateAsync_WhenReferenceHasInvalidEmail_ShouldReturnInvalid" computerName="Unbutu-Ai-Chads-PC" duration="00:00:00.0010000" startTime="2025-09-11T15:38:46.5301662-04:00" endTime="2025-09-11T15:38:46.5301803-04:00" testType="13cdc9d9-ddb5-4fa4-a97d-d965ccfc6d4b" outcome="NotExecuted" testListId="8c84fa94-04c1-424b-9868-57a2d4851a1d" relativeResultsDirectory="1e2473b6-444f-42c8-9d54-0f078fdae7cb">
      <Output>
        <ErrorInfo>
          <Message>Feature not implemented: SubmitApplicationCommandValidator not implemented</Message>
        </ErrorInfo>
      </Output>
    </UnitTestResult>
    <UnitTestResult executionId="1445ca9e-3684-4179-8d56-7eedad3209a1" testId="79a78e0c-f40b-cecb-0a99-9835d8ee469f" testName="WitchCityRope.Api.Tests.Services.AuthServiceTests.LoginAsync_WhenInvalidPassword_ShouldThrowUnauthorizedException" computerName="Unbutu-Ai-Chads-PC" duration="00:00:00.0771067" startTime="2025-09-11T15:38:46.5163483-04:00" endTime="2025-09-11T15:38:46.5653437-04:00" testType="13cdc9d9-ddb5-4fa4-a97d-d965ccfc6d4b" outcome="Passed" testListId="8c84fa94-04c1-424b-9868-57a2d4851a1d" relativeResultsDirectory="1445ca9e-3684-4179-8d56-7eedad3209a1" />
    <UnitTestResult executionId="0ce28f39-6d6d-472e-a965-408e50a22993" testId="141f3789-2e8e-3cb9-2236-3d0e32aac9ca" testName="WitchCityRope.Api.Tests.Services.ConcurrencyAndEdgeCaseTests.RegisterForEvent_ConcurrentRegistrationsWithPayment_ShouldProcessCorrectly" computerName="Unbutu-Ai-Chads-PC" duration="00:00:00.0010000" startTime="2025-09-11T15:38:46.5264153-04:00" endTime="2025-09-11T15:38:46.5269003-04:00" testType="13cdc9d9-ddb5-4fa4-a97d-d965ccfc6d4b" outcome="NotExecuted" testListId="8c84fa94-04c1-424b-9868-57a2d4851a1d" relativeResultsDirectory="0ce28f39-6d6d-472e-a965-408e50a22993">
      <Output>
        <ErrorInfo>
          <Message>Feature not implemented: Advanced concurrency and edge case functionality not implemented</Message>
        </ErrorInfo>
      </Output>
    </UnitTestResult>
    <UnitTestResult executionId="df54e28d-9967-491e-ae6a-e587c74fe0b3" testId="6b57c4c9-1b6d-5173-809c-ade4951573b8" testName="WitchCityRope.Api.Tests.Features.Events.EventsManagementServiceTests.GetEventDetailsAsync_ReturnsEventDetails_WhenEventExists" computerName="Unbutu-Ai-Chads-PC" duration="00:00:00.7064351" startTime="2025-09-11T15:38:46.5050182-04:00" endTime="2025-09-11T15:38:47.1948688-04:00" testType="13cdc9d9-ddb5-4fa4-a97d-d965ccfc6d4b" outcome="Passed" testListId="8c84fa94-04c1-424b-9868-57a2d4851a1d" relativeResultsDirectory="df54e28d-9967-491e-ae6a-e587c74fe0b3" />
    <UnitTestResult executionId="eb5e6637-5f6c-4daf-86a7-91ffb4d3bd7e" testId="c43f01d6-9c8e-f77c-7cd7-8c06a5b2b0b7" testName="WitchCityRope.Api.Tests.Models.RequestModelValidationTests.LoginRequest_WhenEmailInvalid_ShouldFailValidation(email: &quot;user@&quot;)" computerName="Unbutu-Ai-Chads-PC" duration="00:00:00.0002012" startTime="2025-09-11T15:38:46.5361685-04:00" endTime="2025-09-11T15:38:46.5362056-04:00" testType="13cdc9d9-ddb5-4fa4-a97d-d965ccfc6d4b" outcome="Passed" testListId="8c84fa94-04c1-424b-9868-57a2d4851a1d" relativeResultsDirectory="eb5e6637-5f6c-4daf-86a7-91ffb4d3bd7e" />
    <UnitTestResult executionId="6e389b57-7bb2-4d8f-a287-954463241534" testId="0a41b648-6bc1-52e9-5896-3d89724af221" testName="WitchCityRope.Api.Tests.Services.EventServiceTests.ProcessPayment_ValidPayment_ShouldReturnSuccess" computerName="Unbutu-Ai-Chads-PC" duration="00:00:00.0056683" startTime="2025-09-11T15:38:47.0934427-04:00" endTime="2025-09-11T15:38:47.0990110-04:00" testType="13cdc9d9-ddb5-4fa4-a97d-d965ccfc6d4b" outcome="Passed" testListId="8c84fa94-04c1-424b-9868-57a2d4851a1d" relativeResultsDirectory="6e389b57-7bb2-4d8f-a287-954463241534" />
    <UnitTestResult executionId="2c591cce-94d5-4502-b738-95cbcbc38765" testId="c66b1523-d06c-53f1-91f2-e92fe2bdfa61" testName="WitchCityRope.Api.Tests.Services.VettingServiceTests.ReviewApplicationAsync_ShouldAcceptVariousDecisions(decision: &quot;Rejected&quot;)" computerName="Unbutu-Ai-Chads-PC" duration="00:00:00.0005308" startTime="2025-09-11T15:38:46.5337728-04:00" endTime="2025-09-11T15:38:46.5338146-04:00" testType="13cdc9d9-ddb5-4fa4-a97d-d965ccfc6d4b" outcome="Passed" testListId="8c84fa94-04c1-424b-9868-57a2d4851a1d" relativeResultsDirectory="2c591cce-94d5-4502-b738-95cbcbc38765" />
    <UnitTestResult executionId="a86fe5c3-852c-474b-a3dc-2de9a186f094" testId="d0eafbab-6788-4e43-72a3-19eef1a65cb9" testName="WitchCityRope.Api.Tests.Features.Events.EventSessionTests.SocialEvent_WithRSVPMode_DoesNotRequirePayment" computerName="Unbutu-Ai-Chads-PC" duration="00:00:00.0010000" startTime="2025-09-11T15:38:46.5239828-04:00" endTime="2025-09-11T15:38:46.5239986-04:00" testType="13cdc9d9-ddb5-4fa4-a97d-d965ccfc6d4b" outcome="NotExecuted" testListId="8c84fa94-04c1-424b-9868-57a2d4851a1d" relativeResultsDirectory="a86fe5c3-852c-474b-a3dc-2de9a186f094">
      <Output>
        <ErrorInfo>
          <Message>Feature not implemented: Event Session Matrix - TDD test waiting for implementation</Message>
        </ErrorInfo>
      </Output>
    </UnitTestResult>
    <UnitTestResult executionId="daabbe2c-f4db-4589-861b-33425714b90b" testId="cdcf4922-0bae-4f2a-7e31-a8007716d2f5" testName="WitchCityRope.Api.Tests.Services.AuthServiceTests.RefreshTokenAsync_WhenUserInactive_ShouldThrowUnauthorizedException" computerName="Unbutu-Ai-Chads-PC" duration="00:00:00.0050259" startTime="2025-09-11T15:38:46.5654892-04:00" endTime="2025-09-11T15:38:46.5704191-04:00" testType="13cdc9d9-ddb5-4fa4-a97d-d965ccfc6d4b" outcome="Passed" testListId="8c84fa94-04c1-424b-9868-57a2d4851a1d" relativeResultsDirectory="daabbe2c-f4db-4589-861b-33425714b90b" />
    <UnitTestResult executionId="75298c5a-627d-4e40-9f57-01e5976f2180" testId="1f2df129-081a-3a0d-7309-86126e1a396f" testName="WitchCityRope.Api.Tests.Models.RequestModelValidationTests.LoginRequest_WhenValid_ShouldPassValidation" computerName="Unbutu-Ai-Chads-PC" duration="00:00:00.0000918" startTime="2025-09-11T15:38:46.5402904-04:00" endTime="2025-09-11T15:38:46.5403328-04:00" testType="13cdc9d9-ddb5-4fa4-a97d-d965ccfc6d4b" outcome="Passed" testListId="8c84fa94-04c1-424b-9868-57a2d4851a1d" relativeResultsDirectory="75298c5a-627d-4e40-9f57-01e5976f2180" />
    <UnitTestResult executionId="8299d008-b850-4c4a-9c07-e719e7b88026" testId="451778c5-690d-0aa0-af92-1c98bac5ec58" testName="WitchCityRope.Api.Tests.Features.Events.EventSessionTests.CreateTicketType_WithSessionMapping_MapsToCorrectSessions" computerName="Unbutu-Ai-Chads-PC" duration="00:00:00.0010000" startTime="2025-09-11T15:38:46.5255643-04:00" endTime="2025-09-11T15:38:46.5255791-04:00" testType="13cdc9d9-ddb5-4fa4-a97d-d965ccfc6d4b" outcome="NotExecuted" testListId="8c84fa94-04c1-424b-9868-57a2d4851a1d" relativeResultsDirectory="8299d008-b850-4c4a-9c07-e719e7b88026">
      <Output>
        <ErrorInfo>
          <Message>Feature not implemented: Event Session Matrix - TDD test waiting for implementation</Message>
        </ErrorInfo>
      </Output>
    </UnitTestResult>
    <UnitTestResult executionId="13bf7402-35da-4047-a9d0-07be05be05e3" testId="5c3b18c5-c7c2-8d97-35e8-533aee1f076c" testName="WitchCityRope.Api.Tests.Services.ConcurrencyAndEdgeCaseTests.UpdateEvent_ConcurrentUpdates_ShouldHandleOptimisticConcurrency" computerName="Unbutu-Ai-Chads-PC" duration="00:00:00.0010000" startTime="2025-09-11T15:38:46.5228831-04:00" endTime="2025-09-11T15:38:46.5229184-04:00" testType="13cdc9d9-ddb5-4fa4-a97d-d965ccfc6d4b" outcome="NotExecuted" testListId="8c84fa94-04c1-424b-9868-57a2d4851a1d" relativeResultsDirectory="13bf7402-35da-4047-a9d0-07be05be05e3">
      <Output>
        <ErrorInfo>
          <Message>Feature not implemented: Advanced concurrency and edge case functionality not implemented</Message>
        </ErrorInfo>
      </Output>
    </UnitTestResult>
    <UnitTestResult executionId="c8b7c4ef-8783-418d-9455-85fc28186b2e" testId="77b3a1b5-e4ec-4279-0c84-91ab7743e70e" testName="WitchCityRope.Api.Tests.Services.PaymentServiceTests.ProcessPaymentAsync_ShouldGenerateUniqueTransactionIds" computerName="Unbutu-Ai-Chads-PC" duration="00:00:00.0005448" startTime="2025-09-11T15:38:46.5460814-04:00" endTime="2025-09-11T15:38:46.5461197-04:00" testType="13cdc9d9-ddb5-4fa4-a97d-d965ccfc6d4b" outcome="Passed" testListId="8c84fa94-04c1-424b-9868-57a2d4851a1d" relativeResultsDirectory="c8b7c4ef-8783-418d-9455-85fc28186b2e" />
    <UnitTestResult executionId="01b5793c-2dfc-4b07-959b-64dca5f227b3" testId="f87c36dd-43c2-9444-de59-3a214b42c0c4" testName="WitchCityRope.Api.Tests.Services.PaymentServiceTests.HandleWebhookAsync_WithEmptyJson_ShouldCompleteSuccessfully" computerName="Unbutu-Ai-Chads-PC" duration="00:00:00.0394235" startTime="2025-09-11T15:38:46.5051505-04:00" endTime="2025-09-11T15:38:46.5429481-04:00" testType="13cdc9d9-ddb5-4fa4-a97d-d965ccfc6d4b" outcome="Passed" testListId="8c84fa94-04c1-424b-9868-57a2d4851a1d" relativeResultsDirectory="01b5793c-2dfc-4b07-959b-64dca5f227b3" />
    <UnitTestResult executionId="8b4aafde-39f6-4000-bd19-2bc0c0425f47" testId="e3dbff40-4784-9af5-125d-fd490f7a79d6" testName="WitchCityRope.Api.Tests.Services.UserServiceTests.PromoteUser_SameRole_ShouldThrowException" computerName="Unbutu-Ai-Chads-PC" duration="00:00:00.0013462" startTime="2025-09-11T15:38:47.2070880-04:00" endTime="2025-09-11T15:38:47.2082897-04:00" testType="13cdc9d9-ddb5-4fa4-a97d-d965ccfc6d4b" outcome="Passed" testListId="8c84fa94-04c1-424b-9868-57a2d4851a1d" relativeResultsDirectory="8b4aafde-39f6-4000-bd19-2bc0c0425f47" />
    <UnitTestResult executionId="a9b05291-f679-43d8-b779-f6b1d0f23356" testId="583cddc6-f7c7-a35b-2c16-29e55ffa22d1" testName="WitchCityRope.Api.Tests.Validators.SubmitApplicationCommandValidatorTests.ValidateAsync_WhenMultipleErrors_ShouldReturnAllErrors" computerName="Unbutu-Ai-Chads-PC" duration="00:00:00.0010000" startTime="2025-09-11T15:38:46.5277611-04:00" endTime="2025-09-11T15:38:46.5277759-04:00" testType="13cdc9d9-ddb5-4fa4-a97d-d965ccfc6d4b" outcome="NotExecuted" testListId="8c84fa94-04c1-424b-9868-57a2d4851a1d" relativeResultsDirectory="a9b05291-f679-43d8-b779-f6b1d0f23356">
      <Output>
        <ErrorInfo>
          <Message>Feature not implemented: SubmitApplicationCommandValidator not implemented</Message>
        </ErrorInfo>
      </Output>
    </UnitTestResult>
    <UnitTestResult executionId="e3b22dd6-8c2b-4ccc-8126-81f889efe436" testId="94b18b9c-aa62-2a80-1d26-040307b6b613" testName="WitchCityRope.Api.Tests.Models.RequestModelValidationTests.RegisterRequest_WhenDateOfBirthInFuture_ShouldFailValidation" computerName="Unbutu-Ai-Chads-PC" duration="00:00:00.0010000" startTime="2025-09-11T15:38:46.5375886-04:00" endTime="2025-09-11T15:38:46.5376035-04:00" testType="13cdc9d9-ddb5-4fa4-a97d-d965ccfc6d4b" outcome="NotExecuted" testListId="8c84fa94-04c1-424b-9868-57a2d4851a1d" relativeResultsDirectory="e3b22dd6-8c2b-4ccc-8126-81f889efe436">
      <Output>
        <ErrorInfo>
          <Message>Feature not implemented: DateOfBirth future date validation not implemented</Message>
        </ErrorInfo>
      </Output>
    </UnitTestResult>
    <UnitTestResult executionId="fd44f9d9-0329-4019-aa61-98c705f13543" testId="84fff6a1-ae6e-5d7b-7321-99ca11e35c0b" testName="WitchCityRope.Api.Tests.Models.RequestModelValidationTests.CreateEventRequest_WhenMaxAttendeesInvalid_ShouldFailValidation" computerName="Unbutu-Ai-Chads-PC" duration="00:00:00.0010000" startTime="2025-09-11T15:38:46.5408950-04:00" endTime="2025-09-11T15:38:46.5409090-04:00" testType="13cdc9d9-ddb5-4fa4-a97d-d965ccfc6d4b" outcome="NotExecuted" testListId="8c84fa94-04c1-424b-9868-57a2d4851a1d" relativeResultsDirectory="fd44f9d9-0329-4019-aa61-98c705f13543">
      <Output>
        <ErrorInfo>
          <Message>Feature not implemented: CreateEventRequest validation attributes not implemented</Message>
        </ErrorInfo>
      </Output>
    </UnitTestResult>
    <UnitTestResult executionId="1e6c5cf8-de6f-4eff-b318-dd12396247ce" testId="668e6e6b-3a59-188b-b7a5-3a46cb678fe9" testName="WitchCityRope.Api.Tests.Services.UserServiceTests.GetUserByEmail_ExistingUser_ShouldReturnUser" computerName="Unbutu-Ai-Chads-PC" duration="00:00:00.0121482" startTime="2025-09-11T15:38:47.1949855-04:00" endTime="2025-09-11T15:38:47.2069483-04:00" testType="13cdc9d9-ddb5-4fa4-a97d-d965ccfc6d4b" outcome="Passed" testListId="8c84fa94-04c1-424b-9868-57a2d4851a1d" relativeResultsDirectory="1e6c5cf8-de6f-4eff-b318-dd12396247ce" />
    <UnitTestResult executionId="37de1188-8799-4ce0-bbb0-068b85a430e6" testId="c6a7fd05-7ed2-376c-7541-ad09a23efff8" testName="WitchCityRope.Api.Tests.Validators.SubmitApplicationCommandValidatorTests.ValidateAsync_WhenNotAgreesToSafetyGuidelines_ShouldReturnInvalid" computerName="Unbutu-Ai-Chads-PC" duration="00:00:00.0010000" startTime="2025-09-11T15:38:46.5307822-04:00" endTime="2025-09-11T15:38:46.5308000-04:00" testType="13cdc9d9-ddb5-4fa4-a97d-d965ccfc6d4b" outcome="NotExecuted" testListId="8c84fa94-04c1-424b-9868-57a2d4851a1d" relativeResultsDirectory="37de1188-8799-4ce0-bbb0-068b85a430e6">
      <Output>
        <ErrorInfo>
          <Message>Feature not implemented: SubmitApplicationCommandValidator not implemented</Message>
        </ErrorInfo>
      </Output>
    </UnitTestResult>
    <UnitTestResult executionId="bdee26c6-5c82-496b-ac4b-0f0eb5722c63" testId="8d5f93cb-6afb-6888-db51-9f5740e71d81" testName="WitchCityRope.Api.Tests.Features.Events.EventsManagementServiceTests.GetEventAvailabilityAsync_ReturnsAvailability_WhenEventExists" computerName="Unbutu-Ai-Chads-PC" duration="00:00:00.0153686" startTime="2025-09-11T15:38:47.2241462-04:00" endTime="2025-09-11T15:38:47.2394412-04:00" testType="13cdc9d9-ddb5-4fa4-a97d-d965ccfc6d4b" outcome="Passed" testListId="8c84fa94-04c1-424b-9868-57a2d4851a1d" relativeResultsDirectory="bdee26c6-5c82-496b-ac4b-0f0eb5722c63" />
    <UnitTestResult executionId="e28f2993-abf5-46f9-96bd-d8074b18232c" testId="dd72016a-12f9-0e26-cfe2-2e0581e1d675" testName="WitchCityRope.Api.Tests.Models.RequestModelValidationTests.RegisterRequest_WhenSceneNameTooShort_ShouldFailValidation(sceneName: &quot;a&quot;)" computerName="Unbutu-Ai-Chads-PC" duration="00:00:00.0004131" startTime="2025-09-11T15:38:46.5385511-04:00" endTime="2025-09-11T15:38:46.5386040-04:00" testType="13cdc9d9-ddb5-4fa4-a97d-d965ccfc6d4b" outcome="Passed" testListId="8c84fa94-04c1-424b-9868-57a2d4851a1d" relativeResultsDirectory="e28f2993-abf5-46f9-96bd-d8074b18232c" />
    <UnitTestResult executionId="dc69a772-a03f-4a2b-85ab-bb3d7bdecefd" testId="eb918f35-c50e-06db-1350-24712645aed4" testName="WitchCityRope.Api.Tests.Models.RequestModelValidationTests.LoginRequest_WhenEmailEmpty_ShouldFailValidation(email: &quot;&quot;)" computerName="Unbutu-Ai-Chads-PC" duration="00:00:00.0001488" startTime="2025-09-11T15:38:46.5407647-04:00" endTime="2025-09-11T15:38:46.5408013-04:00" testType="13cdc9d9-ddb5-4fa4-a97d-d965ccfc6d4b" outcome="Passed" testListId="8c84fa94-04c1-424b-9868-57a2d4851a1d" relativeResultsDirectory="dc69a772-a03f-4a2b-85ab-bb3d7bdecefd" />
    <UnitTestResult executionId="4cf33f5e-d78e-47b9-9971-5552430bcf7f" testId="d73d8d82-2f09-4e6b-0694-75feaa29c735" testName="WitchCityRope.Api.Tests.Services.PaymentServiceTests.ProcessPaymentAsync_WithComplexMetadata_ShouldSucceed" computerName="Unbutu-Ai-Chads-PC" duration="00:00:00.0003444" startTime="2025-09-11T15:38:46.5440337-04:00" endTime="2025-09-11T15:38:46.5440837-04:00" testType="13cdc9d9-ddb5-4fa4-a97d-d965ccfc6d4b" outcome="Passed" testListId="8c84fa94-04c1-424b-9868-57a2d4851a1d" relativeResultsDirectory="4cf33f5e-d78e-47b9-9971-5552430bcf7f" />
    <UnitTestResult executionId="8aa07235-a021-49c6-94fd-a57142b2b002" testId="f20593b6-0b32-1c25-0a70-aa667b56f760" testName="WitchCityRope.Api.Tests.Services.EventServiceTests.Event_Publish_WhenUnpublished_ShouldSucceed" computerName="Unbutu-Ai-Chads-PC" duration="00:00:00.0021789" startTime="2025-09-11T15:38:46.6030042-04:00" endTime="2025-09-11T15:38:46.6051529-04:00" testType="13cdc9d9-ddb5-4fa4-a97d-d965ccfc6d4b" outcome="Passed" testListId="8c84fa94-04c1-424b-9868-57a2d4851a1d" relativeResultsDirectory="8aa07235-a021-49c6-94fd-a57142b2b002" />
    <UnitTestResult executionId="f2a6dff0-1582-4641-b952-7ce1257feb84" testId="1c2cbc0b-5967-aca4-0d32-64d883bf411b" testName="WitchCityRope.Api.Tests.Services.AuthServiceTests.RegisterAsync_WhenEmailAlreadyExists_ShouldThrowConflictException" computerName="Unbutu-Ai-Chads-PC" duration="00:00:00.0091623" startTime="2025-09-11T15:38:46.5705545-04:00" endTime="2025-09-11T15:38:46.5796595-04:00" testType="13cdc9d9-ddb5-4fa4-a97d-d965ccfc6d4b" outcome="Passed" testListId="8c84fa94-04c1-424b-9868-57a2d4851a1d" relativeResultsDirectory="f2a6dff0-1582-4641-b952-7ce1257feb84" />
    <UnitTestResult executionId="67f22290-ee81-490f-9ac9-1403226836bd" testId="c5c1f171-114f-8cb9-fa4b-c4ef489b2437" testName="WitchCityRope.Api.Tests.Models.RequestModelValidationTests.CreateEventRequest_WhenPriceNegative_ShouldFailValidation" computerName="Unbutu-Ai-Chads-PC" duration="00:00:00.0010000" startTime="2025-09-11T15:38:46.5350101-04:00" endTime="2025-09-11T15:38:46.5350256-04:00" testType="13cdc9d9-ddb5-4fa4-a97d-d965ccfc6d4b" outcome="NotExecuted" testListId="8c84fa94-04c1-424b-9868-57a2d4851a1d" relativeResultsDirectory="67f22290-ee81-490f-9ac9-1403226836bd">
      <Output>
        <ErrorInfo>
          <Message>Feature not implemented: CreateEventRequest validation attributes not implemented</Message>
        </ErrorInfo>
      </Output>
    </UnitTestResult>
    <UnitTestResult executionId="78631d2e-6109-403f-87a3-98b6101198f1" testId="82182213-ea2e-c07a-adfd-faf2bae2ad2a" testName="WitchCityRope.Api.Tests.Services.PaymentServiceTests.ProcessPaymentAsync_WithVariousAmounts_ShouldSucceed(amount: 10)" computerName="Unbutu-Ai-Chads-PC" duration="00:00:00.0000222" startTime="2025-09-11T15:38:46.5445148-04:00" endTime="2025-09-11T15:38:46.5445770-04:00" testType="13cdc9d9-ddb5-4fa4-a97d-d965ccfc6d4b" outcome="Passed" testListId="8c84fa94-04c1-424b-9868-57a2d4851a1d" relativeResultsDirectory="78631d2e-6109-403f-87a3-98b6101198f1" />
    <UnitTestResult executionId="6109c03a-9d78-4d05-a762-3789fe13c196" testId="03f2cecc-6942-26e3-7962-83503bce63f6" testName="WitchCityRope.Api.Tests.Validators.SubmitApplicationCommandValidatorTests.ValidateAsync_WhenReferenceHasEmptyName_ShouldReturnInvalid" computerName="Unbutu-Ai-Chads-PC" duration="00:00:00.0010000" startTime="2025-09-11T15:38:46.5292183-04:00" endTime="2025-09-11T15:38:46.5292398-04:00" testType="13cdc9d9-ddb5-4fa4-a97d-d965ccfc6d4b" outcome="NotExecuted" testListId="8c84fa94-04c1-424b-9868-57a2d4851a1d" relativeResultsDirectory="6109c03a-9d78-4d05-a762-3789fe13c196">
      <Output>
        <ErrorInfo>
          <Message>Feature not implemented: SubmitApplicationCommandValidator not implemented</Message>
        </ErrorInfo>
      </Output>
    </UnitTestResult>
    <UnitTestResult executionId="35b2d937-ebb8-4f6e-bede-d46d45f98ccb" testId="bfe843ae-2b4f-daff-0bb8-4471158d4153" testName="WitchCityRope.Api.Tests.Features.Events.EventSessionTests.CalculateAvailability_MultiSessionTicket_ReturnsLimitingSessionCapacity" computerName="Unbutu-Ai-Chads-PC" duration="00:00:00.0010000" startTime="2025-09-11T15:38:46.5286192-04:00" endTime="2025-09-11T15:38:46.5286374-04:00" testType="13cdc9d9-ddb5-4fa4-a97d-d965ccfc6d4b" outcome="NotExecuted" testListId="8c84fa94-04c1-424b-9868-57a2d4851a1d" relativeResultsDirectory="35b2d937-ebb8-4f6e-bede-d46d45f98ccb">
      <Output>
        <ErrorInfo>
          <Message>Feature not implemented: Event Session Matrix - TDD test waiting for implementation</Message>
        </ErrorInfo>
      </Output>
    </UnitTestResult>
    <UnitTestResult executionId="2a0141b0-11ad-4471-ab5e-69aad31abbf5" testId="39e4c1b1-c5d3-54e8-c466-334f11305c4b" testName="WitchCityRope.Api.Tests.Validators.SubmitApplicationCommandValidatorTests.ValidateAsync_WhenValidCommand_ShouldReturnValid" computerName="Unbutu-Ai-Chads-PC" duration="00:00:00.0010000" startTime="2025-09-11T15:38:46.5240753-04:00" endTime="2025-09-11T15:38:46.5253453-04:00" testType="13cdc9d9-ddb5-4fa4-a97d-d965ccfc6d4b" outcome="NotExecuted" testListId="8c84fa94-04c1-424b-9868-57a2d4851a1d" relativeResultsDirectory="2a0141b0-11ad-4471-ab5e-69aad31abbf5">
      <Output>
        <ErrorInfo>
          <Message>Feature not implemented: SubmitApplicationCommandValidator not implemented</Message>
        </ErrorInfo>
      </Output>
    </UnitTestResult>
    <UnitTestResult executionId="fd979dc4-28a0-498c-ab70-e05bc9c81cc8" testId="0a0f9c9a-6dc1-1789-8d9e-584f4f7401ab" testName="WitchCityRope.Api.Tests.Services.UserServiceTests.GetUserById_ExistingUser_ShouldReturnUser" computerName="Unbutu-Ai-Chads-PC" duration="00:00:00.0015071" startTime="2025-09-11T15:38:47.2127592-04:00" endTime="2025-09-11T15:38:47.2141671-04:00" testType="13cdc9d9-ddb5-4fa4-a97d-d965ccfc6d4b" outcome="Passed" testListId="8c84fa94-04c1-424b-9868-57a2d4851a1d" relativeResultsDirectory="fd979dc4-28a0-498c-ab70-e05bc9c81cc8" />
    <UnitTestResult executionId="aa0176e3-e1e4-4123-a476-677e18f3c982" testId="a2b7afd6-97b0-dea5-5014-2412dedaae38" testName="WitchCityRope.Api.Tests.Services.VettingServiceTests.SubmitApplicationAsync_WhenCalled_ShouldReturnPendingApplication" computerName="Unbutu-Ai-Chads-PC" duration="00:00:00.0020450" startTime="2025-09-11T15:38:46.5393226-04:00" endTime="2025-09-11T15:38:46.5411739-04:00" testType="13cdc9d9-ddb5-4fa4-a97d-d965ccfc6d4b" outcome="Passed" testListId="8c84fa94-04c1-424b-9868-57a2d4851a1d" relativeResultsDirectory="aa0176e3-e1e4-4123-a476-677e18f3c982" />
    <UnitTestResult executionId="b5906186-b171-4276-80a3-c54da7be48c9" testId="65abd41f-d775-4794-dd4f-87ab2ba530cb" testName="WitchCityRope.Api.Tests.Services.VettingServiceTests.ReviewApplicationAsync_ShouldAcceptVariousDecisions(decision: &quot;MoreInfoRequested&quot;)" computerName="Unbutu-Ai-Chads-PC" duration="00:00:00.0013511" startTime="2025-09-11T15:38:46.5340175-04:00" endTime="2025-09-11T15:38:46.5352697-04:00" testType="13cdc9d9-ddb5-4fa4-a97d-d965ccfc6d4b" outcome="Passed" testListId="8c84fa94-04c1-424b-9868-57a2d4851a1d" relativeResultsDirectory="b5906186-b171-4276-80a3-c54da7be48c9" />
    <UnitTestResult executionId="57533d9a-9e80-46d3-8ad2-3438e32c64fe" testId="7d8b098b-7bb7-785d-20e7-0e967cbc8391" testName="WitchCityRope.Api.Tests.Services.PaymentServiceTests.HandleWebhookAsync_WhenCalled_ShouldCompleteSuccessfully" computerName="Unbutu-Ai-Chads-PC" duration="00:00:00.0005558" startTime="2025-09-11T15:38:46.5464680-04:00" endTime="2025-09-11T15:38:46.5465060-04:00" testType="13cdc9d9-ddb5-4fa4-a97d-d965ccfc6d4b" outcome="Passed" testListId="8c84fa94-04c1-424b-9868-57a2d4851a1d" relativeResultsDirectory="57533d9a-9e80-46d3-8ad2-3438e32c64fe" />
    <UnitTestResult executionId="8ce3abd9-8753-4442-88b9-8e0f0b41617e" testId="54c3c40a-8e98-32b5-574b-740060729c60" testName="WitchCityRope.Api.Tests.Models.RequestModelValidationTests.LoginRequest_WhenPasswordEmpty_ShouldFailValidation(password: &quot;&quot;)" computerName="Unbutu-Ai-Chads-PC" duration="00:00:00.0003689" startTime="2025-09-11T15:38:46.5390434-04:00" endTime="2025-09-11T15:38:46.5390861-04:00" testType="13cdc9d9-ddb5-4fa4-a97d-d965ccfc6d4b" outcome="Passed" testListId="8c84fa94-04c1-424b-9868-57a2d4851a1d" relativeResultsDirectory="8ce3abd9-8753-4442-88b9-8e0f0b41617e" />
    <UnitTestResult executionId="a9916809-99ca-4b55-baad-a82435e27c97" testId="917b0afd-142a-a86a-9f8e-1e1ec077a96e" testName="WitchCityRope.Api.Tests.Services.PaymentServiceTests.ProcessPaymentAsync_WithDifferentPaymentMethods_ShouldSucceed(method: &quot;CreditCard&quot;)" computerName="Unbutu-Ai-Chads-PC" duration="00:00:00.0001539" startTime="2025-09-11T15:38:46.5431663-04:00" endTime="2025-09-11T15:38:46.5432110-04:00" testType="13cdc9d9-ddb5-4fa4-a97d-d965ccfc6d4b" outcome="Passed" testListId="8c84fa94-04c1-424b-9868-57a2d4851a1d" relativeResultsDirectory="a9916809-99ca-4b55-baad-a82435e27c97" />
    <UnitTestResult executionId="9aeff04e-359e-46bd-b38f-988b70206d6f" testId="dba84b6a-9837-5202-5a89-ddecd33fa364" testName="WitchCityRope.Api.Tests.Validators.SubmitApplicationCommandValidatorTests.ValidateAsync_WhenLessThanTwoReferences_ShouldReturnInvalid" computerName="Unbutu-Ai-Chads-PC" duration="00:00:00.0010000" startTime="2025-09-11T15:38:46.5226925-04:00" endTime="2025-09-11T15:38:46.5227266-04:00" testType="13cdc9d9-ddb5-4fa4-a97d-d965ccfc6d4b" outcome="NotExecuted" testListId="8c84fa94-04c1-424b-9868-57a2d4851a1d" relativeResultsDirectory="9aeff04e-359e-46bd-b38f-988b70206d6f">
      <Output>
        <ErrorInfo>
          <Message>Feature not implemented: SubmitApplicationCommandValidator not implemented</Message>
        </ErrorInfo>
      </Output>
    </UnitTestResult>
    <UnitTestResult executionId="ceb97992-a566-4184-adbd-e036da948522" testId="917900d3-4622-28aa-a3df-e1918a0583f7" testName="WitchCityRope.Api.Tests.Models.RequestModelValidationTests.UpdateProfileRequest_WhenBioTooLong_ShouldFailValidation" computerName="Unbutu-Ai-Chads-PC" duration="00:00:00.0010000" startTime="2025-09-11T15:38:46.5421467-04:00" endTime="2025-09-11T15:38:46.5421644-04:00" testType="13cdc9d9-ddb5-4fa4-a97d-d965ccfc6d4b" outcome="NotExecuted" testListId="8c84fa94-04c1-424b-9868-57a2d4851a1d" relativeResultsDirectory="ceb97992-a566-4184-adbd-e036da948522">
      <Output>
        <ErrorInfo>
          <Message>Feature not implemented: UpdateProfileRequest validation attributes not implemented</Message>
        </ErrorInfo>
      </Output>
    </UnitTestResult>
    <UnitTestResult executionId="41627faf-4362-49bb-a206-6fdd2eb9f5b8" testId="4dde67b7-611c-e035-f046-7ba28211d86e" testName="WitchCityRope.Api.Tests.Services.AuthServiceTests.RefreshTokenAsync_WhenValidRefreshToken_ShouldReturnNewTokens" computerName="Unbutu-Ai-Chads-PC" duration="00:00:00.0099632" startTime="2025-09-11T15:38:46.5838170-04:00" endTime="2025-09-11T15:38:46.5936704-04:00" testType="13cdc9d9-ddb5-4fa4-a97d-d965ccfc6d4b" outcome="Passed" testListId="8c84fa94-04c1-424b-9868-57a2d4851a1d" relativeResultsDirectory="41627faf-4362-49bb-a206-6fdd2eb9f5b8" />
    <UnitTestResult executionId="900dda79-a1ae-41c2-a127-055d60c0f205" testId="f204f494-be0d-81a4-79b0-3ee1b7454749" testName="WitchCityRope.Api.Tests.Services.VettingServiceTests.GetApplicationsAsync_WhenNoApplications_ShouldReturnEmptyPagedResult" computerName="Unbutu-Ai-Chads-PC" duration="00:00:00.0005327" startTime="2025-09-11T15:38:46.5388690-04:00" endTime="2025-09-11T15:38:46.5392055-04:00" testType="13cdc9d9-ddb5-4fa4-a97d-d965ccfc6d4b" outcome="Passed" testListId="8c84fa94-04c1-424b-9868-57a2d4851a1d" relativeResultsDirectory="900dda79-a1ae-41c2-a127-055d60c0f205" />
    <UnitTestResult executionId="6acad517-5578-42b0-9bb8-f1f10630605e" testId="00802914-1f80-8f43-df12-16089613d55e" testName="WitchCityRope.Api.Tests.Models.RequestModelValidationTests.CreateEventRequest_WhenValid_ShouldPassValidation" computerName="Unbutu-Ai-Chads-PC" duration="00:00:00.0008689" startTime="2025-09-11T15:38:46.5411333-04:00" endTime="2025-09-11T15:38:46.5413224-04:00" testType="13cdc9d9-ddb5-4fa4-a97d-d965ccfc6d4b" outcome="Passed" testListId="8c84fa94-04c1-424b-9868-57a2d4851a1d" relativeResultsDirectory="6acad517-5578-42b0-9bb8-f1f10630605e" />
    <UnitTestResult executionId="81842f4f-5935-4b32-8866-ebbcff85554b" testId="f28fc6b4-5987-dd57-72e7-7e6487d14fa7" testName="WitchCityRope.Api.Tests.Services.UserServiceTests.UpdateSceneName_NullName_ShouldThrowException" computerName="Unbutu-Ai-Chads-PC" duration="00:00:00.0012030" startTime="2025-09-11T15:38:47.2084068-04:00" endTime="2025-09-11T15:38:47.2095275-04:00" testType="13cdc9d9-ddb5-4fa4-a97d-d965ccfc6d4b" outcome="Passed" testListId="8c84fa94-04c1-424b-9868-57a2d4851a1d" relativeResultsDirectory="81842f4f-5935-4b32-8866-ebbcff85554b" />
    <UnitTestResult executionId="4028d6ed-569a-4537-b88c-c383d82469db" testId="e94d05c4-e0d5-db50-0892-38c06098cc2c" testName="WitchCityRope.Api.Tests.Services.UserServiceTests.PromoteUser_ToOrganizer_ShouldSucceed" computerName="Unbutu-Ai-Chads-PC" duration="00:00:00.1126219" startTime="2025-09-11T15:38:46.5050820-04:00" endTime="2025-09-11T15:38:46.6010828-04:00" testType="13cdc9d9-ddb5-4fa4-a97d-d965ccfc6d4b" outcome="Passed" testListId="8c84fa94-04c1-424b-9868-57a2d4851a1d" relativeResultsDirectory="4028d6ed-569a-4537-b88c-c383d82469db" />
    <UnitTestResult executionId="e4c80bce-38e6-465a-b631-ffcc7ea17619" testId="d161ef60-55bc-12fa-9311-fca66509171b" testName="WitchCityRope.Api.Tests.Services.AuthServiceTests.RegisterAsync_WhenSceneNameTaken_ShouldThrowConflictException" computerName="Unbutu-Ai-Chads-PC" duration="00:00:00.0019967" startTime="2025-09-11T15:38:46.6023915-04:00" endTime="2025-09-11T15:38:46.6043322-04:00" testType="13cdc9d9-ddb5-4fa4-a97d-d965ccfc6d4b" outcome="Passed" testListId="8c84fa94-04c1-424b-9868-57a2d4851a1d" relativeResultsDirectory="e4c80bce-38e6-465a-b631-ffcc7ea17619" />
    <UnitTestResult executionId="ebdc16d1-eef2-49a5-a15a-d102386db142" testId="ee1c2388-9c50-db6a-d057-cd8300b2375a" testName="WitchCityRope.Api.Tests.Services.VettingServiceTests.ReviewApplicationAsync_WhenRequestingMoreInfo_ShouldReturnRequestedInfoStatus" computerName="Unbutu-Ai-Chads-PC" duration="00:00:00.0005780" startTime="2025-09-11T15:38:46.5428160-04:00" endTime="2025-09-11T15:38:46.5428544-04:00" testType="13cdc9d9-ddb5-4fa4-a97d-d965ccfc6d4b" outcome="Passed" testListId="8c84fa94-04c1-424b-9868-57a2d4851a1d" relativeResultsDirectory="ebdc16d1-eef2-49a5-a15a-d102386db142" />
    <UnitTestResult executionId="06525b64-c827-490e-b8fa-85d83475ae1b" testId="c02dc3e1-0465-5b62-a321-1da10f565da0" testName="WitchCityRope.Api.Tests.Models.RequestModelValidationTests.LoginRequest_WhenEmailInvalid_ShouldFailValidation(email: &quot;notanemail&quot;)" computerName="Unbutu-Ai-Chads-PC" duration="00:00:00.0002097" startTime="2025-09-11T15:38:46.5360376-04:00" endTime="2025-09-11T15:38:46.5360781-04:00" testType="13cdc9d9-ddb5-4fa4-a97d-d965ccfc6d4b" outcome="Passed" testListId="8c84fa94-04c1-424b-9868-57a2d4851a1d" relativeResultsDirectory="06525b64-c827-490e-b8fa-85d83475ae1b" />
    <UnitTestResult executionId="f7c7a57a-7775-4617-b111-ac8cf2ae76ce" testId="6c63bbde-55a6-3c13-bde0-d02101a03f84" testName="WitchCityRope.Api.Tests.Features.Events.EventSessionTests.CalculateAvailability_SingleSessionTicket_ReturnsSessionCapacity" computerName="Unbutu-Ai-Chads-PC" duration="00:00:00.0010000" startTime="2025-09-11T15:38:46.5167572-04:00" endTime="2025-09-11T15:38:46.5167743-04:00" testType="13cdc9d9-ddb5-4fa4-a97d-d965ccfc6d4b" outcome="NotExecuted" testListId="8c84fa94-04c1-424b-9868-57a2d4851a1d" relativeResultsDirectory="f7c7a57a-7775-4617-b111-ac8cf2ae76ce">
      <Output>
        <ErrorInfo>
          <Message>Feature not implemented: Event Session Matrix - TDD test waiting for implementation</Message>
        </ErrorInfo>
      </Output>
    </UnitTestResult>
    <UnitTestResult executionId="7b751ddf-3604-47ba-90d1-26643af0cc53" testId="64000aa9-7c19-9c73-3bf9-65dcea20471e" testName="WitchCityRope.Api.Tests.Services.AuthServiceTests.VerifyEmailAsync_WhenInvalidToken_ShouldThrowValidationException" computerName="Unbutu-Ai-Chads-PC" duration="00:00:00.0009197" startTime="2025-09-11T15:38:46.6187799-04:00" endTime="2025-09-11T15:38:46.6196100-04:00" testType="13cdc9d9-ddb5-4fa4-a97d-d965ccfc6d4b" outcome="Passed" testListId="8c84fa94-04c1-424b-9868-57a2d4851a1d" relativeResultsDirectory="7b751ddf-3604-47ba-90d1-26643af0cc53" />
    <UnitTestResult executionId="403c234f-78a1-431f-bd92-6684d49ba500" testId="82d41334-de0c-6b81-c916-c9458cda93ee" testName="WitchCityRope.Api.Tests.Services.PaymentServiceTests.ProcessPaymentAsync_WithVariousAmounts_ShouldSucceed(amount: 1000)" computerName="Unbutu-Ai-Chads-PC" duration="00:00:00.0000142" startTime="2025-09-11T15:38:46.5446975-04:00" endTime="2025-09-11T15:38:46.5447343-04:00" testType="13cdc9d9-ddb5-4fa4-a97d-d965ccfc6d4b" outcome="Passed" testListId="8c84fa94-04c1-424b-9868-57a2d4851a1d" relativeResultsDirectory="403c234f-78a1-431f-bd92-6684d49ba500" />
    <UnitTestResult executionId="a85c21da-cc05-4e7d-bad5-ce1022f3a68b" testId="02465a18-f13d-aa1e-f099-4e6af9ec6d6b" testName="WitchCityRope.Api.Tests.Features.Events.EventSessionTests.CreateTicketType_MappingToNonExistentSession_ThrowsDomainException" computerName="Unbutu-Ai-Chads-PC" duration="00:00:00.0010000" startTime="2025-09-11T15:38:46.5289554-04:00" endTime="2025-09-11T15:38:46.5289760-04:00" testType="13cdc9d9-ddb5-4fa4-a97d-d965ccfc6d4b" outcome="NotExecuted" testListId="8c84fa94-04c1-424b-9868-57a2d4851a1d" relativeResultsDirectory="a85c21da-cc05-4e7d-bad5-ce1022f3a68b">
      <Output>
        <ErrorInfo>
          <Message>Feature not implemented: Event Session Matrix - TDD test waiting for implementation</Message>
        </ErrorInfo>
      </Output>
    </UnitTestResult>
    <UnitTestResult executionId="2d8ceec0-bca6-46e4-ac68-82fb37278cbc" testId="12943e90-5326-ab11-4660-5779fb5a2589" testName="WitchCityRope.Api.Tests.Models.RequestModelValidationTests.LoginRequest_WhenPasswordEmpty_ShouldFailValidation(password: null)" computerName="Unbutu-Ai-Chads-PC" duration="00:00:00.0002789" startTime="2025-09-11T15:38:46.5391595-04:00" endTime="2025-09-11T15:38:46.5393694-04:00" testType="13cdc9d9-ddb5-4fa4-a97d-d965ccfc6d4b" outcome="Passed" testListId="8c84fa94-04c1-424b-9868-57a2d4851a1d" relativeResultsDirectory="2d8ceec0-bca6-46e4-ac68-82fb37278cbc" />
    <UnitTestResult executionId="c5c542aa-1491-476e-9f15-4e0ebd0ffac0" testId="bbbf1a28-5cd2-95fb-83cd-7c75ad7cf680" testName="WitchCityRope.Api.Tests.Features.Events.EventSessionTests.CalculateAvailability_MixedTicketTypes_CorrectlyTracksCrossSessionCapacity" computerName="Unbutu-Ai-Chads-PC" duration="00:00:00.0010000" startTime="2025-09-11T15:38:46.5275164-04:00" endTime="2025-09-11T15:38:46.5275573-04:00" testType="13cdc9d9-ddb5-4fa4-a97d-d965ccfc6d4b" outcome="NotExecuted" testListId="8c84fa94-04c1-424b-9868-57a2d4851a1d" relativeResultsDirectory="c5c542aa-1491-476e-9f15-4e0ebd0ffac0">
      <Output>
        <ErrorInfo>
          <Message>Feature not implemented: Event Session Matrix - TDD test waiting for implementation</Message>
        </ErrorInfo>
      </Output>
    </UnitTestResult>
    <UnitTestResult executionId="6aa84490-6320-46b9-9756-8df3a6c4b59d" testId="80a6c517-805d-9991-d85d-ee2bd4057e1c" testName="WitchCityRope.Api.Tests.Services.EventServiceTests.Event_UpdateCapacity_InvalidCapacity_ShouldFail" computerName="Unbutu-Ai-Chads-PC" duration="00:00:00.0019872" startTime="2025-09-11T15:38:47.1168305-04:00" endTime="2025-09-11T15:38:47.1187462-04:00" testType="13cdc9d9-ddb5-4fa4-a97d-d965ccfc6d4b" outcome="Passed" testListId="8c84fa94-04c1-424b-9868-57a2d4851a1d" relativeResultsDirectory="6aa84490-6320-46b9-9756-8df3a6c4b59d" />
    <UnitTestResult executionId="9e681eae-f93f-4285-8bf8-ec1c98a199df" testId="0d443c96-7258-59b7-2b77-3a242107eedb" testName="WitchCityRope.Api.Tests.Models.RequestModelValidationTests.RegisterRequest_WhenPasswordWeak_ShouldFailValidation(password: &quot;Password&quot;)" computerName="Unbutu-Ai-Chads-PC" duration="00:00:00.0002773" startTime="2025-09-11T15:38:46.5348338-04:00" endTime="2025-09-11T15:38:46.5348894-04:00" testType="13cdc9d9-ddb5-4fa4-a97d-d965ccfc6d4b" outcome="Passed" testListId="8c84fa94-04c1-424b-9868-57a2d4851a1d" relativeResultsDirectory="9e681eae-f93f-4285-8bf8-ec1c98a199df" />
    <UnitTestResult executionId="61c158f3-8a59-4719-bb58-8391092c2f86" testId="6fb33a65-f890-7357-334a-721f431d770f" testName="WitchCityRope.Api.Tests.Services.PaymentServiceTests.HandleWebhookAsync_WithVariousEventTypes_ShouldCompleteSuccessfully(eventType: &quot;payment_intent.failed&quot;)" computerName="Unbutu-Ai-Chads-PC" duration="00:00:00.0000141" startTime="2025-09-11T15:38:46.5459370-04:00" endTime="2025-09-11T15:38:46.5459807-04:00" testType="13cdc9d9-ddb5-4fa4-a97d-d965ccfc6d4b" outcome="Passed" testListId="8c84fa94-04c1-424b-9868-57a2d4851a1d" relativeResultsDirectory="61c158f3-8a59-4719-bb58-8391092c2f86" />
    <UnitTestResult executionId="b4c030a1-3dfc-4dac-b8f5-bbd2f2c548bf" testId="568a6bc5-b2c3-5c78-35bc-53366ce553e4" testName="WitchCityRope.Api.Tests.Services.EventServiceTests.Event_Unpublish_WithRegistrations_ShouldFail" computerName="Unbutu-Ai-Chads-PC" duration="00:00:00.0026040" startTime="2025-09-11T15:38:46.6157201-04:00" endTime="2025-09-11T15:38:46.6176737-04:00" testType="13cdc9d9-ddb5-4fa4-a97d-d965ccfc6d4b" outcome="Passed" testListId="8c84fa94-04c1-424b-9868-57a2d4851a1d" relativeResultsDirectory="b4c030a1-3dfc-4dac-b8f5-bbd2f2c548bf" />
    <UnitTestResult executionId="0ed9b7a8-3b56-40d8-b667-e606dc3b5bf5" testId="b743e041-a8aa-3787-f298-e303f3c371d8" testName="WitchCityRope.Api.Tests.Validators.SubmitApplicationCommandValidatorTests.ValidateAsync_WhenReferenceHasInvalidPhone_ShouldReturnInvalid" computerName="Unbutu-Ai-Chads-PC" duration="00:00:00.0010000" startTime="2025-09-11T15:38:46.5262576-04:00" endTime="2025-09-11T15:38:46.5263053-04:00" testType="13cdc9d9-ddb5-4fa4-a97d-d965ccfc6d4b" outcome="NotExecuted" testListId="8c84fa94-04c1-424b-9868-57a2d4851a1d" relativeResultsDirectory="0ed9b7a8-3b56-40d8-b667-e606dc3b5bf5">
      <Output>
        <ErrorInfo>
          <Message>Feature not implemented: SubmitApplicationCommandValidator not implemented</Message>
        </ErrorInfo>
      </Output>
    </UnitTestResult>
    <UnitTestResult executionId="ad187f01-55ae-4789-b4c6-fd9ba2688f3a" testId="1adcb140-9f8b-468e-3a90-1e1f5e78494e" testName="WitchCityRope.Api.Tests.Validators.SubmitApplicationCommandValidatorTests.ValidateAsync_WhenNotUnderstandsVettingProcess_ShouldReturnInvalid" computerName="Unbutu-Ai-Chads-PC" duration="00:00:00.0010000" startTime="2025-09-11T15:38:46.5234127-04:00" endTime="2025-09-11T15:38:46.5234292-04:00" testType="13cdc9d9-ddb5-4fa4-a97d-d965ccfc6d4b" outcome="NotExecuted" testListId="8c84fa94-04c1-424b-9868-57a2d4851a1d" relativeResultsDirectory="ad187f01-55ae-4789-b4c6-fd9ba2688f3a">
      <Output>
        <ErrorInfo>
          <Message>Feature not implemented: SubmitApplicationCommandValidator not implemented</Message>
        </ErrorInfo>
      </Output>
    </UnitTestResult>
    <UnitTestResult executionId="302431ec-b763-4ee2-8030-7c2018df0815" testId="e8519750-12f6-bb76-76d4-cce1256f6d9b" testName="WitchCityRope.Api.Tests.Features.Events.EventSessionTests.ComplexWorkshop_ThreeDayEvent_SupportsAllTicketCombinations" computerName="Unbutu-Ai-Chads-PC" duration="00:00:00.0010000" startTime="2025-09-11T15:38:46.5231154-04:00" endTime="2025-09-11T15:38:46.5231388-04:00" testType="13cdc9d9-ddb5-4fa4-a97d-d965ccfc6d4b" outcome="NotExecuted" testListId="8c84fa94-04c1-424b-9868-57a2d4851a1d" relativeResultsDirectory="302431ec-b763-4ee2-8030-7c2018df0815">
      <Output>
        <ErrorInfo>
          <Message>Feature not implemented: Event Session Matrix - TDD test waiting for implementation</Message>
        </ErrorInfo>
      </Output>
    </UnitTestResult>
    <UnitTestResult executionId="12041da4-fc55-4380-9e8a-2b13eff39ce0" testId="f0b94319-84eb-e8bb-b423-6217e299a900" testName="WitchCityRope.Api.Tests.Services.AuthServiceTests.RegisterAsync_WhenUnder21_ShouldThrowValidationException" computerName="Unbutu-Ai-Chads-PC" duration="00:00:00.0007115" startTime="2025-09-11T15:38:46.5938012-04:00" endTime="2025-09-11T15:38:46.5944129-04:00" testType="13cdc9d9-ddb5-4fa4-a97d-d965ccfc6d4b" outcome="Passed" testListId="8c84fa94-04c1-424b-9868-57a2d4851a1d" relativeResultsDirectory="12041da4-fc55-4380-9e8a-2b13eff39ce0" />
    <UnitTestResult executionId="cbe9b43f-a9c2-4230-94d9-0aed81b54bb3" testId="c276fca8-58cf-a032-b763-bf69a9244606" testName="WitchCityRope.Api.Tests.Validators.SubmitApplicationCommandValidatorTests.ValidateAsync_WhenNotAgreesToCodeOfConduct_ShouldReturnInvalid" computerName="Unbutu-Ai-Chads-PC" duration="00:00:00.0010000" startTime="2025-09-11T15:38:46.5288236-04:00" endTime="2025-09-11T15:38:46.5288402-04:00" testType="13cdc9d9-ddb5-4fa4-a97d-d965ccfc6d4b" outcome="NotExecuted" testListId="8c84fa94-04c1-424b-9868-57a2d4851a1d" relativeResultsDirectory="cbe9b43f-a9c2-4230-94d9-0aed81b54bb3">
      <Output>
        <ErrorInfo>
          <Message>Feature not implemented: SubmitApplicationCommandValidator not implemented</Message>
        </ErrorInfo>
      </Output>
    </UnitTestResult>
    <UnitTestResult executionId="43687d17-26a5-4d2c-99b3-b949e389a81b" testId="32bdc6c4-d9e8-31dd-2b0f-999ebab7affb" testName="WitchCityRope.Api.Tests.Services.VettingServiceTests.GetApplicationsAsync_ShouldRespectPaginationParameters(page: 2, pageSize: 25)" computerName="Unbutu-Ai-Chads-PC" duration="00:00:00.0000099" startTime="2025-09-11T15:38:46.5370520-04:00" endTime="2025-09-11T15:38:46.5370956-04:00" testType="13cdc9d9-ddb5-4fa4-a97d-d965ccfc6d4b" outcome="Passed" testListId="8c84fa94-04c1-424b-9868-57a2d4851a1d" relativeResultsDirectory="43687d17-26a5-4d2c-99b3-b949e389a81b" />
    <UnitTestResult executionId="441cca24-5983-431d-a041-3a778c895cf0" testId="215c46c1-0e42-25a9-be95-9e03f1e6cd5a" testName="WitchCityRope.Api.Tests.Models.RequestModelValidationTests.RegisterRequest_WhenPasswordWeak_ShouldFailValidation(password: &quot;12345678&quot;)" computerName="Unbutu-Ai-Chads-PC" duration="00:00:00.0002017" startTime="2025-09-11T15:38:46.5341295-04:00" endTime="2025-09-11T15:38:46.5341729-04:00" testType="13cdc9d9-ddb5-4fa4-a97d-d965ccfc6d4b" outcome="Passed" testListId="8c84fa94-04c1-424b-9868-57a2d4851a1d" relativeResultsDirectory="441cca24-5983-431d-a041-3a778c895cf0" />
    <UnitTestResult executionId="49baf0d4-c65c-42b4-877d-94c10375da0f" testId="44181e32-a6ea-1b78-0a12-8a759af82f7e" testName="WitchCityRope.Api.Tests.Models.RequestModelValidationTests.CreateEventRequest_WhenTitleTooLong_ShouldFailValidation" computerName="Unbutu-Ai-Chads-PC" duration="00:00:00.0010000" startTime="2025-09-11T15:38:46.5396318-04:00" endTime="2025-09-11T15:38:46.5396479-04:00" testType="13cdc9d9-ddb5-4fa4-a97d-d965ccfc6d4b" outcome="NotExecuted" testListId="8c84fa94-04c1-424b-9868-57a2d4851a1d" relativeResultsDirectory="49baf0d4-c65c-42b4-877d-94c10375da0f">
      <Output>
        <ErrorInfo>
          <Message>Feature not implemented: CreateEventRequest validation attributes not implemented</Message>
        </ErrorInfo>
      </Output>
    </UnitTestResult>
    <UnitTestResult executionId="044883ea-5195-4019-983f-212ccbcbe2d9" testId="890eb46e-ed99-fcfe-6c7a-4a2644ccc65c" testName="WitchCityRope.Api.Tests.Services.UserServiceTests.CreateUser_ValidData_ShouldSucceed" computerName="Unbutu-Ai-Chads-PC" duration="00:00:00.0018884" startTime="2025-09-11T15:38:47.1810178-04:00" endTime="2025-09-11T15:38:47.1828240-04:00" testType="13cdc9d9-ddb5-4fa4-a97d-d965ccfc6d4b" outcome="Passed" testListId="8c84fa94-04c1-424b-9868-57a2d4851a1d" relativeResultsDirectory="044883ea-5195-4019-983f-212ccbcbe2d9" />
    <UnitTestResult executionId="49a8986a-fa8b-495c-ba8e-cbe59d571f69" testId="ae909b0f-4cd5-c017-f2d4-7868100b106a" testName="WitchCityRope.Api.Tests.Services.EventServiceTests.Event_UpdateCapacity_ValidIncrease_ShouldSucceed" computerName="Unbutu-Ai-Chads-PC" duration="00:00:00.1146745" startTime="2025-09-11T15:38:46.5057530-04:00" endTime="2025-09-11T15:38:46.6029118-04:00" testType="13cdc9d9-ddb5-4fa4-a97d-d965ccfc6d4b" outcome="Passed" testListId="8c84fa94-04c1-424b-9868-57a2d4851a1d" relativeResultsDirectory="49a8986a-fa8b-495c-ba8e-cbe59d571f69" />
    <UnitTestResult executionId="615d5444-3ed5-462e-af61-3148d24d6102" testId="2d05fca8-5635-daa8-5a89-6b44f28f210c" testName="WitchCityRope.Api.Tests.Services.ConcurrencyAndEdgeCaseTests.CreateEvent_WithDuplicateSlug_ShouldGenerateUniqueSlug" computerName="Unbutu-Ai-Chads-PC" duration="00:00:00.0010000" startTime="2025-09-11T15:38:46.5163670-04:00" endTime="2025-09-11T15:38:46.5164869-04:00" testType="13cdc9d9-ddb5-4fa4-a97d-d965ccfc6d4b" outcome="NotExecuted" testListId="8c84fa94-04c1-424b-9868-57a2d4851a1d" relativeResultsDirectory="615d5444-3ed5-462e-af61-3148d24d6102">
      <Output>
        <ErrorInfo>
          <Message>Feature not implemented: Advanced concurrency and edge case functionality not implemented</Message>
        </ErrorInfo>
      </Output>
    </UnitTestResult>
    <UnitTestResult executionId="a575b1e7-4ef5-4959-b30c-dbc10bd4567e" testId="41c14127-68ce-6273-b23d-3148180b55ee" testName="WitchCityRope.Api.Tests.Services.VettingServiceTests.ReviewApplicationAsync_WhenRejecting_ShouldReturnRejectedStatus" computerName="Unbutu-Ai-Chads-PC" duration="00:00:00.0010724" startTime="2025-09-11T15:38:46.5379490-04:00" endTime="2025-09-11T15:38:46.5387483-04:00" testType="13cdc9d9-ddb5-4fa4-a97d-d965ccfc6d4b" outcome="Passed" testListId="8c84fa94-04c1-424b-9868-57a2d4851a1d" relativeResultsDirectory="a575b1e7-4ef5-4959-b30c-dbc10bd4567e" />
    <UnitTestResult executionId="ec963650-02fd-468a-969d-1a1e41af5ade" testId="d11ba6e2-82cc-aa66-9a75-d34217d303b3" testName="WitchCityRope.Api.Tests.Models.RequestModelValidationTests.LoginRequest_WhenEmailEmpty_ShouldFailValidation(email: null)" computerName="Unbutu-Ai-Chads-PC" duration="00:00:00.0002340" startTime="2025-09-11T15:38:46.5406209-04:00" endTime="2025-09-11T15:38:46.5406685-04:00" testType="13cdc9d9-ddb5-4fa4-a97d-d965ccfc6d4b" outcome="Passed" testListId="8c84fa94-04c1-424b-9868-57a2d4851a1d" relativeResultsDirectory="ec963650-02fd-468a-969d-1a1e41af5ade" />
  </Results>
  <TestDefinitions>
    <UnitTest name="WitchCityRope.Api.Tests.Models.RequestModelValidationTests.RegisterRequest_WhenPasswordWeak_ShouldFailValidation(password: &quot;password&quot;)" storage="/home/chad/repos/witchcityrope-react/tests/witchcityrope.api.tests/bin/debug/net9.0/witchcityrope.api.tests.dll" id="50b838df-c47a-c8b4-39fa-3ae27b0dd858">
      <Execution id="f4029b0b-dab1-454b-b58d-8d0817e0deba" />
      <TestMethod codeBase="/home/chad/repos/witchcityrope-react/tests/WitchCityRope.Api.Tests/bin/Debug/net9.0/WitchCityRope.Api.Tests.dll" adapterTypeName="executor://xunit/VsTestRunner3/netcore/" className="WitchCityRope.Api.Tests.Models.RequestModelValidationTests" name="RegisterRequest_WhenPasswordWeak_ShouldFailValidation" />
    </UnitTest>
    <UnitTest name="WitchCityRope.Api.Tests.Services.AuthServiceTests.RefreshTokenAsync_WhenInvalidToken_ShouldThrowUnauthorizedException" storage="/home/chad/repos/witchcityrope-react/tests/witchcityrope.api.tests/bin/debug/net9.0/witchcityrope.api.tests.dll" id="230be00b-2344-eab7-117b-4ec82bc17a66">
      <Execution id="5cd0976a-3855-4ae3-bbc4-7f6a3d0b895b" />
      <TestMethod codeBase="/home/chad/repos/witchcityrope-react/tests/WitchCityRope.Api.Tests/bin/Debug/net9.0/WitchCityRope.Api.Tests.dll" adapterTypeName="executor://xunit/VsTestRunner3/netcore/" className="WitchCityRope.Api.Tests.Services.AuthServiceTests" name="RefreshTokenAsync_WhenInvalidToken_ShouldThrowUnauthorizedException" />
    </UnitTest>
    <UnitTest name="WitchCityRope.Api.Tests.Services.AuthServiceTests.RefreshTokenAsync_WhenUserNotFound_ShouldThrowUnauthorizedException" storage="/home/chad/repos/witchcityrope-react/tests/witchcityrope.api.tests/bin/debug/net9.0/witchcityrope.api.tests.dll" id="91d56d2b-9db2-efb2-91b1-5500e97cc265">
      <Execution id="ea01c867-f2c5-4b43-bfc4-271d5ccc3d82" />
      <TestMethod codeBase="/home/chad/repos/witchcityrope-react/tests/WitchCityRope.Api.Tests/bin/Debug/net9.0/WitchCityRope.Api.Tests.dll" adapterTypeName="executor://xunit/VsTestRunner3/netcore/" className="WitchCityRope.Api.Tests.Services.AuthServiceTests" name="RefreshTokenAsync_WhenUserNotFound_ShouldThrowUnauthorizedException" />
    </UnitTest>
    <UnitTest name="WitchCityRope.Api.Tests.Features.Events.EventSessionTests.CreateEventSession_WithOverlappingTimes_ThrowsDomainException" storage="/home/chad/repos/witchcityrope-react/tests/witchcityrope.api.tests/bin/debug/net9.0/witchcityrope.api.tests.dll" id="150d0917-35be-bf3f-1eb9-d5dd54a95e1d">
      <Execution id="17361942-9d79-4673-9260-129926531c98" />
      <TestMethod codeBase="/home/chad/repos/witchcityrope-react/tests/WitchCityRope.Api.Tests/bin/Debug/net9.0/WitchCityRope.Api.Tests.dll" adapterTypeName="executor://xunit/VsTestRunner3/netcore/" className="WitchCityRope.Api.Tests.Features.Events.EventSessionTests" name="CreateEventSession_WithOverlappingTimes_ThrowsDomainException" />
    </UnitTest>
    <UnitTest name="WitchCityRope.Api.Tests.Models.RequestModelValidationTests.LoginRequest_WhenPasswordEmpty_ShouldFailValidation(password: &quot;&quot;)" storage="/home/chad/repos/witchcityrope-react/tests/witchcityrope.api.tests/bin/debug/net9.0/witchcityrope.api.tests.dll" id="54c3c40a-8e98-32b5-574b-740060729c60">
      <Execution id="8ce3abd9-8753-4442-88b9-8e0f0b41617e" />
      <TestMethod codeBase="/home/chad/repos/witchcityrope-react/tests/WitchCityRope.Api.Tests/bin/Debug/net9.0/WitchCityRope.Api.Tests.dll" adapterTypeName="executor://xunit/VsTestRunner3/netcore/" className="WitchCityRope.Api.Tests.Models.RequestModelValidationTests" name="LoginRequest_WhenPasswordEmpty_ShouldFailValidation" />
    </UnitTest>
    <UnitTest name="WitchCityRope.Api.Tests.Services.PaymentServiceTests.ProcessPaymentAsync_WhenCalled_ShouldReturnSuccessfulResponse" storage="/home/chad/repos/witchcityrope-react/tests/witchcityrope.api.tests/bin/debug/net9.0/witchcityrope.api.tests.dll" id="81f4ee71-2d7f-9e2d-25a9-c870a2cf0d24">
      <Execution id="302e77a1-d504-433d-977b-3633486a7eee" />
      <TestMethod codeBase="/home/chad/repos/witchcityrope-react/tests/WitchCityRope.Api.Tests/bin/Debug/net9.0/WitchCityRope.Api.Tests.dll" adapterTypeName="executor://xunit/VsTestRunner3/netcore/" className="WitchCityRope.Api.Tests.Services.PaymentServiceTests" name="ProcessPaymentAsync_WhenCalled_ShouldReturnSuccessfulResponse" />
    </UnitTest>
    <UnitTest name="WitchCityRope.Api.Tests.Services.AuthServiceTests.LoginAsync_WhenUserNotFound_ShouldThrowUnauthorizedException" storage="/home/chad/repos/witchcityrope-react/tests/witchcityrope.api.tests/bin/debug/net9.0/witchcityrope.api.tests.dll" id="b16383da-e4b8-90ae-b65b-b67fe58bb238">
      <Execution id="07dc2074-8380-482e-8aec-28b9b771cd69" />
      <TestMethod codeBase="/home/chad/repos/witchcityrope-react/tests/WitchCityRope.Api.Tests/bin/Debug/net9.0/WitchCityRope.Api.Tests.dll" adapterTypeName="executor://xunit/VsTestRunner3/netcore/" className="WitchCityRope.Api.Tests.Services.AuthServiceTests" name="LoginAsync_WhenUserNotFound_ShouldThrowUnauthorizedException" />
    </UnitTest>
    <UnitTest name="WitchCityRope.Api.Tests.Services.ConcurrencyAndEdgeCaseTests.RegisterForEvent_ConcurrentRegistrations_ShouldHandleCapacityCorrectly" storage="/home/chad/repos/witchcityrope-react/tests/witchcityrope.api.tests/bin/debug/net9.0/witchcityrope.api.tests.dll" id="d211762c-e30e-12e4-6f58-8a2ff0f5efe2">
      <Execution id="a80475bd-fdd5-4f84-b1d9-0aa9450e82dd" />
      <TestMethod codeBase="/home/chad/repos/witchcityrope-react/tests/WitchCityRope.Api.Tests/bin/Debug/net9.0/WitchCityRope.Api.Tests.dll" adapterTypeName="executor://xunit/VsTestRunner3/netcore/" className="WitchCityRope.Api.Tests.Services.ConcurrencyAndEdgeCaseTests" name="RegisterForEvent_ConcurrentRegistrations_ShouldHandleCapacityCorrectly" />
    </UnitTest>
    <UnitTest name="WitchCityRope.Api.Tests.Services.UserServiceTests.UpdateSceneName_NullName_ShouldThrowException" storage="/home/chad/repos/witchcityrope-react/tests/witchcityrope.api.tests/bin/debug/net9.0/witchcityrope.api.tests.dll" id="f28fc6b4-5987-dd57-72e7-7e6487d14fa7">
      <Execution id="81842f4f-5935-4b32-8866-ebbcff85554b" />
      <TestMethod codeBase="/home/chad/repos/witchcityrope-react/tests/WitchCityRope.Api.Tests/bin/Debug/net9.0/WitchCityRope.Api.Tests.dll" adapterTypeName="executor://xunit/VsTestRunner3/netcore/" className="WitchCityRope.Api.Tests.Services.UserServiceTests" name="UpdateSceneName_NullName_ShouldThrowException" />
    </UnitTest>
    <UnitTest name="WitchCityRope.Api.Tests.Services.PaymentServiceTests.ProcessPaymentAsync_WithVariousAmounts_ShouldSucceed(amount: 10)" storage="/home/chad/repos/witchcityrope-react/tests/witchcityrope.api.tests/bin/debug/net9.0/witchcityrope.api.tests.dll" id="82182213-ea2e-c07a-adfd-faf2bae2ad2a">
      <Execution id="78631d2e-6109-403f-87a3-98b6101198f1" />
      <TestMethod codeBase="/home/chad/repos/witchcityrope-react/tests/WitchCityRope.Api.Tests/bin/Debug/net9.0/WitchCityRope.Api.Tests.dll" adapterTypeName="executor://xunit/VsTestRunner3/netcore/" className="WitchCityRope.Api.Tests.Services.PaymentServiceTests" name="ProcessPaymentAsync_WithVariousAmounts_ShouldSucceed" />
    </UnitTest>
    <UnitTest name="WitchCityRope.Api.Tests.Services.VettingServiceTests.ReviewApplicationAsync_WithEmptyNotes_ShouldStillSucceed" storage="/home/chad/repos/witchcityrope-react/tests/witchcityrope.api.tests/bin/debug/net9.0/witchcityrope.api.tests.dll" id="f4687f5b-393d-24ff-cd27-26b98e3335b6">
      <Execution id="61757ede-22ad-4a18-ad18-183a6d18e015" />
      <TestMethod codeBase="/home/chad/repos/witchcityrope-react/tests/WitchCityRope.Api.Tests/bin/Debug/net9.0/WitchCityRope.Api.Tests.dll" adapterTypeName="executor://xunit/VsTestRunner3/netcore/" className="WitchCityRope.Api.Tests.Services.VettingServiceTests" name="ReviewApplicationAsync_WithEmptyNotes_ShouldStillSucceed" />
    </UnitTest>
    <UnitTest name="WitchCityRope.Api.Tests.Services.VettingServiceTests.SubmitApplicationAsync_WhenCalled_ShouldReturnPendingApplication" storage="/home/chad/repos/witchcityrope-react/tests/witchcityrope.api.tests/bin/debug/net9.0/witchcityrope.api.tests.dll" id="a2b7afd6-97b0-dea5-5014-2412dedaae38">
      <Execution id="aa0176e3-e1e4-4123-a476-677e18f3c982" />
      <TestMethod codeBase="/home/chad/repos/witchcityrope-react/tests/WitchCityRope.Api.Tests/bin/Debug/net9.0/WitchCityRope.Api.Tests.dll" adapterTypeName="executor://xunit/VsTestRunner3/netcore/" className="WitchCityRope.Api.Tests.Services.VettingServiceTests" name="SubmitApplicationAsync_WhenCalled_ShouldReturnPendingApplication" />
    </UnitTest>
    <UnitTest name="WitchCityRope.Api.Tests.Features.Events.EventsManagementServiceTests.GetEventAvailabilityAsync_ReturnsAvailability_WhenEventExists" storage="/home/chad/repos/witchcityrope-react/tests/witchcityrope.api.tests/bin/debug/net9.0/witchcityrope.api.tests.dll" id="8d5f93cb-6afb-6888-db51-9f5740e71d81">
      <Execution id="bdee26c6-5c82-496b-ac4b-0f0eb5722c63" />
      <TestMethod codeBase="/home/chad/repos/witchcityrope-react/tests/WitchCityRope.Api.Tests/bin/Debug/net9.0/WitchCityRope.Api.Tests.dll" adapterTypeName="executor://xunit/VsTestRunner3/netcore/" className="WitchCityRope.Api.Tests.Features.Events.EventsManagementServiceTests" name="GetEventAvailabilityAsync_ReturnsAvailability_WhenEventExists" />
    </UnitTest>
    <UnitTest name="WitchCityRope.Api.Tests.Features.Events.EventSessionTests.CreateEvent_WithMultipleSessions_CreatesS1S2S3Structure" storage="/home/chad/repos/witchcityrope-react/tests/witchcityrope.api.tests/bin/debug/net9.0/witchcityrope.api.tests.dll" id="7c3dbdee-d9f6-f244-9515-382bc53afaf3">
      <Execution id="056fb397-0f0f-49ff-be05-db4d96e7b76c" />
      <TestMethod codeBase="/home/chad/repos/witchcityrope-react/tests/WitchCityRope.Api.Tests/bin/Debug/net9.0/WitchCityRope.Api.Tests.dll" adapterTypeName="executor://xunit/VsTestRunner3/netcore/" className="WitchCityRope.Api.Tests.Features.Events.EventSessionTests" name="CreateEvent_WithMultipleSessions_CreatesS1S2S3Structure" />
    </UnitTest>
    <UnitTest name="WitchCityRope.Api.Tests.Models.RequestModelValidationTests.UpdateProfileRequest_WhenAllFieldsNull_ShouldPassValidation" storage="/home/chad/repos/witchcityrope-react/tests/witchcityrope.api.tests/bin/debug/net9.0/witchcityrope.api.tests.dll" id="330c81a6-c94a-63b1-c379-5f413e95251b">
      <Execution id="f5c72236-a3c4-4d9b-ba1f-4b7012684f2c" />
      <TestMethod codeBase="/home/chad/repos/witchcityrope-react/tests/WitchCityRope.Api.Tests/bin/Debug/net9.0/WitchCityRope.Api.Tests.dll" adapterTypeName="executor://xunit/VsTestRunner3/netcore/" className="WitchCityRope.Api.Tests.Models.RequestModelValidationTests" name="UpdateProfileRequest_WhenAllFieldsNull_ShouldPassValidation" />
    </UnitTest>
    <UnitTest name="WitchCityRope.Api.Tests.Models.RequestModelValidationTests.UpdateProfileRequest_WhenValid_ShouldPassValidation" storage="/home/chad/repos/witchcityrope-react/tests/witchcityrope.api.tests/bin/debug/net9.0/witchcityrope.api.tests.dll" id="47dd39c0-4fb8-b6af-825b-fabee870eaed">
      <Execution id="30c3b391-8065-4d74-9360-99d884196f0e" />
      <TestMethod codeBase="/home/chad/repos/witchcityrope-react/tests/WitchCityRope.Api.Tests/bin/Debug/net9.0/WitchCityRope.Api.Tests.dll" adapterTypeName="executor://xunit/VsTestRunner3/netcore/" className="WitchCityRope.Api.Tests.Models.RequestModelValidationTests" name="UpdateProfileRequest_WhenValid_ShouldPassValidation" />
    </UnitTest>
    <UnitTest name="WitchCityRope.Api.Tests.Models.RequestModelValidationTests.LoginRequest_WhenPasswordEmpty_ShouldFailValidation(password: null)" storage="/home/chad/repos/witchcityrope-react/tests/witchcityrope.api.tests/bin/debug/net9.0/witchcityrope.api.tests.dll" id="12943e90-5326-ab11-4660-5779fb5a2589">
      <Execution id="2d8ceec0-bca6-46e4-ac68-82fb37278cbc" />
      <TestMethod codeBase="/home/chad/repos/witchcityrope-react/tests/WitchCityRope.Api.Tests/bin/Debug/net9.0/WitchCityRope.Api.Tests.dll" adapterTypeName="executor://xunit/VsTestRunner3/netcore/" className="WitchCityRope.Api.Tests.Models.RequestModelValidationTests" name="LoginRequest_WhenPasswordEmpty_ShouldFailValidation" />
    </UnitTest>
    <UnitTest name="WitchCityRope.Api.Tests.Models.RequestModelValidationTests.RegisterRequest_WhenPasswordWeak_ShouldFailValidation(password: &quot;Password&quot;)" storage="/home/chad/repos/witchcityrope-react/tests/witchcityrope.api.tests/bin/debug/net9.0/witchcityrope.api.tests.dll" id="0d443c96-7258-59b7-2b77-3a242107eedb">
      <Execution id="9e681eae-f93f-4285-8bf8-ec1c98a199df" />
      <TestMethod codeBase="/home/chad/repos/witchcityrope-react/tests/WitchCityRope.Api.Tests/bin/Debug/net9.0/WitchCityRope.Api.Tests.dll" adapterTypeName="executor://xunit/VsTestRunner3/netcore/" className="WitchCityRope.Api.Tests.Models.RequestModelValidationTests" name="RegisterRequest_WhenPasswordWeak_ShouldFailValidation" />
    </UnitTest>
    <UnitTest name="WitchCityRope.Api.Tests.Services.VettingServiceTests.GetApplicationsAsync_ShouldRespectPaginationParameters(page: 3, pageSize: 50)" storage="/home/chad/repos/witchcityrope-react/tests/witchcityrope.api.tests/bin/debug/net9.0/witchcityrope.api.tests.dll" id="7ab55dc2-99ef-26d6-4b05-e2ad6cf1e72a">
      <Execution id="54e36474-2926-4b53-a4d5-78be113522a2" />
      <TestMethod codeBase="/home/chad/repos/witchcityrope-react/tests/WitchCityRope.Api.Tests/bin/Debug/net9.0/WitchCityRope.Api.Tests.dll" adapterTypeName="executor://xunit/VsTestRunner3/netcore/" className="WitchCityRope.Api.Tests.Services.VettingServiceTests" name="GetApplicationsAsync_ShouldRespectPaginationParameters" />
    </UnitTest>
    <UnitTest name="WitchCityRope.Api.Tests.Services.EventServiceTests.User_Create_UnderAge_ShouldFail" storage="/home/chad/repos/witchcityrope-react/tests/witchcityrope.api.tests/bin/debug/net9.0/witchcityrope.api.tests.dll" id="d55103ad-49d1-d81e-3b2b-9cca95b3e05e">
      <Execution id="b453fd10-ad8f-4f14-bd89-1bccca5524fc" />
      <TestMethod codeBase="/home/chad/repos/witchcityrope-react/tests/WitchCityRope.Api.Tests/bin/Debug/net9.0/WitchCityRope.Api.Tests.dll" adapterTypeName="executor://xunit/VsTestRunner3/netcore/" className="WitchCityRope.Api.Tests.Services.EventServiceTests" name="User_Create_UnderAge_ShouldFail" />
    </UnitTest>
    <UnitTest name="WitchCityRope.Api.Tests.Services.ConcurrencyAndEdgeCaseTests.RegisterForEvent_WithSpecialCharactersInUserData_ShouldHandleCorrectly" storage="/home/chad/repos/witchcityrope-react/tests/witchcityrope.api.tests/bin/debug/net9.0/witchcityrope.api.tests.dll" id="b02d24f0-0dc5-6922-4397-48fa34ca244b">
      <Execution id="72748e80-466b-4ff0-8c4c-e56001a198a5" />
      <TestMethod codeBase="/home/chad/repos/witchcityrope-react/tests/WitchCityRope.Api.Tests/bin/Debug/net9.0/WitchCityRope.Api.Tests.dll" adapterTypeName="executor://xunit/VsTestRunner3/netcore/" className="WitchCityRope.Api.Tests.Services.ConcurrencyAndEdgeCaseTests" name="RegisterForEvent_WithSpecialCharactersInUserData_ShouldHandleCorrectly" />
    </UnitTest>
    <UnitTest name="WitchCityRope.Api.Tests.Services.UserServiceTests.PromoteUser_SameRole_ShouldThrowException" storage="/home/chad/repos/witchcityrope-react/tests/witchcityrope.api.tests/bin/debug/net9.0/witchcityrope.api.tests.dll" id="e3dbff40-4784-9af5-125d-fd490f7a79d6">
      <Execution id="8b4aafde-39f6-4000-bd19-2bc0c0425f47" />
      <TestMethod codeBase="/home/chad/repos/witchcityrope-react/tests/WitchCityRope.Api.Tests/bin/Debug/net9.0/WitchCityRope.Api.Tests.dll" adapterTypeName="executor://xunit/VsTestRunner3/netcore/" className="WitchCityRope.Api.Tests.Services.UserServiceTests" name="PromoteUser_SameRole_ShouldThrowException" />
    </UnitTest>
    <UnitTest name="WitchCityRope.Api.Tests.Services.UserServiceTests.UpdateSceneName_ValidName_ShouldSucceed" storage="/home/chad/repos/witchcityrope-react/tests/witchcityrope.api.tests/bin/debug/net9.0/witchcityrope.api.tests.dll" id="f13b171d-2162-bf54-e1c1-8ff785ca38d0">
      <Execution id="07ff68a1-2294-47a8-b643-3a6921110939" />
      <TestMethod codeBase="/home/chad/repos/witchcityrope-react/tests/WitchCityRope.Api.Tests/bin/Debug/net9.0/WitchCityRope.Api.Tests.dll" adapterTypeName="executor://xunit/VsTestRunner3/netcore/" className="WitchCityRope.Api.Tests.Services.UserServiceTests" name="UpdateSceneName_ValidName_ShouldSucceed" />
    </UnitTest>
    <UnitTest name="WitchCityRope.Api.Tests.Services.EventServiceTests.User_PromoteToRole_ValidPromotion_ShouldSucceed" storage="/home/chad/repos/witchcityrope-react/tests/witchcityrope.api.tests/bin/debug/net9.0/witchcityrope.api.tests.dll" id="7c97d4b4-d749-d69c-fd3e-825c0c69abca">
      <Execution id="33dc5da1-ba92-4836-a366-119c0b3257ec" />
      <TestMethod codeBase="/home/chad/repos/witchcityrope-react/tests/WitchCityRope.Api.Tests/bin/Debug/net9.0/WitchCityRope.Api.Tests.dll" adapterTypeName="executor://xunit/VsTestRunner3/netcore/" className="WitchCityRope.Api.Tests.Services.EventServiceTests" name="User_PromoteToRole_ValidPromotion_ShouldSucceed" />
    </UnitTest>
    <UnitTest name="WitchCityRope.Api.Tests.Services.PaymentServiceTests.ProcessPaymentAsync_WithComplexMetadata_ShouldSucceed" storage="/home/chad/repos/witchcityrope-react/tests/witchcityrope.api.tests/bin/debug/net9.0/witchcityrope.api.tests.dll" id="d73d8d82-2f09-4e6b-0694-75feaa29c735">
      <Execution id="4cf33f5e-d78e-47b9-9971-5552430bcf7f" />
      <TestMethod codeBase="/home/chad/repos/witchcityrope-react/tests/WitchCityRope.Api.Tests/bin/Debug/net9.0/WitchCityRope.Api.Tests.dll" adapterTypeName="executor://xunit/VsTestRunner3/netcore/" className="WitchCityRope.Api.Tests.Services.PaymentServiceTests" name="ProcessPaymentAsync_WithComplexMetadata_ShouldSucceed" />
    </UnitTest>
    <UnitTest name="WitchCityRope.Api.Tests.Features.Events.EventSessionTests.CreateEventSession_WithInvalidCapacity_ThrowsDomainException" storage="/home/chad/repos/witchcityrope-react/tests/witchcityrope.api.tests/bin/debug/net9.0/witchcityrope.api.tests.dll" id="f075abd2-7127-1dfa-c69c-23f970fa97d0">
      <Execution id="b1d62fbe-60d8-45da-a1e2-564f69cd8ec4" />
      <TestMethod codeBase="/home/chad/repos/witchcityrope-react/tests/WitchCityRope.Api.Tests/bin/Debug/net9.0/WitchCityRope.Api.Tests.dll" adapterTypeName="executor://xunit/VsTestRunner3/netcore/" className="WitchCityRope.Api.Tests.Features.Events.EventSessionTests" name="CreateEventSession_WithInvalidCapacity_ThrowsDomainException" />
    </UnitTest>
    <UnitTest name="WitchCityRope.Api.Tests.Services.AuthServiceTests.RegisterAsync_WhenValidRequest_ShouldCreateUserAndSendVerificationEmail" storage="/home/chad/repos/witchcityrope-react/tests/witchcityrope.api.tests/bin/debug/net9.0/witchcityrope.api.tests.dll" id="db12395b-c8be-afaa-52ae-fef2ba48978d">
      <Execution id="95e49a75-2184-4850-a7c8-4ee67f6706ea" />
      <TestMethod codeBase="/home/chad/repos/witchcityrope-react/tests/WitchCityRope.Api.Tests/bin/Debug/net9.0/WitchCityRope.Api.Tests.dll" adapterTypeName="executor://xunit/VsTestRunner3/netcore/" className="WitchCityRope.Api.Tests.Services.AuthServiceTests" name="RegisterAsync_WhenValidRequest_ShouldCreateUserAndSendVerificationEmail" />
    </UnitTest>
    <UnitTest name="WitchCityRope.Api.Tests.Services.PaymentServiceTests.HandleWebhookAsync_WhenCalled_ShouldCompleteSuccessfully" storage="/home/chad/repos/witchcityrope-react/tests/witchcityrope.api.tests/bin/debug/net9.0/witchcityrope.api.tests.dll" id="7d8b098b-7bb7-785d-20e7-0e967cbc8391">
      <Execution id="57533d9a-9e80-46d3-8ad2-3438e32c64fe" />
      <TestMethod codeBase="/home/chad/repos/witchcityrope-react/tests/WitchCityRope.Api.Tests/bin/Debug/net9.0/WitchCityRope.Api.Tests.dll" adapterTypeName="executor://xunit/VsTestRunner3/netcore/" className="WitchCityRope.Api.Tests.Services.PaymentServiceTests" name="HandleWebhookAsync_WhenCalled_ShouldCompleteSuccessfully" />
    </UnitTest>
    <UnitTest name="WitchCityRope.Api.Tests.Services.VettingServiceTests.GetApplicationsAsync_ShouldRespectPaginationParameters(page: 1, pageSize: 10)" storage="/home/chad/repos/witchcityrope-react/tests/witchcityrope.api.tests/bin/debug/net9.0/witchcityrope.api.tests.dll" id="ace6f181-abc0-bf10-ee3c-29ceff1f7d22">
      <Execution id="d5ebd6c6-5137-4b9d-86ab-8d9a61a8fb40" />
      <TestMethod codeBase="/home/chad/repos/witchcityrope-react/tests/WitchCityRope.Api.Tests/bin/Debug/net9.0/WitchCityRope.Api.Tests.dll" adapterTypeName="executor://xunit/VsTestRunner3/netcore/" className="WitchCityRope.Api.Tests.Services.VettingServiceTests" name="GetApplicationsAsync_ShouldRespectPaginationParameters" />
    </UnitTest>
    <UnitTest name="WitchCityRope.Api.Tests.Services.VettingServiceTests.ReviewApplicationAsync_ShouldAcceptVariousDecisions(decision: &quot;MoreInfoRequested&quot;)" storage="/home/chad/repos/witchcityrope-react/tests/witchcityrope.api.tests/bin/debug/net9.0/witchcityrope.api.tests.dll" id="65abd41f-d775-4794-dd4f-87ab2ba530cb">
      <Execution id="b5906186-b171-4276-80a3-c54da7be48c9" />
      <TestMethod codeBase="/home/chad/repos/witchcityrope-react/tests/WitchCityRope.Api.Tests/bin/Debug/net9.0/WitchCityRope.Api.Tests.dll" adapterTypeName="executor://xunit/VsTestRunner3/netcore/" className="WitchCityRope.Api.Tests.Services.VettingServiceTests" name="ReviewApplicationAsync_ShouldAcceptVariousDecisions" />
    </UnitTest>
    <UnitTest name="WitchCityRope.Api.Tests.Services.UserServiceTests.PromoteUser_ValidPromotion_ShouldSucceed" storage="/home/chad/repos/witchcityrope-react/tests/witchcityrope.api.tests/bin/debug/net9.0/witchcityrope.api.tests.dll" id="b1e7e235-792a-c725-ee14-ec28c2ee3391">
      <Execution id="6e2ac2aa-84ab-4ec3-86c6-65d12e160284" />
      <TestMethod codeBase="/home/chad/repos/witchcityrope-react/tests/WitchCityRope.Api.Tests/bin/Debug/net9.0/WitchCityRope.Api.Tests.dll" adapterTypeName="executor://xunit/VsTestRunner3/netcore/" className="WitchCityRope.Api.Tests.Services.UserServiceTests" name="PromoteUser_ValidPromotion_ShouldSucceed" />
    </UnitTest>
    <UnitTest name="WitchCityRope.Api.Tests.Services.VettingServiceTests.SubmitApplicationAsync_WithMinimalData_ShouldStillSucceed" storage="/home/chad/repos/witchcityrope-react/tests/witchcityrope.api.tests/bin/debug/net9.0/witchcityrope.api.tests.dll" id="c76eb4db-df8f-5aed-8d2c-1186ca5c415f">
      <Execution id="79451124-7355-44f4-ab39-4962f3a83d4f" />
      <TestMethod codeBase="/home/chad/repos/witchcityrope-react/tests/WitchCityRope.Api.Tests/bin/Debug/net9.0/WitchCityRope.Api.Tests.dll" adapterTypeName="executor://xunit/VsTestRunner3/netcore/" className="WitchCityRope.Api.Tests.Services.VettingServiceTests" name="SubmitApplicationAsync_WithMinimalData_ShouldStillSucceed" />
    </UnitTest>
    <UnitTest name="WitchCityRope.Api.Tests.Features.Events.EventSessionTests.CalculateAvailability_SingleSessionTicket_ReturnsSessionCapacity" storage="/home/chad/repos/witchcityrope-react/tests/witchcityrope.api.tests/bin/debug/net9.0/witchcityrope.api.tests.dll" id="6c63bbde-55a6-3c13-bde0-d02101a03f84">
      <Execution id="f7c7a57a-7775-4617-b111-ac8cf2ae76ce" />
      <TestMethod codeBase="/home/chad/repos/witchcityrope-react/tests/WitchCityRope.Api.Tests/bin/Debug/net9.0/WitchCityRope.Api.Tests.dll" adapterTypeName="executor://xunit/VsTestRunner3/netcore/" className="WitchCityRope.Api.Tests.Features.Events.EventSessionTests" name="CalculateAvailability_SingleSessionTicket_ReturnsSessionCapacity" />
    </UnitTest>
    <UnitTest name="WitchCityRope.Api.Tests.Models.RequestModelValidationTests.RegisterRequest_WhenSceneNameTooShort_ShouldFailValidation(sceneName: &quot;a&quot;)" storage="/home/chad/repos/witchcityrope-react/tests/witchcityrope.api.tests/bin/debug/net9.0/witchcityrope.api.tests.dll" id="dd72016a-12f9-0e26-cfe2-2e0581e1d675">
      <Execution id="e28f2993-abf5-46f9-96bd-d8074b18232c" />
      <TestMethod codeBase="/home/chad/repos/witchcityrope-react/tests/WitchCityRope.Api.Tests/bin/Debug/net9.0/WitchCityRope.Api.Tests.dll" adapterTypeName="executor://xunit/VsTestRunner3/netcore/" className="WitchCityRope.Api.Tests.Models.RequestModelValidationTests" name="RegisterRequest_WhenSceneNameTooShort_ShouldFailValidation" />
    </UnitTest>
    <UnitTest name="WitchCityRope.Api.Tests.Validators.SubmitApplicationCommandValidatorTests.ValidateAsync_WhenNotAgreesToSafetyGuidelines_ShouldReturnInvalid" storage="/home/chad/repos/witchcityrope-react/tests/witchcityrope.api.tests/bin/debug/net9.0/witchcityrope.api.tests.dll" id="c6a7fd05-7ed2-376c-7541-ad09a23efff8">
      <Execution id="37de1188-8799-4ce0-bbb0-068b85a430e6" />
      <TestMethod codeBase="/home/chad/repos/witchcityrope-react/tests/WitchCityRope.Api.Tests/bin/Debug/net9.0/WitchCityRope.Api.Tests.dll" adapterTypeName="executor://xunit/VsTestRunner3/netcore/" className="WitchCityRope.Api.Tests.Validators.SubmitApplicationCommandValidatorTests" name="ValidateAsync_WhenNotAgreesToSafetyGuidelines_ShouldReturnInvalid" />
    </UnitTest>
    <UnitTest name="WitchCityRope.Api.Tests.Validators.SubmitApplicationCommandValidatorTests.ValidateAsync_WhenReferenceHasInvalidEmail_ShouldReturnInvalid" storage="/home/chad/repos/witchcityrope-react/tests/witchcityrope.api.tests/bin/debug/net9.0/witchcityrope.api.tests.dll" id="b01f2f35-3d78-79f5-8eea-bacc89a1a77a">
      <Execution id="1e2473b6-444f-42c8-9d54-0f078fdae7cb" />
      <TestMethod codeBase="/home/chad/repos/witchcityrope-react/tests/WitchCityRope.Api.Tests/bin/Debug/net9.0/WitchCityRope.Api.Tests.dll" adapterTypeName="executor://xunit/VsTestRunner3/netcore/" className="WitchCityRope.Api.Tests.Validators.SubmitApplicationCommandValidatorTests" name="ValidateAsync_WhenReferenceHasInvalidEmail_ShouldReturnInvalid" />
    </UnitTest>
    <UnitTest name="WitchCityRope.Api.Tests.Services.UserServiceTests.CreateUser_ValidData_ShouldSucceed" storage="/home/chad/repos/witchcityrope-react/tests/witchcityrope.api.tests/bin/debug/net9.0/witchcityrope.api.tests.dll" id="890eb46e-ed99-fcfe-6c7a-4a2644ccc65c">
      <Execution id="044883ea-5195-4019-983f-212ccbcbe2d9" />
      <TestMethod codeBase="/home/chad/repos/witchcityrope-react/tests/WitchCityRope.Api.Tests/bin/Debug/net9.0/WitchCityRope.Api.Tests.dll" adapterTypeName="executor://xunit/VsTestRunner3/netcore/" className="WitchCityRope.Api.Tests.Services.UserServiceTests" name="CreateUser_ValidData_ShouldSucceed" />
    </UnitTest>
    <UnitTest name="WitchCityRope.Api.Tests.Validators.SubmitApplicationCommandValidatorTests.ValidateAsync_WhenEmptySafetyKnowledge_ShouldReturnInvalid" storage="/home/chad/repos/witchcityrope-react/tests/witchcityrope.api.tests/bin/debug/net9.0/witchcityrope.api.tests.dll" id="6d3be9ee-8505-f3c8-4d93-514e56ee48e5">
      <Execution id="80a01aca-202e-47e4-821d-032f7c05b2cb" />
      <TestMethod codeBase="/home/chad/repos/witchcityrope-react/tests/WitchCityRope.Api.Tests/bin/Debug/net9.0/WitchCityRope.Api.Tests.dll" adapterTypeName="executor://xunit/VsTestRunner3/netcore/" className="WitchCityRope.Api.Tests.Validators.SubmitApplicationCommandValidatorTests" name="ValidateAsync_WhenEmptySafetyKnowledge_ShouldReturnInvalid" />
    </UnitTest>
    <UnitTest name="WitchCityRope.Api.Tests.Features.Events.CreateEventCommandTests.CreateEvent_PastStartDate_ThrowsException" storage="/home/chad/repos/witchcityrope-react/tests/witchcityrope.api.tests/bin/debug/net9.0/witchcityrope.api.tests.dll" id="25921c64-edb6-8b0c-2fcc-5b39f1496fe6">
      <Execution id="f3a7e1d7-325d-4d3c-b1ff-00bd28092c7a" />
      <TestMethod codeBase="/home/chad/repos/witchcityrope-react/tests/WitchCityRope.Api.Tests/bin/Debug/net9.0/WitchCityRope.Api.Tests.dll" adapterTypeName="executor://xunit/VsTestRunner3/netcore/" className="WitchCityRope.Api.Tests.Features.Events.CreateEventCommandTests" name="CreateEvent_PastStartDate_ThrowsException" />
    </UnitTest>
    <UnitTest name="WitchCityRope.Api.Tests.Services.EventServiceTests.CreateRegistration_ValidRequest_ShouldSucceed" storage="/home/chad/repos/witchcityrope-react/tests/witchcityrope.api.tests/bin/debug/net9.0/witchcityrope.api.tests.dll" id="1a9943ab-f183-ab16-3f56-0cdce8386f1c">
      <Execution id="84180eec-0cf7-4d3f-86d8-0fee22618bf4" />
      <TestMethod codeBase="/home/chad/repos/witchcityrope-react/tests/WitchCityRope.Api.Tests/bin/Debug/net9.0/WitchCityRope.Api.Tests.dll" adapterTypeName="executor://xunit/VsTestRunner3/netcore/" className="WitchCityRope.Api.Tests.Services.EventServiceTests" name="CreateRegistration_ValidRequest_ShouldSucceed" />
    </UnitTest>
    <UnitTest name="WitchCityRope.Api.Tests.Features.Events.EventsManagementServiceTests.GetPublishedEventsAsync_ReturnsPublishedEventsOnly" storage="/home/chad/repos/witchcityrope-react/tests/witchcityrope.api.tests/bin/debug/net9.0/witchcityrope.api.tests.dll" id="de87666f-05fb-83dd-e883-af77ab1e46f5">
      <Execution id="5fc8fed3-1d97-46ab-961b-bdfebc9c9745" />
      <TestMethod codeBase="/home/chad/repos/witchcityrope-react/tests/WitchCityRope.Api.Tests/bin/Debug/net9.0/WitchCityRope.Api.Tests.dll" adapterTypeName="executor://xunit/VsTestRunner3/netcore/" className="WitchCityRope.Api.Tests.Features.Events.EventsManagementServiceTests" name="GetPublishedEventsAsync_ReturnsPublishedEventsOnly" />
    </UnitTest>
    <UnitTest name="WitchCityRope.Api.Tests.Services.PaymentServiceTests.ProcessPaymentAsync_WithDifferentPaymentMethods_ShouldSucceed(method: &quot;PayPal&quot;)" storage="/home/chad/repos/witchcityrope-react/tests/witchcityrope.api.tests/bin/debug/net9.0/witchcityrope.api.tests.dll" id="46de7326-ac43-fe19-e8c5-0208fba9ab27">
      <Execution id="4924f50f-066c-4439-b60b-1f3e4b4107f1" />
      <TestMethod codeBase="/home/chad/repos/witchcityrope-react/tests/WitchCityRope.Api.Tests/bin/Debug/net9.0/WitchCityRope.Api.Tests.dll" adapterTypeName="executor://xunit/VsTestRunner3/netcore/" className="WitchCityRope.Api.Tests.Services.PaymentServiceTests" name="ProcessPaymentAsync_WithDifferentPaymentMethods_ShouldSucceed" />
    </UnitTest>
    <UnitTest name="WitchCityRope.Api.Tests.Services.UserServiceTests.ReactivateUser_InactiveUser_ShouldSucceed" storage="/home/chad/repos/witchcityrope-react/tests/witchcityrope.api.tests/bin/debug/net9.0/witchcityrope.api.tests.dll" id="750be5d6-52b4-cde2-51ae-27030b35716e">
      <Execution id="7be7e930-6ec3-4568-ae81-4c8cbf092585" />
      <TestMethod codeBase="/home/chad/repos/witchcityrope-react/tests/WitchCityRope.Api.Tests/bin/Debug/net9.0/WitchCityRope.Api.Tests.dll" adapterTypeName="executor://xunit/VsTestRunner3/netcore/" className="WitchCityRope.Api.Tests.Services.UserServiceTests" name="ReactivateUser_InactiveUser_ShouldSucceed" />
    </UnitTest>
    <UnitTest name="WitchCityRope.Api.Tests.Services.AuthServiceTests.RegisterAsync_WhenEmailAlreadyExists_ShouldThrowConflictException" storage="/home/chad/repos/witchcityrope-react/tests/witchcityrope.api.tests/bin/debug/net9.0/witchcityrope.api.tests.dll" id="1c2cbc0b-5967-aca4-0d32-64d883bf411b">
      <Execution id="f2a6dff0-1582-4641-b952-7ce1257feb84" />
      <TestMethod codeBase="/home/chad/repos/witchcityrope-react/tests/WitchCityRope.Api.Tests/bin/Debug/net9.0/WitchCityRope.Api.Tests.dll" adapterTypeName="executor://xunit/VsTestRunner3/netcore/" className="WitchCityRope.Api.Tests.Services.AuthServiceTests" name="RegisterAsync_WhenEmailAlreadyExists_ShouldThrowConflictException" />
    </UnitTest>
    <UnitTest name="WitchCityRope.Api.Tests.Models.RequestModelValidationTests.CreateEventRequest_WhenTitleTooLong_ShouldFailValidation" storage="/home/chad/repos/witchcityrope-react/tests/witchcityrope.api.tests/bin/debug/net9.0/witchcityrope.api.tests.dll" id="44181e32-a6ea-1b78-0a12-8a759af82f7e">
      <Execution id="49baf0d4-c65c-42b4-877d-94c10375da0f" />
      <TestMethod codeBase="/home/chad/repos/witchcityrope-react/tests/WitchCityRope.Api.Tests/bin/Debug/net9.0/WitchCityRope.Api.Tests.dll" adapterTypeName="executor://xunit/VsTestRunner3/netcore/" className="WitchCityRope.Api.Tests.Models.RequestModelValidationTests" name="CreateEventRequest_WhenTitleTooLong_ShouldFailValidation" />
    </UnitTest>
    <UnitTest name="WitchCityRope.Api.Tests.Features.Events.EventsManagementServiceTests.GetPublishedEventsAsync_ReturnsEmptyList_WhenNoEventsExist" storage="/home/chad/repos/witchcityrope-react/tests/witchcityrope.api.tests/bin/debug/net9.0/witchcityrope.api.tests.dll" id="d8b029b7-d0bc-2452-86c6-70d64c5c4366">
      <Execution id="812b1d1d-73e9-48fc-b1b3-b8c52c5e61af" />
      <TestMethod codeBase="/home/chad/repos/witchcityrope-react/tests/WitchCityRope.Api.Tests/bin/Debug/net9.0/WitchCityRope.Api.Tests.dll" adapterTypeName="executor://xunit/VsTestRunner3/netcore/" className="WitchCityRope.Api.Tests.Features.Events.EventsManagementServiceTests" name="GetPublishedEventsAsync_ReturnsEmptyList_WhenNoEventsExist" />
    </UnitTest>
    <UnitTest name="WitchCityRope.Api.Tests.Services.AuthServiceTests.VerifyEmailAsync_WhenValidToken_ShouldVerifyEmail" storage="/home/chad/repos/witchcityrope-react/tests/witchcityrope.api.tests/bin/debug/net9.0/witchcityrope.api.tests.dll" id="bb93e33d-99cd-5b91-472c-084503014e0b">
      <Execution id="b2a39b62-73da-4414-a998-c17d4f496bcd" />
      <TestMethod codeBase="/home/chad/repos/witchcityrope-react/tests/WitchCityRope.Api.Tests/bin/Debug/net9.0/WitchCityRope.Api.Tests.dll" adapterTypeName="executor://xunit/VsTestRunner3/netcore/" className="WitchCityRope.Api.Tests.Services.AuthServiceTests" name="VerifyEmailAsync_WhenValidToken_ShouldVerifyEmail" />
    </UnitTest>
    <UnitTest name="WitchCityRope.Api.Tests.Services.VettingServiceTests.ReviewApplicationAsync_ShouldAcceptVariousDecisions(decision: &quot;OnHold&quot;)" storage="/home/chad/repos/witchcityrope-react/tests/witchcityrope.api.tests/bin/debug/net9.0/witchcityrope.api.tests.dll" id="bc2e7279-4161-501f-8978-806b7a5c475e">
      <Execution id="05f5a1ac-0f5e-44a8-8a90-fd1e022490f2" />
      <TestMethod codeBase="/home/chad/repos/witchcityrope-react/tests/WitchCityRope.Api.Tests/bin/Debug/net9.0/WitchCityRope.Api.Tests.dll" adapterTypeName="executor://xunit/VsTestRunner3/netcore/" className="WitchCityRope.Api.Tests.Services.VettingServiceTests" name="ReviewApplicationAsync_ShouldAcceptVariousDecisions" />
    </UnitTest>
    <UnitTest name="WitchCityRope.Api.Tests.Services.EventServiceTests.CreateEvent_InvalidDates_ShouldFail" storage="/home/chad/repos/witchcityrope-react/tests/witchcityrope.api.tests/bin/debug/net9.0/witchcityrope.api.tests.dll" id="52189350-244f-de15-8052-d77318e9a5c9">
      <Execution id="5a7b3f68-cad9-4aeb-b047-1edb413bc876" />
      <TestMethod codeBase="/home/chad/repos/witchcityrope-react/tests/WitchCityRope.Api.Tests/bin/Debug/net9.0/WitchCityRope.Api.Tests.dll" adapterTypeName="executor://xunit/VsTestRunner3/netcore/" className="WitchCityRope.Api.Tests.Services.EventServiceTests" name="CreateEvent_InvalidDates_ShouldFail" />
    </UnitTest>
    <UnitTest name="WitchCityRope.Api.Tests.Services.EventServiceTests.User_Create_ValidData_ShouldSucceed" storage="/home/chad/repos/witchcityrope-react/tests/witchcityrope.api.tests/bin/debug/net9.0/witchcityrope.api.tests.dll" id="ea91f3bc-b343-2cf5-ab49-b072c8f67122">
      <Execution id="979bb759-3ec9-4c28-9c02-58457adabbda" />
      <TestMethod codeBase="/home/chad/repos/witchcityrope-react/tests/WitchCityRope.Api.Tests/bin/Debug/net9.0/WitchCityRope.Api.Tests.dll" adapterTypeName="executor://xunit/VsTestRunner3/netcore/" className="WitchCityRope.Api.Tests.Services.EventServiceTests" name="User_Create_ValidData_ShouldSucceed" />
    </UnitTest>
    <UnitTest name="WitchCityRope.Api.Tests.Models.RequestModelValidationTests.CreateEventRequest_WhenPriceNegative_ShouldFailValidation" storage="/home/chad/repos/witchcityrope-react/tests/witchcityrope.api.tests/bin/debug/net9.0/witchcityrope.api.tests.dll" id="c5c1f171-114f-8cb9-fa4b-c4ef489b2437">
      <Execution id="67f22290-ee81-490f-9ac9-1403226836bd" />
      <TestMethod codeBase="/home/chad/repos/witchcityrope-react/tests/WitchCityRope.Api.Tests/bin/Debug/net9.0/WitchCityRope.Api.Tests.dll" adapterTypeName="executor://xunit/VsTestRunner3/netcore/" className="WitchCityRope.Api.Tests.Models.RequestModelValidationTests" name="CreateEventRequest_WhenPriceNegative_ShouldFailValidation" />
    </UnitTest>
    <UnitTest name="WitchCityRope.Api.Tests.Models.RequestModelValidationTests.LoginRequest_WhenEmailEmpty_ShouldFailValidation(email: &quot; &quot;)" storage="/home/chad/repos/witchcityrope-react/tests/witchcityrope.api.tests/bin/debug/net9.0/witchcityrope.api.tests.dll" id="c800bce2-117b-3796-02ec-eab7d560d34f">
      <Execution id="17c8f3cb-a76a-401f-a02e-00c0f5cd2c42" />
      <TestMethod codeBase="/home/chad/repos/witchcityrope-react/tests/WitchCityRope.Api.Tests/bin/Debug/net9.0/WitchCityRope.Api.Tests.dll" adapterTypeName="executor://xunit/VsTestRunner3/netcore/" className="WitchCityRope.Api.Tests.Models.RequestModelValidationTests" name="LoginRequest_WhenEmailEmpty_ShouldFailValidation" />
    </UnitTest>
    <UnitTest name="WitchCityRope.Api.Tests.Features.Events.EventSessionTests.ComplexWorkshop_ThreeDayEvent_SupportsAllTicketCombinations" storage="/home/chad/repos/witchcityrope-react/tests/witchcityrope.api.tests/bin/debug/net9.0/witchcityrope.api.tests.dll" id="e8519750-12f6-bb76-76d4-cce1256f6d9b">
      <Execution id="302431ec-b763-4ee2-8030-7c2018df0815" />
      <TestMethod codeBase="/home/chad/repos/witchcityrope-react/tests/WitchCityRope.Api.Tests/bin/Debug/net9.0/WitchCityRope.Api.Tests.dll" adapterTypeName="executor://xunit/VsTestRunner3/netcore/" className="WitchCityRope.Api.Tests.Features.Events.EventSessionTests" name="ComplexWorkshop_ThreeDayEvent_SupportsAllTicketCombinations" />
    </UnitTest>
    <UnitTest name="WitchCityRope.Api.Tests.Models.RequestModelValidationTests.LoginRequest_WhenEmailInvalid_ShouldFailValidation(email: &quot;@example.com&quot;)" storage="/home/chad/repos/witchcityrope-react/tests/witchcityrope.api.tests/bin/debug/net9.0/witchcityrope.api.tests.dll" id="3267b660-0ea8-a94e-6767-c14ba16657ea">
      <Execution id="5e7a9281-440e-4200-8285-0b01f5e09d12" />
      <TestMethod codeBase="/home/chad/repos/witchcityrope-react/tests/WitchCityRope.Api.Tests/bin/Debug/net9.0/WitchCityRope.Api.Tests.dll" adapterTypeName="executor://xunit/VsTestRunner3/netcore/" className="WitchCityRope.Api.Tests.Models.RequestModelValidationTests" name="LoginRequest_WhenEmailInvalid_ShouldFailValidation" />
    </UnitTest>
    <UnitTest name="WitchCityRope.Api.Tests.Validators.SubmitApplicationCommandValidatorTests.ValidateAsync_WhenReferenceHasNegativeYearsKnown_ShouldReturnInvalid" storage="/home/chad/repos/witchcityrope-react/tests/witchcityrope.api.tests/bin/debug/net9.0/witchcityrope.api.tests.dll" id="e0d765a5-f153-cc12-4c70-9cec3575b7bc">
      <Execution id="c243a137-aea5-40c9-b223-517e41748853" />
      <TestMethod codeBase="/home/chad/repos/witchcityrope-react/tests/WitchCityRope.Api.Tests/bin/Debug/net9.0/WitchCityRope.Api.Tests.dll" adapterTypeName="executor://xunit/VsTestRunner3/netcore/" className="WitchCityRope.Api.Tests.Validators.SubmitApplicationCommandValidatorTests" name="ValidateAsync_WhenReferenceHasNegativeYearsKnown_ShouldReturnInvalid" />
    </UnitTest>
    <UnitTest name="WitchCityRope.Api.Tests.Services.UserServiceTests.GetUserById_ExistingUser_ShouldReturnUser" storage="/home/chad/repos/witchcityrope-react/tests/witchcityrope.api.tests/bin/debug/net9.0/witchcityrope.api.tests.dll" id="0a0f9c9a-6dc1-1789-8d9e-584f4f7401ab">
      <Execution id="fd979dc4-28a0-498c-ab70-e05bc9c81cc8" />
      <TestMethod codeBase="/home/chad/repos/witchcityrope-react/tests/WitchCityRope.Api.Tests/bin/Debug/net9.0/WitchCityRope.Api.Tests.dll" adapterTypeName="executor://xunit/VsTestRunner3/netcore/" className="WitchCityRope.Api.Tests.Services.UserServiceTests" name="GetUserById_ExistingUser_ShouldReturnUser" />
    </UnitTest>
    <UnitTest name="WitchCityRope.Api.Tests.Models.RequestModelValidationTests.RegisterRequest_WhenDateOfBirthInFuture_ShouldFailValidation" storage="/home/chad/repos/witchcityrope-react/tests/witchcityrope.api.tests/bin/debug/net9.0/witchcityrope.api.tests.dll" id="94b18b9c-aa62-2a80-1d26-040307b6b613">
      <Execution id="e3b22dd6-8c2b-4ccc-8126-81f889efe436" />
      <TestMethod codeBase="/home/chad/repos/witchcityrope-react/tests/WitchCityRope.Api.Tests/bin/Debug/net9.0/WitchCityRope.Api.Tests.dll" adapterTypeName="executor://xunit/VsTestRunner3/netcore/" className="WitchCityRope.Api.Tests.Models.RequestModelValidationTests" name="RegisterRequest_WhenDateOfBirthInFuture_ShouldFailValidation" />
    </UnitTest>
    <UnitTest name="WitchCityRope.Api.Tests.Validators.SubmitApplicationCommandValidatorTests.ValidateAsync_WhenEmptyWhyJoin_ShouldReturnInvalid" storage="/home/chad/repos/witchcityrope-react/tests/witchcityrope.api.tests/bin/debug/net9.0/witchcityrope.api.tests.dll" id="104654d0-34a4-5138-81b8-03b1e55d6d15">
      <Execution id="dfc298fa-57fa-42cb-a27e-23f8de9523f4" />
      <TestMethod codeBase="/home/chad/repos/witchcityrope-react/tests/WitchCityRope.Api.Tests/bin/Debug/net9.0/WitchCityRope.Api.Tests.dll" adapterTypeName="executor://xunit/VsTestRunner3/netcore/" className="WitchCityRope.Api.Tests.Validators.SubmitApplicationCommandValidatorTests" name="ValidateAsync_WhenEmptyWhyJoin_ShouldReturnInvalid" />
    </UnitTest>
    <UnitTest name="WitchCityRope.Api.Tests.Services.AuthServiceTests.RefreshTokenAsync_WhenValidRefreshToken_ShouldReturnNewTokens" storage="/home/chad/repos/witchcityrope-react/tests/witchcityrope.api.tests/bin/debug/net9.0/witchcityrope.api.tests.dll" id="4dde67b7-611c-e035-f046-7ba28211d86e">
      <Execution id="41627faf-4362-49bb-a206-6fdd2eb9f5b8" />
      <TestMethod codeBase="/home/chad/repos/witchcityrope-react/tests/WitchCityRope.Api.Tests/bin/Debug/net9.0/WitchCityRope.Api.Tests.dll" adapterTypeName="executor://xunit/VsTestRunner3/netcore/" className="WitchCityRope.Api.Tests.Services.AuthServiceTests" name="RefreshTokenAsync_WhenValidRefreshToken_ShouldReturnNewTokens" />
    </UnitTest>
    <UnitTest name="WitchCityRope.Api.Tests.Services.PaymentServiceTests.ProcessPaymentAsync_WithDifferentPaymentMethods_ShouldSucceed(method: &quot;CreditCard&quot;)" storage="/home/chad/repos/witchcityrope-react/tests/witchcityrope.api.tests/bin/debug/net9.0/witchcityrope.api.tests.dll" id="917b0afd-142a-a86a-9f8e-1e1ec077a96e">
      <Execution id="a9916809-99ca-4b55-baad-a82435e27c97" />
      <TestMethod codeBase="/home/chad/repos/witchcityrope-react/tests/WitchCityRope.Api.Tests/bin/Debug/net9.0/WitchCityRope.Api.Tests.dll" adapterTypeName="executor://xunit/VsTestRunner3/netcore/" className="WitchCityRope.Api.Tests.Services.PaymentServiceTests" name="ProcessPaymentAsync_WithDifferentPaymentMethods_ShouldSucceed" />
    </UnitTest>
    <UnitTest name="WitchCityRope.Api.Tests.Validators.SubmitApplicationCommandValidatorTests.ValidateAsync_WhenEmptyExperienceDescription_ShouldReturnInvalid" storage="/home/chad/repos/witchcityrope-react/tests/witchcityrope.api.tests/bin/debug/net9.0/witchcityrope.api.tests.dll" id="86131cee-2dd2-2110-0475-573eeeebd0ed">
      <Execution id="8e182b78-cb11-4499-8768-a6efcc02d580" />
      <TestMethod codeBase="/home/chad/repos/witchcityrope-react/tests/WitchCityRope.Api.Tests/bin/Debug/net9.0/WitchCityRope.Api.Tests.dll" adapterTypeName="executor://xunit/VsTestRunner3/netcore/" className="WitchCityRope.Api.Tests.Validators.SubmitApplicationCommandValidatorTests" name="ValidateAsync_WhenEmptyExperienceDescription_ShouldReturnInvalid" />
    </UnitTest>
    <UnitTest name="WitchCityRope.Api.Tests.Services.ConcurrencyAndEdgeCaseTests.RegisterForEvent_AtExactCapacity_ShouldHandleLastSpotCorrectly" storage="/home/chad/repos/witchcityrope-react/tests/witchcityrope.api.tests/bin/debug/net9.0/witchcityrope.api.tests.dll" id="f9cd47b8-35be-e07d-9044-ed46aef312fb">
      <Execution id="a5fe56e1-380b-446c-aaf6-3a73aa963a31" />
      <TestMethod codeBase="/home/chad/repos/witchcityrope-react/tests/WitchCityRope.Api.Tests/bin/Debug/net9.0/WitchCityRope.Api.Tests.dll" adapterTypeName="executor://xunit/VsTestRunner3/netcore/" className="WitchCityRope.Api.Tests.Services.ConcurrencyAndEdgeCaseTests" name="RegisterForEvent_AtExactCapacity_ShouldHandleLastSpotCorrectly" />
    </UnitTest>
    <UnitTest name="WitchCityRope.Api.Tests.Services.PaymentServiceTests.HandleWebhookAsync_WithVariousEventTypes_ShouldCompleteSuccessfully(eventType: &quot;payment_intent.failed&quot;)" storage="/home/chad/repos/witchcityrope-react/tests/witchcityrope.api.tests/bin/debug/net9.0/witchcityrope.api.tests.dll" id="6fb33a65-f890-7357-334a-721f431d770f">
      <Execution id="61c158f3-8a59-4719-bb58-8391092c2f86" />
      <TestMethod codeBase="/home/chad/repos/witchcityrope-react/tests/WitchCityRope.Api.Tests/bin/Debug/net9.0/WitchCityRope.Api.Tests.dll" adapterTypeName="executor://xunit/VsTestRunner3/netcore/" className="WitchCityRope.Api.Tests.Services.PaymentServiceTests" name="HandleWebhookAsync_WithVariousEventTypes_ShouldCompleteSuccessfully" />
    </UnitTest>
    <UnitTest name="WitchCityRope.Api.Tests.Models.RequestModelValidationTests.LoginRequest_WhenValid_ShouldPassValidation" storage="/home/chad/repos/witchcityrope-react/tests/witchcityrope.api.tests/bin/debug/net9.0/witchcityrope.api.tests.dll" id="1f2df129-081a-3a0d-7309-86126e1a396f">
      <Execution id="75298c5a-627d-4e40-9f57-01e5976f2180" />
      <TestMethod codeBase="/home/chad/repos/witchcityrope-react/tests/WitchCityRope.Api.Tests/bin/Debug/net9.0/WitchCityRope.Api.Tests.dll" adapterTypeName="executor://xunit/VsTestRunner3/netcore/" className="WitchCityRope.Api.Tests.Models.RequestModelValidationTests" name="LoginRequest_WhenValid_ShouldPassValidation" />
    </UnitTest>
    <UnitTest name="WitchCityRope.Api.Tests.Services.AuthServiceTests.LoginAsync_WhenEmailNotVerified_ShouldThrowUnauthorizedException" storage="/home/chad/repos/witchcityrope-react/tests/witchcityrope.api.tests/bin/debug/net9.0/witchcityrope.api.tests.dll" id="fa55ca6d-ca0d-d7d0-ed5b-ff8733691998">
      <Execution id="a5f1b6cc-e7be-4941-923e-96adc20a1a0b" />
      <TestMethod codeBase="/home/chad/repos/witchcityrope-react/tests/WitchCityRope.Api.Tests/bin/Debug/net9.0/WitchCityRope.Api.Tests.dll" adapterTypeName="executor://xunit/VsTestRunner3/netcore/" className="WitchCityRope.Api.Tests.Services.AuthServiceTests" name="LoginAsync_WhenEmailNotVerified_ShouldThrowUnauthorizedException" />
    </UnitTest>
    <UnitTest name="WitchCityRope.Api.Tests.Services.UserServiceTests.GetUserByEmail_ExistingUser_ShouldReturnUser" storage="/home/chad/repos/witchcityrope-react/tests/witchcityrope.api.tests/bin/debug/net9.0/witchcityrope.api.tests.dll" id="668e6e6b-3a59-188b-b7a5-3a46cb678fe9">
      <Execution id="1e6c5cf8-de6f-4eff-b318-dd12396247ce" />
      <TestMethod codeBase="/home/chad/repos/witchcityrope-react/tests/WitchCityRope.Api.Tests/bin/Debug/net9.0/WitchCityRope.Api.Tests.dll" adapterTypeName="executor://xunit/VsTestRunner3/netcore/" className="WitchCityRope.Api.Tests.Services.UserServiceTests" name="GetUserByEmail_ExistingUser_ShouldReturnUser" />
    </UnitTest>
    <UnitTest name="WitchCityRope.Api.Tests.Validators.SubmitApplicationCommandValidatorTests.ValidateAsync_WhenEmptyExperienceLevel_ShouldReturnInvalid" storage="/home/chad/repos/witchcityrope-react/tests/witchcityrope.api.tests/bin/debug/net9.0/witchcityrope.api.tests.dll" id="a136acea-d2a9-7f58-47b1-2f9e517e07a4">
      <Execution id="6e7074d8-b60a-49c8-b41d-1aa26b8e857a" />
      <TestMethod codeBase="/home/chad/repos/witchcityrope-react/tests/WitchCityRope.Api.Tests/bin/Debug/net9.0/WitchCityRope.Api.Tests.dll" adapterTypeName="executor://xunit/VsTestRunner3/netcore/" className="WitchCityRope.Api.Tests.Validators.SubmitApplicationCommandValidatorTests" name="ValidateAsync_WhenEmptyExperienceLevel_ShouldReturnInvalid" />
    </UnitTest>
    <UnitTest name="WitchCityRope.Api.Tests.Services.PaymentServiceTests.HandleWebhookAsync_WithEmptyJson_ShouldCompleteSuccessfully" storage="/home/chad/repos/witchcityrope-react/tests/witchcityrope.api.tests/bin/debug/net9.0/witchcityrope.api.tests.dll" id="f87c36dd-43c2-9444-de59-3a214b42c0c4">
      <Execution id="01b5793c-2dfc-4b07-959b-64dca5f227b3" />
      <TestMethod codeBase="/home/chad/repos/witchcityrope-react/tests/WitchCityRope.Api.Tests/bin/Debug/net9.0/WitchCityRope.Api.Tests.dll" adapterTypeName="executor://xunit/VsTestRunner3/netcore/" className="WitchCityRope.Api.Tests.Services.PaymentServiceTests" name="HandleWebhookAsync_WithEmptyJson_ShouldCompleteSuccessfully" />
    </UnitTest>
    <UnitTest name="WitchCityRope.Api.Tests.Services.EventServiceTests.Event_UpdateCapacity_InvalidCapacity_ShouldFail" storage="/home/chad/repos/witchcityrope-react/tests/witchcityrope.api.tests/bin/debug/net9.0/witchcityrope.api.tests.dll" id="80a6c517-805d-9991-d85d-ee2bd4057e1c">
      <Execution id="6aa84490-6320-46b9-9756-8df3a6c4b59d" />
      <TestMethod codeBase="/home/chad/repos/witchcityrope-react/tests/WitchCityRope.Api.Tests/bin/Debug/net9.0/WitchCityRope.Api.Tests.dll" adapterTypeName="executor://xunit/VsTestRunner3/netcore/" className="WitchCityRope.Api.Tests.Services.EventServiceTests" name="Event_UpdateCapacity_InvalidCapacity_ShouldFail" />
    </UnitTest>
    <UnitTest name="WitchCityRope.Api.Tests.Services.VettingServiceTests.ReviewApplicationAsync_WhenRejecting_ShouldReturnRejectedStatus" storage="/home/chad/repos/witchcityrope-react/tests/witchcityrope.api.tests/bin/debug/net9.0/witchcityrope.api.tests.dll" id="41c14127-68ce-6273-b23d-3148180b55ee">
      <Execution id="a575b1e7-4ef5-4959-b30c-dbc10bd4567e" />
      <TestMethod codeBase="/home/chad/repos/witchcityrope-react/tests/WitchCityRope.Api.Tests/bin/Debug/net9.0/WitchCityRope.Api.Tests.dll" adapterTypeName="executor://xunit/VsTestRunner3/netcore/" className="WitchCityRope.Api.Tests.Services.VettingServiceTests" name="ReviewApplicationAsync_WhenRejecting_ShouldReturnRejectedStatus" />
    </UnitTest>
    <UnitTest name="WitchCityRope.Api.Tests.Validators.SubmitApplicationCommandValidatorTests.ValidateAsync_WhenValidCommand_ShouldReturnValid" storage="/home/chad/repos/witchcityrope-react/tests/witchcityrope.api.tests/bin/debug/net9.0/witchcityrope.api.tests.dll" id="39e4c1b1-c5d3-54e8-c466-334f11305c4b">
      <Execution id="2a0141b0-11ad-4471-ab5e-69aad31abbf5" />
      <TestMethod codeBase="/home/chad/repos/witchcityrope-react/tests/WitchCityRope.Api.Tests/bin/Debug/net9.0/WitchCityRope.Api.Tests.dll" adapterTypeName="executor://xunit/VsTestRunner3/netcore/" className="WitchCityRope.Api.Tests.Validators.SubmitApplicationCommandValidatorTests" name="ValidateAsync_WhenValidCommand_ShouldReturnValid" />
    </UnitTest>
    <UnitTest name="WitchCityRope.Api.Tests.Features.Events.EventsManagementServiceTests.GetEventDetailsAsync_ReturnsEventDetails_WhenEventExists" storage="/home/chad/repos/witchcityrope-react/tests/witchcityrope.api.tests/bin/debug/net9.0/witchcityrope.api.tests.dll" id="6b57c4c9-1b6d-5173-809c-ade4951573b8">
      <Execution id="df54e28d-9967-491e-ae6a-e587c74fe0b3" />
      <TestMethod codeBase="/home/chad/repos/witchcityrope-react/tests/WitchCityRope.Api.Tests/bin/Debug/net9.0/WitchCityRope.Api.Tests.dll" adapterTypeName="executor://xunit/VsTestRunner3/netcore/" className="WitchCityRope.Api.Tests.Features.Events.EventsManagementServiceTests" name="GetEventDetailsAsync_ReturnsEventDetails_WhenEventExists" />
    </UnitTest>
    <UnitTest name="WitchCityRope.Api.Tests.Models.RequestModelValidationTests.LoginRequest_WhenEmailEmpty_ShouldFailValidation(email: null)" storage="/home/chad/repos/witchcityrope-react/tests/witchcityrope.api.tests/bin/debug/net9.0/witchcityrope.api.tests.dll" id="d11ba6e2-82cc-aa66-9a75-d34217d303b3">
      <Execution id="ec963650-02fd-468a-969d-1a1e41af5ade" />
      <TestMethod codeBase="/home/chad/repos/witchcityrope-react/tests/WitchCityRope.Api.Tests/bin/Debug/net9.0/WitchCityRope.Api.Tests.dll" adapterTypeName="executor://xunit/VsTestRunner3/netcore/" className="WitchCityRope.Api.Tests.Models.RequestModelValidationTests" name="LoginRequest_WhenEmailEmpty_ShouldFailValidation" />
    </UnitTest>
    <UnitTest name="WitchCityRope.Api.Tests.Services.VettingServiceTests.GetApplicationsAsync_ShouldRespectPaginationParameters(page: 2, pageSize: 25)" storage="/home/chad/repos/witchcityrope-react/tests/witchcityrope.api.tests/bin/debug/net9.0/witchcityrope.api.tests.dll" id="32bdc6c4-d9e8-31dd-2b0f-999ebab7affb">
      <Execution id="43687d17-26a5-4d2c-99b3-b949e389a81b" />
      <TestMethod codeBase="/home/chad/repos/witchcityrope-react/tests/WitchCityRope.Api.Tests/bin/Debug/net9.0/WitchCityRope.Api.Tests.dll" adapterTypeName="executor://xunit/VsTestRunner3/netcore/" className="WitchCityRope.Api.Tests.Services.VettingServiceTests" name="GetApplicationsAsync_ShouldRespectPaginationParameters" />
    </UnitTest>
    <UnitTest name="WitchCityRope.Api.Tests.Services.VettingServiceTests.ReviewApplicationAsync_WhenApproving_ShouldReturnApprovedStatus" storage="/home/chad/repos/witchcityrope-react/tests/witchcityrope.api.tests/bin/debug/net9.0/witchcityrope.api.tests.dll" id="5bdc1eac-a7b6-638c-72e4-73b782c9502c">
      <Execution id="f234942b-0a20-4a67-a25e-90560acaec1c" />
      <TestMethod codeBase="/home/chad/repos/witchcityrope-react/tests/WitchCityRope.Api.Tests/bin/Debug/net9.0/WitchCityRope.Api.Tests.dll" adapterTypeName="executor://xunit/VsTestRunner3/netcore/" className="WitchCityRope.Api.Tests.Services.VettingServiceTests" name="ReviewApplicationAsync_WhenApproving_ShouldReturnApprovedStatus" />
    </UnitTest>
    <UnitTest name="WitchCityRope.Api.Tests.Services.UserServiceTests.DeactivateUser_ActiveUser_ShouldSucceed" storage="/home/chad/repos/witchcityrope-react/tests/witchcityrope.api.tests/bin/debug/net9.0/witchcityrope.api.tests.dll" id="a86afa08-94ec-e6a7-5ad7-adf01284fabf">
      <Execution id="6c901b9d-97ee-45a3-89c6-31aaf030472d" />
      <TestMethod codeBase="/home/chad/repos/witchcityrope-react/tests/WitchCityRope.Api.Tests/bin/Debug/net9.0/WitchCityRope.Api.Tests.dll" adapterTypeName="executor://xunit/VsTestRunner3/netcore/" className="WitchCityRope.Api.Tests.Services.UserServiceTests" name="DeactivateUser_ActiveUser_ShouldSucceed" />
    </UnitTest>
    <UnitTest name="WitchCityRope.Api.Tests.Services.AuthServiceTests.VerifyEmailAsync_WhenInvalidToken_ShouldThrowValidationException" storage="/home/chad/repos/witchcityrope-react/tests/witchcityrope.api.tests/bin/debug/net9.0/witchcityrope.api.tests.dll" id="64000aa9-7c19-9c73-3bf9-65dcea20471e">
      <Execution id="7b751ddf-3604-47ba-90d1-26643af0cc53" />
      <TestMethod codeBase="/home/chad/repos/witchcityrope-react/tests/WitchCityRope.Api.Tests/bin/Debug/net9.0/WitchCityRope.Api.Tests.dll" adapterTypeName="executor://xunit/VsTestRunner3/netcore/" className="WitchCityRope.Api.Tests.Services.AuthServiceTests" name="VerifyEmailAsync_WhenInvalidToken_ShouldThrowValidationException" />
    </UnitTest>
    <UnitTest name="WitchCityRope.Api.Tests.Services.EventServiceTests.CreateEvent_PastStartDate_ShouldFail" storage="/home/chad/repos/witchcityrope-react/tests/witchcityrope.api.tests/bin/debug/net9.0/witchcityrope.api.tests.dll" id="a0345ce9-df03-b89b-ffc0-72efdefddb09">
      <Execution id="6bad268c-b239-4dea-a92c-08fc1bea0913" />
      <TestMethod codeBase="/home/chad/repos/witchcityrope-react/tests/WitchCityRope.Api.Tests/bin/Debug/net9.0/WitchCityRope.Api.Tests.dll" adapterTypeName="executor://xunit/VsTestRunner3/netcore/" className="WitchCityRope.Api.Tests.Services.EventServiceTests" name="CreateEvent_PastStartDate_ShouldFail" />
    </UnitTest>
    <UnitTest name="WitchCityRope.Api.Tests.Models.RequestModelValidationTests.RegisterRequest_WhenPasswordWeak_ShouldFailValidation(password: &quot;12345678&quot;)" storage="/home/chad/repos/witchcityrope-react/tests/witchcityrope.api.tests/bin/debug/net9.0/witchcityrope.api.tests.dll" id="215c46c1-0e42-25a9-be95-9e03f1e6cd5a">
      <Execution id="441cca24-5983-431d-a041-3a778c895cf0" />
      <TestMethod codeBase="/home/chad/repos/witchcityrope-react/tests/WitchCityRope.Api.Tests/bin/Debug/net9.0/WitchCityRope.Api.Tests.dll" adapterTypeName="executor://xunit/VsTestRunner3/netcore/" className="WitchCityRope.Api.Tests.Models.RequestModelValidationTests" name="RegisterRequest_WhenPasswordWeak_ShouldFailValidation" />
    </UnitTest>
    <UnitTest name="WitchCityRope.Api.Tests.Services.VettingServiceTests.ReviewApplicationAsync_WhenRequestingMoreInfo_ShouldReturnRequestedInfoStatus" storage="/home/chad/repos/witchcityrope-react/tests/witchcityrope.api.tests/bin/debug/net9.0/witchcityrope.api.tests.dll" id="ee1c2388-9c50-db6a-d057-cd8300b2375a">
      <Execution id="ebdc16d1-eef2-49a5-a15a-d102386db142" />
      <TestMethod codeBase="/home/chad/repos/witchcityrope-react/tests/WitchCityRope.Api.Tests/bin/Debug/net9.0/WitchCityRope.Api.Tests.dll" adapterTypeName="executor://xunit/VsTestRunner3/netcore/" className="WitchCityRope.Api.Tests.Services.VettingServiceTests" name="ReviewApplicationAsync_WhenRequestingMoreInfo_ShouldReturnRequestedInfoStatus" />
    </UnitTest>
    <UnitTest name="WitchCityRope.Api.Tests.Services.PaymentServiceTests.ProcessPaymentAsync_ShouldGenerateUniqueTransactionIds" storage="/home/chad/repos/witchcityrope-react/tests/witchcityrope.api.tests/bin/debug/net9.0/witchcityrope.api.tests.dll" id="77b3a1b5-e4ec-4279-0c84-91ab7743e70e">
      <Execution id="c8b7c4ef-8783-418d-9455-85fc28186b2e" />
      <TestMethod codeBase="/home/chad/repos/witchcityrope-react/tests/WitchCityRope.Api.Tests/bin/Debug/net9.0/WitchCityRope.Api.Tests.dll" adapterTypeName="executor://xunit/VsTestRunner3/netcore/" className="WitchCityRope.Api.Tests.Services.PaymentServiceTests" name="ProcessPaymentAsync_ShouldGenerateUniqueTransactionIds" />
    </UnitTest>
    <UnitTest name="WitchCityRope.Api.Tests.Services.AuthServiceTests.LoginAsync_WhenAccountNotActive_ShouldThrowUnauthorizedException" storage="/home/chad/repos/witchcityrope-react/tests/witchcityrope.api.tests/bin/debug/net9.0/witchcityrope.api.tests.dll" id="89f59355-8c9b-73e9-a492-199e27e5af27">
      <Execution id="6d56b7c2-bc11-4ab8-bc2e-42fba4836bb6" />
      <TestMethod codeBase="/home/chad/repos/witchcityrope-react/tests/WitchCityRope.Api.Tests/bin/Debug/net9.0/WitchCityRope.Api.Tests.dll" adapterTypeName="executor://xunit/VsTestRunner3/netcore/" className="WitchCityRope.Api.Tests.Services.AuthServiceTests" name="LoginAsync_WhenAccountNotActive_ShouldThrowUnauthorizedException" />
    </UnitTest>
    <UnitTest name="WitchCityRope.Api.Tests.Models.RequestModelValidationTests.RegisterRequest_WhenPasswordWeak_ShouldFailValidation(password: &quot;short&quot;)" storage="/home/chad/repos/witchcityrope-react/tests/witchcityrope.api.tests/bin/debug/net9.0/witchcityrope.api.tests.dll" id="60324b08-accd-f585-f876-69b6b44e95de">
      <Execution id="59bd3b03-576e-4cbb-951c-e70b50be72e1" />
      <TestMethod codeBase="/home/chad/repos/witchcityrope-react/tests/WitchCityRope.Api.Tests/bin/Debug/net9.0/WitchCityRope.Api.Tests.dll" adapterTypeName="executor://xunit/VsTestRunner3/netcore/" className="WitchCityRope.Api.Tests.Models.RequestModelValidationTests" name="RegisterRequest_WhenPasswordWeak_ShouldFailValidation" />
    </UnitTest>
    <UnitTest name="WitchCityRope.Api.Tests.Services.AuthServiceTests.RefreshTokenAsync_WhenUserInactive_ShouldThrowUnauthorizedException" storage="/home/chad/repos/witchcityrope-react/tests/witchcityrope.api.tests/bin/debug/net9.0/witchcityrope.api.tests.dll" id="cdcf4922-0bae-4f2a-7e31-a8007716d2f5">
      <Execution id="daabbe2c-f4db-4589-861b-33425714b90b" />
      <TestMethod codeBase="/home/chad/repos/witchcityrope-react/tests/WitchCityRope.Api.Tests/bin/Debug/net9.0/WitchCityRope.Api.Tests.dll" adapterTypeName="executor://xunit/VsTestRunner3/netcore/" className="WitchCityRope.Api.Tests.Services.AuthServiceTests" name="RefreshTokenAsync_WhenUserInactive_ShouldThrowUnauthorizedException" />
    </UnitTest>
    <UnitTest name="WitchCityRope.Api.Tests.Models.RequestModelValidationTests.LoginRequest_WhenEmailEmpty_ShouldFailValidation(email: &quot;&quot;)" storage="/home/chad/repos/witchcityrope-react/tests/witchcityrope.api.tests/bin/debug/net9.0/witchcityrope.api.tests.dll" id="eb918f35-c50e-06db-1350-24712645aed4">
      <Execution id="dc69a772-a03f-4a2b-85ab-bb3d7bdecefd" />
      <TestMethod codeBase="/home/chad/repos/witchcityrope-react/tests/WitchCityRope.Api.Tests/bin/Debug/net9.0/WitchCityRope.Api.Tests.dll" adapterTypeName="executor://xunit/VsTestRunner3/netcore/" className="WitchCityRope.Api.Tests.Models.RequestModelValidationTests" name="LoginRequest_WhenEmailEmpty_ShouldFailValidation" />
    </UnitTest>
    <UnitTest name="WitchCityRope.Api.Tests.Services.AuthServiceTests.LoginAsync_WhenInvalidPassword_ShouldThrowUnauthorizedException" storage="/home/chad/repos/witchcityrope-react/tests/witchcityrope.api.tests/bin/debug/net9.0/witchcityrope.api.tests.dll" id="79a78e0c-f40b-cecb-0a99-9835d8ee469f">
      <Execution id="1445ca9e-3684-4179-8d56-7eedad3209a1" />
      <TestMethod codeBase="/home/chad/repos/witchcityrope-react/tests/WitchCityRope.Api.Tests/bin/Debug/net9.0/WitchCityRope.Api.Tests.dll" adapterTypeName="executor://xunit/VsTestRunner3/netcore/" className="WitchCityRope.Api.Tests.Services.AuthServiceTests" name="LoginAsync_WhenInvalidPassword_ShouldThrowUnauthorizedException" />
    </UnitTest>
    <UnitTest name="WitchCityRope.Api.Tests.Services.ConcurrencyAndEdgeCaseTests.UpdateEvent_ConcurrentUpdates_ShouldHandleOptimisticConcurrency" storage="/home/chad/repos/witchcityrope-react/tests/witchcityrope.api.tests/bin/debug/net9.0/witchcityrope.api.tests.dll" id="5c3b18c5-c7c2-8d97-35e8-533aee1f076c">
      <Execution id="13bf7402-35da-4047-a9d0-07be05be05e3" />
      <TestMethod codeBase="/home/chad/repos/witchcityrope-react/tests/WitchCityRope.Api.Tests/bin/Debug/net9.0/WitchCityRope.Api.Tests.dll" adapterTypeName="executor://xunit/VsTestRunner3/netcore/" className="WitchCityRope.Api.Tests.Services.ConcurrencyAndEdgeCaseTests" name="UpdateEvent_ConcurrentUpdates_ShouldHandleOptimisticConcurrency" />
    </UnitTest>
    <UnitTest name="WitchCityRope.Api.Tests.Features.Events.EventSessionTests.CreateTicketType_WithSessionMapping_MapsToCorrectSessions" storage="/home/chad/repos/witchcityrope-react/tests/witchcityrope.api.tests/bin/debug/net9.0/witchcityrope.api.tests.dll" id="451778c5-690d-0aa0-af92-1c98bac5ec58">
      <Execution id="8299d008-b850-4c4a-9c07-e719e7b88026" />
      <TestMethod codeBase="/home/chad/repos/witchcityrope-react/tests/WitchCityRope.Api.Tests/bin/Debug/net9.0/WitchCityRope.Api.Tests.dll" adapterTypeName="executor://xunit/VsTestRunner3/netcore/" className="WitchCityRope.Api.Tests.Features.Events.EventSessionTests" name="CreateTicketType_WithSessionMapping_MapsToCorrectSessions" />
    </UnitTest>
    <UnitTest name="WitchCityRope.Api.Tests.Validators.SubmitApplicationCommandValidatorTests.ValidateAsync_WhenLessThanTwoReferences_ShouldReturnInvalid" storage="/home/chad/repos/witchcityrope-react/tests/witchcityrope.api.tests/bin/debug/net9.0/witchcityrope.api.tests.dll" id="dba84b6a-9837-5202-5a89-ddecd33fa364">
      <Execution id="9aeff04e-359e-46bd-b38f-988b70206d6f" />
      <TestMethod codeBase="/home/chad/repos/witchcityrope-react/tests/WitchCityRope.Api.Tests/bin/Debug/net9.0/WitchCityRope.Api.Tests.dll" adapterTypeName="executor://xunit/VsTestRunner3/netcore/" className="WitchCityRope.Api.Tests.Validators.SubmitApplicationCommandValidatorTests" name="ValidateAsync_WhenLessThanTwoReferences_ShouldReturnInvalid" />
    </UnitTest>
    <UnitTest name="WitchCityRope.Api.Tests.Services.ConcurrencyAndEdgeCaseTests.ListEvents_WithComplexFiltersAndLargeDataset_ShouldPerformEfficiently" storage="/home/chad/repos/witchcityrope-react/tests/witchcityrope.api.tests/bin/debug/net9.0/witchcityrope.api.tests.dll" id="7f4fa0f3-1f65-326b-2bf5-8bbcd6f64c1e">
      <Execution id="b702297d-c8cc-47b0-88ba-613915693559" />
      <TestMethod codeBase="/home/chad/repos/witchcityrope-react/tests/WitchCityRope.Api.Tests/bin/Debug/net9.0/WitchCityRope.Api.Tests.dll" adapterTypeName="executor://xunit/VsTestRunner3/netcore/" className="WitchCityRope.Api.Tests.Services.ConcurrencyAndEdgeCaseTests" name="ListEvents_WithComplexFiltersAndLargeDataset_ShouldPerformEfficiently" />
    </UnitTest>
    <UnitTest name="WitchCityRope.Api.Tests.Services.PaymentServiceTests.ProcessPaymentAsync_WithVariousAmounts_ShouldSucceed(amount: 1000)" storage="/home/chad/repos/witchcityrope-react/tests/witchcityrope.api.tests/bin/debug/net9.0/witchcityrope.api.tests.dll" id="82d41334-de0c-6b81-c916-c9458cda93ee">
      <Execution id="403c234f-78a1-431f-bd92-6684d49ba500" />
      <TestMethod codeBase="/home/chad/repos/witchcityrope-react/tests/WitchCityRope.Api.Tests/bin/Debug/net9.0/WitchCityRope.Api.Tests.dll" adapterTypeName="executor://xunit/VsTestRunner3/netcore/" className="WitchCityRope.Api.Tests.Services.PaymentServiceTests" name="ProcessPaymentAsync_WithVariousAmounts_ShouldSucceed" />
    </UnitTest>
    <UnitTest name="WitchCityRope.Api.Tests.Models.RequestModelValidationTests.CreateEventRequest_WhenValid_ShouldPassValidation" storage="/home/chad/repos/witchcityrope-react/tests/witchcityrope.api.tests/bin/debug/net9.0/witchcityrope.api.tests.dll" id="00802914-1f80-8f43-df12-16089613d55e">
      <Execution id="6acad517-5578-42b0-9bb8-f1f10630605e" />
      <TestMethod codeBase="/home/chad/repos/witchcityrope-react/tests/WitchCityRope.Api.Tests/bin/Debug/net9.0/WitchCityRope.Api.Tests.dll" adapterTypeName="executor://xunit/VsTestRunner3/netcore/" className="WitchCityRope.Api.Tests.Models.RequestModelValidationTests" name="CreateEventRequest_WhenValid_ShouldPassValidation" />
    </UnitTest>
    <UnitTest name="WitchCityRope.Api.Tests.Features.Events.EventSessionTests.CalculateAvailability_MixedTicketTypes_CorrectlyTracksCrossSessionCapacity" storage="/home/chad/repos/witchcityrope-react/tests/witchcityrope.api.tests/bin/debug/net9.0/witchcityrope.api.tests.dll" id="bbbf1a28-5cd2-95fb-83cd-7c75ad7cf680">
      <Execution id="c5c542aa-1491-476e-9f15-4e0ebd0ffac0" />
      <TestMethod codeBase="/home/chad/repos/witchcityrope-react/tests/WitchCityRope.Api.Tests/bin/Debug/net9.0/WitchCityRope.Api.Tests.dll" adapterTypeName="executor://xunit/VsTestRunner3/netcore/" className="WitchCityRope.Api.Tests.Features.Events.EventSessionTests" name="CalculateAvailability_MixedTicketTypes_CorrectlyTracksCrossSessionCapacity" />
    </UnitTest>
    <UnitTest name="WitchCityRope.Api.Tests.Features.Events.CreateEventCommandTests.CreateEvent_ValidRequest_CreatesEvent" storage="/home/chad/repos/witchcityrope-react/tests/witchcityrope.api.tests/bin/debug/net9.0/witchcityrope.api.tests.dll" id="f48a3012-016d-712c-7fbf-4a67dd0f290b">
      <Execution id="d6480696-94fc-4441-954d-1901e0a76fc9" />
      <TestMethod codeBase="/home/chad/repos/witchcityrope-react/tests/WitchCityRope.Api.Tests/bin/Debug/net9.0/WitchCityRope.Api.Tests.dll" adapterTypeName="executor://xunit/VsTestRunner3/netcore/" className="WitchCityRope.Api.Tests.Features.Events.CreateEventCommandTests" name="CreateEvent_ValidRequest_CreatesEvent" />
    </UnitTest>
    <UnitTest name="WitchCityRope.Api.Tests.Services.EventServiceTests.Event_Publish_WhenUnpublished_ShouldSucceed" storage="/home/chad/repos/witchcityrope-react/tests/witchcityrope.api.tests/bin/debug/net9.0/witchcityrope.api.tests.dll" id="f20593b6-0b32-1c25-0a70-aa667b56f760">
      <Execution id="8aa07235-a021-49c6-94fd-a57142b2b002" />
      <TestMethod codeBase="/home/chad/repos/witchcityrope-react/tests/WitchCityRope.Api.Tests/bin/Debug/net9.0/WitchCityRope.Api.Tests.dll" adapterTypeName="executor://xunit/VsTestRunner3/netcore/" className="WitchCityRope.Api.Tests.Services.EventServiceTests" name="Event_Publish_WhenUnpublished_ShouldSucceed" />
    </UnitTest>
    <UnitTest name="WitchCityRope.Api.Tests.Features.Events.EventSessionTests.CalculateAvailability_WithExistingRegistrations_ConsumesFromAllSessions" storage="/home/chad/repos/witchcityrope-react/tests/witchcityrope.api.tests/bin/debug/net9.0/witchcityrope.api.tests.dll" id="037c89d7-2338-45b2-e7d8-4ad2b1c852f1">
      <Execution id="9ac74279-03c2-4c17-8d5c-62015096fcf2" />
      <TestMethod codeBase="/home/chad/repos/witchcityrope-react/tests/WitchCityRope.Api.Tests/bin/Debug/net9.0/WitchCityRope.Api.Tests.dll" adapterTypeName="executor://xunit/VsTestRunner3/netcore/" className="WitchCityRope.Api.Tests.Features.Events.EventSessionTests" name="CalculateAvailability_WithExistingRegistrations_ConsumesFromAllSessions" />
    </UnitTest>
    <UnitTest name="WitchCityRope.Api.Tests.Services.AuthServiceTests.VerifyEmailAsync_WhenTokenExpired_ShouldThrowValidationException" storage="/home/chad/repos/witchcityrope-react/tests/witchcityrope.api.tests/bin/debug/net9.0/witchcityrope.api.tests.dll" id="8a384879-ef14-b181-d469-018ea205a1bb">
      <Execution id="cd14b2aa-09be-4911-b42c-54a6cbb51559" />
      <TestMethod codeBase="/home/chad/repos/witchcityrope-react/tests/WitchCityRope.Api.Tests/bin/Debug/net9.0/WitchCityRope.Api.Tests.dll" adapterTypeName="executor://xunit/VsTestRunner3/netcore/" className="WitchCityRope.Api.Tests.Services.AuthServiceTests" name="VerifyEmailAsync_WhenTokenExpired_ShouldThrowValidationException" />
    </UnitTest>
    <UnitTest name="WitchCityRope.Api.Tests.Validators.SubmitApplicationCommandValidatorTests.ValidateAsync_WhenNotUnderstandsVettingProcess_ShouldReturnInvalid" storage="/home/chad/repos/witchcityrope-react/tests/witchcityrope.api.tests/bin/debug/net9.0/witchcityrope.api.tests.dll" id="1adcb140-9f8b-468e-3a90-1e1f5e78494e">
      <Execution id="ad187f01-55ae-4789-b4c6-fd9ba2688f3a" />
      <TestMethod codeBase="/home/chad/repos/witchcityrope-react/tests/WitchCityRope.Api.Tests/bin/Debug/net9.0/WitchCityRope.Api.Tests.dll" adapterTypeName="executor://xunit/VsTestRunner3/netcore/" className="WitchCityRope.Api.Tests.Validators.SubmitApplicationCommandValidatorTests" name="ValidateAsync_WhenNotUnderstandsVettingProcess_ShouldReturnInvalid" />
    </UnitTest>
    <UnitTest name="WitchCityRope.Api.Tests.Services.PaymentServiceTests.HandleWebhookAsync_WithVariousEventTypes_ShouldCompleteSuccessfully(eventType: &quot;payment_intent.succeeded&quot;)" storage="/home/chad/repos/witchcityrope-react/tests/witchcityrope.api.tests/bin/debug/net9.0/witchcityrope.api.tests.dll" id="88426ba0-032a-dd4f-f592-12dcc4c6ddd4">
      <Execution id="48faa537-4917-433c-8bb5-2db9ec320f23" />
      <TestMethod codeBase="/home/chad/repos/witchcityrope-react/tests/WitchCityRope.Api.Tests/bin/Debug/net9.0/WitchCityRope.Api.Tests.dll" adapterTypeName="executor://xunit/VsTestRunner3/netcore/" className="WitchCityRope.Api.Tests.Services.PaymentServiceTests" name="HandleWebhookAsync_WithVariousEventTypes_ShouldCompleteSuccessfully" />
    </UnitTest>
    <UnitTest name="WitchCityRope.Api.Tests.Models.RequestModelValidationTests.CreateEventRequest_WhenMaxAttendeesInvalid_ShouldFailValidation" storage="/home/chad/repos/witchcityrope-react/tests/witchcityrope.api.tests/bin/debug/net9.0/witchcityrope.api.tests.dll" id="84fff6a1-ae6e-5d7b-7321-99ca11e35c0b">
      <Execution id="fd44f9d9-0329-4019-aa61-98c705f13543" />
      <TestMethod codeBase="/home/chad/repos/witchcityrope-react/tests/WitchCityRope.Api.Tests/bin/Debug/net9.0/WitchCityRope.Api.Tests.dll" adapterTypeName="executor://xunit/VsTestRunner3/netcore/" className="WitchCityRope.Api.Tests.Models.RequestModelValidationTests" name="CreateEventRequest_WhenMaxAttendeesInvalid_ShouldFailValidation" />
    </UnitTest>
    <UnitTest name="WitchCityRope.Api.Tests.Services.PaymentServiceTests.HandleWebhookAsync_WithVariousEventTypes_ShouldCompleteSuccessfully(eventType: &quot;customer.subscription.created&quot;)" storage="/home/chad/repos/witchcityrope-react/tests/witchcityrope.api.tests/bin/debug/net9.0/witchcityrope.api.tests.dll" id="0ab072f3-15af-5fa6-749c-80182143794d">
      <Execution id="105c6c8f-cb36-4817-a94e-f672fa0f839a" />
      <TestMethod codeBase="/home/chad/repos/witchcityrope-react/tests/WitchCityRope.Api.Tests/bin/Debug/net9.0/WitchCityRope.Api.Tests.dll" adapterTypeName="executor://xunit/VsTestRunner3/netcore/" className="WitchCityRope.Api.Tests.Services.PaymentServiceTests" name="HandleWebhookAsync_WithVariousEventTypes_ShouldCompleteSuccessfully" />
    </UnitTest>
    <UnitTest name="WitchCityRope.Api.Tests.Features.Events.EventSessionTests.TicketAvailability_VariousScenarios_CalculatesCorrectly" storage="/home/chad/repos/witchcityrope-react/tests/witchcityrope.api.tests/bin/debug/net9.0/witchcityrope.api.tests.dll" id="11e4e2b4-3f38-6d07-2fda-d51ad4791ea3">
      <Execution id="306b57e4-e621-452a-9ab4-70122b4987c0" />
      <TestMethod codeBase="/home/chad/repos/witchcityrope-react/tests/WitchCityRope.Api.Tests/bin/Debug/net9.0/WitchCityRope.Api.Tests.dll" adapterTypeName="executor://xunit/VsTestRunner3/netcore/" className="WitchCityRope.Api.Tests.Features.Events.EventSessionTests" name="TicketAvailability_VariousScenarios_CalculatesCorrectly" />
    </UnitTest>
    <UnitTest name="WitchCityRope.Api.Tests.Services.VettingServiceTests.GetApplicationsAsync_WhenNoApplications_ShouldReturnEmptyPagedResult" storage="/home/chad/repos/witchcityrope-react/tests/witchcityrope.api.tests/bin/debug/net9.0/witchcityrope.api.tests.dll" id="f204f494-be0d-81a4-79b0-3ee1b7454749">
      <Execution id="900dda79-a1ae-41c2-a127-055d60c0f205" />
      <TestMethod codeBase="/home/chad/repos/witchcityrope-react/tests/WitchCityRope.Api.Tests/bin/Debug/net9.0/WitchCityRope.Api.Tests.dll" adapterTypeName="executor://xunit/VsTestRunner3/netcore/" className="WitchCityRope.Api.Tests.Services.VettingServiceTests" name="GetApplicationsAsync_WhenNoApplications_ShouldReturnEmptyPagedResult" />
    </UnitTest>
    <UnitTest name="WitchCityRope.Api.Tests.Services.VettingServiceTests.ReviewApplicationAsync_ShouldAcceptVariousDecisions(decision: &quot;Rejected&quot;)" storage="/home/chad/repos/witchcityrope-react/tests/witchcityrope.api.tests/bin/debug/net9.0/witchcityrope.api.tests.dll" id="c66b1523-d06c-53f1-91f2-e92fe2bdfa61">
      <Execution id="2c591cce-94d5-4502-b738-95cbcbc38765" />
      <TestMethod codeBase="/home/chad/repos/witchcityrope-react/tests/WitchCityRope.Api.Tests/bin/Debug/net9.0/WitchCityRope.Api.Tests.dll" adapterTypeName="executor://xunit/VsTestRunner3/netcore/" className="WitchCityRope.Api.Tests.Services.VettingServiceTests" name="ReviewApplicationAsync_ShouldAcceptVariousDecisions" />
    </UnitTest>
    <UnitTest name="WitchCityRope.Api.Tests.Models.RequestModelValidationTests.CreateEventRequest_WhenTitleEmpty_ShouldFailValidation" storage="/home/chad/repos/witchcityrope-react/tests/witchcityrope.api.tests/bin/debug/net9.0/witchcityrope.api.tests.dll" id="39ce5e04-61f6-c868-486e-0d238830b0cf">
      <Execution id="ec7f5c8e-83b9-4458-8c1c-43eb87ee84f5" />
      <TestMethod codeBase="/home/chad/repos/witchcityrope-react/tests/WitchCityRope.Api.Tests/bin/Debug/net9.0/WitchCityRope.Api.Tests.dll" adapterTypeName="executor://xunit/VsTestRunner3/netcore/" className="WitchCityRope.Api.Tests.Models.RequestModelValidationTests" name="CreateEventRequest_WhenTitleEmpty_ShouldFailValidation" />
    </UnitTest>
    <UnitTest name="WitchCityRope.Api.Tests.Models.RequestModelValidationTests.RegisterRequest_WhenPasswordWeak_ShouldFailValidation(password: &quot;PASSWORD&quot;)" storage="/home/chad/repos/witchcityrope-react/tests/witchcityrope.api.tests/bin/debug/net9.0/witchcityrope.api.tests.dll" id="1e07f65a-2ccd-636d-9e7c-b3ca5d1e491e">
      <Execution id="d8c5144b-c1b3-40fe-989e-207459640e25" />
      <TestMethod codeBase="/home/chad/repos/witchcityrope-react/tests/WitchCityRope.Api.Tests/bin/Debug/net9.0/WitchCityRope.Api.Tests.dll" adapterTypeName="executor://xunit/VsTestRunner3/netcore/" className="WitchCityRope.Api.Tests.Models.RequestModelValidationTests" name="RegisterRequest_WhenPasswordWeak_ShouldFailValidation" />
    </UnitTest>
    <UnitTest name="WitchCityRope.Api.Tests.Services.AuthServiceTests.RegisterAsync_WhenUnder21_ShouldThrowValidationException" storage="/home/chad/repos/witchcityrope-react/tests/witchcityrope.api.tests/bin/debug/net9.0/witchcityrope.api.tests.dll" id="f0b94319-84eb-e8bb-b423-6217e299a900">
      <Execution id="12041da4-fc55-4380-9e8a-2b13eff39ce0" />
      <TestMethod codeBase="/home/chad/repos/witchcityrope-react/tests/WitchCityRope.Api.Tests/bin/Debug/net9.0/WitchCityRope.Api.Tests.dll" adapterTypeName="executor://xunit/VsTestRunner3/netcore/" className="WitchCityRope.Api.Tests.Services.AuthServiceTests" name="RegisterAsync_WhenUnder21_ShouldThrowValidationException" />
    </UnitTest>
    <UnitTest name="WitchCityRope.Api.Tests.Features.Events.EventSessionTests.SocialEvent_WithPaidTickets_RequiresPayment" storage="/home/chad/repos/witchcityrope-react/tests/witchcityrope.api.tests/bin/debug/net9.0/witchcityrope.api.tests.dll" id="4bf1b4a9-6dc3-ee4e-1816-0bce9705e22f">
      <Execution id="39dcbed1-776f-46df-be69-8422456429cc" />
      <TestMethod codeBase="/home/chad/repos/witchcityrope-react/tests/WitchCityRope.Api.Tests/bin/Debug/net9.0/WitchCityRope.Api.Tests.dll" adapterTypeName="executor://xunit/VsTestRunner3/netcore/" className="WitchCityRope.Api.Tests.Features.Events.EventSessionTests" name="SocialEvent_WithPaidTickets_RequiresPayment" />
    </UnitTest>
    <UnitTest name="WitchCityRope.Api.Tests.Features.Events.EventSessionTests.SocialEvent_WithRSVPMode_DoesNotRequirePayment" storage="/home/chad/repos/witchcityrope-react/tests/witchcityrope.api.tests/bin/debug/net9.0/witchcityrope.api.tests.dll" id="d0eafbab-6788-4e43-72a3-19eef1a65cb9">
      <Execution id="a86fe5c3-852c-474b-a3dc-2de9a186f094" />
      <TestMethod codeBase="/home/chad/repos/witchcityrope-react/tests/WitchCityRope.Api.Tests/bin/Debug/net9.0/WitchCityRope.Api.Tests.dll" adapterTypeName="executor://xunit/VsTestRunner3/netcore/" className="WitchCityRope.Api.Tests.Features.Events.EventSessionTests" name="SocialEvent_WithRSVPMode_DoesNotRequirePayment" />
    </UnitTest>
    <UnitTest name="WitchCityRope.Api.Tests.Validators.SubmitApplicationCommandValidatorTests.ValidateAsync_WhenEmptyConsentUnderstanding_ShouldReturnInvalid" storage="/home/chad/repos/witchcityrope-react/tests/witchcityrope.api.tests/bin/debug/net9.0/witchcityrope.api.tests.dll" id="f84298bc-881e-482e-0591-675095978768">
      <Execution id="b4ab4a12-3564-4e42-b1ab-753e1fc8f810" />
      <TestMethod codeBase="/home/chad/repos/witchcityrope-react/tests/WitchCityRope.Api.Tests/bin/Debug/net9.0/WitchCityRope.Api.Tests.dll" adapterTypeName="executor://xunit/VsTestRunner3/netcore/" className="WitchCityRope.Api.Tests.Validators.SubmitApplicationCommandValidatorTests" name="ValidateAsync_WhenEmptyConsentUnderstanding_ShouldReturnInvalid" />
    </UnitTest>
    <UnitTest name="WitchCityRope.Api.Tests.Validators.SubmitApplicationCommandValidatorTests.ValidateAsync_WhenNoSkillsAndInterests_ShouldReturnInvalid" storage="/home/chad/repos/witchcityrope-react/tests/witchcityrope.api.tests/bin/debug/net9.0/witchcityrope.api.tests.dll" id="a9eec94d-2a00-ec15-22d6-c0e588ac9052">
      <Execution id="d0332154-9e55-430c-9b31-d260b841671f" />
      <TestMethod codeBase="/home/chad/repos/witchcityrope-react/tests/WitchCityRope.Api.Tests/bin/Debug/net9.0/WitchCityRope.Api.Tests.dll" adapterTypeName="executor://xunit/VsTestRunner3/netcore/" className="WitchCityRope.Api.Tests.Validators.SubmitApplicationCommandValidatorTests" name="ValidateAsync_WhenNoSkillsAndInterests_ShouldReturnInvalid" />
    </UnitTest>
    <UnitTest name="WitchCityRope.Api.Tests.Services.PaymentServiceTests.ProcessPaymentAsync_WithVariousAmounts_ShouldSucceed(amount: 99.99)" storage="/home/chad/repos/witchcityrope-react/tests/witchcityrope.api.tests/bin/debug/net9.0/witchcityrope.api.tests.dll" id="f931d238-f474-d92c-7780-1e18326be03d">
      <Execution id="ea4aab4e-9d4c-48d0-b19d-1fc113392fd8" />
      <TestMethod codeBase="/home/chad/repos/witchcityrope-react/tests/WitchCityRope.Api.Tests/bin/Debug/net9.0/WitchCityRope.Api.Tests.dll" adapterTypeName="executor://xunit/VsTestRunner3/netcore/" className="WitchCityRope.Api.Tests.Services.PaymentServiceTests" name="ProcessPaymentAsync_WithVariousAmounts_ShouldSucceed" />
    </UnitTest>
    <UnitTest name="WitchCityRope.Api.Tests.Services.UserServiceTests.PromoteUser_InvalidDemotion_ShouldThrowException" storage="/home/chad/repos/witchcityrope-react/tests/witchcityrope.api.tests/bin/debug/net9.0/witchcityrope.api.tests.dll" id="53573b3c-3ae5-692b-72a1-3feb4991e1dd">
      <Execution id="4916f811-00d0-4dec-9ea7-68ff88ed1cdd" />
      <TestMethod codeBase="/home/chad/repos/witchcityrope-react/tests/WitchCityRope.Api.Tests/bin/Debug/net9.0/WitchCityRope.Api.Tests.dll" adapterTypeName="executor://xunit/VsTestRunner3/netcore/" className="WitchCityRope.Api.Tests.Services.UserServiceTests" name="PromoteUser_InvalidDemotion_ShouldThrowException" />
    </UnitTest>
    <UnitTest name="WitchCityRope.Api.Tests.Services.AuthServiceTests.RegisterAsync_WhenSceneNameTaken_ShouldThrowConflictException" storage="/home/chad/repos/witchcityrope-react/tests/witchcityrope.api.tests/bin/debug/net9.0/witchcityrope.api.tests.dll" id="d161ef60-55bc-12fa-9311-fca66509171b">
      <Execution id="e4c80bce-38e6-465a-b631-ffcc7ea17619" />
      <TestMethod codeBase="/home/chad/repos/witchcityrope-react/tests/WitchCityRope.Api.Tests/bin/Debug/net9.0/WitchCityRope.Api.Tests.dll" adapterTypeName="executor://xunit/VsTestRunner3/netcore/" className="WitchCityRope.Api.Tests.Services.AuthServiceTests" name="RegisterAsync_WhenSceneNameTaken_ShouldThrowConflictException" />
    </UnitTest>
    <UnitTest name="WitchCityRope.Api.Tests.Validators.SubmitApplicationCommandValidatorTests.ValidateAsync_WhenMultipleErrors_ShouldReturnAllErrors" storage="/home/chad/repos/witchcityrope-react/tests/witchcityrope.api.tests/bin/debug/net9.0/witchcityrope.api.tests.dll" id="583cddc6-f7c7-a35b-2c16-29e55ffa22d1">
      <Execution id="a9b05291-f679-43d8-b779-f6b1d0f23356" />
      <TestMethod codeBase="/home/chad/repos/witchcityrope-react/tests/WitchCityRope.Api.Tests/bin/Debug/net9.0/WitchCityRope.Api.Tests.dll" adapterTypeName="executor://xunit/VsTestRunner3/netcore/" className="WitchCityRope.Api.Tests.Validators.SubmitApplicationCommandValidatorTests" name="ValidateAsync_WhenMultipleErrors_ShouldReturnAllErrors" />
    </UnitTest>
    <UnitTest name="WitchCityRope.Api.Tests.Services.VettingServiceTests.GetApplicationsAsync_WithNullStatus_ShouldReturnEmptyPagedResult" storage="/home/chad/repos/witchcityrope-react/tests/witchcityrope.api.tests/bin/debug/net9.0/witchcityrope.api.tests.dll" id="df66910e-b77f-ba1a-dbb2-6c7aeb152dd1">
      <Execution id="a72dfd1f-82f0-4cc0-a5ae-2d9dd7280c8c" />
      <TestMethod codeBase="/home/chad/repos/witchcityrope-react/tests/WitchCityRope.Api.Tests/bin/Debug/net9.0/WitchCityRope.Api.Tests.dll" adapterTypeName="executor://xunit/VsTestRunner3/netcore/" className="WitchCityRope.Api.Tests.Services.VettingServiceTests" name="GetApplicationsAsync_WithNullStatus_ShouldReturnEmptyPagedResult" />
    </UnitTest>
    <UnitTest name="WitchCityRope.Api.Tests.Services.UserServiceTests.UpdateEmail_ValidEmail_ShouldSucceed" storage="/home/chad/repos/witchcityrope-react/tests/witchcityrope.api.tests/bin/debug/net9.0/witchcityrope.api.tests.dll" id="9955bb99-780f-341a-2c9b-b71b8e9a9f36">
      <Execution id="2af864da-2ed1-46b1-810b-aa8072bdd754" />
      <TestMethod codeBase="/home/chad/repos/witchcityrope-react/tests/WitchCityRope.Api.Tests/bin/Debug/net9.0/WitchCityRope.Api.Tests.dll" adapterTypeName="executor://xunit/VsTestRunner3/netcore/" className="WitchCityRope.Api.Tests.Services.UserServiceTests" name="UpdateEmail_ValidEmail_ShouldSucceed" />
    </UnitTest>
    <UnitTest name="WitchCityRope.Api.Tests.Services.EventServiceTests.Event_UpdateCapacity_ValidIncrease_ShouldSucceed" storage="/home/chad/repos/witchcityrope-react/tests/witchcityrope.api.tests/bin/debug/net9.0/witchcityrope.api.tests.dll" id="ae909b0f-4cd5-c017-f2d4-7868100b106a">
      <Execution id="49a8986a-fa8b-495c-ba8e-cbe59d571f69" />
      <TestMethod codeBase="/home/chad/repos/witchcityrope-react/tests/WitchCityRope.Api.Tests/bin/Debug/net9.0/WitchCityRope.Api.Tests.dll" adapterTypeName="executor://xunit/VsTestRunner3/netcore/" className="WitchCityRope.Api.Tests.Services.EventServiceTests" name="Event_UpdateCapacity_ValidIncrease_ShouldSucceed" />
    </UnitTest>
    <UnitTest name="WitchCityRope.Api.Tests.Services.EventServiceTests.CreateEventAsync_WhenValidRequest_ShouldReturnSuccess" storage="/home/chad/repos/witchcityrope-react/tests/witchcityrope.api.tests/bin/debug/net9.0/witchcityrope.api.tests.dll" id="41c98c9f-c184-ea81-48ac-e1a4c1d6a438">
      <Execution id="274af1ca-7b0a-4941-9449-4e6fcca33726" />
      <TestMethod codeBase="/home/chad/repos/witchcityrope-react/tests/WitchCityRope.Api.Tests/bin/Debug/net9.0/WitchCityRope.Api.Tests.dll" adapterTypeName="executor://xunit/VsTestRunner3/netcore/" className="WitchCityRope.Api.Tests.Services.EventServiceTests" name="CreateEventAsync_WhenValidRequest_ShouldReturnSuccess" />
    </UnitTest>
    <UnitTest name="WitchCityRope.Api.Tests.Models.RequestModelValidationTests.LoginRequest_WhenEmailInvalid_ShouldFailValidation(email: &quot;notanemail&quot;)" storage="/home/chad/repos/witchcityrope-react/tests/witchcityrope.api.tests/bin/debug/net9.0/witchcityrope.api.tests.dll" id="c02dc3e1-0465-5b62-a321-1da10f565da0">
      <Execution id="06525b64-c827-490e-b8fa-85d83475ae1b" />
      <TestMethod codeBase="/home/chad/repos/witchcityrope-react/tests/WitchCityRope.Api.Tests/bin/Debug/net9.0/WitchCityRope.Api.Tests.dll" adapterTypeName="executor://xunit/VsTestRunner3/netcore/" className="WitchCityRope.Api.Tests.Models.RequestModelValidationTests" name="LoginRequest_WhenEmailInvalid_ShouldFailValidation" />
    </UnitTest>
    <UnitTest name="WitchCityRope.Api.Tests.Services.VettingServiceTests.SubmitApplicationAsync_ShouldGenerateUniqueApplicationIds" storage="/home/chad/repos/witchcityrope-react/tests/witchcityrope.api.tests/bin/debug/net9.0/witchcityrope.api.tests.dll" id="32d167cd-9bd1-3e66-bf77-931daee9742e">
      <Execution id="3fb180f5-76c0-4e6b-85e0-0234eaecb3f9" />
      <TestMethod codeBase="/home/chad/repos/witchcityrope-react/tests/WitchCityRope.Api.Tests/bin/Debug/net9.0/WitchCityRope.Api.Tests.dll" adapterTypeName="executor://xunit/VsTestRunner3/netcore/" className="WitchCityRope.Api.Tests.Services.VettingServiceTests" name="SubmitApplicationAsync_ShouldGenerateUniqueApplicationIds" />
    </UnitTest>
    <UnitTest name="WitchCityRope.Api.Tests.Services.UserServiceTests.QueryUsers_ByRole_ShouldReturnCorrectUsers" storage="/home/chad/repos/witchcityrope-react/tests/witchcityrope.api.tests/bin/debug/net9.0/witchcityrope.api.tests.dll" id="0c928b77-75f9-0a03-e655-49362de8d36b">
      <Execution id="e4a4c77e-b430-4638-a376-1236facbb8e0" />
      <TestMethod codeBase="/home/chad/repos/witchcityrope-react/tests/WitchCityRope.Api.Tests/bin/Debug/net9.0/WitchCityRope.Api.Tests.dll" adapterTypeName="executor://xunit/VsTestRunner3/netcore/" className="WitchCityRope.Api.Tests.Services.UserServiceTests" name="QueryUsers_ByRole_ShouldReturnCorrectUsers" />
    </UnitTest>
    <UnitTest name="WitchCityRope.Api.Tests.Features.Events.EventSessionTests.ClassEvent_AlwaysRequiresPayment_EvenWithZeroPrice" storage="/home/chad/repos/witchcityrope-react/tests/witchcityrope.api.tests/bin/debug/net9.0/witchcityrope.api.tests.dll" id="4097bcf8-b3c6-9357-1e45-62a233f4e3b4">
      <Execution id="1e4214a6-4a24-4793-b14c-c72a8108358c" />
      <TestMethod codeBase="/home/chad/repos/witchcityrope-react/tests/WitchCityRope.Api.Tests/bin/Debug/net9.0/WitchCityRope.Api.Tests.dll" adapterTypeName="executor://xunit/VsTestRunner3/netcore/" className="WitchCityRope.Api.Tests.Features.Events.EventSessionTests" name="ClassEvent_AlwaysRequiresPayment_EvenWithZeroPrice" />
    </UnitTest>
    <UnitTest name="WitchCityRope.Api.Tests.Services.EventServiceTests.User_PromoteToRole_Demotion_ShouldFail" storage="/home/chad/repos/witchcityrope-react/tests/witchcityrope.api.tests/bin/debug/net9.0/witchcityrope.api.tests.dll" id="fd6b0119-34c0-110d-257d-c1436577da63">
      <Execution id="ab4d2246-856e-4e52-878c-64f6433ca83f" />
      <TestMethod codeBase="/home/chad/repos/witchcityrope-react/tests/WitchCityRope.Api.Tests/bin/Debug/net9.0/WitchCityRope.Api.Tests.dll" adapterTypeName="executor://xunit/VsTestRunner3/netcore/" className="WitchCityRope.Api.Tests.Services.EventServiceTests" name="User_PromoteToRole_Demotion_ShouldFail" />
    </UnitTest>
    <UnitTest name="WitchCityRope.Api.Tests.Services.PaymentServiceTests.HandleWebhookAsync_WithVariousEventTypes_ShouldCompleteSuccessfully(eventType: &quot;customer.subscription.deleted&quot;)" storage="/home/chad/repos/witchcityrope-react/tests/witchcityrope.api.tests/bin/debug/net9.0/witchcityrope.api.tests.dll" id="adbb1f32-0641-2b15-1546-4c08820bf9f7">
      <Execution id="b57bbb38-7269-4ddb-8de7-8cfe71058fcb" />
      <TestMethod codeBase="/home/chad/repos/witchcityrope-react/tests/WitchCityRope.Api.Tests/bin/Debug/net9.0/WitchCityRope.Api.Tests.dll" adapterTypeName="executor://xunit/VsTestRunner3/netcore/" className="WitchCityRope.Api.Tests.Services.PaymentServiceTests" name="HandleWebhookAsync_WithVariousEventTypes_ShouldCompleteSuccessfully" />
    </UnitTest>
    <UnitTest name="WitchCityRope.Api.Tests.Features.Events.CreateEventCommandTests.CreateEvent_InvalidMaxAttendees_ThrowsException" storage="/home/chad/repos/witchcityrope-react/tests/witchcityrope.api.tests/bin/debug/net9.0/witchcityrope.api.tests.dll" id="cdf3928c-28b5-bacb-9f51-2837dbb2eaff">
      <Execution id="f481d674-f953-4756-bbec-e5caed405026" />
      <TestMethod codeBase="/home/chad/repos/witchcityrope-react/tests/WitchCityRope.Api.Tests/bin/Debug/net9.0/WitchCityRope.Api.Tests.dll" adapterTypeName="executor://xunit/VsTestRunner3/netcore/" className="WitchCityRope.Api.Tests.Features.Events.CreateEventCommandTests" name="CreateEvent_InvalidMaxAttendees_ThrowsException" />
    </UnitTest>
    <UnitTest name="WitchCityRope.Api.Tests.Services.PaymentServiceTests.ProcessPaymentAsync_WithMinimalRequest_ShouldSucceed" storage="/home/chad/repos/witchcityrope-react/tests/witchcityrope.api.tests/bin/debug/net9.0/witchcityrope.api.tests.dll" id="6abdea53-6767-11de-80da-ca6782be6d67">
      <Execution id="c7640bd1-9735-4c44-a4d2-e991dedabc05" />
      <TestMethod codeBase="/home/chad/repos/witchcityrope-react/tests/WitchCityRope.Api.Tests/bin/Debug/net9.0/WitchCityRope.Api.Tests.dll" adapterTypeName="executor://xunit/VsTestRunner3/netcore/" className="WitchCityRope.Api.Tests.Services.PaymentServiceTests" name="ProcessPaymentAsync_WithMinimalRequest_ShouldSucceed" />
    </UnitTest>
    <UnitTest name="WitchCityRope.Api.Tests.Models.RequestModelValidationTests.RegisterRequest_WhenValid_ShouldPassValidation" storage="/home/chad/repos/witchcityrope-react/tests/witchcityrope.api.tests/bin/debug/net9.0/witchcityrope.api.tests.dll" id="e4e83dcc-9c66-a1e3-b79d-16c6a42270e7">
      <Execution id="bc9d8a22-500e-4cf1-9ef3-36fbf1079faa" />
      <TestMethod codeBase="/home/chad/repos/witchcityrope-react/tests/WitchCityRope.Api.Tests/bin/Debug/net9.0/WitchCityRope.Api.Tests.dll" adapterTypeName="executor://xunit/VsTestRunner3/netcore/" className="WitchCityRope.Api.Tests.Models.RequestModelValidationTests" name="RegisterRequest_WhenValid_ShouldPassValidation" />
    </UnitTest>
    <UnitTest name="WitchCityRope.Api.Tests.Validators.SubmitApplicationCommandValidatorTests.ValidateAsync_WhenReferenceHasInvalidPhone_ShouldReturnInvalid" storage="/home/chad/repos/witchcityrope-react/tests/witchcityrope.api.tests/bin/debug/net9.0/witchcityrope.api.tests.dll" id="b743e041-a8aa-3787-f298-e303f3c371d8">
      <Execution id="0ed9b7a8-3b56-40d8-b667-e606dc3b5bf5" />
      <TestMethod codeBase="/home/chad/repos/witchcityrope-react/tests/WitchCityRope.Api.Tests/bin/Debug/net9.0/WitchCityRope.Api.Tests.dll" adapterTypeName="executor://xunit/VsTestRunner3/netcore/" className="WitchCityRope.Api.Tests.Validators.SubmitApplicationCommandValidatorTests" name="ValidateAsync_WhenReferenceHasInvalidPhone_ShouldReturnInvalid" />
    </UnitTest>
    <UnitTest name="WitchCityRope.Api.Tests.Services.ConcurrencyAndEdgeCaseTests.RegisterForEvent_ConcurrentRegistrationsWithPayment_ShouldProcessCorrectly" storage="/home/chad/repos/witchcityrope-react/tests/witchcityrope.api.tests/bin/debug/net9.0/witchcityrope.api.tests.dll" id="141f3789-2e8e-3cb9-2236-3d0e32aac9ca">
      <Execution id="0ce28f39-6d6d-472e-a965-408e50a22993" />
      <TestMethod codeBase="/home/chad/repos/witchcityrope-react/tests/WitchCityRope.Api.Tests/bin/Debug/net9.0/WitchCityRope.Api.Tests.dll" adapterTypeName="executor://xunit/VsTestRunner3/netcore/" className="WitchCityRope.Api.Tests.Services.ConcurrencyAndEdgeCaseTests" name="RegisterForEvent_ConcurrentRegistrationsWithPayment_ShouldProcessCorrectly" />
    </UnitTest>
    <UnitTest name="WitchCityRope.Api.Tests.Services.EventServiceTests.Event_Unpublish_WithRegistrations_ShouldFail" storage="/home/chad/repos/witchcityrope-react/tests/witchcityrope.api.tests/bin/debug/net9.0/witchcityrope.api.tests.dll" id="568a6bc5-b2c3-5c78-35bc-53366ce553e4">
      <Execution id="b4c030a1-3dfc-4dac-b8f5-bbd2f2c548bf" />
      <TestMethod codeBase="/home/chad/repos/witchcityrope-react/tests/WitchCityRope.Api.Tests/bin/Debug/net9.0/WitchCityRope.Api.Tests.dll" adapterTypeName="executor://xunit/VsTestRunner3/netcore/" className="WitchCityRope.Api.Tests.Services.EventServiceTests" name="Event_Unpublish_WithRegistrations_ShouldFail" />
    </UnitTest>
    <UnitTest name="WitchCityRope.Api.Tests.Services.PaymentServiceTests.ProcessPaymentAsync_WhenCalledMultipleTimes_ShouldHandleConcurrency" storage="/home/chad/repos/witchcityrope-react/tests/witchcityrope.api.tests/bin/debug/net9.0/witchcityrope.api.tests.dll" id="d1bd2286-7489-75ec-3dc2-eabd940a0cab">
      <Execution id="685891de-ce37-4955-adef-d277735247bb" />
      <TestMethod codeBase="/home/chad/repos/witchcityrope-react/tests/WitchCityRope.Api.Tests/bin/Debug/net9.0/WitchCityRope.Api.Tests.dll" adapterTypeName="executor://xunit/VsTestRunner3/netcore/" className="WitchCityRope.Api.Tests.Services.PaymentServiceTests" name="ProcessPaymentAsync_WhenCalledMultipleTimes_ShouldHandleConcurrency" />
    </UnitTest>
    <UnitTest name="WitchCityRope.Api.Tests.Models.RequestModelValidationTests.LoginRequest_WhenEmailInvalid_ShouldFailValidation(email: &quot;user@&quot;)" storage="/home/chad/repos/witchcityrope-react/tests/witchcityrope.api.tests/bin/debug/net9.0/witchcityrope.api.tests.dll" id="c43f01d6-9c8e-f77c-7cd7-8c06a5b2b0b7">
      <Execution id="eb5e6637-5f6c-4daf-86a7-91ffb4d3bd7e" />
      <TestMethod codeBase="/home/chad/repos/witchcityrope-react/tests/WitchCityRope.Api.Tests/bin/Debug/net9.0/WitchCityRope.Api.Tests.dll" adapterTypeName="executor://xunit/VsTestRunner3/netcore/" className="WitchCityRope.Api.Tests.Models.RequestModelValidationTests" name="LoginRequest_WhenEmailInvalid_ShouldFailValidation" />
    </UnitTest>
    <UnitTest name="WitchCityRope.Api.Tests.Services.ConcurrencyAndEdgeCaseTests.RegisterForEvent_WhenEventCancelledDuringRegistration_ShouldHandleGracefully" storage="/home/chad/repos/witchcityrope-react/tests/witchcityrope.api.tests/bin/debug/net9.0/witchcityrope.api.tests.dll" id="97665306-1cab-efa7-e9b9-a8e00c99d474">
      <Execution id="bbe769b7-4c61-4470-b18a-317d555bbd45" />
      <TestMethod codeBase="/home/chad/repos/witchcityrope-react/tests/WitchCityRope.Api.Tests/bin/Debug/net9.0/WitchCityRope.Api.Tests.dll" adapterTypeName="executor://xunit/VsTestRunner3/netcore/" className="WitchCityRope.Api.Tests.Services.ConcurrencyAndEdgeCaseTests" name="RegisterForEvent_WhenEventCancelledDuringRegistration_ShouldHandleGracefully" />
    </UnitTest>
    <UnitTest name="WitchCityRope.Api.Tests.Services.PaymentServiceTests.HandleWebhookAsync_WithNullParameters_ShouldCompleteSuccessfully" storage="/home/chad/repos/witchcityrope-react/tests/witchcityrope.api.tests/bin/debug/net9.0/witchcityrope.api.tests.dll" id="665645de-a61b-04c0-495c-4ba37329c2e4">
      <Execution id="ef33b87e-6eba-4d5f-b7b7-357a348ec5e2" />
      <TestMethod codeBase="/home/chad/repos/witchcityrope-react/tests/WitchCityRope.Api.Tests/bin/Debug/net9.0/WitchCityRope.Api.Tests.dll" adapterTypeName="executor://xunit/VsTestRunner3/netcore/" className="WitchCityRope.Api.Tests.Services.PaymentServiceTests" name="HandleWebhookAsync_WithNullParameters_ShouldCompleteSuccessfully" />
    </UnitTest>
    <UnitTest name="WitchCityRope.Api.Tests.Validators.SubmitApplicationCommandValidatorTests.ValidateAsync_WhenReferenceHasEmptyName_ShouldReturnInvalid" storage="/home/chad/repos/witchcityrope-react/tests/witchcityrope.api.tests/bin/debug/net9.0/witchcityrope.api.tests.dll" id="03f2cecc-6942-26e3-7962-83503bce63f6">
      <Execution id="6109c03a-9d78-4d05-a762-3789fe13c196" />
      <TestMethod codeBase="/home/chad/repos/witchcityrope-react/tests/WitchCityRope.Api.Tests/bin/Debug/net9.0/WitchCityRope.Api.Tests.dll" adapterTypeName="executor://xunit/VsTestRunner3/netcore/" className="WitchCityRope.Api.Tests.Validators.SubmitApplicationCommandValidatorTests" name="ValidateAsync_WhenReferenceHasEmptyName_ShouldReturnInvalid" />
    </UnitTest>
    <UnitTest name="WitchCityRope.Api.Tests.Services.PaymentServiceTests.ProcessPaymentAsync_WithVariousAmounts_ShouldSucceed(amount: 0.01)" storage="/home/chad/repos/witchcityrope-react/tests/witchcityrope.api.tests/bin/debug/net9.0/witchcityrope.api.tests.dll" id="e99f113c-9813-c6ee-8b8e-c2c046bcb38c">
      <Execution id="2da92706-c5dd-4270-8cb8-e93e1de54d95" />
      <TestMethod codeBase="/home/chad/repos/witchcityrope-react/tests/WitchCityRope.Api.Tests/bin/Debug/net9.0/WitchCityRope.Api.Tests.dll" adapterTypeName="executor://xunit/VsTestRunner3/netcore/" className="WitchCityRope.Api.Tests.Services.PaymentServiceTests" name="ProcessPaymentAsync_WithVariousAmounts_ShouldSucceed" />
    </UnitTest>
    <UnitTest name="WitchCityRope.Api.Tests.Models.RequestModelValidationTests.RegisterRequest_WhenSceneNameTooLong_ShouldFailValidation" storage="/home/chad/repos/witchcityrope-react/tests/witchcityrope.api.tests/bin/debug/net9.0/witchcityrope.api.tests.dll" id="2a3236de-6ebe-5d10-281a-cb477ff579a5">
      <Execution id="cd0bd8bf-d919-4d5b-afc6-b9e0f984d9ef" />
      <TestMethod codeBase="/home/chad/repos/witchcityrope-react/tests/WitchCityRope.Api.Tests/bin/Debug/net9.0/WitchCityRope.Api.Tests.dll" adapterTypeName="executor://xunit/VsTestRunner3/netcore/" className="WitchCityRope.Api.Tests.Models.RequestModelValidationTests" name="RegisterRequest_WhenSceneNameTooLong_ShouldFailValidation" />
    </UnitTest>
    <UnitTest name="WitchCityRope.Api.Tests.Services.UserServiceTests.PromoteUser_ToOrganizer_ShouldSucceed" storage="/home/chad/repos/witchcityrope-react/tests/witchcityrope.api.tests/bin/debug/net9.0/witchcityrope.api.tests.dll" id="e94d05c4-e0d5-db50-0892-38c06098cc2c">
      <Execution id="4028d6ed-569a-4537-b88c-c383d82469db" />
      <TestMethod codeBase="/home/chad/repos/witchcityrope-react/tests/WitchCityRope.Api.Tests/bin/Debug/net9.0/WitchCityRope.Api.Tests.dll" adapterTypeName="executor://xunit/VsTestRunner3/netcore/" className="WitchCityRope.Api.Tests.Services.UserServiceTests" name="PromoteUser_ToOrganizer_ShouldSucceed" />
    </UnitTest>
    <UnitTest name="WitchCityRope.Api.Tests.Services.PaymentServiceTests.HandleWebhookAsync_WithVariousEventTypes_ShouldCompleteSuccessfully(eventType: &quot;charge.refunded&quot;)" storage="/home/chad/repos/witchcityrope-react/tests/witchcityrope.api.tests/bin/debug/net9.0/witchcityrope.api.tests.dll" id="c4382980-adec-39c2-3fbd-ff2d89fc411e">
      <Execution id="346f7fca-0af0-4c9f-9084-82a0ce9247af" />
      <TestMethod codeBase="/home/chad/repos/witchcityrope-react/tests/WitchCityRope.Api.Tests/bin/Debug/net9.0/WitchCityRope.Api.Tests.dll" adapterTypeName="executor://xunit/VsTestRunner3/netcore/" className="WitchCityRope.Api.Tests.Services.PaymentServiceTests" name="HandleWebhookAsync_WithVariousEventTypes_ShouldCompleteSuccessfully" />
    </UnitTest>
    <UnitTest name="WitchCityRope.Api.Tests.Services.ConcurrencyAndEdgeCaseTests.CreateEvent_WithDuplicateSlug_ShouldGenerateUniqueSlug" storage="/home/chad/repos/witchcityrope-react/tests/witchcityrope.api.tests/bin/debug/net9.0/witchcityrope.api.tests.dll" id="2d05fca8-5635-daa8-5a89-6b44f28f210c">
      <Execution id="615d5444-3ed5-462e-af61-3148d24d6102" />
      <TestMethod codeBase="/home/chad/repos/witchcityrope-react/tests/WitchCityRope.Api.Tests/bin/Debug/net9.0/WitchCityRope.Api.Tests.dll" adapterTypeName="executor://xunit/VsTestRunner3/netcore/" className="WitchCityRope.Api.Tests.Services.ConcurrencyAndEdgeCaseTests" name="CreateEvent_WithDuplicateSlug_ShouldGenerateUniqueSlug" />
    </UnitTest>
    <UnitTest name="WitchCityRope.Api.Tests.Services.UserServiceTests.QueryUsers_ActiveOnly_ShouldReturnOnlyActiveUsers" storage="/home/chad/repos/witchcityrope-react/tests/witchcityrope.api.tests/bin/debug/net9.0/witchcityrope.api.tests.dll" id="5380e65c-5d06-9ce7-5b04-00a75ce712c4">
      <Execution id="3525a04b-2421-4f85-b1c4-2cb9680100d2" />
      <TestMethod codeBase="/home/chad/repos/witchcityrope-react/tests/WitchCityRope.Api.Tests/bin/Debug/net9.0/WitchCityRope.Api.Tests.dll" adapterTypeName="executor://xunit/VsTestRunner3/netcore/" className="WitchCityRope.Api.Tests.Services.UserServiceTests" name="QueryUsers_ActiveOnly_ShouldReturnOnlyActiveUsers" />
    </UnitTest>
    <UnitTest name="WitchCityRope.Api.Tests.Services.AuthServiceTests.RefreshTokenAsync_WhenTokenExpired_ShouldThrowUnauthorizedException" storage="/home/chad/repos/witchcityrope-react/tests/witchcityrope.api.tests/bin/debug/net9.0/witchcityrope.api.tests.dll" id="e56dfd3c-913a-f832-f7fa-cbf633651d55">
      <Execution id="e4846d0f-41ef-4de5-8858-2177ec612183" />
      <TestMethod codeBase="/home/chad/repos/witchcityrope-react/tests/WitchCityRope.Api.Tests/bin/Debug/net9.0/WitchCityRope.Api.Tests.dll" adapterTypeName="executor://xunit/VsTestRunner3/netcore/" className="WitchCityRope.Api.Tests.Services.AuthServiceTests" name="RefreshTokenAsync_WhenTokenExpired_ShouldThrowUnauthorizedException" />
    </UnitTest>
    <UnitTest name="WitchCityRope.Api.Tests.Services.AuthServiceTests.LoginAsync_WhenValidCredentials_ShouldReturnSuccessfulLoginResponse" storage="/home/chad/repos/witchcityrope-react/tests/witchcityrope.api.tests/bin/debug/net9.0/witchcityrope.api.tests.dll" id="f0341049-a767-d923-9cc0-ad59527216a3">
      <Execution id="26831220-5f04-4e90-9d62-fa1c9c2b5531" />
      <TestMethod codeBase="/home/chad/repos/witchcityrope-react/tests/WitchCityRope.Api.Tests/bin/Debug/net9.0/WitchCityRope.Api.Tests.dll" adapterTypeName="executor://xunit/VsTestRunner3/netcore/" className="WitchCityRope.Api.Tests.Services.AuthServiceTests" name="LoginAsync_WhenValidCredentials_ShouldReturnSuccessfulLoginResponse" />
    </UnitTest>
    <UnitTest name="WitchCityRope.Api.Tests.Models.RequestModelValidationTests.UpdateProfileRequest_WhenBioTooLong_ShouldFailValidation" storage="/home/chad/repos/witchcityrope-react/tests/witchcityrope.api.tests/bin/debug/net9.0/witchcityrope.api.tests.dll" id="917900d3-4622-28aa-a3df-e1918a0583f7">
      <Execution id="ceb97992-a566-4184-adbd-e036da948522" />
      <TestMethod codeBase="/home/chad/repos/witchcityrope-react/tests/WitchCityRope.Api.Tests/bin/Debug/net9.0/WitchCityRope.Api.Tests.dll" adapterTypeName="executor://xunit/VsTestRunner3/netcore/" className="WitchCityRope.Api.Tests.Models.RequestModelValidationTests" name="UpdateProfileRequest_WhenBioTooLong_ShouldFailValidation" />
    </UnitTest>
    <UnitTest name="WitchCityRope.Api.Tests.Services.VettingServiceTests.ReviewApplicationAsync_ShouldAcceptVariousDecisions(decision: &quot;Approved&quot;)" storage="/home/chad/repos/witchcityrope-react/tests/witchcityrope.api.tests/bin/debug/net9.0/witchcityrope.api.tests.dll" id="ad026471-9e5f-c147-830c-548427358ecb">
      <Execution id="9243fe09-5a39-4c61-8cc4-572af6b8b9a2" />
      <TestMethod codeBase="/home/chad/repos/witchcityrope-react/tests/WitchCityRope.Api.Tests/bin/Debug/net9.0/WitchCityRope.Api.Tests.dll" adapterTypeName="executor://xunit/VsTestRunner3/netcore/" className="WitchCityRope.Api.Tests.Services.VettingServiceTests" name="ReviewApplicationAsync_ShouldAcceptVariousDecisions" />
    </UnitTest>
    <UnitTest name="WitchCityRope.Api.Tests.Services.EventServiceTests.CreateRegistration_NullUser_ShouldThrowException" storage="/home/chad/repos/witchcityrope-react/tests/witchcityrope.api.tests/bin/debug/net9.0/witchcityrope.api.tests.dll" id="e0035b1a-a697-c3ae-70f1-f573b0ac8365">
      <Execution id="2f1a3ff4-1e69-4e4b-9b40-44c8ecbbc8a7" />
      <TestMethod codeBase="/home/chad/repos/witchcityrope-react/tests/WitchCityRope.Api.Tests/bin/Debug/net9.0/WitchCityRope.Api.Tests.dll" adapterTypeName="executor://xunit/VsTestRunner3/netcore/" className="WitchCityRope.Api.Tests.Services.EventServiceTests" name="CreateRegistration_NullUser_ShouldThrowException" />
    </UnitTest>
    <UnitTest name="WitchCityRope.Api.Tests.Features.Events.CreateEventCommandTests.CreateEvent_InvalidDates_ThrowsException" storage="/home/chad/repos/witchcityrope-react/tests/witchcityrope.api.tests/bin/debug/net9.0/witchcityrope.api.tests.dll" id="bda90f8f-75e5-41bc-ed40-2aa565f4bef1">
      <Execution id="92941d91-9549-401f-8744-b2b147dc42b8" />
      <TestMethod codeBase="/home/chad/repos/witchcityrope-react/tests/WitchCityRope.Api.Tests/bin/Debug/net9.0/WitchCityRope.Api.Tests.dll" adapterTypeName="executor://xunit/VsTestRunner3/netcore/" className="WitchCityRope.Api.Tests.Features.Events.CreateEventCommandTests" name="CreateEvent_InvalidDates_ThrowsException" />
    </UnitTest>
    <UnitTest name="WitchCityRope.Api.Tests.Features.Events.EventSessionTests.CreateTicketType_MappingToNonExistentSession_ThrowsDomainException" storage="/home/chad/repos/witchcityrope-react/tests/witchcityrope.api.tests/bin/debug/net9.0/witchcityrope.api.tests.dll" id="02465a18-f13d-aa1e-f099-4e6af9ec6d6b">
      <Execution id="a85c21da-cc05-4e7d-bad5-ce1022f3a68b" />
      <TestMethod codeBase="/home/chad/repos/witchcityrope-react/tests/WitchCityRope.Api.Tests/bin/Debug/net9.0/WitchCityRope.Api.Tests.dll" adapterTypeName="executor://xunit/VsTestRunner3/netcore/" className="WitchCityRope.Api.Tests.Features.Events.EventSessionTests" name="CreateTicketType_MappingToNonExistentSession_ThrowsDomainException" />
    </UnitTest>
    <UnitTest name="WitchCityRope.Api.Tests.Validators.SubmitApplicationCommandValidatorTests.ValidateAsync_WhenNotAgreesToCodeOfConduct_ShouldReturnInvalid" storage="/home/chad/repos/witchcityrope-react/tests/witchcityrope.api.tests/bin/debug/net9.0/witchcityrope.api.tests.dll" id="c276fca8-58cf-a032-b763-bf69a9244606">
      <Execution id="cbe9b43f-a9c2-4230-94d9-0aed81b54bb3" />
      <TestMethod codeBase="/home/chad/repos/witchcityrope-react/tests/WitchCityRope.Api.Tests/bin/Debug/net9.0/WitchCityRope.Api.Tests.dll" adapterTypeName="executor://xunit/VsTestRunner3/netcore/" className="WitchCityRope.Api.Tests.Validators.SubmitApplicationCommandValidatorTests" name="ValidateAsync_WhenNotAgreesToCodeOfConduct_ShouldReturnInvalid" />
    </UnitTest>
    <UnitTest name="WitchCityRope.Api.Tests.Features.Events.EventSessionTests.CalculateAvailability_MultiSessionTicket_ReturnsLimitingSessionCapacity" storage="/home/chad/repos/witchcityrope-react/tests/witchcityrope.api.tests/bin/debug/net9.0/witchcityrope.api.tests.dll" id="bfe843ae-2b4f-daff-0bb8-4471158d4153">
      <Execution id="35b2d937-ebb8-4f6e-bede-d46d45f98ccb" />
      <TestMethod codeBase="/home/chad/repos/witchcityrope-react/tests/WitchCityRope.Api.Tests/bin/Debug/net9.0/WitchCityRope.Api.Tests.dll" adapterTypeName="executor://xunit/VsTestRunner3/netcore/" className="WitchCityRope.Api.Tests.Features.Events.EventSessionTests" name="CalculateAvailability_MultiSessionTicket_ReturnsLimitingSessionCapacity" />
    </UnitTest>
    <UnitTest name="WitchCityRope.Api.Tests.Services.EventServiceTests.ProcessPayment_ValidPayment_ShouldReturnSuccess" storage="/home/chad/repos/witchcityrope-react/tests/witchcityrope.api.tests/bin/debug/net9.0/witchcityrope.api.tests.dll" id="0a41b648-6bc1-52e9-5896-3d89724af221">
      <Execution id="6e389b57-7bb2-4d8f-a287-954463241534" />
      <TestMethod codeBase="/home/chad/repos/witchcityrope-react/tests/WitchCityRope.Api.Tests/bin/Debug/net9.0/WitchCityRope.Api.Tests.dll" adapterTypeName="executor://xunit/VsTestRunner3/netcore/" className="WitchCityRope.Api.Tests.Services.EventServiceTests" name="ProcessPayment_ValidPayment_ShouldReturnSuccess" />
    </UnitTest>
    <UnitTest name="WitchCityRope.Api.Tests.Models.RequestModelValidationTests.LoginRequest_WhenEmailInvalid_ShouldFailValidation(email: &quot;user.example.com&quot;)" storage="/home/chad/repos/witchcityrope-react/tests/witchcityrope.api.tests/bin/debug/net9.0/witchcityrope.api.tests.dll" id="204ba3c3-28ac-74da-0eb5-a1bcf7d133d9">
      <Execution id="b098b80a-ffd8-4db9-b927-d93e2f048efc" />
      <TestMethod codeBase="/home/chad/repos/witchcityrope-react/tests/WitchCityRope.Api.Tests/bin/Debug/net9.0/WitchCityRope.Api.Tests.dll" adapterTypeName="executor://xunit/VsTestRunner3/netcore/" className="WitchCityRope.Api.Tests.Models.RequestModelValidationTests" name="LoginRequest_WhenEmailInvalid_ShouldFailValidation" />
    </UnitTest>
    <UnitTest name="WitchCityRope.Api.Tests.Features.Events.EventsManagementServiceTests.GetEventDetailsAsync_ReturnsError_WhenEventNotFound" storage="/home/chad/repos/witchcityrope-react/tests/witchcityrope.api.tests/bin/debug/net9.0/witchcityrope.api.tests.dll" id="08ce6e8c-6149-7d3a-b7d9-4d21112f2925">
      <Execution id="85b35ee0-fd98-4c8d-af40-eec894edac7d" />
      <TestMethod codeBase="/home/chad/repos/witchcityrope-react/tests/WitchCityRope.Api.Tests/bin/Debug/net9.0/WitchCityRope.Api.Tests.dll" adapterTypeName="executor://xunit/VsTestRunner3/netcore/" className="WitchCityRope.Api.Tests.Features.Events.EventsManagementServiceTests" name="GetEventDetailsAsync_ReturnsError_WhenEventNotFound" />
    </UnitTest>
    <UnitTest name="WitchCityRope.Api.Tests.Models.RequestModelValidationTests.RegisterRequest_WhenSceneNameTooShort_ShouldFailValidation(sceneName: &quot;ab&quot;)" storage="/home/chad/repos/witchcityrope-react/tests/witchcityrope.api.tests/bin/debug/net9.0/witchcityrope.api.tests.dll" id="ef6fd984-fabd-b382-0ed6-d314582f9e59">
      <Execution id="efab8d9d-70f6-4cdc-861d-9e5caf630418" />
      <TestMethod codeBase="/home/chad/repos/witchcityrope-react/tests/WitchCityRope.Api.Tests/bin/Debug/net9.0/WitchCityRope.Api.Tests.dll" adapterTypeName="executor://xunit/VsTestRunner3/netcore/" className="WitchCityRope.Api.Tests.Models.RequestModelValidationTests" name="RegisterRequest_WhenSceneNameTooShort_ShouldFailValidation" />
    </UnitTest>
  </TestDefinitions>
  <TestEntries>
    <TestEntry testId="e4e83dcc-9c66-a1e3-b79d-16c6a42270e7" executionId="bc9d8a22-500e-4cf1-9ef3-36fbf1079faa" testListId="8c84fa94-04c1-424b-9868-57a2d4851a1d" />
    <TestEntry testId="5bdc1eac-a7b6-638c-72e4-73b782c9502c" executionId="f234942b-0a20-4a67-a25e-90560acaec1c" testListId="8c84fa94-04c1-424b-9868-57a2d4851a1d" />
    <TestEntry testId="c4382980-adec-39c2-3fbd-ff2d89fc411e" executionId="346f7fca-0af0-4c9f-9084-82a0ce9247af" testListId="8c84fa94-04c1-424b-9868-57a2d4851a1d" />
    <TestEntry testId="fa55ca6d-ca0d-d7d0-ed5b-ff8733691998" executionId="a5f1b6cc-e7be-4941-923e-96adc20a1a0b" testListId="8c84fa94-04c1-424b-9868-57a2d4851a1d" />
    <TestEntry testId="4097bcf8-b3c6-9357-1e45-62a233f4e3b4" executionId="1e4214a6-4a24-4793-b14c-c72a8108358c" testListId="8c84fa94-04c1-424b-9868-57a2d4851a1d" />
    <TestEntry testId="39ce5e04-61f6-c868-486e-0d238830b0cf" executionId="ec7f5c8e-83b9-4458-8c1c-43eb87ee84f5" testListId="8c84fa94-04c1-424b-9868-57a2d4851a1d" />
    <TestEntry testId="3267b660-0ea8-a94e-6767-c14ba16657ea" executionId="5e7a9281-440e-4200-8285-0b01f5e09d12" testListId="8c84fa94-04c1-424b-9868-57a2d4851a1d" />
    <TestEntry testId="97665306-1cab-efa7-e9b9-a8e00c99d474" executionId="bbe769b7-4c61-4470-b18a-317d555bbd45" testListId="8c84fa94-04c1-424b-9868-57a2d4851a1d" />
    <TestEntry testId="89f59355-8c9b-73e9-a492-199e27e5af27" executionId="6d56b7c2-bc11-4ab8-bc2e-42fba4836bb6" testListId="8c84fa94-04c1-424b-9868-57a2d4851a1d" />
    <TestEntry testId="e99f113c-9813-c6ee-8b8e-c2c046bcb38c" executionId="2da92706-c5dd-4270-8cb8-e93e1de54d95" testListId="8c84fa94-04c1-424b-9868-57a2d4851a1d" />
    <TestEntry testId="9955bb99-780f-341a-2c9b-b71b8e9a9f36" executionId="2af864da-2ed1-46b1-810b-aa8072bdd754" testListId="8c84fa94-04c1-424b-9868-57a2d4851a1d" />
    <TestEntry testId="d1bd2286-7489-75ec-3dc2-eabd940a0cab" executionId="685891de-ce37-4955-adef-d277735247bb" testListId="8c84fa94-04c1-424b-9868-57a2d4851a1d" />
    <TestEntry testId="ea91f3bc-b343-2cf5-ab49-b072c8f67122" executionId="979bb759-3ec9-4c28-9c02-58457adabbda" testListId="8c84fa94-04c1-424b-9868-57a2d4851a1d" />
    <TestEntry testId="d55103ad-49d1-d81e-3b2b-9cca95b3e05e" executionId="b453fd10-ad8f-4f14-bd89-1bccca5524fc" testListId="8c84fa94-04c1-424b-9868-57a2d4851a1d" />
    <TestEntry testId="5380e65c-5d06-9ce7-5b04-00a75ce712c4" executionId="3525a04b-2421-4f85-b1c4-2cb9680100d2" testListId="8c84fa94-04c1-424b-9868-57a2d4851a1d" />
    <TestEntry testId="46de7326-ac43-fe19-e8c5-0208fba9ab27" executionId="4924f50f-066c-4439-b60b-1f3e4b4107f1" testListId="8c84fa94-04c1-424b-9868-57a2d4851a1d" />
    <TestEntry testId="f4687f5b-393d-24ff-cd27-26b98e3335b6" executionId="61757ede-22ad-4a18-ad18-183a6d18e015" testListId="8c84fa94-04c1-424b-9868-57a2d4851a1d" />
    <TestEntry testId="60324b08-accd-f585-f876-69b6b44e95de" executionId="59bd3b03-576e-4cbb-951c-e70b50be72e1" testListId="8c84fa94-04c1-424b-9868-57a2d4851a1d" />
    <TestEntry testId="25921c64-edb6-8b0c-2fcc-5b39f1496fe6" executionId="f3a7e1d7-325d-4d3c-b1ff-00bd28092c7a" testListId="8c84fa94-04c1-424b-9868-57a2d4851a1d" />
    <TestEntry testId="f931d238-f474-d92c-7780-1e18326be03d" executionId="ea4aab4e-9d4c-48d0-b19d-1fc113392fd8" testListId="8c84fa94-04c1-424b-9868-57a2d4851a1d" />
    <TestEntry testId="7c97d4b4-d749-d69c-fd3e-825c0c69abca" executionId="33dc5da1-ba92-4836-a366-119c0b3257ec" testListId="8c84fa94-04c1-424b-9868-57a2d4851a1d" />
    <TestEntry testId="53573b3c-3ae5-692b-72a1-3feb4991e1dd" executionId="4916f811-00d0-4dec-9ea7-68ff88ed1cdd" testListId="8c84fa94-04c1-424b-9868-57a2d4851a1d" />
    <TestEntry testId="1a9943ab-f183-ab16-3f56-0cdce8386f1c" executionId="84180eec-0cf7-4d3f-86d8-0fee22618bf4" testListId="8c84fa94-04c1-424b-9868-57a2d4851a1d" />
    <TestEntry testId="6d3be9ee-8505-f3c8-4d93-514e56ee48e5" executionId="80a01aca-202e-47e4-821d-032f7c05b2cb" testListId="8c84fa94-04c1-424b-9868-57a2d4851a1d" />
    <TestEntry testId="df66910e-b77f-ba1a-dbb2-6c7aeb152dd1" executionId="a72dfd1f-82f0-4cc0-a5ae-2d9dd7280c8c" testListId="8c84fa94-04c1-424b-9868-57a2d4851a1d" />
    <TestEntry testId="f84298bc-881e-482e-0591-675095978768" executionId="b4ab4a12-3564-4e42-b1ab-753e1fc8f810" testListId="8c84fa94-04c1-424b-9868-57a2d4851a1d" />
    <TestEntry testId="330c81a6-c94a-63b1-c379-5f413e95251b" executionId="f5c72236-a3c4-4d9b-ba1f-4b7012684f2c" testListId="8c84fa94-04c1-424b-9868-57a2d4851a1d" />
    <TestEntry testId="b1e7e235-792a-c725-ee14-ec28c2ee3391" executionId="6e2ac2aa-84ab-4ec3-86c6-65d12e160284" testListId="8c84fa94-04c1-424b-9868-57a2d4851a1d" />
    <TestEntry testId="a0345ce9-df03-b89b-ffc0-72efdefddb09" executionId="6bad268c-b239-4dea-a92c-08fc1bea0913" testListId="8c84fa94-04c1-424b-9868-57a2d4851a1d" />
    <TestEntry testId="1e07f65a-2ccd-636d-9e7c-b3ca5d1e491e" executionId="d8c5144b-c1b3-40fe-989e-207459640e25" testListId="8c84fa94-04c1-424b-9868-57a2d4851a1d" />
    <TestEntry testId="0c928b77-75f9-0a03-e655-49362de8d36b" executionId="e4a4c77e-b430-4638-a376-1236facbb8e0" testListId="8c84fa94-04c1-424b-9868-57a2d4851a1d" />
    <TestEntry testId="08ce6e8c-6149-7d3a-b7d9-4d21112f2925" executionId="85b35ee0-fd98-4c8d-af40-eec894edac7d" testListId="8c84fa94-04c1-424b-9868-57a2d4851a1d" />
    <TestEntry testId="52189350-244f-de15-8052-d77318e9a5c9" executionId="5a7b3f68-cad9-4aeb-b047-1edb413bc876" testListId="8c84fa94-04c1-424b-9868-57a2d4851a1d" />
    <TestEntry testId="b02d24f0-0dc5-6922-4397-48fa34ca244b" executionId="72748e80-466b-4ff0-8c4c-e56001a198a5" testListId="8c84fa94-04c1-424b-9868-57a2d4851a1d" />
    <TestEntry testId="47dd39c0-4fb8-b6af-825b-fabee870eaed" executionId="30c3b391-8065-4d74-9360-99d884196f0e" testListId="8c84fa94-04c1-424b-9868-57a2d4851a1d" />
    <TestEntry testId="f9cd47b8-35be-e07d-9044-ed46aef312fb" executionId="a5fe56e1-380b-446c-aaf6-3a73aa963a31" testListId="8c84fa94-04c1-424b-9868-57a2d4851a1d" />
    <TestEntry testId="ace6f181-abc0-bf10-ee3c-29ceff1f7d22" executionId="d5ebd6c6-5137-4b9d-86ab-8d9a61a8fb40" testListId="8c84fa94-04c1-424b-9868-57a2d4851a1d" />
    <TestEntry testId="91d56d2b-9db2-efb2-91b1-5500e97cc265" executionId="ea01c867-f2c5-4b43-bfc4-271d5ccc3d82" testListId="8c84fa94-04c1-424b-9868-57a2d4851a1d" />
    <TestEntry testId="50b838df-c47a-c8b4-39fa-3ae27b0dd858" executionId="f4029b0b-dab1-454b-b58d-8d0817e0deba" testListId="8c84fa94-04c1-424b-9868-57a2d4851a1d" />
    <TestEntry testId="f13b171d-2162-bf54-e1c1-8ff785ca38d0" executionId="07ff68a1-2294-47a8-b643-3a6921110939" testListId="8c84fa94-04c1-424b-9868-57a2d4851a1d" />
    <TestEntry testId="cdf3928c-28b5-bacb-9f51-2837dbb2eaff" executionId="f481d674-f953-4756-bbec-e5caed405026" testListId="8c84fa94-04c1-424b-9868-57a2d4851a1d" />
    <TestEntry testId="037c89d7-2338-45b2-e7d8-4ad2b1c852f1" executionId="9ac74279-03c2-4c17-8d5c-62015096fcf2" testListId="8c84fa94-04c1-424b-9868-57a2d4851a1d" />
    <TestEntry testId="fd6b0119-34c0-110d-257d-c1436577da63" executionId="ab4d2246-856e-4e52-878c-64f6433ca83f" testListId="8c84fa94-04c1-424b-9868-57a2d4851a1d" />
    <TestEntry testId="f0341049-a767-d923-9cc0-ad59527216a3" executionId="26831220-5f04-4e90-9d62-fa1c9c2b5531" testListId="8c84fa94-04c1-424b-9868-57a2d4851a1d" />
    <TestEntry testId="e0035b1a-a697-c3ae-70f1-f573b0ac8365" executionId="2f1a3ff4-1e69-4e4b-9b40-44c8ecbbc8a7" testListId="8c84fa94-04c1-424b-9868-57a2d4851a1d" />
    <TestEntry testId="7f4fa0f3-1f65-326b-2bf5-8bbcd6f64c1e" executionId="b702297d-c8cc-47b0-88ba-613915693559" testListId="8c84fa94-04c1-424b-9868-57a2d4851a1d" />
    <TestEntry testId="de87666f-05fb-83dd-e883-af77ab1e46f5" executionId="5fc8fed3-1d97-46ab-961b-bdfebc9c9745" testListId="8c84fa94-04c1-424b-9868-57a2d4851a1d" />
    <TestEntry testId="6abdea53-6767-11de-80da-ca6782be6d67" executionId="c7640bd1-9735-4c44-a4d2-e991dedabc05" testListId="8c84fa94-04c1-424b-9868-57a2d4851a1d" />
    <TestEntry testId="81f4ee71-2d7f-9e2d-25a9-c870a2cf0d24" executionId="302e77a1-d504-433d-977b-3633486a7eee" testListId="8c84fa94-04c1-424b-9868-57a2d4851a1d" />
    <TestEntry testId="bc2e7279-4161-501f-8978-806b7a5c475e" executionId="05f5a1ac-0f5e-44a8-8a90-fd1e022490f2" testListId="8c84fa94-04c1-424b-9868-57a2d4851a1d" />
    <TestEntry testId="32d167cd-9bd1-3e66-bf77-931daee9742e" executionId="3fb180f5-76c0-4e6b-85e0-0234eaecb3f9" testListId="8c84fa94-04c1-424b-9868-57a2d4851a1d" />
    <TestEntry testId="665645de-a61b-04c0-495c-4ba37329c2e4" executionId="ef33b87e-6eba-4d5f-b7b7-357a348ec5e2" testListId="8c84fa94-04c1-424b-9868-57a2d4851a1d" />
    <TestEntry testId="adbb1f32-0641-2b15-1546-4c08820bf9f7" executionId="b57bbb38-7269-4ddb-8de7-8cfe71058fcb" testListId="8c84fa94-04c1-424b-9868-57a2d4851a1d" />
    <TestEntry testId="7ab55dc2-99ef-26d6-4b05-e2ad6cf1e72a" executionId="54e36474-2926-4b53-a4d5-78be113522a2" testListId="8c84fa94-04c1-424b-9868-57a2d4851a1d" />
    <TestEntry testId="b16383da-e4b8-90ae-b65b-b67fe58bb238" executionId="07dc2074-8380-482e-8aec-28b9b771cd69" testListId="8c84fa94-04c1-424b-9868-57a2d4851a1d" />
    <TestEntry testId="150d0917-35be-bf3f-1eb9-d5dd54a95e1d" executionId="17361942-9d79-4673-9260-129926531c98" testListId="8c84fa94-04c1-424b-9868-57a2d4851a1d" />
    <TestEntry testId="750be5d6-52b4-cde2-51ae-27030b35716e" executionId="7be7e930-6ec3-4568-ae81-4c8cbf092585" testListId="8c84fa94-04c1-424b-9868-57a2d4851a1d" />
    <TestEntry testId="bb93e33d-99cd-5b91-472c-084503014e0b" executionId="b2a39b62-73da-4414-a998-c17d4f496bcd" testListId="8c84fa94-04c1-424b-9868-57a2d4851a1d" />
    <TestEntry testId="7c3dbdee-d9f6-f244-9515-382bc53afaf3" executionId="056fb397-0f0f-49ff-be05-db4d96e7b76c" testListId="8c84fa94-04c1-424b-9868-57a2d4851a1d" />
    <TestEntry testId="db12395b-c8be-afaa-52ae-fef2ba48978d" executionId="95e49a75-2184-4850-a7c8-4ee67f6706ea" testListId="8c84fa94-04c1-424b-9868-57a2d4851a1d" />
    <TestEntry testId="e0d765a5-f153-cc12-4c70-9cec3575b7bc" executionId="c243a137-aea5-40c9-b223-517e41748853" testListId="8c84fa94-04c1-424b-9868-57a2d4851a1d" />
    <TestEntry testId="8a384879-ef14-b181-d469-018ea205a1bb" executionId="cd14b2aa-09be-4911-b42c-54a6cbb51559" testListId="8c84fa94-04c1-424b-9868-57a2d4851a1d" />
    <TestEntry testId="104654d0-34a4-5138-81b8-03b1e55d6d15" executionId="dfc298fa-57fa-42cb-a27e-23f8de9523f4" testListId="8c84fa94-04c1-424b-9868-57a2d4851a1d" />
    <TestEntry testId="11e4e2b4-3f38-6d07-2fda-d51ad4791ea3" executionId="306b57e4-e621-452a-9ab4-70122b4987c0" testListId="8c84fa94-04c1-424b-9868-57a2d4851a1d" />
    <TestEntry testId="c76eb4db-df8f-5aed-8d2c-1186ca5c415f" executionId="79451124-7355-44f4-ab39-4962f3a83d4f" testListId="8c84fa94-04c1-424b-9868-57a2d4851a1d" />
    <TestEntry testId="f48a3012-016d-712c-7fbf-4a67dd0f290b" executionId="d6480696-94fc-4441-954d-1901e0a76fc9" testListId="8c84fa94-04c1-424b-9868-57a2d4851a1d" />
    <TestEntry testId="e56dfd3c-913a-f832-f7fa-cbf633651d55" executionId="e4846d0f-41ef-4de5-8858-2177ec612183" testListId="8c84fa94-04c1-424b-9868-57a2d4851a1d" />
    <TestEntry testId="230be00b-2344-eab7-117b-4ec82bc17a66" executionId="5cd0976a-3855-4ae3-bbc4-7f6a3d0b895b" testListId="8c84fa94-04c1-424b-9868-57a2d4851a1d" />
    <TestEntry testId="86131cee-2dd2-2110-0475-573eeeebd0ed" executionId="8e182b78-cb11-4499-8768-a6efcc02d580" testListId="8c84fa94-04c1-424b-9868-57a2d4851a1d" />
    <TestEntry testId="a136acea-d2a9-7f58-47b1-2f9e517e07a4" executionId="6e7074d8-b60a-49c8-b41d-1aa26b8e857a" testListId="8c84fa94-04c1-424b-9868-57a2d4851a1d" />
    <TestEntry testId="4bf1b4a9-6dc3-ee4e-1816-0bce9705e22f" executionId="39dcbed1-776f-46df-be69-8422456429cc" testListId="8c84fa94-04c1-424b-9868-57a2d4851a1d" />
    <TestEntry testId="2a3236de-6ebe-5d10-281a-cb477ff579a5" executionId="cd0bd8bf-d919-4d5b-afc6-b9e0f984d9ef" testListId="8c84fa94-04c1-424b-9868-57a2d4851a1d" />
    <TestEntry testId="d211762c-e30e-12e4-6f58-8a2ff0f5efe2" executionId="a80475bd-fdd5-4f84-b1d9-0aa9450e82dd" testListId="8c84fa94-04c1-424b-9868-57a2d4851a1d" />
    <TestEntry testId="a86afa08-94ec-e6a7-5ad7-adf01284fabf" executionId="6c901b9d-97ee-45a3-89c6-31aaf030472d" testListId="8c84fa94-04c1-424b-9868-57a2d4851a1d" />
    <TestEntry testId="bda90f8f-75e5-41bc-ed40-2aa565f4bef1" executionId="92941d91-9549-401f-8744-b2b147dc42b8" testListId="8c84fa94-04c1-424b-9868-57a2d4851a1d" />
    <TestEntry testId="d8b029b7-d0bc-2452-86c6-70d64c5c4366" executionId="812b1d1d-73e9-48fc-b1b3-b8c52c5e61af" testListId="8c84fa94-04c1-424b-9868-57a2d4851a1d" />
    <TestEntry testId="ad026471-9e5f-c147-830c-548427358ecb" executionId="9243fe09-5a39-4c61-8cc4-572af6b8b9a2" testListId="8c84fa94-04c1-424b-9868-57a2d4851a1d" />
    <TestEntry testId="a9eec94d-2a00-ec15-22d6-c0e588ac9052" executionId="d0332154-9e55-430c-9b31-d260b841671f" testListId="8c84fa94-04c1-424b-9868-57a2d4851a1d" />
    <TestEntry testId="41c98c9f-c184-ea81-48ac-e1a4c1d6a438" executionId="274af1ca-7b0a-4941-9449-4e6fcca33726" testListId="8c84fa94-04c1-424b-9868-57a2d4851a1d" />
    <TestEntry testId="204ba3c3-28ac-74da-0eb5-a1bcf7d133d9" executionId="b098b80a-ffd8-4db9-b927-d93e2f048efc" testListId="8c84fa94-04c1-424b-9868-57a2d4851a1d" />
    <TestEntry testId="0ab072f3-15af-5fa6-749c-80182143794d" executionId="105c6c8f-cb36-4817-a94e-f672fa0f839a" testListId="8c84fa94-04c1-424b-9868-57a2d4851a1d" />
    <TestEntry testId="c800bce2-117b-3796-02ec-eab7d560d34f" executionId="17c8f3cb-a76a-401f-a02e-00c0f5cd2c42" testListId="8c84fa94-04c1-424b-9868-57a2d4851a1d" />
    <TestEntry testId="f075abd2-7127-1dfa-c69c-23f970fa97d0" executionId="b1d62fbe-60d8-45da-a1e2-564f69cd8ec4" testListId="8c84fa94-04c1-424b-9868-57a2d4851a1d" />
    <TestEntry testId="ef6fd984-fabd-b382-0ed6-d314582f9e59" executionId="efab8d9d-70f6-4cdc-861d-9e5caf630418" testListId="8c84fa94-04c1-424b-9868-57a2d4851a1d" />
    <TestEntry testId="88426ba0-032a-dd4f-f592-12dcc4c6ddd4" executionId="48faa537-4917-433c-8bb5-2db9ec320f23" testListId="8c84fa94-04c1-424b-9868-57a2d4851a1d" />
    <TestEntry testId="b01f2f35-3d78-79f5-8eea-bacc89a1a77a" executionId="1e2473b6-444f-42c8-9d54-0f078fdae7cb" testListId="8c84fa94-04c1-424b-9868-57a2d4851a1d" />
    <TestEntry testId="79a78e0c-f40b-cecb-0a99-9835d8ee469f" executionId="1445ca9e-3684-4179-8d56-7eedad3209a1" testListId="8c84fa94-04c1-424b-9868-57a2d4851a1d" />
    <TestEntry testId="141f3789-2e8e-3cb9-2236-3d0e32aac9ca" executionId="0ce28f39-6d6d-472e-a965-408e50a22993" testListId="8c84fa94-04c1-424b-9868-57a2d4851a1d" />
    <TestEntry testId="6b57c4c9-1b6d-5173-809c-ade4951573b8" executionId="df54e28d-9967-491e-ae6a-e587c74fe0b3" testListId="8c84fa94-04c1-424b-9868-57a2d4851a1d" />
    <TestEntry testId="c43f01d6-9c8e-f77c-7cd7-8c06a5b2b0b7" executionId="eb5e6637-5f6c-4daf-86a7-91ffb4d3bd7e" testListId="8c84fa94-04c1-424b-9868-57a2d4851a1d" />
    <TestEntry testId="0a41b648-6bc1-52e9-5896-3d89724af221" executionId="6e389b57-7bb2-4d8f-a287-954463241534" testListId="8c84fa94-04c1-424b-9868-57a2d4851a1d" />
    <TestEntry testId="c66b1523-d06c-53f1-91f2-e92fe2bdfa61" executionId="2c591cce-94d5-4502-b738-95cbcbc38765" testListId="8c84fa94-04c1-424b-9868-57a2d4851a1d" />
    <TestEntry testId="d0eafbab-6788-4e43-72a3-19eef1a65cb9" executionId="a86fe5c3-852c-474b-a3dc-2de9a186f094" testListId="8c84fa94-04c1-424b-9868-57a2d4851a1d" />
    <TestEntry testId="cdcf4922-0bae-4f2a-7e31-a8007716d2f5" executionId="daabbe2c-f4db-4589-861b-33425714b90b" testListId="8c84fa94-04c1-424b-9868-57a2d4851a1d" />
    <TestEntry testId="1f2df129-081a-3a0d-7309-86126e1a396f" executionId="75298c5a-627d-4e40-9f57-01e5976f2180" testListId="8c84fa94-04c1-424b-9868-57a2d4851a1d" />
    <TestEntry testId="451778c5-690d-0aa0-af92-1c98bac5ec58" executionId="8299d008-b850-4c4a-9c07-e719e7b88026" testListId="8c84fa94-04c1-424b-9868-57a2d4851a1d" />
    <TestEntry testId="5c3b18c5-c7c2-8d97-35e8-533aee1f076c" executionId="13bf7402-35da-4047-a9d0-07be05be05e3" testListId="8c84fa94-04c1-424b-9868-57a2d4851a1d" />
    <TestEntry testId="77b3a1b5-e4ec-4279-0c84-91ab7743e70e" executionId="c8b7c4ef-8783-418d-9455-85fc28186b2e" testListId="8c84fa94-04c1-424b-9868-57a2d4851a1d" />
    <TestEntry testId="f87c36dd-43c2-9444-de59-3a214b42c0c4" executionId="01b5793c-2dfc-4b07-959b-64dca5f227b3" testListId="8c84fa94-04c1-424b-9868-57a2d4851a1d" />
    <TestEntry testId="e3dbff40-4784-9af5-125d-fd490f7a79d6" executionId="8b4aafde-39f6-4000-bd19-2bc0c0425f47" testListId="8c84fa94-04c1-424b-9868-57a2d4851a1d" />
    <TestEntry testId="583cddc6-f7c7-a35b-2c16-29e55ffa22d1" executionId="a9b05291-f679-43d8-b779-f6b1d0f23356" testListId="8c84fa94-04c1-424b-9868-57a2d4851a1d" />
    <TestEntry testId="94b18b9c-aa62-2a80-1d26-040307b6b613" executionId="e3b22dd6-8c2b-4ccc-8126-81f889efe436" testListId="8c84fa94-04c1-424b-9868-57a2d4851a1d" />
    <TestEntry testId="84fff6a1-ae6e-5d7b-7321-99ca11e35c0b" executionId="fd44f9d9-0329-4019-aa61-98c705f13543" testListId="8c84fa94-04c1-424b-9868-57a2d4851a1d" />
    <TestEntry testId="668e6e6b-3a59-188b-b7a5-3a46cb678fe9" executionId="1e6c5cf8-de6f-4eff-b318-dd12396247ce" testListId="8c84fa94-04c1-424b-9868-57a2d4851a1d" />
    <TestEntry testId="c6a7fd05-7ed2-376c-7541-ad09a23efff8" executionId="37de1188-8799-4ce0-bbb0-068b85a430e6" testListId="8c84fa94-04c1-424b-9868-57a2d4851a1d" />
    <TestEntry testId="8d5f93cb-6afb-6888-db51-9f5740e71d81" executionId="bdee26c6-5c82-496b-ac4b-0f0eb5722c63" testListId="8c84fa94-04c1-424b-9868-57a2d4851a1d" />
    <TestEntry testId="dd72016a-12f9-0e26-cfe2-2e0581e1d675" executionId="e28f2993-abf5-46f9-96bd-d8074b18232c" testListId="8c84fa94-04c1-424b-9868-57a2d4851a1d" />
    <TestEntry testId="eb918f35-c50e-06db-1350-24712645aed4" executionId="dc69a772-a03f-4a2b-85ab-bb3d7bdecefd" testListId="8c84fa94-04c1-424b-9868-57a2d4851a1d" />
    <TestEntry testId="d73d8d82-2f09-4e6b-0694-75feaa29c735" executionId="4cf33f5e-d78e-47b9-9971-5552430bcf7f" testListId="8c84fa94-04c1-424b-9868-57a2d4851a1d" />
    <TestEntry testId="f20593b6-0b32-1c25-0a70-aa667b56f760" executionId="8aa07235-a021-49c6-94fd-a57142b2b002" testListId="8c84fa94-04c1-424b-9868-57a2d4851a1d" />
    <TestEntry testId="1c2cbc0b-5967-aca4-0d32-64d883bf411b" executionId="f2a6dff0-1582-4641-b952-7ce1257feb84" testListId="8c84fa94-04c1-424b-9868-57a2d4851a1d" />
    <TestEntry testId="c5c1f171-114f-8cb9-fa4b-c4ef489b2437" executionId="67f22290-ee81-490f-9ac9-1403226836bd" testListId="8c84fa94-04c1-424b-9868-57a2d4851a1d" />
    <TestEntry testId="82182213-ea2e-c07a-adfd-faf2bae2ad2a" executionId="78631d2e-6109-403f-87a3-98b6101198f1" testListId="8c84fa94-04c1-424b-9868-57a2d4851a1d" />
    <TestEntry testId="03f2cecc-6942-26e3-7962-83503bce63f6" executionId="6109c03a-9d78-4d05-a762-3789fe13c196" testListId="8c84fa94-04c1-424b-9868-57a2d4851a1d" />
    <TestEntry testId="bfe843ae-2b4f-daff-0bb8-4471158d4153" executionId="35b2d937-ebb8-4f6e-bede-d46d45f98ccb" testListId="8c84fa94-04c1-424b-9868-57a2d4851a1d" />
    <TestEntry testId="39e4c1b1-c5d3-54e8-c466-334f11305c4b" executionId="2a0141b0-11ad-4471-ab5e-69aad31abbf5" testListId="8c84fa94-04c1-424b-9868-57a2d4851a1d" />
    <TestEntry testId="0a0f9c9a-6dc1-1789-8d9e-584f4f7401ab" executionId="fd979dc4-28a0-498c-ab70-e05bc9c81cc8" testListId="8c84fa94-04c1-424b-9868-57a2d4851a1d" />
    <TestEntry testId="a2b7afd6-97b0-dea5-5014-2412dedaae38" executionId="aa0176e3-e1e4-4123-a476-677e18f3c982" testListId="8c84fa94-04c1-424b-9868-57a2d4851a1d" />
    <TestEntry testId="65abd41f-d775-4794-dd4f-87ab2ba530cb" executionId="b5906186-b171-4276-80a3-c54da7be48c9" testListId="8c84fa94-04c1-424b-9868-57a2d4851a1d" />
    <TestEntry testId="7d8b098b-7bb7-785d-20e7-0e967cbc8391" executionId="57533d9a-9e80-46d3-8ad2-3438e32c64fe" testListId="8c84fa94-04c1-424b-9868-57a2d4851a1d" />
    <TestEntry testId="54c3c40a-8e98-32b5-574b-740060729c60" executionId="8ce3abd9-8753-4442-88b9-8e0f0b41617e" testListId="8c84fa94-04c1-424b-9868-57a2d4851a1d" />
    <TestEntry testId="917b0afd-142a-a86a-9f8e-1e1ec077a96e" executionId="a9916809-99ca-4b55-baad-a82435e27c97" testListId="8c84fa94-04c1-424b-9868-57a2d4851a1d" />
    <TestEntry testId="dba84b6a-9837-5202-5a89-ddecd33fa364" executionId="9aeff04e-359e-46bd-b38f-988b70206d6f" testListId="8c84fa94-04c1-424b-9868-57a2d4851a1d" />
    <TestEntry testId="917900d3-4622-28aa-a3df-e1918a0583f7" executionId="ceb97992-a566-4184-adbd-e036da948522" testListId="8c84fa94-04c1-424b-9868-57a2d4851a1d" />
    <TestEntry testId="4dde67b7-611c-e035-f046-7ba28211d86e" executionId="41627faf-4362-49bb-a206-6fdd2eb9f5b8" testListId="8c84fa94-04c1-424b-9868-57a2d4851a1d" />
    <TestEntry testId="f204f494-be0d-81a4-79b0-3ee1b7454749" executionId="900dda79-a1ae-41c2-a127-055d60c0f205" testListId="8c84fa94-04c1-424b-9868-57a2d4851a1d" />
    <TestEntry testId="00802914-1f80-8f43-df12-16089613d55e" executionId="6acad517-5578-42b0-9bb8-f1f10630605e" testListId="8c84fa94-04c1-424b-9868-57a2d4851a1d" />
    <TestEntry testId="f28fc6b4-5987-dd57-72e7-7e6487d14fa7" executionId="81842f4f-5935-4b32-8866-ebbcff85554b" testListId="8c84fa94-04c1-424b-9868-57a2d4851a1d" />
    <TestEntry testId="e94d05c4-e0d5-db50-0892-38c06098cc2c" executionId="4028d6ed-569a-4537-b88c-c383d82469db" testListId="8c84fa94-04c1-424b-9868-57a2d4851a1d" />
    <TestEntry testId="d161ef60-55bc-12fa-9311-fca66509171b" executionId="e4c80bce-38e6-465a-b631-ffcc7ea17619" testListId="8c84fa94-04c1-424b-9868-57a2d4851a1d" />
    <TestEntry testId="ee1c2388-9c50-db6a-d057-cd8300b2375a" executionId="ebdc16d1-eef2-49a5-a15a-d102386db142" testListId="8c84fa94-04c1-424b-9868-57a2d4851a1d" />
    <TestEntry testId="c02dc3e1-0465-5b62-a321-1da10f565da0" executionId="06525b64-c827-490e-b8fa-85d83475ae1b" testListId="8c84fa94-04c1-424b-9868-57a2d4851a1d" />
    <TestEntry testId="6c63bbde-55a6-3c13-bde0-d02101a03f84" executionId="f7c7a57a-7775-4617-b111-ac8cf2ae76ce" testListId="8c84fa94-04c1-424b-9868-57a2d4851a1d" />
    <TestEntry testId="64000aa9-7c19-9c73-3bf9-65dcea20471e" executionId="7b751ddf-3604-47ba-90d1-26643af0cc53" testListId="8c84fa94-04c1-424b-9868-57a2d4851a1d" />
    <TestEntry testId="82d41334-de0c-6b81-c916-c9458cda93ee" executionId="403c234f-78a1-431f-bd92-6684d49ba500" testListId="8c84fa94-04c1-424b-9868-57a2d4851a1d" />
    <TestEntry testId="02465a18-f13d-aa1e-f099-4e6af9ec6d6b" executionId="a85c21da-cc05-4e7d-bad5-ce1022f3a68b" testListId="8c84fa94-04c1-424b-9868-57a2d4851a1d" />
    <TestEntry testId="12943e90-5326-ab11-4660-5779fb5a2589" executionId="2d8ceec0-bca6-46e4-ac68-82fb37278cbc" testListId="8c84fa94-04c1-424b-9868-57a2d4851a1d" />
    <TestEntry testId="bbbf1a28-5cd2-95fb-83cd-7c75ad7cf680" executionId="c5c542aa-1491-476e-9f15-4e0ebd0ffac0" testListId="8c84fa94-04c1-424b-9868-57a2d4851a1d" />
    <TestEntry testId="80a6c517-805d-9991-d85d-ee2bd4057e1c" executionId="6aa84490-6320-46b9-9756-8df3a6c4b59d" testListId="8c84fa94-04c1-424b-9868-57a2d4851a1d" />
    <TestEntry testId="0d443c96-7258-59b7-2b77-3a242107eedb" executionId="9e681eae-f93f-4285-8bf8-ec1c98a199df" testListId="8c84fa94-04c1-424b-9868-57a2d4851a1d" />
    <TestEntry testId="6fb33a65-f890-7357-334a-721f431d770f" executionId="61c158f3-8a59-4719-bb58-8391092c2f86" testListId="8c84fa94-04c1-424b-9868-57a2d4851a1d" />
    <TestEntry testId="568a6bc5-b2c3-5c78-35bc-53366ce553e4" executionId="b4c030a1-3dfc-4dac-b8f5-bbd2f2c548bf" testListId="8c84fa94-04c1-424b-9868-57a2d4851a1d" />
    <TestEntry testId="b743e041-a8aa-3787-f298-e303f3c371d8" executionId="0ed9b7a8-3b56-40d8-b667-e606dc3b5bf5" testListId="8c84fa94-04c1-424b-9868-57a2d4851a1d" />
    <TestEntry testId="1adcb140-9f8b-468e-3a90-1e1f5e78494e" executionId="ad187f01-55ae-4789-b4c6-fd9ba2688f3a" testListId="8c84fa94-04c1-424b-9868-57a2d4851a1d" />
    <TestEntry testId="e8519750-12f6-bb76-76d4-cce1256f6d9b" executionId="302431ec-b763-4ee2-8030-7c2018df0815" testListId="8c84fa94-04c1-424b-9868-57a2d4851a1d" />
    <TestEntry testId="f0b94319-84eb-e8bb-b423-6217e299a900" executionId="12041da4-fc55-4380-9e8a-2b13eff39ce0" testListId="8c84fa94-04c1-424b-9868-57a2d4851a1d" />
    <TestEntry testId="c276fca8-58cf-a032-b763-bf69a9244606" executionId="cbe9b43f-a9c2-4230-94d9-0aed81b54bb3" testListId="8c84fa94-04c1-424b-9868-57a2d4851a1d" />
    <TestEntry testId="32bdc6c4-d9e8-31dd-2b0f-999ebab7affb" executionId="43687d17-26a5-4d2c-99b3-b949e389a81b" testListId="8c84fa94-04c1-424b-9868-57a2d4851a1d" />
    <TestEntry testId="215c46c1-0e42-25a9-be95-9e03f1e6cd5a" executionId="441cca24-5983-431d-a041-3a778c895cf0" testListId="8c84fa94-04c1-424b-9868-57a2d4851a1d" />
    <TestEntry testId="44181e32-a6ea-1b78-0a12-8a759af82f7e" executionId="49baf0d4-c65c-42b4-877d-94c10375da0f" testListId="8c84fa94-04c1-424b-9868-57a2d4851a1d" />
    <TestEntry testId="890eb46e-ed99-fcfe-6c7a-4a2644ccc65c" executionId="044883ea-5195-4019-983f-212ccbcbe2d9" testListId="8c84fa94-04c1-424b-9868-57a2d4851a1d" />
    <TestEntry testId="ae909b0f-4cd5-c017-f2d4-7868100b106a" executionId="49a8986a-fa8b-495c-ba8e-cbe59d571f69" testListId="8c84fa94-04c1-424b-9868-57a2d4851a1d" />
    <TestEntry testId="2d05fca8-5635-daa8-5a89-6b44f28f210c" executionId="615d5444-3ed5-462e-af61-3148d24d6102" testListId="8c84fa94-04c1-424b-9868-57a2d4851a1d" />
    <TestEntry testId="41c14127-68ce-6273-b23d-3148180b55ee" executionId="a575b1e7-4ef5-4959-b30c-dbc10bd4567e" testListId="8c84fa94-04c1-424b-9868-57a2d4851a1d" />
    <TestEntry testId="d11ba6e2-82cc-aa66-9a75-d34217d303b3" executionId="ec963650-02fd-468a-969d-1a1e41af5ade" testListId="8c84fa94-04c1-424b-9868-57a2d4851a1d" />
  </TestEntries>
  <TestLists>
    <TestList name="Results Not in a List" id="8c84fa94-04c1-424b-9868-57a2d4851a1d" />
    <TestList name="All Loaded Results" id="19431567-8539-422a-85d7-44ee4e166bda" />
  </TestLists>
  <ResultSummary outcome="Completed">
    <Counters total="155" executed="108" passed="108" failed="0" error="0" timeout="0" aborted="0" inconclusive="0" passedButRunAborted="0" notRunnable="0" notExecuted="0" disconnected="0" warning="0" completed="0" inProgress="0" pending="0" />
    <Output>
      <StdOut>[xUnit.net 00:00:00.00] xUnit.net VSTest Adapter v3.1.4+50e68bbb8b (64-bit .NET 9.0.6)
[xUnit.net 00:00:00.05]   Discovering: WitchCityRope.Api.Tests
[xUnit.net 00:00:00.10]   Discovered:  WitchCityRope.Api.Tests
[xUnit.net 00:00:00.13]   Starting:    WitchCityRope.Api.Tests
     Warning:
     The component "Fluent Assertions" is governed by the rules defined in the Xceed License Agreement and
     the Xceed Fluent Assertions Community License. You may use Fluent Assertions free of charge for
     non-commercial use only. An active subscription is required to use Fluent Assertions for commercial use.
     Please contact Xceed Sales mailto:sales@xceed.com to acquire a subscription at a very low cost.
     A paid commercial license supports the development and continued increasing support of
     Fluent Assertions users under both commercial and community licenses. Help us
     keep Fluent Assertions at the forefront of unit testing.
     For more information, visit https://xceed.com/products/unit-testing/fluent-assertions/
[xUnit.net 00:00:00.18]       Feature not implemented: AuthService.LoginAsync has incomplete implementation causing NullReferenceException
[xUnit.net 00:00:00.18]       Feature not implemented: Advanced concurrency and edge case functionality not implemented
[xUnit.net 00:00:00.18]       Feature not implemented: Event Session Matrix - TDD test waiting for implementation
[xUnit.net 00:00:00.18]       Feature not implemented: SubmitApplicationCommandValidator not implemented
[xUnit.net 00:00:00.19]       Feature not implemented: Advanced concurrency and edge case functionality not implemented
[xUnit.net 00:00:00.19]       Feature not implemented: Event Session Matrix - TDD test waiting for implementation
Test 'WitchCityRope.Api.Tests.Services.ConcurrencyAndEdgeCaseTests.RegisterForEvent_ConcurrentRegistrations_ShouldHandleCapacityCorrectly' was skipped in the test run.
Test 'WitchCityRope.Api.Tests.Validators.SubmitApplicationCommandValidatorTests.ValidateAsync_WhenEmptyExperienceDescription_ShouldReturnInvalid' was skipped in the test run.
Test 'WitchCityRope.Api.Tests.Features.Events.EventSessionTests.CreateEvent_WithMultipleSessions_CreatesS1S2S3Structure' was skipped in the test run.
Test 'WitchCityRope.Api.Tests.Services.AuthServiceTests.LoginAsync_WhenValidCredentials_ShouldReturnSuccessfulLoginResponse' was skipped in the test run.
Test 'WitchCityRope.Api.Tests.Services.ConcurrencyAndEdgeCaseTests.CreateEvent_WithDuplicateSlug_ShouldGenerateUniqueSlug' was skipped in the test run.
Test 'WitchCityRope.Api.Tests.Features.Events.EventSessionTests.CalculateAvailability_SingleSessionTicket_ReturnsSessionCapacity' was skipped in the test run.
[xUnit.net 00:00:00.19]       Feature not implemented: SubmitApplicationCommandValidator not implemented
[xUnit.net 00:00:00.19]       Feature not implemented: Advanced concurrency and edge case functionality not implemented
[xUnit.net 00:00:00.19]       Feature not implemented: Event Session Matrix - TDD test waiting for implementation
[xUnit.net 00:00:00.19]       Feature not implemented: SubmitApplicationCommandValidator not implemented
[xUnit.net 00:00:00.19]       Feature not implemented: Advanced concurrency and edge case functionality not implemented
[xUnit.net 00:00:00.20]       Feature not implemented: Event Session Matrix - TDD test waiting for implementation
[xUnit.net 00:00:00.20]       Feature not implemented: Event Session Matrix - TDD test waiting for implementation
[xUnit.net 00:00:00.20]       Feature not implemented: Advanced concurrency and edge case functionality not implemented
Test 'WitchCityRope.Api.Tests.Validators.SubmitApplicationCommandValidatorTests.ValidateAsync_WhenLessThanTwoReferences_ShouldReturnInvalid' was skipped in the test run.
Test 'WitchCityRope.Api.Tests.Services.ConcurrencyAndEdgeCaseTests.UpdateEvent_ConcurrentUpdates_ShouldHandleOptimisticConcurrency' was skipped in the test run.
Test 'WitchCityRope.Api.Tests.Features.Events.EventSessionTests.ComplexWorkshop_ThreeDayEvent_SupportsAllTicketCombinations' was skipped in the test run.
Test 'WitchCityRope.Api.Tests.Validators.SubmitApplicationCommandValidatorTests.ValidateAsync_WhenNotUnderstandsVettingProcess_ShouldReturnInvalid' was skipped in the test run.
Test 'WitchCityRope.Api.Tests.Services.ConcurrencyAndEdgeCaseTests.RegisterForEvent_WhenEventCancelledDuringRegistration_ShouldHandleGracefully' was skipped in the test run.
Test 'WitchCityRope.Api.Tests.Features.Events.EventSessionTests.CalculateAvailability_WithExistingRegistrations_ConsumesFromAllSessions' was skipped in the test run.
Test 'WitchCityRope.Api.Tests.Features.Events.EventSessionTests.SocialEvent_WithRSVPMode_DoesNotRequirePayment' was skipped in the test run.
Test 'WitchCityRope.Api.Tests.Services.ConcurrencyAndEdgeCaseTests.RegisterForEvent_WithSpecialCharactersInUserData_ShouldHandleCorrectly' was skipped in the test run.
[xUnit.net 00:00:00.20]       Feature not implemented: SubmitApplicationCommandValidator not implemented
[xUnit.net 00:00:00.20]       Feature not implemented: Event Session Matrix - TDD test waiting for implementation
[xUnit.net 00:00:00.20]       Feature not implemented: Advanced concurrency and edge case functionality not implemented
[xUnit.net 00:00:00.20]       Feature not implemented: SubmitApplicationCommandValidator not implemented
[xUnit.net 00:00:00.20]       Feature not implemented: Event Session Matrix - TDD test waiting for implementation
[xUnit.net 00:00:00.20]       Feature not implemented: Advanced concurrency and edge case functionality not implemented
[xUnit.net 00:00:00.20]       Feature not implemented: SubmitApplicationCommandValidator not implemented
Test 'WitchCityRope.Api.Tests.Validators.SubmitApplicationCommandValidatorTests.ValidateAsync_WhenValidCommand_ShouldReturnValid' was skipped in the test run.
Test 'WitchCityRope.Api.Tests.Features.Events.EventSessionTests.CreateTicketType_WithSessionMapping_MapsToCorrectSessions' was skipped in the test run.
Test 'WitchCityRope.Api.Tests.Services.ConcurrencyAndEdgeCaseTests.ListEvents_WithComplexFiltersAndLargeDataset_ShouldPerformEfficiently' was skipped in the test run.
Test 'WitchCityRope.Api.Tests.Validators.SubmitApplicationCommandValidatorTests.ValidateAsync_WhenEmptyWhyJoin_ShouldReturnInvalid' was skipped in the test run.
Test 'WitchCityRope.Api.Tests.Features.Events.EventSessionTests.TicketAvailability_VariousScenarios_CalculatesCorrectly' was skipped in the test run.
Test 'WitchCityRope.Api.Tests.Services.ConcurrencyAndEdgeCaseTests.RegisterForEvent_AtExactCapacity_ShouldHandleLastSpotCorrectly' was skipped in the test run.
Test 'WitchCityRope.Api.Tests.Validators.SubmitApplicationCommandValidatorTests.ValidateAsync_WhenReferenceHasInvalidPhone_ShouldReturnInvalid' was skipped in the test run.
[xUnit.net 00:00:00.20]       Feature not implemented: Advanced concurrency and edge case functionality not implemented
[xUnit.net 00:00:00.20]       Feature not implemented: Event Session Matrix - TDD test waiting for implementation
[xUnit.net 00:00:00.20]       Feature not implemented: SubmitApplicationCommandValidator not implemented
[xUnit.net 00:00:00.20]       Feature not implemented: Event Session Matrix - TDD test waiting for implementation
[xUnit.net 00:00:00.20]       Feature not implemented: SubmitApplicationCommandValidator not implemented
[xUnit.net 00:00:00.20]       Feature not implemented: Event Session Matrix - TDD test waiting for implementation
[xUnit.net 00:00:00.20]       Feature not implemented: SubmitApplicationCommandValidator not implemented
[xUnit.net 00:00:00.20]       Feature not implemented: Event Session Matrix - TDD test waiting for implementation
Test 'WitchCityRope.Api.Tests.Services.ConcurrencyAndEdgeCaseTests.RegisterForEvent_ConcurrentRegistrationsWithPayment_ShouldProcessCorrectly' was skipped in the test run.
Test 'WitchCityRope.Api.Tests.Features.Events.EventSessionTests.CreateEventSession_WithOverlappingTimes_ThrowsDomainException' was skipped in the test run.
Test 'WitchCityRope.Api.Tests.Validators.SubmitApplicationCommandValidatorTests.ValidateAsync_WhenEmptyExperienceLevel_ShouldReturnInvalid' was skipped in the test run.
Test 'WitchCityRope.Api.Tests.Features.Events.EventSessionTests.SocialEvent_WithPaidTickets_RequiresPayment' was skipped in the test run.
Test 'WitchCityRope.Api.Tests.Validators.SubmitApplicationCommandValidatorTests.ValidateAsync_WhenReferenceHasNegativeYearsKnown_ShouldReturnInvalid' was skipped in the test run.
Test 'WitchCityRope.Api.Tests.Features.Events.EventSessionTests.CalculateAvailability_MixedTicketTypes_CorrectlyTracksCrossSessionCapacity' was skipped in the test run.
Test 'WitchCityRope.Api.Tests.Validators.SubmitApplicationCommandValidatorTests.ValidateAsync_WhenMultipleErrors_ShouldReturnAllErrors' was skipped in the test run.
Test 'WitchCityRope.Api.Tests.Features.Events.EventSessionTests.CreateEventSession_WithInvalidCapacity_ThrowsDomainException' was skipped in the test run.
[xUnit.net 00:00:00.20]       Feature not implemented: Event Session Matrix - TDD test waiting for implementation
[xUnit.net 00:00:00.20]       Feature not implemented: SubmitApplicationCommandValidator not implemented
[xUnit.net 00:00:00.20]       Feature not implemented: Event Session Matrix - TDD test waiting for implementation
[xUnit.net 00:00:00.20]       Feature not implemented: SubmitApplicationCommandValidator not implemented
[xUnit.net 00:00:00.20]       Feature not implemented: Event Session Matrix - TDD test waiting for implementation
[xUnit.net 00:00:00.20]       Feature not implemented: SubmitApplicationCommandValidator not implemented
[xUnit.net 00:00:00.20]       Feature not implemented: SubmitApplicationCommandValidator not implemented
[xUnit.net 00:00:00.20]       Feature not implemented: SubmitApplicationCommandValidator not implemented
[xUnit.net 00:00:00.20]       Feature not implemented: SubmitApplicationCommandValidator not implemented
Test 'WitchCityRope.Api.Tests.Features.Events.EventSessionTests.CalculateAvailability_MultiSessionTicket_ReturnsLimitingSessionCapacity' was skipped in the test run.
Test 'WitchCityRope.Api.Tests.Validators.SubmitApplicationCommandValidatorTests.ValidateAsync_WhenNotAgreesToCodeOfConduct_ShouldReturnInvalid' was skipped in the test run.
Test 'WitchCityRope.Api.Tests.Features.Events.EventSessionTests.CreateTicketType_MappingToNonExistentSession_ThrowsDomainException' was skipped in the test run.
Test 'WitchCityRope.Api.Tests.Validators.SubmitApplicationCommandValidatorTests.ValidateAsync_WhenReferenceHasEmptyName_ShouldReturnInvalid' was skipped in the test run.
Test 'WitchCityRope.Api.Tests.Features.Events.EventSessionTests.ClassEvent_AlwaysRequiresPayment_EvenWithZeroPrice' was skipped in the test run.
Test 'WitchCityRope.Api.Tests.Validators.SubmitApplicationCommandValidatorTests.ValidateAsync_WhenEmptyConsentUnderstanding_ShouldReturnInvalid' was skipped in the test run.
Test 'WitchCityRope.Api.Tests.Validators.SubmitApplicationCommandValidatorTests.ValidateAsync_WhenEmptySafetyKnowledge_ShouldReturnInvalid' was skipped in the test run.
Test 'WitchCityRope.Api.Tests.Validators.SubmitApplicationCommandValidatorTests.ValidateAsync_WhenNoSkillsAndInterests_ShouldReturnInvalid' was skipped in the test run.
Test 'WitchCityRope.Api.Tests.Validators.SubmitApplicationCommandValidatorTests.ValidateAsync_WhenReferenceHasInvalidEmail_ShouldReturnInvalid' was skipped in the test run.
[xUnit.net 00:00:00.20]       Feature not implemented: SubmitApplicationCommandValidator not implemented
Test 'WitchCityRope.Api.Tests.Validators.SubmitApplicationCommandValidatorTests.ValidateAsync_WhenNotAgreesToSafetyGuidelines_ShouldReturnInvalid' was skipped in the test run.
[xUnit.net 00:00:00.21]       Feature not implemented: CreateEventRequest validation attributes not implemented
Test 'WitchCityRope.Api.Tests.Models.RequestModelValidationTests.CreateEventRequest_WhenPriceNegative_ShouldFailValidation' was skipped in the test run.
[xUnit.net 00:00:00.21]       Feature not implemented: Full RegisterRequest validation not working as expected
[xUnit.net 00:00:00.21]       Feature not implemented: DateOfBirth future date validation not implemented
Test 'WitchCityRope.Api.Tests.Models.RequestModelValidationTests.RegisterRequest_WhenValid_ShouldPassValidation' was skipped in the test run.
Test 'WitchCityRope.Api.Tests.Models.RequestModelValidationTests.RegisterRequest_WhenDateOfBirthInFuture_ShouldFailValidation' was skipped in the test run.
[xUnit.net 00:00:00.21]       Feature not implemented: CreateEventRequest validation attributes not implemented
Test 'WitchCityRope.Api.Tests.Models.RequestModelValidationTests.CreateEventRequest_WhenTitleTooLong_ShouldFailValidation' was skipped in the test run.
[xUnit.net 00:00:00.21]       Feature not implemented: CreateEventRequest validation attributes not implemented
[xUnit.net 00:00:00.21]       Feature not implemented: CreateEventRequest validation attributes not implemented
Test 'WitchCityRope.Api.Tests.Models.RequestModelValidationTests.CreateEventRequest_WhenMaxAttendeesInvalid_ShouldFailValidation' was skipped in the test run.
Test 'WitchCityRope.Api.Tests.Models.RequestModelValidationTests.CreateEventRequest_WhenTitleEmpty_ShouldFailValidation' was skipped in the test run.
[xUnit.net 00:00:00.21]       Feature not implemented: UpdateProfileRequest validation attributes not implemented
Test 'WitchCityRope.Api.Tests.Models.RequestModelValidationTests.UpdateProfileRequest_WhenBioTooLong_ShouldFailValidation' was skipped in the test run.
[xUnit.net 00:00:00.78]       Feature not implemented: Past date validation not implemented in EventBuilder
Test 'WitchCityRope.Api.Tests.Services.EventServiceTests.CreateEvent_PastStartDate_ShouldFail' was skipped in the test run.
[xUnit.net 00:00:00.91]   Finished:    WitchCityRope.Api.Tests
</StdOut>
    </Output>
    <RunInfos>
      <RunInfo computerName="Unbutu-Ai-Chads-PC" outcome="Warning" timestamp="2025-09-11T15:38:46.5197854-04:00">
        <Text>[xUnit.net 00:00:00.18]     WitchCityRope.Api.Tests.Services.AuthServiceTests.LoginAsync_WhenValidCredentials_ShouldReturnSuccessfulLoginResponse [SKIP]</Text>
      </RunInfo>
      <RunInfo computerName="Unbutu-Ai-Chads-PC" outcome="Warning" timestamp="2025-09-11T15:38:46.5198243-04:00">
        <Text>[xUnit.net 00:00:00.18]     WitchCityRope.Api.Tests.Services.ConcurrencyAndEdgeCaseTests.RegisterForEvent_ConcurrentRegistrations_ShouldHandleCapacityCorrectly [SKIP]</Text>
      </RunInfo>
      <RunInfo computerName="Unbutu-Ai-Chads-PC" outcome="Warning" timestamp="2025-09-11T15:38:46.5198403-04:00">
        <Text>[xUnit.net 00:00:00.18]     WitchCityRope.Api.Tests.Features.Events.EventSessionTests.CreateEvent_WithMultipleSessions_CreatesS1S2S3Structure [SKIP]</Text>
      </RunInfo>
      <RunInfo computerName="Unbutu-Ai-Chads-PC" outcome="Warning" timestamp="2025-09-11T15:38:46.5198621-04:00">
        <Text>[xUnit.net 00:00:00.18]     WitchCityRope.Api.Tests.Validators.SubmitApplicationCommandValidatorTests.ValidateAsync_WhenEmptyExperienceDescription_ShouldReturnInvalid [SKIP]</Text>
      </RunInfo>
      <RunInfo computerName="Unbutu-Ai-Chads-PC" outcome="Warning" timestamp="2025-09-11T15:38:46.5198844-04:00">
        <Text>[xUnit.net 00:00:00.19]     WitchCityRope.Api.Tests.Services.ConcurrencyAndEdgeCaseTests.CreateEvent_WithDuplicateSlug_ShouldGenerateUniqueSlug [SKIP]</Text>
      </RunInfo>
      <RunInfo computerName="Unbutu-Ai-Chads-PC" outcome="Warning" timestamp="2025-09-11T15:38:46.5198996-04:00">
        <Text>[xUnit.net 00:00:00.19]     WitchCityRope.Api.Tests.Features.Events.EventSessionTests.CalculateAvailability_SingleSessionTicket_ReturnsSessionCapacity [SKIP]</Text>
      </RunInfo>
      <RunInfo computerName="Unbutu-Ai-Chads-PC" outcome="Warning" timestamp="2025-09-11T15:38:46.5420753-04:00">
        <Text>[xUnit.net 00:00:00.19]     WitchCityRope.Api.Tests.Validators.SubmitApplicationCommandValidatorTests.ValidateAsync_WhenLessThanTwoReferences_ShouldReturnInvalid [SKIP]</Text>
      </RunInfo>
      <RunInfo computerName="Unbutu-Ai-Chads-PC" outcome="Warning" timestamp="2025-09-11T15:38:46.5420981-04:00">
        <Text>[xUnit.net 00:00:00.19]     WitchCityRope.Api.Tests.Services.ConcurrencyAndEdgeCaseTests.UpdateEvent_ConcurrentUpdates_ShouldHandleOptimisticConcurrency [SKIP]</Text>
      </RunInfo>
      <RunInfo computerName="Unbutu-Ai-Chads-PC" outcome="Warning" timestamp="2025-09-11T15:38:46.5421092-04:00">
        <Text>[xUnit.net 00:00:00.19]     WitchCityRope.Api.Tests.Features.Events.EventSessionTests.ComplexWorkshop_ThreeDayEvent_SupportsAllTicketCombinations [SKIP]</Text>
      </RunInfo>
      <RunInfo computerName="Unbutu-Ai-Chads-PC" outcome="Warning" timestamp="2025-09-11T15:38:46.5421206-04:00">
        <Text>[xUnit.net 00:00:00.19]     WitchCityRope.Api.Tests.Validators.SubmitApplicationCommandValidatorTests.ValidateAsync_WhenNotUnderstandsVettingProcess_ShouldReturnInvalid [SKIP]</Text>
      </RunInfo>
      <RunInfo computerName="Unbutu-Ai-Chads-PC" outcome="Warning" timestamp="2025-09-11T15:38:46.5421326-04:00">
        <Text>[xUnit.net 00:00:00.19]     WitchCityRope.Api.Tests.Services.ConcurrencyAndEdgeCaseTests.RegisterForEvent_WhenEventCancelledDuringRegistration_ShouldHandleGracefully [SKIP]</Text>
      </RunInfo>
      <RunInfo computerName="Unbutu-Ai-Chads-PC" outcome="Warning" timestamp="2025-09-11T15:38:46.5421430-04:00">
        <Text>[xUnit.net 00:00:00.20]     WitchCityRope.Api.Tests.Features.Events.EventSessionTests.CalculateAvailability_WithExistingRegistrations_ConsumesFromAllSessions [SKIP]</Text>
      </RunInfo>
      <RunInfo computerName="Unbutu-Ai-Chads-PC" outcome="Warning" timestamp="2025-09-11T15:38:46.5421537-04:00">
        <Text>[xUnit.net 00:00:00.20]     WitchCityRope.Api.Tests.Features.Events.EventSessionTests.SocialEvent_WithRSVPMode_DoesNotRequirePayment [SKIP]</Text>
      </RunInfo>
      <RunInfo computerName="Unbutu-Ai-Chads-PC" outcome="Warning" timestamp="2025-09-11T15:38:46.5421644-04:00">
        <Text>[xUnit.net 00:00:00.20]     WitchCityRope.Api.Tests.Services.ConcurrencyAndEdgeCaseTests.RegisterForEvent_WithSpecialCharactersInUserData_ShouldHandleCorrectly [SKIP]</Text>
      </RunInfo>
      <RunInfo computerName="Unbutu-Ai-Chads-PC" outcome="Warning" timestamp="2025-09-11T15:38:46.5426307-04:00">
        <Text>[xUnit.net 00:00:00.20]     WitchCityRope.Api.Tests.Validators.SubmitApplicationCommandValidatorTests.ValidateAsync_WhenValidCommand_ShouldReturnValid [SKIP]</Text>
      </RunInfo>
      <RunInfo computerName="Unbutu-Ai-Chads-PC" outcome="Warning" timestamp="2025-09-11T15:38:46.5426420-04:00">
        <Text>[xUnit.net 00:00:00.20]     WitchCityRope.Api.Tests.Features.Events.EventSessionTests.CreateTicketType_WithSessionMapping_MapsToCorrectSessions [SKIP]</Text>
      </RunInfo>
      <RunInfo computerName="Unbutu-Ai-Chads-PC" outcome="Warning" timestamp="2025-09-11T15:38:46.5426518-04:00">
        <Text>[xUnit.net 00:00:00.20]     WitchCityRope.Api.Tests.Services.ConcurrencyAndEdgeCaseTests.ListEvents_WithComplexFiltersAndLargeDataset_ShouldPerformEfficiently [SKIP]</Text>
      </RunInfo>
      <RunInfo computerName="Unbutu-Ai-Chads-PC" outcome="Warning" timestamp="2025-09-11T15:38:46.5426623-04:00">
        <Text>[xUnit.net 00:00:00.20]     WitchCityRope.Api.Tests.Validators.SubmitApplicationCommandValidatorTests.ValidateAsync_WhenEmptyWhyJoin_ShouldReturnInvalid [SKIP]</Text>
      </RunInfo>
      <RunInfo computerName="Unbutu-Ai-Chads-PC" outcome="Warning" timestamp="2025-09-11T15:38:46.5426789-04:00">
        <Text>[xUnit.net 00:00:00.20]     WitchCityRope.Api.Tests.Features.Events.EventSessionTests.TicketAvailability_VariousScenarios_CalculatesCorrectly [SKIP]</Text>
      </RunInfo>
      <RunInfo computerName="Unbutu-Ai-Chads-PC" outcome="Warning" timestamp="2025-09-11T15:38:46.5426891-04:00">
        <Text>[xUnit.net 00:00:00.20]     WitchCityRope.Api.Tests.Services.ConcurrencyAndEdgeCaseTests.RegisterForEvent_AtExactCapacity_ShouldHandleLastSpotCorrectly [SKIP]</Text>
      </RunInfo>
      <RunInfo computerName="Unbutu-Ai-Chads-PC" outcome="Warning" timestamp="2025-09-11T15:38:46.5427049-04:00">
        <Text>[xUnit.net 00:00:00.20]     WitchCityRope.Api.Tests.Validators.SubmitApplicationCommandValidatorTests.ValidateAsync_WhenReferenceHasInvalidPhone_ShouldReturnInvalid [SKIP]</Text>
      </RunInfo>
      <RunInfo computerName="Unbutu-Ai-Chads-PC" outcome="Warning" timestamp="2025-09-11T15:38:46.5429789-04:00">
        <Text>[xUnit.net 00:00:00.20]     WitchCityRope.Api.Tests.Services.ConcurrencyAndEdgeCaseTests.RegisterForEvent_ConcurrentRegistrationsWithPayment_ShouldProcessCorrectly [SKIP]</Text>
      </RunInfo>
      <RunInfo computerName="Unbutu-Ai-Chads-PC" outcome="Warning" timestamp="2025-09-11T15:38:46.5429898-04:00">
        <Text>[xUnit.net 00:00:00.20]     WitchCityRope.Api.Tests.Features.Events.EventSessionTests.CreateEventSession_WithOverlappingTimes_ThrowsDomainException [SKIP]</Text>
      </RunInfo>
      <RunInfo computerName="Unbutu-Ai-Chads-PC" outcome="Warning" timestamp="2025-09-11T15:38:46.5430083-04:00">
        <Text>[xUnit.net 00:00:00.20]     WitchCityRope.Api.Tests.Validators.SubmitApplicationCommandValidatorTests.ValidateAsync_WhenEmptyExperienceLevel_ShouldReturnInvalid [SKIP]</Text>
      </RunInfo>
      <RunInfo computerName="Unbutu-Ai-Chads-PC" outcome="Warning" timestamp="2025-09-11T15:38:46.5430184-04:00">
        <Text>[xUnit.net 00:00:00.20]     WitchCityRope.Api.Tests.Features.Events.EventSessionTests.SocialEvent_WithPaidTickets_RequiresPayment [SKIP]</Text>
      </RunInfo>
      <RunInfo computerName="Unbutu-Ai-Chads-PC" outcome="Warning" timestamp="2025-09-11T15:38:46.5430280-04:00">
        <Text>[xUnit.net 00:00:00.20]     WitchCityRope.Api.Tests.Validators.SubmitApplicationCommandValidatorTests.ValidateAsync_WhenReferenceHasNegativeYearsKnown_ShouldReturnInvalid [SKIP]</Text>
      </RunInfo>
      <RunInfo computerName="Unbutu-Ai-Chads-PC" outcome="Warning" timestamp="2025-09-11T15:38:46.5430381-04:00">
        <Text>[xUnit.net 00:00:00.20]     WitchCityRope.Api.Tests.Features.Events.EventSessionTests.CalculateAvailability_MixedTicketTypes_CorrectlyTracksCrossSessionCapacity [SKIP]</Text>
      </RunInfo>
      <RunInfo computerName="Unbutu-Ai-Chads-PC" outcome="Warning" timestamp="2025-09-11T15:38:46.5430478-04:00">
        <Text>[xUnit.net 00:00:00.20]     WitchCityRope.Api.Tests.Validators.SubmitApplicationCommandValidatorTests.ValidateAsync_WhenMultipleErrors_ShouldReturnAllErrors [SKIP]</Text>
      </RunInfo>
      <RunInfo computerName="Unbutu-Ai-Chads-PC" outcome="Warning" timestamp="2025-09-11T15:38:46.5430579-04:00">
        <Text>[xUnit.net 00:00:00.20]     WitchCityRope.Api.Tests.Features.Events.EventSessionTests.CreateEventSession_WithInvalidCapacity_ThrowsDomainException [SKIP]</Text>
      </RunInfo>
      <RunInfo computerName="Unbutu-Ai-Chads-PC" outcome="Warning" timestamp="2025-09-11T15:38:46.5434359-04:00">
        <Text>[xUnit.net 00:00:00.20]     WitchCityRope.Api.Tests.Features.Events.EventSessionTests.CalculateAvailability_MultiSessionTicket_ReturnsLimitingSessionCapacity [SKIP]</Text>
      </RunInfo>
      <RunInfo computerName="Unbutu-Ai-Chads-PC" outcome="Warning" timestamp="2025-09-11T15:38:46.5434470-04:00">
        <Text>[xUnit.net 00:00:00.20]     WitchCityRope.Api.Tests.Validators.SubmitApplicationCommandValidatorTests.ValidateAsync_WhenNotAgreesToCodeOfConduct_ShouldReturnInvalid [SKIP]</Text>
      </RunInfo>
      <RunInfo computerName="Unbutu-Ai-Chads-PC" outcome="Warning" timestamp="2025-09-11T15:38:46.5434706-04:00">
        <Text>[xUnit.net 00:00:00.20]     WitchCityRope.Api.Tests.Features.Events.EventSessionTests.CreateTicketType_MappingToNonExistentSession_ThrowsDomainException [SKIP]</Text>
      </RunInfo>
      <RunInfo computerName="Unbutu-Ai-Chads-PC" outcome="Warning" timestamp="2025-09-11T15:38:46.5434808-04:00">
        <Text>[xUnit.net 00:00:00.20]     WitchCityRope.Api.Tests.Validators.SubmitApplicationCommandValidatorTests.ValidateAsync_WhenReferenceHasEmptyName_ShouldReturnInvalid [SKIP]</Text>
      </RunInfo>
      <RunInfo computerName="Unbutu-Ai-Chads-PC" outcome="Warning" timestamp="2025-09-11T15:38:46.5434913-04:00">
        <Text>[xUnit.net 00:00:00.20]     WitchCityRope.Api.Tests.Features.Events.EventSessionTests.ClassEvent_AlwaysRequiresPayment_EvenWithZeroPrice [SKIP]</Text>
      </RunInfo>
      <RunInfo computerName="Unbutu-Ai-Chads-PC" outcome="Warning" timestamp="2025-09-11T15:38:46.5435021-04:00">
        <Text>[xUnit.net 00:00:00.20]     WitchCityRope.Api.Tests.Validators.SubmitApplicationCommandValidatorTests.ValidateAsync_WhenEmptyConsentUnderstanding_ShouldReturnInvalid [SKIP]</Text>
      </RunInfo>
      <RunInfo computerName="Unbutu-Ai-Chads-PC" outcome="Warning" timestamp="2025-09-11T15:38:46.5435120-04:00">
        <Text>[xUnit.net 00:00:00.20]     WitchCityRope.Api.Tests.Validators.SubmitApplicationCommandValidatorTests.ValidateAsync_WhenEmptySafetyKnowledge_ShouldReturnInvalid [SKIP]</Text>
      </RunInfo>
      <RunInfo computerName="Unbutu-Ai-Chads-PC" outcome="Warning" timestamp="2025-09-11T15:38:46.5435218-04:00">
        <Text>[xUnit.net 00:00:00.20]     WitchCityRope.Api.Tests.Validators.SubmitApplicationCommandValidatorTests.ValidateAsync_WhenNoSkillsAndInterests_ShouldReturnInvalid [SKIP]</Text>
      </RunInfo>
      <RunInfo computerName="Unbutu-Ai-Chads-PC" outcome="Warning" timestamp="2025-09-11T15:38:46.5435360-04:00">
        <Text>[xUnit.net 00:00:00.20]     WitchCityRope.Api.Tests.Validators.SubmitApplicationCommandValidatorTests.ValidateAsync_WhenReferenceHasInvalidEmail_ShouldReturnInvalid [SKIP]</Text>
      </RunInfo>
      <RunInfo computerName="Unbutu-Ai-Chads-PC" outcome="Warning" timestamp="2025-09-11T15:38:46.5439160-04:00">
        <Text>[xUnit.net 00:00:00.20]     WitchCityRope.Api.Tests.Validators.SubmitApplicationCommandValidatorTests.ValidateAsync_WhenNotAgreesToSafetyGuidelines_ShouldReturnInvalid [SKIP]</Text>
      </RunInfo>
      <RunInfo computerName="Unbutu-Ai-Chads-PC" outcome="Warning" timestamp="2025-09-11T15:38:46.5442246-04:00">
        <Text>[xUnit.net 00:00:00.21]     WitchCityRope.Api.Tests.Models.RequestModelValidationTests.CreateEventRequest_WhenPriceNegative_ShouldFailValidation [SKIP]</Text>
      </RunInfo>
      <RunInfo computerName="Unbutu-Ai-Chads-PC" outcome="Warning" timestamp="2025-09-11T15:38:46.5445271-04:00">
        <Text>[xUnit.net 00:00:00.21]     WitchCityRope.Api.Tests.Models.RequestModelValidationTests.RegisterRequest_WhenValid_ShouldPassValidation [SKIP]</Text>
      </RunInfo>
      <RunInfo computerName="Unbutu-Ai-Chads-PC" outcome="Warning" timestamp="2025-09-11T15:38:46.5445379-04:00">
        <Text>[xUnit.net 00:00:00.21]     WitchCityRope.Api.Tests.Models.RequestModelValidationTests.RegisterRequest_WhenDateOfBirthInFuture_ShouldFailValidation [SKIP]</Text>
      </RunInfo>
      <RunInfo computerName="Unbutu-Ai-Chads-PC" outcome="Warning" timestamp="2025-09-11T15:38:46.5448282-04:00">
        <Text>[xUnit.net 00:00:00.21]     WitchCityRope.Api.Tests.Models.RequestModelValidationTests.CreateEventRequest_WhenTitleTooLong_ShouldFailValidation [SKIP]</Text>
      </RunInfo>
      <RunInfo computerName="Unbutu-Ai-Chads-PC" outcome="Warning" timestamp="2025-09-11T15:38:46.5451228-04:00">
        <Text>[xUnit.net 00:00:00.21]     WitchCityRope.Api.Tests.Models.RequestModelValidationTests.CreateEventRequest_WhenMaxAttendeesInvalid_ShouldFailValidation [SKIP]</Text>
      </RunInfo>
      <RunInfo computerName="Unbutu-Ai-Chads-PC" outcome="Warning" timestamp="2025-09-11T15:38:46.5451333-04:00">
        <Text>[xUnit.net 00:00:00.21]     WitchCityRope.Api.Tests.Models.RequestModelValidationTests.CreateEventRequest_WhenTitleEmpty_ShouldFailValidation [SKIP]</Text>
      </RunInfo>
      <RunInfo computerName="Unbutu-Ai-Chads-PC" outcome="Warning" timestamp="2025-09-11T15:38:46.5454218-04:00">
        <Text>[xUnit.net 00:00:00.21]     WitchCityRope.Api.Tests.Models.RequestModelValidationTests.UpdateProfileRequest_WhenBioTooLong_ShouldFailValidation [SKIP]</Text>
      </RunInfo>
      <RunInfo computerName="Unbutu-Ai-Chads-PC" outcome="Warning" timestamp="2025-09-11T15:38:47.1113806-04:00">
        <Text>[xUnit.net 00:00:00.78]     WitchCityRope.Api.Tests.Services.EventServiceTests.CreateEvent_PastStartDate_ShouldFail [SKIP]</Text>
      </RunInfo>
    </RunInfos>
  </ResultSummary>
</TestRun>