<?xml version="1.0" encoding="utf-8"?>
<TestRun id="82c70a9c-8023-4515-80bf-39c60b434014" name="@Unbutu-Ai-Chads-PC 2025-09-11 15:38:39" xmlns="http://microsoft.com/schemas/VisualStudio/TeamTest/2010">
  <Times creation="2025-09-11T15:38:39.6405910-04:00" queuing="2025-09-11T15:38:39.6405910-04:00" start="2025-09-11T15:38:39.1042088-04:00" finish="2025-09-11T15:38:39.8793811-04:00" />
  <TestSettings name="default" id="106ff9b7-4848-4425-ad4c-5e31572dd8a7">
    <Deployment runDeploymentRoot="_Unbutu-Ai-Chads-PC_2025-09-11_15_38_39" />
  </TestSettings>
  <Results>
    <UnitTestResult executionId="250f75b8-4142-4769-b1ab-57c155a7ebe4" testId="290b34ee-8997-dfca-77ff-82ad44a16796" testName="WitchCityRope.Core.Tests.Entities.RegistrationTests.Confirm_NullPayment_ThrowsArgumentNullException" computerName="Unbutu-Ai-Chads-PC" duration="00:00:00.0055898" startTime="2025-09-11T15:38:39.7352070-04:00" endTime="2025-09-11T15:38:39.7406956-04:00" testType="13cdc9d9-ddb5-4fa4-a97d-d965ccfc6d4b" outcome="Passed" testListId="8c84fa94-04c1-424b-9868-57a2d4851a1d" relativeResultsDirectory="250f75b8-4142-4769-b1ab-57c155a7ebe4" />
    <UnitTestResult executionId="28c2ee44-047e-4bcd-a83a-df58cb621b5a" testId="1a35023b-af8e-7459-b8da-b70b67577be3" testName="WitchCityRope.Core.Tests.ValueObjects.MoneyTests.ToString_ReturnsStandardFormat" computerName="Unbutu-Ai-Chads-PC" duration="00:00:00.0001099" startTime="2025-09-11T15:38:39.6343679-04:00" endTime="2025-09-11T15:38:39.6344012-04:00" testType="13cdc9d9-ddb5-4fa4-a97d-d965ccfc6d4b" outcome="Passed" testListId="8c84fa94-04c1-424b-9868-57a2d4851a1d" relativeResultsDirectory="28c2ee44-047e-4bcd-a83a-df58cb621b5a" />
    <UnitTestResult executionId="dd455b37-eef5-4023-8cf8-0935a876f687" testId="b02692b3-9a02-e92f-7382-524711238591" testName="WitchCityRope.Core.Tests.ValueObjects.MoneyTests.Create_ValidCurrency_CreatesSuccessfully(currency: &quot;USD&quot;)" computerName="Unbutu-Ai-Chads-PC" duration="00:00:00.0001024" startTime="2025-09-11T15:38:39.6198069-04:00" endTime="2025-09-11T15:38:39.6205713-04:00" testType="13cdc9d9-ddb5-4fa4-a97d-d965ccfc6d4b" outcome="Passed" testListId="8c84fa94-04c1-424b-9868-57a2d4851a1d" relativeResultsDirectory="dd455b37-eef5-4023-8cf8-0935a876f687" />
    <UnitTestResult executionId="a4bd2386-e5ba-474d-b705-6886d10d602e" testId="91f4eb05-11bd-5689-aac1-bef8fa038320" testName="WitchCityRope.Core.Tests.Entities.RegistrationTests.Constructor_NullUser_ThrowsArgumentNullException" computerName="Unbutu-Ai-Chads-PC" duration="00:00:00.0037047" startTime="2025-09-11T15:38:39.7079201-04:00" endTime="2025-09-11T15:38:39.7115546-04:00" testType="13cdc9d9-ddb5-4fa4-a97d-d965ccfc6d4b" outcome="Passed" testListId="8c84fa94-04c1-424b-9868-57a2d4851a1d" relativeResultsDirectory="a4bd2386-e5ba-474d-b705-6886d10d602e" />
    <UnitTestResult executionId="1808a2b1-9421-4f27-92cc-4a983fc2cbe9" testId="ed1ab1b0-e0da-f61a-8479-70793f974089" testName="WitchCityRope.Core.Tests.Entities.EventTests.RemoveOrganizer_LastOrganizer_ThrowsDomainException" computerName="Unbutu-Ai-Chads-PC" duration="00:00:00.0039914" startTime="2025-09-11T15:38:39.6898478-04:00" endTime="2025-09-11T15:38:39.6937554-04:00" testType="13cdc9d9-ddb5-4fa4-a97d-d965ccfc6d4b" outcome="Passed" testListId="8c84fa94-04c1-424b-9868-57a2d4851a1d" relativeResultsDirectory="1808a2b1-9421-4f27-92cc-4a983fc2cbe9" />
    <UnitTestResult executionId="236c3e68-ba2f-49b7-94f9-b2b8e47eae01" testId="478f96ed-2221-5007-b98f-8630532b55b1" testName="WitchCityRope.Core.Tests.Entities.RegistrationTests.UpdateDietaryRestrictions_ActiveRegistration_UpdatesSuccessfully" computerName="Unbutu-Ai-Chads-PC" duration="00:00:00.0054615" startTime="2025-09-11T15:38:39.7747945-04:00" endTime="2025-09-11T15:38:39.7801870-04:00" testType="13cdc9d9-ddb5-4fa4-a97d-d965ccfc6d4b" outcome="Passed" testListId="8c84fa94-04c1-424b-9868-57a2d4851a1d" relativeResultsDirectory="236c3e68-ba2f-49b7-94f9-b2b8e47eae01" />
    <UnitTestResult executionId="33333eaf-1ca9-4c85-bbf0-1d55486cc69a" testId="e9ff79d1-7c74-ba00-c289-731f38c9ae9d" testName="WitchCityRope.Core.Tests.ValueObjects.EmailAddressTests.Value_AlwaysLowercase(input: &quot;TEST@EXAMPLE.COM&quot;, expected: &quot;test@example.com&quot;)" computerName="Unbutu-Ai-Chads-PC" duration="00:00:00.0000115" startTime="2025-09-11T15:38:39.6196846-04:00" endTime="2025-09-11T15:38:39.6198356-04:00" testType="13cdc9d9-ddb5-4fa4-a97d-d965ccfc6d4b" outcome="Passed" testListId="8c84fa94-04c1-424b-9868-57a2d4851a1d" relativeResultsDirectory="33333eaf-1ca9-4c85-bbf0-1d55486cc69a" />
    <UnitTestResult executionId="6dfb1a3b-faef-40db-b051-eb08ba152fe4" testId="f7d23e18-a648-9711-77fa-7ea2bf00eb97" testName="WitchCityRope.Core.Tests.ValueObjects.SceneNameTests.ToString_ReturnsValue" computerName="Unbutu-Ai-Chads-PC" duration="00:00:00.0000928" startTime="2025-09-11T15:38:39.6142512-04:00" endTime="2025-09-11T15:38:39.6146368-04:00" testType="13cdc9d9-ddb5-4fa4-a97d-d965ccfc6d4b" outcome="Passed" testListId="8c84fa94-04c1-424b-9868-57a2d4851a1d" relativeResultsDirectory="6dfb1a3b-faef-40db-b051-eb08ba152fe4" />
    <UnitTestResult executionId="021fca33-81a6-4536-853c-97f9e22c5c82" testId="d62e8641-98ea-1230-1843-e706f07349bc" testName="WitchCityRope.Core.Tests.ValueObjects.SceneNameTests.Create_TrimsWhitespace_ButPreservesInternalSpaces(input: &quot;  Both Spaces  &quot;)" computerName="Unbutu-Ai-Chads-PC" duration="00:00:00.0000079" startTime="2025-09-11T15:38:39.6116437-04:00" endTime="2025-09-11T15:38:39.6116813-04:00" testType="13cdc9d9-ddb5-4fa4-a97d-d965ccfc6d4b" outcome="Passed" testListId="8c84fa94-04c1-424b-9868-57a2d4851a1d" relativeResultsDirectory="021fca33-81a6-4536-853c-97f9e22c5c82" />
    <UnitTestResult executionId="bbd5f9a6-ce54-4396-a998-037d64b8baec" testId="8d20f875-f9f1-f972-48ca-5f006dd2b59b" testName="WitchCityRope.Core.Tests.Entities.RegistrationTests.Cancel_AfterCheckIn_ThrowsDomainException" computerName="Unbutu-Ai-Chads-PC" duration="00:00:00.0121584" startTime="2025-09-11T15:38:39.7230108-04:00" endTime="2025-09-11T15:38:39.7350881-04:00" testType="13cdc9d9-ddb5-4fa4-a97d-d965ccfc6d4b" outcome="Passed" testListId="8c84fa94-04c1-424b-9868-57a2d4851a1d" relativeResultsDirectory="bbd5f9a6-ce54-4396-a998-037d64b8baec" />
    <UnitTestResult executionId="aef189a0-eb9f-40c2-a907-2c3a18acee12" testId="0c59e933-24d5-adbb-33bf-d68b154cd5f8" testName="WitchCityRope.Core.Tests.ValueObjects.SceneNameTests.Create_EmptyOrNull_ThrowsArgumentException(name: null)" computerName="Unbutu-Ai-Chads-PC" duration="00:00:00.0003162" startTime="2025-09-11T15:38:39.6120054-04:00" endTime="2025-09-11T15:38:39.6121704-04:00" testType="13cdc9d9-ddb5-4fa4-a97d-d965ccfc6d4b" outcome="Passed" testListId="8c84fa94-04c1-424b-9868-57a2d4851a1d" relativeResultsDirectory="aef189a0-eb9f-40c2-a907-2c3a18acee12" />
    <UnitTestResult executionId="878bb49f-ea1e-46b7-92b3-f9f879456e12" testId="052861ce-b146-5192-7743-f88dfaaffc4d" testName="WitchCityRope.Core.Tests.Entities.UserTests.VettingApplications_NewUser_ReturnsEmptyCollection" computerName="Unbutu-Ai-Chads-PC" duration="00:00:00.0013686" startTime="2025-09-11T15:38:39.6377959-04:00" endTime="2025-09-11T15:38:39.6379255-04:00" testType="13cdc9d9-ddb5-4fa4-a97d-d965ccfc6d4b" outcome="Passed" testListId="8c84fa94-04c1-424b-9868-57a2d4851a1d" relativeResultsDirectory="878bb49f-ea1e-46b7-92b3-f9f879456e12" />
    <UnitTestResult executionId="39fa432e-8c6c-4f70-a91b-eb38664ca756" testId="8d59d4a7-b732-33a6-63b7-f602524d5f67" testName="WitchCityRope.Core.Tests.ValueObjects.EmailAddressTests.TryCreate_ValidEmail_ReturnsTrue" computerName="Unbutu-Ai-Chads-PC" duration="00:00:00.0000946" startTime="2025-09-11T15:38:39.6267230-04:00" endTime="2025-09-11T15:38:39.6267756-04:00" testType="13cdc9d9-ddb5-4fa4-a97d-d965ccfc6d4b" outcome="Passed" testListId="8c84fa94-04c1-424b-9868-57a2d4851a1d" relativeResultsDirectory="39fa432e-8c6c-4f70-a91b-eb38664ca756" />
    <UnitTestResult executionId="81166f4c-1d36-40dd-a6fd-9fe6c32d1021" testId="7cfbf625-df92-ef50-1f46-50f40c1d104f" testName="WitchCityRope.Core.Tests.Entities.EventTests.GetAvailableSpots_FullCapacity_ReturnsCapacity" computerName="Unbutu-Ai-Chads-PC" duration="00:00:00.0016153" startTime="2025-09-11T15:38:39.6862254-04:00" endTime="2025-09-11T15:38:39.6877626-04:00" testType="13cdc9d9-ddb5-4fa4-a97d-d965ccfc6d4b" outcome="Passed" testListId="8c84fa94-04c1-424b-9868-57a2d4851a1d" relativeResultsDirectory="81166f4c-1d36-40dd-a6fd-9fe6c32d1021" />
    <UnitTestResult executionId="aa8800c3-4b11-43be-b434-7e2e012b8609" testId="050a66e0-21ae-c17c-375d-3763e7631c09" testName="WitchCityRope.Core.Tests.ValueObjects.EmailAddressTests.GetDomain_ValidEmail_ReturnsDomain" computerName="Unbutu-Ai-Chads-PC" duration="00:00:00.0001989" startTime="2025-09-11T15:38:39.6130518-04:00" endTime="2025-09-11T15:38:39.6132102-04:00" testType="13cdc9d9-ddb5-4fa4-a97d-d965ccfc6d4b" outcome="Passed" testListId="8c84fa94-04c1-424b-9868-57a2d4851a1d" relativeResultsDirectory="aa8800c3-4b11-43be-b434-7e2e012b8609" />
    <UnitTestResult executionId="82fcfb73-66fe-4e63-b2b7-fe87f4045702" testId="f93aa139-c4ae-68d9-3951-bf310f85f479" testName="WitchCityRope.Core.Tests.Entities.EventTests.UpdatePricingTiers_EmptyTiers_ThrowsDomainException" computerName="Unbutu-Ai-Chads-PC" duration="00:00:00.0070546" startTime="2025-09-11T15:38:39.6437256-04:00" endTime="2025-09-11T15:38:39.6437655-04:00" testType="13cdc9d9-ddb5-4fa4-a97d-d965ccfc6d4b" outcome="Passed" testListId="8c84fa94-04c1-424b-9868-57a2d4851a1d" relativeResultsDirectory="82fcfb73-66fe-4e63-b2b7-fe87f4045702" />
    <UnitTestResult executionId="f495f856-d770-4bdf-818c-e62356434e8a" testId="cb9cb4dd-d91f-3a8b-e093-61069c975ba7" testName="WitchCityRope.Core.Tests.ValueObjects.MoneyTests.Multiply_ValidFactor_MultipliesSuccessfully(amount: 100, factor: 0.5, expected: 50)" computerName="Unbutu-Ai-Chads-PC" duration="00:00:00.0002139" startTime="2025-09-11T15:38:39.6286380-04:00" endTime="2025-09-11T15:38:39.6286854-04:00" testType="13cdc9d9-ddb5-4fa4-a97d-d965ccfc6d4b" outcome="Passed" testListId="8c84fa94-04c1-424b-9868-57a2d4851a1d" relativeResultsDirectory="f495f856-d770-4bdf-818c-e62356434e8a" />
    <UnitTestResult executionId="12e4d077-78bc-4ea1-a980-349c57f4b9ad" testId="44f3481b-e4bb-4f17-196a-e00c0217ed87" testName="WitchCityRope.Core.Tests.ValueObjects.EmailAddressTests.Create_InvalidFormat_ThrowsDomainException(email: &quot;user@@example.com&quot;)" computerName="Unbutu-Ai-Chads-PC" duration="00:00:00.0005166" startTime="2025-09-11T15:38:39.6211992-04:00" endTime="2025-09-11T15:38:39.6219750-04:00" testType="13cdc9d9-ddb5-4fa4-a97d-d965ccfc6d4b" outcome="Passed" testListId="8c84fa94-04c1-424b-9868-57a2d4851a1d" relativeResultsDirectory="12e4d077-78bc-4ea1-a980-349c57f4b9ad" />
    <UnitTestResult executionId="4eaddfb2-9e90-4b22-9def-bf91d3efc506" testId="8dc4b32e-1d6e-f702-48ff-68937539ae3a" testName="WitchCityRope.Core.Tests.Entities.RegistrationTests.CheckIn_NotConfirmed_ThrowsDomainException" computerName="Unbutu-Ai-Chads-PC" duration="00:00:00.0058402" startTime="2025-09-11T15:38:39.7176555-04:00" endTime="2025-09-11T15:38:39.7228909-04:00" testType="13cdc9d9-ddb5-4fa4-a97d-d965ccfc6d4b" outcome="Passed" testListId="8c84fa94-04c1-424b-9868-57a2d4851a1d" relativeResultsDirectory="4eaddfb2-9e90-4b22-9def-bf91d3efc506" />
    <UnitTestResult executionId="23cd50f6-6eb2-4726-9cb2-4b08fb12b5b0" testId="a273b370-2d95-b550-7a4f-799e4a38d75a" testName="WitchCityRope.Core.Tests.ValueObjects.MoneyTests.CompareTo_DifferentCurrency_ThrowsInvalidOperationException" computerName="Unbutu-Ai-Chads-PC" duration="00:00:00.0010182" startTime="2025-09-11T15:38:39.6208493-04:00" endTime="2025-09-11T15:38:39.6221901-04:00" testType="13cdc9d9-ddb5-4fa4-a97d-d965ccfc6d4b" outcome="Passed" testListId="8c84fa94-04c1-424b-9868-57a2d4851a1d" relativeResultsDirectory="23cd50f6-6eb2-4726-9cb2-4b08fb12b5b0" />
    <UnitTestResult executionId="95b69b03-2d30-4c5a-9e58-66d57d46ae90" testId="608e931e-de24-f30a-1df4-2d44e7f89163" testName="WitchCityRope.Core.Tests.Entities.RegistrationTests.StatusTransitions_VariousScenarios_BehavesCorrectly(initialStatus: Cancelled, targetStatus: Confirmed, shouldSucceed: False)" computerName="Unbutu-Ai-Chads-PC" duration="00:00:00.0028610" startTime="2025-09-11T15:38:39.6357899-04:00" endTime="2025-09-11T15:38:39.6367840-04:00" testType="13cdc9d9-ddb5-4fa4-a97d-d965ccfc6d4b" outcome="Passed" testListId="8c84fa94-04c1-424b-9868-57a2d4851a1d" relativeResultsDirectory="95b69b03-2d30-4c5a-9e58-66d57d46ae90" />
    <UnitTestResult executionId="b8267c66-7e91-43da-a02f-cf174b9acc7c" testId="4c3704a2-f126-706a-ee45-09631f5d1024" testName="WitchCityRope.Core.Tests.ValueObjects.EmailAddressTests.Equals_SameEmailDifferentCase_ReturnsTrue" computerName="Unbutu-Ai-Chads-PC" duration="00:00:00.0000915" startTime="2025-09-11T15:38:39.6272186-04:00" endTime="2025-09-11T15:38:39.6272609-04:00" testType="13cdc9d9-ddb5-4fa4-a97d-d965ccfc6d4b" outcome="Passed" testListId="8c84fa94-04c1-424b-9868-57a2d4851a1d" relativeResultsDirectory="b8267c66-7e91-43da-a02f-cf174b9acc7c" />
    <UnitTestResult executionId="9a66dd7f-1af1-49ab-848c-4a4f7bfc8aa6" testId="18f0023f-b7b6-64e0-d99f-67f362201e02" testName="WitchCityRope.Core.Tests.ValueObjects.EmailAddressTests.ImplicitStringConversion_ReturnsDisplayValue" computerName="Unbutu-Ai-Chads-PC" duration="00:00:00.0000936" startTime="2025-09-11T15:38:39.6273789-04:00" endTime="2025-09-11T15:38:39.6280303-04:00" testType="13cdc9d9-ddb5-4fa4-a97d-d965ccfc6d4b" outcome="Passed" testListId="8c84fa94-04c1-424b-9868-57a2d4851a1d" relativeResultsDirectory="9a66dd7f-1af1-49ab-848c-4a4f7bfc8aa6" />
    <UnitTestResult executionId="497c2af0-8023-4b93-a9c7-339d760cb33b" testId="361c1120-aeb7-b54d-75a2-9ae03fb892c4" testName="WitchCityRope.Core.Tests.Entities.UserTests.PromoteToRole_VariousScenarios_BehavesCorrectly(currentRole: Administrator, newRole: Administrator, shouldSucceed: False)" computerName="Unbutu-Ai-Chads-PC" duration="00:00:00.0011548" startTime="2025-09-11T15:38:39.6345927-04:00" endTime="2025-09-11T15:38:39.6346956-04:00" testType="13cdc9d9-ddb5-4fa4-a97d-d965ccfc6d4b" outcome="Passed" testListId="8c84fa94-04c1-424b-9868-57a2d4851a1d" relativeResultsDirectory="497c2af0-8023-4b93-a9c7-339d760cb33b" />
    <UnitTestResult executionId="5fe81e32-367e-49bf-8c11-944ac2f3040e" testId="69a533cc-02b9-6682-8046-8e98933b150c" testName="WitchCityRope.Core.Tests.Entities.RegistrationTests.IsEligibleForRefund_NotCancelled_ReturnsFalse" computerName="Unbutu-Ai-Chads-PC" duration="00:00:00.0054368" startTime="2025-09-11T15:38:39.6996754-04:00" endTime="2025-09-11T15:38:39.7050453-04:00" testType="13cdc9d9-ddb5-4fa4-a97d-d965ccfc6d4b" outcome="Passed" testListId="8c84fa94-04c1-424b-9868-57a2d4851a1d" relativeResultsDirectory="5fe81e32-367e-49bf-8c11-944ac2f3040e" />
    <UnitTestResult executionId="5a96a9b3-d09c-4a84-a207-2a0e21253ef5" testId="84dcc98b-de79-8a60-e10c-9ece06fa7fb3" testName="WitchCityRope.Core.Tests.ValueObjects.EmailAddressTests.Create_InvalidFormat_ThrowsDomainException(email: &quot;user@&quot;)" computerName="Unbutu-Ai-Chads-PC" duration="00:00:00.0003600" startTime="2025-09-11T15:38:39.6220366-04:00" endTime="2025-09-11T15:38:39.6224214-04:00" testType="13cdc9d9-ddb5-4fa4-a97d-d965ccfc6d4b" outcome="Passed" testListId="8c84fa94-04c1-424b-9868-57a2d4851a1d" relativeResultsDirectory="5a96a9b3-d09c-4a84-a207-2a0e21253ef5" />
    <UnitTestResult executionId="ff911bcb-dd60-4a06-9beb-f589631d7ccf" testId="81c4e769-cb62-799e-3506-93d60500134c" testName="WitchCityRope.Core.Tests.ValueObjects.MoneyTests.Create_LowercaseCurrency_ConvertsToUppercase" computerName="Unbutu-Ai-Chads-PC" duration="00:00:00.0000852" startTime="2025-09-11T15:38:39.6344948-04:00" endTime="2025-09-11T15:38:39.6346259-04:00" testType="13cdc9d9-ddb5-4fa4-a97d-d965ccfc6d4b" outcome="Passed" testListId="8c84fa94-04c1-424b-9868-57a2d4851a1d" relativeResultsDirectory="ff911bcb-dd60-4a06-9beb-f589631d7ccf" />
    <UnitTestResult executionId="c57ca7d9-dd9b-4b50-a927-7e984e790036" testId="0d2531b7-57a8-6cf2-eb3a-7be7131df56a" testName="WitchCityRope.Core.Tests.ValueObjects.MoneyTests.Create_ValidAmount_CreatesSuccessfully(amount: 0.01)" computerName="Unbutu-Ai-Chads-PC" duration="00:00:00.0000039" startTime="2025-09-11T15:38:39.6177801-04:00" endTime="2025-09-11T15:38:39.6178132-04:00" testType="13cdc9d9-ddb5-4fa4-a97d-d965ccfc6d4b" outcome="Passed" testListId="8c84fa94-04c1-424b-9868-57a2d4851a1d" relativeResultsDirectory="c57ca7d9-dd9b-4b50-a927-7e984e790036" />
    <UnitTestResult executionId="897a6d47-23ca-43ab-8906-b4bf6afa8ac5" testId="10000ed7-f77c-a414-a92a-a0c685e3c96d" testName="WitchCityRope.Core.Tests.Entities.EventTests.UpdateDates_StartDateInPast_ThrowsDomainException" computerName="Unbutu-Ai-Chads-PC" duration="00:00:00.0020817" startTime="2025-09-11T15:38:39.6438573-04:00" endTime="2025-09-11T15:38:39.6438917-04:00" testType="13cdc9d9-ddb5-4fa4-a97d-d965ccfc6d4b" outcome="Passed" testListId="8c84fa94-04c1-424b-9868-57a2d4851a1d" relativeResultsDirectory="897a6d47-23ca-43ab-8906-b4bf6afa8ac5" />
    <UnitTestResult executionId="0118850b-2917-435f-81cd-183e1c925513" testId="16b86624-9e7b-1dad-64c2-35f2e1bcf205" testName="WitchCityRope.Core.Tests.Entities.UserTests.PromoteToRole_SameRole_ThrowsDomainException" computerName="Unbutu-Ai-Chads-PC" duration="00:00:00.0011875" startTime="2025-09-11T15:38:39.6395479-04:00" endTime="2025-09-11T15:38:39.6395817-04:00" testType="13cdc9d9-ddb5-4fa4-a97d-d965ccfc6d4b" outcome="Passed" testListId="8c84fa94-04c1-424b-9868-57a2d4851a1d" relativeResultsDirectory="0118850b-2917-435f-81cd-183e1c925513" />
    <UnitTestResult executionId="563c7ccf-7b8f-44f5-a41b-638da24f11ca" testId="8f5f971f-a71a-13e1-4708-f9d625af241d" testName="WitchCityRope.Core.Tests.ValueObjects.MoneyTests.ToDisplayString_VariousCurrencies_FormatsCorrectly(currency: &quot;USD&quot;, expected: &quot;$10.50&quot;)" computerName="Unbutu-Ai-Chads-PC" duration="00:00:00.0001359" startTime="2025-09-11T15:38:39.6327991-04:00" endTime="2025-09-11T15:38:39.6328403-04:00" testType="13cdc9d9-ddb5-4fa4-a97d-d965ccfc6d4b" outcome="Passed" testListId="8c84fa94-04c1-424b-9868-57a2d4851a1d" relativeResultsDirectory="563c7ccf-7b8f-44f5-a41b-638da24f11ca" />
    <UnitTestResult executionId="91faed2d-30ca-4aec-b00d-7a8bd3d47ccb" testId="dbc99f96-723f-5c76-60ae-bc8aeab3b6c9" testName="WitchCityRope.Core.Tests.ValueObjects.MoneyTests.Create_InvalidCurrencyLength_ThrowsDomainException(currency: &quot;US&quot;)" computerName="Unbutu-Ai-Chads-PC" duration="00:00:00.0253424" startTime="2025-09-11T15:38:39.5361826-04:00" endTime="2025-09-11T15:38:39.6079430-04:00" testType="13cdc9d9-ddb5-4fa4-a97d-d965ccfc6d4b" outcome="Passed" testListId="8c84fa94-04c1-424b-9868-57a2d4851a1d" relativeResultsDirectory="91faed2d-30ca-4aec-b00d-7a8bd3d47ccb" />
    <UnitTestResult executionId="e91135c3-d3e1-491e-9cb7-8836ec131f99" testId="602812ce-9acf-c63f-3d9e-ab7e38da8bfb" testName="WitchCityRope.Core.Tests.ValueObjects.EmailAddressTests.DisplayValue_PreservesOriginalCase(input: &quot;Test@Example.Com&quot;, expected: &quot;Test@Example.Com&quot;)" computerName="Unbutu-Ai-Chads-PC" duration="00:00:00.0001108" startTime="2025-09-11T15:38:39.6140231-04:00" endTime="2025-09-11T15:38:39.6143323-04:00" testType="13cdc9d9-ddb5-4fa4-a97d-d965ccfc6d4b" outcome="Passed" testListId="8c84fa94-04c1-424b-9868-57a2d4851a1d" relativeResultsDirectory="e91135c3-d3e1-491e-9cb7-8836ec131f99" />
    <UnitTestResult executionId="662165ef-4409-4b2f-bf20-8325d12639ef" testId="d37f8d70-658e-9a68-38a9-dcf4a5011bb5" testName="WitchCityRope.Core.Tests.ValueObjects.MoneyTests.Subtract_SameCurrencySufficientFunds_SubtractsSuccessfully" computerName="Unbutu-Ai-Chads-PC" duration="00:00:00.0002642" startTime="2025-09-11T15:38:39.6131751-04:00" endTime="2025-09-11T15:38:39.6133918-04:00" testType="13cdc9d9-ddb5-4fa4-a97d-d965ccfc6d4b" outcome="Passed" testListId="8c84fa94-04c1-424b-9868-57a2d4851a1d" relativeResultsDirectory="662165ef-4409-4b2f-bf20-8325d12639ef" />
    <UnitTestResult executionId="6e057109-bd3f-4559-bfcf-b52bb817d1f8" testId="7f2a1335-3b19-3256-97d2-7c1bb7c23a93" testName="WitchCityRope.Core.Tests.ValueObjects.MoneyTests.OperatorMultiply_BothOrders_MultipliesSuccessfully" computerName="Unbutu-Ai-Chads-PC" duration="00:00:00.0002511" startTime="2025-09-11T15:38:39.6340341-04:00" endTime="2025-09-11T15:38:39.6341628-04:00" testType="13cdc9d9-ddb5-4fa4-a97d-d965ccfc6d4b" outcome="Passed" testListId="8c84fa94-04c1-424b-9868-57a2d4851a1d" relativeResultsDirectory="6e057109-bd3f-4559-bfcf-b52bb817d1f8" />
    <UnitTestResult executionId="e65e22b9-2922-4639-80e2-6fe15970a485" testId="55c9a313-0561-d40b-755a-d926aa2d9d32" testName="WitchCityRope.Core.Tests.ValueObjects.EmailAddressTests.Create_ValidEmail_CreatesSuccessfully(email: &quot;user+tag@example.co.uk&quot;)" computerName="Unbutu-Ai-Chads-PC" duration="00:00:00.0000083" startTime="2025-09-11T15:38:39.5702559-04:00" endTime="2025-09-11T15:38:39.5703035-04:00" testType="13cdc9d9-ddb5-4fa4-a97d-d965ccfc6d4b" outcome="Passed" testListId="8c84fa94-04c1-424b-9868-57a2d4851a1d" relativeResultsDirectory="e65e22b9-2922-4639-80e2-6fe15970a485" />
    <UnitTestResult executionId="975ae9b4-e0f1-4324-ad95-a4bda66db991" testId="cb2ec5a2-32db-52c0-a6a1-934dccc75132" testName="WitchCityRope.Core.Tests.Entities.EventTests.Constructor_NoPricingTiers_ThrowsDomainException" computerName="Unbutu-Ai-Chads-PC" duration="00:00:00.0039095" startTime="2025-09-11T15:38:39.6429765-04:00" endTime="2025-09-11T15:38:39.6431064-04:00" testType="13cdc9d9-ddb5-4fa4-a97d-d965ccfc6d4b" outcome="Passed" testListId="8c84fa94-04c1-424b-9868-57a2d4851a1d" relativeResultsDirectory="975ae9b4-e0f1-4324-ad95-a4bda66db991" />
    <UnitTestResult executionId="d11e1ed3-ff2c-4b87-8055-a185300f372c" testId="df1412dd-e26c-843c-183a-67aa60fd9760" testName="WitchCityRope.Core.Tests.ValueObjects.SceneNameTests.Value_PreservesOriginalCase(input: &quot;SCENENAME&quot;, expected: &quot;SCENENAME&quot;)" computerName="Unbutu-Ai-Chads-PC" duration="00:00:00.0001964" startTime="2025-09-11T15:38:39.6231859-04:00" endTime="2025-09-11T15:38:39.6232804-04:00" testType="13cdc9d9-ddb5-4fa4-a97d-d965ccfc6d4b" outcome="Passed" testListId="8c84fa94-04c1-424b-9868-57a2d4851a1d" relativeResultsDirectory="d11e1ed3-ff2c-4b87-8055-a185300f372c" />
    <UnitTestResult executionId="95299a97-679a-4bf9-af54-22be04960d63" testId="de32cd1b-7d7c-7f38-c9ad-12abae7a7f92" testName="WitchCityRope.Core.Tests.ValueObjects.SceneNameTests.Equals_NullSceneName_ReturnsFalse" computerName="Unbutu-Ai-Chads-PC" duration="00:00:00.0003797" startTime="2025-09-11T15:38:39.6147238-04:00" endTime="2025-09-11T15:38:39.6147587-04:00" testType="13cdc9d9-ddb5-4fa4-a97d-d965ccfc6d4b" outcome="Passed" testListId="8c84fa94-04c1-424b-9868-57a2d4851a1d" relativeResultsDirectory="95299a97-679a-4bf9-af54-22be04960d63" />
    <UnitTestResult executionId="17bc5fc3-3675-4fe9-8d89-7509355314b5" testId="db9487ae-f8bb-6c77-456e-477251a97694" testName="WitchCityRope.Core.Tests.ValueObjects.SceneNameTests.Create_EmptyOrNull_ThrowsArgumentException(name: &quot; &quot;)" computerName="Unbutu-Ai-Chads-PC" duration="00:00:00.0001575" startTime="2025-09-11T15:38:39.6122327-04:00" endTime="2025-09-11T15:38:39.6122680-04:00" testType="13cdc9d9-ddb5-4fa4-a97d-d965ccfc6d4b" outcome="Passed" testListId="8c84fa94-04c1-424b-9868-57a2d4851a1d" relativeResultsDirectory="17bc5fc3-3675-4fe9-8d89-7509355314b5" />
    <UnitTestResult executionId="b9fff77e-9d5d-4f88-a446-2517a1754503" testId="c3081fdc-d142-f914-3509-6d3142a54806" testName="WitchCityRope.Core.Tests.ValueObjects.MoneyTests.Create_NegativeAmount_ThrowsDomainException" computerName="Unbutu-Ai-Chads-PC" duration="00:00:00.0003401" startTime="2025-09-11T15:38:39.6279732-04:00" endTime="2025-09-11T15:38:39.6281801-04:00" testType="13cdc9d9-ddb5-4fa4-a97d-d965ccfc6d4b" outcome="Passed" testListId="8c84fa94-04c1-424b-9868-57a2d4851a1d" relativeResultsDirectory="b9fff77e-9d5d-4f88-a446-2517a1754503" />
    <UnitTestResult executionId="0e05ea02-d65e-4de1-a1c1-07aebba799d7" testId="bb63d3b1-377d-9b8b-04fd-78b169853397" testName="WitchCityRope.Core.Tests.ValueObjects.SceneNameTests.Create_ExceedsMaxLength_ThrowsDomainException" computerName="Unbutu-Ai-Chads-PC" duration="00:00:00.0003867" startTime="2025-09-11T15:38:39.6219398-04:00" endTime="2025-09-11T15:38:39.6220705-04:00" testType="13cdc9d9-ddb5-4fa4-a97d-d965ccfc6d4b" outcome="Passed" testListId="8c84fa94-04c1-424b-9868-57a2d4851a1d" relativeResultsDirectory="0e05ea02-d65e-4de1-a1c1-07aebba799d7" />
    <UnitTestResult executionId="1ac20c53-f6d4-4cc8-a926-d3ca3c7fc60b" testId="29518f0a-7330-4b80-0907-a4ac839337bc" testName="WitchCityRope.Core.Tests.Entities.RegistrationTests.StatusTransitions_VariousScenarios_BehavesCorrectly(initialStatus: Confirmed, targetStatus: CheckedIn, shouldSucceed: True)" computerName="Unbutu-Ai-Chads-PC" duration="00:00:00.0103011" startTime="2025-09-11T15:38:39.6341394-04:00" endTime="2025-09-11T15:38:39.6352571-04:00" testType="13cdc9d9-ddb5-4fa4-a97d-d965ccfc6d4b" outcome="Passed" testListId="8c84fa94-04c1-424b-9868-57a2d4851a1d" relativeResultsDirectory="1ac20c53-f6d4-4cc8-a926-d3ca3c7fc60b" />
    <UnitTestResult executionId="46a56e0e-7918-4b66-a2c0-4992ade31fa9" testId="a1b786bd-3420-a755-d1b7-26283940726c" testName="WitchCityRope.Core.Tests.Entities.EventTests.Constructor_VariousCapacities_CreatesSuccessfully(capacity: 100)" computerName="Unbutu-Ai-Chads-PC" duration="00:00:00.0018901" startTime="2025-09-11T15:38:39.6378916-04:00" endTime="2025-09-11T15:38:39.6382774-04:00" testType="13cdc9d9-ddb5-4fa4-a97d-d965ccfc6d4b" outcome="Passed" testListId="8c84fa94-04c1-424b-9868-57a2d4851a1d" relativeResultsDirectory="46a56e0e-7918-4b66-a2c0-4992ade31fa9" />
    <UnitTestResult executionId="4c11c4e8-65d2-43e8-931e-ed41af811841" testId="0956fa5d-4aed-486e-f7dc-84f44811deb3" testName="WitchCityRope.Core.Tests.Entities.UserTests.PromoteToRole_VariousScenarios_BehavesCorrectly(currentRole: Member, newRole: Organizer, shouldSucceed: True)" computerName="Unbutu-Ai-Chads-PC" duration="00:00:00.0010755" startTime="2025-09-11T15:38:39.6347572-04:00" endTime="2025-09-11T15:38:39.6347915-04:00" testType="13cdc9d9-ddb5-4fa4-a97d-d965ccfc6d4b" outcome="Passed" testListId="8c84fa94-04c1-424b-9868-57a2d4851a1d" relativeResultsDirectory="4c11c4e8-65d2-43e8-931e-ed41af811841" />
    <UnitTestResult executionId="86522997-63f5-4368-a303-dc8800cda328" testId="c79ecd78-0d7c-8763-abc4-4db98409363a" testName="WitchCityRope.Core.Tests.ValueObjects.EmailAddressTests.TryCreate_InvalidEmail_ReturnsFalse(invalidEmail: &quot;&quot;)" computerName="Unbutu-Ai-Chads-PC" duration="00:00:00.0001304" startTime="2025-09-11T15:38:39.6154761-04:00" endTime="2025-09-11T15:38:39.6156095-04:00" testType="13cdc9d9-ddb5-4fa4-a97d-d965ccfc6d4b" outcome="Passed" testListId="8c84fa94-04c1-424b-9868-57a2d4851a1d" relativeResultsDirectory="86522997-63f5-4368-a303-dc8800cda328" />
    <UnitTestResult executionId="7dfbc910-e9f5-4e36-bc10-954cc78a13e3" testId="22bc6493-6675-abab-9e4f-15cedef729a8" testName="WitchCityRope.Core.Tests.ValueObjects.SceneNameTests.Value_PreservesOriginalCase(input: &quot;Scene Name&quot;, expected: &quot;Scene Name&quot;)" computerName="Unbutu-Ai-Chads-PC" duration="00:00:00.0000073" startTime="2025-09-11T15:38:39.6233767-04:00" endTime="2025-09-11T15:38:39.6234094-04:00" testType="13cdc9d9-ddb5-4fa4-a97d-d965ccfc6d4b" outcome="Passed" testListId="8c84fa94-04c1-424b-9868-57a2d4851a1d" relativeResultsDirectory="7dfbc910-e9f5-4e36-bc10-954cc78a13e3" />
    <UnitTestResult executionId="3c81a57b-8485-4024-8551-daf723f274e2" testId="64df16bb-168d-b86d-0c2a-41836ed7a731" testName="WitchCityRope.Core.Tests.ValueObjects.EmailAddressTests.Create_EmptyOrNull_ThrowsArgumentException(email: &quot; &quot;)" computerName="Unbutu-Ai-Chads-PC" duration="00:00:00.0020665" startTime="2025-09-11T15:38:39.6078039-04:00" endTime="2025-09-11T15:38:39.6078463-04:00" testType="13cdc9d9-ddb5-4fa4-a97d-d965ccfc6d4b" outcome="Passed" testListId="8c84fa94-04c1-424b-9868-57a2d4851a1d" relativeResultsDirectory="3c81a57b-8485-4024-8551-daf723f274e2" />
    <UnitTestResult executionId="d542163e-d53a-4fda-80a3-9df3f838ddea" testId="aa71a203-3d80-3323-0c0d-232f4f20becc" testName="WitchCityRope.Core.Tests.ValueObjects.SceneNameTests.Create_TrimsWhitespace_ButPreservesInternalSpaces(input: &quot;Trailing Space  &quot;)" computerName="Unbutu-Ai-Chads-PC" duration="00:00:00.0004397" startTime="2025-09-11T15:38:39.6081883-04:00" endTime="2025-09-11T15:38:39.6082237-04:00" testType="13cdc9d9-ddb5-4fa4-a97d-d965ccfc6d4b" outcome="Passed" testListId="8c84fa94-04c1-424b-9868-57a2d4851a1d" relativeResultsDirectory="d542163e-d53a-4fda-80a3-9df3f838ddea" />
    <UnitTestResult executionId="b94415eb-5e9f-41d8-ad27-bb18149a67cf" testId="008887e8-4708-1efe-5a02-72d0dd65e958" testName="WitchCityRope.Core.Tests.Entities.EventTests.Unpublish_PublishedEventNoRegistrations_UnpublishesSuccessfully" computerName="Unbutu-Ai-Chads-PC" duration="00:00:00.0019118" startTime="2025-09-11T15:38:39.6439756-04:00" endTime="2025-09-11T15:38:39.6441174-04:00" testType="13cdc9d9-ddb5-4fa4-a97d-d965ccfc6d4b" outcome="Passed" testListId="8c84fa94-04c1-424b-9868-57a2d4851a1d" relativeResultsDirectory="b94415eb-5e9f-41d8-ad27-bb18149a67cf" />
    <UnitTestResult executionId="3e24aff2-5f02-41fc-8e04-14e08ce69c20" testId="60598e1b-02d6-d0b1-216a-1d6496f4b8e7" testName="WitchCityRope.Core.Tests.Entities.RegistrationTests.IsEligibleForRefund_VariousTimings_ReturnsCorrectResult(hoursBeforeEvent: 47, expectedEligible: False)" computerName="Unbutu-Ai-Chads-PC" duration="00:00:00.0077070" startTime="2025-09-11T15:38:39.6724916-04:00" endTime="2025-09-11T15:38:39.6793010-04:00" testType="13cdc9d9-ddb5-4fa4-a97d-d965ccfc6d4b" outcome="Passed" testListId="8c84fa94-04c1-424b-9868-57a2d4851a1d" relativeResultsDirectory="3e24aff2-5f02-41fc-8e04-14e08ce69c20" />
    <UnitTestResult executionId="99fe7fd0-85e4-4e7a-be66-c661829254e0" testId="252a288d-ed9d-192f-9ca0-2b8477995f8a" testName="WitchCityRope.Core.Tests.Entities.RegistrationTests.Constructor_InvalidPrice_ThrowsDomainException" computerName="Unbutu-Ai-Chads-PC" duration="00:00:00.0027449" startTime="2025-09-11T15:38:39.7051546-04:00" endTime="2025-09-11T15:38:39.7078149-04:00" testType="13cdc9d9-ddb5-4fa4-a97d-d965ccfc6d4b" outcome="Passed" testListId="8c84fa94-04c1-424b-9868-57a2d4851a1d" relativeResultsDirectory="99fe7fd0-85e4-4e7a-be66-c661829254e0" />
    <UnitTestResult executionId="dc9dc6b7-4a66-4ffa-ab54-a4570c68e7b1" testId="cba69a7c-5c84-d4de-0599-cdcdb4c5885a" testName="WitchCityRope.Core.Tests.ValueObjects.MoneyTests.Equals_SameAmountAndCurrency_ReturnsTrue" computerName="Unbutu-Ai-Chads-PC" duration="00:00:00.0001900" startTime="2025-09-11T15:38:39.6265486-04:00" endTime="2025-09-11T15:38:39.6269383-04:00" testType="13cdc9d9-ddb5-4fa4-a97d-d965ccfc6d4b" outcome="Passed" testListId="8c84fa94-04c1-424b-9868-57a2d4851a1d" relativeResultsDirectory="dc9dc6b7-4a66-4ffa-ab54-a4570c68e7b1" />
    <UnitTestResult executionId="78888c08-3a26-4f7b-a685-37cfbe94087e" testId="1a91289e-57e5-be3c-8381-67252df4124f" testName="WitchCityRope.Core.Tests.Entities.RegistrationTests.Constructor_SelectsLowestPriceTier_ValidatesSuccessfully" computerName="Unbutu-Ai-Chads-PC" duration="00:00:00.0042726" startTime="2025-09-11T15:38:39.7586004-04:00" endTime="2025-09-11T15:38:39.7627443-04:00" testType="13cdc9d9-ddb5-4fa4-a97d-d965ccfc6d4b" outcome="Passed" testListId="8c84fa94-04c1-424b-9868-57a2d4851a1d" relativeResultsDirectory="78888c08-3a26-4f7b-a685-37cfbe94087e" />
    <UnitTestResult executionId="a3d3bf3f-50f1-4ea6-9565-a7ad42096c04" testId="03fa85b2-43b0-99e5-97e9-18bd4cd6c123" testName="WitchCityRope.Core.Tests.ValueObjects.SceneNameTests.Create_ExactlyMinLength_CreatesSuccessfully" computerName="Unbutu-Ai-Chads-PC" duration="00:00:00.0000949" startTime="2025-09-11T15:38:39.6221556-04:00" endTime="2025-09-11T15:38:39.6222562-04:00" testType="13cdc9d9-ddb5-4fa4-a97d-d965ccfc6d4b" outcome="Passed" testListId="8c84fa94-04c1-424b-9868-57a2d4851a1d" relativeResultsDirectory="a3d3bf3f-50f1-4ea6-9565-a7ad42096c04" />
    <UnitTestResult executionId="51f48466-77e7-4631-b38c-85f8a39fc7f4" testId="f59f7a21-07b4-832f-fda9-0f8e86b99025" testName="WitchCityRope.Core.Tests.ValueObjects.EmailAddressTests.Create_InvalidFormat_ThrowsDomainException(email: &quot;user@exam ple.com&quot;)" computerName="Unbutu-Ai-Chads-PC" duration="00:00:00.0002977" startTime="2025-09-11T15:38:39.6228487-04:00" endTime="2025-09-11T15:38:39.6232209-04:00" testType="13cdc9d9-ddb5-4fa4-a97d-d965ccfc6d4b" outcome="Passed" testListId="8c84fa94-04c1-424b-9868-57a2d4851a1d" relativeResultsDirectory="51f48466-77e7-4631-b38c-85f8a39fc7f4" />
    <UnitTestResult executionId="5a05b5b9-d626-4b74-8d2a-8e8082737eae" testId="b044912f-a46a-5c40-95af-4fdef8a1afaf" testName="WitchCityRope.Core.Tests.Entities.EventTests.Constructor_ValidData_CreatesEvent" computerName="Unbutu-Ai-Chads-PC" duration="00:00:00.0023697" startTime="2025-09-11T15:38:39.6638208-04:00" endTime="2025-09-11T15:38:39.6661078-04:00" testType="13cdc9d9-ddb5-4fa4-a97d-d965ccfc6d4b" outcome="Passed" testListId="8c84fa94-04c1-424b-9868-57a2d4851a1d" relativeResultsDirectory="5a05b5b9-d626-4b74-8d2a-8e8082737eae" />
    <UnitTestResult executionId="5a4da830-87a7-49d7-b7ce-494cb554bed3" testId="347519fa-20da-2415-a333-db65c694b8f6" testName="WitchCityRope.Core.Tests.ValueObjects.SceneNameTests.Equals_DifferentNames_ReturnsFalse" computerName="Unbutu-Ai-Chads-PC" duration="00:00:00.0003587" startTime="2025-09-11T15:38:39.6169992-04:00" endTime="2025-09-11T15:38:39.6199952-04:00" testType="13cdc9d9-ddb5-4fa4-a97d-d965ccfc6d4b" outcome="Passed" testListId="8c84fa94-04c1-424b-9868-57a2d4851a1d" relativeResultsDirectory="5a4da830-87a7-49d7-b7ce-494cb554bed3" />
    <UnitTestResult executionId="ae9a7ac4-10d7-497a-a761-80e19dfea853" testId="aa10c3e1-a4c0-c3d8-9c2e-168e33c3cacb" testName="WitchCityRope.Core.Tests.Entities.RegistrationTests.Constructor_NoSpecialNeeds_CreatesRegistration" computerName="Unbutu-Ai-Chads-PC" duration="00:00:00.0025839" startTime="2025-09-11T15:38:39.6440944-04:00" endTime="2025-09-11T15:38:39.6442447-04:00" testType="13cdc9d9-ddb5-4fa4-a97d-d965ccfc6d4b" outcome="Passed" testListId="8c84fa94-04c1-424b-9868-57a2d4851a1d" relativeResultsDirectory="ae9a7ac4-10d7-497a-a761-80e19dfea853" />
    <UnitTestResult executionId="5a03aff7-6b29-4ccb-bddf-ff93af86dc45" testId="ed03c588-f9e2-cd50-ea85-d6f0ba338f02" testName="WitchCityRope.Core.Tests.ValueObjects.SceneNameTests.GetHashCode_SameNameDifferentCase_ReturnsSameHash" computerName="Unbutu-Ai-Chads-PC" duration="00:00:00.0001034" startTime="2025-09-11T15:38:39.6216911-04:00" endTime="2025-09-11T15:38:39.6217315-04:00" testType="13cdc9d9-ddb5-4fa4-a97d-d965ccfc6d4b" outcome="Passed" testListId="8c84fa94-04c1-424b-9868-57a2d4851a1d" relativeResultsDirectory="5a03aff7-6b29-4ccb-bddf-ff93af86dc45" />
    <UnitTestResult executionId="8a9248c0-1c1f-481e-ba37-4d60054f0b77" testId="0df1aa3b-c928-8b6a-0977-0b4429c2ad4f" testName="WitchCityRope.Core.Tests.Entities.RegistrationTests.Constructor_NullSelectedPrice_ThrowsArgumentNullException" computerName="Unbutu-Ai-Chads-PC" duration="00:00:00.0026177" startTime="2025-09-11T15:38:39.6970392-04:00" endTime="2025-09-11T15:38:39.6995686-04:00" testType="13cdc9d9-ddb5-4fa4-a97d-d965ccfc6d4b" outcome="Passed" testListId="8c84fa94-04c1-424b-9868-57a2d4851a1d" relativeResultsDirectory="8a9248c0-1c1f-481e-ba37-4d60054f0b77" />
    <UnitTestResult executionId="0917f83e-1d9f-4922-8611-821ffa8e7b6d" testId="d16237a8-90bf-68f0-8cb9-70c28d5553b3" testName="WitchCityRope.Core.Tests.Entities.EventTests.RemoveOrganizer_MultipleOrganizers_RemovesSuccessfully" computerName="Unbutu-Ai-Chads-PC" duration="00:00:00.0044520" startTime="2025-09-11T15:38:39.6431921-04:00" endTime="2025-09-11T15:38:39.6432269-04:00" testType="13cdc9d9-ddb5-4fa4-a97d-d965ccfc6d4b" outcome="Passed" testListId="8c84fa94-04c1-424b-9868-57a2d4851a1d" relativeResultsDirectory="0917f83e-1d9f-4922-8611-821ffa8e7b6d" />
    <UnitTestResult executionId="6e697011-a2be-418d-9856-80d6e5c2feba" testId="02dfc5f2-c3eb-99ee-f353-2aaec6dc6e1c" testName="WitchCityRope.Core.Tests.ValueObjects.MoneyTests.Add_SameCurrency_AddsSuccessfully" computerName="Unbutu-Ai-Chads-PC" duration="00:00:00.0001274" startTime="2025-09-11T15:38:39.6223506-04:00" endTime="2025-09-11T15:38:39.6228763-04:00" testType="13cdc9d9-ddb5-4fa4-a97d-d965ccfc6d4b" outcome="Passed" testListId="8c84fa94-04c1-424b-9868-57a2d4851a1d" relativeResultsDirectory="6e697011-a2be-418d-9856-80d6e5c2feba" />
    <UnitTestResult executionId="68696d21-0a7a-4a78-85f3-c0fa0bcc4234" testId="f1e20cc6-36e9-f4be-b8af-7b8e470faa96" testName="WitchCityRope.Core.Tests.ValueObjects.EmailAddressTests.DisplayValue_PreservesOriginalCase(input: &quot;TEST@EXAMPLE.COM&quot;, expected: &quot;TEST@EXAMPLE.COM&quot;)" computerName="Unbutu-Ai-Chads-PC" duration="00:00:00.0000083" startTime="2025-09-11T15:38:39.6144466-04:00" endTime="2025-09-11T15:38:39.6145127-04:00" testType="13cdc9d9-ddb5-4fa4-a97d-d965ccfc6d4b" outcome="Passed" testListId="8c84fa94-04c1-424b-9868-57a2d4851a1d" relativeResultsDirectory="68696d21-0a7a-4a78-85f3-c0fa0bcc4234" />
    <UnitTestResult executionId="ca7185e6-0c91-4017-808f-97059f186fe6" testId="305b144b-8ed9-0941-31df-2aff6a8173dd" testName="WitchCityRope.Core.Tests.Entities.UserTests.PromoteToRole_HigherRole_PromotesSuccessfully" computerName="Unbutu-Ai-Chads-PC" duration="00:00:00.0009875" startTime="2025-09-11T15:38:39.6382435-04:00" endTime="2025-09-11T15:38:39.6387587-04:00" testType="13cdc9d9-ddb5-4fa4-a97d-d965ccfc6d4b" outcome="Passed" testListId="8c84fa94-04c1-424b-9868-57a2d4851a1d" relativeResultsDirectory="ca7185e6-0c91-4017-808f-97059f186fe6" />
    <UnitTestResult executionId="27cb43b8-3661-4981-a806-d50bdf5a4671" testId="9999148d-bc60-e4a0-453e-526e689ed5b8" testName="WitchCityRope.Core.Tests.ValueObjects.MoneyTests.Create_ValidCurrency_CreatesSuccessfully(currency: &quot;EUR&quot;)" computerName="Unbutu-Ai-Chads-PC" duration="00:00:00.0000043" startTime="2025-09-11T15:38:39.6207321-04:00" endTime="2025-09-11T15:38:39.6207657-04:00" testType="13cdc9d9-ddb5-4fa4-a97d-d965ccfc6d4b" outcome="Passed" testListId="8c84fa94-04c1-424b-9868-57a2d4851a1d" relativeResultsDirectory="27cb43b8-3661-4981-a806-d50bdf5a4671" />
    <UnitTestResult executionId="2823405b-d670-43dd-879b-57fef2793148" testId="58183c69-e8f2-fc1d-1451-124433b27fa3" testName="WitchCityRope.Core.Tests.Entities.RegistrationTests.CheckIn_ConfirmedRegistrationAfterEventStart_ChecksInSuccessfully" computerName="Unbutu-Ai-Chads-PC" duration="00:00:00.0124163" startTime="2025-09-11T15:38:39.7461030-04:00" endTime="2025-09-11T15:38:39.7584650-04:00" testType="13cdc9d9-ddb5-4fa4-a97d-d965ccfc6d4b" outcome="Passed" testListId="8c84fa94-04c1-424b-9868-57a2d4851a1d" relativeResultsDirectory="2823405b-d670-43dd-879b-57fef2793148" />
    <UnitTestResult executionId="4ea2b8f6-ee05-479a-a115-e6250ac2bc7e" testId="289ca8c1-6229-0a00-b027-f38a937cfdf0" testName="WitchCityRope.Core.Tests.Entities.EventTests.UpdateDates_EventAlreadyStarted_ThrowsDomainException" computerName="Unbutu-Ai-Chads-PC" duration="00:00:00.0020709" startTime="2025-09-11T15:38:39.6777469-04:00" endTime="2025-09-11T15:38:39.6797311-04:00" testType="13cdc9d9-ddb5-4fa4-a97d-d965ccfc6d4b" outcome="Passed" testListId="8c84fa94-04c1-424b-9868-57a2d4851a1d" relativeResultsDirectory="4ea2b8f6-ee05-479a-a115-e6250ac2bc7e" />
    <UnitTestResult executionId="cd542c53-ecf4-401c-9461-54186203b567" testId="070a6f14-3a30-3377-c694-35b4f6e518ef" testName="WitchCityRope.Core.Tests.ValueObjects.MoneyTests.Create_InvalidCurrencyLength_ThrowsDomainException(currency: &quot;USDD&quot;)" computerName="Unbutu-Ai-Chads-PC" duration="00:00:00.0005224" startTime="2025-09-11T15:38:39.6081366-04:00" endTime="2025-09-11T15:38:39.6084328-04:00" testType="13cdc9d9-ddb5-4fa4-a97d-d965ccfc6d4b" outcome="Passed" testListId="8c84fa94-04c1-424b-9868-57a2d4851a1d" relativeResultsDirectory="cd542c53-ecf4-401c-9461-54186203b567" />
    <UnitTestResult executionId="6a144f34-fbf1-4857-9a43-a2202531bbaf" testId="e85fed14-ca9f-a204-a5c5-cb8f12de0b8e" testName="WitchCityRope.Core.Tests.Entities.EventTests.AddOrganizer_DuplicateOrganizer_ThrowsDomainException" computerName="Unbutu-Ai-Chads-PC" duration="00:00:00.0027657" startTime="2025-09-11T15:38:39.6610512-04:00" endTime="2025-09-11T15:38:39.6637057-04:00" testType="13cdc9d9-ddb5-4fa4-a97d-d965ccfc6d4b" outcome="Passed" testListId="8c84fa94-04c1-424b-9868-57a2d4851a1d" relativeResultsDirectory="6a144f34-fbf1-4857-9a43-a2202531bbaf" />
    <UnitTestResult executionId="1c2c62db-8958-4864-b655-e711deedc32b" testId="5103f879-550d-fbea-5ebd-81a2562bffc5" testName="WitchCityRope.Core.Tests.ValueObjects.EmailAddressTests.Create_EmailExceedsMaxLength_ThrowsDomainException" computerName="Unbutu-Ai-Chads-PC" duration="00:00:00.0004096" startTime="2025-09-11T15:38:39.6129270-04:00" endTime="2025-09-11T15:38:39.6129653-04:00" testType="13cdc9d9-ddb5-4fa4-a97d-d965ccfc6d4b" outcome="Passed" testListId="8c84fa94-04c1-424b-9868-57a2d4851a1d" relativeResultsDirectory="1c2c62db-8958-4864-b655-e711deedc32b" />
    <UnitTestResult executionId="e0721b2f-8437-4874-b5c3-f406bf92d383" testId="8e5b6cc8-b426-b5a6-a2e6-d33c03b3846d" testName="WitchCityRope.Core.Tests.Entities.UserTests.PromoteToRole_VariousScenarios_BehavesCorrectly(currentRole: Organizer, newRole: Member, shouldSucceed: False)" computerName="Unbutu-Ai-Chads-PC" duration="00:00:00.0082232" startTime="2025-09-11T15:38:39.6335335-04:00" endTime="2025-09-11T15:38:39.6345292-04:00" testType="13cdc9d9-ddb5-4fa4-a97d-d965ccfc6d4b" outcome="Passed" testListId="8c84fa94-04c1-424b-9868-57a2d4851a1d" relativeResultsDirectory="e0721b2f-8437-4874-b5c3-f406bf92d383" />
    <UnitTestResult executionId="3670fe23-97b2-4f56-8ded-706af6abefdd" testId="ebca1bab-4384-7fba-f140-5240d35a005a" testName="WitchCityRope.Core.Tests.Entities.EventTests.GetConfirmedRegistrationCount_NoRegistrations_ReturnsZero" computerName="Unbutu-Ai-Chads-PC" duration="00:00:00.0016968" startTime="2025-09-11T15:38:39.6441998-04:00" endTime="2025-09-11T15:38:39.6443525-04:00" testType="13cdc9d9-ddb5-4fa4-a97d-d965ccfc6d4b" outcome="Passed" testListId="8c84fa94-04c1-424b-9868-57a2d4851a1d" relativeResultsDirectory="3670fe23-97b2-4f56-8ded-706af6abefdd" />
    <UnitTestResult executionId="4a630d81-f058-4276-a3bb-eebcb6241757" testId="c05012ef-d0ab-afcf-bc6a-16ea57c9f455" testName="WitchCityRope.Core.Tests.Entities.EventTests.Constructor_StartDateAfterEndDate_ThrowsDomainException" computerName="Unbutu-Ai-Chads-PC" duration="00:00:00.0021226" startTime="2025-09-11T15:38:39.6355644-04:00" endTime="2025-09-11T15:38:39.6358134-04:00" testType="13cdc9d9-ddb5-4fa4-a97d-d965ccfc6d4b" outcome="Passed" testListId="8c84fa94-04c1-424b-9868-57a2d4851a1d" relativeResultsDirectory="4a630d81-f058-4276-a3bb-eebcb6241757" />
    <UnitTestResult executionId="53031cf8-9d8d-43a2-8cc4-7d12587abf7a" testId="184ae763-6928-b09d-3745-32f2f3043958" testName="WitchCityRope.Core.Tests.Entities.UserTests.Constructor_ExactlyMinimumAge_CreatesUser" computerName="Unbutu-Ai-Chads-PC" duration="00:00:00.0002707" startTime="2025-09-11T15:38:39.6405470-04:00" endTime="2025-09-11T15:38:39.6430154-04:00" testType="13cdc9d9-ddb5-4fa4-a97d-d965ccfc6d4b" outcome="Passed" testListId="8c84fa94-04c1-424b-9868-57a2d4851a1d" relativeResultsDirectory="53031cf8-9d8d-43a2-8cc4-7d12587abf7a" />
    <UnitTestResult executionId="0290c64e-36b1-49b3-829b-2436dffd39f8" testId="ef439f9a-370d-abf0-fc41-3f1c34b7e801" testName="WitchCityRope.Core.Tests.ValueObjects.EmailAddressTests.TryCreate_InvalidEmail_ReturnsFalse(invalidEmail: null)" computerName="Unbutu-Ai-Chads-PC" duration="00:00:00.0000066" startTime="2025-09-11T15:38:39.6157355-04:00" endTime="2025-09-11T15:38:39.6158081-04:00" testType="13cdc9d9-ddb5-4fa4-a97d-d965ccfc6d4b" outcome="Passed" testListId="8c84fa94-04c1-424b-9868-57a2d4851a1d" relativeResultsDirectory="0290c64e-36b1-49b3-829b-2436dffd39f8" />
    <UnitTestResult executionId="837a4573-9910-4080-9509-0a69ab79c7e3" testId="a17f7256-4498-6316-6913-96f986b70443" testName="WitchCityRope.Core.Tests.ValueObjects.MoneyTests.Subtract_DifferentCurrency_ThrowsDomainException" computerName="Unbutu-Ai-Chads-PC" duration="00:00:00.0003684" startTime="2025-09-11T15:38:39.6242409-04:00" endTime="2025-09-11T15:38:39.6248323-04:00" testType="13cdc9d9-ddb5-4fa4-a97d-d965ccfc6d4b" outcome="Passed" testListId="8c84fa94-04c1-424b-9868-57a2d4851a1d" relativeResultsDirectory="837a4573-9910-4080-9509-0a69ab79c7e3" />
    <UnitTestResult executionId="29ad29d2-34ae-4092-9d9e-2aab7e8f18e8" testId="7d8e1bdd-5b0a-e86b-4cc6-21776e72712f" testName="WitchCityRope.Core.Tests.ValueObjects.MoneyTests.OperatorMinus_SameCurrency_SubtractsSuccessfully" computerName="Unbutu-Ai-Chads-PC" duration="00:00:00.0001524" startTime="2025-09-11T15:38:39.6283011-04:00" endTime="2025-09-11T15:38:39.6283500-04:00" testType="13cdc9d9-ddb5-4fa4-a97d-d965ccfc6d4b" outcome="Passed" testListId="8c84fa94-04c1-424b-9868-57a2d4851a1d" relativeResultsDirectory="29ad29d2-34ae-4092-9d9e-2aab7e8f18e8" />
    <UnitTestResult executionId="9a588ad3-039c-439b-a035-88c1abf5db81" testId="82f3a02b-31ab-4418-9795-a2a1b8d17627" testName="WitchCityRope.Core.Tests.Entities.EventTests.UpdateDetails_ValidData_UpdatesSuccessfully" computerName="Unbutu-Ai-Chads-PC" duration="00:00:00.0018176" startTime="2025-09-11T15:38:39.6798377-04:00" endTime="2025-09-11T15:38:39.6815780-04:00" testType="13cdc9d9-ddb5-4fa4-a97d-d965ccfc6d4b" outcome="Passed" testListId="8c84fa94-04c1-424b-9868-57a2d4851a1d" relativeResultsDirectory="9a588ad3-039c-439b-a035-88c1abf5db81" />
    <UnitTestResult executionId="fea999de-61ae-4066-b32f-c7777f96c4c5" testId="c774f67f-9417-304b-9fb5-ba0ee243e9da" testName="WitchCityRope.Core.Tests.ValueObjects.SceneNameTests.Create_SingleCharacter_ThrowsDomainException" computerName="Unbutu-Ai-Chads-PC" duration="00:00:00.0253548" startTime="2025-09-11T15:38:39.5362709-04:00" endTime="2025-09-11T15:38:39.6079055-04:00" testType="13cdc9d9-ddb5-4fa4-a97d-d965ccfc6d4b" outcome="Passed" testListId="8c84fa94-04c1-424b-9868-57a2d4851a1d" relativeResultsDirectory="fea999de-61ae-4066-b32f-c7777f96c4c5" />
    <UnitTestResult executionId="20dce8e9-78b8-4e4c-b9c2-4d5472143ec6" testId="50f4f714-e192-57f9-2983-3e5c7146ec8d" testName="WitchCityRope.Core.Tests.Entities.UserTests.GetAge_CalculatesCorrectly" computerName="Unbutu-Ai-Chads-PC" duration="00:00:00.0010630" startTime="2025-09-11T15:38:39.6400415-04:00" endTime="2025-09-11T15:38:39.6403328-04:00" testType="13cdc9d9-ddb5-4fa4-a97d-d965ccfc6d4b" outcome="Passed" testListId="8c84fa94-04c1-424b-9868-57a2d4851a1d" relativeResultsDirectory="20dce8e9-78b8-4e4c-b9c2-4d5472143ec6" />
    <UnitTestResult executionId="1da6f3ed-5a5b-4692-9e6e-5a84c6f262a5" testId="bcf6c661-bdd3-dc3b-8d30-8efd04a896b7" testName="WitchCityRope.Core.Tests.ValueObjects.SceneNameTests.Create_ExactlyMaxLength_CreatesSuccessfully" computerName="Unbutu-Ai-Chads-PC" duration="00:00:00.0001117" startTime="2025-09-11T15:38:39.6205353-04:00" endTime="2025-09-11T15:38:39.6208836-04:00" testType="13cdc9d9-ddb5-4fa4-a97d-d965ccfc6d4b" outcome="Passed" testListId="8c84fa94-04c1-424b-9868-57a2d4851a1d" relativeResultsDirectory="1da6f3ed-5a5b-4692-9e6e-5a84c6f262a5" />
    <UnitTestResult executionId="a1854ec7-5034-472c-a5ec-e2059c3f8f21" testId="4397c8ff-627d-79c6-0248-89b8a15bd75a" testName="WitchCityRope.Core.Tests.ValueObjects.MoneyTests.Multiply_ValidFactor_MultipliesSuccessfully(amount: 10, factor: 2, expected: 20)" computerName="Unbutu-Ai-Chads-PC" duration="00:00:00.0000068" startTime="2025-09-11T15:38:39.6289017-04:00" endTime="2025-09-11T15:38:39.6289454-04:00" testType="13cdc9d9-ddb5-4fa4-a97d-d965ccfc6d4b" outcome="Passed" testListId="8c84fa94-04c1-424b-9868-57a2d4851a1d" relativeResultsDirectory="a1854ec7-5034-472c-a5ec-e2059c3f8f21" />
    <UnitTestResult executionId="97819d57-cb47-48d6-ace4-e352fa455392" testId="0eea5cf3-5217-2650-bfc6-55dedab95adb" testName="WitchCityRope.Core.Tests.ValueObjects.EmailAddressTests.DisplayValue_PreservesOriginalCase(input: &quot;test@example.com&quot;, expected: &quot;test@example.com&quot;)" computerName="Unbutu-Ai-Chads-PC" duration="00:00:00.0000974" startTime="2025-09-11T15:38:39.6132970-04:00" endTime="2025-09-11T15:38:39.6135590-04:00" testType="13cdc9d9-ddb5-4fa4-a97d-d965ccfc6d4b" outcome="Passed" testListId="8c84fa94-04c1-424b-9868-57a2d4851a1d" relativeResultsDirectory="97819d57-cb47-48d6-ace4-e352fa455392" />
    <UnitTestResult executionId="6bd4d9de-9d33-4b40-ba5b-a79901fda74f" testId="e773b851-8c18-36bf-b413-b6eff82ab4e8" testName="WitchCityRope.Core.Tests.Entities.EventTests.UpdateCapacity_LessThanConfirmedRegistrations_ThrowsDomainException" computerName="Unbutu-Ai-Chads-PC" duration="00:00:00.0025780" startTime="2025-09-11T15:38:39.6358961-04:00" endTime="2025-09-11T15:38:39.6368704-04:00" testType="13cdc9d9-ddb5-4fa4-a97d-d965ccfc6d4b" outcome="Passed" testListId="8c84fa94-04c1-424b-9868-57a2d4851a1d" relativeResultsDirectory="6bd4d9de-9d33-4b40-ba5b-a79901fda74f" />
    <UnitTestResult executionId="c0cc4c24-f715-4dec-9b72-f6f6f52cb79a" testId="2838e25d-5b0f-3a89-fae4-3fa22a310c96" testName="WitchCityRope.Core.Tests.Entities.EventTests.PricingTiers_SlidingScale_MaintainsOrder" computerName="Unbutu-Ai-Chads-PC" duration="00:00:00.0076142" startTime="2025-09-11T15:38:39.6662200-04:00" endTime="2025-09-11T15:38:39.6737522-04:00" testType="13cdc9d9-ddb5-4fa4-a97d-d965ccfc6d4b" outcome="Passed" testListId="8c84fa94-04c1-424b-9868-57a2d4851a1d" relativeResultsDirectory="c0cc4c24-f715-4dec-9b72-f6f6f52cb79a" />
    <UnitTestResult executionId="98a33c3e-4ebb-4468-aaca-8436efbfd4a5" testId="ba8d6819-dbe5-0f3d-526a-f7efd7301504" testName="WitchCityRope.Core.Tests.ValueObjects.MoneyTests.Equals_DifferentCurrency_ReturnsFalse" computerName="Unbutu-Ai-Chads-PC" duration="00:00:00.0007843" startTime="2025-09-11T15:38:39.6115126-04:00" endTime="2025-09-11T15:38:39.6120434-04:00" testType="13cdc9d9-ddb5-4fa4-a97d-d965ccfc6d4b" outcome="Passed" testListId="8c84fa94-04c1-424b-9868-57a2d4851a1d" relativeResultsDirectory="98a33c3e-4ebb-4468-aaca-8436efbfd4a5" />
    <UnitTestResult executionId="9b88624a-e109-467a-8bf0-ed5a13cc6320" testId="d455764c-ebf5-92ab-8b89-d7a291338524" testName="WitchCityRope.Core.Tests.ValueObjects.EmailAddressTests.Value_AlwaysLowercase(input: &quot;Test@Example.Com&quot;, expected: &quot;test@example.com&quot;)" computerName="Unbutu-Ai-Chads-PC" duration="00:00:00.0001506" startTime="2025-09-11T15:38:39.6174804-04:00" endTime="2025-09-11T15:38:39.6195664-04:00" testType="13cdc9d9-ddb5-4fa4-a97d-d965ccfc6d4b" outcome="Passed" testListId="8c84fa94-04c1-424b-9868-57a2d4851a1d" relativeResultsDirectory="9b88624a-e109-467a-8bf0-ed5a13cc6320" />
    <UnitTestResult executionId="5c13b505-5f47-434c-a288-9ae81df169a1" testId="2f21a058-e21f-cf4b-831f-a132a3f4eafc" testName="WitchCityRope.Core.Tests.ValueObjects.SceneNameTests.CaseInsensitiveComparison_WorksCorrectly(name1: &quot;Scene Name&quot;, name2: &quot;scene name&quot;)" computerName="Unbutu-Ai-Chads-PC" duration="00:00:00.0000049" startTime="2025-09-11T15:38:39.6141332-04:00" endTime="2025-09-11T15:38:39.6141671-04:00" testType="13cdc9d9-ddb5-4fa4-a97d-d965ccfc6d4b" outcome="Passed" testListId="8c84fa94-04c1-424b-9868-57a2d4851a1d" relativeResultsDirectory="5c13b505-5f47-434c-a288-9ae81df169a1" />
    <UnitTestResult executionId="aedf0e8f-4392-4426-8ed8-58be5756f2ad" testId="4456710a-57c1-169e-c51f-6d26dac4e142" testName="WitchCityRope.Core.Tests.Entities.RegistrationTests.Constructor_ValidData_CreatesRegistration" computerName="Unbutu-Ai-Chads-PC" duration="00:00:00.0029448" startTime="2025-09-11T15:38:39.7724275-04:00" endTime="2025-09-11T15:38:39.7746776-04:00" testType="13cdc9d9-ddb5-4fa4-a97d-d965ccfc6d4b" outcome="Passed" testListId="8c84fa94-04c1-424b-9868-57a2d4851a1d" relativeResultsDirectory="aedf0e8f-4392-4426-8ed8-58be5756f2ad" />
    <UnitTestResult executionId="a12a2fee-4b40-4fa6-847a-7b3ab9f3925f" testId="21d49e36-092f-4776-cb8b-30332ca4fe90" testName="WitchCityRope.Core.Tests.Entities.RegistrationTests.Constructor_EventAtCapacity_ThrowsDomainException" computerName="Unbutu-Ai-Chads-PC" duration="00:00:00.0010000" startTime="2025-09-11T15:38:39.7408073-04:00" endTime="2025-09-11T15:38:39.7410928-04:00" testType="13cdc9d9-ddb5-4fa4-a97d-d965ccfc6d4b" outcome="NotExecuted" testListId="8c84fa94-04c1-424b-9868-57a2d4851a1d" relativeResultsDirectory="a12a2fee-4b40-4fa6-847a-7b3ab9f3925f">
      <Output>
        <ErrorInfo>
          <Message>Need to implement a way to simulate full event with existing registrations</Message>
        </ErrorInfo>
      </Output>
    </UnitTestResult>
    <UnitTestResult executionId="b1486b71-7a3e-4560-b317-e389df3aab83" testId="38d6e065-1a55-e71e-b81e-ae9ea067e84e" testName="WitchCityRope.Core.Tests.ValueObjects.MoneyTests.Create_ValidAmount_CreatesSuccessfully(amount: 9999.99)" computerName="Unbutu-Ai-Chads-PC" duration="00:00:00.0000058" startTime="2025-09-11T15:38:39.6176859-04:00" endTime="2025-09-11T15:38:39.6177204-04:00" testType="13cdc9d9-ddb5-4fa4-a97d-d965ccfc6d4b" outcome="Passed" testListId="8c84fa94-04c1-424b-9868-57a2d4851a1d" relativeResultsDirectory="b1486b71-7a3e-4560-b317-e389df3aab83" />
    <UnitTestResult executionId="bf5625b4-f12e-450e-87e1-356e815207d7" testId="c51fba78-91c0-4bc8-f4af-0e9c6411e3e9" testName="WitchCityRope.Core.Tests.ValueObjects.SceneNameTests.Create_ValidSceneName_CreatesSuccessfully(name: &quot;Very Long Scene Name That Is Still Valid&quot;)" computerName="Unbutu-Ai-Chads-PC" duration="00:00:00.0000931" startTime="2025-09-11T15:38:39.6155756-04:00" endTime="2025-09-11T15:38:39.6156713-04:00" testType="13cdc9d9-ddb5-4fa4-a97d-d965ccfc6d4b" outcome="Passed" testListId="8c84fa94-04c1-424b-9868-57a2d4851a1d" relativeResultsDirectory="bf5625b4-f12e-450e-87e1-356e815207d7" />
    <UnitTestResult executionId="b14125e7-e049-47ab-a8ce-99f9793792d0" testId="e52cb23e-8dbf-be48-4879-01d3bf5f878c" testName="WitchCityRope.Core.Tests.ValueObjects.EmailAddressTests.Create_ValidEmail_CreatesSuccessfully(email: &quot;test@example.com&quot;)" computerName="Unbutu-Ai-Chads-PC" duration="00:00:00.0000120" startTime="2025-09-11T15:38:39.5701007-04:00" endTime="2025-09-11T15:38:39.5701626-04:00" testType="13cdc9d9-ddb5-4fa4-a97d-d965ccfc6d4b" outcome="Passed" testListId="8c84fa94-04c1-424b-9868-57a2d4851a1d" relativeResultsDirectory="b14125e7-e049-47ab-a8ce-99f9793792d0" />
    <UnitTestResult executionId="6fc27caa-a4d5-43ae-ae87-5dd8c9549833" testId="d5159d6d-2952-3694-1eec-00946e14957e" testName="WitchCityRope.Core.Tests.ValueObjects.SceneNameTests.ImplicitStringConversion_ReturnsValue" computerName="Unbutu-Ai-Chads-PC" duration="00:00:00.0001210" startTime="2025-09-11T15:38:39.6223885-04:00" endTime="2025-09-11T15:38:39.6228963-04:00" testType="13cdc9d9-ddb5-4fa4-a97d-d965ccfc6d4b" outcome="Passed" testListId="8c84fa94-04c1-424b-9868-57a2d4851a1d" relativeResultsDirectory="6fc27caa-a4d5-43ae-ae87-5dd8c9549833" />
    <UnitTestResult executionId="c610b22a-dd2b-4094-896c-211854380fa1" testId="9028b45d-2cc9-07bd-c10e-d070f0a1ff95" testName="WitchCityRope.Core.Tests.ValueObjects.MoneyTests.Add_DifferentCurrency_ThrowsDomainException" computerName="Unbutu-Ai-Chads-PC" duration="00:00:00.0074565" startTime="2025-09-11T15:38:39.6342455-04:00" endTime="2025-09-11T15:38:39.6342791-04:00" testType="13cdc9d9-ddb5-4fa4-a97d-d965ccfc6d4b" outcome="Passed" testListId="8c84fa94-04c1-424b-9868-57a2d4851a1d" relativeResultsDirectory="c610b22a-dd2b-4094-896c-211854380fa1" />
    <UnitTestResult executionId="4c2ccb76-b13a-4c74-8bad-d63ea3753c8d" testId="5527d0db-ca8b-e7da-08c4-922b907c4840" testName="WitchCityRope.Core.Tests.Entities.UserTests.Registrations_NewUser_ReturnsEmptyCollection" computerName="Unbutu-Ai-Chads-PC" duration="00:00:00.0114348" startTime="2025-09-11T15:38:39.6367393-04:00" endTime="2025-09-11T15:38:39.6371052-04:00" testType="13cdc9d9-ddb5-4fa4-a97d-d965ccfc6d4b" outcome="Passed" testListId="8c84fa94-04c1-424b-9868-57a2d4851a1d" relativeResultsDirectory="4c2ccb76-b13a-4c74-8bad-d63ea3753c8d" />
    <UnitTestResult executionId="d810c18d-5875-4a3b-9579-07d4d48e5386" testId="0879fc39-5bc5-a25c-cfc2-e0638ee2992f" testName="WitchCityRope.Core.Tests.Entities.EventTests.Publish_UnpublishedEvent_PublishesSuccessfully" computerName="Unbutu-Ai-Chads-PC" duration="00:00:00.0018854" startTime="2025-09-11T15:38:39.6401869-04:00" endTime="2025-09-11T15:38:39.6405817-04:00" testType="13cdc9d9-ddb5-4fa4-a97d-d965ccfc6d4b" outcome="Passed" testListId="8c84fa94-04c1-424b-9868-57a2d4851a1d" relativeResultsDirectory="d810c18d-5875-4a3b-9579-07d4d48e5386" />
    <UnitTestResult executionId="e7f55c0b-f064-4c9c-9f03-decd193e4a36" testId="57828f1b-953d-89a2-bee2-b021bb8b5c17" testName="WitchCityRope.Core.Tests.ValueObjects.EmailAddressTests.Equals_DifferentEmails_ReturnsFalse" computerName="Unbutu-Ai-Chads-PC" duration="00:00:00.0003614" startTime="2025-09-11T15:38:39.6199520-04:00" endTime="2025-09-11T15:38:39.6211164-04:00" testType="13cdc9d9-ddb5-4fa4-a97d-d965ccfc6d4b" outcome="Passed" testListId="8c84fa94-04c1-424b-9868-57a2d4851a1d" relativeResultsDirectory="e7f55c0b-f064-4c9c-9f03-decd193e4a36" />
    <UnitTestResult executionId="045d6f49-229a-44a4-b75f-501865dbbd96" testId="b3adae82-3060-af8b-8907-f3afdf3e3905" testName="WitchCityRope.Core.Tests.Entities.RegistrationTests.StatusTransitions_VariousScenarios_BehavesCorrectly(initialStatus: Pending, targetStatus: Cancelled, shouldSucceed: True)" computerName="Unbutu-Ai-Chads-PC" duration="00:00:00.0030124" startTime="2025-09-11T15:38:39.6353246-04:00" endTime="2025-09-11T15:38:39.6357287-04:00" testType="13cdc9d9-ddb5-4fa4-a97d-d965ccfc6d4b" outcome="Passed" testListId="8c84fa94-04c1-424b-9868-57a2d4851a1d" relativeResultsDirectory="045d6f49-229a-44a4-b75f-501865dbbd96" />
    <UnitTestResult executionId="4895130a-b97f-4118-943c-bd6b9aafa12b" testId="e206ec60-ba6a-86c3-283a-743b9d2de541" testName="WitchCityRope.Core.Tests.ValueObjects.SceneNameTests.Create_ValidSceneName_CreatesSuccessfully(name: &quot;Scene-Name&quot;)" computerName="Unbutu-Ai-Chads-PC" duration="00:00:00.0000037" startTime="2025-09-11T15:38:39.6165269-04:00" endTime="2025-09-11T15:38:39.6166353-04:00" testType="13cdc9d9-ddb5-4fa4-a97d-d965ccfc6d4b" outcome="Passed" testListId="8c84fa94-04c1-424b-9868-57a2d4851a1d" relativeResultsDirectory="4895130a-b97f-4118-943c-bd6b9aafa12b" />
    <UnitTestResult executionId="d7a93d69-0911-4ba9-8a13-69eb61df4890" testId="dafcd462-6d8d-7546-db79-401cb1f8ea54" testName="WitchCityRope.Core.Tests.ValueObjects.MoneyTests.Multiply_ValidFactor_MultipliesSuccessfully(amount: 100, factor: 0, expected: 0)" computerName="Unbutu-Ai-Chads-PC" duration="00:00:00.0001566" startTime="2025-09-11T15:38:39.6287694-04:00" endTime="2025-09-11T15:38:39.6288150-04:00" testType="13cdc9d9-ddb5-4fa4-a97d-d965ccfc6d4b" outcome="Passed" testListId="8c84fa94-04c1-424b-9868-57a2d4851a1d" relativeResultsDirectory="d7a93d69-0911-4ba9-8a13-69eb61df4890" />
    <UnitTestResult executionId="c22bcba3-f8f6-4df5-be2e-37263d2d203e" testId="64686666-a5d9-6b6e-00f3-a4a97c5c4745" testName="WitchCityRope.Core.Tests.Entities.UserTests.PromoteToRole_VariousScenarios_BehavesCorrectly(currentRole: Organizer, newRole: Moderator, shouldSucceed: True)" computerName="Unbutu-Ai-Chads-PC" duration="00:00:00.0345897" startTime="2025-09-11T15:38:39.5362901-04:00" endTime="2025-09-11T15:38:39.6321125-04:00" testType="13cdc9d9-ddb5-4fa4-a97d-d965ccfc6d4b" outcome="Passed" testListId="8c84fa94-04c1-424b-9868-57a2d4851a1d" relativeResultsDirectory="c22bcba3-f8f6-4df5-be2e-37263d2d203e" />
    <UnitTestResult executionId="cfbf3b2b-6b8e-4bd9-92ba-ea236376977b" testId="d81728c7-49e8-e89f-b6c0-b279756a6680" testName="WitchCityRope.Core.Tests.ValueObjects.SceneNameTests.Create_ValidSceneName_CreatesSuccessfully(name: &quot;SceneName&quot;)" computerName="Unbutu-Ai-Chads-PC" duration="00:00:00.0000044" startTime="2025-09-11T15:38:39.6168814-04:00" endTime="2025-09-11T15:38:39.6169141-04:00" testType="13cdc9d9-ddb5-4fa4-a97d-d965ccfc6d4b" outcome="Passed" testListId="8c84fa94-04c1-424b-9868-57a2d4851a1d" relativeResultsDirectory="cfbf3b2b-6b8e-4bd9-92ba-ea236376977b" />
    <UnitTestResult executionId="249c953a-78eb-4228-87ac-c5002b4b1047" testId="85f2852e-58e5-6345-60a2-fbf11f9a2020" testName="WitchCityRope.Core.Tests.ValueObjects.EmailAddressTests.TryCreate_InvalidEmail_ReturnsFalse(invalidEmail: &quot;notanemail&quot;)" computerName="Unbutu-Ai-Chads-PC" duration="00:00:00.0005114" startTime="2025-09-11T15:38:39.6146021-04:00" endTime="2025-09-11T15:38:39.6153541-04:00" testType="13cdc9d9-ddb5-4fa4-a97d-d965ccfc6d4b" outcome="Passed" testListId="8c84fa94-04c1-424b-9868-57a2d4851a1d" relativeResultsDirectory="249c953a-78eb-4228-87ac-c5002b4b1047" />
    <UnitTestResult executionId="13b6e4af-5f7f-4067-9702-1a5929801dd3" testId="9f763760-2f4c-fefb-9a56-8f2602c55157" testName="WitchCityRope.Core.Tests.Entities.EventTests.UpdateDates_ValidFutureDates_UpdatesSuccessfully" computerName="Unbutu-Ai-Chads-PC" duration="00:00:00.0107492" startTime="2025-09-11T15:38:39.6369540-04:00" endTime="2025-09-11T15:38:39.6369882-04:00" testType="13cdc9d9-ddb5-4fa4-a97d-d965ccfc6d4b" outcome="Passed" testListId="8c84fa94-04c1-424b-9868-57a2d4851a1d" relativeResultsDirectory="13b6e4af-5f7f-4067-9702-1a5929801dd3" />
    <UnitTestResult executionId="3a718060-8344-4326-81e4-549705f29db3" testId="0ff1a7b2-6bb9-42a4-2271-8b9a55b04a36" testName="WitchCityRope.Core.Tests.ValueObjects.EmailAddressTests.Create_ValidEmail_CreatesSuccessfully(email: &quot;user.name@example.com&quot;)" computerName="Unbutu-Ai-Chads-PC" duration="00:00:00.0208315" startTime="2025-09-11T15:38:39.5362260-04:00" endTime="2025-09-11T15:38:39.5613490-04:00" testType="13cdc9d9-ddb5-4fa4-a97d-d965ccfc6d4b" outcome="Passed" testListId="8c84fa94-04c1-424b-9868-57a2d4851a1d" relativeResultsDirectory="3a718060-8344-4326-81e4-549705f29db3" />
    <UnitTestResult executionId="d7f489dc-eeec-44a1-a208-dc0f6378a143" testId="0e057b10-bf68-692c-a35c-76f267f90467" testName="WitchCityRope.Core.Tests.ValueObjects.MoneyTests.Create_ValidCurrency_CreatesSuccessfully(currency: &quot;GBP&quot;)" computerName="Unbutu-Ai-Chads-PC" duration="00:00:00.0000851" startTime="2025-09-11T15:38:39.6178965-04:00" endTime="2025-09-11T15:38:39.6197018-04:00" testType="13cdc9d9-ddb5-4fa4-a97d-d965ccfc6d4b" outcome="Passed" testListId="8c84fa94-04c1-424b-9868-57a2d4851a1d" relativeResultsDirectory="d7f489dc-eeec-44a1-a208-dc0f6378a143" />
    <UnitTestResult executionId="13410a19-7334-4f2a-a52a-58f90ccfe760" testId="2afd6f8f-09b7-0e10-bd97-8673e46b5e39" testName="WitchCityRope.Core.Tests.ValueObjects.SceneNameTests.Equals_SameNameDifferentCase_ReturnsTrue" computerName="Unbutu-Ai-Chads-PC" duration="00:00:00.0000875" startTime="2025-09-11T15:38:39.6218221-04:00" endTime="2025-09-11T15:38:39.6218561-04:00" testType="13cdc9d9-ddb5-4fa4-a97d-d965ccfc6d4b" outcome="Passed" testListId="8c84fa94-04c1-424b-9868-57a2d4851a1d" relativeResultsDirectory="13410a19-7334-4f2a-a52a-58f90ccfe760" />
    <UnitTestResult executionId="86f2a924-01e9-4f82-870d-f8ef8a5fefef" testId="56521df1-5782-2595-2caa-652e0c9a7393" testName="WitchCityRope.Core.Tests.Entities.EventTests.AddOrganizer_NullOrganizer_ThrowsArgumentNullException" computerName="Unbutu-Ai-Chads-PC" duration="00:00:00.0020467" startTime="2025-09-11T15:38:39.6394209-04:00" endTime="2025-09-11T15:38:39.6400800-04:00" testType="13cdc9d9-ddb5-4fa4-a97d-d965ccfc6d4b" outcome="Passed" testListId="8c84fa94-04c1-424b-9868-57a2d4851a1d" relativeResultsDirectory="86f2a924-01e9-4f82-870d-f8ef8a5fefef" />
    <UnitTestResult executionId="a16cf7f1-cc7c-463c-8b49-e38016eeb21f" testId="acd44a8e-dfd9-4e90-4d13-3e6feed5eeb0" testName="WitchCityRope.Core.Tests.ValueObjects.SceneNameTests.Create_EmptyOrNull_ThrowsArgumentException(name: &quot;&quot;)" computerName="Unbutu-Ai-Chads-PC" duration="00:00:00.0004287" startTime="2025-09-11T15:38:39.6117753-04:00" endTime="2025-09-11T15:38:39.6119410-04:00" testType="13cdc9d9-ddb5-4fa4-a97d-d965ccfc6d4b" outcome="Passed" testListId="8c84fa94-04c1-424b-9868-57a2d4851a1d" relativeResultsDirectory="a16cf7f1-cc7c-463c-8b49-e38016eeb21f" />
    <UnitTestResult executionId="aa8fe9d5-3db5-4309-9ff7-d39b4a7dc392" testId="05cc17c1-28ea-dce3-3c35-bd28b793225a" testName="WitchCityRope.Core.Tests.Entities.EventTests.UpdateCapacity_IncreaseCapacity_UpdatesSuccessfully" computerName="Unbutu-Ai-Chads-PC" duration="00:00:00.0016333" startTime="2025-09-11T15:38:39.6886908-04:00" endTime="2025-09-11T15:38:39.6897353-04:00" testType="13cdc9d9-ddb5-4fa4-a97d-d965ccfc6d4b" outcome="Passed" testListId="8c84fa94-04c1-424b-9868-57a2d4851a1d" relativeResultsDirectory="aa8fe9d5-3db5-4309-9ff7-d39b4a7dc392" />
    <UnitTestResult executionId="d5dabf11-ffa8-4323-83bd-fd1ef6ecf084" testId="db13cb67-4291-79eb-080b-59693ae602e4" testName="WitchCityRope.Core.Tests.Entities.EventTests.AddOrganizer_NewOrganizer_AddsSuccessfully" computerName="Unbutu-Ai-Chads-PC" duration="00:00:00.0492333" startTime="2025-09-11T15:38:39.5362501-04:00" endTime="2025-09-11T15:38:39.6354762-04:00" testType="13cdc9d9-ddb5-4fa4-a97d-d965ccfc6d4b" outcome="Passed" testListId="8c84fa94-04c1-424b-9868-57a2d4851a1d" relativeResultsDirectory="d5dabf11-ffa8-4323-83bd-fd1ef6ecf084" />
    <UnitTestResult executionId="d4ef8eae-4983-4ae1-9a2b-ed77baf04ffa" testId="579f4e01-958b-4fd8-6be0-77bb51850a72" testName="WitchCityRope.Core.Tests.Entities.RegistrationTests.StatusTransitions_VariousScenarios_BehavesCorrectly(initialStatus: Pending, targetStatus: Confirmed, shouldSucceed: True)" computerName="Unbutu-Ai-Chads-PC" duration="00:00:00.0027565" startTime="2025-09-11T15:38:39.6376890-04:00" endTime="2025-09-11T15:38:39.6380537-04:00" testType="13cdc9d9-ddb5-4fa4-a97d-d965ccfc6d4b" outcome="Passed" testListId="8c84fa94-04c1-424b-9868-57a2d4851a1d" relativeResultsDirectory="d4ef8eae-4983-4ae1-9a2b-ed77baf04ffa" />
    <UnitTestResult executionId="d275e2a7-7a4e-4283-a84a-fbdb0442dba4" testId="b7ca36a5-b386-7d2d-22ea-8eeb210acc8b" testName="WitchCityRope.Core.Tests.ValueObjects.MoneyTests.OperatorPlus_SameCurrency_AddsSuccessfully" computerName="Unbutu-Ai-Chads-PC" duration="00:00:00.0007743" startTime="2025-09-11T15:38:39.6121351-04:00" endTime="2025-09-11T15:38:39.6130875-04:00" testType="13cdc9d9-ddb5-4fa4-a97d-d965ccfc6d4b" outcome="Passed" testListId="8c84fa94-04c1-424b-9868-57a2d4851a1d" relativeResultsDirectory="d275e2a7-7a4e-4283-a84a-fbdb0442dba4" />
    <UnitTestResult executionId="ad49f29a-c76c-4445-a8f4-c0ff10e01e6f" testId="e0e2ea60-cab1-78b6-670e-13c80cc25fc2" testName="WitchCityRope.Core.Tests.ValueObjects.MoneyTests.Zero_SpecificCurrency_CreatesZeroWithCurrency" computerName="Unbutu-Ai-Chads-PC" duration="00:00:00.0001412" startTime="2025-09-11T15:38:39.6135240-04:00" endTime="2025-09-11T15:38:39.6142874-04:00" testType="13cdc9d9-ddb5-4fa4-a97d-d965ccfc6d4b" outcome="Passed" testListId="8c84fa94-04c1-424b-9868-57a2d4851a1d" relativeResultsDirectory="ad49f29a-c76c-4445-a8f4-c0ff10e01e6f" />
    <UnitTestResult executionId="7e0139d9-9487-463e-a56a-7d713ac575fd" testId="9be31e2b-f3e8-8c08-dd98-d5e45bfef077" testName="WitchCityRope.Core.Tests.Entities.UserTests.Constructor_ValidData_CreatesUser" computerName="Unbutu-Ai-Chads-PC" duration="00:00:00.0016201" startTime="2025-09-11T15:38:39.6356843-04:00" endTime="2025-09-11T15:38:39.6359296-04:00" testType="13cdc9d9-ddb5-4fa4-a97d-d965ccfc6d4b" outcome="Passed" testListId="8c84fa94-04c1-424b-9868-57a2d4851a1d" relativeResultsDirectory="7e0139d9-9487-463e-a56a-7d713ac575fd" />
    <UnitTestResult executionId="bf0c3dcd-bf9c-4eb4-ba26-afc0b966699a" testId="13e9326e-8fe8-43a8-c4a7-f5d4fe61d313" testName="WitchCityRope.Core.Tests.Entities.EventTests.Constructor_VariousCapacities_CreatesSuccessfully(capacity: 1)" computerName="Unbutu-Ai-Chads-PC" duration="00:00:00.0046039" startTime="2025-09-11T15:38:39.6387195-04:00" endTime="2025-09-11T15:38:39.6391272-04:00" testType="13cdc9d9-ddb5-4fa4-a97d-d965ccfc6d4b" outcome="Passed" testListId="8c84fa94-04c1-424b-9868-57a2d4851a1d" relativeResultsDirectory="bf0c3dcd-bf9c-4eb4-ba26-afc0b966699a" />
    <UnitTestResult executionId="f30b596f-0efc-4ca6-8210-c0a8cf11c23b" testId="f49f87f3-be84-5956-2e64-b7741ecf4d50" testName="WitchCityRope.Core.Tests.Entities.RegistrationTests.CheckIn_BeforeEventStart_ThrowsDomainException" computerName="Unbutu-Ai-Chads-PC" duration="00:00:00.0110440" startTime="2025-09-11T15:38:39.7867341-04:00" endTime="2025-09-11T15:38:39.7976805-04:00" testType="13cdc9d9-ddb5-4fa4-a97d-d965ccfc6d4b" outcome="Passed" testListId="8c84fa94-04c1-424b-9868-57a2d4851a1d" relativeResultsDirectory="f30b596f-0efc-4ca6-8210-c0a8cf11c23b" />
    <UnitTestResult executionId="914eea28-4854-4644-9db8-517908376168" testId="7c2a786c-da36-777a-ce30-9a8d7d9f71b5" testName="WitchCityRope.Core.Tests.Entities.RegistrationTests.Cancel_AlreadyCancelled_ThrowsDomainException" computerName="Unbutu-Ai-Chads-PC" duration="00:00:00.0056819" startTime="2025-09-11T15:38:39.8084144-04:00" endTime="2025-09-11T15:38:39.8139630-04:00" testType="13cdc9d9-ddb5-4fa4-a97d-d965ccfc6d4b" outcome="Passed" testListId="8c84fa94-04c1-424b-9868-57a2d4851a1d" relativeResultsDirectory="914eea28-4854-4644-9db8-517908376168" />
    <UnitTestResult executionId="ab832754-bd48-4337-afa3-89b69a2eb7f2" testId="76502293-5fdb-4247-1645-eaa6b94012dc" testName="WitchCityRope.Core.Tests.Entities.RegistrationTests.Constructor_NullEvent_ThrowsArgumentNullException" computerName="Unbutu-Ai-Chads-PC" duration="00:00:00.0026638" startTime="2025-09-11T15:38:39.7628531-04:00" endTime="2025-09-11T15:38:39.7654414-04:00" testType="13cdc9d9-ddb5-4fa4-a97d-d965ccfc6d4b" outcome="Passed" testListId="8c84fa94-04c1-424b-9868-57a2d4851a1d" relativeResultsDirectory="ab832754-bd48-4337-afa3-89b69a2eb7f2" />
    <UnitTestResult executionId="a7c594de-8c9d-4817-9501-d1e410f12bb0" testId="8122439b-37fb-4922-97ba-e403cc364eed" testName="WitchCityRope.Core.Tests.ValueObjects.EmailAddressTests.Create_ValidEmail_CreatesSuccessfully(email: &quot;test123@subdomain.example.com&quot;)" computerName="Unbutu-Ai-Chads-PC" duration="00:00:00.0004011" startTime="2025-09-11T15:38:39.6070381-04:00" endTime="2025-09-11T15:38:39.6071001-04:00" testType="13cdc9d9-ddb5-4fa4-a97d-d965ccfc6d4b" outcome="Passed" testListId="8c84fa94-04c1-424b-9868-57a2d4851a1d" relativeResultsDirectory="a7c594de-8c9d-4817-9501-d1e410f12bb0" />
    <UnitTestResult executionId="8bc4e30e-7789-44a1-82e7-85d25d9bbe2d" testId="f0599150-0368-a690-445e-232b5fbc9674" testName="WitchCityRope.Core.Tests.Entities.EventTests.Constructor_NegativePricingTier_ThrowsDomainException" computerName="Unbutu-Ai-Chads-PC" duration="00:00:00.0002798" startTime="2025-09-11T15:38:39.6878660-04:00" endTime="2025-09-11T15:38:39.6880698-04:00" testType="13cdc9d9-ddb5-4fa4-a97d-d965ccfc6d4b" outcome="Passed" testListId="8c84fa94-04c1-424b-9868-57a2d4851a1d" relativeResultsDirectory="8bc4e30e-7789-44a1-82e7-85d25d9bbe2d" />
    <UnitTestResult executionId="f3e8c41b-582c-43d4-8bae-7b5b3bec7095" testId="68159470-54bd-6fc2-a6df-cfd6e298d6cb" testName="WitchCityRope.Core.Tests.Entities.RegistrationTests.Cancel_PendingRegistration_CancelsSuccessfully" computerName="Unbutu-Ai-Chads-PC" duration="00:00:00.0062189" startTime="2025-09-11T15:38:39.7655559-04:00" endTime="2025-09-11T15:38:39.7717211-04:00" testType="13cdc9d9-ddb5-4fa4-a97d-d965ccfc6d4b" outcome="Passed" testListId="8c84fa94-04c1-424b-9868-57a2d4851a1d" relativeResultsDirectory="f3e8c41b-582c-43d4-8bae-7b5b3bec7095" />
    <UnitTestResult executionId="20fdc0e2-b799-4e77-91f7-6c8e465504fd" testId="40c5fe37-8eee-b570-c8e5-584c9555dd5b" testName="WitchCityRope.Core.Tests.ValueObjects.EmailAddressTests.ToString_ReturnsDisplayValue" computerName="Unbutu-Ai-Chads-PC" duration="00:00:00.0001000" startTime="2025-09-11T15:38:39.6256569-04:00" endTime="2025-09-11T15:38:39.6262552-04:00" testType="13cdc9d9-ddb5-4fa4-a97d-d965ccfc6d4b" outcome="Passed" testListId="8c84fa94-04c1-424b-9868-57a2d4851a1d" relativeResultsDirectory="20fdc0e2-b799-4e77-91f7-6c8e465504fd" />
    <UnitTestResult executionId="6e0b3ad4-2092-47ce-aef2-75f8f6ffb459" testId="6e472b23-c7af-c847-8f3d-5f6c902a0623" testName="WitchCityRope.Core.Tests.ValueObjects.SceneNameTests.Create_ValidSceneName_CreatesSuccessfully(name: &quot;Scene Name&quot;)" computerName="Unbutu-Ai-Chads-PC" duration="00:00:00.0000041" startTime="2025-09-11T15:38:39.6163104-04:00" endTime="2025-09-11T15:38:39.6164321-04:00" testType="13cdc9d9-ddb5-4fa4-a97d-d965ccfc6d4b" outcome="Passed" testListId="8c84fa94-04c1-424b-9868-57a2d4851a1d" relativeResultsDirectory="6e0b3ad4-2092-47ce-aef2-75f8f6ffb459" />
    <UnitTestResult executionId="c03c954b-72ce-4ba3-ba13-3506623f7bf4" testId="83f6ab29-21e5-3ac7-386b-8fc4ab977c78" testName="WitchCityRope.Core.Tests.ValueObjects.MoneyTests.GetHashCode_SameValues_ReturnsSameHash" computerName="Unbutu-Ai-Chads-PC" duration="00:00:00.0002579" startTime="2025-09-11T15:38:39.6331694-04:00" endTime="2025-09-11T15:38:39.6332100-04:00" testType="13cdc9d9-ddb5-4fa4-a97d-d965ccfc6d4b" outcome="Passed" testListId="8c84fa94-04c1-424b-9868-57a2d4851a1d" relativeResultsDirectory="c03c954b-72ce-4ba3-ba13-3506623f7bf4" />
    <UnitTestResult executionId="5c9fcc0f-73f0-44a2-a3df-394fb954d941" testId="e89f905b-b16f-0fd9-64cf-2a0e1a553eeb" testName="WitchCityRope.Core.Tests.Entities.RegistrationTests.Cancel_WithinRefundWindow_InitiatesRefund" computerName="Unbutu-Ai-Chads-PC" duration="00:00:00.0192112" startTime="2025-09-11T15:38:39.6403084-04:00" endTime="2025-09-11T15:38:39.6440095-04:00" testType="13cdc9d9-ddb5-4fa4-a97d-d965ccfc6d4b" outcome="Passed" testListId="8c84fa94-04c1-424b-9868-57a2d4851a1d" relativeResultsDirectory="5c9fcc0f-73f0-44a2-a3df-394fb954d941" />
    <UnitTestResult executionId="5cd91d10-73fa-4544-95d1-5a480d1001d9" testId="aa176635-c157-d6ec-5a41-2b2da25c3c08" testName="WitchCityRope.Core.Tests.Entities.EventTests.Constructor_VariousCapacities_CreatesSuccessfully(capacity: 1000)" computerName="Unbutu-Ai-Chads-PC" duration="00:00:00.0017063" startTime="2025-09-11T15:38:39.6391884-04:00" endTime="2025-09-11T15:38:39.6393378-04:00" testType="13cdc9d9-ddb5-4fa4-a97d-d965ccfc6d4b" outcome="Passed" testListId="8c84fa94-04c1-424b-9868-57a2d4851a1d" relativeResultsDirectory="5cd91d10-73fa-4544-95d1-5a480d1001d9" />
    <UnitTestResult executionId="7f2585b5-6f42-4146-980e-cff62761eab2" testId="bf813ab1-328d-8105-78c5-bea3e40472ac" testName="WitchCityRope.Core.Tests.Entities.EventTests.Constructor_ZeroCapacity_ThrowsDomainException" computerName="Unbutu-Ai-Chads-PC" duration="00:00:00.0026252" startTime="2025-09-11T15:38:39.6817114-04:00" endTime="2025-09-11T15:38:39.6842613-04:00" testType="13cdc9d9-ddb5-4fa4-a97d-d965ccfc6d4b" outcome="Passed" testListId="8c84fa94-04c1-424b-9868-57a2d4851a1d" relativeResultsDirectory="7f2585b5-6f42-4146-980e-cff62761eab2" />
    <UnitTestResult executionId="9483e7b6-0902-4ee2-95df-870bf5a9bb57" testId="2a16daf1-9828-ac46-13aa-565928c9b938" testName="WitchCityRope.Core.Tests.Entities.RegistrationTests.IsEligibleForRefund_VariousTimings_ReturnsCorrectResult(hoursBeforeEvent: 47.899999999999999, expectedEligible: False)" computerName="Unbutu-Ai-Chads-PC" duration="00:00:00.0069759" startTime="2025-09-11T15:38:39.6646354-04:00" endTime="2025-09-11T15:38:39.6715663-04:00" testType="13cdc9d9-ddb5-4fa4-a97d-d965ccfc6d4b" outcome="Passed" testListId="8c84fa94-04c1-424b-9868-57a2d4851a1d" relativeResultsDirectory="9483e7b6-0902-4ee2-95df-870bf5a9bb57" />
    <UnitTestResult executionId="6b7b136d-473a-4b79-ae92-32636bfaea10" testId="36ce1916-f738-bf06-e525-9bcb167b94be" testName="WitchCityRope.Core.Tests.ValueObjects.MoneyTests.Create_NumericCurrency_ThrowsDomainException" computerName="Unbutu-Ai-Chads-PC" duration="00:00:00.0003852" startTime="2025-09-11T15:38:39.6235561-04:00" endTime="2025-09-11T15:38:39.6241559-04:00" testType="13cdc9d9-ddb5-4fa4-a97d-d965ccfc6d4b" outcome="Passed" testListId="8c84fa94-04c1-424b-9868-57a2d4851a1d" relativeResultsDirectory="6b7b136d-473a-4b79-ae92-32636bfaea10" />
    <UnitTestResult executionId="3d0405f4-6792-4f07-89ba-6cf98a20ece2" testId="ccbf7e0d-7b7a-a8f1-7983-3f248694b75c" testName="WitchCityRope.Core.Tests.ValueObjects.MoneyTests.Create_ValidAmount_CreatesSuccessfully(amount: 100)" computerName="Unbutu-Ai-Chads-PC" duration="00:00:00.0001661" startTime="2025-09-11T15:38:39.6166100-04:00" endTime="2025-09-11T15:38:39.6175212-04:00" testType="13cdc9d9-ddb5-4fa4-a97d-d965ccfc6d4b" outcome="Passed" testListId="8c84fa94-04c1-424b-9868-57a2d4851a1d" relativeResultsDirectory="3d0405f4-6792-4f07-89ba-6cf98a20ece2" />
    <UnitTestResult executionId="afb0cb46-b3e3-4081-910e-b5abf07f8784" testId="b0987aca-f375-7579-f115-4e980fac2fe4" testName="WitchCityRope.Core.Tests.ValueObjects.EmailAddressTests.GetLocalPart_ValidEmail_ReturnsLocalPart" computerName="Unbutu-Ai-Chads-PC" duration="00:00:00.0001410" startTime="2025-09-11T15:38:39.6263811-04:00" endTime="2025-09-11T15:38:39.6266024-04:00" testType="13cdc9d9-ddb5-4fa4-a97d-d965ccfc6d4b" outcome="Passed" testListId="8c84fa94-04c1-424b-9868-57a2d4851a1d" relativeResultsDirectory="afb0cb46-b3e3-4081-910e-b5abf07f8784" />
    <UnitTestResult executionId="560f2c33-1376-4acc-b69d-baf21fdd5c59" testId="60d19a79-2c4a-6e5e-4d71-9a95960b7cd1" testName="WitchCityRope.Core.Tests.ValueObjects.MoneyTests.Subtract_InsufficientFunds_ThrowsDomainException" computerName="Unbutu-Ai-Chads-PC" duration="00:00:00.0005050" startTime="2025-09-11T15:38:39.6230538-04:00" endTime="2025-09-11T15:38:39.6234727-04:00" testType="13cdc9d9-ddb5-4fa4-a97d-d965ccfc6d4b" outcome="Passed" testListId="8c84fa94-04c1-424b-9868-57a2d4851a1d" relativeResultsDirectory="560f2c33-1376-4acc-b69d-baf21fdd5c59" />
    <UnitTestResult executionId="0bae2a35-9349-49f5-8444-e0dac8421e11" testId="6ddccc30-c396-7d9f-3818-e26a56602056" testName="WitchCityRope.Core.Tests.ValueObjects.MoneyTests.Multiply_NegativeFactor_ThrowsDomainException" computerName="Unbutu-Ai-Chads-PC" duration="00:00:00.0004344" startTime="2025-09-11T15:38:39.6334261-04:00" endTime="2025-09-11T15:38:39.6335801-04:00" testType="13cdc9d9-ddb5-4fa4-a97d-d965ccfc6d4b" outcome="Passed" testListId="8c84fa94-04c1-424b-9868-57a2d4851a1d" relativeResultsDirectory="0bae2a35-9349-49f5-8444-e0dac8421e11" />
    <UnitTestResult executionId="a7467253-9b92-4510-ba63-7e3d245c4316" testId="ec873698-20e8-0ca0-d17c-b99a021aa23f" testName="WitchCityRope.Core.Tests.ValueObjects.SceneNameTests.Value_PreservesOriginalCase(input: &quot;SceneName&quot;, expected: &quot;SceneName&quot;)" computerName="Unbutu-Ai-Chads-PC" duration="00:00:00.0000630" startTime="2025-09-11T15:38:39.6230903-04:00" endTime="2025-09-11T15:38:39.6231230-04:00" testType="13cdc9d9-ddb5-4fa4-a97d-d965ccfc6d4b" outcome="Passed" testListId="8c84fa94-04c1-424b-9868-57a2d4851a1d" relativeResultsDirectory="a7467253-9b92-4510-ba63-7e3d245c4316" />
    <UnitTestResult executionId="46c437bb-013f-49ba-975c-e35d2bdb27b0" testId="c0556428-c4f1-258f-1a7f-499a722b016e" testName="WitchCityRope.Core.Tests.ValueObjects.EmailAddressTests.Create_InvalidFormat_ThrowsDomainException(email: &quot;user@.com&quot;)" computerName="Unbutu-Ai-Chads-PC" duration="00:00:00.0007702" startTime="2025-09-11T15:38:39.6243363-04:00" endTime="2025-09-11T15:38:39.6252997-04:00" testType="13cdc9d9-ddb5-4fa4-a97d-d965ccfc6d4b" outcome="Passed" testListId="8c84fa94-04c1-424b-9868-57a2d4851a1d" relativeResultsDirectory="46c437bb-013f-49ba-975c-e35d2bdb27b0" />
    <UnitTestResult executionId="8bd2dce6-dfaf-41eb-b5d6-45ac6169f74a" testId="2d987cbc-fd5e-628e-2b30-915e893db291" testName="WitchCityRope.Core.Tests.Entities.UserTests.PromoteToRole_VariousScenarios_BehavesCorrectly(currentRole: Attendee, newRole: Member, shouldSucceed: True)" computerName="Unbutu-Ai-Chads-PC" duration="00:00:00.0010378" startTime="2025-09-11T15:38:39.6352081-04:00" endTime="2025-09-11T15:38:39.6353482-04:00" testType="13cdc9d9-ddb5-4fa4-a97d-d965ccfc6d4b" outcome="Passed" testListId="8c84fa94-04c1-424b-9868-57a2d4851a1d" relativeResultsDirectory="8bd2dce6-dfaf-41eb-b5d6-45ac6169f74a" />
    <UnitTestResult executionId="9a8820ef-f8f3-4d12-8c7e-0892839e13f4" testId="7d873735-73f3-afa9-1dba-8902862c0ad8" testName="WitchCityRope.Core.Tests.Entities.EventTests.Constructor_NegativeCapacity_ThrowsDomainException" computerName="Unbutu-Ai-Chads-PC" duration="00:00:00.0018547" startTime="2025-09-11T15:38:39.6843780-04:00" endTime="2025-09-11T15:38:39.6861195-04:00" testType="13cdc9d9-ddb5-4fa4-a97d-d965ccfc6d4b" outcome="Passed" testListId="8c84fa94-04c1-424b-9868-57a2d4851a1d" relativeResultsDirectory="9a8820ef-f8f3-4d12-8c7e-0892839e13f4" />
    <UnitTestResult executionId="9ba64de5-0263-454e-977b-911cadb7258a" testId="9453135b-223b-97a5-cd9b-6df89673c33a" testName="WitchCityRope.Core.Tests.ValueObjects.MoneyTests.CompareTo_SameCurrency_ComparesAmounts" computerName="Unbutu-Ai-Chads-PC" duration="00:00:00.0002331" startTime="2025-09-11T15:38:39.6270612-04:00" endTime="2025-09-11T15:38:39.6274211-04:00" testType="13cdc9d9-ddb5-4fa4-a97d-d965ccfc6d4b" outcome="Passed" testListId="8c84fa94-04c1-424b-9868-57a2d4851a1d" relativeResultsDirectory="9ba64de5-0263-454e-977b-911cadb7258a" />
    <UnitTestResult executionId="f48bab72-5ff1-4fe9-90d5-3e59fb3ee1b3" testId="438d3011-f46f-16f1-0e65-feb01a5ce604" testName="WitchCityRope.Core.Tests.Entities.RegistrationTests.Confirm_AlreadyConfirmed_ThrowsDomainException" computerName="Unbutu-Ai-Chads-PC" duration="00:00:00.0104594" startTime="2025-09-11T15:38:39.8140797-04:00" endTime="2025-09-11T15:38:39.8244802-04:00" testType="13cdc9d9-ddb5-4fa4-a97d-d965ccfc6d4b" outcome="Passed" testListId="8c84fa94-04c1-424b-9868-57a2d4851a1d" relativeResultsDirectory="f48bab72-5ff1-4fe9-90d5-3e59fb3ee1b3" />
    <UnitTestResult executionId="87a60c43-ca92-4808-a910-39e06b072ba4" testId="425f8ec7-7edb-3559-f99e-fb751608c9cb" testName="WitchCityRope.Core.Tests.Entities.EventTests.UpdatePricingTiers_NoConfirmedRegistrations_UpdatesSuccessfully" computerName="Unbutu-Ai-Chads-PC" duration="00:00:00.0175758" startTime="2025-09-11T15:38:39.6445691-04:00" endTime="2025-09-11T15:38:39.6609096-04:00" testType="13cdc9d9-ddb5-4fa4-a97d-d965ccfc6d4b" outcome="Passed" testListId="8c84fa94-04c1-424b-9868-57a2d4851a1d" relativeResultsDirectory="87a60c43-ca92-4808-a910-39e06b072ba4" />
    <UnitTestResult executionId="35826598-c823-4a2b-b38e-0585d902a706" testId="789befc7-bdb1-4aa4-6ce3-ddf2fed3eb3a" testName="WitchCityRope.Core.Tests.ValueObjects.SceneNameTests.Create_TrimsWhitespace_ButPreservesInternalSpaces(input: &quot;  Leading Space&quot;)" computerName="Unbutu-Ai-Chads-PC" duration="00:00:00.0001161" startTime="2025-09-11T15:38:39.6083409-04:00" endTime="2025-09-11T15:38:39.6115634-04:00" testType="13cdc9d9-ddb5-4fa4-a97d-d965ccfc6d4b" outcome="Passed" testListId="8c84fa94-04c1-424b-9868-57a2d4851a1d" relativeResultsDirectory="35826598-c823-4a2b-b38e-0585d902a706" />
    <UnitTestResult executionId="33360fa8-6931-4703-a5b8-dea90cd2127f" testId="4b09bb72-974f-d7f4-bee4-dbca350a7176" testName="WitchCityRope.Core.Tests.ValueObjects.MoneyTests.Create_ValidAmount_CreatesSuccessfully(amount: 10.5)" computerName="Unbutu-Ai-Chads-PC" duration="00:00:00.0001860" startTime="2025-09-11T15:38:39.6154315-04:00" endTime="2025-09-11T15:38:39.6163505-04:00" testType="13cdc9d9-ddb5-4fa4-a97d-d965ccfc6d4b" outcome="Passed" testListId="8c84fa94-04c1-424b-9868-57a2d4851a1d" relativeResultsDirectory="33360fa8-6931-4703-a5b8-dea90cd2127f" />
    <UnitTestResult executionId="bc6b1070-0bda-4780-b6c4-e51c6449e758" testId="67df0293-27d6-f4c5-0e20-f1ffe205ccc9" testName="WitchCityRope.Core.Tests.ValueObjects.SceneNameTests.Create_ValidSceneName_CreatesSuccessfully(name: &quot;AB&quot;)" computerName="Unbutu-Ai-Chads-PC" duration="00:00:00.0000055" startTime="2025-09-11T15:38:39.6157636-04:00" endTime="2025-09-11T15:38:39.6158403-04:00" testType="13cdc9d9-ddb5-4fa4-a97d-d965ccfc6d4b" outcome="Passed" testListId="8c84fa94-04c1-424b-9868-57a2d4851a1d" relativeResultsDirectory="bc6b1070-0bda-4780-b6c4-e51c6449e758" />
    <UnitTestResult executionId="8587b652-f295-4057-9307-dd0b8cae1ac0" testId="1d3881ee-33da-ca8e-2a5d-4849cdb1409b" testName="WitchCityRope.Core.Tests.Entities.RegistrationTests.IsEligibleForRefund_VariousTimings_ReturnsCorrectResult(hoursBeforeEvent: 24, expectedEligible: False)" computerName="Unbutu-Ai-Chads-PC" duration="00:00:00.0073551" startTime="2025-09-11T15:38:39.6493247-04:00" endTime="2025-09-11T15:38:39.6560932-04:00" testType="13cdc9d9-ddb5-4fa4-a97d-d965ccfc6d4b" outcome="Passed" testListId="8c84fa94-04c1-424b-9868-57a2d4851a1d" relativeResultsDirectory="8587b652-f295-4057-9307-dd0b8cae1ac0" />
    <UnitTestResult executionId="2a31c435-531d-414a-97ca-68f590e6796e" testId="8733cb82-c09e-1fe6-efe8-6e4e312806a6" testName="WitchCityRope.Core.Tests.ValueObjects.SceneNameTests.Equals_WithObject_WorksCorrectly" computerName="Unbutu-Ai-Chads-PC" duration="00:00:00.0001103" startTime="2025-09-11T15:38:39.6209664-04:00" endTime="2025-09-11T15:38:39.6209997-04:00" testType="13cdc9d9-ddb5-4fa4-a97d-d965ccfc6d4b" outcome="Passed" testListId="8c84fa94-04c1-424b-9868-57a2d4851a1d" relativeResultsDirectory="2a31c435-531d-414a-97ca-68f590e6796e" />
    <UnitTestResult executionId="336eb3c0-5c74-4568-af8d-3f4a288fc830" testId="574c936a-97e8-6930-d3e3-ee56b6e1968d" testName="WitchCityRope.Core.Tests.ValueObjects.MoneyTests.Multiply_ValidFactor_MultipliesSuccessfully(amount: 10.5, factor: 3, expected: 31.5)" computerName="Unbutu-Ai-Chads-PC" duration="00:00:00.0000030" startTime="2025-09-11T15:38:39.6319172-04:00" endTime="2025-09-11T15:38:39.6319619-04:00" testType="13cdc9d9-ddb5-4fa4-a97d-d965ccfc6d4b" outcome="Passed" testListId="8c84fa94-04c1-424b-9868-57a2d4851a1d" relativeResultsDirectory="336eb3c0-5c74-4568-af8d-3f4a288fc830" />
    <UnitTestResult executionId="5447f0ff-1097-442f-b762-96ea2d187ada" testId="9b5af3e7-7cb0-d72f-e621-a08fe9eb4ae5" testName="WitchCityRope.Core.Tests.Entities.UserTests.UpdateEmail_ValidEmail_UpdatesSuccessfully" computerName="Unbutu-Ai-Chads-PC" duration="00:00:00.0009928" startTime="2025-09-11T15:38:39.6404157-04:00" endTime="2025-09-11T15:38:39.6404490-04:00" testType="13cdc9d9-ddb5-4fa4-a97d-d965ccfc6d4b" outcome="Passed" testListId="8c84fa94-04c1-424b-9868-57a2d4851a1d" relativeResultsDirectory="5447f0ff-1097-442f-b762-96ea2d187ada" />
    <UnitTestResult executionId="ec0e89f0-6862-402c-a3be-737305c1dd0b" testId="f8ab723d-cb6b-49c6-5dbb-7ffd207243cd" testName="WitchCityRope.Core.Tests.ValueObjects.MoneyTests.Zero_DefaultCurrency_CreatesZeroUSD" computerName="Unbutu-Ai-Chads-PC" duration="00:00:00.0000881" startTime="2025-09-11T15:38:39.6284686-04:00" endTime="2025-09-11T15:38:39.6285123-04:00" testType="13cdc9d9-ddb5-4fa4-a97d-d965ccfc6d4b" outcome="Passed" testListId="8c84fa94-04c1-424b-9868-57a2d4851a1d" relativeResultsDirectory="ec0e89f0-6862-402c-a3be-737305c1dd0b" />
    <UnitTestResult executionId="0d7050ae-7564-4662-96de-7b7005751cb4" testId="4e783378-2a91-dd2a-54ca-9c33e9d3fbfa" testName="WitchCityRope.Core.Tests.Entities.UserTests.Reactivate_InactiveUser_ReactivatesSuccessfully" computerName="Unbutu-Ai-Chads-PC" duration="00:00:00.0010011" startTime="2025-09-11T15:38:39.6388489-04:00" endTime="2025-09-11T15:38:39.6388828-04:00" testType="13cdc9d9-ddb5-4fa4-a97d-d965ccfc6d4b" outcome="Passed" testListId="8c84fa94-04c1-424b-9868-57a2d4851a1d" relativeResultsDirectory="0d7050ae-7564-4662-96de-7b7005751cb4" />
    <UnitTestResult executionId="8466025e-000f-4d06-ac84-be23ea72be74" testId="615864e0-c790-9bed-1d05-9dd7ad15c39e" testName="WitchCityRope.Core.Tests.ValueObjects.MoneyTests.Create_ValidAmount_CreatesSuccessfully(amount: 0)" computerName="Unbutu-Ai-Chads-PC" duration="00:00:00.0000068" startTime="2025-09-11T15:38:39.6175907-04:00" endTime="2025-09-11T15:38:39.6176259-04:00" testType="13cdc9d9-ddb5-4fa4-a97d-d965ccfc6d4b" outcome="Passed" testListId="8c84fa94-04c1-424b-9868-57a2d4851a1d" relativeResultsDirectory="8466025e-000f-4d06-ac84-be23ea72be74" />
    <UnitTestResult executionId="776072ef-86eb-4a4e-b44b-566b41b2171f" testId="0bfa9a81-3d14-9055-54e8-e5fb35de7fcb" testName="WitchCityRope.Core.Tests.ValueObjects.MoneyTests.ToDisplayString_VariousCurrencies_FormatsCorrectly(currency: &quot;EUR&quot;, expected: &quot;€10.50&quot;)" computerName="Unbutu-Ai-Chads-PC" duration="00:00:00.0000046" startTime="2025-09-11T15:38:39.6330260-04:00" endTime="2025-09-11T15:38:39.6330668-04:00" testType="13cdc9d9-ddb5-4fa4-a97d-d965ccfc6d4b" outcome="Passed" testListId="8c84fa94-04c1-424b-9868-57a2d4851a1d" relativeResultsDirectory="776072ef-86eb-4a4e-b44b-566b41b2171f" />
    <UnitTestResult executionId="9f1a70f2-5a09-4ecb-a6c2-473c0ca46d09" testId="e7b9a62d-2f8b-d3f2-4a3a-9cebb6d2d56f" testName="WitchCityRope.Core.Tests.ValueObjects.SceneNameTests.Create_WithWhitespace_TrimsSuccessfully" computerName="Unbutu-Ai-Chads-PC" duration="00:00:00.0000733" startTime="2025-09-11T15:38:39.6210821-04:00" endTime="2025-09-11T15:38:39.6212321-04:00" testType="13cdc9d9-ddb5-4fa4-a97d-d965ccfc6d4b" outcome="Passed" testListId="8c84fa94-04c1-424b-9868-57a2d4851a1d" relativeResultsDirectory="9f1a70f2-5a09-4ecb-a6c2-473c0ca46d09" />
    <UnitTestResult executionId="c09520f5-07e1-4981-bbd9-5006c93cfb75" testId="f31ab1aa-39de-68ab-51b3-8be7b1b5b9d2" testName="WitchCityRope.Core.Tests.Entities.UserTests.UpdateEmail_NullEmail_ThrowsArgumentNullException" computerName="Unbutu-Ai-Chads-PC" duration="00:00:00.0012235" startTime="2025-09-11T15:38:39.6393044-04:00" endTime="2025-09-11T15:38:39.6394622-04:00" testType="13cdc9d9-ddb5-4fa4-a97d-d965ccfc6d4b" outcome="Passed" testListId="8c84fa94-04c1-424b-9868-57a2d4851a1d" relativeResultsDirectory="c09520f5-07e1-4981-bbd9-5006c93cfb75" />
    <UnitTestResult executionId="52876ee6-9043-4753-bc97-f929bf7468c6" testId="4f10845f-3ec6-4a9c-4c1b-d5a02341ac26" testName="WitchCityRope.Core.Tests.ValueObjects.MoneyTests.Add_NullMoney_ThrowsArgumentNullException" computerName="Unbutu-Ai-Chads-PC" duration="00:00:00.0006123" startTime="2025-09-11T15:38:39.6333102-04:00" endTime="2025-09-11T15:38:39.6333444-04:00" testType="13cdc9d9-ddb5-4fa4-a97d-d965ccfc6d4b" outcome="Passed" testListId="8c84fa94-04c1-424b-9868-57a2d4851a1d" relativeResultsDirectory="52876ee6-9043-4753-bc97-f929bf7468c6" />
    <UnitTestResult executionId="46d91d03-f435-4eb9-b87e-3d5ad1eede80" testId="445b2f5b-ab0f-f41e-344b-753a5cf07080" testName="WitchCityRope.Core.Tests.Entities.UserTests.Constructor_NullEmail_ThrowsArgumentNullException" computerName="Unbutu-Ai-Chads-PC" duration="00:00:00.0003488" startTime="2025-09-11T15:38:39.6366231-04:00" endTime="2025-09-11T15:38:39.6366567-04:00" testType="13cdc9d9-ddb5-4fa4-a97d-d965ccfc6d4b" outcome="Passed" testListId="8c84fa94-04c1-424b-9868-57a2d4851a1d" relativeResultsDirectory="46d91d03-f435-4eb9-b87e-3d5ad1eede80" />
    <UnitTestResult executionId="88c9ebf5-e07e-4237-8546-08c1d65df348" testId="d036616b-6b86-99d5-cd58-29b5267bbff4" testName="WitchCityRope.Core.Tests.ValueObjects.SceneNameTests.Create_ValidSceneName_CreatesSuccessfully(name: &quot;12345&quot;)" computerName="Unbutu-Ai-Chads-PC" duration="00:00:00.0001077" startTime="2025-09-11T15:38:39.6152392-04:00" endTime="2025-09-11T15:38:39.6155102-04:00" testType="13cdc9d9-ddb5-4fa4-a97d-d965ccfc6d4b" outcome="Passed" testListId="8c84fa94-04c1-424b-9868-57a2d4851a1d" relativeResultsDirectory="88c9ebf5-e07e-4237-8546-08c1d65df348" />
    <UnitTestResult executionId="0eff5935-7579-4f5f-9315-253f9036d940" testId="f477f2d2-9bad-36ff-7fb7-b81867202bef" testName="WitchCityRope.Core.Tests.ValueObjects.MoneyTests.Create_EmptyCurrency_ThrowsArgumentException(currency: &quot;&quot;)" computerName="Unbutu-Ai-Chads-PC" duration="00:00:00.0001336" startTime="2025-09-11T15:38:39.6261977-04:00" endTime="2025-09-11T15:38:39.6264261-04:00" testType="13cdc9d9-ddb5-4fa4-a97d-d965ccfc6d4b" outcome="Passed" testListId="8c84fa94-04c1-424b-9868-57a2d4851a1d" relativeResultsDirectory="0eff5935-7579-4f5f-9315-253f9036d940" />
    <UnitTestResult executionId="5d3140df-cab6-4d56-9ce8-f6a4e121810a" testId="9bb9adcb-9120-fe9b-ae69-727878a9049c" testName="WitchCityRope.Core.Tests.ValueObjects.EmailAddressTests.Create_EmailWithWhitespace_TrimsSuccessfully" computerName="Unbutu-Ai-Chads-PC" duration="00:00:00.0001141" startTime="2025-09-11T15:38:39.6268798-04:00" endTime="2025-09-11T15:38:39.6271084-04:00" testType="13cdc9d9-ddb5-4fa4-a97d-d965ccfc6d4b" outcome="Passed" testListId="8c84fa94-04c1-424b-9868-57a2d4851a1d" relativeResultsDirectory="5d3140df-cab6-4d56-9ce8-f6a4e121810a" />
    <UnitTestResult executionId="5f31ff39-f65f-433b-8afe-bbfbc206db9a" testId="ae396dcc-673d-748e-2480-155148bbd99c" testName="WitchCityRope.Core.Tests.ValueObjects.MoneyTests.ToDisplayString_VariousCurrencies_FormatsCorrectly(currency: &quot;GBP&quot;, expected: &quot;£10.50&quot;)" computerName="Unbutu-Ai-Chads-PC" duration="00:00:00.0000070" startTime="2025-09-11T15:38:39.6329138-04:00" endTime="2025-09-11T15:38:39.6329543-04:00" testType="13cdc9d9-ddb5-4fa4-a97d-d965ccfc6d4b" outcome="Passed" testListId="8c84fa94-04c1-424b-9868-57a2d4851a1d" relativeResultsDirectory="5f31ff39-f65f-433b-8afe-bbfbc206db9a" />
    <UnitTestResult executionId="3209adf5-e80c-41a6-a9a5-701ea6a00c87" testId="b5bc20a8-2c58-a4d4-fd15-5ce71610e7e2" testName="WitchCityRope.Core.Tests.Entities.EventTests.Unpublish_NotPublished_ThrowsDomainException" computerName="Unbutu-Ai-Chads-PC" duration="00:00:00.0019642" startTime="2025-09-11T15:38:39.6738654-04:00" endTime="2025-09-11T15:38:39.6757469-04:00" testType="13cdc9d9-ddb5-4fa4-a97d-d965ccfc6d4b" outcome="Passed" testListId="8c84fa94-04c1-424b-9868-57a2d4851a1d" relativeResultsDirectory="3209adf5-e80c-41a6-a9a5-701ea6a00c87" />
    <UnitTestResult executionId="9d191acd-891f-47b3-b818-272d75b9f63c" testId="6e366377-6d41-5fcc-48f5-0930249fee5e" testName="WitchCityRope.Core.Tests.Entities.RegistrationTests.IsEligibleForRefund_VariousTimings_ReturnsCorrectResult(hoursBeforeEvent: 49, expectedEligible: True)" computerName="Unbutu-Ai-Chads-PC" duration="00:00:00.0103027" startTime="2025-09-11T15:38:39.6443290-04:00" endTime="2025-09-11T15:38:39.6487175-04:00" testType="13cdc9d9-ddb5-4fa4-a97d-d965ccfc6d4b" outcome="Passed" testListId="8c84fa94-04c1-424b-9868-57a2d4851a1d" relativeResultsDirectory="9d191acd-891f-47b3-b818-272d75b9f63c" />
    <UnitTestResult executionId="b9a9364b-b884-4387-9c9f-24dd8fc83c9c" testId="f7f4c0ce-ef99-e663-6486-bae7dca0985d" testName="WitchCityRope.Core.Tests.ValueObjects.EmailAddressTests.Create_InvalidFormat_ThrowsDomainException(email: &quot;notanemail&quot;)" computerName="Unbutu-Ai-Chads-PC" duration="00:00:00.0002736" startTime="2025-09-11T15:38:39.6241215-04:00" endTime="2025-09-11T15:38:39.6242750-04:00" testType="13cdc9d9-ddb5-4fa4-a97d-d965ccfc6d4b" outcome="Passed" testListId="8c84fa94-04c1-424b-9868-57a2d4851a1d" relativeResultsDirectory="b9a9364b-b884-4387-9c9f-24dd8fc83c9c" />
    <UnitTestResult executionId="e7d9d576-3754-4a8d-ac89-bf43f7b8b139" testId="4d097658-d194-1751-06b0-bbf62cb8a2b5" testName="WitchCityRope.Core.Tests.ValueObjects.EmailAddressTests.Equals_NullEmail_ReturnsFalse" computerName="Unbutu-Ai-Chads-PC" duration="00:00:00.0001479" startTime="2025-09-11T15:38:39.6255210-04:00" endTime="2025-09-11T15:38:39.6255668-04:00" testType="13cdc9d9-ddb5-4fa4-a97d-d965ccfc6d4b" outcome="Passed" testListId="8c84fa94-04c1-424b-9868-57a2d4851a1d" relativeResultsDirectory="e7d9d576-3754-4a8d-ac89-bf43f7b8b139" />
    <UnitTestResult executionId="02c829fa-bf5c-4711-904e-ca5f1d971ffc" testId="7ab09a5d-83cb-6155-db19-0ce8eb3f79f5" testName="WitchCityRope.Core.Tests.Entities.UserTests.UpdateSceneName_NullSceneName_ThrowsArgumentNullException" computerName="Unbutu-Ai-Chads-PC" duration="00:00:00.0018384" startTime="2025-09-11T15:38:39.6354334-04:00" endTime="2025-09-11T15:38:39.6355987-04:00" testType="13cdc9d9-ddb5-4fa4-a97d-d965ccfc6d4b" outcome="Passed" testListId="8c84fa94-04c1-424b-9868-57a2d4851a1d" relativeResultsDirectory="02c829fa-bf5c-4711-904e-ca5f1d971ffc" />
    <UnitTestResult executionId="398553b0-81d8-45db-b80f-a07ba8937970" testId="390f5574-ce2b-a8b0-ecb1-10d89b55bb71" testName="WitchCityRope.Core.Tests.Entities.UserTests.Deactivate_ActiveUser_DeactivatesSuccessfully" computerName="Unbutu-Ai-Chads-PC" duration="00:00:00.0012216" startTime="2025-09-11T15:38:39.6375716-04:00" endTime="2025-09-11T15:38:39.6377122-04:00" testType="13cdc9d9-ddb5-4fa4-a97d-d965ccfc6d4b" outcome="Passed" testListId="8c84fa94-04c1-424b-9868-57a2d4851a1d" relativeResultsDirectory="398553b0-81d8-45db-b80f-a07ba8937970" />
    <UnitTestResult executionId="911b6aba-584b-46b4-99b6-77e90cb2b062" testId="5c142862-68a4-3e0d-3caa-944a88c5d807" testName="WitchCityRope.Core.Tests.Entities.UserTests.PromoteToRole_VariousScenarios_BehavesCorrectly(currentRole: Moderator, newRole: Administrator, shouldSucceed: True)" computerName="Unbutu-Ai-Chads-PC" duration="00:00:00.0022398" startTime="2025-09-11T15:38:39.6326752-04:00" endTime="2025-09-11T15:38:39.6334698-04:00" testType="13cdc9d9-ddb5-4fa4-a97d-d965ccfc6d4b" outcome="Passed" testListId="8c84fa94-04c1-424b-9868-57a2d4851a1d" relativeResultsDirectory="911b6aba-584b-46b4-99b6-77e90cb2b062" />
    <UnitTestResult executionId="080ffe27-d7c0-479e-9d76-67f30bc721b3" testId="0d8317ff-abfb-72ae-197e-3f07e59847af" testName="WitchCityRope.Core.Tests.ValueObjects.EmailAddressTests.GetHashCode_SameEmailDifferentCase_ReturnsSameHash" computerName="Unbutu-Ai-Chads-PC" duration="00:00:00.0009125" startTime="2025-09-11T15:38:39.6119040-04:00" endTime="2025-09-11T15:38:39.6128310-04:00" testType="13cdc9d9-ddb5-4fa4-a97d-d965ccfc6d4b" outcome="Passed" testListId="8c84fa94-04c1-424b-9868-57a2d4851a1d" relativeResultsDirectory="080ffe27-d7c0-479e-9d76-67f30bc721b3" />
    <UnitTestResult executionId="91579776-a971-4580-9a54-5e498f1c4e17" testId="5a455a12-fe5d-d76b-6701-c651d0901ce0" testName="WitchCityRope.Core.Tests.Entities.UserTests.UpdateSceneName_ValidSceneName_UpdatesSuccessfully" computerName="Unbutu-Ai-Chads-PC" duration="00:00:00.0028847" startTime="2025-09-11T15:38:39.6389660-04:00" endTime="2025-09-11T15:38:39.6390112-04:00" testType="13cdc9d9-ddb5-4fa4-a97d-d965ccfc6d4b" outcome="Passed" testListId="8c84fa94-04c1-424b-9868-57a2d4851a1d" relativeResultsDirectory="91579776-a971-4580-9a54-5e498f1c4e17" />
    <UnitTestResult executionId="ee22e68f-c373-48b3-8d3c-ac3260a8305e" testId="99678022-cb23-0a38-5149-ac4d37b69a85" testName="WitchCityRope.Core.Tests.ValueObjects.MoneyTests.ToDisplayString_VariousCurrencies_FormatsCorrectly(currency: &quot;CAD&quot;, expected: &quot;CAD 10.50&quot;)" computerName="Unbutu-Ai-Chads-PC" duration="00:00:00.0010996" startTime="2025-09-11T15:38:39.6320695-04:00" endTime="2025-09-11T15:38:39.6327195-04:00" testType="13cdc9d9-ddb5-4fa4-a97d-d965ccfc6d4b" outcome="Passed" testListId="8c84fa94-04c1-424b-9868-57a2d4851a1d" relativeResultsDirectory="ee22e68f-c373-48b3-8d3c-ac3260a8305e" />
    <UnitTestResult executionId="c0fd0b7e-b023-47e5-8925-9018379c633f" testId="21f2e882-89f0-b471-6a62-6c3a786684b9" testName="WitchCityRope.Core.Tests.Entities.UserTests.Constructor_NullEncryptedLegalName_ThrowsArgumentNullException" computerName="Unbutu-Ai-Chads-PC" duration="00:00:00.0003954" startTime="2025-09-11T15:38:39.6380086-04:00" endTime="2025-09-11T15:38:39.6381616-04:00" testType="13cdc9d9-ddb5-4fa4-a97d-d965ccfc6d4b" outcome="Passed" testListId="8c84fa94-04c1-424b-9868-57a2d4851a1d" relativeResultsDirectory="c0fd0b7e-b023-47e5-8925-9018379c633f" />
    <UnitTestResult executionId="7cd3efea-85ac-4d43-b6f9-2c98494fb164" testId="c214f8b2-fb5d-eb0c-dc8f-b53e5bf80bd1" testName="WitchCityRope.Core.Tests.Entities.RegistrationTests.UpdateDietaryRestrictions_CancelledRegistration_ThrowsDomainException" computerName="Unbutu-Ai-Chads-PC" duration="00:00:00.0098637" startTime="2025-09-11T15:38:39.6381379-04:00" endTime="2025-09-11T15:38:39.6402221-04:00" testType="13cdc9d9-ddb5-4fa4-a97d-d965ccfc6d4b" outcome="Passed" testListId="8c84fa94-04c1-424b-9868-57a2d4851a1d" relativeResultsDirectory="7cd3efea-85ac-4d43-b6f9-2c98494fb164" />
    <UnitTestResult executionId="657a121c-9744-45f9-aa17-3e84e3b4c774" testId="574b0e4a-1088-dc8e-931b-5757557d5af9" testName="WitchCityRope.Core.Tests.Entities.UserTests.Constructor_NullSceneName_ThrowsArgumentNullException" computerName="Unbutu-Ai-Chads-PC" duration="00:00:00.0004351" startTime="2025-09-11T15:38:39.6365024-04:00" endTime="2025-09-11T15:38:39.6365369-04:00" testType="13cdc9d9-ddb5-4fa4-a97d-d965ccfc6d4b" outcome="Passed" testListId="8c84fa94-04c1-424b-9868-57a2d4851a1d" relativeResultsDirectory="657a121c-9744-45f9-aa17-3e84e3b4c774" />
    <UnitTestResult executionId="23d2681e-8e04-4f95-a3e7-e22a7dbe4c06" testId="3462bc0a-8d33-ca36-1dea-0c030b723bac" testName="WitchCityRope.Core.Tests.Entities.RegistrationTests.StatusTransitions_VariousScenarios_BehavesCorrectly(initialStatus: CheckedIn, targetStatus: Cancelled, shouldSucceed: False)" computerName="Unbutu-Ai-Chads-PC" duration="00:00:00.0113143" startTime="2025-09-11T15:38:39.6368462-04:00" endTime="2025-09-11T15:38:39.6376211-04:00" testType="13cdc9d9-ddb5-4fa4-a97d-d965ccfc6d4b" outcome="Passed" testListId="8c84fa94-04c1-424b-9868-57a2d4851a1d" relativeResultsDirectory="23d2681e-8e04-4f95-a3e7-e22a7dbe4c06" />
    <UnitTestResult executionId="cd90502e-5d22-4f76-a968-cb1677a40cd6" testId="ef8d04dc-547e-cdcb-50a3-2a0559d1c59b" testName="WitchCityRope.Core.Tests.Entities.EventTests.Constructor_VariousCapacities_CreatesSuccessfully(capacity: 10)" computerName="Unbutu-Ai-Chads-PC" duration="00:00:00.0019630" startTime="2025-09-11T15:38:39.6370714-04:00" endTime="2025-09-11T15:38:39.6378302-04:00" testType="13cdc9d9-ddb5-4fa4-a97d-d965ccfc6d4b" outcome="Passed" testListId="8c84fa94-04c1-424b-9868-57a2d4851a1d" relativeResultsDirectory="cd90502e-5d22-4f76-a968-cb1677a40cd6" />
    <UnitTestResult executionId="3daac88c-debd-4c9a-8774-161b79cff12d" testId="83b03134-a341-7baa-1ddc-e73e42ca0f1e" testName="WitchCityRope.Core.Tests.Entities.RegistrationTests.UpdateAccessibilityNeeds_CancelledRegistration_ThrowsDomainException" computerName="Unbutu-Ai-Chads-PC" duration="00:00:00.0070434" startTime="2025-09-11T15:38:39.6899933-04:00" endTime="2025-09-11T15:38:39.6969247-04:00" testType="13cdc9d9-ddb5-4fa4-a97d-d965ccfc6d4b" outcome="Passed" testListId="8c84fa94-04c1-424b-9868-57a2d4851a1d" relativeResultsDirectory="3daac88c-debd-4c9a-8774-161b79cff12d" />
    <UnitTestResult executionId="46a0c164-b161-4fa6-8d2e-cbcde42e47f5" testId="c13be69c-9ab3-60d1-faea-fc8d33dba310" testName="WitchCityRope.Core.Tests.ValueObjects.MoneyTests.Create_ValidCurrency_CreatesSuccessfully(currency: &quot;CAD&quot;)" computerName="Unbutu-Ai-Chads-PC" duration="00:00:00.0000065" startTime="2025-09-11T15:38:39.6206390-04:00" endTime="2025-09-11T15:38:39.6206724-04:00" testType="13cdc9d9-ddb5-4fa4-a97d-d965ccfc6d4b" outcome="Passed" testListId="8c84fa94-04c1-424b-9868-57a2d4851a1d" relativeResultsDirectory="46a0c164-b161-4fa6-8d2e-cbcde42e47f5" />
    <UnitTestResult executionId="49cd3679-39c6-4f13-9437-0618ca2ae089" testId="13649248-17fa-672a-9167-63b725801bed" testName="WitchCityRope.Core.Tests.ValueObjects.SceneNameTests.CaseInsensitiveComparison_WorksCorrectly(name1: &quot;SCENE NAME&quot;, name2: &quot;Scene Name&quot;)" computerName="Unbutu-Ai-Chads-PC" duration="00:00:00.0007829" startTime="2025-09-11T15:38:39.6127891-04:00" endTime="2025-09-11T15:38:39.6133327-04:00" testType="13cdc9d9-ddb5-4fa4-a97d-d965ccfc6d4b" outcome="Passed" testListId="8c84fa94-04c1-424b-9868-57a2d4851a1d" relativeResultsDirectory="49cd3679-39c6-4f13-9437-0618ca2ae089" />
    <UnitTestResult executionId="f7678274-53ba-4cad-8053-e2fb825874fc" testId="fab29629-ecda-5b7c-a197-ec8aaf8cb2b1" testName="WitchCityRope.Core.Tests.ValueObjects.EmailAddressTests.Create_InvalidFormat_ThrowsDomainException(email: &quot;user name@example.com&quot;)" computerName="Unbutu-Ai-Chads-PC" duration="00:00:00.0002736" startTime="2025-09-11T15:38:39.6240161-04:00" endTime="2025-09-11T15:38:39.6240550-04:00" testType="13cdc9d9-ddb5-4fa4-a97d-d965ccfc6d4b" outcome="Passed" testListId="8c84fa94-04c1-424b-9868-57a2d4851a1d" relativeResultsDirectory="f7678274-53ba-4cad-8053-e2fb825874fc" />
    <UnitTestResult executionId="f72d54c6-7203-4b0e-ac2c-6ca307e4f188" testId="0faa10f1-9b22-e3b7-c9cf-4a05f411e7a0" testName="WitchCityRope.Core.Tests.Entities.RegistrationTests.UpdateAccessibilityNeeds_ActiveRegistration_UpdatesSuccessfully" computerName="Unbutu-Ai-Chads-PC" duration="00:00:00.0064043" startTime="2025-09-11T15:38:39.7803072-04:00" endTime="2025-09-11T15:38:39.7866229-04:00" testType="13cdc9d9-ddb5-4fa4-a97d-d965ccfc6d4b" outcome="Passed" testListId="8c84fa94-04c1-424b-9868-57a2d4851a1d" relativeResultsDirectory="f72d54c6-7203-4b0e-ac2c-6ca307e4f188" />
    <UnitTestResult executionId="6c7d255a-71ac-45c0-bba3-f5ac6aeba284" testId="2b3fb6ad-f8dd-9716-9a2a-ebbd430d3b9e" testName="WitchCityRope.Core.Tests.Entities.EventTests.Publish_AlreadyPublished_ThrowsDomainException" computerName="Unbutu-Ai-Chads-PC" duration="00:00:00.0018536" startTime="2025-09-11T15:38:39.6764189-04:00" endTime="2025-09-11T15:38:39.6776330-04:00" testType="13cdc9d9-ddb5-4fa4-a97d-d965ccfc6d4b" outcome="Passed" testListId="8c84fa94-04c1-424b-9868-57a2d4851a1d" relativeResultsDirectory="6c7d255a-71ac-45c0-bba3-f5ac6aeba284" />
    <UnitTestResult executionId="fbdc444d-d268-4909-993e-07ef49a87a17" testId="69a09f52-376a-6f0b-5082-61e182c0b318" testName="WitchCityRope.Core.Tests.Entities.RegistrationTests.StatusTransitions_VariousScenarios_BehavesCorrectly(initialStatus: Confirmed, targetStatus: Cancelled, shouldSucceed: True)" computerName="Unbutu-Ai-Chads-PC" duration="00:00:00.0392394" startTime="2025-09-11T15:38:39.5350584-04:00" endTime="2025-09-11T15:38:39.6340722-04:00" testType="13cdc9d9-ddb5-4fa4-a97d-d965ccfc6d4b" outcome="Passed" testListId="8c84fa94-04c1-424b-9868-57a2d4851a1d" relativeResultsDirectory="fbdc444d-d268-4909-993e-07ef49a87a17" />
    <UnitTestResult executionId="e53adf01-a3de-4d51-82b6-a84e690a894e" testId="1a4abce9-2b87-de2e-da5a-1c629644c66e" testName="WitchCityRope.Core.Tests.ValueObjects.EmailAddressTests.Create_InvalidFormat_ThrowsDomainException(email: &quot;@example.com&quot;)" computerName="Unbutu-Ai-Chads-PC" duration="00:00:00.0002580" startTime="2025-09-11T15:38:39.6233253-04:00" endTime="2025-09-11T15:38:39.6235911-04:00" testType="13cdc9d9-ddb5-4fa4-a97d-d965ccfc6d4b" outcome="Passed" testListId="8c84fa94-04c1-424b-9868-57a2d4851a1d" relativeResultsDirectory="e53adf01-a3de-4d51-82b6-a84e690a894e" />
    <UnitTestResult executionId="a41a8a3a-0ceb-4f88-a225-262a775d4000" testId="a7c3958c-ed08-701d-04ac-eb4a143df517" testName="WitchCityRope.Core.Tests.ValueObjects.EmailAddressTests.Value_AlwaysLowercase(input: &quot;test@example.com&quot;, expected: &quot;test@example.com&quot;)" computerName="Unbutu-Ai-Chads-PC" duration="00:00:00.0001117" startTime="2025-09-11T15:38:39.6167848-04:00" endTime="2025-09-11T15:38:39.6170352-04:00" testType="13cdc9d9-ddb5-4fa4-a97d-d965ccfc6d4b" outcome="Passed" testListId="8c84fa94-04c1-424b-9868-57a2d4851a1d" relativeResultsDirectory="a41a8a3a-0ceb-4f88-a225-262a775d4000" />
    <UnitTestResult executionId="27d25701-7dbb-4dca-b1cf-8eeeaf6e12d5" testId="958f5f16-2ddf-2665-85ad-94a609e1cd4b" testName="WitchCityRope.Core.Tests.ValueObjects.SceneNameTests.Create_ValidSceneName_CreatesSuccessfully(name: &quot;Scene_Name_123&quot;)" computerName="Unbutu-Ai-Chads-PC" duration="00:00:00.0000037" startTime="2025-09-11T15:38:39.6167480-04:00" endTime="2025-09-11T15:38:39.6167972-04:00" testType="13cdc9d9-ddb5-4fa4-a97d-d965ccfc6d4b" outcome="Passed" testListId="8c84fa94-04c1-424b-9868-57a2d4851a1d" relativeResultsDirectory="27d25701-7dbb-4dca-b1cf-8eeeaf6e12d5" />
    <UnitTestResult executionId="e983c153-7e39-4887-b9a1-4497af0952c8" testId="2f4716b1-0c68-9378-d5bc-e4de249c2aa2" testName="WitchCityRope.Core.Tests.ValueObjects.EmailAddressTests.Create_ValidEmail_CreatesSuccessfully(email: &quot;TEST@EXAMPLE.COM&quot;)" computerName="Unbutu-Ai-Chads-PC" duration="00:00:00.0001293" startTime="2025-09-11T15:38:39.5688919-04:00" endTime="2025-09-11T15:38:39.5696200-04:00" testType="13cdc9d9-ddb5-4fa4-a97d-d965ccfc6d4b" outcome="Passed" testListId="8c84fa94-04c1-424b-9868-57a2d4851a1d" relativeResultsDirectory="e983c153-7e39-4887-b9a1-4497af0952c8" />
    <UnitTestResult executionId="bb3444bd-2207-442f-a48c-bd935c2976a4" testId="cff969f1-ffa2-d5f1-9715-5a871f37fe84" testName="WitchCityRope.Core.Tests.Entities.EventTests.HasAvailableCapacity_SpotsAvailable_ReturnsTrue" computerName="Unbutu-Ai-Chads-PC" duration="00:00:00.0040472" startTime="2025-09-11T15:38:39.6444347-04:00" endTime="2025-09-11T15:38:39.6444858-04:00" testType="13cdc9d9-ddb5-4fa4-a97d-d965ccfc6d4b" outcome="Passed" testListId="8c84fa94-04c1-424b-9868-57a2d4851a1d" relativeResultsDirectory="bb3444bd-2207-442f-a48c-bd935c2976a4" />
    <UnitTestResult executionId="4326aa3c-a211-47ab-8f85-0e428c4e9fcc" testId="dcd2f006-b615-aca4-03f2-93049cc2989f" testName="WitchCityRope.Core.Tests.ValueObjects.SceneNameTests.CaseInsensitiveComparison_WorksCorrectly(name1: &quot;scene name&quot;, name2: &quot;SCENE NAME&quot;)" computerName="Unbutu-Ai-Chads-PC" duration="00:00:00.0001026" startTime="2025-09-11T15:38:39.6134262-04:00" endTime="2025-09-11T15:38:39.6140638-04:00" testType="13cdc9d9-ddb5-4fa4-a97d-d965ccfc6d4b" outcome="Passed" testListId="8c84fa94-04c1-424b-9868-57a2d4851a1d" relativeResultsDirectory="4326aa3c-a211-47ab-8f85-0e428c4e9fcc" />
    <UnitTestResult executionId="8d60bad5-eb1a-4e65-81c5-713607d45874" testId="15b218ad-d361-384d-bb79-41a5ba40dc79" testName="WitchCityRope.Core.Tests.Entities.RegistrationTests.IsEligibleForRefund_VariousTimings_ReturnsCorrectResult(hoursBeforeEvent: 48.100000000000001, expectedEligible: True)" computerName="Unbutu-Ai-Chads-PC" duration="00:00:00.0084266" startTime="2025-09-11T15:38:39.6561924-04:00" endTime="2025-09-11T15:38:39.6645527-04:00" testType="13cdc9d9-ddb5-4fa4-a97d-d965ccfc6d4b" outcome="Passed" testListId="8c84fa94-04c1-424b-9868-57a2d4851a1d" relativeResultsDirectory="8d60bad5-eb1a-4e65-81c5-713607d45874" />
    <UnitTestResult executionId="fa73b015-a5ea-4a49-8d92-c81fedf7f749" testId="2c65e45d-6c80-9ae7-ff51-b65cb1415f9c" testName="WitchCityRope.Core.Tests.ValueObjects.EmailAddressTests.TryCreate_InvalidEmail_ReturnsFalse(invalidEmail: &quot;@example.com&quot;)" computerName="Unbutu-Ai-Chads-PC" duration="00:00:00.0000063" startTime="2025-09-11T15:38:39.6163748-04:00" endTime="2025-09-11T15:38:39.6165624-04:00" testType="13cdc9d9-ddb5-4fa4-a97d-d965ccfc6d4b" outcome="Passed" testListId="8c84fa94-04c1-424b-9868-57a2d4851a1d" relativeResultsDirectory="fa73b015-a5ea-4a49-8d92-c81fedf7f749" />
    <UnitTestResult executionId="cd0575d6-560e-4fc1-a999-6611e72517a9" testId="f7294f44-14ca-4699-6daa-7c708f502a76" testName="WitchCityRope.Core.Tests.Entities.UserTests.Constructor_UnderageUser_ThrowsDomainException" computerName="Unbutu-Ai-Chads-PC" duration="00:00:00.0004916" startTime="2025-09-11T15:38:39.6363605-04:00" endTime="2025-09-11T15:38:39.6363987-04:00" testType="13cdc9d9-ddb5-4fa4-a97d-d965ccfc6d4b" outcome="Passed" testListId="8c84fa94-04c1-424b-9868-57a2d4851a1d" relativeResultsDirectory="cd0575d6-560e-4fc1-a999-6611e72517a9" />
    <UnitTestResult executionId="d72a965c-8dba-40d0-bf72-5ed9802e8821" testId="bcc1e113-1701-9956-f5a9-415e31736096" testName="WitchCityRope.Core.Tests.Entities.RegistrationTests.Cancel_NullReason_UsesDefaultReason" computerName="Unbutu-Ai-Chads-PC" duration="00:00:00.0054165" startTime="2025-09-11T15:38:39.7116632-04:00" endTime="2025-09-11T15:38:39.7170067-04:00" testType="13cdc9d9-ddb5-4fa4-a97d-d965ccfc6d4b" outcome="Passed" testListId="8c84fa94-04c1-424b-9868-57a2d4851a1d" relativeResultsDirectory="d72a965c-8dba-40d0-bf72-5ed9802e8821" />
    <UnitTestResult executionId="5bcdee78-1814-4bcd-992d-60a2e3e9b7fd" testId="b59e7e18-f75f-bdce-9410-2ab9f6845df9" testName="WitchCityRope.Core.Tests.Entities.UserTests.PromoteToRole_LowerRole_ThrowsDomainException" computerName="Unbutu-Ai-Chads-PC" duration="00:00:00.0012714" startTime="2025-09-11T15:38:39.6390932-04:00" endTime="2025-09-11T15:38:39.6392220-04:00" testType="13cdc9d9-ddb5-4fa4-a97d-d965ccfc6d4b" outcome="Passed" testListId="8c84fa94-04c1-424b-9868-57a2d4851a1d" relativeResultsDirectory="5bcdee78-1814-4bcd-992d-60a2e3e9b7fd" />
    <UnitTestResult executionId="05079bed-f225-4c1b-9773-11538c00bcb2" testId="fef76b0c-11ac-af47-b28e-f6f2e45eb1b9" testName="WitchCityRope.Core.Tests.ValueObjects.MoneyTests.Create_EmptyCurrency_ThrowsArgumentException(currency: &quot; &quot;)" computerName="Unbutu-Ai-Chads-PC" duration="00:00:00.0002503" startTime="2025-09-11T15:38:39.6254905-04:00" endTime="2025-09-11T15:38:39.6256987-04:00" testType="13cdc9d9-ddb5-4fa4-a97d-d965ccfc6d4b" outcome="Passed" testListId="8c84fa94-04c1-424b-9868-57a2d4851a1d" relativeResultsDirectory="05079bed-f225-4c1b-9773-11538c00bcb2" />
    <UnitTestResult executionId="7af98492-571c-4938-807e-cf09d521f75a" testId="b8255f44-88d8-5031-490d-d1db53977af2" testName="WitchCityRope.Core.Tests.ValueObjects.EmailAddressTests.Create_EmptyOrNull_ThrowsArgumentException(email: null)" computerName="Unbutu-Ai-Chads-PC" duration="00:00:00.0004661" startTime="2025-09-11T15:38:39.6080892-04:00" endTime="2025-09-11T15:38:39.6082908-04:00" testType="13cdc9d9-ddb5-4fa4-a97d-d965ccfc6d4b" outcome="Passed" testListId="8c84fa94-04c1-424b-9868-57a2d4851a1d" relativeResultsDirectory="7af98492-571c-4938-807e-cf09d521f75a" />
    <UnitTestResult executionId="72fee319-0273-4ff4-a898-4361a4bdb646" testId="c3e42df9-274a-a616-9d53-0e461b6f0fcc" testName="WitchCityRope.Core.Tests.ValueObjects.MoneyTests.Equals_DifferentAmount_ReturnsFalse" computerName="Unbutu-Ai-Chads-PC" duration="00:00:00.0005325" startTime="2025-09-11T15:38:39.6144303-04:00" endTime="2025-09-11T15:38:39.6152803-04:00" testType="13cdc9d9-ddb5-4fa4-a97d-d965ccfc6d4b" outcome="Passed" testListId="8c84fa94-04c1-424b-9868-57a2d4851a1d" relativeResultsDirectory="72fee319-0273-4ff4-a898-4361a4bdb646" />
    <UnitTestResult executionId="c4713714-14a0-40f4-a7f0-506a5c1820ed" testId="703dfb97-0b83-83a5-714a-04c761334f21" testName="WitchCityRope.Core.Tests.Entities.RegistrationTests.Confirm_IncompletePayment_ThrowsDomainException" computerName="Unbutu-Ai-Chads-PC" duration="00:00:00.0105229" startTime="2025-09-11T15:38:39.7977885-04:00" endTime="2025-09-11T15:38:39.8082809-04:00" testType="13cdc9d9-ddb5-4fa4-a97d-d965ccfc6d4b" outcome="Passed" testListId="8c84fa94-04c1-424b-9868-57a2d4851a1d" relativeResultsDirectory="c4713714-14a0-40f4-a7f0-506a5c1820ed" />
    <UnitTestResult executionId="ab531330-a77f-4597-8284-edda88f6a56b" testId="627dc205-8966-14e4-f275-84a93649715d" testName="WitchCityRope.Core.Tests.Entities.RegistrationTests.Constructor_SelectsHighestPriceTier_ValidatesSuccessfully" computerName="Unbutu-Ai-Chads-PC" duration="00:00:00.0051907" startTime="2025-09-11T15:38:39.7428709-04:00" endTime="2025-09-11T15:38:39.7459843-04:00" testType="13cdc9d9-ddb5-4fa4-a97d-d965ccfc6d4b" outcome="Passed" testListId="8c84fa94-04c1-424b-9868-57a2d4851a1d" relativeResultsDirectory="ab531330-a77f-4597-8284-edda88f6a56b" />
    <UnitTestResult executionId="c9410eb8-505c-4c2c-aac0-0b7e6615082e" testId="c85d19fa-2a2d-a911-c9ff-d701b01bca76" testName="WitchCityRope.Core.Tests.ValueObjects.MoneyTests.Create_EmptyCurrency_ThrowsArgumentException(currency: null)" computerName="Unbutu-Ai-Chads-PC" duration="00:00:00.0006338" startTime="2025-09-11T15:38:39.6249386-04:00" endTime="2025-09-11T15:38:39.6253704-04:00" testType="13cdc9d9-ddb5-4fa4-a97d-d965ccfc6d4b" outcome="Passed" testListId="8c84fa94-04c1-424b-9868-57a2d4851a1d" relativeResultsDirectory="c9410eb8-505c-4c2c-aac0-0b7e6615082e" />
    <UnitTestResult executionId="8fc5b798-64ce-4772-9794-2d0a8b3eff1b" testId="9af443ab-4057-65b9-7737-294b29e1ff0f" testName="WitchCityRope.Core.Tests.ValueObjects.EmailAddressTests.Create_EmptyOrNull_ThrowsArgumentException(email: &quot;&quot;)" computerName="Unbutu-Ai-Chads-PC" duration="00:00:00.0002220" startTime="2025-09-11T15:38:39.6083964-04:00" endTime="2025-09-11T15:38:39.6118128-04:00" testType="13cdc9d9-ddb5-4fa4-a97d-d965ccfc6d4b" outcome="Passed" testListId="8c84fa94-04c1-424b-9868-57a2d4851a1d" relativeResultsDirectory="8fc5b798-64ce-4772-9794-2d0a8b3eff1b" />
    <UnitTestResult executionId="3cca21e6-9f79-47e5-8a90-26cc611e5754" testId="17510853-dc9d-0e30-3c21-5738bddd2d2c" testName="WitchCityRope.Core.Tests.Entities.RegistrationTests.Confirm_PendingRegistrationWithCompletedPayment_ConfirmsSuccessfully" computerName="Unbutu-Ai-Chads-PC" duration="00:00:00.0105160" startTime="2025-09-11T15:38:39.6794135-04:00" endTime="2025-09-11T15:38:39.6898899-04:00" testType="13cdc9d9-ddb5-4fa4-a97d-d965ccfc6d4b" outcome="Passed" testListId="8c84fa94-04c1-424b-9868-57a2d4851a1d" relativeResultsDirectory="3cca21e6-9f79-47e5-8a90-26cc611e5754" />
  </Results>
  <TestDefinitions>
    <UnitTest name="WitchCityRope.Core.Tests.Entities.EventTests.UpdateDates_ValidFutureDates_UpdatesSuccessfully" storage="/home/chad/repos/witchcityrope-react/tests/witchcityrope.core.tests/bin/debug/net9.0/witchcityrope.core.tests.dll" id="9f763760-2f4c-fefb-9a56-8f2602c55157">
      <Execution id="13b6e4af-5f7f-4067-9702-1a5929801dd3" />
      <TestMethod codeBase="/home/chad/repos/witchcityrope-react/tests/WitchCityRope.Core.Tests/bin/Debug/net9.0/WitchCityRope.Core.Tests.dll" adapterTypeName="executor://xunit/VsTestRunner3/netcore/" className="WitchCityRope.Core.Tests.Entities.EventTests" name="UpdateDates_ValidFutureDates_UpdatesSuccessfully" />
    </UnitTest>
    <UnitTest name="WitchCityRope.Core.Tests.ValueObjects.MoneyTests.Create_ValidCurrency_CreatesSuccessfully(currency: &quot;GBP&quot;)" storage="/home/chad/repos/witchcityrope-react/tests/witchcityrope.core.tests/bin/debug/net9.0/witchcityrope.core.tests.dll" id="0e057b10-bf68-692c-a35c-76f267f90467">
      <Execution id="d7f489dc-eeec-44a1-a208-dc0f6378a143" />
      <TestMethod codeBase="/home/chad/repos/witchcityrope-react/tests/WitchCityRope.Core.Tests/bin/Debug/net9.0/WitchCityRope.Core.Tests.dll" adapterTypeName="executor://xunit/VsTestRunner3/netcore/" className="WitchCityRope.Core.Tests.ValueObjects.MoneyTests" name="Create_ValidCurrency_CreatesSuccessfully" />
    </UnitTest>
    <UnitTest name="WitchCityRope.Core.Tests.ValueObjects.MoneyTests.Subtract_InsufficientFunds_ThrowsDomainException" storage="/home/chad/repos/witchcityrope-react/tests/witchcityrope.core.tests/bin/debug/net9.0/witchcityrope.core.tests.dll" id="60d19a79-2c4a-6e5e-4d71-9a95960b7cd1">
      <Execution id="560f2c33-1376-4acc-b69d-baf21fdd5c59" />
      <TestMethod codeBase="/home/chad/repos/witchcityrope-react/tests/WitchCityRope.Core.Tests/bin/Debug/net9.0/WitchCityRope.Core.Tests.dll" adapterTypeName="executor://xunit/VsTestRunner3/netcore/" className="WitchCityRope.Core.Tests.ValueObjects.MoneyTests" name="Subtract_InsufficientFunds_ThrowsDomainException" />
    </UnitTest>
    <UnitTest name="WitchCityRope.Core.Tests.ValueObjects.EmailAddressTests.Create_EmailExceedsMaxLength_ThrowsDomainException" storage="/home/chad/repos/witchcityrope-react/tests/witchcityrope.core.tests/bin/debug/net9.0/witchcityrope.core.tests.dll" id="5103f879-550d-fbea-5ebd-81a2562bffc5">
      <Execution id="1c2c62db-8958-4864-b655-e711deedc32b" />
      <TestMethod codeBase="/home/chad/repos/witchcityrope-react/tests/WitchCityRope.Core.Tests/bin/Debug/net9.0/WitchCityRope.Core.Tests.dll" adapterTypeName="executor://xunit/VsTestRunner3/netcore/" className="WitchCityRope.Core.Tests.ValueObjects.EmailAddressTests" name="Create_EmailExceedsMaxLength_ThrowsDomainException" />
    </UnitTest>
    <UnitTest name="WitchCityRope.Core.Tests.Entities.RegistrationTests.IsEligibleForRefund_VariousTimings_ReturnsCorrectResult(hoursBeforeEvent: 47.899999999999999, expectedEligible: False)" storage="/home/chad/repos/witchcityrope-react/tests/witchcityrope.core.tests/bin/debug/net9.0/witchcityrope.core.tests.dll" id="2a16daf1-9828-ac46-13aa-565928c9b938">
      <Execution id="9483e7b6-0902-4ee2-95df-870bf5a9bb57" />
      <TestMethod codeBase="/home/chad/repos/witchcityrope-react/tests/WitchCityRope.Core.Tests/bin/Debug/net9.0/WitchCityRope.Core.Tests.dll" adapterTypeName="executor://xunit/VsTestRunner3/netcore/" className="WitchCityRope.Core.Tests.Entities.RegistrationTests" name="IsEligibleForRefund_VariousTimings_ReturnsCorrectResult" />
    </UnitTest>
    <UnitTest name="WitchCityRope.Core.Tests.ValueObjects.EmailAddressTests.Value_AlwaysLowercase(input: &quot;TEST@EXAMPLE.COM&quot;, expected: &quot;test@example.com&quot;)" storage="/home/chad/repos/witchcityrope-react/tests/witchcityrope.core.tests/bin/debug/net9.0/witchcityrope.core.tests.dll" id="e9ff79d1-7c74-ba00-c289-731f38c9ae9d">
      <Execution id="33333eaf-1ca9-4c85-bbf0-1d55486cc69a" />
      <TestMethod codeBase="/home/chad/repos/witchcityrope-react/tests/WitchCityRope.Core.Tests/bin/Debug/net9.0/WitchCityRope.Core.Tests.dll" adapterTypeName="executor://xunit/VsTestRunner3/netcore/" className="WitchCityRope.Core.Tests.ValueObjects.EmailAddressTests" name="Value_AlwaysLowercase" />
    </UnitTest>
    <UnitTest name="WitchCityRope.Core.Tests.ValueObjects.MoneyTests.ToDisplayString_VariousCurrencies_FormatsCorrectly(currency: &quot;GBP&quot;, expected: &quot;£10.50&quot;)" storage="/home/chad/repos/witchcityrope-react/tests/witchcityrope.core.tests/bin/debug/net9.0/witchcityrope.core.tests.dll" id="ae396dcc-673d-748e-2480-155148bbd99c">
      <Execution id="5f31ff39-f65f-433b-8afe-bbfbc206db9a" />
      <TestMethod codeBase="/home/chad/repos/witchcityrope-react/tests/WitchCityRope.Core.Tests/bin/Debug/net9.0/WitchCityRope.Core.Tests.dll" adapterTypeName="executor://xunit/VsTestRunner3/netcore/" className="WitchCityRope.Core.Tests.ValueObjects.MoneyTests" name="ToDisplayString_VariousCurrencies_FormatsCorrectly" />
    </UnitTest>
    <UnitTest name="WitchCityRope.Core.Tests.ValueObjects.SceneNameTests.ImplicitStringConversion_ReturnsValue" storage="/home/chad/repos/witchcityrope-react/tests/witchcityrope.core.tests/bin/debug/net9.0/witchcityrope.core.tests.dll" id="d5159d6d-2952-3694-1eec-00946e14957e">
      <Execution id="6fc27caa-a4d5-43ae-ae87-5dd8c9549833" />
      <TestMethod codeBase="/home/chad/repos/witchcityrope-react/tests/WitchCityRope.Core.Tests/bin/Debug/net9.0/WitchCityRope.Core.Tests.dll" adapterTypeName="executor://xunit/VsTestRunner3/netcore/" className="WitchCityRope.Core.Tests.ValueObjects.SceneNameTests" name="ImplicitStringConversion_ReturnsValue" />
    </UnitTest>
    <UnitTest name="WitchCityRope.Core.Tests.Entities.EventTests.Constructor_VariousCapacities_CreatesSuccessfully(capacity: 1000)" storage="/home/chad/repos/witchcityrope-react/tests/witchcityrope.core.tests/bin/debug/net9.0/witchcityrope.core.tests.dll" id="aa176635-c157-d6ec-5a41-2b2da25c3c08">
      <Execution id="5cd91d10-73fa-4544-95d1-5a480d1001d9" />
      <TestMethod codeBase="/home/chad/repos/witchcityrope-react/tests/WitchCityRope.Core.Tests/bin/Debug/net9.0/WitchCityRope.Core.Tests.dll" adapterTypeName="executor://xunit/VsTestRunner3/netcore/" className="WitchCityRope.Core.Tests.Entities.EventTests" name="Constructor_VariousCapacities_CreatesSuccessfully" />
    </UnitTest>
    <UnitTest name="WitchCityRope.Core.Tests.ValueObjects.SceneNameTests.Create_ValidSceneName_CreatesSuccessfully(name: &quot;SceneName&quot;)" storage="/home/chad/repos/witchcityrope-react/tests/witchcityrope.core.tests/bin/debug/net9.0/witchcityrope.core.tests.dll" id="d81728c7-49e8-e89f-b6c0-b279756a6680">
      <Execution id="cfbf3b2b-6b8e-4bd9-92ba-ea236376977b" />
      <TestMethod codeBase="/home/chad/repos/witchcityrope-react/tests/WitchCityRope.Core.Tests/bin/Debug/net9.0/WitchCityRope.Core.Tests.dll" adapterTypeName="executor://xunit/VsTestRunner3/netcore/" className="WitchCityRope.Core.Tests.ValueObjects.SceneNameTests" name="Create_ValidSceneName_CreatesSuccessfully" />
    </UnitTest>
    <UnitTest name="WitchCityRope.Core.Tests.Entities.RegistrationTests.IsEligibleForRefund_VariousTimings_ReturnsCorrectResult(hoursBeforeEvent: 49, expectedEligible: True)" storage="/home/chad/repos/witchcityrope-react/tests/witchcityrope.core.tests/bin/debug/net9.0/witchcityrope.core.tests.dll" id="6e366377-6d41-5fcc-48f5-0930249fee5e">
      <Execution id="9d191acd-891f-47b3-b818-272d75b9f63c" />
      <TestMethod codeBase="/home/chad/repos/witchcityrope-react/tests/WitchCityRope.Core.Tests/bin/Debug/net9.0/WitchCityRope.Core.Tests.dll" adapterTypeName="executor://xunit/VsTestRunner3/netcore/" className="WitchCityRope.Core.Tests.Entities.RegistrationTests" name="IsEligibleForRefund_VariousTimings_ReturnsCorrectResult" />
    </UnitTest>
    <UnitTest name="WitchCityRope.Core.Tests.ValueObjects.MoneyTests.OperatorMinus_SameCurrency_SubtractsSuccessfully" storage="/home/chad/repos/witchcityrope-react/tests/witchcityrope.core.tests/bin/debug/net9.0/witchcityrope.core.tests.dll" id="7d8e1bdd-5b0a-e86b-4cc6-21776e72712f">
      <Execution id="29ad29d2-34ae-4092-9d9e-2aab7e8f18e8" />
      <TestMethod codeBase="/home/chad/repos/witchcityrope-react/tests/WitchCityRope.Core.Tests/bin/Debug/net9.0/WitchCityRope.Core.Tests.dll" adapterTypeName="executor://xunit/VsTestRunner3/netcore/" className="WitchCityRope.Core.Tests.ValueObjects.MoneyTests" name="OperatorMinus_SameCurrency_SubtractsSuccessfully" />
    </UnitTest>
    <UnitTest name="WitchCityRope.Core.Tests.ValueObjects.EmailAddressTests.Create_EmptyOrNull_ThrowsArgumentException(email: &quot; &quot;)" storage="/home/chad/repos/witchcityrope-react/tests/witchcityrope.core.tests/bin/debug/net9.0/witchcityrope.core.tests.dll" id="64df16bb-168d-b86d-0c2a-41836ed7a731">
      <Execution id="3c81a57b-8485-4024-8551-daf723f274e2" />
      <TestMethod codeBase="/home/chad/repos/witchcityrope-react/tests/WitchCityRope.Core.Tests/bin/Debug/net9.0/WitchCityRope.Core.Tests.dll" adapterTypeName="executor://xunit/VsTestRunner3/netcore/" className="WitchCityRope.Core.Tests.ValueObjects.EmailAddressTests" name="Create_EmptyOrNull_ThrowsArgumentException" />
    </UnitTest>
    <UnitTest name="WitchCityRope.Core.Tests.ValueObjects.SceneNameTests.Create_TrimsWhitespace_ButPreservesInternalSpaces(input: &quot;Trailing Space  &quot;)" storage="/home/chad/repos/witchcityrope-react/tests/witchcityrope.core.tests/bin/debug/net9.0/witchcityrope.core.tests.dll" id="aa71a203-3d80-3323-0c0d-232f4f20becc">
      <Execution id="d542163e-d53a-4fda-80a3-9df3f838ddea" />
      <TestMethod codeBase="/home/chad/repos/witchcityrope-react/tests/WitchCityRope.Core.Tests/bin/Debug/net9.0/WitchCityRope.Core.Tests.dll" adapterTypeName="executor://xunit/VsTestRunner3/netcore/" className="WitchCityRope.Core.Tests.ValueObjects.SceneNameTests" name="Create_TrimsWhitespace_ButPreservesInternalSpaces" />
    </UnitTest>
    <UnitTest name="WitchCityRope.Core.Tests.Entities.RegistrationTests.Confirm_AlreadyConfirmed_ThrowsDomainException" storage="/home/chad/repos/witchcityrope-react/tests/witchcityrope.core.tests/bin/debug/net9.0/witchcityrope.core.tests.dll" id="438d3011-f46f-16f1-0e65-feb01a5ce604">
      <Execution id="f48bab72-5ff1-4fe9-90d5-3e59fb3ee1b3" />
      <TestMethod codeBase="/home/chad/repos/witchcityrope-react/tests/WitchCityRope.Core.Tests/bin/Debug/net9.0/WitchCityRope.Core.Tests.dll" adapterTypeName="executor://xunit/VsTestRunner3/netcore/" className="WitchCityRope.Core.Tests.Entities.RegistrationTests" name="Confirm_AlreadyConfirmed_ThrowsDomainException" />
    </UnitTest>
    <UnitTest name="WitchCityRope.Core.Tests.Entities.UserTests.Constructor_NullEmail_ThrowsArgumentNullException" storage="/home/chad/repos/witchcityrope-react/tests/witchcityrope.core.tests/bin/debug/net9.0/witchcityrope.core.tests.dll" id="445b2f5b-ab0f-f41e-344b-753a5cf07080">
      <Execution id="46d91d03-f435-4eb9-b87e-3d5ad1eede80" />
      <TestMethod codeBase="/home/chad/repos/witchcityrope-react/tests/WitchCityRope.Core.Tests/bin/Debug/net9.0/WitchCityRope.Core.Tests.dll" adapterTypeName="executor://xunit/VsTestRunner3/netcore/" className="WitchCityRope.Core.Tests.Entities.UserTests" name="Constructor_NullEmail_ThrowsArgumentNullException" />
    </UnitTest>
    <UnitTest name="WitchCityRope.Core.Tests.Entities.RegistrationTests.UpdateDietaryRestrictions_ActiveRegistration_UpdatesSuccessfully" storage="/home/chad/repos/witchcityrope-react/tests/witchcityrope.core.tests/bin/debug/net9.0/witchcityrope.core.tests.dll" id="478f96ed-2221-5007-b98f-8630532b55b1">
      <Execution id="236c3e68-ba2f-49b7-94f9-b2b8e47eae01" />
      <TestMethod codeBase="/home/chad/repos/witchcityrope-react/tests/WitchCityRope.Core.Tests/bin/Debug/net9.0/WitchCityRope.Core.Tests.dll" adapterTypeName="executor://xunit/VsTestRunner3/netcore/" className="WitchCityRope.Core.Tests.Entities.RegistrationTests" name="UpdateDietaryRestrictions_ActiveRegistration_UpdatesSuccessfully" />
    </UnitTest>
    <UnitTest name="WitchCityRope.Core.Tests.Entities.RegistrationTests.CheckIn_NotConfirmed_ThrowsDomainException" storage="/home/chad/repos/witchcityrope-react/tests/witchcityrope.core.tests/bin/debug/net9.0/witchcityrope.core.tests.dll" id="8dc4b32e-1d6e-f702-48ff-68937539ae3a">
      <Execution id="4eaddfb2-9e90-4b22-9def-bf91d3efc506" />
      <TestMethod codeBase="/home/chad/repos/witchcityrope-react/tests/WitchCityRope.Core.Tests/bin/Debug/net9.0/WitchCityRope.Core.Tests.dll" adapterTypeName="executor://xunit/VsTestRunner3/netcore/" className="WitchCityRope.Core.Tests.Entities.RegistrationTests" name="CheckIn_NotConfirmed_ThrowsDomainException" />
    </UnitTest>
    <UnitTest name="WitchCityRope.Core.Tests.Entities.RegistrationTests.UpdateAccessibilityNeeds_ActiveRegistration_UpdatesSuccessfully" storage="/home/chad/repos/witchcityrope-react/tests/witchcityrope.core.tests/bin/debug/net9.0/witchcityrope.core.tests.dll" id="0faa10f1-9b22-e3b7-c9cf-4a05f411e7a0">
      <Execution id="f72d54c6-7203-4b0e-ac2c-6ca307e4f188" />
      <TestMethod codeBase="/home/chad/repos/witchcityrope-react/tests/WitchCityRope.Core.Tests/bin/Debug/net9.0/WitchCityRope.Core.Tests.dll" adapterTypeName="executor://xunit/VsTestRunner3/netcore/" className="WitchCityRope.Core.Tests.Entities.RegistrationTests" name="UpdateAccessibilityNeeds_ActiveRegistration_UpdatesSuccessfully" />
    </UnitTest>
    <UnitTest name="WitchCityRope.Core.Tests.ValueObjects.EmailAddressTests.Create_InvalidFormat_ThrowsDomainException(email: &quot;@example.com&quot;)" storage="/home/chad/repos/witchcityrope-react/tests/witchcityrope.core.tests/bin/debug/net9.0/witchcityrope.core.tests.dll" id="1a4abce9-2b87-de2e-da5a-1c629644c66e">
      <Execution id="e53adf01-a3de-4d51-82b6-a84e690a894e" />
      <TestMethod codeBase="/home/chad/repos/witchcityrope-react/tests/WitchCityRope.Core.Tests/bin/Debug/net9.0/WitchCityRope.Core.Tests.dll" adapterTypeName="executor://xunit/VsTestRunner3/netcore/" className="WitchCityRope.Core.Tests.ValueObjects.EmailAddressTests" name="Create_InvalidFormat_ThrowsDomainException" />
    </UnitTest>
    <UnitTest name="WitchCityRope.Core.Tests.Entities.EventTests.Constructor_ZeroCapacity_ThrowsDomainException" storage="/home/chad/repos/witchcityrope-react/tests/witchcityrope.core.tests/bin/debug/net9.0/witchcityrope.core.tests.dll" id="bf813ab1-328d-8105-78c5-bea3e40472ac">
      <Execution id="7f2585b5-6f42-4146-980e-cff62761eab2" />
      <TestMethod codeBase="/home/chad/repos/witchcityrope-react/tests/WitchCityRope.Core.Tests/bin/Debug/net9.0/WitchCityRope.Core.Tests.dll" adapterTypeName="executor://xunit/VsTestRunner3/netcore/" className="WitchCityRope.Core.Tests.Entities.EventTests" name="Constructor_ZeroCapacity_ThrowsDomainException" />
    </UnitTest>
    <UnitTest name="WitchCityRope.Core.Tests.ValueObjects.MoneyTests.Create_ValidCurrency_CreatesSuccessfully(currency: &quot;CAD&quot;)" storage="/home/chad/repos/witchcityrope-react/tests/witchcityrope.core.tests/bin/debug/net9.0/witchcityrope.core.tests.dll" id="c13be69c-9ab3-60d1-faea-fc8d33dba310">
      <Execution id="46a0c164-b161-4fa6-8d2e-cbcde42e47f5" />
      <TestMethod codeBase="/home/chad/repos/witchcityrope-react/tests/WitchCityRope.Core.Tests/bin/Debug/net9.0/WitchCityRope.Core.Tests.dll" adapterTypeName="executor://xunit/VsTestRunner3/netcore/" className="WitchCityRope.Core.Tests.ValueObjects.MoneyTests" name="Create_ValidCurrency_CreatesSuccessfully" />
    </UnitTest>
    <UnitTest name="WitchCityRope.Core.Tests.ValueObjects.SceneNameTests.CaseInsensitiveComparison_WorksCorrectly(name1: &quot;Scene Name&quot;, name2: &quot;scene name&quot;)" storage="/home/chad/repos/witchcityrope-react/tests/witchcityrope.core.tests/bin/debug/net9.0/witchcityrope.core.tests.dll" id="2f21a058-e21f-cf4b-831f-a132a3f4eafc">
      <Execution id="5c13b505-5f47-434c-a288-9ae81df169a1" />
      <TestMethod codeBase="/home/chad/repos/witchcityrope-react/tests/WitchCityRope.Core.Tests/bin/Debug/net9.0/WitchCityRope.Core.Tests.dll" adapterTypeName="executor://xunit/VsTestRunner3/netcore/" className="WitchCityRope.Core.Tests.ValueObjects.SceneNameTests" name="CaseInsensitiveComparison_WorksCorrectly" />
    </UnitTest>
    <UnitTest name="WitchCityRope.Core.Tests.ValueObjects.MoneyTests.Create_ValidAmount_CreatesSuccessfully(amount: 9999.99)" storage="/home/chad/repos/witchcityrope-react/tests/witchcityrope.core.tests/bin/debug/net9.0/witchcityrope.core.tests.dll" id="38d6e065-1a55-e71e-b81e-ae9ea067e84e">
      <Execution id="b1486b71-7a3e-4560-b317-e389df3aab83" />
      <TestMethod codeBase="/home/chad/repos/witchcityrope-react/tests/WitchCityRope.Core.Tests/bin/Debug/net9.0/WitchCityRope.Core.Tests.dll" adapterTypeName="executor://xunit/VsTestRunner3/netcore/" className="WitchCityRope.Core.Tests.ValueObjects.MoneyTests" name="Create_ValidAmount_CreatesSuccessfully" />
    </UnitTest>
    <UnitTest name="WitchCityRope.Core.Tests.Entities.UserTests.UpdateSceneName_ValidSceneName_UpdatesSuccessfully" storage="/home/chad/repos/witchcityrope-react/tests/witchcityrope.core.tests/bin/debug/net9.0/witchcityrope.core.tests.dll" id="5a455a12-fe5d-d76b-6701-c651d0901ce0">
      <Execution id="91579776-a971-4580-9a54-5e498f1c4e17" />
      <TestMethod codeBase="/home/chad/repos/witchcityrope-react/tests/WitchCityRope.Core.Tests/bin/Debug/net9.0/WitchCityRope.Core.Tests.dll" adapterTypeName="executor://xunit/VsTestRunner3/netcore/" className="WitchCityRope.Core.Tests.Entities.UserTests" name="UpdateSceneName_ValidSceneName_UpdatesSuccessfully" />
    </UnitTest>
    <UnitTest name="WitchCityRope.Core.Tests.Entities.RegistrationTests.UpdateAccessibilityNeeds_CancelledRegistration_ThrowsDomainException" storage="/home/chad/repos/witchcityrope-react/tests/witchcityrope.core.tests/bin/debug/net9.0/witchcityrope.core.tests.dll" id="83b03134-a341-7baa-1ddc-e73e42ca0f1e">
      <Execution id="3daac88c-debd-4c9a-8774-161b79cff12d" />
      <TestMethod codeBase="/home/chad/repos/witchcityrope-react/tests/WitchCityRope.Core.Tests/bin/Debug/net9.0/WitchCityRope.Core.Tests.dll" adapterTypeName="executor://xunit/VsTestRunner3/netcore/" className="WitchCityRope.Core.Tests.Entities.RegistrationTests" name="UpdateAccessibilityNeeds_CancelledRegistration_ThrowsDomainException" />
    </UnitTest>
    <UnitTest name="WitchCityRope.Core.Tests.ValueObjects.MoneyTests.Create_ValidAmount_CreatesSuccessfully(amount: 0)" storage="/home/chad/repos/witchcityrope-react/tests/witchcityrope.core.tests/bin/debug/net9.0/witchcityrope.core.tests.dll" id="615864e0-c790-9bed-1d05-9dd7ad15c39e">
      <Execution id="8466025e-000f-4d06-ac84-be23ea72be74" />
      <TestMethod codeBase="/home/chad/repos/witchcityrope-react/tests/WitchCityRope.Core.Tests/bin/Debug/net9.0/WitchCityRope.Core.Tests.dll" adapterTypeName="executor://xunit/VsTestRunner3/netcore/" className="WitchCityRope.Core.Tests.ValueObjects.MoneyTests" name="Create_ValidAmount_CreatesSuccessfully" />
    </UnitTest>
    <UnitTest name="WitchCityRope.Core.Tests.Entities.RegistrationTests.Cancel_AfterCheckIn_ThrowsDomainException" storage="/home/chad/repos/witchcityrope-react/tests/witchcityrope.core.tests/bin/debug/net9.0/witchcityrope.core.tests.dll" id="8d20f875-f9f1-f972-48ca-5f006dd2b59b">
      <Execution id="bbd5f9a6-ce54-4396-a998-037d64b8baec" />
      <TestMethod codeBase="/home/chad/repos/witchcityrope-react/tests/WitchCityRope.Core.Tests/bin/Debug/net9.0/WitchCityRope.Core.Tests.dll" adapterTypeName="executor://xunit/VsTestRunner3/netcore/" className="WitchCityRope.Core.Tests.Entities.RegistrationTests" name="Cancel_AfterCheckIn_ThrowsDomainException" />
    </UnitTest>
    <UnitTest name="WitchCityRope.Core.Tests.Entities.RegistrationTests.Constructor_ValidData_CreatesRegistration" storage="/home/chad/repos/witchcityrope-react/tests/witchcityrope.core.tests/bin/debug/net9.0/witchcityrope.core.tests.dll" id="4456710a-57c1-169e-c51f-6d26dac4e142">
      <Execution id="aedf0e8f-4392-4426-8ed8-58be5756f2ad" />
      <TestMethod codeBase="/home/chad/repos/witchcityrope-react/tests/WitchCityRope.Core.Tests/bin/Debug/net9.0/WitchCityRope.Core.Tests.dll" adapterTypeName="executor://xunit/VsTestRunner3/netcore/" className="WitchCityRope.Core.Tests.Entities.RegistrationTests" name="Constructor_ValidData_CreatesRegistration" />
    </UnitTest>
    <UnitTest name="WitchCityRope.Core.Tests.Entities.UserTests.PromoteToRole_VariousScenarios_BehavesCorrectly(currentRole: Member, newRole: Organizer, shouldSucceed: True)" storage="/home/chad/repos/witchcityrope-react/tests/witchcityrope.core.tests/bin/debug/net9.0/witchcityrope.core.tests.dll" id="0956fa5d-4aed-486e-f7dc-84f44811deb3">
      <Execution id="4c11c4e8-65d2-43e8-931e-ed41af811841" />
      <TestMethod codeBase="/home/chad/repos/witchcityrope-react/tests/WitchCityRope.Core.Tests/bin/Debug/net9.0/WitchCityRope.Core.Tests.dll" adapterTypeName="executor://xunit/VsTestRunner3/netcore/" className="WitchCityRope.Core.Tests.Entities.UserTests" name="PromoteToRole_VariousScenarios_BehavesCorrectly" />
    </UnitTest>
    <UnitTest name="WitchCityRope.Core.Tests.Entities.EventTests.Constructor_NoPricingTiers_ThrowsDomainException" storage="/home/chad/repos/witchcityrope-react/tests/witchcityrope.core.tests/bin/debug/net9.0/witchcityrope.core.tests.dll" id="cb2ec5a2-32db-52c0-a6a1-934dccc75132">
      <Execution id="975ae9b4-e0f1-4324-ad95-a4bda66db991" />
      <TestMethod codeBase="/home/chad/repos/witchcityrope-react/tests/WitchCityRope.Core.Tests/bin/Debug/net9.0/WitchCityRope.Core.Tests.dll" adapterTypeName="executor://xunit/VsTestRunner3/netcore/" className="WitchCityRope.Core.Tests.Entities.EventTests" name="Constructor_NoPricingTiers_ThrowsDomainException" />
    </UnitTest>
    <UnitTest name="WitchCityRope.Core.Tests.Entities.RegistrationTests.Constructor_InvalidPrice_ThrowsDomainException" storage="/home/chad/repos/witchcityrope-react/tests/witchcityrope.core.tests/bin/debug/net9.0/witchcityrope.core.tests.dll" id="252a288d-ed9d-192f-9ca0-2b8477995f8a">
      <Execution id="99fe7fd0-85e4-4e7a-be66-c661829254e0" />
      <TestMethod codeBase="/home/chad/repos/witchcityrope-react/tests/WitchCityRope.Core.Tests/bin/Debug/net9.0/WitchCityRope.Core.Tests.dll" adapterTypeName="executor://xunit/VsTestRunner3/netcore/" className="WitchCityRope.Core.Tests.Entities.RegistrationTests" name="Constructor_InvalidPrice_ThrowsDomainException" />
    </UnitTest>
    <UnitTest name="WitchCityRope.Core.Tests.Entities.EventTests.RemoveOrganizer_LastOrganizer_ThrowsDomainException" storage="/home/chad/repos/witchcityrope-react/tests/witchcityrope.core.tests/bin/debug/net9.0/witchcityrope.core.tests.dll" id="ed1ab1b0-e0da-f61a-8479-70793f974089">
      <Execution id="1808a2b1-9421-4f27-92cc-4a983fc2cbe9" />
      <TestMethod codeBase="/home/chad/repos/witchcityrope-react/tests/WitchCityRope.Core.Tests/bin/Debug/net9.0/WitchCityRope.Core.Tests.dll" adapterTypeName="executor://xunit/VsTestRunner3/netcore/" className="WitchCityRope.Core.Tests.Entities.EventTests" name="RemoveOrganizer_LastOrganizer_ThrowsDomainException" />
    </UnitTest>
    <UnitTest name="WitchCityRope.Core.Tests.ValueObjects.EmailAddressTests.Create_EmptyOrNull_ThrowsArgumentException(email: &quot;&quot;)" storage="/home/chad/repos/witchcityrope-react/tests/witchcityrope.core.tests/bin/debug/net9.0/witchcityrope.core.tests.dll" id="9af443ab-4057-65b9-7737-294b29e1ff0f">
      <Execution id="8fc5b798-64ce-4772-9794-2d0a8b3eff1b" />
      <TestMethod codeBase="/home/chad/repos/witchcityrope-react/tests/WitchCityRope.Core.Tests/bin/Debug/net9.0/WitchCityRope.Core.Tests.dll" adapterTypeName="executor://xunit/VsTestRunner3/netcore/" className="WitchCityRope.Core.Tests.ValueObjects.EmailAddressTests" name="Create_EmptyOrNull_ThrowsArgumentException" />
    </UnitTest>
    <UnitTest name="WitchCityRope.Core.Tests.ValueObjects.SceneNameTests.Create_SingleCharacter_ThrowsDomainException" storage="/home/chad/repos/witchcityrope-react/tests/witchcityrope.core.tests/bin/debug/net9.0/witchcityrope.core.tests.dll" id="c774f67f-9417-304b-9fb5-ba0ee243e9da">
      <Execution id="fea999de-61ae-4066-b32f-c7777f96c4c5" />
      <TestMethod codeBase="/home/chad/repos/witchcityrope-react/tests/WitchCityRope.Core.Tests/bin/Debug/net9.0/WitchCityRope.Core.Tests.dll" adapterTypeName="executor://xunit/VsTestRunner3/netcore/" className="WitchCityRope.Core.Tests.ValueObjects.SceneNameTests" name="Create_SingleCharacter_ThrowsDomainException" />
    </UnitTest>
    <UnitTest name="WitchCityRope.Core.Tests.ValueObjects.MoneyTests.CompareTo_DifferentCurrency_ThrowsInvalidOperationException" storage="/home/chad/repos/witchcityrope-react/tests/witchcityrope.core.tests/bin/debug/net9.0/witchcityrope.core.tests.dll" id="a273b370-2d95-b550-7a4f-799e4a38d75a">
      <Execution id="23cd50f6-6eb2-4726-9cb2-4b08fb12b5b0" />
      <TestMethod codeBase="/home/chad/repos/witchcityrope-react/tests/WitchCityRope.Core.Tests/bin/Debug/net9.0/WitchCityRope.Core.Tests.dll" adapterTypeName="executor://xunit/VsTestRunner3/netcore/" className="WitchCityRope.Core.Tests.ValueObjects.MoneyTests" name="CompareTo_DifferentCurrency_ThrowsInvalidOperationException" />
    </UnitTest>
    <UnitTest name="WitchCityRope.Core.Tests.ValueObjects.EmailAddressTests.Create_EmptyOrNull_ThrowsArgumentException(email: null)" storage="/home/chad/repos/witchcityrope-react/tests/witchcityrope.core.tests/bin/debug/net9.0/witchcityrope.core.tests.dll" id="b8255f44-88d8-5031-490d-d1db53977af2">
      <Execution id="7af98492-571c-4938-807e-cf09d521f75a" />
      <TestMethod codeBase="/home/chad/repos/witchcityrope-react/tests/WitchCityRope.Core.Tests/bin/Debug/net9.0/WitchCityRope.Core.Tests.dll" adapterTypeName="executor://xunit/VsTestRunner3/netcore/" className="WitchCityRope.Core.Tests.ValueObjects.EmailAddressTests" name="Create_EmptyOrNull_ThrowsArgumentException" />
    </UnitTest>
    <UnitTest name="WitchCityRope.Core.Tests.ValueObjects.MoneyTests.Create_ValidCurrency_CreatesSuccessfully(currency: &quot;USD&quot;)" storage="/home/chad/repos/witchcityrope-react/tests/witchcityrope.core.tests/bin/debug/net9.0/witchcityrope.core.tests.dll" id="b02692b3-9a02-e92f-7382-524711238591">
      <Execution id="dd455b37-eef5-4023-8cf8-0935a876f687" />
      <TestMethod codeBase="/home/chad/repos/witchcityrope-react/tests/WitchCityRope.Core.Tests/bin/Debug/net9.0/WitchCityRope.Core.Tests.dll" adapterTypeName="executor://xunit/VsTestRunner3/netcore/" className="WitchCityRope.Core.Tests.ValueObjects.MoneyTests" name="Create_ValidCurrency_CreatesSuccessfully" />
    </UnitTest>
    <UnitTest name="WitchCityRope.Core.Tests.ValueObjects.EmailAddressTests.DisplayValue_PreservesOriginalCase(input: &quot;Test@Example.Com&quot;, expected: &quot;Test@Example.Com&quot;)" storage="/home/chad/repos/witchcityrope-react/tests/witchcityrope.core.tests/bin/debug/net9.0/witchcityrope.core.tests.dll" id="602812ce-9acf-c63f-3d9e-ab7e38da8bfb">
      <Execution id="e91135c3-d3e1-491e-9cb7-8836ec131f99" />
      <TestMethod codeBase="/home/chad/repos/witchcityrope-react/tests/WitchCityRope.Core.Tests/bin/Debug/net9.0/WitchCityRope.Core.Tests.dll" adapterTypeName="executor://xunit/VsTestRunner3/netcore/" className="WitchCityRope.Core.Tests.ValueObjects.EmailAddressTests" name="DisplayValue_PreservesOriginalCase" />
    </UnitTest>
    <UnitTest name="WitchCityRope.Core.Tests.ValueObjects.MoneyTests.Create_InvalidCurrencyLength_ThrowsDomainException(currency: &quot;US&quot;)" storage="/home/chad/repos/witchcityrope-react/tests/witchcityrope.core.tests/bin/debug/net9.0/witchcityrope.core.tests.dll" id="dbc99f96-723f-5c76-60ae-bc8aeab3b6c9">
      <Execution id="91faed2d-30ca-4aec-b00d-7a8bd3d47ccb" />
      <TestMethod codeBase="/home/chad/repos/witchcityrope-react/tests/WitchCityRope.Core.Tests/bin/Debug/net9.0/WitchCityRope.Core.Tests.dll" adapterTypeName="executor://xunit/VsTestRunner3/netcore/" className="WitchCityRope.Core.Tests.ValueObjects.MoneyTests" name="Create_InvalidCurrencyLength_ThrowsDomainException" />
    </UnitTest>
    <UnitTest name="WitchCityRope.Core.Tests.ValueObjects.SceneNameTests.Equals_DifferentNames_ReturnsFalse" storage="/home/chad/repos/witchcityrope-react/tests/witchcityrope.core.tests/bin/debug/net9.0/witchcityrope.core.tests.dll" id="347519fa-20da-2415-a333-db65c694b8f6">
      <Execution id="5a4da830-87a7-49d7-b7ce-494cb554bed3" />
      <TestMethod codeBase="/home/chad/repos/witchcityrope-react/tests/WitchCityRope.Core.Tests/bin/Debug/net9.0/WitchCityRope.Core.Tests.dll" adapterTypeName="executor://xunit/VsTestRunner3/netcore/" className="WitchCityRope.Core.Tests.ValueObjects.SceneNameTests" name="Equals_DifferentNames_ReturnsFalse" />
    </UnitTest>
    <UnitTest name="WitchCityRope.Core.Tests.Entities.UserTests.Registrations_NewUser_ReturnsEmptyCollection" storage="/home/chad/repos/witchcityrope-react/tests/witchcityrope.core.tests/bin/debug/net9.0/witchcityrope.core.tests.dll" id="5527d0db-ca8b-e7da-08c4-922b907c4840">
      <Execution id="4c2ccb76-b13a-4c74-8bad-d63ea3753c8d" />
      <TestMethod codeBase="/home/chad/repos/witchcityrope-react/tests/WitchCityRope.Core.Tests/bin/Debug/net9.0/WitchCityRope.Core.Tests.dll" adapterTypeName="executor://xunit/VsTestRunner3/netcore/" className="WitchCityRope.Core.Tests.Entities.UserTests" name="Registrations_NewUser_ReturnsEmptyCollection" />
    </UnitTest>
    <UnitTest name="WitchCityRope.Core.Tests.Entities.EventTests.Constructor_NegativeCapacity_ThrowsDomainException" storage="/home/chad/repos/witchcityrope-react/tests/witchcityrope.core.tests/bin/debug/net9.0/witchcityrope.core.tests.dll" id="7d873735-73f3-afa9-1dba-8902862c0ad8">
      <Execution id="9a8820ef-f8f3-4d12-8c7e-0892839e13f4" />
      <TestMethod codeBase="/home/chad/repos/witchcityrope-react/tests/WitchCityRope.Core.Tests/bin/Debug/net9.0/WitchCityRope.Core.Tests.dll" adapterTypeName="executor://xunit/VsTestRunner3/netcore/" className="WitchCityRope.Core.Tests.Entities.EventTests" name="Constructor_NegativeCapacity_ThrowsDomainException" />
    </UnitTest>
    <UnitTest name="WitchCityRope.Core.Tests.ValueObjects.MoneyTests.Multiply_ValidFactor_MultipliesSuccessfully(amount: 10.5, factor: 3, expected: 31.5)" storage="/home/chad/repos/witchcityrope-react/tests/witchcityrope.core.tests/bin/debug/net9.0/witchcityrope.core.tests.dll" id="574c936a-97e8-6930-d3e3-ee56b6e1968d">
      <Execution id="336eb3c0-5c74-4568-af8d-3f4a288fc830" />
      <TestMethod codeBase="/home/chad/repos/witchcityrope-react/tests/WitchCityRope.Core.Tests/bin/Debug/net9.0/WitchCityRope.Core.Tests.dll" adapterTypeName="executor://xunit/VsTestRunner3/netcore/" className="WitchCityRope.Core.Tests.ValueObjects.MoneyTests" name="Multiply_ValidFactor_MultipliesSuccessfully" />
    </UnitTest>
    <UnitTest name="WitchCityRope.Core.Tests.ValueObjects.EmailAddressTests.TryCreate_ValidEmail_ReturnsTrue" storage="/home/chad/repos/witchcityrope-react/tests/witchcityrope.core.tests/bin/debug/net9.0/witchcityrope.core.tests.dll" id="8d59d4a7-b732-33a6-63b7-f602524d5f67">
      <Execution id="39fa432e-8c6c-4f70-a91b-eb38664ca756" />
      <TestMethod codeBase="/home/chad/repos/witchcityrope-react/tests/WitchCityRope.Core.Tests/bin/Debug/net9.0/WitchCityRope.Core.Tests.dll" adapterTypeName="executor://xunit/VsTestRunner3/netcore/" className="WitchCityRope.Core.Tests.ValueObjects.EmailAddressTests" name="TryCreate_ValidEmail_ReturnsTrue" />
    </UnitTest>
    <UnitTest name="WitchCityRope.Core.Tests.Entities.RegistrationTests.Constructor_NullUser_ThrowsArgumentNullException" storage="/home/chad/repos/witchcityrope-react/tests/witchcityrope.core.tests/bin/debug/net9.0/witchcityrope.core.tests.dll" id="91f4eb05-11bd-5689-aac1-bef8fa038320">
      <Execution id="a4bd2386-e5ba-474d-b705-6886d10d602e" />
      <TestMethod codeBase="/home/chad/repos/witchcityrope-react/tests/WitchCityRope.Core.Tests/bin/Debug/net9.0/WitchCityRope.Core.Tests.dll" adapterTypeName="executor://xunit/VsTestRunner3/netcore/" className="WitchCityRope.Core.Tests.Entities.RegistrationTests" name="Constructor_NullUser_ThrowsArgumentNullException" />
    </UnitTest>
    <UnitTest name="WitchCityRope.Core.Tests.ValueObjects.SceneNameTests.Create_ExceedsMaxLength_ThrowsDomainException" storage="/home/chad/repos/witchcityrope-react/tests/witchcityrope.core.tests/bin/debug/net9.0/witchcityrope.core.tests.dll" id="bb63d3b1-377d-9b8b-04fd-78b169853397">
      <Execution id="0e05ea02-d65e-4de1-a1c1-07aebba799d7" />
      <TestMethod codeBase="/home/chad/repos/witchcityrope-react/tests/WitchCityRope.Core.Tests/bin/Debug/net9.0/WitchCityRope.Core.Tests.dll" adapterTypeName="executor://xunit/VsTestRunner3/netcore/" className="WitchCityRope.Core.Tests.ValueObjects.SceneNameTests" name="Create_ExceedsMaxLength_ThrowsDomainException" />
    </UnitTest>
    <UnitTest name="WitchCityRope.Core.Tests.ValueObjects.EmailAddressTests.Create_InvalidFormat_ThrowsDomainException(email: &quot;user name@example.com&quot;)" storage="/home/chad/repos/witchcityrope-react/tests/witchcityrope.core.tests/bin/debug/net9.0/witchcityrope.core.tests.dll" id="fab29629-ecda-5b7c-a197-ec8aaf8cb2b1">
      <Execution id="f7678274-53ba-4cad-8053-e2fb825874fc" />
      <TestMethod codeBase="/home/chad/repos/witchcityrope-react/tests/WitchCityRope.Core.Tests/bin/Debug/net9.0/WitchCityRope.Core.Tests.dll" adapterTypeName="executor://xunit/VsTestRunner3/netcore/" className="WitchCityRope.Core.Tests.ValueObjects.EmailAddressTests" name="Create_InvalidFormat_ThrowsDomainException" />
    </UnitTest>
    <UnitTest name="WitchCityRope.Core.Tests.ValueObjects.EmailAddressTests.Create_ValidEmail_CreatesSuccessfully(email: &quot;user.name@example.com&quot;)" storage="/home/chad/repos/witchcityrope-react/tests/witchcityrope.core.tests/bin/debug/net9.0/witchcityrope.core.tests.dll" id="0ff1a7b2-6bb9-42a4-2271-8b9a55b04a36">
      <Execution id="3a718060-8344-4326-81e4-549705f29db3" />
      <TestMethod codeBase="/home/chad/repos/witchcityrope-react/tests/WitchCityRope.Core.Tests/bin/Debug/net9.0/WitchCityRope.Core.Tests.dll" adapterTypeName="executor://xunit/VsTestRunner3/netcore/" className="WitchCityRope.Core.Tests.ValueObjects.EmailAddressTests" name="Create_ValidEmail_CreatesSuccessfully" />
    </UnitTest>
    <UnitTest name="WitchCityRope.Core.Tests.ValueObjects.SceneNameTests.Create_ExactlyMinLength_CreatesSuccessfully" storage="/home/chad/repos/witchcityrope-react/tests/witchcityrope.core.tests/bin/debug/net9.0/witchcityrope.core.tests.dll" id="03fa85b2-43b0-99e5-97e9-18bd4cd6c123">
      <Execution id="a3d3bf3f-50f1-4ea6-9565-a7ad42096c04" />
      <TestMethod codeBase="/home/chad/repos/witchcityrope-react/tests/WitchCityRope.Core.Tests/bin/Debug/net9.0/WitchCityRope.Core.Tests.dll" adapterTypeName="executor://xunit/VsTestRunner3/netcore/" className="WitchCityRope.Core.Tests.ValueObjects.SceneNameTests" name="Create_ExactlyMinLength_CreatesSuccessfully" />
    </UnitTest>
    <UnitTest name="WitchCityRope.Core.Tests.ValueObjects.MoneyTests.Create_EmptyCurrency_ThrowsArgumentException(currency: null)" storage="/home/chad/repos/witchcityrope-react/tests/witchcityrope.core.tests/bin/debug/net9.0/witchcityrope.core.tests.dll" id="c85d19fa-2a2d-a911-c9ff-d701b01bca76">
      <Execution id="c9410eb8-505c-4c2c-aac0-0b7e6615082e" />
      <TestMethod codeBase="/home/chad/repos/witchcityrope-react/tests/WitchCityRope.Core.Tests/bin/Debug/net9.0/WitchCityRope.Core.Tests.dll" adapterTypeName="executor://xunit/VsTestRunner3/netcore/" className="WitchCityRope.Core.Tests.ValueObjects.MoneyTests" name="Create_EmptyCurrency_ThrowsArgumentException" />
    </UnitTest>
    <UnitTest name="WitchCityRope.Core.Tests.Entities.UserTests.Constructor_ValidData_CreatesUser" storage="/home/chad/repos/witchcityrope-react/tests/witchcityrope.core.tests/bin/debug/net9.0/witchcityrope.core.tests.dll" id="9be31e2b-f3e8-8c08-dd98-d5e45bfef077">
      <Execution id="7e0139d9-9487-463e-a56a-7d713ac575fd" />
      <TestMethod codeBase="/home/chad/repos/witchcityrope-react/tests/WitchCityRope.Core.Tests/bin/Debug/net9.0/WitchCityRope.Core.Tests.dll" adapterTypeName="executor://xunit/VsTestRunner3/netcore/" className="WitchCityRope.Core.Tests.Entities.UserTests" name="Constructor_ValidData_CreatesUser" />
    </UnitTest>
    <UnitTest name="WitchCityRope.Core.Tests.Entities.EventTests.GetAvailableSpots_FullCapacity_ReturnsCapacity" storage="/home/chad/repos/witchcityrope-react/tests/witchcityrope.core.tests/bin/debug/net9.0/witchcityrope.core.tests.dll" id="7cfbf625-df92-ef50-1f46-50f40c1d104f">
      <Execution id="81166f4c-1d36-40dd-a6fd-9fe6c32d1021" />
      <TestMethod codeBase="/home/chad/repos/witchcityrope-react/tests/WitchCityRope.Core.Tests/bin/Debug/net9.0/WitchCityRope.Core.Tests.dll" adapterTypeName="executor://xunit/VsTestRunner3/netcore/" className="WitchCityRope.Core.Tests.Entities.EventTests" name="GetAvailableSpots_FullCapacity_ReturnsCapacity" />
    </UnitTest>
    <UnitTest name="WitchCityRope.Core.Tests.Entities.UserTests.Constructor_UnderageUser_ThrowsDomainException" storage="/home/chad/repos/witchcityrope-react/tests/witchcityrope.core.tests/bin/debug/net9.0/witchcityrope.core.tests.dll" id="f7294f44-14ca-4699-6daa-7c708f502a76">
      <Execution id="cd0575d6-560e-4fc1-a999-6611e72517a9" />
      <TestMethod codeBase="/home/chad/repos/witchcityrope-react/tests/WitchCityRope.Core.Tests/bin/Debug/net9.0/WitchCityRope.Core.Tests.dll" adapterTypeName="executor://xunit/VsTestRunner3/netcore/" className="WitchCityRope.Core.Tests.Entities.UserTests" name="Constructor_UnderageUser_ThrowsDomainException" />
    </UnitTest>
    <UnitTest name="WitchCityRope.Core.Tests.ValueObjects.MoneyTests.Create_InvalidCurrencyLength_ThrowsDomainException(currency: &quot;USDD&quot;)" storage="/home/chad/repos/witchcityrope-react/tests/witchcityrope.core.tests/bin/debug/net9.0/witchcityrope.core.tests.dll" id="070a6f14-3a30-3377-c694-35b4f6e518ef">
      <Execution id="cd542c53-ecf4-401c-9461-54186203b567" />
      <TestMethod codeBase="/home/chad/repos/witchcityrope-react/tests/WitchCityRope.Core.Tests/bin/Debug/net9.0/WitchCityRope.Core.Tests.dll" adapterTypeName="executor://xunit/VsTestRunner3/netcore/" className="WitchCityRope.Core.Tests.ValueObjects.MoneyTests" name="Create_InvalidCurrencyLength_ThrowsDomainException" />
    </UnitTest>
    <UnitTest name="WitchCityRope.Core.Tests.Entities.RegistrationTests.Constructor_NullEvent_ThrowsArgumentNullException" storage="/home/chad/repos/witchcityrope-react/tests/witchcityrope.core.tests/bin/debug/net9.0/witchcityrope.core.tests.dll" id="76502293-5fdb-4247-1645-eaa6b94012dc">
      <Execution id="ab832754-bd48-4337-afa3-89b69a2eb7f2" />
      <TestMethod codeBase="/home/chad/repos/witchcityrope-react/tests/WitchCityRope.Core.Tests/bin/Debug/net9.0/WitchCityRope.Core.Tests.dll" adapterTypeName="executor://xunit/VsTestRunner3/netcore/" className="WitchCityRope.Core.Tests.Entities.RegistrationTests" name="Constructor_NullEvent_ThrowsArgumentNullException" />
    </UnitTest>
    <UnitTest name="WitchCityRope.Core.Tests.ValueObjects.MoneyTests.Create_NumericCurrency_ThrowsDomainException" storage="/home/chad/repos/witchcityrope-react/tests/witchcityrope.core.tests/bin/debug/net9.0/witchcityrope.core.tests.dll" id="36ce1916-f738-bf06-e525-9bcb167b94be">
      <Execution id="6b7b136d-473a-4b79-ae92-32636bfaea10" />
      <TestMethod codeBase="/home/chad/repos/witchcityrope-react/tests/WitchCityRope.Core.Tests/bin/Debug/net9.0/WitchCityRope.Core.Tests.dll" adapterTypeName="executor://xunit/VsTestRunner3/netcore/" className="WitchCityRope.Core.Tests.ValueObjects.MoneyTests" name="Create_NumericCurrency_ThrowsDomainException" />
    </UnitTest>
    <UnitTest name="WitchCityRope.Core.Tests.ValueObjects.EmailAddressTests.Create_ValidEmail_CreatesSuccessfully(email: &quot;test123@subdomain.example.com&quot;)" storage="/home/chad/repos/witchcityrope-react/tests/witchcityrope.core.tests/bin/debug/net9.0/witchcityrope.core.tests.dll" id="8122439b-37fb-4922-97ba-e403cc364eed">
      <Execution id="a7c594de-8c9d-4817-9501-d1e410f12bb0" />
      <TestMethod codeBase="/home/chad/repos/witchcityrope-react/tests/WitchCityRope.Core.Tests/bin/Debug/net9.0/WitchCityRope.Core.Tests.dll" adapterTypeName="executor://xunit/VsTestRunner3/netcore/" className="WitchCityRope.Core.Tests.ValueObjects.EmailAddressTests" name="Create_ValidEmail_CreatesSuccessfully" />
    </UnitTest>
    <UnitTest name="WitchCityRope.Core.Tests.ValueObjects.EmailAddressTests.ImplicitStringConversion_ReturnsDisplayValue" storage="/home/chad/repos/witchcityrope-react/tests/witchcityrope.core.tests/bin/debug/net9.0/witchcityrope.core.tests.dll" id="18f0023f-b7b6-64e0-d99f-67f362201e02">
      <Execution id="9a66dd7f-1af1-49ab-848c-4a4f7bfc8aa6" />
      <TestMethod codeBase="/home/chad/repos/witchcityrope-react/tests/WitchCityRope.Core.Tests/bin/Debug/net9.0/WitchCityRope.Core.Tests.dll" adapterTypeName="executor://xunit/VsTestRunner3/netcore/" className="WitchCityRope.Core.Tests.ValueObjects.EmailAddressTests" name="ImplicitStringConversion_ReturnsDisplayValue" />
    </UnitTest>
    <UnitTest name="WitchCityRope.Core.Tests.Entities.EventTests.AddOrganizer_DuplicateOrganizer_ThrowsDomainException" storage="/home/chad/repos/witchcityrope-react/tests/witchcityrope.core.tests/bin/debug/net9.0/witchcityrope.core.tests.dll" id="e85fed14-ca9f-a204-a5c5-cb8f12de0b8e">
      <Execution id="6a144f34-fbf1-4857-9a43-a2202531bbaf" />
      <TestMethod codeBase="/home/chad/repos/witchcityrope-react/tests/WitchCityRope.Core.Tests/bin/Debug/net9.0/WitchCityRope.Core.Tests.dll" adapterTypeName="executor://xunit/VsTestRunner3/netcore/" className="WitchCityRope.Core.Tests.Entities.EventTests" name="AddOrganizer_DuplicateOrganizer_ThrowsDomainException" />
    </UnitTest>
    <UnitTest name="WitchCityRope.Core.Tests.Entities.RegistrationTests.Constructor_SelectsHighestPriceTier_ValidatesSuccessfully" storage="/home/chad/repos/witchcityrope-react/tests/witchcityrope.core.tests/bin/debug/net9.0/witchcityrope.core.tests.dll" id="627dc205-8966-14e4-f275-84a93649715d">
      <Execution id="ab531330-a77f-4597-8284-edda88f6a56b" />
      <TestMethod codeBase="/home/chad/repos/witchcityrope-react/tests/WitchCityRope.Core.Tests/bin/Debug/net9.0/WitchCityRope.Core.Tests.dll" adapterTypeName="executor://xunit/VsTestRunner3/netcore/" className="WitchCityRope.Core.Tests.Entities.RegistrationTests" name="Constructor_SelectsHighestPriceTier_ValidatesSuccessfully" />
    </UnitTest>
    <UnitTest name="WitchCityRope.Core.Tests.ValueObjects.SceneNameTests.Create_TrimsWhitespace_ButPreservesInternalSpaces(input: &quot;  Both Spaces  &quot;)" storage="/home/chad/repos/witchcityrope-react/tests/witchcityrope.core.tests/bin/debug/net9.0/witchcityrope.core.tests.dll" id="d62e8641-98ea-1230-1843-e706f07349bc">
      <Execution id="021fca33-81a6-4536-853c-97f9e22c5c82" />
      <TestMethod codeBase="/home/chad/repos/witchcityrope-react/tests/WitchCityRope.Core.Tests/bin/Debug/net9.0/WitchCityRope.Core.Tests.dll" adapterTypeName="executor://xunit/VsTestRunner3/netcore/" className="WitchCityRope.Core.Tests.ValueObjects.SceneNameTests" name="Create_TrimsWhitespace_ButPreservesInternalSpaces" />
    </UnitTest>
    <UnitTest name="WitchCityRope.Core.Tests.Entities.UserTests.PromoteToRole_VariousScenarios_BehavesCorrectly(currentRole: Administrator, newRole: Administrator, shouldSucceed: False)" storage="/home/chad/repos/witchcityrope-react/tests/witchcityrope.core.tests/bin/debug/net9.0/witchcityrope.core.tests.dll" id="361c1120-aeb7-b54d-75a2-9ae03fb892c4">
      <Execution id="497c2af0-8023-4b93-a9c7-339d760cb33b" />
      <TestMethod codeBase="/home/chad/repos/witchcityrope-react/tests/WitchCityRope.Core.Tests/bin/Debug/net9.0/WitchCityRope.Core.Tests.dll" adapterTypeName="executor://xunit/VsTestRunner3/netcore/" className="WitchCityRope.Core.Tests.Entities.UserTests" name="PromoteToRole_VariousScenarios_BehavesCorrectly" />
    </UnitTest>
    <UnitTest name="WitchCityRope.Core.Tests.ValueObjects.MoneyTests.ToDisplayString_VariousCurrencies_FormatsCorrectly(currency: &quot;EUR&quot;, expected: &quot;€10.50&quot;)" storage="/home/chad/repos/witchcityrope-react/tests/witchcityrope.core.tests/bin/debug/net9.0/witchcityrope.core.tests.dll" id="0bfa9a81-3d14-9055-54e8-e5fb35de7fcb">
      <Execution id="776072ef-86eb-4a4e-b44b-566b41b2171f" />
      <TestMethod codeBase="/home/chad/repos/witchcityrope-react/tests/WitchCityRope.Core.Tests/bin/Debug/net9.0/WitchCityRope.Core.Tests.dll" adapterTypeName="executor://xunit/VsTestRunner3/netcore/" className="WitchCityRope.Core.Tests.ValueObjects.MoneyTests" name="ToDisplayString_VariousCurrencies_FormatsCorrectly" />
    </UnitTest>
    <UnitTest name="WitchCityRope.Core.Tests.ValueObjects.MoneyTests.ToDisplayString_VariousCurrencies_FormatsCorrectly(currency: &quot;CAD&quot;, expected: &quot;CAD 10.50&quot;)" storage="/home/chad/repos/witchcityrope-react/tests/witchcityrope.core.tests/bin/debug/net9.0/witchcityrope.core.tests.dll" id="99678022-cb23-0a38-5149-ac4d37b69a85">
      <Execution id="ee22e68f-c373-48b3-8d3c-ac3260a8305e" />
      <TestMethod codeBase="/home/chad/repos/witchcityrope-react/tests/WitchCityRope.Core.Tests/bin/Debug/net9.0/WitchCityRope.Core.Tests.dll" adapterTypeName="executor://xunit/VsTestRunner3/netcore/" className="WitchCityRope.Core.Tests.ValueObjects.MoneyTests" name="ToDisplayString_VariousCurrencies_FormatsCorrectly" />
    </UnitTest>
    <UnitTest name="WitchCityRope.Core.Tests.ValueObjects.MoneyTests.GetHashCode_SameValues_ReturnsSameHash" storage="/home/chad/repos/witchcityrope-react/tests/witchcityrope.core.tests/bin/debug/net9.0/witchcityrope.core.tests.dll" id="83f6ab29-21e5-3ac7-386b-8fc4ab977c78">
      <Execution id="c03c954b-72ce-4ba3-ba13-3506623f7bf4" />
      <TestMethod codeBase="/home/chad/repos/witchcityrope-react/tests/WitchCityRope.Core.Tests/bin/Debug/net9.0/WitchCityRope.Core.Tests.dll" adapterTypeName="executor://xunit/VsTestRunner3/netcore/" className="WitchCityRope.Core.Tests.ValueObjects.MoneyTests" name="GetHashCode_SameValues_ReturnsSameHash" />
    </UnitTest>
    <UnitTest name="WitchCityRope.Core.Tests.ValueObjects.SceneNameTests.Create_TrimsWhitespace_ButPreservesInternalSpaces(input: &quot;  Leading Space&quot;)" storage="/home/chad/repos/witchcityrope-react/tests/witchcityrope.core.tests/bin/debug/net9.0/witchcityrope.core.tests.dll" id="789befc7-bdb1-4aa4-6ce3-ddf2fed3eb3a">
      <Execution id="35826598-c823-4a2b-b38e-0585d902a706" />
      <TestMethod codeBase="/home/chad/repos/witchcityrope-react/tests/WitchCityRope.Core.Tests/bin/Debug/net9.0/WitchCityRope.Core.Tests.dll" adapterTypeName="executor://xunit/VsTestRunner3/netcore/" className="WitchCityRope.Core.Tests.ValueObjects.SceneNameTests" name="Create_TrimsWhitespace_ButPreservesInternalSpaces" />
    </UnitTest>
    <UnitTest name="WitchCityRope.Core.Tests.Entities.UserTests.PromoteToRole_VariousScenarios_BehavesCorrectly(currentRole: Moderator, newRole: Administrator, shouldSucceed: True)" storage="/home/chad/repos/witchcityrope-react/tests/witchcityrope.core.tests/bin/debug/net9.0/witchcityrope.core.tests.dll" id="5c142862-68a4-3e0d-3caa-944a88c5d807">
      <Execution id="911b6aba-584b-46b4-99b6-77e90cb2b062" />
      <TestMethod codeBase="/home/chad/repos/witchcityrope-react/tests/WitchCityRope.Core.Tests/bin/Debug/net9.0/WitchCityRope.Core.Tests.dll" adapterTypeName="executor://xunit/VsTestRunner3/netcore/" className="WitchCityRope.Core.Tests.Entities.UserTests" name="PromoteToRole_VariousScenarios_BehavesCorrectly" />
    </UnitTest>
    <UnitTest name="WitchCityRope.Core.Tests.Entities.RegistrationTests.StatusTransitions_VariousScenarios_BehavesCorrectly(initialStatus: Pending, targetStatus: Confirmed, shouldSucceed: True)" storage="/home/chad/repos/witchcityrope-react/tests/witchcityrope.core.tests/bin/debug/net9.0/witchcityrope.core.tests.dll" id="579f4e01-958b-4fd8-6be0-77bb51850a72">
      <Execution id="d4ef8eae-4983-4ae1-9a2b-ed77baf04ffa" />
      <TestMethod codeBase="/home/chad/repos/witchcityrope-react/tests/WitchCityRope.Core.Tests/bin/Debug/net9.0/WitchCityRope.Core.Tests.dll" adapterTypeName="executor://xunit/VsTestRunner3/netcore/" className="WitchCityRope.Core.Tests.Entities.RegistrationTests" name="StatusTransitions_VariousScenarios_BehavesCorrectly" />
    </UnitTest>
    <UnitTest name="WitchCityRope.Core.Tests.Entities.UserTests.VettingApplications_NewUser_ReturnsEmptyCollection" storage="/home/chad/repos/witchcityrope-react/tests/witchcityrope.core.tests/bin/debug/net9.0/witchcityrope.core.tests.dll" id="052861ce-b146-5192-7743-f88dfaaffc4d">
      <Execution id="878bb49f-ea1e-46b7-92b3-f9f879456e12" />
      <TestMethod codeBase="/home/chad/repos/witchcityrope-react/tests/WitchCityRope.Core.Tests/bin/Debug/net9.0/WitchCityRope.Core.Tests.dll" adapterTypeName="executor://xunit/VsTestRunner3/netcore/" className="WitchCityRope.Core.Tests.Entities.UserTests" name="VettingApplications_NewUser_ReturnsEmptyCollection" />
    </UnitTest>
    <UnitTest name="WitchCityRope.Core.Tests.ValueObjects.MoneyTests.Multiply_ValidFactor_MultipliesSuccessfully(amount: 100, factor: 0.5, expected: 50)" storage="/home/chad/repos/witchcityrope-react/tests/witchcityrope.core.tests/bin/debug/net9.0/witchcityrope.core.tests.dll" id="cb9cb4dd-d91f-3a8b-e093-61069c975ba7">
      <Execution id="f495f856-d770-4bdf-818c-e62356434e8a" />
      <TestMethod codeBase="/home/chad/repos/witchcityrope-react/tests/WitchCityRope.Core.Tests/bin/Debug/net9.0/WitchCityRope.Core.Tests.dll" adapterTypeName="executor://xunit/VsTestRunner3/netcore/" className="WitchCityRope.Core.Tests.ValueObjects.MoneyTests" name="Multiply_ValidFactor_MultipliesSuccessfully" />
    </UnitTest>
    <UnitTest name="WitchCityRope.Core.Tests.Entities.UserTests.PromoteToRole_HigherRole_PromotesSuccessfully" storage="/home/chad/repos/witchcityrope-react/tests/witchcityrope.core.tests/bin/debug/net9.0/witchcityrope.core.tests.dll" id="305b144b-8ed9-0941-31df-2aff6a8173dd">
      <Execution id="ca7185e6-0c91-4017-808f-97059f186fe6" />
      <TestMethod codeBase="/home/chad/repos/witchcityrope-react/tests/WitchCityRope.Core.Tests/bin/Debug/net9.0/WitchCityRope.Core.Tests.dll" adapterTypeName="executor://xunit/VsTestRunner3/netcore/" className="WitchCityRope.Core.Tests.Entities.UserTests" name="PromoteToRole_HigherRole_PromotesSuccessfully" />
    </UnitTest>
    <UnitTest name="WitchCityRope.Core.Tests.ValueObjects.EmailAddressTests.TryCreate_InvalidEmail_ReturnsFalse(invalidEmail: &quot;&quot;)" storage="/home/chad/repos/witchcityrope-react/tests/witchcityrope.core.tests/bin/debug/net9.0/witchcityrope.core.tests.dll" id="c79ecd78-0d7c-8763-abc4-4db98409363a">
      <Execution id="86522997-63f5-4368-a303-dc8800cda328" />
      <TestMethod codeBase="/home/chad/repos/witchcityrope-react/tests/WitchCityRope.Core.Tests/bin/Debug/net9.0/WitchCityRope.Core.Tests.dll" adapterTypeName="executor://xunit/VsTestRunner3/netcore/" className="WitchCityRope.Core.Tests.ValueObjects.EmailAddressTests" name="TryCreate_InvalidEmail_ReturnsFalse" />
    </UnitTest>
    <UnitTest name="WitchCityRope.Core.Tests.ValueObjects.MoneyTests.Add_NullMoney_ThrowsArgumentNullException" storage="/home/chad/repos/witchcityrope-react/tests/witchcityrope.core.tests/bin/debug/net9.0/witchcityrope.core.tests.dll" id="4f10845f-3ec6-4a9c-4c1b-d5a02341ac26">
      <Execution id="52876ee6-9043-4753-bc97-f929bf7468c6" />
      <TestMethod codeBase="/home/chad/repos/witchcityrope-react/tests/WitchCityRope.Core.Tests/bin/Debug/net9.0/WitchCityRope.Core.Tests.dll" adapterTypeName="executor://xunit/VsTestRunner3/netcore/" className="WitchCityRope.Core.Tests.ValueObjects.MoneyTests" name="Add_NullMoney_ThrowsArgumentNullException" />
    </UnitTest>
    <UnitTest name="WitchCityRope.Core.Tests.ValueObjects.SceneNameTests.Create_ValidSceneName_CreatesSuccessfully(name: &quot;Scene_Name_123&quot;)" storage="/home/chad/repos/witchcityrope-react/tests/witchcityrope.core.tests/bin/debug/net9.0/witchcityrope.core.tests.dll" id="958f5f16-2ddf-2665-85ad-94a609e1cd4b">
      <Execution id="27d25701-7dbb-4dca-b1cf-8eeeaf6e12d5" />
      <TestMethod codeBase="/home/chad/repos/witchcityrope-react/tests/WitchCityRope.Core.Tests/bin/Debug/net9.0/WitchCityRope.Core.Tests.dll" adapterTypeName="executor://xunit/VsTestRunner3/netcore/" className="WitchCityRope.Core.Tests.ValueObjects.SceneNameTests" name="Create_ValidSceneName_CreatesSuccessfully" />
    </UnitTest>
    <UnitTest name="WitchCityRope.Core.Tests.Entities.RegistrationTests.Constructor_NullSelectedPrice_ThrowsArgumentNullException" storage="/home/chad/repos/witchcityrope-react/tests/witchcityrope.core.tests/bin/debug/net9.0/witchcityrope.core.tests.dll" id="0df1aa3b-c928-8b6a-0977-0b4429c2ad4f">
      <Execution id="8a9248c0-1c1f-481e-ba37-4d60054f0b77" />
      <TestMethod codeBase="/home/chad/repos/witchcityrope-react/tests/WitchCityRope.Core.Tests/bin/Debug/net9.0/WitchCityRope.Core.Tests.dll" adapterTypeName="executor://xunit/VsTestRunner3/netcore/" className="WitchCityRope.Core.Tests.Entities.RegistrationTests" name="Constructor_NullSelectedPrice_ThrowsArgumentNullException" />
    </UnitTest>
    <UnitTest name="WitchCityRope.Core.Tests.ValueObjects.MoneyTests.Multiply_NegativeFactor_ThrowsDomainException" storage="/home/chad/repos/witchcityrope-react/tests/witchcityrope.core.tests/bin/debug/net9.0/witchcityrope.core.tests.dll" id="6ddccc30-c396-7d9f-3818-e26a56602056">
      <Execution id="0bae2a35-9349-49f5-8444-e0dac8421e11" />
      <TestMethod codeBase="/home/chad/repos/witchcityrope-react/tests/WitchCityRope.Core.Tests/bin/Debug/net9.0/WitchCityRope.Core.Tests.dll" adapterTypeName="executor://xunit/VsTestRunner3/netcore/" className="WitchCityRope.Core.Tests.ValueObjects.MoneyTests" name="Multiply_NegativeFactor_ThrowsDomainException" />
    </UnitTest>
    <UnitTest name="WitchCityRope.Core.Tests.ValueObjects.EmailAddressTests.Create_InvalidFormat_ThrowsDomainException(email: &quot;notanemail&quot;)" storage="/home/chad/repos/witchcityrope-react/tests/witchcityrope.core.tests/bin/debug/net9.0/witchcityrope.core.tests.dll" id="f7f4c0ce-ef99-e663-6486-bae7dca0985d">
      <Execution id="b9a9364b-b884-4387-9c9f-24dd8fc83c9c" />
      <TestMethod codeBase="/home/chad/repos/witchcityrope-react/tests/WitchCityRope.Core.Tests/bin/Debug/net9.0/WitchCityRope.Core.Tests.dll" adapterTypeName="executor://xunit/VsTestRunner3/netcore/" className="WitchCityRope.Core.Tests.ValueObjects.EmailAddressTests" name="Create_InvalidFormat_ThrowsDomainException" />
    </UnitTest>
    <UnitTest name="WitchCityRope.Core.Tests.Entities.EventTests.Constructor_StartDateAfterEndDate_ThrowsDomainException" storage="/home/chad/repos/witchcityrope-react/tests/witchcityrope.core.tests/bin/debug/net9.0/witchcityrope.core.tests.dll" id="c05012ef-d0ab-afcf-bc6a-16ea57c9f455">
      <Execution id="4a630d81-f058-4276-a3bb-eebcb6241757" />
      <TestMethod codeBase="/home/chad/repos/witchcityrope-react/tests/WitchCityRope.Core.Tests/bin/Debug/net9.0/WitchCityRope.Core.Tests.dll" adapterTypeName="executor://xunit/VsTestRunner3/netcore/" className="WitchCityRope.Core.Tests.Entities.EventTests" name="Constructor_StartDateAfterEndDate_ThrowsDomainException" />
    </UnitTest>
    <UnitTest name="WitchCityRope.Core.Tests.Entities.EventTests.Unpublish_NotPublished_ThrowsDomainException" storage="/home/chad/repos/witchcityrope-react/tests/witchcityrope.core.tests/bin/debug/net9.0/witchcityrope.core.tests.dll" id="b5bc20a8-2c58-a4d4-fd15-5ce71610e7e2">
      <Execution id="3209adf5-e80c-41a6-a9a5-701ea6a00c87" />
      <TestMethod codeBase="/home/chad/repos/witchcityrope-react/tests/WitchCityRope.Core.Tests/bin/Debug/net9.0/WitchCityRope.Core.Tests.dll" adapterTypeName="executor://xunit/VsTestRunner3/netcore/" className="WitchCityRope.Core.Tests.Entities.EventTests" name="Unpublish_NotPublished_ThrowsDomainException" />
    </UnitTest>
    <UnitTest name="WitchCityRope.Core.Tests.Entities.UserTests.UpdateSceneName_NullSceneName_ThrowsArgumentNullException" storage="/home/chad/repos/witchcityrope-react/tests/witchcityrope.core.tests/bin/debug/net9.0/witchcityrope.core.tests.dll" id="7ab09a5d-83cb-6155-db19-0ce8eb3f79f5">
      <Execution id="02c829fa-bf5c-4711-904e-ca5f1d971ffc" />
      <TestMethod codeBase="/home/chad/repos/witchcityrope-react/tests/WitchCityRope.Core.Tests/bin/Debug/net9.0/WitchCityRope.Core.Tests.dll" adapterTypeName="executor://xunit/VsTestRunner3/netcore/" className="WitchCityRope.Core.Tests.Entities.UserTests" name="UpdateSceneName_NullSceneName_ThrowsArgumentNullException" />
    </UnitTest>
    <UnitTest name="WitchCityRope.Core.Tests.ValueObjects.MoneyTests.Create_EmptyCurrency_ThrowsArgumentException(currency: &quot; &quot;)" storage="/home/chad/repos/witchcityrope-react/tests/witchcityrope.core.tests/bin/debug/net9.0/witchcityrope.core.tests.dll" id="fef76b0c-11ac-af47-b28e-f6f2e45eb1b9">
      <Execution id="05079bed-f225-4c1b-9773-11538c00bcb2" />
      <TestMethod codeBase="/home/chad/repos/witchcityrope-react/tests/WitchCityRope.Core.Tests/bin/Debug/net9.0/WitchCityRope.Core.Tests.dll" adapterTypeName="executor://xunit/VsTestRunner3/netcore/" className="WitchCityRope.Core.Tests.ValueObjects.MoneyTests" name="Create_EmptyCurrency_ThrowsArgumentException" />
    </UnitTest>
    <UnitTest name="WitchCityRope.Core.Tests.Entities.RegistrationTests.StatusTransitions_VariousScenarios_BehavesCorrectly(initialStatus: Cancelled, targetStatus: Confirmed, shouldSucceed: False)" storage="/home/chad/repos/witchcityrope-react/tests/witchcityrope.core.tests/bin/debug/net9.0/witchcityrope.core.tests.dll" id="608e931e-de24-f30a-1df4-2d44e7f89163">
      <Execution id="95b69b03-2d30-4c5a-9e58-66d57d46ae90" />
      <TestMethod codeBase="/home/chad/repos/witchcityrope-react/tests/WitchCityRope.Core.Tests/bin/Debug/net9.0/WitchCityRope.Core.Tests.dll" adapterTypeName="executor://xunit/VsTestRunner3/netcore/" className="WitchCityRope.Core.Tests.Entities.RegistrationTests" name="StatusTransitions_VariousScenarios_BehavesCorrectly" />
    </UnitTest>
    <UnitTest name="WitchCityRope.Core.Tests.Entities.EventTests.UpdatePricingTiers_NoConfirmedRegistrations_UpdatesSuccessfully" storage="/home/chad/repos/witchcityrope-react/tests/witchcityrope.core.tests/bin/debug/net9.0/witchcityrope.core.tests.dll" id="425f8ec7-7edb-3559-f99e-fb751608c9cb">
      <Execution id="87a60c43-ca92-4808-a910-39e06b072ba4" />
      <TestMethod codeBase="/home/chad/repos/witchcityrope-react/tests/WitchCityRope.Core.Tests/bin/Debug/net9.0/WitchCityRope.Core.Tests.dll" adapterTypeName="executor://xunit/VsTestRunner3/netcore/" className="WitchCityRope.Core.Tests.Entities.EventTests" name="UpdatePricingTiers_NoConfirmedRegistrations_UpdatesSuccessfully" />
    </UnitTest>
    <UnitTest name="WitchCityRope.Core.Tests.Entities.UserTests.Constructor_ExactlyMinimumAge_CreatesUser" storage="/home/chad/repos/witchcityrope-react/tests/witchcityrope.core.tests/bin/debug/net9.0/witchcityrope.core.tests.dll" id="184ae763-6928-b09d-3745-32f2f3043958">
      <Execution id="53031cf8-9d8d-43a2-8cc4-7d12587abf7a" />
      <TestMethod codeBase="/home/chad/repos/witchcityrope-react/tests/WitchCityRope.Core.Tests/bin/Debug/net9.0/WitchCityRope.Core.Tests.dll" adapterTypeName="executor://xunit/VsTestRunner3/netcore/" className="WitchCityRope.Core.Tests.Entities.UserTests" name="Constructor_ExactlyMinimumAge_CreatesUser" />
    </UnitTest>
    <UnitTest name="WitchCityRope.Core.Tests.ValueObjects.SceneNameTests.Create_EmptyOrNull_ThrowsArgumentException(name: &quot;&quot;)" storage="/home/chad/repos/witchcityrope-react/tests/witchcityrope.core.tests/bin/debug/net9.0/witchcityrope.core.tests.dll" id="acd44a8e-dfd9-4e90-4d13-3e6feed5eeb0">
      <Execution id="a16cf7f1-cc7c-463c-8b49-e38016eeb21f" />
      <TestMethod codeBase="/home/chad/repos/witchcityrope-react/tests/WitchCityRope.Core.Tests/bin/Debug/net9.0/WitchCityRope.Core.Tests.dll" adapterTypeName="executor://xunit/VsTestRunner3/netcore/" className="WitchCityRope.Core.Tests.ValueObjects.SceneNameTests" name="Create_EmptyOrNull_ThrowsArgumentException" />
    </UnitTest>
    <UnitTest name="WitchCityRope.Core.Tests.ValueObjects.SceneNameTests.Value_PreservesOriginalCase(input: &quot;SCENENAME&quot;, expected: &quot;SCENENAME&quot;)" storage="/home/chad/repos/witchcityrope-react/tests/witchcityrope.core.tests/bin/debug/net9.0/witchcityrope.core.tests.dll" id="df1412dd-e26c-843c-183a-67aa60fd9760">
      <Execution id="d11e1ed3-ff2c-4b87-8055-a185300f372c" />
      <TestMethod codeBase="/home/chad/repos/witchcityrope-react/tests/WitchCityRope.Core.Tests/bin/Debug/net9.0/WitchCityRope.Core.Tests.dll" adapterTypeName="executor://xunit/VsTestRunner3/netcore/" className="WitchCityRope.Core.Tests.ValueObjects.SceneNameTests" name="Value_PreservesOriginalCase" />
    </UnitTest>
    <UnitTest name="WitchCityRope.Core.Tests.ValueObjects.EmailAddressTests.Create_ValidEmail_CreatesSuccessfully(email: &quot;TEST@EXAMPLE.COM&quot;)" storage="/home/chad/repos/witchcityrope-react/tests/witchcityrope.core.tests/bin/debug/net9.0/witchcityrope.core.tests.dll" id="2f4716b1-0c68-9378-d5bc-e4de249c2aa2">
      <Execution id="e983c153-7e39-4887-b9a1-4497af0952c8" />
      <TestMethod codeBase="/home/chad/repos/witchcityrope-react/tests/WitchCityRope.Core.Tests/bin/Debug/net9.0/WitchCityRope.Core.Tests.dll" adapterTypeName="executor://xunit/VsTestRunner3/netcore/" className="WitchCityRope.Core.Tests.ValueObjects.EmailAddressTests" name="Create_ValidEmail_CreatesSuccessfully" />
    </UnitTest>
    <UnitTest name="WitchCityRope.Core.Tests.ValueObjects.MoneyTests.OperatorMultiply_BothOrders_MultipliesSuccessfully" storage="/home/chad/repos/witchcityrope-react/tests/witchcityrope.core.tests/bin/debug/net9.0/witchcityrope.core.tests.dll" id="7f2a1335-3b19-3256-97d2-7c1bb7c23a93">
      <Execution id="6e057109-bd3f-4559-bfcf-b52bb817d1f8" />
      <TestMethod codeBase="/home/chad/repos/witchcityrope-react/tests/WitchCityRope.Core.Tests/bin/Debug/net9.0/WitchCityRope.Core.Tests.dll" adapterTypeName="executor://xunit/VsTestRunner3/netcore/" className="WitchCityRope.Core.Tests.ValueObjects.MoneyTests" name="OperatorMultiply_BothOrders_MultipliesSuccessfully" />
    </UnitTest>
    <UnitTest name="WitchCityRope.Core.Tests.ValueObjects.EmailAddressTests.Create_ValidEmail_CreatesSuccessfully(email: &quot;test@example.com&quot;)" storage="/home/chad/repos/witchcityrope-react/tests/witchcityrope.core.tests/bin/debug/net9.0/witchcityrope.core.tests.dll" id="e52cb23e-8dbf-be48-4879-01d3bf5f878c">
      <Execution id="b14125e7-e049-47ab-a8ce-99f9793792d0" />
      <TestMethod codeBase="/home/chad/repos/witchcityrope-react/tests/WitchCityRope.Core.Tests/bin/Debug/net9.0/WitchCityRope.Core.Tests.dll" adapterTypeName="executor://xunit/VsTestRunner3/netcore/" className="WitchCityRope.Core.Tests.ValueObjects.EmailAddressTests" name="Create_ValidEmail_CreatesSuccessfully" />
    </UnitTest>
    <UnitTest name="WitchCityRope.Core.Tests.ValueObjects.EmailAddressTests.Create_ValidEmail_CreatesSuccessfully(email: &quot;user+tag@example.co.uk&quot;)" storage="/home/chad/repos/witchcityrope-react/tests/witchcityrope.core.tests/bin/debug/net9.0/witchcityrope.core.tests.dll" id="55c9a313-0561-d40b-755a-d926aa2d9d32">
      <Execution id="e65e22b9-2922-4639-80e2-6fe15970a485" />
      <TestMethod codeBase="/home/chad/repos/witchcityrope-react/tests/WitchCityRope.Core.Tests/bin/Debug/net9.0/WitchCityRope.Core.Tests.dll" adapterTypeName="executor://xunit/VsTestRunner3/netcore/" className="WitchCityRope.Core.Tests.ValueObjects.EmailAddressTests" name="Create_ValidEmail_CreatesSuccessfully" />
    </UnitTest>
    <UnitTest name="WitchCityRope.Core.Tests.ValueObjects.MoneyTests.Subtract_SameCurrencySufficientFunds_SubtractsSuccessfully" storage="/home/chad/repos/witchcityrope-react/tests/witchcityrope.core.tests/bin/debug/net9.0/witchcityrope.core.tests.dll" id="d37f8d70-658e-9a68-38a9-dcf4a5011bb5">
      <Execution id="662165ef-4409-4b2f-bf20-8325d12639ef" />
      <TestMethod codeBase="/home/chad/repos/witchcityrope-react/tests/WitchCityRope.Core.Tests/bin/Debug/net9.0/WitchCityRope.Core.Tests.dll" adapterTypeName="executor://xunit/VsTestRunner3/netcore/" className="WitchCityRope.Core.Tests.ValueObjects.MoneyTests" name="Subtract_SameCurrencySufficientFunds_SubtractsSuccessfully" />
    </UnitTest>
    <UnitTest name="WitchCityRope.Core.Tests.Entities.EventTests.Constructor_ValidData_CreatesEvent" storage="/home/chad/repos/witchcityrope-react/tests/witchcityrope.core.tests/bin/debug/net9.0/witchcityrope.core.tests.dll" id="b044912f-a46a-5c40-95af-4fdef8a1afaf">
      <Execution id="5a05b5b9-d626-4b74-8d2a-8e8082737eae" />
      <TestMethod codeBase="/home/chad/repos/witchcityrope-react/tests/WitchCityRope.Core.Tests/bin/Debug/net9.0/WitchCityRope.Core.Tests.dll" adapterTypeName="executor://xunit/VsTestRunner3/netcore/" className="WitchCityRope.Core.Tests.Entities.EventTests" name="Constructor_ValidData_CreatesEvent" />
    </UnitTest>
    <UnitTest name="WitchCityRope.Core.Tests.Entities.UserTests.GetAge_CalculatesCorrectly" storage="/home/chad/repos/witchcityrope-react/tests/witchcityrope.core.tests/bin/debug/net9.0/witchcityrope.core.tests.dll" id="50f4f714-e192-57f9-2983-3e5c7146ec8d">
      <Execution id="20dce8e9-78b8-4e4c-b9c2-4d5472143ec6" />
      <TestMethod codeBase="/home/chad/repos/witchcityrope-react/tests/WitchCityRope.Core.Tests/bin/Debug/net9.0/WitchCityRope.Core.Tests.dll" adapterTypeName="executor://xunit/VsTestRunner3/netcore/" className="WitchCityRope.Core.Tests.Entities.UserTests" name="GetAge_CalculatesCorrectly" />
    </UnitTest>
    <UnitTest name="WitchCityRope.Core.Tests.Entities.RegistrationTests.IsEligibleForRefund_VariousTimings_ReturnsCorrectResult(hoursBeforeEvent: 24, expectedEligible: False)" storage="/home/chad/repos/witchcityrope-react/tests/witchcityrope.core.tests/bin/debug/net9.0/witchcityrope.core.tests.dll" id="1d3881ee-33da-ca8e-2a5d-4849cdb1409b">
      <Execution id="8587b652-f295-4057-9307-dd0b8cae1ac0" />
      <TestMethod codeBase="/home/chad/repos/witchcityrope-react/tests/WitchCityRope.Core.Tests/bin/Debug/net9.0/WitchCityRope.Core.Tests.dll" adapterTypeName="executor://xunit/VsTestRunner3/netcore/" className="WitchCityRope.Core.Tests.Entities.RegistrationTests" name="IsEligibleForRefund_VariousTimings_ReturnsCorrectResult" />
    </UnitTest>
    <UnitTest name="WitchCityRope.Core.Tests.Entities.EventTests.Constructor_NegativePricingTier_ThrowsDomainException" storage="/home/chad/repos/witchcityrope-react/tests/witchcityrope.core.tests/bin/debug/net9.0/witchcityrope.core.tests.dll" id="f0599150-0368-a690-445e-232b5fbc9674">
      <Execution id="8bc4e30e-7789-44a1-82e7-85d25d9bbe2d" />
      <TestMethod codeBase="/home/chad/repos/witchcityrope-react/tests/WitchCityRope.Core.Tests/bin/Debug/net9.0/WitchCityRope.Core.Tests.dll" adapterTypeName="executor://xunit/VsTestRunner3/netcore/" className="WitchCityRope.Core.Tests.Entities.EventTests" name="Constructor_NegativePricingTier_ThrowsDomainException" />
    </UnitTest>
    <UnitTest name="WitchCityRope.Core.Tests.ValueObjects.EmailAddressTests.Create_InvalidFormat_ThrowsDomainException(email: &quot;user@@example.com&quot;)" storage="/home/chad/repos/witchcityrope-react/tests/witchcityrope.core.tests/bin/debug/net9.0/witchcityrope.core.tests.dll" id="44f3481b-e4bb-4f17-196a-e00c0217ed87">
      <Execution id="12e4d077-78bc-4ea1-a980-349c57f4b9ad" />
      <TestMethod codeBase="/home/chad/repos/witchcityrope-react/tests/WitchCityRope.Core.Tests/bin/Debug/net9.0/WitchCityRope.Core.Tests.dll" adapterTypeName="executor://xunit/VsTestRunner3/netcore/" className="WitchCityRope.Core.Tests.ValueObjects.EmailAddressTests" name="Create_InvalidFormat_ThrowsDomainException" />
    </UnitTest>
    <UnitTest name="WitchCityRope.Core.Tests.Entities.RegistrationTests.CheckIn_ConfirmedRegistrationAfterEventStart_ChecksInSuccessfully" storage="/home/chad/repos/witchcityrope-react/tests/witchcityrope.core.tests/bin/debug/net9.0/witchcityrope.core.tests.dll" id="58183c69-e8f2-fc1d-1451-124433b27fa3">
      <Execution id="2823405b-d670-43dd-879b-57fef2793148" />
      <TestMethod codeBase="/home/chad/repos/witchcityrope-react/tests/WitchCityRope.Core.Tests/bin/Debug/net9.0/WitchCityRope.Core.Tests.dll" adapterTypeName="executor://xunit/VsTestRunner3/netcore/" className="WitchCityRope.Core.Tests.Entities.RegistrationTests" name="CheckIn_ConfirmedRegistrationAfterEventStart_ChecksInSuccessfully" />
    </UnitTest>
    <UnitTest name="WitchCityRope.Core.Tests.ValueObjects.MoneyTests.Equals_DifferentAmount_ReturnsFalse" storage="/home/chad/repos/witchcityrope-react/tests/witchcityrope.core.tests/bin/debug/net9.0/witchcityrope.core.tests.dll" id="c3e42df9-274a-a616-9d53-0e461b6f0fcc">
      <Execution id="72fee319-0273-4ff4-a898-4361a4bdb646" />
      <TestMethod codeBase="/home/chad/repos/witchcityrope-react/tests/WitchCityRope.Core.Tests/bin/Debug/net9.0/WitchCityRope.Core.Tests.dll" adapterTypeName="executor://xunit/VsTestRunner3/netcore/" className="WitchCityRope.Core.Tests.ValueObjects.MoneyTests" name="Equals_DifferentAmount_ReturnsFalse" />
    </UnitTest>
    <UnitTest name="WitchCityRope.Core.Tests.Entities.UserTests.Constructor_NullEncryptedLegalName_ThrowsArgumentNullException" storage="/home/chad/repos/witchcityrope-react/tests/witchcityrope.core.tests/bin/debug/net9.0/witchcityrope.core.tests.dll" id="21f2e882-89f0-b471-6a62-6c3a786684b9">
      <Execution id="c0fd0b7e-b023-47e5-8925-9018379c633f" />
      <TestMethod codeBase="/home/chad/repos/witchcityrope-react/tests/WitchCityRope.Core.Tests/bin/Debug/net9.0/WitchCityRope.Core.Tests.dll" adapterTypeName="executor://xunit/VsTestRunner3/netcore/" className="WitchCityRope.Core.Tests.Entities.UserTests" name="Constructor_NullEncryptedLegalName_ThrowsArgumentNullException" />
    </UnitTest>
    <UnitTest name="WitchCityRope.Core.Tests.ValueObjects.SceneNameTests.Value_PreservesOriginalCase(input: &quot;SceneName&quot;, expected: &quot;SceneName&quot;)" storage="/home/chad/repos/witchcityrope-react/tests/witchcityrope.core.tests/bin/debug/net9.0/witchcityrope.core.tests.dll" id="ec873698-20e8-0ca0-d17c-b99a021aa23f">
      <Execution id="a7467253-9b92-4510-ba63-7e3d245c4316" />
      <TestMethod codeBase="/home/chad/repos/witchcityrope-react/tests/WitchCityRope.Core.Tests/bin/Debug/net9.0/WitchCityRope.Core.Tests.dll" adapterTypeName="executor://xunit/VsTestRunner3/netcore/" className="WitchCityRope.Core.Tests.ValueObjects.SceneNameTests" name="Value_PreservesOriginalCase" />
    </UnitTest>
    <UnitTest name="WitchCityRope.Core.Tests.Entities.RegistrationTests.CheckIn_BeforeEventStart_ThrowsDomainException" storage="/home/chad/repos/witchcityrope-react/tests/witchcityrope.core.tests/bin/debug/net9.0/witchcityrope.core.tests.dll" id="f49f87f3-be84-5956-2e64-b7741ecf4d50">
      <Execution id="f30b596f-0efc-4ca6-8210-c0a8cf11c23b" />
      <TestMethod codeBase="/home/chad/repos/witchcityrope-react/tests/WitchCityRope.Core.Tests/bin/Debug/net9.0/WitchCityRope.Core.Tests.dll" adapterTypeName="executor://xunit/VsTestRunner3/netcore/" className="WitchCityRope.Core.Tests.Entities.RegistrationTests" name="CheckIn_BeforeEventStart_ThrowsDomainException" />
    </UnitTest>
    <UnitTest name="WitchCityRope.Core.Tests.Entities.EventTests.AddOrganizer_NewOrganizer_AddsSuccessfully" storage="/home/chad/repos/witchcityrope-react/tests/witchcityrope.core.tests/bin/debug/net9.0/witchcityrope.core.tests.dll" id="db13cb67-4291-79eb-080b-59693ae602e4">
      <Execution id="d5dabf11-ffa8-4323-83bd-fd1ef6ecf084" />
      <TestMethod codeBase="/home/chad/repos/witchcityrope-react/tests/WitchCityRope.Core.Tests/bin/Debug/net9.0/WitchCityRope.Core.Tests.dll" adapterTypeName="executor://xunit/VsTestRunner3/netcore/" className="WitchCityRope.Core.Tests.Entities.EventTests" name="AddOrganizer_NewOrganizer_AddsSuccessfully" />
    </UnitTest>
    <UnitTest name="WitchCityRope.Core.Tests.Entities.RegistrationTests.IsEligibleForRefund_VariousTimings_ReturnsCorrectResult(hoursBeforeEvent: 47, expectedEligible: False)" storage="/home/chad/repos/witchcityrope-react/tests/witchcityrope.core.tests/bin/debug/net9.0/witchcityrope.core.tests.dll" id="60598e1b-02d6-d0b1-216a-1d6496f4b8e7">
      <Execution id="3e24aff2-5f02-41fc-8e04-14e08ce69c20" />
      <TestMethod codeBase="/home/chad/repos/witchcityrope-react/tests/WitchCityRope.Core.Tests/bin/Debug/net9.0/WitchCityRope.Core.Tests.dll" adapterTypeName="executor://xunit/VsTestRunner3/netcore/" className="WitchCityRope.Core.Tests.Entities.RegistrationTests" name="IsEligibleForRefund_VariousTimings_ReturnsCorrectResult" />
    </UnitTest>
    <UnitTest name="WitchCityRope.Core.Tests.Entities.EventTests.Publish_UnpublishedEvent_PublishesSuccessfully" storage="/home/chad/repos/witchcityrope-react/tests/witchcityrope.core.tests/bin/debug/net9.0/witchcityrope.core.tests.dll" id="0879fc39-5bc5-a25c-cfc2-e0638ee2992f">
      <Execution id="d810c18d-5875-4a3b-9579-07d4d48e5386" />
      <TestMethod codeBase="/home/chad/repos/witchcityrope-react/tests/WitchCityRope.Core.Tests/bin/Debug/net9.0/WitchCityRope.Core.Tests.dll" adapterTypeName="executor://xunit/VsTestRunner3/netcore/" className="WitchCityRope.Core.Tests.Entities.EventTests" name="Publish_UnpublishedEvent_PublishesSuccessfully" />
    </UnitTest>
    <UnitTest name="WitchCityRope.Core.Tests.ValueObjects.MoneyTests.Create_EmptyCurrency_ThrowsArgumentException(currency: &quot;&quot;)" storage="/home/chad/repos/witchcityrope-react/tests/witchcityrope.core.tests/bin/debug/net9.0/witchcityrope.core.tests.dll" id="f477f2d2-9bad-36ff-7fb7-b81867202bef">
      <Execution id="0eff5935-7579-4f5f-9315-253f9036d940" />
      <TestMethod codeBase="/home/chad/repos/witchcityrope-react/tests/WitchCityRope.Core.Tests/bin/Debug/net9.0/WitchCityRope.Core.Tests.dll" adapterTypeName="executor://xunit/VsTestRunner3/netcore/" className="WitchCityRope.Core.Tests.ValueObjects.MoneyTests" name="Create_EmptyCurrency_ThrowsArgumentException" />
    </UnitTest>
    <UnitTest name="WitchCityRope.Core.Tests.ValueObjects.MoneyTests.Create_ValidAmount_CreatesSuccessfully(amount: 100)" storage="/home/chad/repos/witchcityrope-react/tests/witchcityrope.core.tests/bin/debug/net9.0/witchcityrope.core.tests.dll" id="ccbf7e0d-7b7a-a8f1-7983-3f248694b75c">
      <Execution id="3d0405f4-6792-4f07-89ba-6cf98a20ece2" />
      <TestMethod codeBase="/home/chad/repos/witchcityrope-react/tests/WitchCityRope.Core.Tests/bin/Debug/net9.0/WitchCityRope.Core.Tests.dll" adapterTypeName="executor://xunit/VsTestRunner3/netcore/" className="WitchCityRope.Core.Tests.ValueObjects.MoneyTests" name="Create_ValidAmount_CreatesSuccessfully" />
    </UnitTest>
    <UnitTest name="WitchCityRope.Core.Tests.Entities.UserTests.PromoteToRole_LowerRole_ThrowsDomainException" storage="/home/chad/repos/witchcityrope-react/tests/witchcityrope.core.tests/bin/debug/net9.0/witchcityrope.core.tests.dll" id="b59e7e18-f75f-bdce-9410-2ab9f6845df9">
      <Execution id="5bcdee78-1814-4bcd-992d-60a2e3e9b7fd" />
      <TestMethod codeBase="/home/chad/repos/witchcityrope-react/tests/WitchCityRope.Core.Tests/bin/Debug/net9.0/WitchCityRope.Core.Tests.dll" adapterTypeName="executor://xunit/VsTestRunner3/netcore/" className="WitchCityRope.Core.Tests.Entities.UserTests" name="PromoteToRole_LowerRole_ThrowsDomainException" />
    </UnitTest>
    <UnitTest name="WitchCityRope.Core.Tests.Entities.UserTests.UpdateEmail_NullEmail_ThrowsArgumentNullException" storage="/home/chad/repos/witchcityrope-react/tests/witchcityrope.core.tests/bin/debug/net9.0/witchcityrope.core.tests.dll" id="f31ab1aa-39de-68ab-51b3-8be7b1b5b9d2">
      <Execution id="c09520f5-07e1-4981-bbd9-5006c93cfb75" />
      <TestMethod codeBase="/home/chad/repos/witchcityrope-react/tests/WitchCityRope.Core.Tests/bin/Debug/net9.0/WitchCityRope.Core.Tests.dll" adapterTypeName="executor://xunit/VsTestRunner3/netcore/" className="WitchCityRope.Core.Tests.Entities.UserTests" name="UpdateEmail_NullEmail_ThrowsArgumentNullException" />
    </UnitTest>
    <UnitTest name="WitchCityRope.Core.Tests.Entities.RegistrationTests.Constructor_NoSpecialNeeds_CreatesRegistration" storage="/home/chad/repos/witchcityrope-react/tests/witchcityrope.core.tests/bin/debug/net9.0/witchcityrope.core.tests.dll" id="aa10c3e1-a4c0-c3d8-9c2e-168e33c3cacb">
      <Execution id="ae9a7ac4-10d7-497a-a761-80e19dfea853" />
      <TestMethod codeBase="/home/chad/repos/witchcityrope-react/tests/WitchCityRope.Core.Tests/bin/Debug/net9.0/WitchCityRope.Core.Tests.dll" adapterTypeName="executor://xunit/VsTestRunner3/netcore/" className="WitchCityRope.Core.Tests.Entities.RegistrationTests" name="Constructor_NoSpecialNeeds_CreatesRegistration" />
    </UnitTest>
    <UnitTest name="WitchCityRope.Core.Tests.ValueObjects.SceneNameTests.Create_ValidSceneName_CreatesSuccessfully(name: &quot;12345&quot;)" storage="/home/chad/repos/witchcityrope-react/tests/witchcityrope.core.tests/bin/debug/net9.0/witchcityrope.core.tests.dll" id="d036616b-6b86-99d5-cd58-29b5267bbff4">
      <Execution id="88c9ebf5-e07e-4237-8546-08c1d65df348" />
      <TestMethod codeBase="/home/chad/repos/witchcityrope-react/tests/WitchCityRope.Core.Tests/bin/Debug/net9.0/WitchCityRope.Core.Tests.dll" adapterTypeName="executor://xunit/VsTestRunner3/netcore/" className="WitchCityRope.Core.Tests.ValueObjects.SceneNameTests" name="Create_ValidSceneName_CreatesSuccessfully" />
    </UnitTest>
    <UnitTest name="WitchCityRope.Core.Tests.ValueObjects.MoneyTests.ToDisplayString_VariousCurrencies_FormatsCorrectly(currency: &quot;USD&quot;, expected: &quot;$10.50&quot;)" storage="/home/chad/repos/witchcityrope-react/tests/witchcityrope.core.tests/bin/debug/net9.0/witchcityrope.core.tests.dll" id="8f5f971f-a71a-13e1-4708-f9d625af241d">
      <Execution id="563c7ccf-7b8f-44f5-a41b-638da24f11ca" />
      <TestMethod codeBase="/home/chad/repos/witchcityrope-react/tests/WitchCityRope.Core.Tests/bin/Debug/net9.0/WitchCityRope.Core.Tests.dll" adapterTypeName="executor://xunit/VsTestRunner3/netcore/" className="WitchCityRope.Core.Tests.ValueObjects.MoneyTests" name="ToDisplayString_VariousCurrencies_FormatsCorrectly" />
    </UnitTest>
    <UnitTest name="WitchCityRope.Core.Tests.ValueObjects.SceneNameTests.Create_WithWhitespace_TrimsSuccessfully" storage="/home/chad/repos/witchcityrope-react/tests/witchcityrope.core.tests/bin/debug/net9.0/witchcityrope.core.tests.dll" id="e7b9a62d-2f8b-d3f2-4a3a-9cebb6d2d56f">
      <Execution id="9f1a70f2-5a09-4ecb-a6c2-473c0ca46d09" />
      <TestMethod codeBase="/home/chad/repos/witchcityrope-react/tests/WitchCityRope.Core.Tests/bin/Debug/net9.0/WitchCityRope.Core.Tests.dll" adapterTypeName="executor://xunit/VsTestRunner3/netcore/" className="WitchCityRope.Core.Tests.ValueObjects.SceneNameTests" name="Create_WithWhitespace_TrimsSuccessfully" />
    </UnitTest>
    <UnitTest name="WitchCityRope.Core.Tests.ValueObjects.SceneNameTests.Create_ValidSceneName_CreatesSuccessfully(name: &quot;Very Long Scene Name That Is Still Valid&quot;)" storage="/home/chad/repos/witchcityrope-react/tests/witchcityrope.core.tests/bin/debug/net9.0/witchcityrope.core.tests.dll" id="c51fba78-91c0-4bc8-f4af-0e9c6411e3e9">
      <Execution id="bf5625b4-f12e-450e-87e1-356e815207d7" />
      <TestMethod codeBase="/home/chad/repos/witchcityrope-react/tests/WitchCityRope.Core.Tests/bin/Debug/net9.0/WitchCityRope.Core.Tests.dll" adapterTypeName="executor://xunit/VsTestRunner3/netcore/" className="WitchCityRope.Core.Tests.ValueObjects.SceneNameTests" name="Create_ValidSceneName_CreatesSuccessfully" />
    </UnitTest>
    <UnitTest name="WitchCityRope.Core.Tests.Entities.EventTests.AddOrganizer_NullOrganizer_ThrowsArgumentNullException" storage="/home/chad/repos/witchcityrope-react/tests/witchcityrope.core.tests/bin/debug/net9.0/witchcityrope.core.tests.dll" id="56521df1-5782-2595-2caa-652e0c9a7393">
      <Execution id="86f2a924-01e9-4f82-870d-f8ef8a5fefef" />
      <TestMethod codeBase="/home/chad/repos/witchcityrope-react/tests/WitchCityRope.Core.Tests/bin/Debug/net9.0/WitchCityRope.Core.Tests.dll" adapterTypeName="executor://xunit/VsTestRunner3/netcore/" className="WitchCityRope.Core.Tests.Entities.EventTests" name="AddOrganizer_NullOrganizer_ThrowsArgumentNullException" />
    </UnitTest>
    <UnitTest name="WitchCityRope.Core.Tests.Entities.EventTests.GetConfirmedRegistrationCount_NoRegistrations_ReturnsZero" storage="/home/chad/repos/witchcityrope-react/tests/witchcityrope.core.tests/bin/debug/net9.0/witchcityrope.core.tests.dll" id="ebca1bab-4384-7fba-f140-5240d35a005a">
      <Execution id="3670fe23-97b2-4f56-8ded-706af6abefdd" />
      <TestMethod codeBase="/home/chad/repos/witchcityrope-react/tests/WitchCityRope.Core.Tests/bin/Debug/net9.0/WitchCityRope.Core.Tests.dll" adapterTypeName="executor://xunit/VsTestRunner3/netcore/" className="WitchCityRope.Core.Tests.Entities.EventTests" name="GetConfirmedRegistrationCount_NoRegistrations_ReturnsZero" />
    </UnitTest>
    <UnitTest name="WitchCityRope.Core.Tests.ValueObjects.SceneNameTests.Create_EmptyOrNull_ThrowsArgumentException(name: &quot; &quot;)" storage="/home/chad/repos/witchcityrope-react/tests/witchcityrope.core.tests/bin/debug/net9.0/witchcityrope.core.tests.dll" id="db9487ae-f8bb-6c77-456e-477251a97694">
      <Execution id="17bc5fc3-3675-4fe9-8d89-7509355314b5" />
      <TestMethod codeBase="/home/chad/repos/witchcityrope-react/tests/WitchCityRope.Core.Tests/bin/Debug/net9.0/WitchCityRope.Core.Tests.dll" adapterTypeName="executor://xunit/VsTestRunner3/netcore/" className="WitchCityRope.Core.Tests.ValueObjects.SceneNameTests" name="Create_EmptyOrNull_ThrowsArgumentException" />
    </UnitTest>
    <UnitTest name="WitchCityRope.Core.Tests.ValueObjects.MoneyTests.Add_SameCurrency_AddsSuccessfully" storage="/home/chad/repos/witchcityrope-react/tests/witchcityrope.core.tests/bin/debug/net9.0/witchcityrope.core.tests.dll" id="02dfc5f2-c3eb-99ee-f353-2aaec6dc6e1c">
      <Execution id="6e697011-a2be-418d-9856-80d6e5c2feba" />
      <TestMethod codeBase="/home/chad/repos/witchcityrope-react/tests/WitchCityRope.Core.Tests/bin/Debug/net9.0/WitchCityRope.Core.Tests.dll" adapterTypeName="executor://xunit/VsTestRunner3/netcore/" className="WitchCityRope.Core.Tests.ValueObjects.MoneyTests" name="Add_SameCurrency_AddsSuccessfully" />
    </UnitTest>
    <UnitTest name="WitchCityRope.Core.Tests.Entities.RegistrationTests.Cancel_AlreadyCancelled_ThrowsDomainException" storage="/home/chad/repos/witchcityrope-react/tests/witchcityrope.core.tests/bin/debug/net9.0/witchcityrope.core.tests.dll" id="7c2a786c-da36-777a-ce30-9a8d7d9f71b5">
      <Execution id="914eea28-4854-4644-9db8-517908376168" />
      <TestMethod codeBase="/home/chad/repos/witchcityrope-react/tests/WitchCityRope.Core.Tests/bin/Debug/net9.0/WitchCityRope.Core.Tests.dll" adapterTypeName="executor://xunit/VsTestRunner3/netcore/" className="WitchCityRope.Core.Tests.Entities.RegistrationTests" name="Cancel_AlreadyCancelled_ThrowsDomainException" />
    </UnitTest>
    <UnitTest name="WitchCityRope.Core.Tests.Entities.EventTests.UpdateDates_EventAlreadyStarted_ThrowsDomainException" storage="/home/chad/repos/witchcityrope-react/tests/witchcityrope.core.tests/bin/debug/net9.0/witchcityrope.core.tests.dll" id="289ca8c1-6229-0a00-b027-f38a937cfdf0">
      <Execution id="4ea2b8f6-ee05-479a-a115-e6250ac2bc7e" />
      <TestMethod codeBase="/home/chad/repos/witchcityrope-react/tests/WitchCityRope.Core.Tests/bin/Debug/net9.0/WitchCityRope.Core.Tests.dll" adapterTypeName="executor://xunit/VsTestRunner3/netcore/" className="WitchCityRope.Core.Tests.Entities.EventTests" name="UpdateDates_EventAlreadyStarted_ThrowsDomainException" />
    </UnitTest>
    <UnitTest name="WitchCityRope.Core.Tests.Entities.EventTests.UpdatePricingTiers_EmptyTiers_ThrowsDomainException" storage="/home/chad/repos/witchcityrope-react/tests/witchcityrope.core.tests/bin/debug/net9.0/witchcityrope.core.tests.dll" id="f93aa139-c4ae-68d9-3951-bf310f85f479">
      <Execution id="82fcfb73-66fe-4e63-b2b7-fe87f4045702" />
      <TestMethod codeBase="/home/chad/repos/witchcityrope-react/tests/WitchCityRope.Core.Tests/bin/Debug/net9.0/WitchCityRope.Core.Tests.dll" adapterTypeName="executor://xunit/VsTestRunner3/netcore/" className="WitchCityRope.Core.Tests.Entities.EventTests" name="UpdatePricingTiers_EmptyTiers_ThrowsDomainException" />
    </UnitTest>
    <UnitTest name="WitchCityRope.Core.Tests.Entities.EventTests.Constructor_VariousCapacities_CreatesSuccessfully(capacity: 10)" storage="/home/chad/repos/witchcityrope-react/tests/witchcityrope.core.tests/bin/debug/net9.0/witchcityrope.core.tests.dll" id="ef8d04dc-547e-cdcb-50a3-2a0559d1c59b">
      <Execution id="cd90502e-5d22-4f76-a968-cb1677a40cd6" />
      <TestMethod codeBase="/home/chad/repos/witchcityrope-react/tests/WitchCityRope.Core.Tests/bin/Debug/net9.0/WitchCityRope.Core.Tests.dll" adapterTypeName="executor://xunit/VsTestRunner3/netcore/" className="WitchCityRope.Core.Tests.Entities.EventTests" name="Constructor_VariousCapacities_CreatesSuccessfully" />
    </UnitTest>
    <UnitTest name="WitchCityRope.Core.Tests.ValueObjects.SceneNameTests.Create_ExactlyMaxLength_CreatesSuccessfully" storage="/home/chad/repos/witchcityrope-react/tests/witchcityrope.core.tests/bin/debug/net9.0/witchcityrope.core.tests.dll" id="bcf6c661-bdd3-dc3b-8d30-8efd04a896b7">
      <Execution id="1da6f3ed-5a5b-4692-9e6e-5a84c6f262a5" />
      <TestMethod codeBase="/home/chad/repos/witchcityrope-react/tests/WitchCityRope.Core.Tests/bin/Debug/net9.0/WitchCityRope.Core.Tests.dll" adapterTypeName="executor://xunit/VsTestRunner3/netcore/" className="WitchCityRope.Core.Tests.ValueObjects.SceneNameTests" name="Create_ExactlyMaxLength_CreatesSuccessfully" />
    </UnitTest>
    <UnitTest name="WitchCityRope.Core.Tests.ValueObjects.MoneyTests.Add_DifferentCurrency_ThrowsDomainException" storage="/home/chad/repos/witchcityrope-react/tests/witchcityrope.core.tests/bin/debug/net9.0/witchcityrope.core.tests.dll" id="9028b45d-2cc9-07bd-c10e-d070f0a1ff95">
      <Execution id="c610b22a-dd2b-4094-896c-211854380fa1" />
      <TestMethod codeBase="/home/chad/repos/witchcityrope-react/tests/WitchCityRope.Core.Tests/bin/Debug/net9.0/WitchCityRope.Core.Tests.dll" adapterTypeName="executor://xunit/VsTestRunner3/netcore/" className="WitchCityRope.Core.Tests.ValueObjects.MoneyTests" name="Add_DifferentCurrency_ThrowsDomainException" />
    </UnitTest>
    <UnitTest name="WitchCityRope.Core.Tests.ValueObjects.EmailAddressTests.DisplayValue_PreservesOriginalCase(input: &quot;TEST@EXAMPLE.COM&quot;, expected: &quot;TEST@EXAMPLE.COM&quot;)" storage="/home/chad/repos/witchcityrope-react/tests/witchcityrope.core.tests/bin/debug/net9.0/witchcityrope.core.tests.dll" id="f1e20cc6-36e9-f4be-b8af-7b8e470faa96">
      <Execution id="68696d21-0a7a-4a78-85f3-c0fa0bcc4234" />
      <TestMethod codeBase="/home/chad/repos/witchcityrope-react/tests/WitchCityRope.Core.Tests/bin/Debug/net9.0/WitchCityRope.Core.Tests.dll" adapterTypeName="executor://xunit/VsTestRunner3/netcore/" className="WitchCityRope.Core.Tests.ValueObjects.EmailAddressTests" name="DisplayValue_PreservesOriginalCase" />
    </UnitTest>
    <UnitTest name="WitchCityRope.Core.Tests.Entities.RegistrationTests.IsEligibleForRefund_VariousTimings_ReturnsCorrectResult(hoursBeforeEvent: 48.100000000000001, expectedEligible: True)" storage="/home/chad/repos/witchcityrope-react/tests/witchcityrope.core.tests/bin/debug/net9.0/witchcityrope.core.tests.dll" id="15b218ad-d361-384d-bb79-41a5ba40dc79">
      <Execution id="8d60bad5-eb1a-4e65-81c5-713607d45874" />
      <TestMethod codeBase="/home/chad/repos/witchcityrope-react/tests/WitchCityRope.Core.Tests/bin/Debug/net9.0/WitchCityRope.Core.Tests.dll" adapterTypeName="executor://xunit/VsTestRunner3/netcore/" className="WitchCityRope.Core.Tests.Entities.RegistrationTests" name="IsEligibleForRefund_VariousTimings_ReturnsCorrectResult" />
    </UnitTest>
    <UnitTest name="WitchCityRope.Core.Tests.ValueObjects.EmailAddressTests.GetHashCode_SameEmailDifferentCase_ReturnsSameHash" storage="/home/chad/repos/witchcityrope-react/tests/witchcityrope.core.tests/bin/debug/net9.0/witchcityrope.core.tests.dll" id="0d8317ff-abfb-72ae-197e-3f07e59847af">
      <Execution id="080ffe27-d7c0-479e-9d76-67f30bc721b3" />
      <TestMethod codeBase="/home/chad/repos/witchcityrope-react/tests/WitchCityRope.Core.Tests/bin/Debug/net9.0/WitchCityRope.Core.Tests.dll" adapterTypeName="executor://xunit/VsTestRunner3/netcore/" className="WitchCityRope.Core.Tests.ValueObjects.EmailAddressTests" name="GetHashCode_SameEmailDifferentCase_ReturnsSameHash" />
    </UnitTest>
    <UnitTest name="WitchCityRope.Core.Tests.ValueObjects.SceneNameTests.GetHashCode_SameNameDifferentCase_ReturnsSameHash" storage="/home/chad/repos/witchcityrope-react/tests/witchcityrope.core.tests/bin/debug/net9.0/witchcityrope.core.tests.dll" id="ed03c588-f9e2-cd50-ea85-d6f0ba338f02">
      <Execution id="5a03aff7-6b29-4ccb-bddf-ff93af86dc45" />
      <TestMethod codeBase="/home/chad/repos/witchcityrope-react/tests/WitchCityRope.Core.Tests/bin/Debug/net9.0/WitchCityRope.Core.Tests.dll" adapterTypeName="executor://xunit/VsTestRunner3/netcore/" className="WitchCityRope.Core.Tests.ValueObjects.SceneNameTests" name="GetHashCode_SameNameDifferentCase_ReturnsSameHash" />
    </UnitTest>
    <UnitTest name="WitchCityRope.Core.Tests.ValueObjects.EmailAddressTests.Equals_DifferentEmails_ReturnsFalse" storage="/home/chad/repos/witchcityrope-react/tests/witchcityrope.core.tests/bin/debug/net9.0/witchcityrope.core.tests.dll" id="57828f1b-953d-89a2-bee2-b021bb8b5c17">
      <Execution id="e7f55c0b-f064-4c9c-9f03-decd193e4a36" />
      <TestMethod codeBase="/home/chad/repos/witchcityrope-react/tests/WitchCityRope.Core.Tests/bin/Debug/net9.0/WitchCityRope.Core.Tests.dll" adapterTypeName="executor://xunit/VsTestRunner3/netcore/" className="WitchCityRope.Core.Tests.ValueObjects.EmailAddressTests" name="Equals_DifferentEmails_ReturnsFalse" />
    </UnitTest>
    <UnitTest name="WitchCityRope.Core.Tests.ValueObjects.MoneyTests.Create_NegativeAmount_ThrowsDomainException" storage="/home/chad/repos/witchcityrope-react/tests/witchcityrope.core.tests/bin/debug/net9.0/witchcityrope.core.tests.dll" id="c3081fdc-d142-f914-3509-6d3142a54806">
      <Execution id="b9fff77e-9d5d-4f88-a446-2517a1754503" />
      <TestMethod codeBase="/home/chad/repos/witchcityrope-react/tests/WitchCityRope.Core.Tests/bin/Debug/net9.0/WitchCityRope.Core.Tests.dll" adapterTypeName="executor://xunit/VsTestRunner3/netcore/" className="WitchCityRope.Core.Tests.ValueObjects.MoneyTests" name="Create_NegativeAmount_ThrowsDomainException" />
    </UnitTest>
    <UnitTest name="WitchCityRope.Core.Tests.ValueObjects.MoneyTests.Multiply_ValidFactor_MultipliesSuccessfully(amount: 100, factor: 0, expected: 0)" storage="/home/chad/repos/witchcityrope-react/tests/witchcityrope.core.tests/bin/debug/net9.0/witchcityrope.core.tests.dll" id="dafcd462-6d8d-7546-db79-401cb1f8ea54">
      <Execution id="d7a93d69-0911-4ba9-8a13-69eb61df4890" />
      <TestMethod codeBase="/home/chad/repos/witchcityrope-react/tests/WitchCityRope.Core.Tests/bin/Debug/net9.0/WitchCityRope.Core.Tests.dll" adapterTypeName="executor://xunit/VsTestRunner3/netcore/" className="WitchCityRope.Core.Tests.ValueObjects.MoneyTests" name="Multiply_ValidFactor_MultipliesSuccessfully" />
    </UnitTest>
    <UnitTest name="WitchCityRope.Core.Tests.Entities.RegistrationTests.Cancel_WithinRefundWindow_InitiatesRefund" storage="/home/chad/repos/witchcityrope-react/tests/witchcityrope.core.tests/bin/debug/net9.0/witchcityrope.core.tests.dll" id="e89f905b-b16f-0fd9-64cf-2a0e1a553eeb">
      <Execution id="5c9fcc0f-73f0-44a2-a3df-394fb954d941" />
      <TestMethod codeBase="/home/chad/repos/witchcityrope-react/tests/WitchCityRope.Core.Tests/bin/Debug/net9.0/WitchCityRope.Core.Tests.dll" adapterTypeName="executor://xunit/VsTestRunner3/netcore/" className="WitchCityRope.Core.Tests.Entities.RegistrationTests" name="Cancel_WithinRefundWindow_InitiatesRefund" />
    </UnitTest>
    <UnitTest name="WitchCityRope.Core.Tests.ValueObjects.SceneNameTests.Create_ValidSceneName_CreatesSuccessfully(name: &quot;Scene Name&quot;)" storage="/home/chad/repos/witchcityrope-react/tests/witchcityrope.core.tests/bin/debug/net9.0/witchcityrope.core.tests.dll" id="6e472b23-c7af-c847-8f3d-5f6c902a0623">
      <Execution id="6e0b3ad4-2092-47ce-aef2-75f8f6ffb459" />
      <TestMethod codeBase="/home/chad/repos/witchcityrope-react/tests/WitchCityRope.Core.Tests/bin/Debug/net9.0/WitchCityRope.Core.Tests.dll" adapterTypeName="executor://xunit/VsTestRunner3/netcore/" className="WitchCityRope.Core.Tests.ValueObjects.SceneNameTests" name="Create_ValidSceneName_CreatesSuccessfully" />
    </UnitTest>
    <UnitTest name="WitchCityRope.Core.Tests.Entities.RegistrationTests.Constructor_SelectsLowestPriceTier_ValidatesSuccessfully" storage="/home/chad/repos/witchcityrope-react/tests/witchcityrope.core.tests/bin/debug/net9.0/witchcityrope.core.tests.dll" id="1a91289e-57e5-be3c-8381-67252df4124f">
      <Execution id="78888c08-3a26-4f7b-a685-37cfbe94087e" />
      <TestMethod codeBase="/home/chad/repos/witchcityrope-react/tests/WitchCityRope.Core.Tests/bin/Debug/net9.0/WitchCityRope.Core.Tests.dll" adapterTypeName="executor://xunit/VsTestRunner3/netcore/" className="WitchCityRope.Core.Tests.Entities.RegistrationTests" name="Constructor_SelectsLowestPriceTier_ValidatesSuccessfully" />
    </UnitTest>
    <UnitTest name="WitchCityRope.Core.Tests.ValueObjects.MoneyTests.Create_LowercaseCurrency_ConvertsToUppercase" storage="/home/chad/repos/witchcityrope-react/tests/witchcityrope.core.tests/bin/debug/net9.0/witchcityrope.core.tests.dll" id="81c4e769-cb62-799e-3506-93d60500134c">
      <Execution id="ff911bcb-dd60-4a06-9beb-f589631d7ccf" />
      <TestMethod codeBase="/home/chad/repos/witchcityrope-react/tests/WitchCityRope.Core.Tests/bin/Debug/net9.0/WitchCityRope.Core.Tests.dll" adapterTypeName="executor://xunit/VsTestRunner3/netcore/" className="WitchCityRope.Core.Tests.ValueObjects.MoneyTests" name="Create_LowercaseCurrency_ConvertsToUppercase" />
    </UnitTest>
    <UnitTest name="WitchCityRope.Core.Tests.ValueObjects.EmailAddressTests.Value_AlwaysLowercase(input: &quot;Test@Example.Com&quot;, expected: &quot;test@example.com&quot;)" storage="/home/chad/repos/witchcityrope-react/tests/witchcityrope.core.tests/bin/debug/net9.0/witchcityrope.core.tests.dll" id="d455764c-ebf5-92ab-8b89-d7a291338524">
      <Execution id="9b88624a-e109-467a-8bf0-ed5a13cc6320" />
      <TestMethod codeBase="/home/chad/repos/witchcityrope-react/tests/WitchCityRope.Core.Tests/bin/Debug/net9.0/WitchCityRope.Core.Tests.dll" adapterTypeName="executor://xunit/VsTestRunner3/netcore/" className="WitchCityRope.Core.Tests.ValueObjects.EmailAddressTests" name="Value_AlwaysLowercase" />
    </UnitTest>
    <UnitTest name="WitchCityRope.Core.Tests.Entities.RegistrationTests.Cancel_PendingRegistration_CancelsSuccessfully" storage="/home/chad/repos/witchcityrope-react/tests/witchcityrope.core.tests/bin/debug/net9.0/witchcityrope.core.tests.dll" id="68159470-54bd-6fc2-a6df-cfd6e298d6cb">
      <Execution id="f3e8c41b-582c-43d4-8bae-7b5b3bec7095" />
      <TestMethod codeBase="/home/chad/repos/witchcityrope-react/tests/WitchCityRope.Core.Tests/bin/Debug/net9.0/WitchCityRope.Core.Tests.dll" adapterTypeName="executor://xunit/VsTestRunner3/netcore/" className="WitchCityRope.Core.Tests.Entities.RegistrationTests" name="Cancel_PendingRegistration_CancelsSuccessfully" />
    </UnitTest>
    <UnitTest name="WitchCityRope.Core.Tests.ValueObjects.MoneyTests.Equals_DifferentCurrency_ReturnsFalse" storage="/home/chad/repos/witchcityrope-react/tests/witchcityrope.core.tests/bin/debug/net9.0/witchcityrope.core.tests.dll" id="ba8d6819-dbe5-0f3d-526a-f7efd7301504">
      <Execution id="98a33c3e-4ebb-4468-aaca-8436efbfd4a5" />
      <TestMethod codeBase="/home/chad/repos/witchcityrope-react/tests/WitchCityRope.Core.Tests/bin/Debug/net9.0/WitchCityRope.Core.Tests.dll" adapterTypeName="executor://xunit/VsTestRunner3/netcore/" className="WitchCityRope.Core.Tests.ValueObjects.MoneyTests" name="Equals_DifferentCurrency_ReturnsFalse" />
    </UnitTest>
    <UnitTest name="WitchCityRope.Core.Tests.ValueObjects.EmailAddressTests.Create_InvalidFormat_ThrowsDomainException(email: &quot;user@&quot;)" storage="/home/chad/repos/witchcityrope-react/tests/witchcityrope.core.tests/bin/debug/net9.0/witchcityrope.core.tests.dll" id="84dcc98b-de79-8a60-e10c-9ece06fa7fb3">
      <Execution id="5a96a9b3-d09c-4a84-a207-2a0e21253ef5" />
      <TestMethod codeBase="/home/chad/repos/witchcityrope-react/tests/WitchCityRope.Core.Tests/bin/Debug/net9.0/WitchCityRope.Core.Tests.dll" adapterTypeName="executor://xunit/VsTestRunner3/netcore/" className="WitchCityRope.Core.Tests.ValueObjects.EmailAddressTests" name="Create_InvalidFormat_ThrowsDomainException" />
    </UnitTest>
    <UnitTest name="WitchCityRope.Core.Tests.ValueObjects.MoneyTests.Create_ValidAmount_CreatesSuccessfully(amount: 10.5)" storage="/home/chad/repos/witchcityrope-react/tests/witchcityrope.core.tests/bin/debug/net9.0/witchcityrope.core.tests.dll" id="4b09bb72-974f-d7f4-bee4-dbca350a7176">
      <Execution id="33360fa8-6931-4703-a5b8-dea90cd2127f" />
      <TestMethod codeBase="/home/chad/repos/witchcityrope-react/tests/WitchCityRope.Core.Tests/bin/Debug/net9.0/WitchCityRope.Core.Tests.dll" adapterTypeName="executor://xunit/VsTestRunner3/netcore/" className="WitchCityRope.Core.Tests.ValueObjects.MoneyTests" name="Create_ValidAmount_CreatesSuccessfully" />
    </UnitTest>
    <UnitTest name="WitchCityRope.Core.Tests.Entities.EventTests.Constructor_VariousCapacities_CreatesSuccessfully(capacity: 100)" storage="/home/chad/repos/witchcityrope-react/tests/witchcityrope.core.tests/bin/debug/net9.0/witchcityrope.core.tests.dll" id="a1b786bd-3420-a755-d1b7-26283940726c">
      <Execution id="46a56e0e-7918-4b66-a2c0-4992ade31fa9" />
      <TestMethod codeBase="/home/chad/repos/witchcityrope-react/tests/WitchCityRope.Core.Tests/bin/Debug/net9.0/WitchCityRope.Core.Tests.dll" adapterTypeName="executor://xunit/VsTestRunner3/netcore/" className="WitchCityRope.Core.Tests.Entities.EventTests" name="Constructor_VariousCapacities_CreatesSuccessfully" />
    </UnitTest>
    <UnitTest name="WitchCityRope.Core.Tests.Entities.UserTests.Deactivate_ActiveUser_DeactivatesSuccessfully" storage="/home/chad/repos/witchcityrope-react/tests/witchcityrope.core.tests/bin/debug/net9.0/witchcityrope.core.tests.dll" id="390f5574-ce2b-a8b0-ecb1-10d89b55bb71">
      <Execution id="398553b0-81d8-45db-b80f-a07ba8937970" />
      <TestMethod codeBase="/home/chad/repos/witchcityrope-react/tests/WitchCityRope.Core.Tests/bin/Debug/net9.0/WitchCityRope.Core.Tests.dll" adapterTypeName="executor://xunit/VsTestRunner3/netcore/" className="WitchCityRope.Core.Tests.Entities.UserTests" name="Deactivate_ActiveUser_DeactivatesSuccessfully" />
    </UnitTest>
    <UnitTest name="WitchCityRope.Core.Tests.ValueObjects.SceneNameTests.Create_ValidSceneName_CreatesSuccessfully(name: &quot;AB&quot;)" storage="/home/chad/repos/witchcityrope-react/tests/witchcityrope.core.tests/bin/debug/net9.0/witchcityrope.core.tests.dll" id="67df0293-27d6-f4c5-0e20-f1ffe205ccc9">
      <Execution id="bc6b1070-0bda-4780-b6c4-e51c6449e758" />
      <TestMethod codeBase="/home/chad/repos/witchcityrope-react/tests/WitchCityRope.Core.Tests/bin/Debug/net9.0/WitchCityRope.Core.Tests.dll" adapterTypeName="executor://xunit/VsTestRunner3/netcore/" className="WitchCityRope.Core.Tests.ValueObjects.SceneNameTests" name="Create_ValidSceneName_CreatesSuccessfully" />
    </UnitTest>
    <UnitTest name="WitchCityRope.Core.Tests.Entities.EventTests.RemoveOrganizer_MultipleOrganizers_RemovesSuccessfully" storage="/home/chad/repos/witchcityrope-react/tests/witchcityrope.core.tests/bin/debug/net9.0/witchcityrope.core.tests.dll" id="d16237a8-90bf-68f0-8cb9-70c28d5553b3">
      <Execution id="0917f83e-1d9f-4922-8611-821ffa8e7b6d" />
      <TestMethod codeBase="/home/chad/repos/witchcityrope-react/tests/WitchCityRope.Core.Tests/bin/Debug/net9.0/WitchCityRope.Core.Tests.dll" adapterTypeName="executor://xunit/VsTestRunner3/netcore/" className="WitchCityRope.Core.Tests.Entities.EventTests" name="RemoveOrganizer_MultipleOrganizers_RemovesSuccessfully" />
    </UnitTest>
    <UnitTest name="WitchCityRope.Core.Tests.Entities.EventTests.Constructor_VariousCapacities_CreatesSuccessfully(capacity: 1)" storage="/home/chad/repos/witchcityrope-react/tests/witchcityrope.core.tests/bin/debug/net9.0/witchcityrope.core.tests.dll" id="13e9326e-8fe8-43a8-c4a7-f5d4fe61d313">
      <Execution id="bf0c3dcd-bf9c-4eb4-ba26-afc0b966699a" />
      <TestMethod codeBase="/home/chad/repos/witchcityrope-react/tests/WitchCityRope.Core.Tests/bin/Debug/net9.0/WitchCityRope.Core.Tests.dll" adapterTypeName="executor://xunit/VsTestRunner3/netcore/" className="WitchCityRope.Core.Tests.Entities.EventTests" name="Constructor_VariousCapacities_CreatesSuccessfully" />
    </UnitTest>
    <UnitTest name="WitchCityRope.Core.Tests.ValueObjects.EmailAddressTests.GetLocalPart_ValidEmail_ReturnsLocalPart" storage="/home/chad/repos/witchcityrope-react/tests/witchcityrope.core.tests/bin/debug/net9.0/witchcityrope.core.tests.dll" id="b0987aca-f375-7579-f115-4e980fac2fe4">
      <Execution id="afb0cb46-b3e3-4081-910e-b5abf07f8784" />
      <TestMethod codeBase="/home/chad/repos/witchcityrope-react/tests/WitchCityRope.Core.Tests/bin/Debug/net9.0/WitchCityRope.Core.Tests.dll" adapterTypeName="executor://xunit/VsTestRunner3/netcore/" className="WitchCityRope.Core.Tests.ValueObjects.EmailAddressTests" name="GetLocalPart_ValidEmail_ReturnsLocalPart" />
    </UnitTest>
    <UnitTest name="WitchCityRope.Core.Tests.ValueObjects.EmailAddressTests.TryCreate_InvalidEmail_ReturnsFalse(invalidEmail: &quot;@example.com&quot;)" storage="/home/chad/repos/witchcityrope-react/tests/witchcityrope.core.tests/bin/debug/net9.0/witchcityrope.core.tests.dll" id="2c65e45d-6c80-9ae7-ff51-b65cb1415f9c">
      <Execution id="fa73b015-a5ea-4a49-8d92-c81fedf7f749" />
      <TestMethod codeBase="/home/chad/repos/witchcityrope-react/tests/WitchCityRope.Core.Tests/bin/Debug/net9.0/WitchCityRope.Core.Tests.dll" adapterTypeName="executor://xunit/VsTestRunner3/netcore/" className="WitchCityRope.Core.Tests.ValueObjects.EmailAddressTests" name="TryCreate_InvalidEmail_ReturnsFalse" />
    </UnitTest>
    <UnitTest name="WitchCityRope.Core.Tests.ValueObjects.EmailAddressTests.Create_InvalidFormat_ThrowsDomainException(email: &quot;user@exam ple.com&quot;)" storage="/home/chad/repos/witchcityrope-react/tests/witchcityrope.core.tests/bin/debug/net9.0/witchcityrope.core.tests.dll" id="f59f7a21-07b4-832f-fda9-0f8e86b99025">
      <Execution id="51f48466-77e7-4631-b38c-85f8a39fc7f4" />
      <TestMethod codeBase="/home/chad/repos/witchcityrope-react/tests/WitchCityRope.Core.Tests/bin/Debug/net9.0/WitchCityRope.Core.Tests.dll" adapterTypeName="executor://xunit/VsTestRunner3/netcore/" className="WitchCityRope.Core.Tests.ValueObjects.EmailAddressTests" name="Create_InvalidFormat_ThrowsDomainException" />
    </UnitTest>
    <UnitTest name="WitchCityRope.Core.Tests.ValueObjects.EmailAddressTests.Create_EmailWithWhitespace_TrimsSuccessfully" storage="/home/chad/repos/witchcityrope-react/tests/witchcityrope.core.tests/bin/debug/net9.0/witchcityrope.core.tests.dll" id="9bb9adcb-9120-fe9b-ae69-727878a9049c">
      <Execution id="5d3140df-cab6-4d56-9ce8-f6a4e121810a" />
      <TestMethod codeBase="/home/chad/repos/witchcityrope-react/tests/WitchCityRope.Core.Tests/bin/Debug/net9.0/WitchCityRope.Core.Tests.dll" adapterTypeName="executor://xunit/VsTestRunner3/netcore/" className="WitchCityRope.Core.Tests.ValueObjects.EmailAddressTests" name="Create_EmailWithWhitespace_TrimsSuccessfully" />
    </UnitTest>
    <UnitTest name="WitchCityRope.Core.Tests.ValueObjects.SceneNameTests.CaseInsensitiveComparison_WorksCorrectly(name1: &quot;SCENE NAME&quot;, name2: &quot;Scene Name&quot;)" storage="/home/chad/repos/witchcityrope-react/tests/witchcityrope.core.tests/bin/debug/net9.0/witchcityrope.core.tests.dll" id="13649248-17fa-672a-9167-63b725801bed">
      <Execution id="49cd3679-39c6-4f13-9437-0618ca2ae089" />
      <TestMethod codeBase="/home/chad/repos/witchcityrope-react/tests/WitchCityRope.Core.Tests/bin/Debug/net9.0/WitchCityRope.Core.Tests.dll" adapterTypeName="executor://xunit/VsTestRunner3/netcore/" className="WitchCityRope.Core.Tests.ValueObjects.SceneNameTests" name="CaseInsensitiveComparison_WorksCorrectly" />
    </UnitTest>
    <UnitTest name="WitchCityRope.Core.Tests.ValueObjects.SceneNameTests.Create_EmptyOrNull_ThrowsArgumentException(name: null)" storage="/home/chad/repos/witchcityrope-react/tests/witchcityrope.core.tests/bin/debug/net9.0/witchcityrope.core.tests.dll" id="0c59e933-24d5-adbb-33bf-d68b154cd5f8">
      <Execution id="aef189a0-eb9f-40c2-a907-2c3a18acee12" />
      <TestMethod codeBase="/home/chad/repos/witchcityrope-react/tests/WitchCityRope.Core.Tests/bin/Debug/net9.0/WitchCityRope.Core.Tests.dll" adapterTypeName="executor://xunit/VsTestRunner3/netcore/" className="WitchCityRope.Core.Tests.ValueObjects.SceneNameTests" name="Create_EmptyOrNull_ThrowsArgumentException" />
    </UnitTest>
    <UnitTest name="WitchCityRope.Core.Tests.Entities.EventTests.UpdateCapacity_LessThanConfirmedRegistrations_ThrowsDomainException" storage="/home/chad/repos/witchcityrope-react/tests/witchcityrope.core.tests/bin/debug/net9.0/witchcityrope.core.tests.dll" id="e773b851-8c18-36bf-b413-b6eff82ab4e8">
      <Execution id="6bd4d9de-9d33-4b40-ba5b-a79901fda74f" />
      <TestMethod codeBase="/home/chad/repos/witchcityrope-react/tests/WitchCityRope.Core.Tests/bin/Debug/net9.0/WitchCityRope.Core.Tests.dll" adapterTypeName="executor://xunit/VsTestRunner3/netcore/" className="WitchCityRope.Core.Tests.Entities.EventTests" name="UpdateCapacity_LessThanConfirmedRegistrations_ThrowsDomainException" />
    </UnitTest>
    <UnitTest name="WitchCityRope.Core.Tests.ValueObjects.SceneNameTests.CaseInsensitiveComparison_WorksCorrectly(name1: &quot;scene name&quot;, name2: &quot;SCENE NAME&quot;)" storage="/home/chad/repos/witchcityrope-react/tests/witchcityrope.core.tests/bin/debug/net9.0/witchcityrope.core.tests.dll" id="dcd2f006-b615-aca4-03f2-93049cc2989f">
      <Execution id="4326aa3c-a211-47ab-8f85-0e428c4e9fcc" />
      <TestMethod codeBase="/home/chad/repos/witchcityrope-react/tests/WitchCityRope.Core.Tests/bin/Debug/net9.0/WitchCityRope.Core.Tests.dll" adapterTypeName="executor://xunit/VsTestRunner3/netcore/" className="WitchCityRope.Core.Tests.ValueObjects.SceneNameTests" name="CaseInsensitiveComparison_WorksCorrectly" />
    </UnitTest>
    <UnitTest name="WitchCityRope.Core.Tests.Entities.EventTests.HasAvailableCapacity_SpotsAvailable_ReturnsTrue" storage="/home/chad/repos/witchcityrope-react/tests/witchcityrope.core.tests/bin/debug/net9.0/witchcityrope.core.tests.dll" id="cff969f1-ffa2-d5f1-9715-5a871f37fe84">
      <Execution id="bb3444bd-2207-442f-a48c-bd935c2976a4" />
      <TestMethod codeBase="/home/chad/repos/witchcityrope-react/tests/WitchCityRope.Core.Tests/bin/Debug/net9.0/WitchCityRope.Core.Tests.dll" adapterTypeName="executor://xunit/VsTestRunner3/netcore/" className="WitchCityRope.Core.Tests.Entities.EventTests" name="HasAvailableCapacity_SpotsAvailable_ReturnsTrue" />
    </UnitTest>
    <UnitTest name="WitchCityRope.Core.Tests.ValueObjects.EmailAddressTests.DisplayValue_PreservesOriginalCase(input: &quot;test@example.com&quot;, expected: &quot;test@example.com&quot;)" storage="/home/chad/repos/witchcityrope-react/tests/witchcityrope.core.tests/bin/debug/net9.0/witchcityrope.core.tests.dll" id="0eea5cf3-5217-2650-bfc6-55dedab95adb">
      <Execution id="97819d57-cb47-48d6-ace4-e352fa455392" />
      <TestMethod codeBase="/home/chad/repos/witchcityrope-react/tests/WitchCityRope.Core.Tests/bin/Debug/net9.0/WitchCityRope.Core.Tests.dll" adapterTypeName="executor://xunit/VsTestRunner3/netcore/" className="WitchCityRope.Core.Tests.ValueObjects.EmailAddressTests" name="DisplayValue_PreservesOriginalCase" />
    </UnitTest>
    <UnitTest name="WitchCityRope.Core.Tests.ValueObjects.MoneyTests.Zero_DefaultCurrency_CreatesZeroUSD" storage="/home/chad/repos/witchcityrope-react/tests/witchcityrope.core.tests/bin/debug/net9.0/witchcityrope.core.tests.dll" id="f8ab723d-cb6b-49c6-5dbb-7ffd207243cd">
      <Execution id="ec0e89f0-6862-402c-a3be-737305c1dd0b" />
      <TestMethod codeBase="/home/chad/repos/witchcityrope-react/tests/WitchCityRope.Core.Tests/bin/Debug/net9.0/WitchCityRope.Core.Tests.dll" adapterTypeName="executor://xunit/VsTestRunner3/netcore/" className="WitchCityRope.Core.Tests.ValueObjects.MoneyTests" name="Zero_DefaultCurrency_CreatesZeroUSD" />
    </UnitTest>
    <UnitTest name="WitchCityRope.Core.Tests.ValueObjects.SceneNameTests.Equals_SameNameDifferentCase_ReturnsTrue" storage="/home/chad/repos/witchcityrope-react/tests/witchcityrope.core.tests/bin/debug/net9.0/witchcityrope.core.tests.dll" id="2afd6f8f-09b7-0e10-bd97-8673e46b5e39">
      <Execution id="13410a19-7334-4f2a-a52a-58f90ccfe760" />
      <TestMethod codeBase="/home/chad/repos/witchcityrope-react/tests/WitchCityRope.Core.Tests/bin/Debug/net9.0/WitchCityRope.Core.Tests.dll" adapterTypeName="executor://xunit/VsTestRunner3/netcore/" className="WitchCityRope.Core.Tests.ValueObjects.SceneNameTests" name="Equals_SameNameDifferentCase_ReturnsTrue" />
    </UnitTest>
    <UnitTest name="WitchCityRope.Core.Tests.Entities.EventTests.Unpublish_PublishedEventNoRegistrations_UnpublishesSuccessfully" storage="/home/chad/repos/witchcityrope-react/tests/witchcityrope.core.tests/bin/debug/net9.0/witchcityrope.core.tests.dll" id="008887e8-4708-1efe-5a02-72d0dd65e958">
      <Execution id="b94415eb-5e9f-41d8-ad27-bb18149a67cf" />
      <TestMethod codeBase="/home/chad/repos/witchcityrope-react/tests/WitchCityRope.Core.Tests/bin/Debug/net9.0/WitchCityRope.Core.Tests.dll" adapterTypeName="executor://xunit/VsTestRunner3/netcore/" className="WitchCityRope.Core.Tests.Entities.EventTests" name="Unpublish_PublishedEventNoRegistrations_UnpublishesSuccessfully" />
    </UnitTest>
    <UnitTest name="WitchCityRope.Core.Tests.ValueObjects.MoneyTests.Zero_SpecificCurrency_CreatesZeroWithCurrency" storage="/home/chad/repos/witchcityrope-react/tests/witchcityrope.core.tests/bin/debug/net9.0/witchcityrope.core.tests.dll" id="e0e2ea60-cab1-78b6-670e-13c80cc25fc2">
      <Execution id="ad49f29a-c76c-4445-a8f4-c0ff10e01e6f" />
      <TestMethod codeBase="/home/chad/repos/witchcityrope-react/tests/WitchCityRope.Core.Tests/bin/Debug/net9.0/WitchCityRope.Core.Tests.dll" adapterTypeName="executor://xunit/VsTestRunner3/netcore/" className="WitchCityRope.Core.Tests.ValueObjects.MoneyTests" name="Zero_SpecificCurrency_CreatesZeroWithCurrency" />
    </UnitTest>
    <UnitTest name="WitchCityRope.Core.Tests.ValueObjects.EmailAddressTests.ToString_ReturnsDisplayValue" storage="/home/chad/repos/witchcityrope-react/tests/witchcityrope.core.tests/bin/debug/net9.0/witchcityrope.core.tests.dll" id="40c5fe37-8eee-b570-c8e5-584c9555dd5b">
      <Execution id="20fdc0e2-b799-4e77-91f7-6c8e465504fd" />
      <TestMethod codeBase="/home/chad/repos/witchcityrope-react/tests/WitchCityRope.Core.Tests/bin/Debug/net9.0/WitchCityRope.Core.Tests.dll" adapterTypeName="executor://xunit/VsTestRunner3/netcore/" className="WitchCityRope.Core.Tests.ValueObjects.EmailAddressTests" name="ToString_ReturnsDisplayValue" />
    </UnitTest>
    <UnitTest name="WitchCityRope.Core.Tests.Entities.RegistrationTests.StatusTransitions_VariousScenarios_BehavesCorrectly(initialStatus: CheckedIn, targetStatus: Cancelled, shouldSucceed: False)" storage="/home/chad/repos/witchcityrope-react/tests/witchcityrope.core.tests/bin/debug/net9.0/witchcityrope.core.tests.dll" id="3462bc0a-8d33-ca36-1dea-0c030b723bac">
      <Execution id="23d2681e-8e04-4f95-a3e7-e22a7dbe4c06" />
      <TestMethod codeBase="/home/chad/repos/witchcityrope-react/tests/WitchCityRope.Core.Tests/bin/Debug/net9.0/WitchCityRope.Core.Tests.dll" adapterTypeName="executor://xunit/VsTestRunner3/netcore/" className="WitchCityRope.Core.Tests.Entities.RegistrationTests" name="StatusTransitions_VariousScenarios_BehavesCorrectly" />
    </UnitTest>
    <UnitTest name="WitchCityRope.Core.Tests.Entities.RegistrationTests.StatusTransitions_VariousScenarios_BehavesCorrectly(initialStatus: Confirmed, targetStatus: CheckedIn, shouldSucceed: True)" storage="/home/chad/repos/witchcityrope-react/tests/witchcityrope.core.tests/bin/debug/net9.0/witchcityrope.core.tests.dll" id="29518f0a-7330-4b80-0907-a4ac839337bc">
      <Execution id="1ac20c53-f6d4-4cc8-a926-d3ca3c7fc60b" />
      <TestMethod codeBase="/home/chad/repos/witchcityrope-react/tests/WitchCityRope.Core.Tests/bin/Debug/net9.0/WitchCityRope.Core.Tests.dll" adapterTypeName="executor://xunit/VsTestRunner3/netcore/" className="WitchCityRope.Core.Tests.Entities.RegistrationTests" name="StatusTransitions_VariousScenarios_BehavesCorrectly" />
    </UnitTest>
    <UnitTest name="WitchCityRope.Core.Tests.ValueObjects.EmailAddressTests.Value_AlwaysLowercase(input: &quot;test@example.com&quot;, expected: &quot;test@example.com&quot;)" storage="/home/chad/repos/witchcityrope-react/tests/witchcityrope.core.tests/bin/debug/net9.0/witchcityrope.core.tests.dll" id="a7c3958c-ed08-701d-04ac-eb4a143df517">
      <Execution id="a41a8a3a-0ceb-4f88-a225-262a775d4000" />
      <TestMethod codeBase="/home/chad/repos/witchcityrope-react/tests/WitchCityRope.Core.Tests/bin/Debug/net9.0/WitchCityRope.Core.Tests.dll" adapterTypeName="executor://xunit/VsTestRunner3/netcore/" className="WitchCityRope.Core.Tests.ValueObjects.EmailAddressTests" name="Value_AlwaysLowercase" />
    </UnitTest>
    <UnitTest name="WitchCityRope.Core.Tests.ValueObjects.MoneyTests.OperatorPlus_SameCurrency_AddsSuccessfully" storage="/home/chad/repos/witchcityrope-react/tests/witchcityrope.core.tests/bin/debug/net9.0/witchcityrope.core.tests.dll" id="b7ca36a5-b386-7d2d-22ea-8eeb210acc8b">
      <Execution id="d275e2a7-7a4e-4283-a84a-fbdb0442dba4" />
      <TestMethod codeBase="/home/chad/repos/witchcityrope-react/tests/WitchCityRope.Core.Tests/bin/Debug/net9.0/WitchCityRope.Core.Tests.dll" adapterTypeName="executor://xunit/VsTestRunner3/netcore/" className="WitchCityRope.Core.Tests.ValueObjects.MoneyTests" name="OperatorPlus_SameCurrency_AddsSuccessfully" />
    </UnitTest>
    <UnitTest name="WitchCityRope.Core.Tests.ValueObjects.MoneyTests.Subtract_DifferentCurrency_ThrowsDomainException" storage="/home/chad/repos/witchcityrope-react/tests/witchcityrope.core.tests/bin/debug/net9.0/witchcityrope.core.tests.dll" id="a17f7256-4498-6316-6913-96f986b70443">
      <Execution id="837a4573-9910-4080-9509-0a69ab79c7e3" />
      <TestMethod codeBase="/home/chad/repos/witchcityrope-react/tests/WitchCityRope.Core.Tests/bin/Debug/net9.0/WitchCityRope.Core.Tests.dll" adapterTypeName="executor://xunit/VsTestRunner3/netcore/" className="WitchCityRope.Core.Tests.ValueObjects.MoneyTests" name="Subtract_DifferentCurrency_ThrowsDomainException" />
    </UnitTest>
    <UnitTest name="WitchCityRope.Core.Tests.ValueObjects.MoneyTests.Create_ValidAmount_CreatesSuccessfully(amount: 0.01)" storage="/home/chad/repos/witchcityrope-react/tests/witchcityrope.core.tests/bin/debug/net9.0/witchcityrope.core.tests.dll" id="0d2531b7-57a8-6cf2-eb3a-7be7131df56a">
      <Execution id="c57ca7d9-dd9b-4b50-a927-7e984e790036" />
      <TestMethod codeBase="/home/chad/repos/witchcityrope-react/tests/WitchCityRope.Core.Tests/bin/Debug/net9.0/WitchCityRope.Core.Tests.dll" adapterTypeName="executor://xunit/VsTestRunner3/netcore/" className="WitchCityRope.Core.Tests.ValueObjects.MoneyTests" name="Create_ValidAmount_CreatesSuccessfully" />
    </UnitTest>
    <UnitTest name="WitchCityRope.Core.Tests.Entities.EventTests.UpdateCapacity_IncreaseCapacity_UpdatesSuccessfully" storage="/home/chad/repos/witchcityrope-react/tests/witchcityrope.core.tests/bin/debug/net9.0/witchcityrope.core.tests.dll" id="05cc17c1-28ea-dce3-3c35-bd28b793225a">
      <Execution id="aa8fe9d5-3db5-4309-9ff7-d39b4a7dc392" />
      <TestMethod codeBase="/home/chad/repos/witchcityrope-react/tests/WitchCityRope.Core.Tests/bin/Debug/net9.0/WitchCityRope.Core.Tests.dll" adapterTypeName="executor://xunit/VsTestRunner3/netcore/" className="WitchCityRope.Core.Tests.Entities.EventTests" name="UpdateCapacity_IncreaseCapacity_UpdatesSuccessfully" />
    </UnitTest>
    <UnitTest name="WitchCityRope.Core.Tests.ValueObjects.EmailAddressTests.GetDomain_ValidEmail_ReturnsDomain" storage="/home/chad/repos/witchcityrope-react/tests/witchcityrope.core.tests/bin/debug/net9.0/witchcityrope.core.tests.dll" id="050a66e0-21ae-c17c-375d-3763e7631c09">
      <Execution id="aa8800c3-4b11-43be-b434-7e2e012b8609" />
      <TestMethod codeBase="/home/chad/repos/witchcityrope-react/tests/WitchCityRope.Core.Tests/bin/Debug/net9.0/WitchCityRope.Core.Tests.dll" adapterTypeName="executor://xunit/VsTestRunner3/netcore/" className="WitchCityRope.Core.Tests.ValueObjects.EmailAddressTests" name="GetDomain_ValidEmail_ReturnsDomain" />
    </UnitTest>
    <UnitTest name="WitchCityRope.Core.Tests.Entities.EventTests.PricingTiers_SlidingScale_MaintainsOrder" storage="/home/chad/repos/witchcityrope-react/tests/witchcityrope.core.tests/bin/debug/net9.0/witchcityrope.core.tests.dll" id="2838e25d-5b0f-3a89-fae4-3fa22a310c96">
      <Execution id="c0cc4c24-f715-4dec-9b72-f6f6f52cb79a" />
      <TestMethod codeBase="/home/chad/repos/witchcityrope-react/tests/WitchCityRope.Core.Tests/bin/Debug/net9.0/WitchCityRope.Core.Tests.dll" adapterTypeName="executor://xunit/VsTestRunner3/netcore/" className="WitchCityRope.Core.Tests.Entities.EventTests" name="PricingTiers_SlidingScale_MaintainsOrder" />
    </UnitTest>
    <UnitTest name="WitchCityRope.Core.Tests.ValueObjects.EmailAddressTests.TryCreate_InvalidEmail_ReturnsFalse(invalidEmail: &quot;notanemail&quot;)" storage="/home/chad/repos/witchcityrope-react/tests/witchcityrope.core.tests/bin/debug/net9.0/witchcityrope.core.tests.dll" id="85f2852e-58e5-6345-60a2-fbf11f9a2020">
      <Execution id="249c953a-78eb-4228-87ac-c5002b4b1047" />
      <TestMethod codeBase="/home/chad/repos/witchcityrope-react/tests/WitchCityRope.Core.Tests/bin/Debug/net9.0/WitchCityRope.Core.Tests.dll" adapterTypeName="executor://xunit/VsTestRunner3/netcore/" className="WitchCityRope.Core.Tests.ValueObjects.EmailAddressTests" name="TryCreate_InvalidEmail_ReturnsFalse" />
    </UnitTest>
    <UnitTest name="WitchCityRope.Core.Tests.ValueObjects.MoneyTests.Create_ValidCurrency_CreatesSuccessfully(currency: &quot;EUR&quot;)" storage="/home/chad/repos/witchcityrope-react/tests/witchcityrope.core.tests/bin/debug/net9.0/witchcityrope.core.tests.dll" id="9999148d-bc60-e4a0-453e-526e689ed5b8">
      <Execution id="27cb43b8-3661-4981-a806-d50bdf5a4671" />
      <TestMethod codeBase="/home/chad/repos/witchcityrope-react/tests/WitchCityRope.Core.Tests/bin/Debug/net9.0/WitchCityRope.Core.Tests.dll" adapterTypeName="executor://xunit/VsTestRunner3/netcore/" className="WitchCityRope.Core.Tests.ValueObjects.MoneyTests" name="Create_ValidCurrency_CreatesSuccessfully" />
    </UnitTest>
    <UnitTest name="WitchCityRope.Core.Tests.Entities.RegistrationTests.Confirm_NullPayment_ThrowsArgumentNullException" storage="/home/chad/repos/witchcityrope-react/tests/witchcityrope.core.tests/bin/debug/net9.0/witchcityrope.core.tests.dll" id="290b34ee-8997-dfca-77ff-82ad44a16796">
      <Execution id="250f75b8-4142-4769-b1ab-57c155a7ebe4" />
      <TestMethod codeBase="/home/chad/repos/witchcityrope-react/tests/WitchCityRope.Core.Tests/bin/Debug/net9.0/WitchCityRope.Core.Tests.dll" adapterTypeName="executor://xunit/VsTestRunner3/netcore/" className="WitchCityRope.Core.Tests.Entities.RegistrationTests" name="Confirm_NullPayment_ThrowsArgumentNullException" />
    </UnitTest>
    <UnitTest name="WitchCityRope.Core.Tests.Entities.EventTests.UpdateDetails_ValidData_UpdatesSuccessfully" storage="/home/chad/repos/witchcityrope-react/tests/witchcityrope.core.tests/bin/debug/net9.0/witchcityrope.core.tests.dll" id="82f3a02b-31ab-4418-9795-a2a1b8d17627">
      <Execution id="9a588ad3-039c-439b-a035-88c1abf5db81" />
      <TestMethod codeBase="/home/chad/repos/witchcityrope-react/tests/WitchCityRope.Core.Tests/bin/Debug/net9.0/WitchCityRope.Core.Tests.dll" adapterTypeName="executor://xunit/VsTestRunner3/netcore/" className="WitchCityRope.Core.Tests.Entities.EventTests" name="UpdateDetails_ValidData_UpdatesSuccessfully" />
    </UnitTest>
    <UnitTest name="WitchCityRope.Core.Tests.ValueObjects.EmailAddressTests.Create_InvalidFormat_ThrowsDomainException(email: &quot;user@.com&quot;)" storage="/home/chad/repos/witchcityrope-react/tests/witchcityrope.core.tests/bin/debug/net9.0/witchcityrope.core.tests.dll" id="c0556428-c4f1-258f-1a7f-499a722b016e">
      <Execution id="46c437bb-013f-49ba-975c-e35d2bdb27b0" />
      <TestMethod codeBase="/home/chad/repos/witchcityrope-react/tests/WitchCityRope.Core.Tests/bin/Debug/net9.0/WitchCityRope.Core.Tests.dll" adapterTypeName="executor://xunit/VsTestRunner3/netcore/" className="WitchCityRope.Core.Tests.ValueObjects.EmailAddressTests" name="Create_InvalidFormat_ThrowsDomainException" />
    </UnitTest>
    <UnitTest name="WitchCityRope.Core.Tests.ValueObjects.EmailAddressTests.TryCreate_InvalidEmail_ReturnsFalse(invalidEmail: null)" storage="/home/chad/repos/witchcityrope-react/tests/witchcityrope.core.tests/bin/debug/net9.0/witchcityrope.core.tests.dll" id="ef439f9a-370d-abf0-fc41-3f1c34b7e801">
      <Execution id="0290c64e-36b1-49b3-829b-2436dffd39f8" />
      <TestMethod codeBase="/home/chad/repos/witchcityrope-react/tests/WitchCityRope.Core.Tests/bin/Debug/net9.0/WitchCityRope.Core.Tests.dll" adapterTypeName="executor://xunit/VsTestRunner3/netcore/" className="WitchCityRope.Core.Tests.ValueObjects.EmailAddressTests" name="TryCreate_InvalidEmail_ReturnsFalse" />
    </UnitTest>
    <UnitTest name="WitchCityRope.Core.Tests.ValueObjects.SceneNameTests.ToString_ReturnsValue" storage="/home/chad/repos/witchcityrope-react/tests/witchcityrope.core.tests/bin/debug/net9.0/witchcityrope.core.tests.dll" id="f7d23e18-a648-9711-77fa-7ea2bf00eb97">
      <Execution id="6dfb1a3b-faef-40db-b051-eb08ba152fe4" />
      <TestMethod codeBase="/home/chad/repos/witchcityrope-react/tests/WitchCityRope.Core.Tests/bin/Debug/net9.0/WitchCityRope.Core.Tests.dll" adapterTypeName="executor://xunit/VsTestRunner3/netcore/" className="WitchCityRope.Core.Tests.ValueObjects.SceneNameTests" name="ToString_ReturnsValue" />
    </UnitTest>
    <UnitTest name="WitchCityRope.Core.Tests.Entities.EventTests.Publish_AlreadyPublished_ThrowsDomainException" storage="/home/chad/repos/witchcityrope-react/tests/witchcityrope.core.tests/bin/debug/net9.0/witchcityrope.core.tests.dll" id="2b3fb6ad-f8dd-9716-9a2a-ebbd430d3b9e">
      <Execution id="6c7d255a-71ac-45c0-bba3-f5ac6aeba284" />
      <TestMethod codeBase="/home/chad/repos/witchcityrope-react/tests/WitchCityRope.Core.Tests/bin/Debug/net9.0/WitchCityRope.Core.Tests.dll" adapterTypeName="executor://xunit/VsTestRunner3/netcore/" className="WitchCityRope.Core.Tests.Entities.EventTests" name="Publish_AlreadyPublished_ThrowsDomainException" />
    </UnitTest>
    <UnitTest name="WitchCityRope.Core.Tests.Entities.RegistrationTests.IsEligibleForRefund_NotCancelled_ReturnsFalse" storage="/home/chad/repos/witchcityrope-react/tests/witchcityrope.core.tests/bin/debug/net9.0/witchcityrope.core.tests.dll" id="69a533cc-02b9-6682-8046-8e98933b150c">
      <Execution id="5fe81e32-367e-49bf-8c11-944ac2f3040e" />
      <TestMethod codeBase="/home/chad/repos/witchcityrope-react/tests/WitchCityRope.Core.Tests/bin/Debug/net9.0/WitchCityRope.Core.Tests.dll" adapterTypeName="executor://xunit/VsTestRunner3/netcore/" className="WitchCityRope.Core.Tests.Entities.RegistrationTests" name="IsEligibleForRefund_NotCancelled_ReturnsFalse" />
    </UnitTest>
    <UnitTest name="WitchCityRope.Core.Tests.Entities.RegistrationTests.StatusTransitions_VariousScenarios_BehavesCorrectly(initialStatus: Confirmed, targetStatus: Cancelled, shouldSucceed: True)" storage="/home/chad/repos/witchcityrope-react/tests/witchcityrope.core.tests/bin/debug/net9.0/witchcityrope.core.tests.dll" id="69a09f52-376a-6f0b-5082-61e182c0b318">
      <Execution id="fbdc444d-d268-4909-993e-07ef49a87a17" />
      <TestMethod codeBase="/home/chad/repos/witchcityrope-react/tests/WitchCityRope.Core.Tests/bin/Debug/net9.0/WitchCityRope.Core.Tests.dll" adapterTypeName="executor://xunit/VsTestRunner3/netcore/" className="WitchCityRope.Core.Tests.Entities.RegistrationTests" name="StatusTransitions_VariousScenarios_BehavesCorrectly" />
    </UnitTest>
    <UnitTest name="WitchCityRope.Core.Tests.Entities.RegistrationTests.StatusTransitions_VariousScenarios_BehavesCorrectly(initialStatus: Pending, targetStatus: Cancelled, shouldSucceed: True)" storage="/home/chad/repos/witchcityrope-react/tests/witchcityrope.core.tests/bin/debug/net9.0/witchcityrope.core.tests.dll" id="b3adae82-3060-af8b-8907-f3afdf3e3905">
      <Execution id="045d6f49-229a-44a4-b75f-501865dbbd96" />
      <TestMethod codeBase="/home/chad/repos/witchcityrope-react/tests/WitchCityRope.Core.Tests/bin/Debug/net9.0/WitchCityRope.Core.Tests.dll" adapterTypeName="executor://xunit/VsTestRunner3/netcore/" className="WitchCityRope.Core.Tests.Entities.RegistrationTests" name="StatusTransitions_VariousScenarios_BehavesCorrectly" />
    </UnitTest>
    <UnitTest name="WitchCityRope.Core.Tests.ValueObjects.MoneyTests.CompareTo_SameCurrency_ComparesAmounts" storage="/home/chad/repos/witchcityrope-react/tests/witchcityrope.core.tests/bin/debug/net9.0/witchcityrope.core.tests.dll" id="9453135b-223b-97a5-cd9b-6df89673c33a">
      <Execution id="9ba64de5-0263-454e-977b-911cadb7258a" />
      <TestMethod codeBase="/home/chad/repos/witchcityrope-react/tests/WitchCityRope.Core.Tests/bin/Debug/net9.0/WitchCityRope.Core.Tests.dll" adapterTypeName="executor://xunit/VsTestRunner3/netcore/" className="WitchCityRope.Core.Tests.ValueObjects.MoneyTests" name="CompareTo_SameCurrency_ComparesAmounts" />
    </UnitTest>
    <UnitTest name="WitchCityRope.Core.Tests.Entities.UserTests.PromoteToRole_VariousScenarios_BehavesCorrectly(currentRole: Organizer, newRole: Member, shouldSucceed: False)" storage="/home/chad/repos/witchcityrope-react/tests/witchcityrope.core.tests/bin/debug/net9.0/witchcityrope.core.tests.dll" id="8e5b6cc8-b426-b5a6-a2e6-d33c03b3846d">
      <Execution id="e0721b2f-8437-4874-b5c3-f406bf92d383" />
      <TestMethod codeBase="/home/chad/repos/witchcityrope-react/tests/WitchCityRope.Core.Tests/bin/Debug/net9.0/WitchCityRope.Core.Tests.dll" adapterTypeName="executor://xunit/VsTestRunner3/netcore/" className="WitchCityRope.Core.Tests.Entities.UserTests" name="PromoteToRole_VariousScenarios_BehavesCorrectly" />
    </UnitTest>
    <UnitTest name="WitchCityRope.Core.Tests.ValueObjects.SceneNameTests.Equals_NullSceneName_ReturnsFalse" storage="/home/chad/repos/witchcityrope-react/tests/witchcityrope.core.tests/bin/debug/net9.0/witchcityrope.core.tests.dll" id="de32cd1b-7d7c-7f38-c9ad-12abae7a7f92">
      <Execution id="95299a97-679a-4bf9-af54-22be04960d63" />
      <TestMethod codeBase="/home/chad/repos/witchcityrope-react/tests/WitchCityRope.Core.Tests/bin/Debug/net9.0/WitchCityRope.Core.Tests.dll" adapterTypeName="executor://xunit/VsTestRunner3/netcore/" className="WitchCityRope.Core.Tests.ValueObjects.SceneNameTests" name="Equals_NullSceneName_ReturnsFalse" />
    </UnitTest>
    <UnitTest name="WitchCityRope.Core.Tests.ValueObjects.MoneyTests.Equals_SameAmountAndCurrency_ReturnsTrue" storage="/home/chad/repos/witchcityrope-react/tests/witchcityrope.core.tests/bin/debug/net9.0/witchcityrope.core.tests.dll" id="cba69a7c-5c84-d4de-0599-cdcdb4c5885a">
      <Execution id="dc9dc6b7-4a66-4ffa-ab54-a4570c68e7b1" />
      <TestMethod codeBase="/home/chad/repos/witchcityrope-react/tests/WitchCityRope.Core.Tests/bin/Debug/net9.0/WitchCityRope.Core.Tests.dll" adapterTypeName="executor://xunit/VsTestRunner3/netcore/" className="WitchCityRope.Core.Tests.ValueObjects.MoneyTests" name="Equals_SameAmountAndCurrency_ReturnsTrue" />
    </UnitTest>
    <UnitTest name="WitchCityRope.Core.Tests.Entities.RegistrationTests.UpdateDietaryRestrictions_CancelledRegistration_ThrowsDomainException" storage="/home/chad/repos/witchcityrope-react/tests/witchcityrope.core.tests/bin/debug/net9.0/witchcityrope.core.tests.dll" id="c214f8b2-fb5d-eb0c-dc8f-b53e5bf80bd1">
      <Execution id="7cd3efea-85ac-4d43-b6f9-2c98494fb164" />
      <TestMethod codeBase="/home/chad/repos/witchcityrope-react/tests/WitchCityRope.Core.Tests/bin/Debug/net9.0/WitchCityRope.Core.Tests.dll" adapterTypeName="executor://xunit/VsTestRunner3/netcore/" className="WitchCityRope.Core.Tests.Entities.RegistrationTests" name="UpdateDietaryRestrictions_CancelledRegistration_ThrowsDomainException" />
    </UnitTest>
    <UnitTest name="WitchCityRope.Core.Tests.ValueObjects.SceneNameTests.Equals_WithObject_WorksCorrectly" storage="/home/chad/repos/witchcityrope-react/tests/witchcityrope.core.tests/bin/debug/net9.0/witchcityrope.core.tests.dll" id="8733cb82-c09e-1fe6-efe8-6e4e312806a6">
      <Execution id="2a31c435-531d-414a-97ca-68f590e6796e" />
      <TestMethod codeBase="/home/chad/repos/witchcityrope-react/tests/WitchCityRope.Core.Tests/bin/Debug/net9.0/WitchCityRope.Core.Tests.dll" adapterTypeName="executor://xunit/VsTestRunner3/netcore/" className="WitchCityRope.Core.Tests.ValueObjects.SceneNameTests" name="Equals_WithObject_WorksCorrectly" />
    </UnitTest>
    <UnitTest name="WitchCityRope.Core.Tests.Entities.UserTests.PromoteToRole_VariousScenarios_BehavesCorrectly(currentRole: Attendee, newRole: Member, shouldSucceed: True)" storage="/home/chad/repos/witchcityrope-react/tests/witchcityrope.core.tests/bin/debug/net9.0/witchcityrope.core.tests.dll" id="2d987cbc-fd5e-628e-2b30-915e893db291">
      <Execution id="8bd2dce6-dfaf-41eb-b5d6-45ac6169f74a" />
      <TestMethod codeBase="/home/chad/repos/witchcityrope-react/tests/WitchCityRope.Core.Tests/bin/Debug/net9.0/WitchCityRope.Core.Tests.dll" adapterTypeName="executor://xunit/VsTestRunner3/netcore/" className="WitchCityRope.Core.Tests.Entities.UserTests" name="PromoteToRole_VariousScenarios_BehavesCorrectly" />
    </UnitTest>
    <UnitTest name="WitchCityRope.Core.Tests.Entities.EventTests.UpdateDates_StartDateInPast_ThrowsDomainException" storage="/home/chad/repos/witchcityrope-react/tests/witchcityrope.core.tests/bin/debug/net9.0/witchcityrope.core.tests.dll" id="10000ed7-f77c-a414-a92a-a0c685e3c96d">
      <Execution id="897a6d47-23ca-43ab-8906-b4bf6afa8ac5" />
      <TestMethod codeBase="/home/chad/repos/witchcityrope-react/tests/WitchCityRope.Core.Tests/bin/Debug/net9.0/WitchCityRope.Core.Tests.dll" adapterTypeName="executor://xunit/VsTestRunner3/netcore/" className="WitchCityRope.Core.Tests.Entities.EventTests" name="UpdateDates_StartDateInPast_ThrowsDomainException" />
    </UnitTest>
    <UnitTest name="WitchCityRope.Core.Tests.ValueObjects.SceneNameTests.Value_PreservesOriginalCase(input: &quot;Scene Name&quot;, expected: &quot;Scene Name&quot;)" storage="/home/chad/repos/witchcityrope-react/tests/witchcityrope.core.tests/bin/debug/net9.0/witchcityrope.core.tests.dll" id="22bc6493-6675-abab-9e4f-15cedef729a8">
      <Execution id="7dfbc910-e9f5-4e36-bc10-954cc78a13e3" />
      <TestMethod codeBase="/home/chad/repos/witchcityrope-react/tests/WitchCityRope.Core.Tests/bin/Debug/net9.0/WitchCityRope.Core.Tests.dll" adapterTypeName="executor://xunit/VsTestRunner3/netcore/" className="WitchCityRope.Core.Tests.ValueObjects.SceneNameTests" name="Value_PreservesOriginalCase" />
    </UnitTest>
    <UnitTest name="WitchCityRope.Core.Tests.Entities.UserTests.Reactivate_InactiveUser_ReactivatesSuccessfully" storage="/home/chad/repos/witchcityrope-react/tests/witchcityrope.core.tests/bin/debug/net9.0/witchcityrope.core.tests.dll" id="4e783378-2a91-dd2a-54ca-9c33e9d3fbfa">
      <Execution id="0d7050ae-7564-4662-96de-7b7005751cb4" />
      <TestMethod codeBase="/home/chad/repos/witchcityrope-react/tests/WitchCityRope.Core.Tests/bin/Debug/net9.0/WitchCityRope.Core.Tests.dll" adapterTypeName="executor://xunit/VsTestRunner3/netcore/" className="WitchCityRope.Core.Tests.Entities.UserTests" name="Reactivate_InactiveUser_ReactivatesSuccessfully" />
    </UnitTest>
    <UnitTest name="WitchCityRope.Core.Tests.Entities.RegistrationTests.Cancel_NullReason_UsesDefaultReason" storage="/home/chad/repos/witchcityrope-react/tests/witchcityrope.core.tests/bin/debug/net9.0/witchcityrope.core.tests.dll" id="bcc1e113-1701-9956-f5a9-415e31736096">
      <Execution id="d72a965c-8dba-40d0-bf72-5ed9802e8821" />
      <TestMethod codeBase="/home/chad/repos/witchcityrope-react/tests/WitchCityRope.Core.Tests/bin/Debug/net9.0/WitchCityRope.Core.Tests.dll" adapterTypeName="executor://xunit/VsTestRunner3/netcore/" className="WitchCityRope.Core.Tests.Entities.RegistrationTests" name="Cancel_NullReason_UsesDefaultReason" />
    </UnitTest>
    <UnitTest name="WitchCityRope.Core.Tests.Entities.UserTests.PromoteToRole_VariousScenarios_BehavesCorrectly(currentRole: Organizer, newRole: Moderator, shouldSucceed: True)" storage="/home/chad/repos/witchcityrope-react/tests/witchcityrope.core.tests/bin/debug/net9.0/witchcityrope.core.tests.dll" id="64686666-a5d9-6b6e-00f3-a4a97c5c4745">
      <Execution id="c22bcba3-f8f6-4df5-be2e-37263d2d203e" />
      <TestMethod codeBase="/home/chad/repos/witchcityrope-react/tests/WitchCityRope.Core.Tests/bin/Debug/net9.0/WitchCityRope.Core.Tests.dll" adapterTypeName="executor://xunit/VsTestRunner3/netcore/" className="WitchCityRope.Core.Tests.Entities.UserTests" name="PromoteToRole_VariousScenarios_BehavesCorrectly" />
    </UnitTest>
    <UnitTest name="WitchCityRope.Core.Tests.Entities.UserTests.Constructor_NullSceneName_ThrowsArgumentNullException" storage="/home/chad/repos/witchcityrope-react/tests/witchcityrope.core.tests/bin/debug/net9.0/witchcityrope.core.tests.dll" id="574b0e4a-1088-dc8e-931b-5757557d5af9">
      <Execution id="657a121c-9744-45f9-aa17-3e84e3b4c774" />
      <TestMethod codeBase="/home/chad/repos/witchcityrope-react/tests/WitchCityRope.Core.Tests/bin/Debug/net9.0/WitchCityRope.Core.Tests.dll" adapterTypeName="executor://xunit/VsTestRunner3/netcore/" className="WitchCityRope.Core.Tests.Entities.UserTests" name="Constructor_NullSceneName_ThrowsArgumentNullException" />
    </UnitTest>
    <UnitTest name="WitchCityRope.Core.Tests.ValueObjects.EmailAddressTests.Equals_SameEmailDifferentCase_ReturnsTrue" storage="/home/chad/repos/witchcityrope-react/tests/witchcityrope.core.tests/bin/debug/net9.0/witchcityrope.core.tests.dll" id="4c3704a2-f126-706a-ee45-09631f5d1024">
      <Execution id="b8267c66-7e91-43da-a02f-cf174b9acc7c" />
      <TestMethod codeBase="/home/chad/repos/witchcityrope-react/tests/WitchCityRope.Core.Tests/bin/Debug/net9.0/WitchCityRope.Core.Tests.dll" adapterTypeName="executor://xunit/VsTestRunner3/netcore/" className="WitchCityRope.Core.Tests.ValueObjects.EmailAddressTests" name="Equals_SameEmailDifferentCase_ReturnsTrue" />
    </UnitTest>
    <UnitTest name="WitchCityRope.Core.Tests.Entities.RegistrationTests.Confirm_IncompletePayment_ThrowsDomainException" storage="/home/chad/repos/witchcityrope-react/tests/witchcityrope.core.tests/bin/debug/net9.0/witchcityrope.core.tests.dll" id="703dfb97-0b83-83a5-714a-04c761334f21">
      <Execution id="c4713714-14a0-40f4-a7f0-506a5c1820ed" />
      <TestMethod codeBase="/home/chad/repos/witchcityrope-react/tests/WitchCityRope.Core.Tests/bin/Debug/net9.0/WitchCityRope.Core.Tests.dll" adapterTypeName="executor://xunit/VsTestRunner3/netcore/" className="WitchCityRope.Core.Tests.Entities.RegistrationTests" name="Confirm_IncompletePayment_ThrowsDomainException" />
    </UnitTest>
    <UnitTest name="WitchCityRope.Core.Tests.Entities.RegistrationTests.Constructor_EventAtCapacity_ThrowsDomainException" storage="/home/chad/repos/witchcityrope-react/tests/witchcityrope.core.tests/bin/debug/net9.0/witchcityrope.core.tests.dll" id="21d49e36-092f-4776-cb8b-30332ca4fe90">
      <Execution id="a12a2fee-4b40-4fa6-847a-7b3ab9f3925f" />
      <TestMethod codeBase="/home/chad/repos/witchcityrope-react/tests/WitchCityRope.Core.Tests/bin/Debug/net9.0/WitchCityRope.Core.Tests.dll" adapterTypeName="executor://xunit/VsTestRunner3/netcore/" className="WitchCityRope.Core.Tests.Entities.RegistrationTests" name="Constructor_EventAtCapacity_ThrowsDomainException" />
    </UnitTest>
    <UnitTest name="WitchCityRope.Core.Tests.ValueObjects.MoneyTests.Multiply_ValidFactor_MultipliesSuccessfully(amount: 10, factor: 2, expected: 20)" storage="/home/chad/repos/witchcityrope-react/tests/witchcityrope.core.tests/bin/debug/net9.0/witchcityrope.core.tests.dll" id="4397c8ff-627d-79c6-0248-89b8a15bd75a">
      <Execution id="a1854ec7-5034-472c-a5ec-e2059c3f8f21" />
      <TestMethod codeBase="/home/chad/repos/witchcityrope-react/tests/WitchCityRope.Core.Tests/bin/Debug/net9.0/WitchCityRope.Core.Tests.dll" adapterTypeName="executor://xunit/VsTestRunner3/netcore/" className="WitchCityRope.Core.Tests.ValueObjects.MoneyTests" name="Multiply_ValidFactor_MultipliesSuccessfully" />
    </UnitTest>
    <UnitTest name="WitchCityRope.Core.Tests.ValueObjects.SceneNameTests.Create_ValidSceneName_CreatesSuccessfully(name: &quot;Scene-Name&quot;)" storage="/home/chad/repos/witchcityrope-react/tests/witchcityrope.core.tests/bin/debug/net9.0/witchcityrope.core.tests.dll" id="e206ec60-ba6a-86c3-283a-743b9d2de541">
      <Execution id="4895130a-b97f-4118-943c-bd6b9aafa12b" />
      <TestMethod codeBase="/home/chad/repos/witchcityrope-react/tests/WitchCityRope.Core.Tests/bin/Debug/net9.0/WitchCityRope.Core.Tests.dll" adapterTypeName="executor://xunit/VsTestRunner3/netcore/" className="WitchCityRope.Core.Tests.ValueObjects.SceneNameTests" name="Create_ValidSceneName_CreatesSuccessfully" />
    </UnitTest>
    <UnitTest name="WitchCityRope.Core.Tests.Entities.RegistrationTests.Confirm_PendingRegistrationWithCompletedPayment_ConfirmsSuccessfully" storage="/home/chad/repos/witchcityrope-react/tests/witchcityrope.core.tests/bin/debug/net9.0/witchcityrope.core.tests.dll" id="17510853-dc9d-0e30-3c21-5738bddd2d2c">
      <Execution id="3cca21e6-9f79-47e5-8a90-26cc611e5754" />
      <TestMethod codeBase="/home/chad/repos/witchcityrope-react/tests/WitchCityRope.Core.Tests/bin/Debug/net9.0/WitchCityRope.Core.Tests.dll" adapterTypeName="executor://xunit/VsTestRunner3/netcore/" className="WitchCityRope.Core.Tests.Entities.RegistrationTests" name="Confirm_PendingRegistrationWithCompletedPayment_ConfirmsSuccessfully" />
    </UnitTest>
    <UnitTest name="WitchCityRope.Core.Tests.Entities.UserTests.PromoteToRole_SameRole_ThrowsDomainException" storage="/home/chad/repos/witchcityrope-react/tests/witchcityrope.core.tests/bin/debug/net9.0/witchcityrope.core.tests.dll" id="16b86624-9e7b-1dad-64c2-35f2e1bcf205">
      <Execution id="0118850b-2917-435f-81cd-183e1c925513" />
      <TestMethod codeBase="/home/chad/repos/witchcityrope-react/tests/WitchCityRope.Core.Tests/bin/Debug/net9.0/WitchCityRope.Core.Tests.dll" adapterTypeName="executor://xunit/VsTestRunner3/netcore/" className="WitchCityRope.Core.Tests.Entities.UserTests" name="PromoteToRole_SameRole_ThrowsDomainException" />
    </UnitTest>
    <UnitTest name="WitchCityRope.Core.Tests.Entities.UserTests.UpdateEmail_ValidEmail_UpdatesSuccessfully" storage="/home/chad/repos/witchcityrope-react/tests/witchcityrope.core.tests/bin/debug/net9.0/witchcityrope.core.tests.dll" id="9b5af3e7-7cb0-d72f-e621-a08fe9eb4ae5">
      <Execution id="5447f0ff-1097-442f-b762-96ea2d187ada" />
      <TestMethod codeBase="/home/chad/repos/witchcityrope-react/tests/WitchCityRope.Core.Tests/bin/Debug/net9.0/WitchCityRope.Core.Tests.dll" adapterTypeName="executor://xunit/VsTestRunner3/netcore/" className="WitchCityRope.Core.Tests.Entities.UserTests" name="UpdateEmail_ValidEmail_UpdatesSuccessfully" />
    </UnitTest>
    <UnitTest name="WitchCityRope.Core.Tests.ValueObjects.EmailAddressTests.Equals_NullEmail_ReturnsFalse" storage="/home/chad/repos/witchcityrope-react/tests/witchcityrope.core.tests/bin/debug/net9.0/witchcityrope.core.tests.dll" id="4d097658-d194-1751-06b0-bbf62cb8a2b5">
      <Execution id="e7d9d576-3754-4a8d-ac89-bf43f7b8b139" />
      <TestMethod codeBase="/home/chad/repos/witchcityrope-react/tests/WitchCityRope.Core.Tests/bin/Debug/net9.0/WitchCityRope.Core.Tests.dll" adapterTypeName="executor://xunit/VsTestRunner3/netcore/" className="WitchCityRope.Core.Tests.ValueObjects.EmailAddressTests" name="Equals_NullEmail_ReturnsFalse" />
    </UnitTest>
    <UnitTest name="WitchCityRope.Core.Tests.ValueObjects.MoneyTests.ToString_ReturnsStandardFormat" storage="/home/chad/repos/witchcityrope-react/tests/witchcityrope.core.tests/bin/debug/net9.0/witchcityrope.core.tests.dll" id="1a35023b-af8e-7459-b8da-b70b67577be3">
      <Execution id="28c2ee44-047e-4bcd-a83a-df58cb621b5a" />
      <TestMethod codeBase="/home/chad/repos/witchcityrope-react/tests/WitchCityRope.Core.Tests/bin/Debug/net9.0/WitchCityRope.Core.Tests.dll" adapterTypeName="executor://xunit/VsTestRunner3/netcore/" className="WitchCityRope.Core.Tests.ValueObjects.MoneyTests" name="ToString_ReturnsStandardFormat" />
    </UnitTest>
  </TestDefinitions>
  <TestEntries>
    <TestEntry testId="290b34ee-8997-dfca-77ff-82ad44a16796" executionId="250f75b8-4142-4769-b1ab-57c155a7ebe4" testListId="8c84fa94-04c1-424b-9868-57a2d4851a1d" />
    <TestEntry testId="1a35023b-af8e-7459-b8da-b70b67577be3" executionId="28c2ee44-047e-4bcd-a83a-df58cb621b5a" testListId="8c84fa94-04c1-424b-9868-57a2d4851a1d" />
    <TestEntry testId="b02692b3-9a02-e92f-7382-524711238591" executionId="dd455b37-eef5-4023-8cf8-0935a876f687" testListId="8c84fa94-04c1-424b-9868-57a2d4851a1d" />
    <TestEntry testId="91f4eb05-11bd-5689-aac1-bef8fa038320" executionId="a4bd2386-e5ba-474d-b705-6886d10d602e" testListId="8c84fa94-04c1-424b-9868-57a2d4851a1d" />
    <TestEntry testId="ed1ab1b0-e0da-f61a-8479-70793f974089" executionId="1808a2b1-9421-4f27-92cc-4a983fc2cbe9" testListId="8c84fa94-04c1-424b-9868-57a2d4851a1d" />
    <TestEntry testId="478f96ed-2221-5007-b98f-8630532b55b1" executionId="236c3e68-ba2f-49b7-94f9-b2b8e47eae01" testListId="8c84fa94-04c1-424b-9868-57a2d4851a1d" />
    <TestEntry testId="e9ff79d1-7c74-ba00-c289-731f38c9ae9d" executionId="33333eaf-1ca9-4c85-bbf0-1d55486cc69a" testListId="8c84fa94-04c1-424b-9868-57a2d4851a1d" />
    <TestEntry testId="f7d23e18-a648-9711-77fa-7ea2bf00eb97" executionId="6dfb1a3b-faef-40db-b051-eb08ba152fe4" testListId="8c84fa94-04c1-424b-9868-57a2d4851a1d" />
    <TestEntry testId="d62e8641-98ea-1230-1843-e706f07349bc" executionId="021fca33-81a6-4536-853c-97f9e22c5c82" testListId="8c84fa94-04c1-424b-9868-57a2d4851a1d" />
    <TestEntry testId="8d20f875-f9f1-f972-48ca-5f006dd2b59b" executionId="bbd5f9a6-ce54-4396-a998-037d64b8baec" testListId="8c84fa94-04c1-424b-9868-57a2d4851a1d" />
    <TestEntry testId="0c59e933-24d5-adbb-33bf-d68b154cd5f8" executionId="aef189a0-eb9f-40c2-a907-2c3a18acee12" testListId="8c84fa94-04c1-424b-9868-57a2d4851a1d" />
    <TestEntry testId="052861ce-b146-5192-7743-f88dfaaffc4d" executionId="878bb49f-ea1e-46b7-92b3-f9f879456e12" testListId="8c84fa94-04c1-424b-9868-57a2d4851a1d" />
    <TestEntry testId="8d59d4a7-b732-33a6-63b7-f602524d5f67" executionId="39fa432e-8c6c-4f70-a91b-eb38664ca756" testListId="8c84fa94-04c1-424b-9868-57a2d4851a1d" />
    <TestEntry testId="7cfbf625-df92-ef50-1f46-50f40c1d104f" executionId="81166f4c-1d36-40dd-a6fd-9fe6c32d1021" testListId="8c84fa94-04c1-424b-9868-57a2d4851a1d" />
    <TestEntry testId="050a66e0-21ae-c17c-375d-3763e7631c09" executionId="aa8800c3-4b11-43be-b434-7e2e012b8609" testListId="8c84fa94-04c1-424b-9868-57a2d4851a1d" />
    <TestEntry testId="f93aa139-c4ae-68d9-3951-bf310f85f479" executionId="82fcfb73-66fe-4e63-b2b7-fe87f4045702" testListId="8c84fa94-04c1-424b-9868-57a2d4851a1d" />
    <TestEntry testId="cb9cb4dd-d91f-3a8b-e093-61069c975ba7" executionId="f495f856-d770-4bdf-818c-e62356434e8a" testListId="8c84fa94-04c1-424b-9868-57a2d4851a1d" />
    <TestEntry testId="44f3481b-e4bb-4f17-196a-e00c0217ed87" executionId="12e4d077-78bc-4ea1-a980-349c57f4b9ad" testListId="8c84fa94-04c1-424b-9868-57a2d4851a1d" />
    <TestEntry testId="8dc4b32e-1d6e-f702-48ff-68937539ae3a" executionId="4eaddfb2-9e90-4b22-9def-bf91d3efc506" testListId="8c84fa94-04c1-424b-9868-57a2d4851a1d" />
    <TestEntry testId="a273b370-2d95-b550-7a4f-799e4a38d75a" executionId="23cd50f6-6eb2-4726-9cb2-4b08fb12b5b0" testListId="8c84fa94-04c1-424b-9868-57a2d4851a1d" />
    <TestEntry testId="608e931e-de24-f30a-1df4-2d44e7f89163" executionId="95b69b03-2d30-4c5a-9e58-66d57d46ae90" testListId="8c84fa94-04c1-424b-9868-57a2d4851a1d" />
    <TestEntry testId="4c3704a2-f126-706a-ee45-09631f5d1024" executionId="b8267c66-7e91-43da-a02f-cf174b9acc7c" testListId="8c84fa94-04c1-424b-9868-57a2d4851a1d" />
    <TestEntry testId="18f0023f-b7b6-64e0-d99f-67f362201e02" executionId="9a66dd7f-1af1-49ab-848c-4a4f7bfc8aa6" testListId="8c84fa94-04c1-424b-9868-57a2d4851a1d" />
    <TestEntry testId="361c1120-aeb7-b54d-75a2-9ae03fb892c4" executionId="497c2af0-8023-4b93-a9c7-339d760cb33b" testListId="8c84fa94-04c1-424b-9868-57a2d4851a1d" />
    <TestEntry testId="69a533cc-02b9-6682-8046-8e98933b150c" executionId="5fe81e32-367e-49bf-8c11-944ac2f3040e" testListId="8c84fa94-04c1-424b-9868-57a2d4851a1d" />
    <TestEntry testId="84dcc98b-de79-8a60-e10c-9ece06fa7fb3" executionId="5a96a9b3-d09c-4a84-a207-2a0e21253ef5" testListId="8c84fa94-04c1-424b-9868-57a2d4851a1d" />
    <TestEntry testId="81c4e769-cb62-799e-3506-93d60500134c" executionId="ff911bcb-dd60-4a06-9beb-f589631d7ccf" testListId="8c84fa94-04c1-424b-9868-57a2d4851a1d" />
    <TestEntry testId="0d2531b7-57a8-6cf2-eb3a-7be7131df56a" executionId="c57ca7d9-dd9b-4b50-a927-7e984e790036" testListId="8c84fa94-04c1-424b-9868-57a2d4851a1d" />
    <TestEntry testId="10000ed7-f77c-a414-a92a-a0c685e3c96d" executionId="897a6d47-23ca-43ab-8906-b4bf6afa8ac5" testListId="8c84fa94-04c1-424b-9868-57a2d4851a1d" />
    <TestEntry testId="16b86624-9e7b-1dad-64c2-35f2e1bcf205" executionId="0118850b-2917-435f-81cd-183e1c925513" testListId="8c84fa94-04c1-424b-9868-57a2d4851a1d" />
    <TestEntry testId="8f5f971f-a71a-13e1-4708-f9d625af241d" executionId="563c7ccf-7b8f-44f5-a41b-638da24f11ca" testListId="8c84fa94-04c1-424b-9868-57a2d4851a1d" />
    <TestEntry testId="dbc99f96-723f-5c76-60ae-bc8aeab3b6c9" executionId="91faed2d-30ca-4aec-b00d-7a8bd3d47ccb" testListId="8c84fa94-04c1-424b-9868-57a2d4851a1d" />
    <TestEntry testId="602812ce-9acf-c63f-3d9e-ab7e38da8bfb" executionId="e91135c3-d3e1-491e-9cb7-8836ec131f99" testListId="8c84fa94-04c1-424b-9868-57a2d4851a1d" />
    <TestEntry testId="d37f8d70-658e-9a68-38a9-dcf4a5011bb5" executionId="662165ef-4409-4b2f-bf20-8325d12639ef" testListId="8c84fa94-04c1-424b-9868-57a2d4851a1d" />
    <TestEntry testId="7f2a1335-3b19-3256-97d2-7c1bb7c23a93" executionId="6e057109-bd3f-4559-bfcf-b52bb817d1f8" testListId="8c84fa94-04c1-424b-9868-57a2d4851a1d" />
    <TestEntry testId="55c9a313-0561-d40b-755a-d926aa2d9d32" executionId="e65e22b9-2922-4639-80e2-6fe15970a485" testListId="8c84fa94-04c1-424b-9868-57a2d4851a1d" />
    <TestEntry testId="cb2ec5a2-32db-52c0-a6a1-934dccc75132" executionId="975ae9b4-e0f1-4324-ad95-a4bda66db991" testListId="8c84fa94-04c1-424b-9868-57a2d4851a1d" />
    <TestEntry testId="df1412dd-e26c-843c-183a-67aa60fd9760" executionId="d11e1ed3-ff2c-4b87-8055-a185300f372c" testListId="8c84fa94-04c1-424b-9868-57a2d4851a1d" />
    <TestEntry testId="de32cd1b-7d7c-7f38-c9ad-12abae7a7f92" executionId="95299a97-679a-4bf9-af54-22be04960d63" testListId="8c84fa94-04c1-424b-9868-57a2d4851a1d" />
    <TestEntry testId="db9487ae-f8bb-6c77-456e-477251a97694" executionId="17bc5fc3-3675-4fe9-8d89-7509355314b5" testListId="8c84fa94-04c1-424b-9868-57a2d4851a1d" />
    <TestEntry testId="c3081fdc-d142-f914-3509-6d3142a54806" executionId="b9fff77e-9d5d-4f88-a446-2517a1754503" testListId="8c84fa94-04c1-424b-9868-57a2d4851a1d" />
    <TestEntry testId="bb63d3b1-377d-9b8b-04fd-78b169853397" executionId="0e05ea02-d65e-4de1-a1c1-07aebba799d7" testListId="8c84fa94-04c1-424b-9868-57a2d4851a1d" />
    <TestEntry testId="29518f0a-7330-4b80-0907-a4ac839337bc" executionId="1ac20c53-f6d4-4cc8-a926-d3ca3c7fc60b" testListId="8c84fa94-04c1-424b-9868-57a2d4851a1d" />
    <TestEntry testId="a1b786bd-3420-a755-d1b7-26283940726c" executionId="46a56e0e-7918-4b66-a2c0-4992ade31fa9" testListId="8c84fa94-04c1-424b-9868-57a2d4851a1d" />
    <TestEntry testId="0956fa5d-4aed-486e-f7dc-84f44811deb3" executionId="4c11c4e8-65d2-43e8-931e-ed41af811841" testListId="8c84fa94-04c1-424b-9868-57a2d4851a1d" />
    <TestEntry testId="c79ecd78-0d7c-8763-abc4-4db98409363a" executionId="86522997-63f5-4368-a303-dc8800cda328" testListId="8c84fa94-04c1-424b-9868-57a2d4851a1d" />
    <TestEntry testId="22bc6493-6675-abab-9e4f-15cedef729a8" executionId="7dfbc910-e9f5-4e36-bc10-954cc78a13e3" testListId="8c84fa94-04c1-424b-9868-57a2d4851a1d" />
    <TestEntry testId="64df16bb-168d-b86d-0c2a-41836ed7a731" executionId="3c81a57b-8485-4024-8551-daf723f274e2" testListId="8c84fa94-04c1-424b-9868-57a2d4851a1d" />
    <TestEntry testId="aa71a203-3d80-3323-0c0d-232f4f20becc" executionId="d542163e-d53a-4fda-80a3-9df3f838ddea" testListId="8c84fa94-04c1-424b-9868-57a2d4851a1d" />
    <TestEntry testId="008887e8-4708-1efe-5a02-72d0dd65e958" executionId="b94415eb-5e9f-41d8-ad27-bb18149a67cf" testListId="8c84fa94-04c1-424b-9868-57a2d4851a1d" />
    <TestEntry testId="60598e1b-02d6-d0b1-216a-1d6496f4b8e7" executionId="3e24aff2-5f02-41fc-8e04-14e08ce69c20" testListId="8c84fa94-04c1-424b-9868-57a2d4851a1d" />
    <TestEntry testId="252a288d-ed9d-192f-9ca0-2b8477995f8a" executionId="99fe7fd0-85e4-4e7a-be66-c661829254e0" testListId="8c84fa94-04c1-424b-9868-57a2d4851a1d" />
    <TestEntry testId="cba69a7c-5c84-d4de-0599-cdcdb4c5885a" executionId="dc9dc6b7-4a66-4ffa-ab54-a4570c68e7b1" testListId="8c84fa94-04c1-424b-9868-57a2d4851a1d" />
    <TestEntry testId="1a91289e-57e5-be3c-8381-67252df4124f" executionId="78888c08-3a26-4f7b-a685-37cfbe94087e" testListId="8c84fa94-04c1-424b-9868-57a2d4851a1d" />
    <TestEntry testId="03fa85b2-43b0-99e5-97e9-18bd4cd6c123" executionId="a3d3bf3f-50f1-4ea6-9565-a7ad42096c04" testListId="8c84fa94-04c1-424b-9868-57a2d4851a1d" />
    <TestEntry testId="f59f7a21-07b4-832f-fda9-0f8e86b99025" executionId="51f48466-77e7-4631-b38c-85f8a39fc7f4" testListId="8c84fa94-04c1-424b-9868-57a2d4851a1d" />
    <TestEntry testId="b044912f-a46a-5c40-95af-4fdef8a1afaf" executionId="5a05b5b9-d626-4b74-8d2a-8e8082737eae" testListId="8c84fa94-04c1-424b-9868-57a2d4851a1d" />
    <TestEntry testId="347519fa-20da-2415-a333-db65c694b8f6" executionId="5a4da830-87a7-49d7-b7ce-494cb554bed3" testListId="8c84fa94-04c1-424b-9868-57a2d4851a1d" />
    <TestEntry testId="aa10c3e1-a4c0-c3d8-9c2e-168e33c3cacb" executionId="ae9a7ac4-10d7-497a-a761-80e19dfea853" testListId="8c84fa94-04c1-424b-9868-57a2d4851a1d" />
    <TestEntry testId="ed03c588-f9e2-cd50-ea85-d6f0ba338f02" executionId="5a03aff7-6b29-4ccb-bddf-ff93af86dc45" testListId="8c84fa94-04c1-424b-9868-57a2d4851a1d" />
    <TestEntry testId="0df1aa3b-c928-8b6a-0977-0b4429c2ad4f" executionId="8a9248c0-1c1f-481e-ba37-4d60054f0b77" testListId="8c84fa94-04c1-424b-9868-57a2d4851a1d" />
    <TestEntry testId="d16237a8-90bf-68f0-8cb9-70c28d5553b3" executionId="0917f83e-1d9f-4922-8611-821ffa8e7b6d" testListId="8c84fa94-04c1-424b-9868-57a2d4851a1d" />
    <TestEntry testId="02dfc5f2-c3eb-99ee-f353-2aaec6dc6e1c" executionId="6e697011-a2be-418d-9856-80d6e5c2feba" testListId="8c84fa94-04c1-424b-9868-57a2d4851a1d" />
    <TestEntry testId="f1e20cc6-36e9-f4be-b8af-7b8e470faa96" executionId="68696d21-0a7a-4a78-85f3-c0fa0bcc4234" testListId="8c84fa94-04c1-424b-9868-57a2d4851a1d" />
    <TestEntry testId="305b144b-8ed9-0941-31df-2aff6a8173dd" executionId="ca7185e6-0c91-4017-808f-97059f186fe6" testListId="8c84fa94-04c1-424b-9868-57a2d4851a1d" />
    <TestEntry testId="9999148d-bc60-e4a0-453e-526e689ed5b8" executionId="27cb43b8-3661-4981-a806-d50bdf5a4671" testListId="8c84fa94-04c1-424b-9868-57a2d4851a1d" />
    <TestEntry testId="58183c69-e8f2-fc1d-1451-124433b27fa3" executionId="2823405b-d670-43dd-879b-57fef2793148" testListId="8c84fa94-04c1-424b-9868-57a2d4851a1d" />
    <TestEntry testId="289ca8c1-6229-0a00-b027-f38a937cfdf0" executionId="4ea2b8f6-ee05-479a-a115-e6250ac2bc7e" testListId="8c84fa94-04c1-424b-9868-57a2d4851a1d" />
    <TestEntry testId="070a6f14-3a30-3377-c694-35b4f6e518ef" executionId="cd542c53-ecf4-401c-9461-54186203b567" testListId="8c84fa94-04c1-424b-9868-57a2d4851a1d" />
    <TestEntry testId="e85fed14-ca9f-a204-a5c5-cb8f12de0b8e" executionId="6a144f34-fbf1-4857-9a43-a2202531bbaf" testListId="8c84fa94-04c1-424b-9868-57a2d4851a1d" />
    <TestEntry testId="5103f879-550d-fbea-5ebd-81a2562bffc5" executionId="1c2c62db-8958-4864-b655-e711deedc32b" testListId="8c84fa94-04c1-424b-9868-57a2d4851a1d" />
    <TestEntry testId="8e5b6cc8-b426-b5a6-a2e6-d33c03b3846d" executionId="e0721b2f-8437-4874-b5c3-f406bf92d383" testListId="8c84fa94-04c1-424b-9868-57a2d4851a1d" />
    <TestEntry testId="ebca1bab-4384-7fba-f140-5240d35a005a" executionId="3670fe23-97b2-4f56-8ded-706af6abefdd" testListId="8c84fa94-04c1-424b-9868-57a2d4851a1d" />
    <TestEntry testId="c05012ef-d0ab-afcf-bc6a-16ea57c9f455" executionId="4a630d81-f058-4276-a3bb-eebcb6241757" testListId="8c84fa94-04c1-424b-9868-57a2d4851a1d" />
    <TestEntry testId="184ae763-6928-b09d-3745-32f2f3043958" executionId="53031cf8-9d8d-43a2-8cc4-7d12587abf7a" testListId="8c84fa94-04c1-424b-9868-57a2d4851a1d" />
    <TestEntry testId="ef439f9a-370d-abf0-fc41-3f1c34b7e801" executionId="0290c64e-36b1-49b3-829b-2436dffd39f8" testListId="8c84fa94-04c1-424b-9868-57a2d4851a1d" />
    <TestEntry testId="a17f7256-4498-6316-6913-96f986b70443" executionId="837a4573-9910-4080-9509-0a69ab79c7e3" testListId="8c84fa94-04c1-424b-9868-57a2d4851a1d" />
    <TestEntry testId="7d8e1bdd-5b0a-e86b-4cc6-21776e72712f" executionId="29ad29d2-34ae-4092-9d9e-2aab7e8f18e8" testListId="8c84fa94-04c1-424b-9868-57a2d4851a1d" />
    <TestEntry testId="82f3a02b-31ab-4418-9795-a2a1b8d17627" executionId="9a588ad3-039c-439b-a035-88c1abf5db81" testListId="8c84fa94-04c1-424b-9868-57a2d4851a1d" />
    <TestEntry testId="c774f67f-9417-304b-9fb5-ba0ee243e9da" executionId="fea999de-61ae-4066-b32f-c7777f96c4c5" testListId="8c84fa94-04c1-424b-9868-57a2d4851a1d" />
    <TestEntry testId="50f4f714-e192-57f9-2983-3e5c7146ec8d" executionId="20dce8e9-78b8-4e4c-b9c2-4d5472143ec6" testListId="8c84fa94-04c1-424b-9868-57a2d4851a1d" />
    <TestEntry testId="bcf6c661-bdd3-dc3b-8d30-8efd04a896b7" executionId="1da6f3ed-5a5b-4692-9e6e-5a84c6f262a5" testListId="8c84fa94-04c1-424b-9868-57a2d4851a1d" />
    <TestEntry testId="4397c8ff-627d-79c6-0248-89b8a15bd75a" executionId="a1854ec7-5034-472c-a5ec-e2059c3f8f21" testListId="8c84fa94-04c1-424b-9868-57a2d4851a1d" />
    <TestEntry testId="0eea5cf3-5217-2650-bfc6-55dedab95adb" executionId="97819d57-cb47-48d6-ace4-e352fa455392" testListId="8c84fa94-04c1-424b-9868-57a2d4851a1d" />
    <TestEntry testId="e773b851-8c18-36bf-b413-b6eff82ab4e8" executionId="6bd4d9de-9d33-4b40-ba5b-a79901fda74f" testListId="8c84fa94-04c1-424b-9868-57a2d4851a1d" />
    <TestEntry testId="2838e25d-5b0f-3a89-fae4-3fa22a310c96" executionId="c0cc4c24-f715-4dec-9b72-f6f6f52cb79a" testListId="8c84fa94-04c1-424b-9868-57a2d4851a1d" />
    <TestEntry testId="ba8d6819-dbe5-0f3d-526a-f7efd7301504" executionId="98a33c3e-4ebb-4468-aaca-8436efbfd4a5" testListId="8c84fa94-04c1-424b-9868-57a2d4851a1d" />
    <TestEntry testId="d455764c-ebf5-92ab-8b89-d7a291338524" executionId="9b88624a-e109-467a-8bf0-ed5a13cc6320" testListId="8c84fa94-04c1-424b-9868-57a2d4851a1d" />
    <TestEntry testId="2f21a058-e21f-cf4b-831f-a132a3f4eafc" executionId="5c13b505-5f47-434c-a288-9ae81df169a1" testListId="8c84fa94-04c1-424b-9868-57a2d4851a1d" />
    <TestEntry testId="4456710a-57c1-169e-c51f-6d26dac4e142" executionId="aedf0e8f-4392-4426-8ed8-58be5756f2ad" testListId="8c84fa94-04c1-424b-9868-57a2d4851a1d" />
    <TestEntry testId="21d49e36-092f-4776-cb8b-30332ca4fe90" executionId="a12a2fee-4b40-4fa6-847a-7b3ab9f3925f" testListId="8c84fa94-04c1-424b-9868-57a2d4851a1d" />
    <TestEntry testId="38d6e065-1a55-e71e-b81e-ae9ea067e84e" executionId="b1486b71-7a3e-4560-b317-e389df3aab83" testListId="8c84fa94-04c1-424b-9868-57a2d4851a1d" />
    <TestEntry testId="c51fba78-91c0-4bc8-f4af-0e9c6411e3e9" executionId="bf5625b4-f12e-450e-87e1-356e815207d7" testListId="8c84fa94-04c1-424b-9868-57a2d4851a1d" />
    <TestEntry testId="e52cb23e-8dbf-be48-4879-01d3bf5f878c" executionId="b14125e7-e049-47ab-a8ce-99f9793792d0" testListId="8c84fa94-04c1-424b-9868-57a2d4851a1d" />
    <TestEntry testId="d5159d6d-2952-3694-1eec-00946e14957e" executionId="6fc27caa-a4d5-43ae-ae87-5dd8c9549833" testListId="8c84fa94-04c1-424b-9868-57a2d4851a1d" />
    <TestEntry testId="9028b45d-2cc9-07bd-c10e-d070f0a1ff95" executionId="c610b22a-dd2b-4094-896c-211854380fa1" testListId="8c84fa94-04c1-424b-9868-57a2d4851a1d" />
    <TestEntry testId="5527d0db-ca8b-e7da-08c4-922b907c4840" executionId="4c2ccb76-b13a-4c74-8bad-d63ea3753c8d" testListId="8c84fa94-04c1-424b-9868-57a2d4851a1d" />
    <TestEntry testId="0879fc39-5bc5-a25c-cfc2-e0638ee2992f" executionId="d810c18d-5875-4a3b-9579-07d4d48e5386" testListId="8c84fa94-04c1-424b-9868-57a2d4851a1d" />
    <TestEntry testId="57828f1b-953d-89a2-bee2-b021bb8b5c17" executionId="e7f55c0b-f064-4c9c-9f03-decd193e4a36" testListId="8c84fa94-04c1-424b-9868-57a2d4851a1d" />
    <TestEntry testId="b3adae82-3060-af8b-8907-f3afdf3e3905" executionId="045d6f49-229a-44a4-b75f-501865dbbd96" testListId="8c84fa94-04c1-424b-9868-57a2d4851a1d" />
    <TestEntry testId="e206ec60-ba6a-86c3-283a-743b9d2de541" executionId="4895130a-b97f-4118-943c-bd6b9aafa12b" testListId="8c84fa94-04c1-424b-9868-57a2d4851a1d" />
    <TestEntry testId="dafcd462-6d8d-7546-db79-401cb1f8ea54" executionId="d7a93d69-0911-4ba9-8a13-69eb61df4890" testListId="8c84fa94-04c1-424b-9868-57a2d4851a1d" />
    <TestEntry testId="64686666-a5d9-6b6e-00f3-a4a97c5c4745" executionId="c22bcba3-f8f6-4df5-be2e-37263d2d203e" testListId="8c84fa94-04c1-424b-9868-57a2d4851a1d" />
    <TestEntry testId="d81728c7-49e8-e89f-b6c0-b279756a6680" executionId="cfbf3b2b-6b8e-4bd9-92ba-ea236376977b" testListId="8c84fa94-04c1-424b-9868-57a2d4851a1d" />
    <TestEntry testId="85f2852e-58e5-6345-60a2-fbf11f9a2020" executionId="249c953a-78eb-4228-87ac-c5002b4b1047" testListId="8c84fa94-04c1-424b-9868-57a2d4851a1d" />
    <TestEntry testId="9f763760-2f4c-fefb-9a56-8f2602c55157" executionId="13b6e4af-5f7f-4067-9702-1a5929801dd3" testListId="8c84fa94-04c1-424b-9868-57a2d4851a1d" />
    <TestEntry testId="0ff1a7b2-6bb9-42a4-2271-8b9a55b04a36" executionId="3a718060-8344-4326-81e4-549705f29db3" testListId="8c84fa94-04c1-424b-9868-57a2d4851a1d" />
    <TestEntry testId="0e057b10-bf68-692c-a35c-76f267f90467" executionId="d7f489dc-eeec-44a1-a208-dc0f6378a143" testListId="8c84fa94-04c1-424b-9868-57a2d4851a1d" />
    <TestEntry testId="2afd6f8f-09b7-0e10-bd97-8673e46b5e39" executionId="13410a19-7334-4f2a-a52a-58f90ccfe760" testListId="8c84fa94-04c1-424b-9868-57a2d4851a1d" />
    <TestEntry testId="56521df1-5782-2595-2caa-652e0c9a7393" executionId="86f2a924-01e9-4f82-870d-f8ef8a5fefef" testListId="8c84fa94-04c1-424b-9868-57a2d4851a1d" />
    <TestEntry testId="acd44a8e-dfd9-4e90-4d13-3e6feed5eeb0" executionId="a16cf7f1-cc7c-463c-8b49-e38016eeb21f" testListId="8c84fa94-04c1-424b-9868-57a2d4851a1d" />
    <TestEntry testId="05cc17c1-28ea-dce3-3c35-bd28b793225a" executionId="aa8fe9d5-3db5-4309-9ff7-d39b4a7dc392" testListId="8c84fa94-04c1-424b-9868-57a2d4851a1d" />
    <TestEntry testId="db13cb67-4291-79eb-080b-59693ae602e4" executionId="d5dabf11-ffa8-4323-83bd-fd1ef6ecf084" testListId="8c84fa94-04c1-424b-9868-57a2d4851a1d" />
    <TestEntry testId="579f4e01-958b-4fd8-6be0-77bb51850a72" executionId="d4ef8eae-4983-4ae1-9a2b-ed77baf04ffa" testListId="8c84fa94-04c1-424b-9868-57a2d4851a1d" />
    <TestEntry testId="b7ca36a5-b386-7d2d-22ea-8eeb210acc8b" executionId="d275e2a7-7a4e-4283-a84a-fbdb0442dba4" testListId="8c84fa94-04c1-424b-9868-57a2d4851a1d" />
    <TestEntry testId="e0e2ea60-cab1-78b6-670e-13c80cc25fc2" executionId="ad49f29a-c76c-4445-a8f4-c0ff10e01e6f" testListId="8c84fa94-04c1-424b-9868-57a2d4851a1d" />
    <TestEntry testId="9be31e2b-f3e8-8c08-dd98-d5e45bfef077" executionId="7e0139d9-9487-463e-a56a-7d713ac575fd" testListId="8c84fa94-04c1-424b-9868-57a2d4851a1d" />
    <TestEntry testId="13e9326e-8fe8-43a8-c4a7-f5d4fe61d313" executionId="bf0c3dcd-bf9c-4eb4-ba26-afc0b966699a" testListId="8c84fa94-04c1-424b-9868-57a2d4851a1d" />
    <TestEntry testId="f49f87f3-be84-5956-2e64-b7741ecf4d50" executionId="f30b596f-0efc-4ca6-8210-c0a8cf11c23b" testListId="8c84fa94-04c1-424b-9868-57a2d4851a1d" />
    <TestEntry testId="7c2a786c-da36-777a-ce30-9a8d7d9f71b5" executionId="914eea28-4854-4644-9db8-517908376168" testListId="8c84fa94-04c1-424b-9868-57a2d4851a1d" />
    <TestEntry testId="76502293-5fdb-4247-1645-eaa6b94012dc" executionId="ab832754-bd48-4337-afa3-89b69a2eb7f2" testListId="8c84fa94-04c1-424b-9868-57a2d4851a1d" />
    <TestEntry testId="8122439b-37fb-4922-97ba-e403cc364eed" executionId="a7c594de-8c9d-4817-9501-d1e410f12bb0" testListId="8c84fa94-04c1-424b-9868-57a2d4851a1d" />
    <TestEntry testId="f0599150-0368-a690-445e-232b5fbc9674" executionId="8bc4e30e-7789-44a1-82e7-85d25d9bbe2d" testListId="8c84fa94-04c1-424b-9868-57a2d4851a1d" />
    <TestEntry testId="68159470-54bd-6fc2-a6df-cfd6e298d6cb" executionId="f3e8c41b-582c-43d4-8bae-7b5b3bec7095" testListId="8c84fa94-04c1-424b-9868-57a2d4851a1d" />
    <TestEntry testId="40c5fe37-8eee-b570-c8e5-584c9555dd5b" executionId="20fdc0e2-b799-4e77-91f7-6c8e465504fd" testListId="8c84fa94-04c1-424b-9868-57a2d4851a1d" />
    <TestEntry testId="6e472b23-c7af-c847-8f3d-5f6c902a0623" executionId="6e0b3ad4-2092-47ce-aef2-75f8f6ffb459" testListId="8c84fa94-04c1-424b-9868-57a2d4851a1d" />
    <TestEntry testId="83f6ab29-21e5-3ac7-386b-8fc4ab977c78" executionId="c03c954b-72ce-4ba3-ba13-3506623f7bf4" testListId="8c84fa94-04c1-424b-9868-57a2d4851a1d" />
    <TestEntry testId="e89f905b-b16f-0fd9-64cf-2a0e1a553eeb" executionId="5c9fcc0f-73f0-44a2-a3df-394fb954d941" testListId="8c84fa94-04c1-424b-9868-57a2d4851a1d" />
    <TestEntry testId="aa176635-c157-d6ec-5a41-2b2da25c3c08" executionId="5cd91d10-73fa-4544-95d1-5a480d1001d9" testListId="8c84fa94-04c1-424b-9868-57a2d4851a1d" />
    <TestEntry testId="bf813ab1-328d-8105-78c5-bea3e40472ac" executionId="7f2585b5-6f42-4146-980e-cff62761eab2" testListId="8c84fa94-04c1-424b-9868-57a2d4851a1d" />
    <TestEntry testId="2a16daf1-9828-ac46-13aa-565928c9b938" executionId="9483e7b6-0902-4ee2-95df-870bf5a9bb57" testListId="8c84fa94-04c1-424b-9868-57a2d4851a1d" />
    <TestEntry testId="36ce1916-f738-bf06-e525-9bcb167b94be" executionId="6b7b136d-473a-4b79-ae92-32636bfaea10" testListId="8c84fa94-04c1-424b-9868-57a2d4851a1d" />
    <TestEntry testId="ccbf7e0d-7b7a-a8f1-7983-3f248694b75c" executionId="3d0405f4-6792-4f07-89ba-6cf98a20ece2" testListId="8c84fa94-04c1-424b-9868-57a2d4851a1d" />
    <TestEntry testId="b0987aca-f375-7579-f115-4e980fac2fe4" executionId="afb0cb46-b3e3-4081-910e-b5abf07f8784" testListId="8c84fa94-04c1-424b-9868-57a2d4851a1d" />
    <TestEntry testId="60d19a79-2c4a-6e5e-4d71-9a95960b7cd1" executionId="560f2c33-1376-4acc-b69d-baf21fdd5c59" testListId="8c84fa94-04c1-424b-9868-57a2d4851a1d" />
    <TestEntry testId="6ddccc30-c396-7d9f-3818-e26a56602056" executionId="0bae2a35-9349-49f5-8444-e0dac8421e11" testListId="8c84fa94-04c1-424b-9868-57a2d4851a1d" />
    <TestEntry testId="ec873698-20e8-0ca0-d17c-b99a021aa23f" executionId="a7467253-9b92-4510-ba63-7e3d245c4316" testListId="8c84fa94-04c1-424b-9868-57a2d4851a1d" />
    <TestEntry testId="c0556428-c4f1-258f-1a7f-499a722b016e" executionId="46c437bb-013f-49ba-975c-e35d2bdb27b0" testListId="8c84fa94-04c1-424b-9868-57a2d4851a1d" />
    <TestEntry testId="2d987cbc-fd5e-628e-2b30-915e893db291" executionId="8bd2dce6-dfaf-41eb-b5d6-45ac6169f74a" testListId="8c84fa94-04c1-424b-9868-57a2d4851a1d" />
    <TestEntry testId="7d873735-73f3-afa9-1dba-8902862c0ad8" executionId="9a8820ef-f8f3-4d12-8c7e-0892839e13f4" testListId="8c84fa94-04c1-424b-9868-57a2d4851a1d" />
    <TestEntry testId="9453135b-223b-97a5-cd9b-6df89673c33a" executionId="9ba64de5-0263-454e-977b-911cadb7258a" testListId="8c84fa94-04c1-424b-9868-57a2d4851a1d" />
    <TestEntry testId="438d3011-f46f-16f1-0e65-feb01a5ce604" executionId="f48bab72-5ff1-4fe9-90d5-3e59fb3ee1b3" testListId="8c84fa94-04c1-424b-9868-57a2d4851a1d" />
    <TestEntry testId="425f8ec7-7edb-3559-f99e-fb751608c9cb" executionId="87a60c43-ca92-4808-a910-39e06b072ba4" testListId="8c84fa94-04c1-424b-9868-57a2d4851a1d" />
    <TestEntry testId="789befc7-bdb1-4aa4-6ce3-ddf2fed3eb3a" executionId="35826598-c823-4a2b-b38e-0585d902a706" testListId="8c84fa94-04c1-424b-9868-57a2d4851a1d" />
    <TestEntry testId="4b09bb72-974f-d7f4-bee4-dbca350a7176" executionId="33360fa8-6931-4703-a5b8-dea90cd2127f" testListId="8c84fa94-04c1-424b-9868-57a2d4851a1d" />
    <TestEntry testId="67df0293-27d6-f4c5-0e20-f1ffe205ccc9" executionId="bc6b1070-0bda-4780-b6c4-e51c6449e758" testListId="8c84fa94-04c1-424b-9868-57a2d4851a1d" />
    <TestEntry testId="1d3881ee-33da-ca8e-2a5d-4849cdb1409b" executionId="8587b652-f295-4057-9307-dd0b8cae1ac0" testListId="8c84fa94-04c1-424b-9868-57a2d4851a1d" />
    <TestEntry testId="8733cb82-c09e-1fe6-efe8-6e4e312806a6" executionId="2a31c435-531d-414a-97ca-68f590e6796e" testListId="8c84fa94-04c1-424b-9868-57a2d4851a1d" />
    <TestEntry testId="574c936a-97e8-6930-d3e3-ee56b6e1968d" executionId="336eb3c0-5c74-4568-af8d-3f4a288fc830" testListId="8c84fa94-04c1-424b-9868-57a2d4851a1d" />
    <TestEntry testId="9b5af3e7-7cb0-d72f-e621-a08fe9eb4ae5" executionId="5447f0ff-1097-442f-b762-96ea2d187ada" testListId="8c84fa94-04c1-424b-9868-57a2d4851a1d" />
    <TestEntry testId="f8ab723d-cb6b-49c6-5dbb-7ffd207243cd" executionId="ec0e89f0-6862-402c-a3be-737305c1dd0b" testListId="8c84fa94-04c1-424b-9868-57a2d4851a1d" />
    <TestEntry testId="4e783378-2a91-dd2a-54ca-9c33e9d3fbfa" executionId="0d7050ae-7564-4662-96de-7b7005751cb4" testListId="8c84fa94-04c1-424b-9868-57a2d4851a1d" />
    <TestEntry testId="615864e0-c790-9bed-1d05-9dd7ad15c39e" executionId="8466025e-000f-4d06-ac84-be23ea72be74" testListId="8c84fa94-04c1-424b-9868-57a2d4851a1d" />
    <TestEntry testId="0bfa9a81-3d14-9055-54e8-e5fb35de7fcb" executionId="776072ef-86eb-4a4e-b44b-566b41b2171f" testListId="8c84fa94-04c1-424b-9868-57a2d4851a1d" />
    <TestEntry testId="e7b9a62d-2f8b-d3f2-4a3a-9cebb6d2d56f" executionId="9f1a70f2-5a09-4ecb-a6c2-473c0ca46d09" testListId="8c84fa94-04c1-424b-9868-57a2d4851a1d" />
    <TestEntry testId="f31ab1aa-39de-68ab-51b3-8be7b1b5b9d2" executionId="c09520f5-07e1-4981-bbd9-5006c93cfb75" testListId="8c84fa94-04c1-424b-9868-57a2d4851a1d" />
    <TestEntry testId="4f10845f-3ec6-4a9c-4c1b-d5a02341ac26" executionId="52876ee6-9043-4753-bc97-f929bf7468c6" testListId="8c84fa94-04c1-424b-9868-57a2d4851a1d" />
    <TestEntry testId="445b2f5b-ab0f-f41e-344b-753a5cf07080" executionId="46d91d03-f435-4eb9-b87e-3d5ad1eede80" testListId="8c84fa94-04c1-424b-9868-57a2d4851a1d" />
    <TestEntry testId="d036616b-6b86-99d5-cd58-29b5267bbff4" executionId="88c9ebf5-e07e-4237-8546-08c1d65df348" testListId="8c84fa94-04c1-424b-9868-57a2d4851a1d" />
    <TestEntry testId="f477f2d2-9bad-36ff-7fb7-b81867202bef" executionId="0eff5935-7579-4f5f-9315-253f9036d940" testListId="8c84fa94-04c1-424b-9868-57a2d4851a1d" />
    <TestEntry testId="9bb9adcb-9120-fe9b-ae69-727878a9049c" executionId="5d3140df-cab6-4d56-9ce8-f6a4e121810a" testListId="8c84fa94-04c1-424b-9868-57a2d4851a1d" />
    <TestEntry testId="ae396dcc-673d-748e-2480-155148bbd99c" executionId="5f31ff39-f65f-433b-8afe-bbfbc206db9a" testListId="8c84fa94-04c1-424b-9868-57a2d4851a1d" />
    <TestEntry testId="b5bc20a8-2c58-a4d4-fd15-5ce71610e7e2" executionId="3209adf5-e80c-41a6-a9a5-701ea6a00c87" testListId="8c84fa94-04c1-424b-9868-57a2d4851a1d" />
    <TestEntry testId="6e366377-6d41-5fcc-48f5-0930249fee5e" executionId="9d191acd-891f-47b3-b818-272d75b9f63c" testListId="8c84fa94-04c1-424b-9868-57a2d4851a1d" />
    <TestEntry testId="f7f4c0ce-ef99-e663-6486-bae7dca0985d" executionId="b9a9364b-b884-4387-9c9f-24dd8fc83c9c" testListId="8c84fa94-04c1-424b-9868-57a2d4851a1d" />
    <TestEntry testId="4d097658-d194-1751-06b0-bbf62cb8a2b5" executionId="e7d9d576-3754-4a8d-ac89-bf43f7b8b139" testListId="8c84fa94-04c1-424b-9868-57a2d4851a1d" />
    <TestEntry testId="7ab09a5d-83cb-6155-db19-0ce8eb3f79f5" executionId="02c829fa-bf5c-4711-904e-ca5f1d971ffc" testListId="8c84fa94-04c1-424b-9868-57a2d4851a1d" />
    <TestEntry testId="390f5574-ce2b-a8b0-ecb1-10d89b55bb71" executionId="398553b0-81d8-45db-b80f-a07ba8937970" testListId="8c84fa94-04c1-424b-9868-57a2d4851a1d" />
    <TestEntry testId="5c142862-68a4-3e0d-3caa-944a88c5d807" executionId="911b6aba-584b-46b4-99b6-77e90cb2b062" testListId="8c84fa94-04c1-424b-9868-57a2d4851a1d" />
    <TestEntry testId="0d8317ff-abfb-72ae-197e-3f07e59847af" executionId="080ffe27-d7c0-479e-9d76-67f30bc721b3" testListId="8c84fa94-04c1-424b-9868-57a2d4851a1d" />
    <TestEntry testId="5a455a12-fe5d-d76b-6701-c651d0901ce0" executionId="91579776-a971-4580-9a54-5e498f1c4e17" testListId="8c84fa94-04c1-424b-9868-57a2d4851a1d" />
    <TestEntry testId="99678022-cb23-0a38-5149-ac4d37b69a85" executionId="ee22e68f-c373-48b3-8d3c-ac3260a8305e" testListId="8c84fa94-04c1-424b-9868-57a2d4851a1d" />
    <TestEntry testId="21f2e882-89f0-b471-6a62-6c3a786684b9" executionId="c0fd0b7e-b023-47e5-8925-9018379c633f" testListId="8c84fa94-04c1-424b-9868-57a2d4851a1d" />
    <TestEntry testId="c214f8b2-fb5d-eb0c-dc8f-b53e5bf80bd1" executionId="7cd3efea-85ac-4d43-b6f9-2c98494fb164" testListId="8c84fa94-04c1-424b-9868-57a2d4851a1d" />
    <TestEntry testId="574b0e4a-1088-dc8e-931b-5757557d5af9" executionId="657a121c-9744-45f9-aa17-3e84e3b4c774" testListId="8c84fa94-04c1-424b-9868-57a2d4851a1d" />
    <TestEntry testId="3462bc0a-8d33-ca36-1dea-0c030b723bac" executionId="23d2681e-8e04-4f95-a3e7-e22a7dbe4c06" testListId="8c84fa94-04c1-424b-9868-57a2d4851a1d" />
    <TestEntry testId="ef8d04dc-547e-cdcb-50a3-2a0559d1c59b" executionId="cd90502e-5d22-4f76-a968-cb1677a40cd6" testListId="8c84fa94-04c1-424b-9868-57a2d4851a1d" />
    <TestEntry testId="83b03134-a341-7baa-1ddc-e73e42ca0f1e" executionId="3daac88c-debd-4c9a-8774-161b79cff12d" testListId="8c84fa94-04c1-424b-9868-57a2d4851a1d" />
    <TestEntry testId="c13be69c-9ab3-60d1-faea-fc8d33dba310" executionId="46a0c164-b161-4fa6-8d2e-cbcde42e47f5" testListId="8c84fa94-04c1-424b-9868-57a2d4851a1d" />
    <TestEntry testId="13649248-17fa-672a-9167-63b725801bed" executionId="49cd3679-39c6-4f13-9437-0618ca2ae089" testListId="8c84fa94-04c1-424b-9868-57a2d4851a1d" />
    <TestEntry testId="fab29629-ecda-5b7c-a197-ec8aaf8cb2b1" executionId="f7678274-53ba-4cad-8053-e2fb825874fc" testListId="8c84fa94-04c1-424b-9868-57a2d4851a1d" />
    <TestEntry testId="0faa10f1-9b22-e3b7-c9cf-4a05f411e7a0" executionId="f72d54c6-7203-4b0e-ac2c-6ca307e4f188" testListId="8c84fa94-04c1-424b-9868-57a2d4851a1d" />
    <TestEntry testId="2b3fb6ad-f8dd-9716-9a2a-ebbd430d3b9e" executionId="6c7d255a-71ac-45c0-bba3-f5ac6aeba284" testListId="8c84fa94-04c1-424b-9868-57a2d4851a1d" />
    <TestEntry testId="69a09f52-376a-6f0b-5082-61e182c0b318" executionId="fbdc444d-d268-4909-993e-07ef49a87a17" testListId="8c84fa94-04c1-424b-9868-57a2d4851a1d" />
    <TestEntry testId="1a4abce9-2b87-de2e-da5a-1c629644c66e" executionId="e53adf01-a3de-4d51-82b6-a84e690a894e" testListId="8c84fa94-04c1-424b-9868-57a2d4851a1d" />
    <TestEntry testId="a7c3958c-ed08-701d-04ac-eb4a143df517" executionId="a41a8a3a-0ceb-4f88-a225-262a775d4000" testListId="8c84fa94-04c1-424b-9868-57a2d4851a1d" />
    <TestEntry testId="958f5f16-2ddf-2665-85ad-94a609e1cd4b" executionId="27d25701-7dbb-4dca-b1cf-8eeeaf6e12d5" testListId="8c84fa94-04c1-424b-9868-57a2d4851a1d" />
    <TestEntry testId="2f4716b1-0c68-9378-d5bc-e4de249c2aa2" executionId="e983c153-7e39-4887-b9a1-4497af0952c8" testListId="8c84fa94-04c1-424b-9868-57a2d4851a1d" />
    <TestEntry testId="cff969f1-ffa2-d5f1-9715-5a871f37fe84" executionId="bb3444bd-2207-442f-a48c-bd935c2976a4" testListId="8c84fa94-04c1-424b-9868-57a2d4851a1d" />
    <TestEntry testId="dcd2f006-b615-aca4-03f2-93049cc2989f" executionId="4326aa3c-a211-47ab-8f85-0e428c4e9fcc" testListId="8c84fa94-04c1-424b-9868-57a2d4851a1d" />
    <TestEntry testId="15b218ad-d361-384d-bb79-41a5ba40dc79" executionId="8d60bad5-eb1a-4e65-81c5-713607d45874" testListId="8c84fa94-04c1-424b-9868-57a2d4851a1d" />
    <TestEntry testId="2c65e45d-6c80-9ae7-ff51-b65cb1415f9c" executionId="fa73b015-a5ea-4a49-8d92-c81fedf7f749" testListId="8c84fa94-04c1-424b-9868-57a2d4851a1d" />
    <TestEntry testId="f7294f44-14ca-4699-6daa-7c708f502a76" executionId="cd0575d6-560e-4fc1-a999-6611e72517a9" testListId="8c84fa94-04c1-424b-9868-57a2d4851a1d" />
    <TestEntry testId="bcc1e113-1701-9956-f5a9-415e31736096" executionId="d72a965c-8dba-40d0-bf72-5ed9802e8821" testListId="8c84fa94-04c1-424b-9868-57a2d4851a1d" />
    <TestEntry testId="b59e7e18-f75f-bdce-9410-2ab9f6845df9" executionId="5bcdee78-1814-4bcd-992d-60a2e3e9b7fd" testListId="8c84fa94-04c1-424b-9868-57a2d4851a1d" />
    <TestEntry testId="fef76b0c-11ac-af47-b28e-f6f2e45eb1b9" executionId="05079bed-f225-4c1b-9773-11538c00bcb2" testListId="8c84fa94-04c1-424b-9868-57a2d4851a1d" />
    <TestEntry testId="b8255f44-88d8-5031-490d-d1db53977af2" executionId="7af98492-571c-4938-807e-cf09d521f75a" testListId="8c84fa94-04c1-424b-9868-57a2d4851a1d" />
    <TestEntry testId="c3e42df9-274a-a616-9d53-0e461b6f0fcc" executionId="72fee319-0273-4ff4-a898-4361a4bdb646" testListId="8c84fa94-04c1-424b-9868-57a2d4851a1d" />
    <TestEntry testId="703dfb97-0b83-83a5-714a-04c761334f21" executionId="c4713714-14a0-40f4-a7f0-506a5c1820ed" testListId="8c84fa94-04c1-424b-9868-57a2d4851a1d" />
    <TestEntry testId="627dc205-8966-14e4-f275-84a93649715d" executionId="ab531330-a77f-4597-8284-edda88f6a56b" testListId="8c84fa94-04c1-424b-9868-57a2d4851a1d" />
    <TestEntry testId="c85d19fa-2a2d-a911-c9ff-d701b01bca76" executionId="c9410eb8-505c-4c2c-aac0-0b7e6615082e" testListId="8c84fa94-04c1-424b-9868-57a2d4851a1d" />
    <TestEntry testId="9af443ab-4057-65b9-7737-294b29e1ff0f" executionId="8fc5b798-64ce-4772-9794-2d0a8b3eff1b" testListId="8c84fa94-04c1-424b-9868-57a2d4851a1d" />
    <TestEntry testId="17510853-dc9d-0e30-3c21-5738bddd2d2c" executionId="3cca21e6-9f79-47e5-8a90-26cc611e5754" testListId="8c84fa94-04c1-424b-9868-57a2d4851a1d" />
  </TestEntries>
  <TestLists>
    <TestList name="Results Not in a List" id="8c84fa94-04c1-424b-9868-57a2d4851a1d" />
    <TestList name="All Loaded Results" id="19431567-8539-422a-85d7-44ee4e166bda" />
  </TestLists>
  <ResultSummary outcome="Completed">
    <Counters total="203" executed="202" passed="202" failed="0" error="0" timeout="0" aborted="0" inconclusive="0" passedButRunAborted="0" notRunnable="0" notExecuted="0" disconnected="0" warning="0" completed="0" inProgress="0" pending="0" />
    <Output>
      <StdOut>[xUnit.net 00:00:00.00] xUnit.net VSTest Adapter v3.1.1+bf6400fd51 (64-bit .NET 9.0.6)
[xUnit.net 00:00:00.05]   Discovering: WitchCityRope.Core.Tests
[xUnit.net 00:00:00.11]   Discovered:  WitchCityRope.Core.Tests
[xUnit.net 00:00:00.15]   Starting:    WitchCityRope.Core.Tests
     Warning:
     The component "Fluent Assertions" is governed by the rules defined in the Xceed License Agreement and
     the Xceed Fluent Assertions Community License. You may use Fluent Assertions free of charge for
     non-commercial use only. An active subscription is required to use Fluent Assertions for commercial use.
     Please contact Xceed Sales mailto:sales@xceed.com to acquire a subscription at a very low cost.
     A paid commercial license supports the development and continued increasing support of
     Fluent Assertions users under both commercial and community licenses. Help us
     keep Fluent Assertions at the forefront of unit testing.
     For more information, visit https://xceed.com/products/unit-testing/fluent-assertions/
[xUnit.net 00:00:00.38]       Need to implement a way to simulate full event with existing registrations
Test 'WitchCityRope.Core.Tests.Entities.RegistrationTests.Constructor_EventAtCapacity_ThrowsDomainException' was skipped in the test run.
[xUnit.net 00:00:00.46]   Finished:    WitchCityRope.Core.Tests
</StdOut>
    </Output>
    <RunInfos>
      <RunInfo computerName="Unbutu-Ai-Chads-PC" outcome="Warning" timestamp="2025-09-11T15:38:39.7419563-04:00">
        <Text>[xUnit.net 00:00:00.38]     WitchCityRope.Core.Tests.Entities.RegistrationTests.Constructor_EventAtCapacity_ThrowsDomainException [SKIP]</Text>
      </RunInfo>
    </RunInfos>
  </ResultSummary>
</TestRun>