<?xml version="1.0" encoding="utf-8"?>
<TestRun id="c65928d0-9519-465d-8cb9-a0e310c290bc" name="@Unbutu-Ai-Chads-PC 2025-09-11 15:40:08" xmlns="http://microsoft.com/schemas/VisualStudio/TeamTest/2010">
  <Times creation="2025-09-11T15:40:08.5834016-04:00" queuing="2025-09-11T15:40:08.5834016-04:00" start="2025-09-11T15:40:06.7900331-04:00" finish="2025-09-11T15:40:08.5933544-04:00" />
  <TestSettings name="default" id="660dbca4-9e9f-4f62-b216-617f926a8c35">
    <Deployment runDeploymentRoot="_Unbutu-Ai-Chads-PC_2025-09-11_15_40_08" />
  </TestSettings>
  <Results>
    <UnitTestResult executionId="af6dd4ff-3c51-47fa-90ee-526c0287e989" testId="353bd18d-f26c-ba32-9f80-0c7f7acc7d2f" testName="HomePage_VisualRegression" computerName="Unbutu-Ai-Chads-PC" duration="00:00:01.2012509" startTime="2025-09-11T15:40:07.0851223-04:00" endTime="2025-09-11T15:40:08.5110844-04:00" testType="13cdc9d9-ddb5-4fa4-a97d-d965ccfc6d4b" outcome="Failed" testListId="8c84fa94-04c1-424b-9868-57a2d4851a1d" relativeResultsDirectory="af6dd4ff-3c51-47fa-90ee-526c0287e989">
      <Output>
        <StdOut>[15:40:08 ERR] Test failed. Screenshot saved to: screenshots/HomePage_VisualRegression_20250911_154008.png
[15:40:08 ERR] Error during test cleanup
System.NullReferenceException: Object reference not set to an instance of an object.
   at WitchCityRope.E2E.Tests.Infrastructure.BaseE2ETest.TestCleanup() in /home/chad/repos/witchcityrope-react/tests/WitchCityRope.E2E.Tests/Infrastructure/BaseE2ETest.cs:line 78</StdOut>
        <ErrorInfo>
          <Message>Initialization method WitchCityRope.E2E.Tests.Tests.Visual.VisualRegressionTests.TestInitialize threw exception. Npgsql.PostgresException: 28P01: password authentication failed for user "postgres".</Message>
          <StackTrace>    at Npgsql.Internal.NpgsqlConnector.ReadMessageLong(Boolean async, DataRowLoadingMode dataRowLoadingMode, Boolean readingNotifications, Boolean isReadingPrependedMessage)
   at System.Runtime.CompilerServices.PoolingAsyncValueTaskMethodBuilder`1.StateMachineBox`1.System.Threading.Tasks.Sources.IValueTaskSource&lt;TResult&gt;.GetResult(Int16 token)
   at Npgsql.Internal.NpgsqlConnector.AuthenticateSASL(List`1 mechanisms, String username, Boolean async, CancellationToken cancellationToken)
   at Npgsql.Internal.NpgsqlConnector.Authenticate(String username, NpgsqlTimeout timeout, Boolean async, CancellationToken cancellationToken)
   at Npgsql.Internal.NpgsqlConnector.&lt;Open&gt;g__OpenCore|214_1(NpgsqlConnector conn, SslMode sslMode, NpgsqlTimeout timeout, Boolean async, CancellationToken cancellationToken)
   at Npgsql.Internal.NpgsqlConnector.Open(NpgsqlTimeout timeout, Boolean async, CancellationToken cancellationToken)
   at Npgsql.UnpooledDataSource.Get(NpgsqlConnection conn, NpgsqlTimeout timeout, Boolean async, CancellationToken cancellationToken)
   at Npgsql.NpgsqlConnection.&lt;Open&gt;g__OpenAsync|42_0(Boolean async, CancellationToken cancellationToken)
   at Microsoft.EntityFrameworkCore.Storage.RelationalConnection.OpenInternalAsync(Boolean errorsExpected, CancellationToken cancellationToken)
   at Microsoft.EntityFrameworkCore.Storage.RelationalConnection.OpenInternalAsync(Boolean errorsExpected, CancellationToken cancellationToken)
   at Microsoft.EntityFrameworkCore.Storage.RelationalConnection.OpenAsync(CancellationToken cancellationToken, Boolean errorsExpected)
   at Npgsql.EntityFrameworkCore.PostgreSQL.Storage.Internal.NpgsqlDatabaseCreator.Exists(Boolean async, CancellationToken cancellationToken)
   at Npgsql.EntityFrameworkCore.PostgreSQL.Storage.Internal.NpgsqlDatabaseCreator.Exists(Boolean async, CancellationToken cancellationToken)
   at Microsoft.EntityFrameworkCore.Storage.RelationalDatabaseCreator.EnsureCreatedAsync(CancellationToken cancellationToken)
   at WitchCityRope.E2E.Tests.Fixtures.DatabaseFixture.InitializeAsync() in /home/chad/repos/witchcityrope-react/tests/WitchCityRope.E2E.Tests/Fixtures/DatabaseFixture.cs:line 33
   at WitchCityRope.E2E.Tests.Infrastructure.BaseE2ETest.TestInitialize() in /home/chad/repos/witchcityrope-react/tests/WitchCityRope.E2E.Tests/Infrastructure/BaseE2ETest.cs:line 47
   at WitchCityRope.E2E.Tests.Tests.Visual.VisualRegressionTests.TestInitialize() in /home/chad/repos/witchcityrope-react/tests/WitchCityRope.E2E.Tests/Tests/Visual/VisualRegressionTests.cs:line 19
</StackTrace>
        </ErrorInfo>
      </Output>
    </UnitTestResult>
  </Results>
  <TestDefinitions>
    <UnitTest name="HomePage_VisualRegression" storage="/home/chad/repos/witchcityrope-react/tests/witchcityrope.e2e.tests/bin/debug/net9.0/witchcityrope.e2e.tests.dll" id="353bd18d-f26c-ba32-9f80-0c7f7acc7d2f">
      <Execution id="af6dd4ff-3c51-47fa-90ee-526c0287e989" />
      <TestMethod codeBase="/home/chad/repos/witchcityrope-react/tests/WitchCityRope.E2E.Tests/bin/Debug/net9.0/WitchCityRope.E2E.Tests.dll" adapterTypeName="executor://mstestadapter/v2" className="WitchCityRope.E2E.Tests.Tests.Visual.VisualRegressionTests" name="HomePage_VisualRegression" />
    </UnitTest>
  </TestDefinitions>
  <TestEntries>
    <TestEntry testId="353bd18d-f26c-ba32-9f80-0c7f7acc7d2f" executionId="af6dd4ff-3c51-47fa-90ee-526c0287e989" testListId="8c84fa94-04c1-424b-9868-57a2d4851a1d" />
  </TestEntries>
  <TestLists>
    <TestList name="Results Not in a List" id="8c84fa94-04c1-424b-9868-57a2d4851a1d" />
    <TestList name="All Loaded Results" id="19431567-8539-422a-85d7-44ee4e166bda" />
  </TestLists>
  <ResultSummary outcome="Failed">
    <Counters total="1" executed="1" passed="0" failed="1" error="0" timeout="0" aborted="0" inconclusive="0" passedButRunAborted="0" notRunnable="0" notExecuted="0" disconnected="0" warning="0" completed="0" inProgress="0" pending="0" />
  </ResultSummary>
</TestRun>