<?xml version="1.0" encoding="utf-8"?>
<TestRun id="76fd446b-4a4a-4101-be58-df67a4df0610" name="@Unbutu-Ai-Chads-PC 2025-09-11 15:38:55" xmlns="http://microsoft.com/schemas/VisualStudio/TeamTest/2010">
  <Times creation="2025-09-11T15:38:55.2173342-04:00" queuing="2025-09-11T15:38:55.2173342-04:00" start="2025-09-11T15:38:54.7662029-04:00" finish="2025-09-11T15:38:59.0990357-04:00" />
  <TestSettings name="default" id="cd742f65-f370-49c7-97ee-1f174792cc21">
    <Deployment runDeploymentRoot="_Unbutu-Ai-Chads-PC_2025-09-11_15_38_55" />
  </TestSettings>
  <Results>
    <UnitTestResult executionId="3d4b4f5b-5127-455e-9916-985209525330" testId="c47800aa-74e3-7062-c49c-f84225a43c10" testName="WitchCityRope.Infrastructure.Tests.Security.JwtTokenServiceTests.ValidateToken_Should_Return_ClaimsPrincipal_For_Valid_Token" computerName="Unbutu-Ai-Chads-PC" duration="00:00:00.0038083" startTime="2025-09-11T15:38:55.2466000-04:00" endTime="2025-09-11T15:38:55.2502339-04:00" testType="13cdc9d9-ddb5-4fa4-a97d-d965ccfc6d4b" outcome="Passed" testListId="8c84fa94-04c1-424b-9868-57a2d4851a1d" relativeResultsDirectory="3d4b4f5b-5127-455e-9916-985209525330" />
    <UnitTestResult executionId="5ac7ce85-5763-4a7f-b256-a5badf709735" testId="4da0ee18-6138-8500-2970-48f2f82bb88d" testName="WitchCityRope.Infrastructure.Tests.Security.JwtTokenServiceTests.GenerateToken_Should_Set_Correct_Issuer_And_Audience" computerName="Unbutu-Ai-Chads-PC" duration="00:00:00.0010428" startTime="2025-09-11T15:38:55.2825903-04:00" endTime="2025-09-11T15:38:55.2835247-04:00" testType="13cdc9d9-ddb5-4fa4-a97d-d965ccfc6d4b" outcome="Passed" testListId="8c84fa94-04c1-424b-9868-57a2d4851a1d" relativeResultsDirectory="5ac7ce85-5763-4a7f-b256-a5badf709735" />
    <UnitTestResult executionId="70ee29de-f8d4-4653-9ce2-8900902c7f80" testId="3f3e0fb4-368b-d4ed-b267-a4543a24e99c" testName="WitchCityRope.Infrastructure.Tests.Security.EncryptionServiceTests.Encrypt_Should_Produce_Different_Results_For_Different_Inputs" computerName="Unbutu-Ai-Chads-PC" duration="00:00:00.0054449" startTime="2025-09-11T15:38:55.2009009-04:00" endTime="2025-09-11T15:38:55.2056761-04:00" testType="13cdc9d9-ddb5-4fa4-a97d-d965ccfc6d4b" outcome="Passed" testListId="8c84fa94-04c1-424b-9868-57a2d4851a1d" relativeResultsDirectory="70ee29de-f8d4-4653-9ce2-8900902c7f80" />
    <UnitTestResult executionId="0a527b23-c54f-4be7-b952-3fd1c7dd1b34" testId="d421b930-d649-aa53-9320-f0c3bc7b7be4" testName="WitchCityRope.Infrastructure.Tests.Security.JwtTokenServiceTests.ValidateToken_Should_Return_Null_For_Wrong_Secret" computerName="Unbutu-Ai-Chads-PC" duration="00:00:00.0014504" startTime="2025-09-11T15:38:55.2836276-04:00" endTime="2025-09-11T15:38:55.2850074-04:00" testType="13cdc9d9-ddb5-4fa4-a97d-d965ccfc6d4b" outcome="Passed" testListId="8c84fa94-04c1-424b-9868-57a2d4851a1d" relativeResultsDirectory="0a527b23-c54f-4be7-b952-3fd1c7dd1b34" />
    <UnitTestResult executionId="7511f272-5fa7-422a-a816-3c8213ba2ca6" testId="d34ced5e-61be-8db1-2a33-5a0519fd37ce" testName="WitchCityRope.Infrastructure.Tests.Email.EmailServiceTests.SendBulkEmailAsync_Should_Send_To_Multiple_Recipients" computerName="Unbutu-Ai-Chads-PC" duration="00:00:00.0010000" startTime="2025-09-11T15:38:55.1464623-04:00" endTime="2025-09-11T15:38:55.1475968-04:00" testType="13cdc9d9-ddb5-4fa4-a97d-d965ccfc6d4b" outcome="NotExecuted" testListId="8c84fa94-04c1-424b-9868-57a2d4851a1d" relativeResultsDirectory="7511f272-5fa7-422a-a816-3c8213ba2ca6">
      <Output>
        <ErrorInfo>
          <Message>Email service not fully implemented - SendGrid integration pending</Message>
        </ErrorInfo>
      </Output>
    </UnitTestResult>
    <UnitTestResult executionId="a54781bb-a92c-40c4-a315-b8b6144f2b03" testId="29bc5121-cf60-36a7-57b9-1ab204e81280" testName="WitchCityRope.Infrastructure.Tests.Data.EntityConfigurationTests.Should_Enforce_String_Length_Constraints" computerName="Unbutu-Ai-Chads-PC" duration="00:00:00.1582200" startTime="2025-09-11T15:38:55.1462698-04:00" endTime="2025-09-11T15:38:56.1489158-04:00" testType="13cdc9d9-ddb5-4fa4-a97d-d965ccfc6d4b" outcome="Passed" testListId="8c84fa94-04c1-424b-9868-57a2d4851a1d" relativeResultsDirectory="a54781bb-a92c-40c4-a315-b8b6144f2b03" />
    <UnitTestResult executionId="ca011e5f-a5cd-4656-b960-917cbf917d2d" testId="1390353e-4e0e-3135-81d6-685a745aa5fb" testName="WitchCityRope.Infrastructure.Tests.Security.EncryptionServiceTests.Hash_Should_Create_BCrypt_Hash" computerName="Unbutu-Ai-Chads-PC" duration="00:00:00.8190631" startTime="2025-09-11T15:38:56.9199442-04:00" endTime="2025-09-11T15:38:57.7391008-04:00" testType="13cdc9d9-ddb5-4fa4-a97d-d965ccfc6d4b" outcome="Passed" testListId="8c84fa94-04c1-424b-9868-57a2d4851a1d" relativeResultsDirectory="ca011e5f-a5cd-4656-b960-917cbf917d2d" />
    <UnitTestResult executionId="7f5d8730-190e-4327-921c-ca37fedfc21a" testId="b7600936-7750-95ea-d101-c63e591d45f7" testName="WitchCityRope.Infrastructure.Tests.Data.ComplexQueryTests.Should_Handle_Pagination_Correctly" computerName="Unbutu-Ai-Chads-PC" duration="00:00:00.0010000" startTime="2025-09-11T15:38:56.9828685-04:00" endTime="2025-09-11T15:38:57.1139762-04:00" testType="13cdc9d9-ddb5-4fa4-a97d-d965ccfc6d4b" outcome="Failed" testListId="8c84fa94-04c1-424b-9868-57a2d4851a1d" relativeResultsDirectory="7f5d8730-190e-4327-921c-ca37fedfc21a">
      <Output>
        <ErrorInfo>
          <Message>Microsoft.EntityFrameworkCore.DbUpdateException : An error occurred while saving the entity changes. See the inner exception for details.
---- Microsoft.Data.Sqlite.SqliteException : SQLite Error 19: 'NOT NULL constraint failed: Registrations.DietaryRestrictions'.</Message>
          <StackTrace>   at Microsoft.EntityFrameworkCore.Update.ReaderModificationCommandBatch.ExecuteAsync(IRelationalConnection connection, CancellationToken cancellationToken)
   at Microsoft.EntityFrameworkCore.Update.Internal.BatchExecutor.ExecuteAsync(IEnumerable`1 commandBatches, IRelationalConnection connection, CancellationToken cancellationToken)
   at Microsoft.EntityFrameworkCore.Update.Internal.BatchExecutor.ExecuteAsync(IEnumerable`1 commandBatches, IRelationalConnection connection, CancellationToken cancellationToken)
   at Microsoft.EntityFrameworkCore.Update.Internal.BatchExecutor.ExecuteAsync(IEnumerable`1 commandBatches, IRelationalConnection connection, CancellationToken cancellationToken)
   at Microsoft.EntityFrameworkCore.Storage.RelationalDatabase.SaveChangesAsync(IList`1 entries, CancellationToken cancellationToken)
   at Microsoft.EntityFrameworkCore.ChangeTracking.Internal.StateManager.SaveChangesAsync(IList`1 entriesToSave, CancellationToken cancellationToken)
   at Microsoft.EntityFrameworkCore.ChangeTracking.Internal.StateManager.SaveChangesAsync(StateManager stateManager, Boolean acceptAllChangesOnSuccess, CancellationToken cancellationToken)
   at Microsoft.EntityFrameworkCore.DbContext.SaveChangesAsync(Boolean acceptAllChangesOnSuccess, CancellationToken cancellationToken)
   at Microsoft.EntityFrameworkCore.DbContext.SaveChangesAsync(Boolean acceptAllChangesOnSuccess, CancellationToken cancellationToken)
   at WitchCityRope.Infrastructure.Data.WitchCityRopeDbContext.SaveChangesAsync(CancellationToken cancellationToken) in /home/chad/repos/witchcityrope-react/src/WitchCityRope.Infrastructure/Data/WitchCityRopeDbContext.cs:line 58
   at WitchCityRope.Infrastructure.Tests.Data.ComplexQueryTests.SeedDataAsync() in /home/chad/repos/witchcityrope-react/tests/WitchCityRope.Infrastructure.Tests/Data/ComplexQueryTests.cs:line 63
   at WitchCityRope.Infrastructure.Tests.Fixtures.IntegrationTestBase.InitializeAsync() in /home/chad/repos/witchcityrope-react/tests/WitchCityRope.Infrastructure.Tests/Fixtures/IntegrationTestBase.cs:line 41
----- Inner Stack Trace -----
   at Microsoft.Data.Sqlite.SqliteException.ThrowExceptionForRC(Int32 rc, sqlite3 db)
   at Microsoft.Data.Sqlite.SqliteDataReader.NextResult()
   at Microsoft.Data.Sqlite.SqliteCommand.ExecuteReader(CommandBehavior behavior)
   at Microsoft.Data.Sqlite.SqliteCommand.ExecuteReaderAsync(CommandBehavior behavior, CancellationToken cancellationToken)
   at Microsoft.Data.Sqlite.SqliteCommand.ExecuteDbDataReaderAsync(CommandBehavior behavior, CancellationToken cancellationToken)
   at Microsoft.EntityFrameworkCore.Storage.RelationalCommand.ExecuteReaderAsync(RelationalCommandParameterObject parameterObject, CancellationToken cancellationToken)
   at Microsoft.EntityFrameworkCore.Storage.RelationalCommand.ExecuteReaderAsync(RelationalCommandParameterObject parameterObject, CancellationToken cancellationToken)
   at Microsoft.EntityFrameworkCore.Update.ReaderModificationCommandBatch.ExecuteAsync(IRelationalConnection connection, CancellationToken cancellationToken)</StackTrace>
        </ErrorInfo>
      </Output>
    </UnitTestResult>
    <UnitTestResult executionId="ea9789df-a525-4bae-98ef-f085847512d8" testId="f4b775dc-9e8c-760a-8f8d-7fae5382e3c6" testName="WitchCityRope.Infrastructure.Tests.Security.JwtTokenServiceTests.GenerateRefreshToken_Should_Create_Unique_Tokens" computerName="Unbutu-Ai-Chads-PC" duration="00:00:00.0001327" startTime="2025-09-11T15:38:55.2548022-04:00" endTime="2025-09-11T15:38:55.2548449-04:00" testType="13cdc9d9-ddb5-4fa4-a97d-d965ccfc6d4b" outcome="Passed" testListId="8c84fa94-04c1-424b-9868-57a2d4851a1d" relativeResultsDirectory="ea9789df-a525-4bae-98ef-f085847512d8" />
    <UnitTestResult executionId="382379b6-d360-4851-a28e-7721a23f7291" testId="15b6fe83-e163-93ae-7ba9-51007c17c9b1" testName="WitchCityRope.Infrastructure.Tests.Security.EncryptionServiceTests.DecryptAsync_Should_Decrypt_Encrypted_Text" computerName="Unbutu-Ai-Chads-PC" duration="00:00:00.0013920" startTime="2025-09-11T15:38:56.9175012-04:00" endTime="2025-09-11T15:38:56.9191015-04:00" testType="13cdc9d9-ddb5-4fa4-a97d-d965ccfc6d4b" outcome="Passed" testListId="8c84fa94-04c1-424b-9868-57a2d4851a1d" relativeResultsDirectory="382379b6-d360-4851-a28e-7721a23f7291" />
    <UnitTestResult executionId="fec6b7db-7305-4a0a-ae06-45476eb9b143" testId="121ed6b8-c36c-7dfd-6ad5-94fe3cb46105" testName="WitchCityRope.Infrastructure.Tests.Security.JwtTokenServiceTests.GenerateToken_Should_Create_Valid_JWT_Token" computerName="Unbutu-Ai-Chads-PC" duration="00:00:00.0017480" startTime="2025-09-11T15:38:55.2549492-04:00" endTime="2025-09-11T15:38:55.2560911-04:00" testType="13cdc9d9-ddb5-4fa4-a97d-d965ccfc6d4b" outcome="Passed" testListId="8c84fa94-04c1-424b-9868-57a2d4851a1d" relativeResultsDirectory="fec6b7db-7305-4a0a-ae06-45476eb9b143" />
    <UnitTestResult executionId="761ad4e7-4a8d-492d-8c1c-7997283e4d0c" testId="79cdb1a1-4a9a-f0b2-2460-493cf93bd7f4" testName="WitchCityRope.Infrastructure.Tests.PayPal.PayPalServiceTests.ValidatePaymentMethodAsync_Should_Return_False_For_Empty_Method" computerName="Unbutu-Ai-Chads-PC" duration="00:00:00.0010000" startTime="2025-09-11T15:38:55.1463676-04:00" endTime="2025-09-11T15:38:55.1511515-04:00" testType="13cdc9d9-ddb5-4fa4-a97d-d965ccfc6d4b" outcome="NotExecuted" testListId="8c84fa94-04c1-424b-9868-57a2d4851a1d" relativeResultsDirectory="761ad4e7-4a8d-492d-8c1c-7997283e4d0c">
      <Output>
        <ErrorInfo>
          <Message>PayPal service not fully implemented - PayPal SDK integration pending</Message>
        </ErrorInfo>
      </Output>
    </UnitTestResult>
    <UnitTestResult executionId="71cb229c-e4f7-4469-8ac0-168c6c505b0f" testId="121b47a1-7650-eac0-8814-509934e34c51" testName="WitchCityRope.Infrastructure.Tests.Security.JwtTokenServiceTests.GenerateToken_Should_Set_Correct_Expiration" computerName="Unbutu-Ai-Chads-PC" duration="00:00:00.0010963" startTime="2025-09-11T15:38:55.2851151-04:00" endTime="2025-09-11T15:38:55.2861385-04:00" testType="13cdc9d9-ddb5-4fa4-a97d-d965ccfc6d4b" outcome="Passed" testListId="8c84fa94-04c1-424b-9868-57a2d4851a1d" relativeResultsDirectory="71cb229c-e4f7-4469-8ac0-168c6c505b0f" />
    <UnitTestResult executionId="9457eedf-a48d-4eae-bbb0-77efe420201e" testId="2e295478-e22d-9437-5e20-58c9801b1053" testName="WitchCityRope.Infrastructure.Tests.Data.EntityConfigurationTests.VettingApplication_User_Relationship_Should_Be_Configured_Correctly" computerName="Unbutu-Ai-Chads-PC" duration="00:00:00.0266045" startTime="2025-09-11T15:38:56.6680445-04:00" endTime="2025-09-11T15:38:56.7321253-04:00" testType="13cdc9d9-ddb5-4fa4-a97d-d965ccfc6d4b" outcome="Failed" testListId="8c84fa94-04c1-424b-9868-57a2d4851a1d" relativeResultsDirectory="9457eedf-a48d-4eae-bbb0-77efe420201e">
      <Output>
        <ErrorInfo>
          <Message>Microsoft.EntityFrameworkCore.DbUpdateException : An error occurred while saving the entity changes. See the inner exception for details.
---- Microsoft.Data.Sqlite.SqliteException : SQLite Error 19: 'NOT NULL constraint failed: VettingApplications.ExperienceDescription'.</Message>
          <StackTrace>   at Microsoft.EntityFrameworkCore.Update.ReaderModificationCommandBatch.ExecuteAsync(IRelationalConnection connection, CancellationToken cancellationToken)
   at Microsoft.EntityFrameworkCore.Update.Internal.BatchExecutor.ExecuteAsync(IEnumerable`1 commandBatches, IRelationalConnection connection, CancellationToken cancellationToken)
   at Microsoft.EntityFrameworkCore.Update.Internal.BatchExecutor.ExecuteAsync(IEnumerable`1 commandBatches, IRelationalConnection connection, CancellationToken cancellationToken)
   at Microsoft.EntityFrameworkCore.Update.Internal.BatchExecutor.ExecuteAsync(IEnumerable`1 commandBatches, IRelationalConnection connection, CancellationToken cancellationToken)
   at Microsoft.EntityFrameworkCore.Storage.RelationalDatabase.SaveChangesAsync(IList`1 entries, CancellationToken cancellationToken)
   at Microsoft.EntityFrameworkCore.ChangeTracking.Internal.StateManager.SaveChangesAsync(IList`1 entriesToSave, CancellationToken cancellationToken)
   at Microsoft.EntityFrameworkCore.ChangeTracking.Internal.StateManager.SaveChangesAsync(StateManager stateManager, Boolean acceptAllChangesOnSuccess, CancellationToken cancellationToken)
   at Microsoft.EntityFrameworkCore.DbContext.SaveChangesAsync(Boolean acceptAllChangesOnSuccess, CancellationToken cancellationToken)
   at Microsoft.EntityFrameworkCore.DbContext.SaveChangesAsync(Boolean acceptAllChangesOnSuccess, CancellationToken cancellationToken)
   at WitchCityRope.Infrastructure.Data.WitchCityRopeDbContext.SaveChangesAsync(CancellationToken cancellationToken) in /home/chad/repos/witchcityrope-react/src/WitchCityRope.Infrastructure/Data/WitchCityRopeDbContext.cs:line 58
   at WitchCityRope.Infrastructure.Tests.Data.EntityConfigurationTests.VettingApplication_User_Relationship_Should_Be_Configured_Correctly() in /home/chad/repos/witchcityrope-react/tests/WitchCityRope.Infrastructure.Tests/Data/EntityConfigurationTests.cs:line 143
--- End of stack trace from previous location ---
----- Inner Stack Trace -----
   at Microsoft.Data.Sqlite.SqliteException.ThrowExceptionForRC(Int32 rc, sqlite3 db)
   at Microsoft.Data.Sqlite.SqliteDataReader.NextResult()
   at Microsoft.Data.Sqlite.SqliteCommand.ExecuteReader(CommandBehavior behavior)
   at Microsoft.Data.Sqlite.SqliteCommand.ExecuteReaderAsync(CommandBehavior behavior, CancellationToken cancellationToken)
   at Microsoft.Data.Sqlite.SqliteCommand.ExecuteDbDataReaderAsync(CommandBehavior behavior, CancellationToken cancellationToken)
   at Microsoft.EntityFrameworkCore.Storage.RelationalCommand.ExecuteReaderAsync(RelationalCommandParameterObject parameterObject, CancellationToken cancellationToken)
   at Microsoft.EntityFrameworkCore.Storage.RelationalCommand.ExecuteReaderAsync(RelationalCommandParameterObject parameterObject, CancellationToken cancellationToken)
   at Microsoft.EntityFrameworkCore.Update.ReaderModificationCommandBatch.ExecuteAsync(IRelationalConnection connection, CancellationToken cancellationToken)</StackTrace>
        </ErrorInfo>
      </Output>
    </UnitTestResult>
    <UnitTestResult executionId="78bf4700-bbb7-455c-ba52-cbf9e084d85a" testId="3afe0f4f-66e8-c918-74b9-e20778e75e86" testName="WitchCityRope.Infrastructure.Tests.PayPal.PayPalServiceTests.ProcessPaymentAsync_Should_Return_Success_Result" computerName="Unbutu-Ai-Chads-PC" duration="00:00:00.0010000" startTime="2025-09-11T15:38:55.2275798-04:00" endTime="2025-09-11T15:38:55.2275968-04:00" testType="13cdc9d9-ddb5-4fa4-a97d-d965ccfc6d4b" outcome="NotExecuted" testListId="8c84fa94-04c1-424b-9868-57a2d4851a1d" relativeResultsDirectory="78bf4700-bbb7-455c-ba52-cbf9e084d85a">
      <Output>
        <ErrorInfo>
          <Message>PayPal service not fully implemented - PayPal SDK integration pending</Message>
        </ErrorInfo>
      </Output>
    </UnitTestResult>
    <UnitTestResult executionId="f26022da-eb75-41b0-afdb-d7ee66b173ee" testId="0b2da06c-c211-ec4e-e650-05e93d1799bd" testName="WitchCityRope.Infrastructure.Tests.Email.EmailServiceTests.SendEmailAsync_Should_Send_Email_Successfully" computerName="Unbutu-Ai-Chads-PC" duration="00:00:00.0010000" startTime="2025-09-11T15:38:55.1903188-04:00" endTime="2025-09-11T15:38:55.1903316-04:00" testType="13cdc9d9-ddb5-4fa4-a97d-d965ccfc6d4b" outcome="NotExecuted" testListId="8c84fa94-04c1-424b-9868-57a2d4851a1d" relativeResultsDirectory="f26022da-eb75-41b0-afdb-d7ee66b173ee">
      <Output>
        <ErrorInfo>
          <Message>Email service not fully implemented - SendGrid integration pending</Message>
        </ErrorInfo>
      </Output>
    </UnitTestResult>
    <UnitTestResult executionId="e5d8180a-baba-444a-9067-7d9aaea35209" testId="db6885b0-37d4-5f8a-fb24-1dbff7efe7b0" testName="WitchCityRope.Infrastructure.Tests.PayPal.PayPalServiceTests.ValidatePaymentMethodAsync_Should_Return_True_For_Valid_Method" computerName="Unbutu-Ai-Chads-PC" duration="00:00:00.0010000" startTime="2025-09-11T15:38:55.2279171-04:00" endTime="2025-09-11T15:38:55.2279309-04:00" testType="13cdc9d9-ddb5-4fa4-a97d-d965ccfc6d4b" outcome="NotExecuted" testListId="8c84fa94-04c1-424b-9868-57a2d4851a1d" relativeResultsDirectory="e5d8180a-baba-444a-9067-7d9aaea35209">
      <Output>
        <ErrorInfo>
          <Message>PayPal service not fully implemented - PayPal SDK integration pending</Message>
        </ErrorInfo>
      </Output>
    </UnitTestResult>
    <UnitTestResult executionId="d9bd6bd4-ad60-4517-bdb4-34a4e66ec227" testId="db381720-6b9c-2cfb-d4c6-17232fdeef3b" testName="WitchCityRope.Infrastructure.Tests.Data.ConcurrencyTests.Should_Handle_Concurrent_Aggregate_Updates" computerName="Unbutu-Ai-Chads-PC" duration="00:00:00.0457227" startTime="2025-09-11T15:38:56.8598778-04:00" endTime="2025-09-11T15:38:56.9450865-04:00" testType="13cdc9d9-ddb5-4fa4-a97d-d965ccfc6d4b" outcome="Failed" testListId="8c84fa94-04c1-424b-9868-57a2d4851a1d" relativeResultsDirectory="d9bd6bd4-ad60-4517-bdb4-34a4e66ec227">
      <Output>
        <ErrorInfo>
          <Message>Expected results.All(r =&gt; r) to be True, but found False.</Message>
          <StackTrace>   at FluentAssertions.Execution.LateBoundTestFramework.Throw(String message)
   at FluentAssertions.Execution.DefaultAssertionStrategy.HandleFailure(String message)
   at FluentAssertions.Execution.AssertionScope.AddPreFormattedFailure(String formattedFailureMessage)
   at FluentAssertions.Execution.AssertionChain.FailWith(Func`1 getFailureReason)
   at FluentAssertions.Execution.AssertionChain.FailWith(Func`1 getFailureReason)
   at FluentAssertions.Execution.AssertionChain.FailWith(String message, Object[] args)
   at FluentAssertions.Primitives.BooleanAssertions`1.BeTrue(String because, Object[] becauseArgs)
   at WitchCityRope.Infrastructure.Tests.Data.ConcurrencyTests.Should_Handle_Concurrent_Aggregate_Updates() in /home/chad/repos/witchcityrope-react/tests/WitchCityRope.Infrastructure.Tests/Data/ConcurrencyTests.cs:line 487
--- End of stack trace from previous location ---</StackTrace>
        </ErrorInfo>
      </Output>
    </UnitTestResult>
    <UnitTestResult executionId="8648373c-7980-4c30-a313-969b28b84374" testId="3902fe4d-f17d-5d21-4746-ba713fd0b58c" testName="WitchCityRope.Infrastructure.Tests.PayPal.PayPalServiceTests.GetPaymentStatusAsync_Should_Return_Pending_Status" computerName="Unbutu-Ai-Chads-PC" duration="00:00:00.0010000" startTime="2025-09-11T15:38:55.2263112-04:00" endTime="2025-09-11T15:38:55.2263249-04:00" testType="13cdc9d9-ddb5-4fa4-a97d-d965ccfc6d4b" outcome="NotExecuted" testListId="8c84fa94-04c1-424b-9868-57a2d4851a1d" relativeResultsDirectory="8648373c-7980-4c30-a313-969b28b84374">
      <Output>
        <ErrorInfo>
          <Message>PayPal service not fully implemented - PayPal SDK integration pending</Message>
        </ErrorInfo>
      </Output>
    </UnitTestResult>
    <UnitTestResult executionId="35a3eacd-3c54-4fbb-b130-f8efeb93f94e" testId="69fe012a-82fe-3708-098d-5cd009a2da67" testName="WitchCityRope.Infrastructure.Tests.Security.EncryptionServiceTests.DecryptAsync_Should_Return_Empty_String_For_Empty_Input" computerName="Unbutu-Ai-Chads-PC" duration="00:00:00.0005648" startTime="2025-09-11T15:38:58.8099726-04:00" endTime="2025-09-11T15:38:58.8102973-04:00" testType="13cdc9d9-ddb5-4fa4-a97d-d965ccfc6d4b" outcome="Passed" testListId="8c84fa94-04c1-424b-9868-57a2d4851a1d" relativeResultsDirectory="35a3eacd-3c54-4fbb-b130-f8efeb93f94e" />
    <UnitTestResult executionId="7e0fac8b-7611-4fb1-9776-649583abf4f7" testId="cdbfe0a8-e401-5845-0974-d3e362e0c484" testName="WitchCityRope.Infrastructure.Tests.Email.EmailServiceTests.SendEmailAsync_Should_Return_False_When_SendGrid_Fails" computerName="Unbutu-Ai-Chads-PC" duration="00:00:00.0010000" startTime="2025-09-11T15:38:55.1888917-04:00" endTime="2025-09-11T15:38:55.1889216-04:00" testType="13cdc9d9-ddb5-4fa4-a97d-d965ccfc6d4b" outcome="NotExecuted" testListId="8c84fa94-04c1-424b-9868-57a2d4851a1d" relativeResultsDirectory="7e0fac8b-7611-4fb1-9776-649583abf4f7">
      <Output>
        <ErrorInfo>
          <Message>Email service not fully implemented - SendGrid integration pending</Message>
        </ErrorInfo>
      </Output>
    </UnitTestResult>
    <UnitTestResult executionId="f6d07b8b-367b-4cac-8869-d616df19c84c" testId="4912d116-f7fc-a751-481c-6c5c02960fc1" testName="WitchCityRope.Infrastructure.Tests.Data.ComplexQueryTests.Should_Execute_Raw_SQL_Query" computerName="Unbutu-Ai-Chads-PC" duration="00:00:00.0010000" startTime="2025-09-11T15:38:56.8500494-04:00" endTime="2025-09-11T15:38:56.9817895-04:00" testType="13cdc9d9-ddb5-4fa4-a97d-d965ccfc6d4b" outcome="Failed" testListId="8c84fa94-04c1-424b-9868-57a2d4851a1d" relativeResultsDirectory="f6d07b8b-367b-4cac-8869-d616df19c84c">
      <Output>
        <ErrorInfo>
          <Message>Microsoft.EntityFrameworkCore.DbUpdateException : An error occurred while saving the entity changes. See the inner exception for details.
---- Microsoft.Data.Sqlite.SqliteException : SQLite Error 19: 'NOT NULL constraint failed: Registrations.DietaryRestrictions'.</Message>
          <StackTrace>   at Microsoft.EntityFrameworkCore.Update.ReaderModificationCommandBatch.ExecuteAsync(IRelationalConnection connection, CancellationToken cancellationToken)
   at Microsoft.EntityFrameworkCore.Update.Internal.BatchExecutor.ExecuteAsync(IEnumerable`1 commandBatches, IRelationalConnection connection, CancellationToken cancellationToken)
   at Microsoft.EntityFrameworkCore.Update.Internal.BatchExecutor.ExecuteAsync(IEnumerable`1 commandBatches, IRelationalConnection connection, CancellationToken cancellationToken)
   at Microsoft.EntityFrameworkCore.Update.Internal.BatchExecutor.ExecuteAsync(IEnumerable`1 commandBatches, IRelationalConnection connection, CancellationToken cancellationToken)
   at Microsoft.EntityFrameworkCore.Storage.RelationalDatabase.SaveChangesAsync(IList`1 entries, CancellationToken cancellationToken)
   at Microsoft.EntityFrameworkCore.ChangeTracking.Internal.StateManager.SaveChangesAsync(IList`1 entriesToSave, CancellationToken cancellationToken)
   at Microsoft.EntityFrameworkCore.ChangeTracking.Internal.StateManager.SaveChangesAsync(StateManager stateManager, Boolean acceptAllChangesOnSuccess, CancellationToken cancellationToken)
   at Microsoft.EntityFrameworkCore.DbContext.SaveChangesAsync(Boolean acceptAllChangesOnSuccess, CancellationToken cancellationToken)
   at Microsoft.EntityFrameworkCore.DbContext.SaveChangesAsync(Boolean acceptAllChangesOnSuccess, CancellationToken cancellationToken)
   at WitchCityRope.Infrastructure.Data.WitchCityRopeDbContext.SaveChangesAsync(CancellationToken cancellationToken) in /home/chad/repos/witchcityrope-react/src/WitchCityRope.Infrastructure/Data/WitchCityRopeDbContext.cs:line 58
   at WitchCityRope.Infrastructure.Tests.Data.ComplexQueryTests.SeedDataAsync() in /home/chad/repos/witchcityrope-react/tests/WitchCityRope.Infrastructure.Tests/Data/ComplexQueryTests.cs:line 63
   at WitchCityRope.Infrastructure.Tests.Fixtures.IntegrationTestBase.InitializeAsync() in /home/chad/repos/witchcityrope-react/tests/WitchCityRope.Infrastructure.Tests/Fixtures/IntegrationTestBase.cs:line 41
----- Inner Stack Trace -----
   at Microsoft.Data.Sqlite.SqliteException.ThrowExceptionForRC(Int32 rc, sqlite3 db)
   at Microsoft.Data.Sqlite.SqliteDataReader.NextResult()
   at Microsoft.Data.Sqlite.SqliteCommand.ExecuteReader(CommandBehavior behavior)
   at Microsoft.Data.Sqlite.SqliteCommand.ExecuteReaderAsync(CommandBehavior behavior, CancellationToken cancellationToken)
   at Microsoft.Data.Sqlite.SqliteCommand.ExecuteDbDataReaderAsync(CommandBehavior behavior, CancellationToken cancellationToken)
   at Microsoft.EntityFrameworkCore.Storage.RelationalCommand.ExecuteReaderAsync(RelationalCommandParameterObject parameterObject, CancellationToken cancellationToken)
   at Microsoft.EntityFrameworkCore.Storage.RelationalCommand.ExecuteReaderAsync(RelationalCommandParameterObject parameterObject, CancellationToken cancellationToken)
   at Microsoft.EntityFrameworkCore.Update.ReaderModificationCommandBatch.ExecuteAsync(IRelationalConnection connection, CancellationToken cancellationToken)</StackTrace>
        </ErrorInfo>
      </Output>
    </UnitTestResult>
    <UnitTestResult executionId="c290fc0e-e400-4bf1-ac36-758f81dc88e8" testId="0c01b91e-1f31-c944-fe79-657241846334" testName="WitchCityRope.Infrastructure.Tests.Data.MigrationTests.Should_Create_Correct_Foreign_Keys" computerName="Unbutu-Ai-Chads-PC" duration="00:00:00.6724193" startTime="2025-09-11T15:38:56.9073947-04:00" endTime="2025-09-11T15:38:57.5797263-04:00" testType="13cdc9d9-ddb5-4fa4-a97d-d965ccfc6d4b" outcome="Failed" testListId="8c84fa94-04c1-424b-9868-57a2d4851a1d" relativeResultsDirectory="c290fc0e-e400-4bf1-ac36-758f81dc88e8">
      <Output>
        <ErrorInfo>
          <Message>System.InvalidOperationException : An error was generated for warning 'Microsoft.EntityFrameworkCore.Migrations.PendingModelChangesWarning': The model for context 'WitchCityRopeDbContext' has pending changes. Add a new migration before updating the database. See https://aka.ms/efcore-docs-pending-changes. This exception can be suppressed or logged by passing event ID 'RelationalEventId.PendingModelChangesWarning' to the 'ConfigureWarnings' method in 'DbContext.OnConfiguring' or 'AddDbContext'.</Message>
          <StackTrace>   at Microsoft.EntityFrameworkCore.Diagnostics.EventDefinition`1.Log[TLoggerCategory](IDiagnosticsLogger`1 logger, TParam arg)
   at Microsoft.EntityFrameworkCore.Diagnostics.RelationalLoggerExtensions.PendingModelChangesWarning(IDiagnosticsLogger`1 diagnostics, Type contextType)
   at Microsoft.EntityFrameworkCore.Migrations.Internal.Migrator.ValidateMigrations(Boolean useTransaction, String targetMigration)
   at Microsoft.EntityFrameworkCore.Migrations.Internal.Migrator.MigrateAsync(String targetMigration, CancellationToken cancellationToken)
   at Npgsql.EntityFrameworkCore.PostgreSQL.Migrations.Internal.NpgsqlMigrator.MigrateAsync(String targetMigration, CancellationToken cancellationToken)
   at WitchCityRope.Infrastructure.Tests.Data.MigrationTests.Should_Create_Correct_Foreign_Keys() in /home/chad/repos/witchcityrope-react/tests/WitchCityRope.Infrastructure.Tests/Data/MigrationTests.cs:line 110
--- End of stack trace from previous location ---</StackTrace>
        </ErrorInfo>
      </Output>
    </UnitTestResult>
    <UnitTestResult executionId="bc752d0e-a75b-4db4-a3d6-5a461c286b30" testId="ad7d5cca-0afe-aa15-f70e-c563df4cebb9" testName="WitchCityRope.Infrastructure.Tests.Data.EntityConfigurationTests.Event_Registration_Relationship_Should_Be_Configured_Correctly" computerName="Unbutu-Ai-Chads-PC" duration="00:00:00.0170203" startTime="2025-09-11T15:38:56.4858618-04:00" endTime="2025-09-11T15:38:56.5382897-04:00" testType="13cdc9d9-ddb5-4fa4-a97d-d965ccfc6d4b" outcome="Failed" testListId="8c84fa94-04c1-424b-9868-57a2d4851a1d" relativeResultsDirectory="bc752d0e-a75b-4db4-a3d6-5a461c286b30">
      <Output>
        <ErrorInfo>
          <Message>Microsoft.EntityFrameworkCore.DbUpdateException : An error occurred while saving the entity changes. See the inner exception for details.
---- Microsoft.Data.Sqlite.SqliteException : SQLite Error 19: 'NOT NULL constraint failed: Registrations.DietaryRestrictions'.</Message>
          <StackTrace>   at Microsoft.EntityFrameworkCore.Update.ReaderModificationCommandBatch.ExecuteAsync(IRelationalConnection connection, CancellationToken cancellationToken)
   at Microsoft.EntityFrameworkCore.Update.Internal.BatchExecutor.ExecuteAsync(IEnumerable`1 commandBatches, IRelationalConnection connection, CancellationToken cancellationToken)
   at Microsoft.EntityFrameworkCore.Update.Internal.BatchExecutor.ExecuteAsync(IEnumerable`1 commandBatches, IRelationalConnection connection, CancellationToken cancellationToken)
   at Microsoft.EntityFrameworkCore.Update.Internal.BatchExecutor.ExecuteAsync(IEnumerable`1 commandBatches, IRelationalConnection connection, CancellationToken cancellationToken)
   at Microsoft.EntityFrameworkCore.Storage.RelationalDatabase.SaveChangesAsync(IList`1 entries, CancellationToken cancellationToken)
   at Microsoft.EntityFrameworkCore.ChangeTracking.Internal.StateManager.SaveChangesAsync(IList`1 entriesToSave, CancellationToken cancellationToken)
   at Microsoft.EntityFrameworkCore.ChangeTracking.Internal.StateManager.SaveChangesAsync(StateManager stateManager, Boolean acceptAllChangesOnSuccess, CancellationToken cancellationToken)
   at Microsoft.EntityFrameworkCore.DbContext.SaveChangesAsync(Boolean acceptAllChangesOnSuccess, CancellationToken cancellationToken)
   at Microsoft.EntityFrameworkCore.DbContext.SaveChangesAsync(Boolean acceptAllChangesOnSuccess, CancellationToken cancellationToken)
   at WitchCityRope.Infrastructure.Data.WitchCityRopeDbContext.SaveChangesAsync(CancellationToken cancellationToken) in /home/chad/repos/witchcityrope-react/src/WitchCityRope.Infrastructure/Data/WitchCityRopeDbContext.cs:line 58
   at WitchCityRope.Infrastructure.Tests.Data.EntityConfigurationTests.Event_Registration_Relationship_Should_Be_Configured_Correctly() in /home/chad/repos/witchcityrope-react/tests/WitchCityRope.Infrastructure.Tests/Data/EntityConfigurationTests.cs:line 76
--- End of stack trace from previous location ---
----- Inner Stack Trace -----
   at Microsoft.Data.Sqlite.SqliteException.ThrowExceptionForRC(Int32 rc, sqlite3 db)
   at Microsoft.Data.Sqlite.SqliteDataReader.NextResult()
   at Microsoft.Data.Sqlite.SqliteCommand.ExecuteReader(CommandBehavior behavior)
   at Microsoft.Data.Sqlite.SqliteCommand.ExecuteReaderAsync(CommandBehavior behavior, CancellationToken cancellationToken)
   at Microsoft.Data.Sqlite.SqliteCommand.ExecuteDbDataReaderAsync(CommandBehavior behavior, CancellationToken cancellationToken)
   at Microsoft.EntityFrameworkCore.Storage.RelationalCommand.ExecuteReaderAsync(RelationalCommandParameterObject parameterObject, CancellationToken cancellationToken)
   at Microsoft.EntityFrameworkCore.Storage.RelationalCommand.ExecuteReaderAsync(RelationalCommandParameterObject parameterObject, CancellationToken cancellationToken)
   at Microsoft.EntityFrameworkCore.Update.ReaderModificationCommandBatch.ExecuteAsync(IRelationalConnection connection, CancellationToken cancellationToken)</StackTrace>
        </ErrorInfo>
      </Output>
    </UnitTestResult>
    <UnitTestResult executionId="49c2e6af-4ef2-4842-b476-f267d18212ba" testId="6a6f6355-9fd4-91c1-101e-d3a4ddbfd9e9" testName="WitchCityRope.Infrastructure.Tests.Security.EncryptionServiceTests.Hash_Should_Produce_Different_Hashes_For_Same_Input" computerName="Unbutu-Ai-Chads-PC" duration="00:00:00.4267615" startTime="2025-09-11T15:38:58.3829321-04:00" endTime="2025-09-11T15:38:58.8097108-04:00" testType="13cdc9d9-ddb5-4fa4-a97d-d965ccfc6d4b" outcome="Passed" testListId="8c84fa94-04c1-424b-9868-57a2d4851a1d" relativeResultsDirectory="49c2e6af-4ef2-4842-b476-f267d18212ba" />
    <UnitTestResult executionId="0a103358-31d7-4fee-8a21-ae2fb2bfc70f" testId="7e276b69-25a2-1e91-d250-12381a8ea181" testName="WitchCityRope.Infrastructure.Tests.Data.ConcurrencyTests.Should_Handle_Deadlock_Scenario" computerName="Unbutu-Ai-Chads-PC" duration="00:00:00.2850819" startTime="2025-09-11T15:38:55.1465829-04:00" endTime="2025-09-11T15:38:56.2733816-04:00" testType="13cdc9d9-ddb5-4fa4-a97d-d965ccfc6d4b" outcome="Failed" testListId="8c84fa94-04c1-424b-9868-57a2d4851a1d" relativeResultsDirectory="0a103358-31d7-4fee-8a21-ae2fb2bfc70f">
      <Output>
        <ErrorInfo>
          <Message>System.InvalidOperationException : An error was generated for warning 'Microsoft.EntityFrameworkCore.Database.Transaction.TransactionIgnoredWarning': Transactions are not supported by the in-memory store. See https://go.microsoft.com/fwlink/?LinkId=800142 This exception can be suppressed or logged by passing event ID 'InMemoryEventId.TransactionIgnoredWarning' to the 'ConfigureWarnings' method in 'DbContext.OnConfiguring' or 'AddDbContext'.</Message>
          <StackTrace>   at Microsoft.EntityFrameworkCore.Diagnostics.EventDefinition.Log[TLoggerCategory](IDiagnosticsLogger`1 logger, Exception exception)
   at Microsoft.EntityFrameworkCore.InMemory.Internal.InMemoryLoggerExtensions.TransactionIgnoredWarning(IDiagnosticsLogger`1 diagnostics)
   at Microsoft.EntityFrameworkCore.InMemory.Storage.Internal.InMemoryTransactionManager.BeginTransactionAsync(CancellationToken cancellationToken)
   at Microsoft.EntityFrameworkCore.Infrastructure.DatabaseFacade.BeginTransactionAsync(CancellationToken cancellationToken)
   at WitchCityRope.Infrastructure.Tests.Data.ConcurrencyTests.&lt;&gt;c__DisplayClass5_0.&lt;&lt;Should_Handle_Deadlock_Scenario&gt;b__0&gt;d.MoveNext() in /home/chad/repos/witchcityrope-react/tests/WitchCityRope.Infrastructure.Tests/Data/ConcurrencyTests.cs:line 332
--- End of stack trace from previous location ---
   at WitchCityRope.Infrastructure.Tests.Data.ConcurrencyTests.Should_Handle_Deadlock_Scenario() in /home/chad/repos/witchcityrope-react/tests/WitchCityRope.Infrastructure.Tests/Data/ConcurrencyTests.cs:line 389
--- End of stack trace from previous location ---</StackTrace>
        </ErrorInfo>
      </Output>
    </UnitTestResult>
    <UnitTestResult executionId="f97cb1b8-29a7-4559-a88e-a5a117b78a33" testId="646327bb-2edb-21ab-b78e-1f2eefc3c0b3" testName="WitchCityRope.Infrastructure.Tests.Email.EmailServiceTests.SendBulkEmailAsync_Should_Batch_Large_Recipient_Lists" computerName="Unbutu-Ai-Chads-PC" duration="00:00:00.0010000" startTime="2025-09-11T15:38:55.2323790-04:00" endTime="2025-09-11T15:38:55.2324015-04:00" testType="13cdc9d9-ddb5-4fa4-a97d-d965ccfc6d4b" outcome="NotExecuted" testListId="8c84fa94-04c1-424b-9868-57a2d4851a1d" relativeResultsDirectory="f97cb1b8-29a7-4559-a88e-a5a117b78a33">
      <Output>
        <ErrorInfo>
          <Message>Email service not fully implemented - SendGrid integration pending</Message>
        </ErrorInfo>
      </Output>
    </UnitTestResult>
    <UnitTestResult executionId="3b7ef523-533d-442c-b9c1-7bed7d31207a" testId="239858d9-6523-c1b4-9f7d-78a53c1eac10" testName="WitchCityRope.Infrastructure.Tests.Data.WitchCityRopeDbContextTests.Should_Save_And_Retrieve_User" computerName="Unbutu-Ai-Chads-PC" duration="00:00:00.3885094" startTime="2025-09-11T15:38:55.1451791-04:00" endTime="2025-09-11T15:38:56.3759432-04:00" testType="13cdc9d9-ddb5-4fa4-a97d-d965ccfc6d4b" outcome="Failed" testListId="8c84fa94-04c1-424b-9868-57a2d4851a1d" relativeResultsDirectory="3b7ef523-533d-442c-b9c1-7bed7d31207a">
      <Output>
        <ErrorInfo>
          <Message>Expected retrievedUser not to be &lt;null&gt;.</Message>
          <StackTrace>   at FluentAssertions.Execution.LateBoundTestFramework.Throw(String message)
   at FluentAssertions.Execution.DefaultAssertionStrategy.HandleFailure(String message)
   at FluentAssertions.Execution.AssertionScope.AddPreFormattedFailure(String formattedFailureMessage)
   at FluentAssertions.Execution.AssertionChain.FailWith(Func`1 getFailureReason)
   at FluentAssertions.Execution.AssertionChain.FailWith(Func`1 getFailureReason)
   at FluentAssertions.Execution.AssertionChain.FailWith(String message)
   at FluentAssertions.Primitives.ReferenceTypeAssertions`2.NotBeNull(String because, Object[] becauseArgs)
   at WitchCityRope.Infrastructure.Tests.Data.WitchCityRopeDbContextTests.Should_Save_And_Retrieve_User() in /home/chad/repos/witchcityrope-react/tests/WitchCityRope.Infrastructure.Tests/Data/WitchCityRopeDbContextTests.cs:line 47
--- End of stack trace from previous location ---</StackTrace>
        </ErrorInfo>
      </Output>
    </UnitTestResult>
    <UnitTestResult executionId="eb1488d2-5608-434d-aea0-2cf17fc94de7" testId="2c2006c0-221d-554f-297a-e29ef198d5bd" testName="WitchCityRope.Infrastructure.Tests.Email.EmailServiceTests.SendTemplateEmailAsync_Should_Throw_For_Unknown_Template" computerName="Unbutu-Ai-Chads-PC" duration="00:00:00.0010000" startTime="2025-09-11T15:38:55.2319681-04:00" endTime="2025-09-11T15:38:55.2319891-04:00" testType="13cdc9d9-ddb5-4fa4-a97d-d965ccfc6d4b" outcome="NotExecuted" testListId="8c84fa94-04c1-424b-9868-57a2d4851a1d" relativeResultsDirectory="eb1488d2-5608-434d-aea0-2cf17fc94de7">
      <Output>
        <ErrorInfo>
          <Message>Email service not fully implemented - SendGrid integration pending</Message>
        </ErrorInfo>
      </Output>
    </UnitTestResult>
    <UnitTestResult executionId="4de4893c-e837-494d-a5a5-e5083a11eb5f" testId="748f8264-f4b3-9b6e-bf21-ba9f263ed688" testName="WitchCityRope.Infrastructure.Tests.Security.JwtTokenServiceTests.GenerateToken_Should_Throw_For_Null_User" computerName="Unbutu-Ai-Chads-PC" duration="00:00:00.0002514" startTime="2025-09-11T15:38:55.2561913-04:00" endTime="2025-09-11T15:38:55.2563769-04:00" testType="13cdc9d9-ddb5-4fa4-a97d-d965ccfc6d4b" outcome="Passed" testListId="8c84fa94-04c1-424b-9868-57a2d4851a1d" relativeResultsDirectory="4de4893c-e837-494d-a5a5-e5083a11eb5f" />
    <UnitTestResult executionId="498ca0e6-a5b8-45a4-bbc8-7a97d9a1fbd6" testId="a4c6dfe2-8692-442a-7687-11fe74a57291" testName="WitchCityRope.Infrastructure.Tests.PayPal.PayPalServiceTests.GetPaymentStatusAsync_Should_Return_Failed_On_Exception" computerName="Unbutu-Ai-Chads-PC" duration="00:00:00.0010000" startTime="2025-09-11T15:38:55.2258888-04:00" endTime="2025-09-11T15:38:55.2259050-04:00" testType="13cdc9d9-ddb5-4fa4-a97d-d965ccfc6d4b" outcome="NotExecuted" testListId="8c84fa94-04c1-424b-9868-57a2d4851a1d" relativeResultsDirectory="498ca0e6-a5b8-45a4-bbc8-7a97d9a1fbd6">
      <Output>
        <ErrorInfo>
          <Message>PayPal service not fully implemented - PayPal SDK integration pending</Message>
        </ErrorInfo>
      </Output>
    </UnitTestResult>
    <UnitTestResult executionId="7591aee3-58fe-4df8-a319-029bd11fadc7" testId="e8fd9f68-55b8-c4bd-47ac-7ccdf891ae01" testName="WitchCityRope.Infrastructure.Tests.PayPal.PayPalServiceTests.ProcessRefundAsync_Should_Use_Full_Amount_When_Not_Specified" computerName="Unbutu-Ai-Chads-PC" duration="00:00:00.0010000" startTime="2025-09-11T15:38:55.1892185-04:00" endTime="2025-09-11T15:38:55.1892368-04:00" testType="13cdc9d9-ddb5-4fa4-a97d-d965ccfc6d4b" outcome="NotExecuted" testListId="8c84fa94-04c1-424b-9868-57a2d4851a1d" relativeResultsDirectory="7591aee3-58fe-4df8-a319-029bd11fadc7">
      <Output>
        <ErrorInfo>
          <Message>PayPal service not fully implemented - PayPal SDK integration pending</Message>
        </ErrorInfo>
      </Output>
    </UnitTestResult>
    <UnitTestResult executionId="98802b15-da49-4919-9192-09da5d8fb3bb" testId="87abcabe-5648-fdf1-3a5d-705e67f3c3fe" testName="WitchCityRope.Infrastructure.Tests.PayPal.PayPalServiceTests.CreatePaymentIntentAsync_Should_Return_Valid_Intent" computerName="Unbutu-Ai-Chads-PC" duration="00:00:00.0010000" startTime="2025-09-11T15:38:55.2337616-04:00" endTime="2025-09-11T15:38:55.2337754-04:00" testType="13cdc9d9-ddb5-4fa4-a97d-d965ccfc6d4b" outcome="NotExecuted" testListId="8c84fa94-04c1-424b-9868-57a2d4851a1d" relativeResultsDirectory="98802b15-da49-4919-9192-09da5d8fb3bb">
      <Output>
        <ErrorInfo>
          <Message>PayPal service not fully implemented - PayPal SDK integration pending</Message>
        </ErrorInfo>
      </Output>
    </UnitTestResult>
    <UnitTestResult executionId="f0a6f622-1074-4f52-a737-319fb0bc1b38" testId="b9694bad-42e0-0c76-3c47-bc8dece9f7e0" testName="WitchCityRope.Infrastructure.Tests.Data.EntityConfigurationTests.Payment_Registration_Relationship_Should_Be_Configured_Correctly" computerName="Unbutu-Ai-Chads-PC" duration="00:00:00.0288880" startTime="2025-09-11T15:38:56.7855550-04:00" endTime="2025-09-11T15:38:56.8536290-04:00" testType="13cdc9d9-ddb5-4fa4-a97d-d965ccfc6d4b" outcome="Failed" testListId="8c84fa94-04c1-424b-9868-57a2d4851a1d" relativeResultsDirectory="f0a6f622-1074-4f52-a737-319fb0bc1b38">
      <Output>
        <ErrorInfo>
          <Message>Microsoft.EntityFrameworkCore.DbUpdateException : An error occurred while saving the entity changes. See the inner exception for details.
---- Microsoft.Data.Sqlite.SqliteException : SQLite Error 19: 'NOT NULL constraint failed: Registrations.DietaryRestrictions'.</Message>
          <StackTrace>   at Microsoft.EntityFrameworkCore.Update.ReaderModificationCommandBatch.ExecuteAsync(IRelationalConnection connection, CancellationToken cancellationToken)
   at Microsoft.EntityFrameworkCore.Update.Internal.BatchExecutor.ExecuteAsync(IEnumerable`1 commandBatches, IRelationalConnection connection, CancellationToken cancellationToken)
   at Microsoft.EntityFrameworkCore.Update.Internal.BatchExecutor.ExecuteAsync(IEnumerable`1 commandBatches, IRelationalConnection connection, CancellationToken cancellationToken)
   at Microsoft.EntityFrameworkCore.Update.Internal.BatchExecutor.ExecuteAsync(IEnumerable`1 commandBatches, IRelationalConnection connection, CancellationToken cancellationToken)
   at Microsoft.EntityFrameworkCore.Storage.RelationalDatabase.SaveChangesAsync(IList`1 entries, CancellationToken cancellationToken)
   at Microsoft.EntityFrameworkCore.ChangeTracking.Internal.StateManager.SaveChangesAsync(IList`1 entriesToSave, CancellationToken cancellationToken)
   at Microsoft.EntityFrameworkCore.ChangeTracking.Internal.StateManager.SaveChangesAsync(StateManager stateManager, Boolean acceptAllChangesOnSuccess, CancellationToken cancellationToken)
   at Microsoft.EntityFrameworkCore.DbContext.SaveChangesAsync(Boolean acceptAllChangesOnSuccess, CancellationToken cancellationToken)
   at Microsoft.EntityFrameworkCore.DbContext.SaveChangesAsync(Boolean acceptAllChangesOnSuccess, CancellationToken cancellationToken)
   at WitchCityRope.Infrastructure.Data.WitchCityRopeDbContext.SaveChangesAsync(CancellationToken cancellationToken) in /home/chad/repos/witchcityrope-react/src/WitchCityRope.Infrastructure/Data/WitchCityRopeDbContext.cs:line 58
   at WitchCityRope.Infrastructure.Tests.Data.EntityConfigurationTests.Payment_Registration_Relationship_Should_Be_Configured_Correctly() in /home/chad/repos/witchcityrope-react/tests/WitchCityRope.Infrastructure.Tests/Data/EntityConfigurationTests.cs:line 111
--- End of stack trace from previous location ---
----- Inner Stack Trace -----
   at Microsoft.Data.Sqlite.SqliteException.ThrowExceptionForRC(Int32 rc, sqlite3 db)
   at Microsoft.Data.Sqlite.SqliteDataReader.NextResult()
   at Microsoft.Data.Sqlite.SqliteCommand.ExecuteReader(CommandBehavior behavior)
   at Microsoft.Data.Sqlite.SqliteCommand.ExecuteReaderAsync(CommandBehavior behavior, CancellationToken cancellationToken)
   at Microsoft.Data.Sqlite.SqliteCommand.ExecuteDbDataReaderAsync(CommandBehavior behavior, CancellationToken cancellationToken)
   at Microsoft.EntityFrameworkCore.Storage.RelationalCommand.ExecuteReaderAsync(RelationalCommandParameterObject parameterObject, CancellationToken cancellationToken)
   at Microsoft.EntityFrameworkCore.Storage.RelationalCommand.ExecuteReaderAsync(RelationalCommandParameterObject parameterObject, CancellationToken cancellationToken)
   at Microsoft.EntityFrameworkCore.Update.ReaderModificationCommandBatch.ExecuteAsync(IRelationalConnection connection, CancellationToken cancellationToken)</StackTrace>
        </ErrorInfo>
      </Output>
    </UnitTestResult>
    <UnitTestResult executionId="657584af-3084-4c1e-baba-90dda2e67ecf" testId="9fe6d175-d2ab-6131-d5d1-c65e74e5832a" testName="WitchCityRope.Infrastructure.Tests.Security.JwtTokenServiceTests.GetUserIdFromToken_Should_Return_Null_For_Invalid_Token" computerName="Unbutu-Ai-Chads-PC" duration="00:00:00.0004371" startTime="2025-09-11T15:38:55.2723870-04:00" endTime="2025-09-11T15:38:55.2727279-04:00" testType="13cdc9d9-ddb5-4fa4-a97d-d965ccfc6d4b" outcome="Passed" testListId="8c84fa94-04c1-424b-9868-57a2d4851a1d" relativeResultsDirectory="657584af-3084-4c1e-baba-90dda2e67ecf" />
    <UnitTestResult executionId="adc380cd-225e-41cd-9181-e58d079342e2" testId="201d5940-7e4c-301c-43c7-cd72598ac0d0" testName="WitchCityRope.Infrastructure.Tests.Data.MigrationTests.Should_Have_Correct_Schema_After_Migration" computerName="Unbutu-Ai-Chads-PC" duration="00:00:00.2186171" startTime="2025-09-11T15:38:58.0896882-04:00" endTime="2025-09-11T15:38:58.3077908-04:00" testType="13cdc9d9-ddb5-4fa4-a97d-d965ccfc6d4b" outcome="Failed" testListId="8c84fa94-04c1-424b-9868-57a2d4851a1d" relativeResultsDirectory="adc380cd-225e-41cd-9181-e58d079342e2">
      <Output>
        <ErrorInfo>
          <Message>System.InvalidOperationException : An error was generated for warning 'Microsoft.EntityFrameworkCore.Migrations.PendingModelChangesWarning': The model for context 'WitchCityRopeDbContext' has pending changes. Add a new migration before updating the database. See https://aka.ms/efcore-docs-pending-changes. This exception can be suppressed or logged by passing event ID 'RelationalEventId.PendingModelChangesWarning' to the 'ConfigureWarnings' method in 'DbContext.OnConfiguring' or 'AddDbContext'.</Message>
          <StackTrace>   at Microsoft.EntityFrameworkCore.Diagnostics.EventDefinition`1.Log[TLoggerCategory](IDiagnosticsLogger`1 logger, TParam arg)
   at Microsoft.EntityFrameworkCore.Diagnostics.RelationalLoggerExtensions.PendingModelChangesWarning(IDiagnosticsLogger`1 diagnostics, Type contextType)
   at Microsoft.EntityFrameworkCore.Migrations.Internal.Migrator.ValidateMigrations(Boolean useTransaction, String targetMigration)
   at Microsoft.EntityFrameworkCore.Migrations.Internal.Migrator.MigrateAsync(String targetMigration, CancellationToken cancellationToken)
   at Npgsql.EntityFrameworkCore.PostgreSQL.Migrations.Internal.NpgsqlMigrator.MigrateAsync(String targetMigration, CancellationToken cancellationToken)
   at WitchCityRope.Infrastructure.Tests.Data.MigrationTests.Should_Have_Correct_Schema_After_Migration() in /home/chad/repos/witchcityrope-react/tests/WitchCityRope.Infrastructure.Tests/Data/MigrationTests.cs:line 65
--- End of stack trace from previous location ---</StackTrace>
        </ErrorInfo>
      </Output>
    </UnitTestResult>
    <UnitTestResult executionId="b8973d14-1182-4127-95a3-52cc22fd7d07" testId="ff4e921f-20b7-1709-b98d-0805a1ad4ff6" testName="WitchCityRope.Infrastructure.Tests.Data.MigrationTests.Model_Should_Match_Database_Schema" computerName="Unbutu-Ai-Chads-PC" duration="00:00:00.0391382" startTime="2025-09-11T15:38:58.7235929-04:00" endTime="2025-09-11T15:38:58.7620046-04:00" testType="13cdc9d9-ddb5-4fa4-a97d-d965ccfc6d4b" outcome="Failed" testListId="8c84fa94-04c1-424b-9868-57a2d4851a1d" relativeResultsDirectory="b8973d14-1182-4127-95a3-52cc22fd7d07">
      <Output>
        <ErrorInfo>
          <Message>Expected pendingModelChanges to be False because The model should match the database schema, but found True.</Message>
          <StackTrace>   at FluentAssertions.Execution.LateBoundTestFramework.Throw(String message)
   at FluentAssertions.Execution.DefaultAssertionStrategy.HandleFailure(String message)
   at FluentAssertions.Execution.AssertionScope.AddPreFormattedFailure(String formattedFailureMessage)
   at FluentAssertions.Execution.AssertionChain.FailWith(Func`1 getFailureReason)
   at FluentAssertions.Execution.AssertionChain.FailWith(Func`1 getFailureReason)
   at FluentAssertions.Execution.AssertionChain.FailWith(String message, Object[] args)
   at FluentAssertions.Primitives.BooleanAssertions`1.BeFalse(String because, Object[] becauseArgs)
   at WitchCityRope.Infrastructure.Tests.Data.MigrationTests.Model_Should_Match_Database_Schema() in /home/chad/repos/witchcityrope-react/tests/WitchCityRope.Infrastructure.Tests/Data/MigrationTests.cs:line 138
   at System.RuntimeMethodHandle.InvokeMethod(Object target, Void** arguments, Signature sig, Boolean isConstructor)
   at System.Reflection.MethodBaseInvoker.InvokeWithNoArgs(Object obj, BindingFlags invokeAttr)</StackTrace>
        </ErrorInfo>
      </Output>
    </UnitTestResult>
    <UnitTestResult executionId="a52a813d-403f-4825-bd34-e2a389a4b1d7" testId="e21cd5c6-324b-c676-dab9-0bd35c2ac14e" testName="WitchCityRope.Infrastructure.Tests.Security.EncryptionServiceTests.Encryption_Should_Fail_With_Different_Keys" computerName="Unbutu-Ai-Chads-PC" duration="00:00:00.0025887" startTime="2025-09-11T15:38:57.7394046-04:00" endTime="2025-09-11T15:38:57.7419649-04:00" testType="13cdc9d9-ddb5-4fa4-a97d-d965ccfc6d4b" outcome="Passed" testListId="8c84fa94-04c1-424b-9868-57a2d4851a1d" relativeResultsDirectory="a52a813d-403f-4825-bd34-e2a389a4b1d7" />
    <UnitTestResult executionId="c7097357-b12c-4ab0-afd0-b3ea8306cd38" testId="13978cf6-8116-d9d2-5159-ee260bc86d7b" testName="WitchCityRope.Infrastructure.Tests.Security.JwtTokenServiceTests.Constructor_Should_Throw_When_Configuration_Is_Null" computerName="Unbutu-Ai-Chads-PC" duration="00:00:00.0004263" startTime="2025-09-11T15:38:55.2525382-04:00" endTime="2025-09-11T15:38:55.2528444-04:00" testType="13cdc9d9-ddb5-4fa4-a97d-d965ccfc6d4b" outcome="Passed" testListId="8c84fa94-04c1-424b-9868-57a2d4851a1d" relativeResultsDirectory="c7097357-b12c-4ab0-afd0-b3ea8306cd38" />
    <UnitTestResult executionId="44f12fb5-2230-4bf1-a4fa-7f91535b052b" testId="cee07bb6-f0e2-062a-9298-b31e489309dc" testName="WitchCityRope.Infrastructure.Tests.Security.EncryptionServiceTests.EncryptAsync_Should_Encrypt_Plain_Text" computerName="Unbutu-Ai-Chads-PC" duration="00:00:00.0009840" startTime="2025-09-11T15:38:59.0263010-04:00" endTime="2025-09-11T15:38:59.0266530-04:00" testType="13cdc9d9-ddb5-4fa4-a97d-d965ccfc6d4b" outcome="Passed" testListId="8c84fa94-04c1-424b-9868-57a2d4851a1d" relativeResultsDirectory="44f12fb5-2230-4bf1-a4fa-7f91535b052b" />
    <UnitTestResult executionId="0bf578f2-82be-4c17-b6a5-861c11f36ef6" testId="77f47604-3476-c76e-0620-42e3a18a923a" testName="WitchCityRope.Infrastructure.Tests.Data.ConcurrencyTests.Should_Handle_Concurrent_Updates_With_Retry_Logic" computerName="Unbutu-Ai-Chads-PC" duration="00:00:00.0604703" startTime="2025-09-11T15:38:56.2743678-04:00" endTime="2025-09-11T15:38:56.3734018-04:00" testType="13cdc9d9-ddb5-4fa4-a97d-d965ccfc6d4b" outcome="Failed" testListId="8c84fa94-04c1-424b-9868-57a2d4851a1d" relativeResultsDirectory="0bf578f2-82be-4c17-b6a5-861c11f36ef6">
      <Output>
        <ErrorInfo>
          <Message>System.InvalidOperationException : Sequence contains no elements</Message>
          <StackTrace>   at System.Linq.ThrowHelper.ThrowNoElementsException()
   at lambda_method1238(Closure)
   at Microsoft.EntityFrameworkCore.InMemory.Query.Internal.InMemoryQueryExpression.ResultEnumerable.GetEnumerator()
   at Microsoft.EntityFrameworkCore.InMemory.Query.Internal.InMemoryShapedQueryCompilingExpressionVisitor.QueryingEnumerable`1.Enumerator.MoveNextHelper()
   at Microsoft.EntityFrameworkCore.InMemory.Query.Internal.InMemoryShapedQueryCompilingExpressionVisitor.QueryingEnumerable`1.Enumerator.MoveNextAsync()
   at Microsoft.EntityFrameworkCore.Query.ShapedQueryCompilingExpressionVisitor.SingleAsync[TSource](IAsyncEnumerable`1 asyncEnumerable, CancellationToken cancellationToken)
   at Microsoft.EntityFrameworkCore.Query.ShapedQueryCompilingExpressionVisitor.SingleAsync[TSource](IAsyncEnumerable`1 asyncEnumerable, CancellationToken cancellationToken)
   at WitchCityRope.Infrastructure.Tests.Data.ConcurrencyTests.&lt;&gt;c__DisplayClass4_1.&lt;&lt;Should_Handle_Concurrent_Updates_With_Retry_Logic&gt;b__1&gt;d.MoveNext() in /home/chad/repos/witchcityrope-react/tests/WitchCityRope.Infrastructure.Tests/Data/ConcurrencyTests.cs:line 279
--- End of stack trace from previous location ---
   at WitchCityRope.Infrastructure.Tests.Data.ConcurrencyTests.Should_Handle_Concurrent_Updates_With_Retry_Logic() in /home/chad/repos/witchcityrope-react/tests/WitchCityRope.Infrastructure.Tests/Data/ConcurrencyTests.cs:line 304
--- End of stack trace from previous location ---</StackTrace>
        </ErrorInfo>
      </Output>
    </UnitTestResult>
    <UnitTestResult executionId="20f9d14b-2f2e-49fb-8ce5-32969877b6c6" testId="58073b91-70b6-9fb3-000c-90ec0c036dad" testName="WitchCityRope.Infrastructure.Tests.Data.ComplexQueryTests.Should_Query_Event_Statistics" computerName="Unbutu-Ai-Chads-PC" duration="00:00:00.0010000" startTime="2025-09-11T15:38:56.4201834-04:00" endTime="2025-09-11T15:38:56.5627615-04:00" testType="13cdc9d9-ddb5-4fa4-a97d-d965ccfc6d4b" outcome="Failed" testListId="8c84fa94-04c1-424b-9868-57a2d4851a1d" relativeResultsDirectory="20f9d14b-2f2e-49fb-8ce5-32969877b6c6">
      <Output>
        <ErrorInfo>
          <Message>Microsoft.EntityFrameworkCore.DbUpdateException : An error occurred while saving the entity changes. See the inner exception for details.
---- Microsoft.Data.Sqlite.SqliteException : SQLite Error 19: 'NOT NULL constraint failed: Registrations.DietaryRestrictions'.</Message>
          <StackTrace>   at Microsoft.EntityFrameworkCore.Update.ReaderModificationCommandBatch.ExecuteAsync(IRelationalConnection connection, CancellationToken cancellationToken)
   at Microsoft.EntityFrameworkCore.Update.Internal.BatchExecutor.ExecuteAsync(IEnumerable`1 commandBatches, IRelationalConnection connection, CancellationToken cancellationToken)
   at Microsoft.EntityFrameworkCore.Update.Internal.BatchExecutor.ExecuteAsync(IEnumerable`1 commandBatches, IRelationalConnection connection, CancellationToken cancellationToken)
   at Microsoft.EntityFrameworkCore.Update.Internal.BatchExecutor.ExecuteAsync(IEnumerable`1 commandBatches, IRelationalConnection connection, CancellationToken cancellationToken)
   at Microsoft.EntityFrameworkCore.Storage.RelationalDatabase.SaveChangesAsync(IList`1 entries, CancellationToken cancellationToken)
   at Microsoft.EntityFrameworkCore.ChangeTracking.Internal.StateManager.SaveChangesAsync(IList`1 entriesToSave, CancellationToken cancellationToken)
   at Microsoft.EntityFrameworkCore.ChangeTracking.Internal.StateManager.SaveChangesAsync(StateManager stateManager, Boolean acceptAllChangesOnSuccess, CancellationToken cancellationToken)
   at Microsoft.EntityFrameworkCore.DbContext.SaveChangesAsync(Boolean acceptAllChangesOnSuccess, CancellationToken cancellationToken)
   at Microsoft.EntityFrameworkCore.DbContext.SaveChangesAsync(Boolean acceptAllChangesOnSuccess, CancellationToken cancellationToken)
   at WitchCityRope.Infrastructure.Data.WitchCityRopeDbContext.SaveChangesAsync(CancellationToken cancellationToken) in /home/chad/repos/witchcityrope-react/src/WitchCityRope.Infrastructure/Data/WitchCityRopeDbContext.cs:line 58
   at WitchCityRope.Infrastructure.Tests.Data.ComplexQueryTests.SeedDataAsync() in /home/chad/repos/witchcityrope-react/tests/WitchCityRope.Infrastructure.Tests/Data/ComplexQueryTests.cs:line 63
   at WitchCityRope.Infrastructure.Tests.Fixtures.IntegrationTestBase.InitializeAsync() in /home/chad/repos/witchcityrope-react/tests/WitchCityRope.Infrastructure.Tests/Fixtures/IntegrationTestBase.cs:line 41
----- Inner Stack Trace -----
   at Microsoft.Data.Sqlite.SqliteException.ThrowExceptionForRC(Int32 rc, sqlite3 db)
   at Microsoft.Data.Sqlite.SqliteDataReader.NextResult()
   at Microsoft.Data.Sqlite.SqliteCommand.ExecuteReader(CommandBehavior behavior)
   at Microsoft.Data.Sqlite.SqliteCommand.ExecuteReaderAsync(CommandBehavior behavior, CancellationToken cancellationToken)
   at Microsoft.Data.Sqlite.SqliteCommand.ExecuteDbDataReaderAsync(CommandBehavior behavior, CancellationToken cancellationToken)
   at Microsoft.EntityFrameworkCore.Storage.RelationalCommand.ExecuteReaderAsync(RelationalCommandParameterObject parameterObject, CancellationToken cancellationToken)
   at Microsoft.EntityFrameworkCore.Storage.RelationalCommand.ExecuteReaderAsync(RelationalCommandParameterObject parameterObject, CancellationToken cancellationToken)
   at Microsoft.EntityFrameworkCore.Update.ReaderModificationCommandBatch.ExecuteAsync(IRelationalConnection connection, CancellationToken cancellationToken)</StackTrace>
        </ErrorInfo>
      </Output>
    </UnitTestResult>
    <UnitTestResult executionId="95e2a3f8-f22d-40f0-98e6-45b54286535b" testId="42dc7df1-96a1-4d9a-de82-432b5eb500ec" testName="WitchCityRope.Infrastructure.Tests.Data.ComplexQueryTests.Should_Query_User_Registration_History" computerName="Unbutu-Ai-Chads-PC" duration="00:00:00.0010000" startTime="2025-09-11T15:38:55.1465182-04:00" endTime="2025-09-11T15:38:56.2804753-04:00" testType="13cdc9d9-ddb5-4fa4-a97d-d965ccfc6d4b" outcome="Failed" testListId="8c84fa94-04c1-424b-9868-57a2d4851a1d" relativeResultsDirectory="95e2a3f8-f22d-40f0-98e6-45b54286535b">
      <Output>
        <ErrorInfo>
          <Message>Microsoft.EntityFrameworkCore.DbUpdateException : An error occurred while saving the entity changes. See the inner exception for details.
---- Microsoft.Data.Sqlite.SqliteException : SQLite Error 19: 'NOT NULL constraint failed: Registrations.DietaryRestrictions'.</Message>
          <StackTrace>   at Microsoft.EntityFrameworkCore.Update.ReaderModificationCommandBatch.ExecuteAsync(IRelationalConnection connection, CancellationToken cancellationToken)
   at Microsoft.EntityFrameworkCore.Update.Internal.BatchExecutor.ExecuteAsync(IEnumerable`1 commandBatches, IRelationalConnection connection, CancellationToken cancellationToken)
   at Microsoft.EntityFrameworkCore.Update.Internal.BatchExecutor.ExecuteAsync(IEnumerable`1 commandBatches, IRelationalConnection connection, CancellationToken cancellationToken)
   at Microsoft.EntityFrameworkCore.Update.Internal.BatchExecutor.ExecuteAsync(IEnumerable`1 commandBatches, IRelationalConnection connection, CancellationToken cancellationToken)
   at Microsoft.EntityFrameworkCore.Storage.RelationalDatabase.SaveChangesAsync(IList`1 entries, CancellationToken cancellationToken)
   at Microsoft.EntityFrameworkCore.ChangeTracking.Internal.StateManager.SaveChangesAsync(IList`1 entriesToSave, CancellationToken cancellationToken)
   at Microsoft.EntityFrameworkCore.ChangeTracking.Internal.StateManager.SaveChangesAsync(StateManager stateManager, Boolean acceptAllChangesOnSuccess, CancellationToken cancellationToken)
   at Microsoft.EntityFrameworkCore.DbContext.SaveChangesAsync(Boolean acceptAllChangesOnSuccess, CancellationToken cancellationToken)
   at Microsoft.EntityFrameworkCore.DbContext.SaveChangesAsync(Boolean acceptAllChangesOnSuccess, CancellationToken cancellationToken)
   at WitchCityRope.Infrastructure.Data.WitchCityRopeDbContext.SaveChangesAsync(CancellationToken cancellationToken) in /home/chad/repos/witchcityrope-react/src/WitchCityRope.Infrastructure/Data/WitchCityRopeDbContext.cs:line 58
   at WitchCityRope.Infrastructure.Tests.Data.ComplexQueryTests.SeedDataAsync() in /home/chad/repos/witchcityrope-react/tests/WitchCityRope.Infrastructure.Tests/Data/ComplexQueryTests.cs:line 63
   at WitchCityRope.Infrastructure.Tests.Fixtures.IntegrationTestBase.InitializeAsync() in /home/chad/repos/witchcityrope-react/tests/WitchCityRope.Infrastructure.Tests/Fixtures/IntegrationTestBase.cs:line 41
----- Inner Stack Trace -----
   at Microsoft.Data.Sqlite.SqliteException.ThrowExceptionForRC(Int32 rc, sqlite3 db)
   at Microsoft.Data.Sqlite.SqliteDataReader.NextResult()
   at Microsoft.Data.Sqlite.SqliteCommand.ExecuteReader(CommandBehavior behavior)
   at Microsoft.Data.Sqlite.SqliteCommand.ExecuteReaderAsync(CommandBehavior behavior, CancellationToken cancellationToken)
   at Microsoft.Data.Sqlite.SqliteCommand.ExecuteDbDataReaderAsync(CommandBehavior behavior, CancellationToken cancellationToken)
   at Microsoft.EntityFrameworkCore.Storage.RelationalCommand.ExecuteReaderAsync(RelationalCommandParameterObject parameterObject, CancellationToken cancellationToken)
   at Microsoft.EntityFrameworkCore.Storage.RelationalCommand.ExecuteReaderAsync(RelationalCommandParameterObject parameterObject, CancellationToken cancellationToken)
   at Microsoft.EntityFrameworkCore.Update.ReaderModificationCommandBatch.ExecuteAsync(IRelationalConnection connection, CancellationToken cancellationToken)</StackTrace>
        </ErrorInfo>
      </Output>
    </UnitTestResult>
    <UnitTestResult executionId="d4cbbed0-7d2a-4c96-932d-f98c117bb363" testId="f69cea75-c037-0d47-d3fb-10191b89beda" testName="WitchCityRope.Infrastructure.Tests.Data.ConcurrencyTests.Should_Handle_Parallel_Bulk_Operations" computerName="Unbutu-Ai-Chads-PC" duration="00:00:00.1785796" startTime="2025-09-11T15:38:56.4363791-04:00" endTime="2025-09-11T15:38:56.6543548-04:00" testType="13cdc9d9-ddb5-4fa4-a97d-d965ccfc6d4b" outcome="Passed" testListId="8c84fa94-04c1-424b-9868-57a2d4851a1d" relativeResultsDirectory="d4cbbed0-7d2a-4c96-932d-f98c117bb363" />
    <UnitTestResult executionId="6e555cb3-4d98-40bf-8973-f41d5ee64113" testId="5b0a3d64-a64f-8568-d161-26c211e26ebb" testName="WitchCityRope.Infrastructure.Tests.Data.ConcurrencyTests.Should_Handle_Concurrent_Event_Registration" computerName="Unbutu-Ai-Chads-PC" duration="00:00:00.0373355" startTime="2025-09-11T15:38:56.7830136-04:00" endTime="2025-09-11T15:38:56.8592512-04:00" testType="13cdc9d9-ddb5-4fa4-a97d-d965ccfc6d4b" outcome="Failed" testListId="8c84fa94-04c1-424b-9868-57a2d4851a1d" relativeResultsDirectory="6e555cb3-4d98-40bf-8973-f41d5ee64113">
      <Output>
        <ErrorInfo>
          <Message>System.InvalidOperationException : Sequence contains no elements</Message>
          <StackTrace>   at System.Linq.ThrowHelper.ThrowNoElementsException()
   at lambda_method2696(Closure)
   at Microsoft.EntityFrameworkCore.InMemory.Query.Internal.InMemoryQueryExpression.ResultEnumerable.GetEnumerator()
   at Microsoft.EntityFrameworkCore.InMemory.Query.Internal.InMemoryShapedQueryCompilingExpressionVisitor.QueryingEnumerable`1.Enumerator.MoveNextHelper()
   at Microsoft.EntityFrameworkCore.InMemory.Query.Internal.InMemoryShapedQueryCompilingExpressionVisitor.QueryingEnumerable`1.Enumerator.MoveNextAsync()
   at Microsoft.EntityFrameworkCore.Query.ShapedQueryCompilingExpressionVisitor.SingleAsync[TSource](IAsyncEnumerable`1 asyncEnumerable, CancellationToken cancellationToken)
   at Microsoft.EntityFrameworkCore.Query.ShapedQueryCompilingExpressionVisitor.SingleAsync[TSource](IAsyncEnumerable`1 asyncEnumerable, CancellationToken cancellationToken)
   at WitchCityRope.Infrastructure.Tests.Data.ConcurrencyTests.&lt;&gt;c__DisplayClass1_1.&lt;&lt;Should_Handle_Concurrent_Event_Registration&gt;b__1&gt;d.MoveNext() in /home/chad/repos/witchcityrope-react/tests/WitchCityRope.Infrastructure.Tests/Data/ConcurrencyTests.cs:line 72
--- End of stack trace from previous location ---
   at WitchCityRope.Infrastructure.Tests.Data.ConcurrencyTests.Should_Handle_Concurrent_Event_Registration() in /home/chad/repos/witchcityrope-react/tests/WitchCityRope.Infrastructure.Tests/Data/ConcurrencyTests.cs:line 107
--- End of stack trace from previous location ---</StackTrace>
        </ErrorInfo>
      </Output>
    </UnitTestResult>
    <UnitTestResult executionId="43ae2f94-b3e3-473d-856e-ce181124e583" testId="69221b6b-5e06-008b-d928-3f77a40328a2" testName="WitchCityRope.Infrastructure.Tests.Data.WitchCityRopeDbContextTests.Should_Update_Audit_Fields_On_Modify" computerName="Unbutu-Ai-Chads-PC" duration="00:00:00.1092053" startTime="2025-09-11T15:38:56.5472790-04:00" endTime="2025-09-11T15:38:56.6995437-04:00" testType="13cdc9d9-ddb5-4fa4-a97d-d965ccfc6d4b" outcome="Passed" testListId="8c84fa94-04c1-424b-9868-57a2d4851a1d" relativeResultsDirectory="43ae2f94-b3e3-473d-856e-ce181124e583" />
    <UnitTestResult executionId="c667d734-27ff-4d54-8511-16b0607d8baa" testId="41ae648d-7fc7-ba2f-c06a-44229c2bffd5" testName="WitchCityRope.Infrastructure.Tests.Security.EncryptionServiceTests.DecryptAsync_Should_Return_Null_For_Null_Input" computerName="Unbutu-Ai-Chads-PC" duration="00:00:00.0134085" startTime="2025-09-11T15:38:55.1464118-04:00" endTime="2025-09-11T15:38:55.1931178-04:00" testType="13cdc9d9-ddb5-4fa4-a97d-d965ccfc6d4b" outcome="Passed" testListId="8c84fa94-04c1-424b-9868-57a2d4851a1d" relativeResultsDirectory="c667d734-27ff-4d54-8511-16b0607d8baa" />
    <UnitTestResult executionId="7602e40d-9004-40c4-aa37-197865185ab7" testId="ce5d819c-5ce5-57c8-bafb-b7d7723680d9" testName="WitchCityRope.Infrastructure.Tests.Data.ComplexQueryTests.Should_Handle_Complex_Filtering_And_Sorting" computerName="Unbutu-Ai-Chads-PC" duration="00:00:00.0010000" startTime="2025-09-11T15:38:57.1154989-04:00" endTime="2025-09-11T15:38:57.2350620-04:00" testType="13cdc9d9-ddb5-4fa4-a97d-d965ccfc6d4b" outcome="Failed" testListId="8c84fa94-04c1-424b-9868-57a2d4851a1d" relativeResultsDirectory="7602e40d-9004-40c4-aa37-197865185ab7">
      <Output>
        <ErrorInfo>
          <Message>Microsoft.EntityFrameworkCore.DbUpdateException : An error occurred while saving the entity changes. See the inner exception for details.
---- Microsoft.Data.Sqlite.SqliteException : SQLite Error 19: 'NOT NULL constraint failed: Registrations.DietaryRestrictions'.</Message>
          <StackTrace>   at Microsoft.EntityFrameworkCore.Update.ReaderModificationCommandBatch.ExecuteAsync(IRelationalConnection connection, CancellationToken cancellationToken)
   at Microsoft.EntityFrameworkCore.Update.Internal.BatchExecutor.ExecuteAsync(IEnumerable`1 commandBatches, IRelationalConnection connection, CancellationToken cancellationToken)
   at Microsoft.EntityFrameworkCore.Update.Internal.BatchExecutor.ExecuteAsync(IEnumerable`1 commandBatches, IRelationalConnection connection, CancellationToken cancellationToken)
   at Microsoft.EntityFrameworkCore.Update.Internal.BatchExecutor.ExecuteAsync(IEnumerable`1 commandBatches, IRelationalConnection connection, CancellationToken cancellationToken)
   at Microsoft.EntityFrameworkCore.Storage.RelationalDatabase.SaveChangesAsync(IList`1 entries, CancellationToken cancellationToken)
   at Microsoft.EntityFrameworkCore.ChangeTracking.Internal.StateManager.SaveChangesAsync(IList`1 entriesToSave, CancellationToken cancellationToken)
   at Microsoft.EntityFrameworkCore.ChangeTracking.Internal.StateManager.SaveChangesAsync(StateManager stateManager, Boolean acceptAllChangesOnSuccess, CancellationToken cancellationToken)
   at Microsoft.EntityFrameworkCore.DbContext.SaveChangesAsync(Boolean acceptAllChangesOnSuccess, CancellationToken cancellationToken)
   at Microsoft.EntityFrameworkCore.DbContext.SaveChangesAsync(Boolean acceptAllChangesOnSuccess, CancellationToken cancellationToken)
   at WitchCityRope.Infrastructure.Data.WitchCityRopeDbContext.SaveChangesAsync(CancellationToken cancellationToken) in /home/chad/repos/witchcityrope-react/src/WitchCityRope.Infrastructure/Data/WitchCityRopeDbContext.cs:line 58
   at WitchCityRope.Infrastructure.Tests.Data.ComplexQueryTests.SeedDataAsync() in /home/chad/repos/witchcityrope-react/tests/WitchCityRope.Infrastructure.Tests/Data/ComplexQueryTests.cs:line 63
   at WitchCityRope.Infrastructure.Tests.Fixtures.IntegrationTestBase.InitializeAsync() in /home/chad/repos/witchcityrope-react/tests/WitchCityRope.Infrastructure.Tests/Fixtures/IntegrationTestBase.cs:line 41
----- Inner Stack Trace -----
   at Microsoft.Data.Sqlite.SqliteException.ThrowExceptionForRC(Int32 rc, sqlite3 db)
   at Microsoft.Data.Sqlite.SqliteDataReader.NextResult()
   at Microsoft.Data.Sqlite.SqliteCommand.ExecuteReader(CommandBehavior behavior)
   at Microsoft.Data.Sqlite.SqliteCommand.ExecuteReaderAsync(CommandBehavior behavior, CancellationToken cancellationToken)
   at Microsoft.Data.Sqlite.SqliteCommand.ExecuteDbDataReaderAsync(CommandBehavior behavior, CancellationToken cancellationToken)
   at Microsoft.EntityFrameworkCore.Storage.RelationalCommand.ExecuteReaderAsync(RelationalCommandParameterObject parameterObject, CancellationToken cancellationToken)
   at Microsoft.EntityFrameworkCore.Storage.RelationalCommand.ExecuteReaderAsync(RelationalCommandParameterObject parameterObject, CancellationToken cancellationToken)
   at Microsoft.EntityFrameworkCore.Update.ReaderModificationCommandBatch.ExecuteAsync(IRelationalConnection connection, CancellationToken cancellationToken)</StackTrace>
        </ErrorInfo>
      </Output>
    </UnitTestResult>
    <UnitTestResult executionId="f784b0a8-85b0-4a82-accd-963c11f7506c" testId="38d9a3a3-e1c3-68c6-2d7a-903c09e97244" testName="WitchCityRope.Infrastructure.Tests.Security.EncryptionServiceTests.VerifyHash_Should_Return_False_For_Incorrect_Password" computerName="Unbutu-Ai-Chads-PC" duration="00:00:01.7082652" startTime="2025-09-11T15:38:55.2091280-04:00" endTime="2025-09-11T15:38:56.9173474-04:00" testType="13cdc9d9-ddb5-4fa4-a97d-d965ccfc6d4b" outcome="Passed" testListId="8c84fa94-04c1-424b-9868-57a2d4851a1d" relativeResultsDirectory="f784b0a8-85b0-4a82-accd-963c11f7506c" />
    <UnitTestResult executionId="9237008a-4b94-4720-a21a-a23d1151bf7b" testId="26b9f878-3757-489b-6626-eca8d0f72307" testName="WitchCityRope.Infrastructure.Tests.Data.EntityConfigurationTests.User_Configuration_Should_Store_Value_Objects_Correctly" computerName="Unbutu-Ai-Chads-PC" duration="00:00:00.1357730" startTime="2025-09-11T15:38:56.1491394-04:00" endTime="2025-09-11T15:38:56.3751634-04:00" testType="13cdc9d9-ddb5-4fa4-a97d-d965ccfc6d4b" outcome="Failed" testListId="8c84fa94-04c1-424b-9868-57a2d4851a1d" relativeResultsDirectory="9237008a-4b94-4720-a21a-a23d1151bf7b">
      <Output>
        <ErrorInfo>
          <Message>System.InvalidOperationException : Sequence contains no elements</Message>
          <StackTrace>   at System.Linq.ThrowHelper.ThrowNoElementsException()
   at lambda_method1246(Closure)
   at Microsoft.EntityFrameworkCore.InMemory.Query.Internal.InMemoryQueryExpression.ResultEnumerable.GetEnumerator()
   at Microsoft.EntityFrameworkCore.InMemory.Query.Internal.InMemoryShapedQueryCompilingExpressionVisitor.QueryingEnumerable`1.Enumerator.MoveNextHelper()
   at Microsoft.EntityFrameworkCore.InMemory.Query.Internal.InMemoryShapedQueryCompilingExpressionVisitor.QueryingEnumerable`1.Enumerator.MoveNextAsync()
   at Microsoft.EntityFrameworkCore.Query.ShapedQueryCompilingExpressionVisitor.SingleAsync[TSource](IAsyncEnumerable`1 asyncEnumerable, CancellationToken cancellationToken)
   at Microsoft.EntityFrameworkCore.Query.ShapedQueryCompilingExpressionVisitor.SingleAsync[TSource](IAsyncEnumerable`1 asyncEnumerable, CancellationToken cancellationToken)
   at WitchCityRope.Infrastructure.Tests.Data.EntityConfigurationTests.&lt;&gt;c__DisplayClass1_0.&lt;&lt;User_Configuration_Should_Store_Value_Objects_Correctly&gt;b__0&gt;d.MoveNext() in /home/chad/repos/witchcityrope-react/tests/WitchCityRope.Infrastructure.Tests/Data/EntityConfigurationTests.cs:line 50
--- End of stack trace from previous location ---
   at WitchCityRope.Infrastructure.Tests.Fixtures.IntegrationTestBase.ExecuteWithNewContextAsync[T](Func`2 action) in /home/chad/repos/witchcityrope-react/tests/WitchCityRope.Infrastructure.Tests/Fixtures/IntegrationTestBase.cs:line 89
   at WitchCityRope.Infrastructure.Tests.Data.EntityConfigurationTests.User_Configuration_Should_Store_Value_Objects_Correctly() in /home/chad/repos/witchcityrope-react/tests/WitchCityRope.Infrastructure.Tests/Data/EntityConfigurationTests.cs:line 49
--- End of stack trace from previous location ---</StackTrace>
        </ErrorInfo>
      </Output>
    </UnitTestResult>
    <UnitTestResult executionId="5bef60cd-37ab-423f-a71f-1a54c912da6d" testId="6babc633-5a84-86ce-3dc5-db3fab1babdf" testName="WitchCityRope.Infrastructure.Tests.Data.WitchCityRopeDbContextTests.Should_Handle_Concurrent_Updates" computerName="Unbutu-Ai-Chads-PC" duration="00:00:00.0063645" startTime="2025-09-11T15:38:56.8827959-04:00" endTime="2025-09-11T15:38:56.9264901-04:00" testType="13cdc9d9-ddb5-4fa4-a97d-d965ccfc6d4b" outcome="Failed" testListId="8c84fa94-04c1-424b-9868-57a2d4851a1d" relativeResultsDirectory="5bef60cd-37ab-423f-a71f-1a54c912da6d">
      <Output>
        <ErrorInfo>
          <Message>System.InvalidOperationException : Sequence contains no elements</Message>
          <StackTrace>   at System.Linq.ThrowHelper.ThrowNoElementsException()
   at lambda_method1246(Closure)
   at Microsoft.EntityFrameworkCore.InMemory.Query.Internal.InMemoryQueryExpression.ResultEnumerable.GetEnumerator()
   at Microsoft.EntityFrameworkCore.InMemory.Query.Internal.InMemoryShapedQueryCompilingExpressionVisitor.QueryingEnumerable`1.Enumerator.MoveNextHelper()
   at Microsoft.EntityFrameworkCore.InMemory.Query.Internal.InMemoryShapedQueryCompilingExpressionVisitor.QueryingEnumerable`1.Enumerator.MoveNextAsync()
   at Microsoft.EntityFrameworkCore.Query.ShapedQueryCompilingExpressionVisitor.SingleAsync[TSource](IAsyncEnumerable`1 asyncEnumerable, CancellationToken cancellationToken)
   at Microsoft.EntityFrameworkCore.Query.ShapedQueryCompilingExpressionVisitor.SingleAsync[TSource](IAsyncEnumerable`1 asyncEnumerable, CancellationToken cancellationToken)
   at WitchCityRope.Infrastructure.Tests.Data.WitchCityRopeDbContextTests.Should_Handle_Concurrent_Updates() in /home/chad/repos/witchcityrope-react/tests/WitchCityRope.Infrastructure.Tests/Data/WitchCityRopeDbContextTests.cs:line 83
--- End of stack trace from previous location ---</StackTrace>
        </ErrorInfo>
      </Output>
    </UnitTestResult>
    <UnitTestResult executionId="06f53171-35dc-4d50-9041-db046819d374" testId="cac2c651-fa59-0f92-f0f1-b284ea5fd816" testName="WitchCityRope.Infrastructure.Tests.Security.JwtTokenServiceTests.ValidateToken_Should_Throw_For_Null_Token" computerName="Unbutu-Ai-Chads-PC" duration="00:00:00.0002920" startTime="2025-09-11T15:38:55.2539235-04:00" endTime="2025-09-11T15:38:55.2541477-04:00" testType="13cdc9d9-ddb5-4fa4-a97d-d965ccfc6d4b" outcome="Passed" testListId="8c84fa94-04c1-424b-9868-57a2d4851a1d" relativeResultsDirectory="06f53171-35dc-4d50-9041-db046819d374" />
    <UnitTestResult executionId="739ddb39-2c9c-494d-bc40-c0d8a30d6453" testId="32b805ef-d784-d8e5-9caf-a748c5f789fb" testName="WitchCityRope.Infrastructure.Tests.PayPal.PayPalServiceTests.Constructor_Should_Throw_When_Configuration_Is_Null" computerName="Unbutu-Ai-Chads-PC" duration="00:00:00.0003780" startTime="2025-09-11T15:38:55.2334625-04:00" endTime="2025-09-11T15:38:55.2335117-04:00" testType="13cdc9d9-ddb5-4fa4-a97d-d965ccfc6d4b" outcome="Passed" testListId="8c84fa94-04c1-424b-9868-57a2d4851a1d" relativeResultsDirectory="739ddb39-2c9c-494d-bc40-c0d8a30d6453" />
    <UnitTestResult executionId="b134ed17-f0ba-4962-a2cc-f8ab698871c6" testId="fb5b9c38-8b84-314c-709f-5c4f52c1a376" testName="WitchCityRope.Infrastructure.Tests.Data.WitchCityRopeDbContextTests.Should_Handle_Transactions" computerName="Unbutu-Ai-Chads-PC" duration="00:00:00.0204868" startTime="2025-09-11T15:38:56.8101267-04:00" endTime="2025-09-11T15:38:56.8825823-04:00" testType="13cdc9d9-ddb5-4fa4-a97d-d965ccfc6d4b" outcome="Passed" testListId="8c84fa94-04c1-424b-9868-57a2d4851a1d" relativeResultsDirectory="b134ed17-f0ba-4962-a2cc-f8ab698871c6" />
    <UnitTestResult executionId="6d05788a-f7e0-4b0c-a2c5-f612ae845d80" testId="5baaed9a-7b39-bf0a-975b-3f375a59580f" testName="WitchCityRope.Infrastructure.Tests.PayPal.PayPalServiceTests.Constructor_Should_Throw_When_Logger_Is_Null" computerName="Unbutu-Ai-Chads-PC" duration="00:00:00.0005250" startTime="2025-09-11T15:38:55.2281027-04:00" endTime="2025-09-11T15:38:55.2327894-04:00" testType="13cdc9d9-ddb5-4fa4-a97d-d965ccfc6d4b" outcome="Passed" testListId="8c84fa94-04c1-424b-9868-57a2d4851a1d" relativeResultsDirectory="6d05788a-f7e0-4b0c-a2c5-f612ae845d80" />
    <UnitTestResult executionId="ddf650ca-afde-4b3d-ba8b-f24b24b9ec07" testId="0ee62c17-dcae-efb1-3027-07f5ee04a932" testName="WitchCityRope.Infrastructure.Tests.PayPal.PayPalServiceTests.Should_Default_To_Sandbox_When_IsSandbox_Not_Specified" computerName="Unbutu-Ai-Chads-PC" duration="00:00:00.0002444" startTime="2025-09-11T15:38:55.2336144-04:00" endTime="2025-09-11T15:38:55.2336510-04:00" testType="13cdc9d9-ddb5-4fa4-a97d-d965ccfc6d4b" outcome="Passed" testListId="8c84fa94-04c1-424b-9868-57a2d4851a1d" relativeResultsDirectory="ddf650ca-afde-4b3d-ba8b-f24b24b9ec07" />
    <UnitTestResult executionId="e206b343-0f4c-4c59-ade4-0ae2f3cfc456" testId="00fb0efe-ac5c-dcca-7bdb-1e3f8783f943" testName="WitchCityRope.Infrastructure.Tests.Email.EmailServiceTests.SendEmailAsync_Should_Return_False_When_Exception_Occurs" computerName="Unbutu-Ai-Chads-PC" duration="00:00:00.0010000" startTime="2025-09-11T15:38:55.2321876-04:00" endTime="2025-09-11T15:38:55.2322033-04:00" testType="13cdc9d9-ddb5-4fa4-a97d-d965ccfc6d4b" outcome="NotExecuted" testListId="8c84fa94-04c1-424b-9868-57a2d4851a1d" relativeResultsDirectory="e206b343-0f4c-4c59-ade4-0ae2f3cfc456">
      <Output>
        <ErrorInfo>
          <Message>Email service not fully implemented - SendGrid integration pending</Message>
        </ErrorInfo>
      </Output>
    </UnitTestResult>
    <UnitTestResult executionId="883f0fed-c909-40c9-a05b-26e7fd4b7bda" testId="433cedb3-2a7e-2070-b4b6-ff055a4203c2" testName="WitchCityRope.Infrastructure.Tests.Data.MigrationTests.Should_Create_All_Expected_Tables" computerName="Unbutu-Ai-Chads-PC" duration="00:00:00.2135553" startTime="2025-09-11T15:38:58.3088693-04:00" endTime="2025-09-11T15:38:58.5220310-04:00" testType="13cdc9d9-ddb5-4fa4-a97d-d965ccfc6d4b" outcome="Failed" testListId="8c84fa94-04c1-424b-9868-57a2d4851a1d" relativeResultsDirectory="883f0fed-c909-40c9-a05b-26e7fd4b7bda">
      <Output>
        <ErrorInfo>
          <Message>System.InvalidOperationException : An error was generated for warning 'Microsoft.EntityFrameworkCore.Migrations.PendingModelChangesWarning': The model for context 'WitchCityRopeDbContext' has pending changes. Add a new migration before updating the database. See https://aka.ms/efcore-docs-pending-changes. This exception can be suppressed or logged by passing event ID 'RelationalEventId.PendingModelChangesWarning' to the 'ConfigureWarnings' method in 'DbContext.OnConfiguring' or 'AddDbContext'.</Message>
          <StackTrace>   at Microsoft.EntityFrameworkCore.Diagnostics.EventDefinition`1.Log[TLoggerCategory](IDiagnosticsLogger`1 logger, TParam arg)
   at Microsoft.EntityFrameworkCore.Diagnostics.RelationalLoggerExtensions.PendingModelChangesWarning(IDiagnosticsLogger`1 diagnostics, Type contextType)
   at Microsoft.EntityFrameworkCore.Migrations.Internal.Migrator.ValidateMigrations(Boolean useTransaction, String targetMigration)
   at Microsoft.EntityFrameworkCore.Migrations.Internal.Migrator.MigrateAsync(String targetMigration, CancellationToken cancellationToken)
   at Npgsql.EntityFrameworkCore.PostgreSQL.Migrations.Internal.NpgsqlMigrator.MigrateAsync(String targetMigration, CancellationToken cancellationToken)
   at WitchCityRope.Infrastructure.Tests.Data.MigrationTests.Should_Create_All_Expected_Tables() in /home/chad/repos/witchcityrope-react/tests/WitchCityRope.Infrastructure.Tests/Data/MigrationTests.cs:line 45
--- End of stack trace from previous location ---</StackTrace>
        </ErrorInfo>
      </Output>
    </UnitTestResult>
    <UnitTestResult executionId="e5a2a058-7c3c-4baa-abe6-5e3026c51ffa" testId="82b79749-a163-881a-8fc3-03b8db75e151" testName="WitchCityRope.Infrastructure.Tests.Security.JwtTokenServiceTests.Token_Should_Work_With_Default_Configuration" computerName="Unbutu-Ai-Chads-PC" duration="00:00:00.0981846" startTime="2025-09-11T15:38:55.1465586-04:00" endTime="2025-09-11T15:38:55.2464100-04:00" testType="13cdc9d9-ddb5-4fa4-a97d-d965ccfc6d4b" outcome="Passed" testListId="8c84fa94-04c1-424b-9868-57a2d4851a1d" relativeResultsDirectory="e5a2a058-7c3c-4baa-abe6-5e3026c51ffa" />
    <UnitTestResult executionId="1eee4ad5-a0af-44c4-8a67-0d2bff26a4f9" testId="3947765f-43ab-cae7-edae-7924657957aa" testName="WitchCityRope.Infrastructure.Tests.Data.MigrationTests.Should_Apply_All_Migrations_Successfully" computerName="Unbutu-Ai-Chads-PC" duration="00:00:00.2457260" startTime="2025-09-11T15:38:57.5847858-04:00" endTime="2025-09-11T15:38:57.8261193-04:00" testType="13cdc9d9-ddb5-4fa4-a97d-d965ccfc6d4b" outcome="Failed" testListId="8c84fa94-04c1-424b-9868-57a2d4851a1d" relativeResultsDirectory="1eee4ad5-a0af-44c4-8a67-0d2bff26a4f9">
      <Output>
        <ErrorInfo>
          <Message>System.InvalidOperationException : An error was generated for warning 'Microsoft.EntityFrameworkCore.Migrations.PendingModelChangesWarning': The model for context 'WitchCityRopeDbContext' has pending changes. Add a new migration before updating the database. See https://aka.ms/efcore-docs-pending-changes. This exception can be suppressed or logged by passing event ID 'RelationalEventId.PendingModelChangesWarning' to the 'ConfigureWarnings' method in 'DbContext.OnConfiguring' or 'AddDbContext'.</Message>
          <StackTrace>   at Microsoft.EntityFrameworkCore.Diagnostics.EventDefinition`1.Log[TLoggerCategory](IDiagnosticsLogger`1 logger, TParam arg)
   at Microsoft.EntityFrameworkCore.Diagnostics.RelationalLoggerExtensions.PendingModelChangesWarning(IDiagnosticsLogger`1 diagnostics, Type contextType)
   at Microsoft.EntityFrameworkCore.Migrations.Internal.Migrator.ValidateMigrations(Boolean useTransaction, String targetMigration)
   at Microsoft.EntityFrameworkCore.Migrations.Internal.Migrator.MigrateAsync(String targetMigration, CancellationToken cancellationToken)
   at Npgsql.EntityFrameworkCore.PostgreSQL.Migrations.Internal.NpgsqlMigrator.MigrateAsync(String targetMigration, CancellationToken cancellationToken)
   at WitchCityRope.Infrastructure.Tests.Data.MigrationTests.Should_Apply_All_Migrations_Successfully() in /home/chad/repos/witchcityrope-react/tests/WitchCityRope.Infrastructure.Tests/Data/MigrationTests.cs:line 31
--- End of stack trace from previous location ---</StackTrace>
        </ErrorInfo>
      </Output>
    </UnitTestResult>
    <UnitTestResult executionId="7c58093b-4a59-4d65-bc37-e4df915d146e" testId="0cf7ed9f-4d8e-2f0c-2cb2-fcd1f0c857e6" testName="WitchCityRope.Infrastructure.Tests.Data.ConcurrencyTests.Should_Handle_Optimistic_Concurrency_With_RowVersion" computerName="Unbutu-Ai-Chads-PC" duration="00:00:00.0027598" startTime="2025-09-11T15:38:56.7338660-04:00" endTime="2025-09-11T15:38:56.7793172-04:00" testType="13cdc9d9-ddb5-4fa4-a97d-d965ccfc6d4b" outcome="Failed" testListId="8c84fa94-04c1-424b-9868-57a2d4851a1d" relativeResultsDirectory="7c58093b-4a59-4d65-bc37-e4df915d146e">
      <Output>
        <ErrorInfo>
          <Message>System.InvalidOperationException : Sequence contains no elements</Message>
          <StackTrace>   at System.Linq.ThrowHelper.ThrowNoElementsException()
   at lambda_method1246(Closure)
   at Microsoft.EntityFrameworkCore.InMemory.Query.Internal.InMemoryQueryExpression.ResultEnumerable.GetEnumerator()
   at Microsoft.EntityFrameworkCore.InMemory.Query.Internal.InMemoryShapedQueryCompilingExpressionVisitor.QueryingEnumerable`1.Enumerator.MoveNextHelper()
   at Microsoft.EntityFrameworkCore.InMemory.Query.Internal.InMemoryShapedQueryCompilingExpressionVisitor.QueryingEnumerable`1.Enumerator.MoveNextAsync()
   at Microsoft.EntityFrameworkCore.Query.ShapedQueryCompilingExpressionVisitor.SingleAsync[TSource](IAsyncEnumerable`1 asyncEnumerable, CancellationToken cancellationToken)
   at Microsoft.EntityFrameworkCore.Query.ShapedQueryCompilingExpressionVisitor.SingleAsync[TSource](IAsyncEnumerable`1 asyncEnumerable, CancellationToken cancellationToken)
   at WitchCityRope.Infrastructure.Tests.Data.ConcurrencyTests.Should_Handle_Optimistic_Concurrency_With_RowVersion() in /home/chad/repos/witchcityrope-react/tests/WitchCityRope.Infrastructure.Tests/Data/ConcurrencyTests.cs:line 32
--- End of stack trace from previous location ---</StackTrace>
        </ErrorInfo>
      </Output>
    </UnitTestResult>
    <UnitTestResult executionId="9d2dc338-68dd-4d15-a17d-d3c6508594fe" testId="99d2f9a3-7064-fb89-edfc-d8cf0deede72" testName="WitchCityRope.Infrastructure.Tests.Email.EmailServiceTests.Should_Use_Default_From_Email_When_Not_Configured" computerName="Unbutu-Ai-Chads-PC" duration="00:00:00.0010000" startTime="2025-09-11T15:38:55.1894134-04:00" endTime="2025-09-11T15:38:55.1894282-04:00" testType="13cdc9d9-ddb5-4fa4-a97d-d965ccfc6d4b" outcome="NotExecuted" testListId="8c84fa94-04c1-424b-9868-57a2d4851a1d" relativeResultsDirectory="9d2dc338-68dd-4d15-a17d-d3c6508594fe">
      <Output>
        <ErrorInfo>
          <Message>Email service not fully implemented - SendGrid integration pending</Message>
        </ErrorInfo>
      </Output>
    </UnitTestResult>
    <UnitTestResult executionId="8034afd1-97f6-4326-b0b0-b1bec9ef78e4" testId="9720ebaa-d172-feed-39d4-ea0c237a4355" testName="WitchCityRope.Infrastructure.Tests.PayPal.PayPalServiceTests.ProcessPaymentAsync_Should_Handle_Exceptions" computerName="Unbutu-Ai-Chads-PC" duration="00:00:00.0010000" startTime="2025-09-11T15:38:55.2277473-04:00" endTime="2025-09-11T15:38:55.2277613-04:00" testType="13cdc9d9-ddb5-4fa4-a97d-d965ccfc6d4b" outcome="NotExecuted" testListId="8c84fa94-04c1-424b-9868-57a2d4851a1d" relativeResultsDirectory="8034afd1-97f6-4326-b0b0-b1bec9ef78e4">
      <Output>
        <ErrorInfo>
          <Message>PayPal service not fully implemented - PayPal SDK integration pending</Message>
        </ErrorInfo>
      </Output>
    </UnitTestResult>
    <UnitTestResult executionId="4e2be2ca-1ef3-480f-8be5-f9f9e57c49d7" testId="fb57c710-b9e2-ed4a-59de-d5901369c26e" testName="WitchCityRope.Infrastructure.Tests.Security.EncryptionServiceTests.Encryption_Should_Be_Deterministic_With_Same_Key" computerName="Unbutu-Ai-Chads-PC" duration="00:00:00.0029964" startTime="2025-09-11T15:38:55.2058805-04:00" endTime="2025-09-11T15:38:55.2089878-04:00" testType="13cdc9d9-ddb5-4fa4-a97d-d965ccfc6d4b" outcome="Passed" testListId="8c84fa94-04c1-424b-9868-57a2d4851a1d" relativeResultsDirectory="4e2be2ca-1ef3-480f-8be5-f9f9e57c49d7" />
    <UnitTestResult executionId="f29df100-dc49-4217-9abe-7d62565b7f5f" testId="e1828be1-cfff-3e34-4b60-0621ccd8e3ab" testName="WitchCityRope.Infrastructure.Tests.Data.WitchCityRopeDbContextTests.Should_Apply_Global_Query_Filters_If_Configured" computerName="Unbutu-Ai-Chads-PC" duration="00:00:00.0193971" startTime="2025-09-11T15:38:56.7491953-04:00" endTime="2025-09-11T15:38:56.8094945-04:00" testType="13cdc9d9-ddb5-4fa4-a97d-d965ccfc6d4b" outcome="Failed" testListId="8c84fa94-04c1-424b-9868-57a2d4851a1d" relativeResultsDirectory="f29df100-dc49-4217-9abe-7d62565b7f5f">
      <Output>
        <ErrorInfo>
          <Message>Expected users to contain 2 item(s), but found 0: {empty}.</Message>
          <StackTrace>   at FluentAssertions.Execution.LateBoundTestFramework.Throw(String message)
   at FluentAssertions.Execution.DefaultAssertionStrategy.HandleFailure(String message)
   at FluentAssertions.Execution.AssertionScope.AddPreFormattedFailure(String formattedFailureMessage)
   at FluentAssertions.Execution.AssertionChain.FailWith(Func`1 getFailureReason)
   at FluentAssertions.Execution.AssertionChain.FailWith(Func`1 getFailureReason)
   at FluentAssertions.Execution.AssertionChain.FailWith(String message, Object[] args)
   at FluentAssertions.Collections.GenericCollectionAssertions`3.HaveCount(Int32 expected, String because, Object[] becauseArgs)
   at WitchCityRope.Infrastructure.Tests.Data.WitchCityRopeDbContextTests.Should_Apply_Global_Query_Filters_If_Configured() in /home/chad/repos/witchcityrope-react/tests/WitchCityRope.Infrastructure.Tests/Data/WitchCityRopeDbContextTests.cs:line 152
--- End of stack trace from previous location ---</StackTrace>
        </ErrorInfo>
      </Output>
    </UnitTestResult>
    <UnitTestResult executionId="11aad297-267e-4593-8768-d87d190e5daf" testId="41de6ffd-df72-f5d2-e6b2-2548e17c369e" testName="WitchCityRope.Infrastructure.Tests.Data.EntityConfigurationTests.User_Configuration_Should_Enforce_Unique_Email" computerName="Unbutu-Ai-Chads-PC" duration="00:00:00.0052200" startTime="2025-09-11T15:38:56.7338994-04:00" endTime="2025-09-11T15:38:56.7846413-04:00" testType="13cdc9d9-ddb5-4fa4-a97d-d965ccfc6d4b" outcome="Failed" testListId="8c84fa94-04c1-424b-9868-57a2d4851a1d" relativeResultsDirectory="11aad297-267e-4593-8768-d87d190e5daf">
      <Output>
        <ErrorInfo>
          <Message>System.InvalidOperationException : The property 'EmailAddress.UserId' is part of a key and so cannot be modified or marked as modified. To change the principal of an existing entity with an identifying foreign key, first delete the dependent and invoke 'SaveChanges', and then associate the dependent with the new principal.</Message>
          <StackTrace>   at Microsoft.EntityFrameworkCore.ChangeTracking.Internal.InternalEntityEntry.SetPropertyModified(IProperty property, Boolean changeState, Boolean isModified, Boolean isConceptualNull, Boolean acceptChanges)
   at Microsoft.EntityFrameworkCore.ChangeTracking.Internal.ChangeDetector.PropertyChanged(InternalEntityEntry entry, IPropertyBase propertyBase, Boolean setModified)
   at Microsoft.EntityFrameworkCore.ChangeTracking.Internal.InternalEntityEntryNotifier.PropertyChanged(InternalEntityEntry entry, IPropertyBase property, Boolean setModified)
   at Microsoft.EntityFrameworkCore.ChangeTracking.Internal.InternalEntityEntry.SetProperty(IPropertyBase propertyBase, Object value, Boolean isMaterialization, Boolean setModified, Boolean isCascadeDelete, CurrentValueType valueType)
   at Microsoft.EntityFrameworkCore.ChangeTracking.Internal.InternalEntityEntry.SetProperty(IPropertyBase propertyBase, Object value, Boolean isMaterialization, Boolean setModified, Boolean isCascadeDelete)
   at Microsoft.EntityFrameworkCore.ChangeTracking.Internal.InternalEntityEntry.PropagateValue(InternalEntityEntry principalEntry, IProperty principalProperty, IProperty dependentProperty, Boolean isMaterialization, Boolean setModified)
   at Microsoft.EntityFrameworkCore.ChangeTracking.Internal.NavigationFixer.SetForeignKeyProperties(InternalEntityEntry dependentEntry, InternalEntityEntry principalEntry, IForeignKey foreignKey, Boolean setModified, Boolean fromQuery)
   at Microsoft.EntityFrameworkCore.ChangeTracking.Internal.NavigationFixer.FixupToDependent(InternalEntityEntry principalEntry, InternalEntityEntry dependentEntry, IForeignKey foreignKey, Boolean setModified, Boolean fromQuery)
   at Microsoft.EntityFrameworkCore.ChangeTracking.Internal.NavigationFixer.InitialFixup(InternalEntityEntry entry, InternalEntityEntry duplicateEntry, Boolean fromQuery)
   at Microsoft.EntityFrameworkCore.ChangeTracking.Internal.NavigationFixer.StateChanged(InternalEntityEntry entry, EntityState oldState, Boolean fromQuery)
   at Microsoft.EntityFrameworkCore.ChangeTracking.Internal.InternalEntityEntryNotifier.StateChanged(InternalEntityEntry entry, EntityState oldState, Boolean fromQuery)
   at Microsoft.EntityFrameworkCore.ChangeTracking.Internal.InternalEntityEntry.FireStateChanged(EntityState oldState)
   at Microsoft.EntityFrameworkCore.ChangeTracking.Internal.InternalEntityEntry.SetEntityState(EntityState oldState, EntityState newState, Boolean acceptChanges, Boolean modifyProperties)
   at Microsoft.EntityFrameworkCore.ChangeTracking.Internal.InternalEntityEntry.SetEntityState(EntityState entityState, Boolean acceptChanges, Boolean modifyProperties, Nullable`1 forceStateWhenUnknownKey, Nullable`1 fallbackState)
   at Microsoft.EntityFrameworkCore.ChangeTracking.Internal.EntityGraphAttacher.PaintAction(EntityEntryGraphNode`1 node)
   at Microsoft.EntityFrameworkCore.ChangeTracking.Internal.EntityEntryGraphIterator.TraverseGraph[TState](EntityEntryGraphNode`1 node, Func`2 handleNode)
   at Microsoft.EntityFrameworkCore.ChangeTracking.Internal.EntityGraphAttacher.AttachGraph(InternalEntityEntry rootEntry, EntityState targetState, EntityState storeGeneratedWithKeySetTargetState, Boolean forceStateWhenUnknownKey)
   at Microsoft.EntityFrameworkCore.Internal.InternalDbSet`1.SetEntityState(InternalEntityEntry entry, EntityState entityState)
   at Microsoft.EntityFrameworkCore.Internal.InternalDbSet`1.Add(TEntity entity)
   at WitchCityRope.Infrastructure.Tests.Data.EntityConfigurationTests.User_Configuration_Should_Enforce_Unique_Email() in /home/chad/repos/witchcityrope-react/tests/WitchCityRope.Infrastructure.Tests/Data/EntityConfigurationTests.cs:line 29
--- End of stack trace from previous location ---</StackTrace>
        </ErrorInfo>
      </Output>
    </UnitTestResult>
    <UnitTestResult executionId="ba38d1fb-237a-427f-83ef-a1d87b7c7070" testId="1e096ccc-e723-7491-b653-eb6d07a2b4e3" testName="WitchCityRope.Infrastructure.Tests.Email.EmailServiceTests.SendBulkEmailAsync_Should_Return_False_If_Any_Batch_Fails" computerName="Unbutu-Ai-Chads-PC" duration="00:00:00.0010000" startTime="2025-09-11T15:38:55.1897947-04:00" endTime="2025-09-11T15:38:55.1898084-04:00" testType="13cdc9d9-ddb5-4fa4-a97d-d965ccfc6d4b" outcome="NotExecuted" testListId="8c84fa94-04c1-424b-9868-57a2d4851a1d" relativeResultsDirectory="ba38d1fb-237a-427f-83ef-a1d87b7c7070">
      <Output>
        <ErrorInfo>
          <Message>Email service not fully implemented - SendGrid integration pending</Message>
        </ErrorInfo>
      </Output>
    </UnitTestResult>
    <UnitTestResult executionId="9e19c59d-011e-4a89-a6a3-bbb310a90174" testId="62b65325-048b-ed3a-aab7-f63a342cc22e" testName="WitchCityRope.Infrastructure.Tests.Data.ConcurrencyTests.Should_Handle_Concurrent_Vetting_Application_Reviews" computerName="Unbutu-Ai-Chads-PC" duration="00:00:00.0335947" startTime="2025-09-11T15:38:56.6545589-04:00" endTime="2025-09-11T15:38:56.7329890-04:00" testType="13cdc9d9-ddb5-4fa4-a97d-d965ccfc6d4b" outcome="Failed" testListId="8c84fa94-04c1-424b-9868-57a2d4851a1d" relativeResultsDirectory="9e19c59d-011e-4a89-a6a3-bbb310a90174">
      <Output>
        <ErrorInfo>
          <Message>Microsoft.EntityFrameworkCore.DbUpdateException : An error occurred while saving the entity changes. See the inner exception for details.
---- Microsoft.Data.Sqlite.SqliteException : SQLite Error 19: 'NOT NULL constraint failed: VettingApplications.ExperienceDescription'.</Message>
          <StackTrace>   at Microsoft.EntityFrameworkCore.Update.ReaderModificationCommandBatch.ExecuteAsync(IRelationalConnection connection, CancellationToken cancellationToken)
   at Microsoft.EntityFrameworkCore.Update.Internal.BatchExecutor.ExecuteAsync(IEnumerable`1 commandBatches, IRelationalConnection connection, CancellationToken cancellationToken)
   at Microsoft.EntityFrameworkCore.Update.Internal.BatchExecutor.ExecuteAsync(IEnumerable`1 commandBatches, IRelationalConnection connection, CancellationToken cancellationToken)
   at Microsoft.EntityFrameworkCore.Update.Internal.BatchExecutor.ExecuteAsync(IEnumerable`1 commandBatches, IRelationalConnection connection, CancellationToken cancellationToken)
   at Microsoft.EntityFrameworkCore.Storage.RelationalDatabase.SaveChangesAsync(IList`1 entries, CancellationToken cancellationToken)
   at Microsoft.EntityFrameworkCore.ChangeTracking.Internal.StateManager.SaveChangesAsync(IList`1 entriesToSave, CancellationToken cancellationToken)
   at Microsoft.EntityFrameworkCore.ChangeTracking.Internal.StateManager.SaveChangesAsync(StateManager stateManager, Boolean acceptAllChangesOnSuccess, CancellationToken cancellationToken)
   at Microsoft.EntityFrameworkCore.DbContext.SaveChangesAsync(Boolean acceptAllChangesOnSuccess, CancellationToken cancellationToken)
   at Microsoft.EntityFrameworkCore.DbContext.SaveChangesAsync(Boolean acceptAllChangesOnSuccess, CancellationToken cancellationToken)
   at WitchCityRope.Infrastructure.Data.WitchCityRopeDbContext.SaveChangesAsync(CancellationToken cancellationToken) in /home/chad/repos/witchcityrope-react/src/WitchCityRope.Infrastructure/Data/WitchCityRopeDbContext.cs:line 58
   at WitchCityRope.Infrastructure.Tests.Data.ConcurrencyTests.Should_Handle_Concurrent_Vetting_Application_Reviews() in /home/chad/repos/witchcityrope-react/tests/WitchCityRope.Infrastructure.Tests/Data/ConcurrencyTests.cs:line 195
--- End of stack trace from previous location ---
----- Inner Stack Trace -----
   at Microsoft.Data.Sqlite.SqliteException.ThrowExceptionForRC(Int32 rc, sqlite3 db)
   at Microsoft.Data.Sqlite.SqliteDataReader.NextResult()
   at Microsoft.Data.Sqlite.SqliteCommand.ExecuteReader(CommandBehavior behavior)
   at Microsoft.Data.Sqlite.SqliteCommand.ExecuteReaderAsync(CommandBehavior behavior, CancellationToken cancellationToken)
   at Microsoft.Data.Sqlite.SqliteCommand.ExecuteDbDataReaderAsync(CommandBehavior behavior, CancellationToken cancellationToken)
   at Microsoft.EntityFrameworkCore.Storage.RelationalCommand.ExecuteReaderAsync(RelationalCommandParameterObject parameterObject, CancellationToken cancellationToken)
   at Microsoft.EntityFrameworkCore.Storage.RelationalCommand.ExecuteReaderAsync(RelationalCommandParameterObject parameterObject, CancellationToken cancellationToken)
   at Microsoft.EntityFrameworkCore.Update.ReaderModificationCommandBatch.ExecuteAsync(IRelationalConnection connection, CancellationToken cancellationToken)</StackTrace>
        </ErrorInfo>
      </Output>
    </UnitTestResult>
    <UnitTestResult executionId="eea81fbd-345c-48f0-966e-dd10157b76c4" testId="f768ae59-36e8-7994-fc40-60be4f478e46" testName="WitchCityRope.Infrastructure.Tests.Security.EncryptionServiceTests.VerifyHash_Should_Return_False_For_Null_PlainText" computerName="Unbutu-Ai-Chads-PC" duration="00:00:00.2101575" startTime="2025-09-11T15:38:58.8104609-04:00" endTime="2025-09-11T15:38:59.0205955-04:00" testType="13cdc9d9-ddb5-4fa4-a97d-d965ccfc6d4b" outcome="Passed" testListId="8c84fa94-04c1-424b-9868-57a2d4851a1d" relativeResultsDirectory="eea81fbd-345c-48f0-966e-dd10157b76c4" />
    <UnitTestResult executionId="976f8457-4dfa-4769-9a88-5e59284d08ef" testId="ed657ece-8209-9b5b-aeeb-ee1e361b80b6" testName="WitchCityRope.Infrastructure.Tests.Security.EncryptionServiceTests.VerifyHash_Should_Return_True_For_Correct_Password" computerName="Unbutu-Ai-Chads-PC" duration="00:00:00.6403455" startTime="2025-09-11T15:38:57.7421793-04:00" endTime="2025-09-11T15:38:58.3824334-04:00" testType="13cdc9d9-ddb5-4fa4-a97d-d965ccfc6d4b" outcome="Passed" testListId="8c84fa94-04c1-424b-9868-57a2d4851a1d" relativeResultsDirectory="976f8457-4dfa-4769-9a88-5e59284d08ef" />
    <UnitTestResult executionId="0a268de0-656b-4132-9436-7b3acea5cef3" testId="970cea6b-40ba-903c-9bac-ba8ed8c9ebf1" testName="WitchCityRope.Infrastructure.Tests.Data.WitchCityRopeDbContextTests.Should_Track_Entity_Changes" computerName="Unbutu-Ai-Chads-PC" duration="00:00:00.1148898" startTime="2025-09-11T15:38:56.3764145-04:00" endTime="2025-09-11T15:38:56.5467148-04:00" testType="13cdc9d9-ddb5-4fa4-a97d-d965ccfc6d4b" outcome="Failed" testListId="8c84fa94-04c1-424b-9868-57a2d4851a1d" relativeResultsDirectory="0a268de0-656b-4132-9436-7b3acea5cef3">
      <Output>
        <ErrorInfo>
          <Message>Expected modifiedProperties {"UpdatedAt"} to contain "SceneName".</Message>
          <StackTrace>   at FluentAssertions.Execution.LateBoundTestFramework.Throw(String message)
   at FluentAssertions.Execution.DefaultAssertionStrategy.HandleFailure(String message)
   at FluentAssertions.Execution.AssertionScope.AddPreFormattedFailure(String formattedFailureMessage)
   at FluentAssertions.Execution.AssertionChain.FailWith(Func`1 getFailureReason)
   at FluentAssertions.Execution.AssertionChain.FailWith(Func`1 getFailureReason)
   at FluentAssertions.Execution.AssertionChain.FailWith(String message, Object[] args)
   at FluentAssertions.Collections.GenericCollectionAssertions`3.Contain(T expected, String because, Object[] becauseArgs)
   at WitchCityRope.Infrastructure.Tests.Data.WitchCityRopeDbContextTests.Should_Track_Entity_Changes() in /home/chad/repos/witchcityrope-react/tests/WitchCityRope.Infrastructure.Tests/Data/WitchCityRopeDbContextTests.cs:line 179
--- End of stack trace from previous location ---</StackTrace>
        </ErrorInfo>
      </Output>
    </UnitTestResult>
    <UnitTestResult executionId="d3173be8-0e3c-48ca-9e84-64f7d0e91021" testId="e5db7fe7-0c86-b69a-1876-a463e7e775cd" testName="WitchCityRope.Infrastructure.Tests.Security.EncryptionServiceTests.Encrypt_Decrypt_Should_Handle_Unicode_Characters" computerName="Unbutu-Ai-Chads-PC" duration="00:00:00.0010509" startTime="2025-09-11T15:38:59.0212307-04:00" endTime="2025-09-11T15:38:59.0224439-04:00" testType="13cdc9d9-ddb5-4fa4-a97d-d965ccfc6d4b" outcome="Passed" testListId="8c84fa94-04c1-424b-9868-57a2d4851a1d" relativeResultsDirectory="d3173be8-0e3c-48ca-9e84-64f7d0e91021" />
    <UnitTestResult executionId="90430900-5514-44dd-ba9a-00e6257293f1" testId="12ee414a-a43e-5473-78ad-46199e88b6c7" testName="WitchCityRope.Infrastructure.Tests.Security.JwtTokenServiceTests.Constructor_Should_Throw_When_SecretKey_Is_Missing" computerName="Unbutu-Ai-Chads-PC" duration="00:00:00.0005878" startTime="2025-09-11T15:38:55.2718203-04:00" endTime="2025-09-11T15:38:55.2722625-04:00" testType="13cdc9d9-ddb5-4fa4-a97d-d965ccfc6d4b" outcome="Passed" testListId="8c84fa94-04c1-424b-9868-57a2d4851a1d" relativeResultsDirectory="90430900-5514-44dd-ba9a-00e6257293f1" />
    <UnitTestResult executionId="4dc3ca7b-ff55-4309-8696-2dc12dd76854" testId="f4e2e719-e2ed-ccf6-d6de-453713b765c3" testName="WitchCityRope.Infrastructure.Tests.PayPal.PayPalServiceTests.ProcessRefundAsync_Should_Return_Success_Result" computerName="Unbutu-Ai-Chads-PC" duration="00:00:00.0010000" startTime="2025-09-11T15:38:55.2269402-04:00" endTime="2025-09-11T15:38:55.2269543-04:00" testType="13cdc9d9-ddb5-4fa4-a97d-d965ccfc6d4b" outcome="NotExecuted" testListId="8c84fa94-04c1-424b-9868-57a2d4851a1d" relativeResultsDirectory="4dc3ca7b-ff55-4309-8696-2dc12dd76854">
      <Output>
        <ErrorInfo>
          <Message>PayPal service not fully implemented - PayPal SDK integration pending</Message>
        </ErrorInfo>
      </Output>
    </UnitTestResult>
    <UnitTestResult executionId="2c646843-57de-4b08-a1fa-e1b3be93182f" testId="3b3ecbd9-1b3c-f621-f2e4-19cb21a63a18" testName="WitchCityRope.Infrastructure.Tests.Security.JwtTokenServiceTests.ValidateToken_Should_Return_Null_For_Wrong_Issuer" computerName="Unbutu-Ai-Chads-PC" duration="00:00:00.0011688" startTime="2025-09-11T15:38:55.2818698-04:00" endTime="2025-09-11T15:38:55.2824619-04:00" testType="13cdc9d9-ddb5-4fa4-a97d-d965ccfc6d4b" outcome="Passed" testListId="8c84fa94-04c1-424b-9868-57a2d4851a1d" relativeResultsDirectory="2c646843-57de-4b08-a1fa-e1b3be93182f" />
    <UnitTestResult executionId="3b111857-bb1d-4c95-b9c8-1908b4847403" testId="e006de4c-80eb-9ac9-a4df-a37619cd7add" testName="WitchCityRope.Infrastructure.Tests.Security.EncryptionServiceTests.VerifyHash_Should_Return_False_For_Null_Hash" computerName="Unbutu-Ai-Chads-PC" duration="00:00:00.0001432" startTime="2025-09-11T15:38:59.0253541-04:00" endTime="2025-09-11T15:38:59.0254105-04:00" testType="13cdc9d9-ddb5-4fa4-a97d-d965ccfc6d4b" outcome="Passed" testListId="8c84fa94-04c1-424b-9868-57a2d4851a1d" relativeResultsDirectory="3b111857-bb1d-4c95-b9c8-1908b4847403" />
    <UnitTestResult executionId="e4d483a6-7caf-4a35-8a91-2f980d84f1b7" testId="1ae5ff30-1a08-cfcb-e755-65a04829e2b4" testName="WitchCityRope.Infrastructure.Tests.Email.EmailServiceTests.SendCancellationConfirmationAsync_Should_Include_Refund_When_Provided" computerName="Unbutu-Ai-Chads-PC" duration="00:00:00.0010000" startTime="2025-09-11T15:38:55.1899761-04:00" endTime="2025-09-11T15:38:55.1899900-04:00" testType="13cdc9d9-ddb5-4fa4-a97d-d965ccfc6d4b" outcome="NotExecuted" testListId="8c84fa94-04c1-424b-9868-57a2d4851a1d" relativeResultsDirectory="e4d483a6-7caf-4a35-8a91-2f980d84f1b7">
      <Output>
        <ErrorInfo>
          <Message>Email service not fully implemented - SendGrid integration pending</Message>
        </ErrorInfo>
      </Output>
    </UnitTestResult>
    <UnitTestResult executionId="b5f5798b-7927-4011-be42-5d950d264030" testId="5e8c96b7-65ee-a96f-f5e0-222a2affc359" testName="WitchCityRope.Infrastructure.Tests.Security.EncryptionServiceTests.DecryptAsync_Should_Throw_For_Invalid_Base64" computerName="Unbutu-Ai-Chads-PC" duration="00:00:00.0278748" startTime="2025-09-11T15:38:55.1940711-04:00" endTime="2025-09-11T15:38:55.1961563-04:00" testType="13cdc9d9-ddb5-4fa4-a97d-d965ccfc6d4b" outcome="Passed" testListId="8c84fa94-04c1-424b-9868-57a2d4851a1d" relativeResultsDirectory="b5f5798b-7927-4011-be42-5d950d264030" />
    <UnitTestResult executionId="05d411cb-d2a6-49f0-b39f-e909b35a7e6a" testId="591200bf-8c10-cbe7-b292-ba438a5b1619" testName="WitchCityRope.Infrastructure.Tests.Data.EntityConfigurationTests.IncidentReport_Should_Support_Anonymous_Reports" computerName="Unbutu-Ai-Chads-PC" duration="00:00:00.0518725" startTime="2025-09-11T15:38:56.3757841-04:00" endTime="2025-09-11T15:38:56.4783517-04:00" testType="13cdc9d9-ddb5-4fa4-a97d-d965ccfc6d4b" outcome="Failed" testListId="8c84fa94-04c1-424b-9868-57a2d4851a1d" relativeResultsDirectory="05d411cb-d2a6-49f0-b39f-e909b35a7e6a">
      <Output>
        <ErrorInfo>
          <Message>Microsoft.EntityFrameworkCore.DbUpdateException : An error occurred while saving the entity changes. See the inner exception for details.
---- Microsoft.Data.Sqlite.SqliteException : SQLite Error 19: 'NOT NULL constraint failed: IncidentReports.ResolutionNotes'.</Message>
          <StackTrace>   at Microsoft.EntityFrameworkCore.Update.ReaderModificationCommandBatch.ExecuteAsync(IRelationalConnection connection, CancellationToken cancellationToken)
   at Microsoft.EntityFrameworkCore.Update.Internal.BatchExecutor.ExecuteAsync(IEnumerable`1 commandBatches, IRelationalConnection connection, CancellationToken cancellationToken)
   at Microsoft.EntityFrameworkCore.Update.Internal.BatchExecutor.ExecuteAsync(IEnumerable`1 commandBatches, IRelationalConnection connection, CancellationToken cancellationToken)
   at Microsoft.EntityFrameworkCore.Update.Internal.BatchExecutor.ExecuteAsync(IEnumerable`1 commandBatches, IRelationalConnection connection, CancellationToken cancellationToken)
   at Microsoft.EntityFrameworkCore.Storage.RelationalDatabase.SaveChangesAsync(IList`1 entries, CancellationToken cancellationToken)
   at Microsoft.EntityFrameworkCore.ChangeTracking.Internal.StateManager.SaveChangesAsync(IList`1 entriesToSave, CancellationToken cancellationToken)
   at Microsoft.EntityFrameworkCore.ChangeTracking.Internal.StateManager.SaveChangesAsync(StateManager stateManager, Boolean acceptAllChangesOnSuccess, CancellationToken cancellationToken)
   at Microsoft.EntityFrameworkCore.DbContext.SaveChangesAsync(Boolean acceptAllChangesOnSuccess, CancellationToken cancellationToken)
   at Microsoft.EntityFrameworkCore.DbContext.SaveChangesAsync(Boolean acceptAllChangesOnSuccess, CancellationToken cancellationToken)
   at WitchCityRope.Infrastructure.Data.WitchCityRopeDbContext.SaveChangesAsync(CancellationToken cancellationToken) in /home/chad/repos/witchcityrope-react/src/WitchCityRope.Infrastructure/Data/WitchCityRopeDbContext.cs:line 58
   at WitchCityRope.Infrastructure.Tests.Data.EntityConfigurationTests.IncidentReport_Should_Support_Anonymous_Reports() in /home/chad/repos/witchcityrope-react/tests/WitchCityRope.Infrastructure.Tests/Data/EntityConfigurationTests.cs:line 187
--- End of stack trace from previous location ---
----- Inner Stack Trace -----
   at Microsoft.Data.Sqlite.SqliteException.ThrowExceptionForRC(Int32 rc, sqlite3 db)
   at Microsoft.Data.Sqlite.SqliteDataReader.NextResult()
   at Microsoft.Data.Sqlite.SqliteCommand.ExecuteReader(CommandBehavior behavior)
   at Microsoft.Data.Sqlite.SqliteCommand.ExecuteReaderAsync(CommandBehavior behavior, CancellationToken cancellationToken)
   at Microsoft.Data.Sqlite.SqliteCommand.ExecuteDbDataReaderAsync(CommandBehavior behavior, CancellationToken cancellationToken)
   at Microsoft.EntityFrameworkCore.Storage.RelationalCommand.ExecuteReaderAsync(RelationalCommandParameterObject parameterObject, CancellationToken cancellationToken)
   at Microsoft.EntityFrameworkCore.Storage.RelationalCommand.ExecuteReaderAsync(RelationalCommandParameterObject parameterObject, CancellationToken cancellationToken)
   at Microsoft.EntityFrameworkCore.Update.ReaderModificationCommandBatch.ExecuteAsync(IRelationalConnection connection, CancellationToken cancellationToken)</StackTrace>
        </ErrorInfo>
      </Output>
    </UnitTestResult>
    <UnitTestResult executionId="45d0b601-0f66-452a-b51c-c7fbf108e48e" testId="102fc01d-1003-9aad-0ab0-768afa59b2db" testName="WitchCityRope.Infrastructure.Tests.Security.EncryptionServiceTests.EncryptAsync_Should_Return_Null_For_Null_Input" computerName="Unbutu-Ai-Chads-PC" duration="00:00:00.0003286" startTime="2025-09-11T15:38:58.3826599-04:00" endTime="2025-09-11T15:38:58.3827909-04:00" testType="13cdc9d9-ddb5-4fa4-a97d-d965ccfc6d4b" outcome="Passed" testListId="8c84fa94-04c1-424b-9868-57a2d4851a1d" relativeResultsDirectory="45d0b601-0f66-452a-b51c-c7fbf108e48e" />
    <UnitTestResult executionId="645efbb7-ea00-4275-bf98-967bc59a5feb" testId="392c6d3e-7870-0e59-cda0-066a33da3da1" testName="WitchCityRope.Infrastructure.Tests.Security.JwtTokenServiceTests.ValidateToken_Should_Return_Null_For_Expired_Token" computerName="Unbutu-Ai-Chads-PC" duration="00:00:00.0021210" startTime="2025-09-11T15:38:55.2503588-04:00" endTime="2025-09-11T15:38:55.2523896-04:00" testType="13cdc9d9-ddb5-4fa4-a97d-d965ccfc6d4b" outcome="Passed" testListId="8c84fa94-04c1-424b-9868-57a2d4851a1d" relativeResultsDirectory="645efbb7-ea00-4275-bf98-967bc59a5feb" />
    <UnitTestResult executionId="2a9e229c-b97c-44db-8aef-c1b48a7a1576" testId="d29fcc06-571a-4921-ed4b-3a531d140ab9" testName="WitchCityRope.Infrastructure.Tests.Security.JwtTokenServiceTests.ValidateToken_Should_Return_Null_For_Wrong_Audience" computerName="Unbutu-Ai-Chads-PC" duration="00:00:00.0013909" startTime="2025-09-11T15:38:55.2799905-04:00" endTime="2025-09-11T15:38:55.2812480-04:00" testType="13cdc9d9-ddb5-4fa4-a97d-d965ccfc6d4b" outcome="Passed" testListId="8c84fa94-04c1-424b-9868-57a2d4851a1d" relativeResultsDirectory="2a9e229c-b97c-44db-8aef-c1b48a7a1576" />
    <UnitTestResult executionId="f97d2e0f-2f0c-4112-8b08-fb7ebf6c2fcf" testId="ce3791cd-d401-3567-856e-b206412930a4" testName="WitchCityRope.Infrastructure.Tests.Data.EntityConfigurationTests.Money_ValueObject_Should_Be_Stored_Correctly" computerName="Unbutu-Ai-Chads-PC" duration="00:00:00.0360896" startTime="2025-09-11T15:38:56.5926111-04:00" endTime="2025-09-11T15:38:56.6634227-04:00" testType="13cdc9d9-ddb5-4fa4-a97d-d965ccfc6d4b" outcome="Failed" testListId="8c84fa94-04c1-424b-9868-57a2d4851a1d" relativeResultsDirectory="f97d2e0f-2f0c-4112-8b08-fb7ebf6c2fcf">
      <Output>
        <ErrorInfo>
          <Message>Microsoft.EntityFrameworkCore.DbUpdateException : An error occurred while saving the entity changes. See the inner exception for details.
---- Microsoft.Data.Sqlite.SqliteException : SQLite Error 19: 'NOT NULL constraint failed: Registrations.DietaryRestrictions'.</Message>
          <StackTrace>   at Microsoft.EntityFrameworkCore.Update.ReaderModificationCommandBatch.ExecuteAsync(IRelationalConnection connection, CancellationToken cancellationToken)
   at Microsoft.EntityFrameworkCore.Update.Internal.BatchExecutor.ExecuteAsync(IEnumerable`1 commandBatches, IRelationalConnection connection, CancellationToken cancellationToken)
   at Microsoft.EntityFrameworkCore.Update.Internal.BatchExecutor.ExecuteAsync(IEnumerable`1 commandBatches, IRelationalConnection connection, CancellationToken cancellationToken)
   at Microsoft.EntityFrameworkCore.Update.Internal.BatchExecutor.ExecuteAsync(IEnumerable`1 commandBatches, IRelationalConnection connection, CancellationToken cancellationToken)
   at Microsoft.EntityFrameworkCore.Storage.RelationalDatabase.SaveChangesAsync(IList`1 entries, CancellationToken cancellationToken)
   at Microsoft.EntityFrameworkCore.ChangeTracking.Internal.StateManager.SaveChangesAsync(IList`1 entriesToSave, CancellationToken cancellationToken)
   at Microsoft.EntityFrameworkCore.ChangeTracking.Internal.StateManager.SaveChangesAsync(StateManager stateManager, Boolean acceptAllChangesOnSuccess, CancellationToken cancellationToken)
   at Microsoft.EntityFrameworkCore.DbContext.SaveChangesAsync(Boolean acceptAllChangesOnSuccess, CancellationToken cancellationToken)
   at Microsoft.EntityFrameworkCore.DbContext.SaveChangesAsync(Boolean acceptAllChangesOnSuccess, CancellationToken cancellationToken)
   at WitchCityRope.Infrastructure.Data.WitchCityRopeDbContext.SaveChangesAsync(CancellationToken cancellationToken) in /home/chad/repos/witchcityrope-react/src/WitchCityRope.Infrastructure/Data/WitchCityRopeDbContext.cs:line 58
   at WitchCityRope.Infrastructure.Tests.Data.EntityConfigurationTests.Money_ValueObject_Should_Be_Stored_Correctly() in /home/chad/repos/witchcityrope-react/tests/WitchCityRope.Infrastructure.Tests/Data/EntityConfigurationTests.cs:line 234
--- End of stack trace from previous location ---
----- Inner Stack Trace -----
   at Microsoft.Data.Sqlite.SqliteException.ThrowExceptionForRC(Int32 rc, sqlite3 db)
   at Microsoft.Data.Sqlite.SqliteDataReader.NextResult()
   at Microsoft.Data.Sqlite.SqliteCommand.ExecuteReader(CommandBehavior behavior)
   at Microsoft.Data.Sqlite.SqliteCommand.ExecuteReaderAsync(CommandBehavior behavior, CancellationToken cancellationToken)
   at Microsoft.Data.Sqlite.SqliteCommand.ExecuteDbDataReaderAsync(CommandBehavior behavior, CancellationToken cancellationToken)
   at Microsoft.EntityFrameworkCore.Storage.RelationalCommand.ExecuteReaderAsync(RelationalCommandParameterObject parameterObject, CancellationToken cancellationToken)
   at Microsoft.EntityFrameworkCore.Storage.RelationalCommand.ExecuteReaderAsync(RelationalCommandParameterObject parameterObject, CancellationToken cancellationToken)
   at Microsoft.EntityFrameworkCore.Update.ReaderModificationCommandBatch.ExecuteAsync(IRelationalConnection connection, CancellationToken cancellationToken)</StackTrace>
        </ErrorInfo>
      </Output>
    </UnitTestResult>
    <UnitTestResult executionId="30739b18-b020-4b96-88c0-e9728123d994" testId="c6f8c170-4767-1292-4e2d-1c9d883e8f1e" testName="WitchCityRope.Infrastructure.Tests.Email.EmailServiceTests.SendTemplateEmailAsync_Should_Send_With_Template_Id" computerName="Unbutu-Ai-Chads-PC" duration="00:00:00.0010000" startTime="2025-09-11T15:38:55.1921509-04:00" endTime="2025-09-11T15:38:55.1921647-04:00" testType="13cdc9d9-ddb5-4fa4-a97d-d965ccfc6d4b" outcome="NotExecuted" testListId="8c84fa94-04c1-424b-9868-57a2d4851a1d" relativeResultsDirectory="30739b18-b020-4b96-88c0-e9728123d994">
      <Output>
        <ErrorInfo>
          <Message>Email service not fully implemented - SendGrid integration pending</Message>
        </ErrorInfo>
      </Output>
    </UnitTestResult>
    <UnitTestResult executionId="ba7e884c-e0da-4986-84c1-321065010248" testId="f2a9e942-c5a4-67ec-c6f6-76d8270d8e03" testName="WitchCityRope.Infrastructure.Tests.Email.EmailServiceTests.Constructor_Should_Throw_When_SendGridClient_Is_Null" computerName="Unbutu-Ai-Chads-PC" duration="00:00:00.0781218" startTime="2025-09-11T15:38:55.1923020-04:00" endTime="2025-09-11T15:38:55.2286051-04:00" testType="13cdc9d9-ddb5-4fa4-a97d-d965ccfc6d4b" outcome="Failed" testListId="8c84fa94-04c1-424b-9868-57a2d4851a1d" relativeResultsDirectory="ba7e884c-e0da-4986-84c1-321065010248">
      <Output>
        <ErrorInfo>
          <Message>Expected a &lt;System.ArgumentNullException&gt; to be thrown, but no exception was thrown.</Message>
          <StackTrace>   at FluentAssertions.Execution.LateBoundTestFramework.Throw(String message)
   at FluentAssertions.Execution.DefaultAssertionStrategy.HandleFailure(String message)
   at FluentAssertions.Execution.AssertionScope.AddPreFormattedFailure(String formattedFailureMessage)
   at FluentAssertions.Execution.AssertionChain.FailWith(Func`1 getFailureReason)
   at FluentAssertions.Execution.AssertionChain.FailWith(Func`1 getFailureReason)
   at FluentAssertions.Execution.AssertionChain.FailWith(String message)
   at FluentAssertions.Specialized.DelegateAssertionsBase`2.&lt;&gt;c__DisplayClass8_0`1.&lt;ThrowInternal&gt;b__0(AssertionChain chain)
   at FluentAssertions.Execution.AssertionChain.WithExpectation(String message, Action`1 chain, Object[] args)
   at FluentAssertions.Execution.AssertionChain.WithExpectation(String message, Object arg1, Action`1 chain)
   at FluentAssertions.Specialized.DelegateAssertionsBase`2.ThrowInternal[TException](Exception exception, String because, Object[] becauseArgs)
   at FluentAssertions.Specialized.DelegateAssertions`2.Throw[TException](String because, Object[] becauseArgs)
   at WitchCityRope.Infrastructure.Tests.Email.EmailServiceTests.Constructor_Should_Throw_When_SendGridClient_Is_Null() in /home/chad/repos/witchcityrope-react/tests/WitchCityRope.Infrastructure.Tests/Email/EmailServiceTests.cs:line 49
   at System.RuntimeMethodHandle.InvokeMethod(Object target, Void** arguments, Signature sig, Boolean isConstructor)
   at System.Reflection.MethodBaseInvoker.InvokeWithNoArgs(Object obj, BindingFlags invokeAttr)</StackTrace>
        </ErrorInfo>
      </Output>
    </UnitTestResult>
    <UnitTestResult executionId="11e6ae0f-aa01-4445-815f-b17d32cec091" testId="a2674b3f-bc72-1bcc-0868-ab7ca9fc846f" testName="WitchCityRope.Infrastructure.Tests.Email.EmailServiceTests.SendVettingStatusUpdateAsync_Should_Include_Notes_When_Provided" computerName="Unbutu-Ai-Chads-PC" duration="00:00:00.0010000" startTime="2025-09-11T15:38:55.1919741-04:00" endTime="2025-09-11T15:38:55.1920003-04:00" testType="13cdc9d9-ddb5-4fa4-a97d-d965ccfc6d4b" outcome="NotExecuted" testListId="8c84fa94-04c1-424b-9868-57a2d4851a1d" relativeResultsDirectory="11e6ae0f-aa01-4445-815f-b17d32cec091">
      <Output>
        <ErrorInfo>
          <Message>Email service not fully implemented - SendGrid integration pending</Message>
        </ErrorInfo>
      </Output>
    </UnitTestResult>
    <UnitTestResult executionId="be04dbe1-43c2-48aa-8829-50aa685f6d8f" testId="207aab20-bd1d-c84f-9d5f-6c6087e30ea0" testName="WitchCityRope.Infrastructure.Tests.Security.EncryptionServiceTests.DecryptAsync_Should_Throw_For_Corrupted_Data" computerName="Unbutu-Ai-Chads-PC" duration="00:00:00.0024343" startTime="2025-09-11T15:38:59.0226139-04:00" endTime="2025-09-11T15:38:59.0251888-04:00" testType="13cdc9d9-ddb5-4fa4-a97d-d965ccfc6d4b" outcome="Passed" testListId="8c84fa94-04c1-424b-9868-57a2d4851a1d" relativeResultsDirectory="be04dbe1-43c2-48aa-8829-50aa685f6d8f" />
    <UnitTestResult executionId="4592b6a5-27e9-4e3a-ae94-7b262a395a84" testId="3678ad7d-a25e-86f2-08f3-061f2d41eeb9" testName="WitchCityRope.Infrastructure.Tests.Security.EncryptionServiceTests.Hash_Should_Throw_For_Null_Input" computerName="Unbutu-Ai-Chads-PC" duration="00:00:00.0015966" startTime="2025-09-11T15:38:55.1973069-04:00" endTime="2025-09-11T15:38:55.1989186-04:00" testType="13cdc9d9-ddb5-4fa4-a97d-d965ccfc6d4b" outcome="Passed" testListId="8c84fa94-04c1-424b-9868-57a2d4851a1d" relativeResultsDirectory="4592b6a5-27e9-4e3a-ae94-7b262a395a84" />
    <UnitTestResult executionId="d2c5f217-9c58-4e0a-8d44-997752118eb3" testId="d09d88d0-e6be-e39b-577c-5d7881b8be2d" testName="WitchCityRope.Infrastructure.Tests.PayPal.PayPalServiceTests.Should_Use_Production_Environment_When_Configured" computerName="Unbutu-Ai-Chads-PC" duration="00:00:00.0788784" startTime="2025-09-11T15:38:55.1901423-04:00" endTime="2025-09-11T15:38:55.2257482-04:00" testType="13cdc9d9-ddb5-4fa4-a97d-d965ccfc6d4b" outcome="Passed" testListId="8c84fa94-04c1-424b-9868-57a2d4851a1d" relativeResultsDirectory="d2c5f217-9c58-4e0a-8d44-997752118eb3" />
    <UnitTestResult executionId="d0b930f5-ac8f-4242-905d-a6c74ceff87e" testId="0d50f91b-1973-b06b-3035-cd7f803461f8" testName="WitchCityRope.Infrastructure.Tests.Data.WitchCityRopeDbContextTests.Should_Create_Database_Schema" computerName="Unbutu-Ai-Chads-PC" duration="00:00:00.0011221" startTime="2025-09-11T15:38:56.6996702-04:00" endTime="2025-09-11T15:38:56.7490249-04:00" testType="13cdc9d9-ddb5-4fa4-a97d-d965ccfc6d4b" outcome="Passed" testListId="8c84fa94-04c1-424b-9868-57a2d4851a1d" relativeResultsDirectory="d0b930f5-ac8f-4242-905d-a6c74ceff87e" />
    <UnitTestResult executionId="4b682fc8-e00b-4534-96e4-1b58d65f17be" testId="e21df2cf-ba0a-8810-7404-ab38bf078339" testName="WitchCityRope.Infrastructure.Tests.Security.JwtTokenServiceTests.GetUserIdFromToken_Should_Return_UserId_For_Valid_Token" computerName="Unbutu-Ai-Chads-PC" duration="00:00:00.0152068" startTime="2025-09-11T15:38:55.2564902-04:00" endTime="2025-09-11T15:38:55.2716688-04:00" testType="13cdc9d9-ddb5-4fa4-a97d-d965ccfc6d4b" outcome="Passed" testListId="8c84fa94-04c1-424b-9868-57a2d4851a1d" relativeResultsDirectory="4b682fc8-e00b-4534-96e4-1b58d65f17be" />
    <UnitTestResult executionId="4ab54c07-b6fb-4a8b-85c4-e1742c26d75f" testId="4ff4f6ae-7162-7b49-f15b-0e6d2c38da7f" testName="WitchCityRope.Infrastructure.Tests.Security.EncryptionServiceTests.Hash_Should_Throw_For_Empty_Input" computerName="Unbutu-Ai-Chads-PC" duration="00:00:00.0003671" startTime="2025-09-11T15:38:55.1991453-04:00" endTime="2025-09-11T15:38:55.1993139-04:00" testType="13cdc9d9-ddb5-4fa4-a97d-d965ccfc6d4b" outcome="Passed" testListId="8c84fa94-04c1-424b-9868-57a2d4851a1d" relativeResultsDirectory="4ab54c07-b6fb-4a8b-85c4-e1742c26d75f" />
    <UnitTestResult executionId="7f664535-962c-4cc2-aa06-77d49ee38954" testId="2dee0c93-c326-e436-b53d-0e74105a9590" testName="WitchCityRope.Infrastructure.Tests.Email.EmailServiceTests.SendEmailAsync_Should_Send_PlainText_Email_When_IsHtml_Is_False" computerName="Unbutu-Ai-Chads-PC" duration="00:00:00.0010000" startTime="2025-09-11T15:38:55.1901580-04:00" endTime="2025-09-11T15:38:55.1901716-04:00" testType="13cdc9d9-ddb5-4fa4-a97d-d965ccfc6d4b" outcome="NotExecuted" testListId="8c84fa94-04c1-424b-9868-57a2d4851a1d" relativeResultsDirectory="7f664535-962c-4cc2-aa06-77d49ee38954">
      <Output>
        <ErrorInfo>
          <Message>Email service not fully implemented - SendGrid integration pending</Message>
        </ErrorInfo>
      </Output>
    </UnitTestResult>
    <UnitTestResult executionId="e5d80e0a-f7c9-44e3-aa69-12a6b09c1549" testId="b3bf15b1-a9a8-d9c2-b6bd-2d88af5f3f06" testName="WitchCityRope.Infrastructure.Tests.Data.MigrationTests.Should_Handle_Migration_Rollback" computerName="Unbutu-Ai-Chads-PC" duration="00:00:00.2615248" startTime="2025-09-11T15:38:57.8270960-04:00" endTime="2025-09-11T15:38:58.0884776-04:00" testType="13cdc9d9-ddb5-4fa4-a97d-d965ccfc6d4b" outcome="Failed" testListId="8c84fa94-04c1-424b-9868-57a2d4851a1d" relativeResultsDirectory="e5d80e0a-f7c9-44e3-aa69-12a6b09c1549">
      <Output>
        <ErrorInfo>
          <Message>System.InvalidOperationException : An error was generated for warning 'Microsoft.EntityFrameworkCore.Migrations.PendingModelChangesWarning': The model for context 'WitchCityRopeDbContext' has pending changes. Add a new migration before updating the database. See https://aka.ms/efcore-docs-pending-changes. This exception can be suppressed or logged by passing event ID 'RelationalEventId.PendingModelChangesWarning' to the 'ConfigureWarnings' method in 'DbContext.OnConfiguring' or 'AddDbContext'.</Message>
          <StackTrace>   at Microsoft.EntityFrameworkCore.Diagnostics.EventDefinition`1.Log[TLoggerCategory](IDiagnosticsLogger`1 logger, TParam arg)
   at Microsoft.EntityFrameworkCore.Diagnostics.RelationalLoggerExtensions.PendingModelChangesWarning(IDiagnosticsLogger`1 diagnostics, Type contextType)
   at Microsoft.EntityFrameworkCore.Migrations.Internal.Migrator.ValidateMigrations(Boolean useTransaction, String targetMigration)
   at Microsoft.EntityFrameworkCore.Migrations.Internal.Migrator.MigrateAsync(String targetMigration, CancellationToken cancellationToken)
   at Npgsql.EntityFrameworkCore.PostgreSQL.Migrations.Internal.NpgsqlMigrator.MigrateAsync(String targetMigration, CancellationToken cancellationToken)
   at WitchCityRope.Infrastructure.Tests.Data.MigrationTests.Should_Handle_Migration_Rollback() in /home/chad/repos/witchcityrope-react/tests/WitchCityRope.Infrastructure.Tests/Data/MigrationTests.cs:line 160
--- End of stack trace from previous location ---</StackTrace>
        </ErrorInfo>
      </Output>
    </UnitTestResult>
    <UnitTestResult executionId="7e0f3a3b-4bd9-4099-b822-958ac6a87563" testId="6555fe8c-88a8-9430-9c04-a65f7276a0ba" testName="WitchCityRope.Infrastructure.Tests.Security.JwtTokenServiceTests.GenerateRefreshToken_Should_Create_Valid_Base64_String" computerName="Unbutu-Ai-Chads-PC" duration="00:00:00.0009501" startTime="2025-09-11T15:38:55.2529586-04:00" endTime="2025-09-11T15:38:55.2538252-04:00" testType="13cdc9d9-ddb5-4fa4-a97d-d965ccfc6d4b" outcome="Passed" testListId="8c84fa94-04c1-424b-9868-57a2d4851a1d" relativeResultsDirectory="7e0f3a3b-4bd9-4099-b822-958ac6a87563" />
    <UnitTestResult executionId="6b75d933-26b9-4e73-854c-2884201055b9" testId="19e6bda6-00bd-7cd6-3c38-90a57abeea2e" testName="WitchCityRope.Infrastructure.Tests.PayPal.PayPalServiceTests.Should_Use_Sandbox_Environment_When_Configured" computerName="Unbutu-Ai-Chads-PC" duration="00:00:00.0010398" startTime="2025-09-11T15:38:55.2264881-04:00" endTime="2025-09-11T15:38:55.2268443-04:00" testType="13cdc9d9-ddb5-4fa4-a97d-d965ccfc6d4b" outcome="Passed" testListId="8c84fa94-04c1-424b-9868-57a2d4851a1d" relativeResultsDirectory="6b75d933-26b9-4e73-854c-2884201055b9" />
    <UnitTestResult executionId="88179914-fb50-448d-ad6d-1027dcd2e7ce" testId="10d1fa48-3361-6849-5e5d-c459122ca60e" testName="WitchCityRope.Infrastructure.Tests.PayPal.PayPalServiceTests.ProcessRefundAsync_Should_Handle_Exceptions" computerName="Unbutu-Ai-Chads-PC" duration="00:00:00.0010000" startTime="2025-09-11T15:38:55.1896218-04:00" endTime="2025-09-11T15:38:55.1896357-04:00" testType="13cdc9d9-ddb5-4fa4-a97d-d965ccfc6d4b" outcome="NotExecuted" testListId="8c84fa94-04c1-424b-9868-57a2d4851a1d" relativeResultsDirectory="88179914-fb50-448d-ad6d-1027dcd2e7ce">
      <Output>
        <ErrorInfo>
          <Message>PayPal service not fully implemented - PayPal SDK integration pending</Message>
        </ErrorInfo>
      </Output>
    </UnitTestResult>
    <UnitTestResult executionId="726dddff-b54b-48e1-8e4c-aeba60119c9a" testId="e5189492-adae-5b47-5b01-837ec60d1504" testName="WitchCityRope.Infrastructure.Tests.Data.EntityConfigurationTests.Should_Handle_Cascade_Delete_For_Event_Registrations" computerName="Unbutu-Ai-Chads-PC" duration="00:00:00.0117651" startTime="2025-09-11T15:38:56.5395180-04:00" endTime="2025-09-11T15:38:56.5909169-04:00" testType="13cdc9d9-ddb5-4fa4-a97d-d965ccfc6d4b" outcome="Failed" testListId="8c84fa94-04c1-424b-9868-57a2d4851a1d" relativeResultsDirectory="726dddff-b54b-48e1-8e4c-aeba60119c9a">
      <Output>
        <ErrorInfo>
          <Message>Microsoft.EntityFrameworkCore.DbUpdateException : An error occurred while saving the entity changes. See the inner exception for details.
---- Microsoft.Data.Sqlite.SqliteException : SQLite Error 19: 'NOT NULL constraint failed: Registrations.DietaryRestrictions'.</Message>
          <StackTrace>   at Microsoft.EntityFrameworkCore.Update.ReaderModificationCommandBatch.ExecuteAsync(IRelationalConnection connection, CancellationToken cancellationToken)
   at Microsoft.EntityFrameworkCore.Update.Internal.BatchExecutor.ExecuteAsync(IEnumerable`1 commandBatches, IRelationalConnection connection, CancellationToken cancellationToken)
   at Microsoft.EntityFrameworkCore.Update.Internal.BatchExecutor.ExecuteAsync(IEnumerable`1 commandBatches, IRelationalConnection connection, CancellationToken cancellationToken)
   at Microsoft.EntityFrameworkCore.Update.Internal.BatchExecutor.ExecuteAsync(IEnumerable`1 commandBatches, IRelationalConnection connection, CancellationToken cancellationToken)
   at Microsoft.EntityFrameworkCore.Storage.RelationalDatabase.SaveChangesAsync(IList`1 entries, CancellationToken cancellationToken)
   at Microsoft.EntityFrameworkCore.ChangeTracking.Internal.StateManager.SaveChangesAsync(IList`1 entriesToSave, CancellationToken cancellationToken)
   at Microsoft.EntityFrameworkCore.ChangeTracking.Internal.StateManager.SaveChangesAsync(StateManager stateManager, Boolean acceptAllChangesOnSuccess, CancellationToken cancellationToken)
   at Microsoft.EntityFrameworkCore.DbContext.SaveChangesAsync(Boolean acceptAllChangesOnSuccess, CancellationToken cancellationToken)
   at Microsoft.EntityFrameworkCore.DbContext.SaveChangesAsync(Boolean acceptAllChangesOnSuccess, CancellationToken cancellationToken)
   at WitchCityRope.Infrastructure.Data.WitchCityRopeDbContext.SaveChangesAsync(CancellationToken cancellationToken) in /home/chad/repos/witchcityrope-react/src/WitchCityRope.Infrastructure/Data/WitchCityRopeDbContext.cs:line 58
   at WitchCityRope.Infrastructure.Tests.Data.EntityConfigurationTests.Should_Handle_Cascade_Delete_For_Event_Registrations() in /home/chad/repos/witchcityrope-react/tests/WitchCityRope.Infrastructure.Tests/Data/EntityConfigurationTests.cs:line 211
--- End of stack trace from previous location ---
----- Inner Stack Trace -----
   at Microsoft.Data.Sqlite.SqliteException.ThrowExceptionForRC(Int32 rc, sqlite3 db)
   at Microsoft.Data.Sqlite.SqliteDataReader.NextResult()
   at Microsoft.Data.Sqlite.SqliteCommand.ExecuteReader(CommandBehavior behavior)
   at Microsoft.Data.Sqlite.SqliteCommand.ExecuteReaderAsync(CommandBehavior behavior, CancellationToken cancellationToken)
   at Microsoft.Data.Sqlite.SqliteCommand.ExecuteDbDataReaderAsync(CommandBehavior behavior, CancellationToken cancellationToken)
   at Microsoft.EntityFrameworkCore.Storage.RelationalCommand.ExecuteReaderAsync(RelationalCommandParameterObject parameterObject, CancellationToken cancellationToken)
   at Microsoft.EntityFrameworkCore.Storage.RelationalCommand.ExecuteReaderAsync(RelationalCommandParameterObject parameterObject, CancellationToken cancellationToken)
   at Microsoft.EntityFrameworkCore.Update.ReaderModificationCommandBatch.ExecuteAsync(IRelationalConnection connection, CancellationToken cancellationToken)</StackTrace>
        </ErrorInfo>
      </Output>
    </UnitTestResult>
    <UnitTestResult executionId="75533ded-3299-4f4d-aeab-0b1aff3e8c80" testId="b432be91-d64b-9c99-4079-f00a8db2e635" testName="WitchCityRope.Infrastructure.Tests.Data.ComplexQueryTests.Should_Query_Upcoming_Events_With_Available_Spots" computerName="Unbutu-Ai-Chads-PC" duration="00:00:00.0010000" startTime="2025-09-11T15:38:56.6994928-04:00" endTime="2025-09-11T15:38:56.8486474-04:00" testType="13cdc9d9-ddb5-4fa4-a97d-d965ccfc6d4b" outcome="Failed" testListId="8c84fa94-04c1-424b-9868-57a2d4851a1d" relativeResultsDirectory="75533ded-3299-4f4d-aeab-0b1aff3e8c80">
      <Output>
        <ErrorInfo>
          <Message>Microsoft.EntityFrameworkCore.DbUpdateException : An error occurred while saving the entity changes. See the inner exception for details.
---- Microsoft.Data.Sqlite.SqliteException : SQLite Error 19: 'NOT NULL constraint failed: Registrations.DietaryRestrictions'.</Message>
          <StackTrace>   at Microsoft.EntityFrameworkCore.Update.ReaderModificationCommandBatch.ExecuteAsync(IRelationalConnection connection, CancellationToken cancellationToken)
   at Microsoft.EntityFrameworkCore.Update.Internal.BatchExecutor.ExecuteAsync(IEnumerable`1 commandBatches, IRelationalConnection connection, CancellationToken cancellationToken)
   at Microsoft.EntityFrameworkCore.Update.Internal.BatchExecutor.ExecuteAsync(IEnumerable`1 commandBatches, IRelationalConnection connection, CancellationToken cancellationToken)
   at Microsoft.EntityFrameworkCore.Update.Internal.BatchExecutor.ExecuteAsync(IEnumerable`1 commandBatches, IRelationalConnection connection, CancellationToken cancellationToken)
   at Microsoft.EntityFrameworkCore.Storage.RelationalDatabase.SaveChangesAsync(IList`1 entries, CancellationToken cancellationToken)
   at Microsoft.EntityFrameworkCore.ChangeTracking.Internal.StateManager.SaveChangesAsync(IList`1 entriesToSave, CancellationToken cancellationToken)
   at Microsoft.EntityFrameworkCore.ChangeTracking.Internal.StateManager.SaveChangesAsync(StateManager stateManager, Boolean acceptAllChangesOnSuccess, CancellationToken cancellationToken)
   at Microsoft.EntityFrameworkCore.DbContext.SaveChangesAsync(Boolean acceptAllChangesOnSuccess, CancellationToken cancellationToken)
   at Microsoft.EntityFrameworkCore.DbContext.SaveChangesAsync(Boolean acceptAllChangesOnSuccess, CancellationToken cancellationToken)
   at WitchCityRope.Infrastructure.Data.WitchCityRopeDbContext.SaveChangesAsync(CancellationToken cancellationToken) in /home/chad/repos/witchcityrope-react/src/WitchCityRope.Infrastructure/Data/WitchCityRopeDbContext.cs:line 58
   at WitchCityRope.Infrastructure.Tests.Data.ComplexQueryTests.SeedDataAsync() in /home/chad/repos/witchcityrope-react/tests/WitchCityRope.Infrastructure.Tests/Data/ComplexQueryTests.cs:line 63
   at WitchCityRope.Infrastructure.Tests.Fixtures.IntegrationTestBase.InitializeAsync() in /home/chad/repos/witchcityrope-react/tests/WitchCityRope.Infrastructure.Tests/Fixtures/IntegrationTestBase.cs:line 41
----- Inner Stack Trace -----
   at Microsoft.Data.Sqlite.SqliteException.ThrowExceptionForRC(Int32 rc, sqlite3 db)
   at Microsoft.Data.Sqlite.SqliteDataReader.NextResult()
   at Microsoft.Data.Sqlite.SqliteCommand.ExecuteReader(CommandBehavior behavior)
   at Microsoft.Data.Sqlite.SqliteCommand.ExecuteReaderAsync(CommandBehavior behavior, CancellationToken cancellationToken)
   at Microsoft.Data.Sqlite.SqliteCommand.ExecuteDbDataReaderAsync(CommandBehavior behavior, CancellationToken cancellationToken)
   at Microsoft.EntityFrameworkCore.Storage.RelationalCommand.ExecuteReaderAsync(RelationalCommandParameterObject parameterObject, CancellationToken cancellationToken)
   at Microsoft.EntityFrameworkCore.Storage.RelationalCommand.ExecuteReaderAsync(RelationalCommandParameterObject parameterObject, CancellationToken cancellationToken)
   at Microsoft.EntityFrameworkCore.Update.ReaderModificationCommandBatch.ExecuteAsync(IRelationalConnection connection, CancellationToken cancellationToken)</StackTrace>
        </ErrorInfo>
      </Output>
    </UnitTestResult>
    <UnitTestResult executionId="cbbbcd5a-efca-4357-b4a5-dcd37452dee3" testId="8dde58a5-7529-70d6-f415-cc7c8025de4a" testName="WitchCityRope.Infrastructure.Tests.Email.EmailServiceTests.SendRegistrationConfirmationAsync_Should_Use_Correct_Template" computerName="Unbutu-Ai-Chads-PC" duration="00:00:00.0010000" startTime="2025-09-11T15:38:55.2326207-04:00" endTime="2025-09-11T15:38:55.2326438-04:00" testType="13cdc9d9-ddb5-4fa4-a97d-d965ccfc6d4b" outcome="NotExecuted" testListId="8c84fa94-04c1-424b-9868-57a2d4851a1d" relativeResultsDirectory="cbbbcd5a-efca-4357-b4a5-dcd37452dee3">
      <Output>
        <ErrorInfo>
          <Message>Email service not fully implemented - SendGrid integration pending</Message>
        </ErrorInfo>
      </Output>
    </UnitTestResult>
    <UnitTestResult executionId="d0b34b23-a6b2-4c5b-8327-5c36790397d9" testId="b3ced23f-cb6e-2a17-6541-3fac83d667d8" testName="WitchCityRope.Infrastructure.Tests.PayPal.PayPalServiceTests.CreatePaymentIntentAsync_Should_Handle_Exceptions" computerName="Unbutu-Ai-Chads-PC" duration="00:00:00.0010000" startTime="2025-09-11T15:38:55.2261374-04:00" endTime="2025-09-11T15:38:55.2261520-04:00" testType="13cdc9d9-ddb5-4fa4-a97d-d965ccfc6d4b" outcome="NotExecuted" testListId="8c84fa94-04c1-424b-9868-57a2d4851a1d" relativeResultsDirectory="d0b34b23-a6b2-4c5b-8327-5c36790397d9">
      <Output>
        <ErrorInfo>
          <Message>PayPal service not fully implemented - PayPal SDK integration pending</Message>
        </ErrorInfo>
      </Output>
    </UnitTestResult>
    <UnitTestResult executionId="45b71f62-153c-40ba-9914-f3b12da8de27" testId="13bd86c6-f19a-69a0-47da-45392f474030" testName="WitchCityRope.Infrastructure.Tests.Data.MigrationTests.Should_Create_Correct_Indexes" computerName="Unbutu-Ai-Chads-PC" duration="00:00:00.2000034" startTime="2025-09-11T15:38:58.5237234-04:00" endTime="2025-09-11T15:38:58.7227011-04:00" testType="13cdc9d9-ddb5-4fa4-a97d-d965ccfc6d4b" outcome="Failed" testListId="8c84fa94-04c1-424b-9868-57a2d4851a1d" relativeResultsDirectory="45b71f62-153c-40ba-9914-f3b12da8de27">
      <Output>
        <ErrorInfo>
          <Message>System.InvalidOperationException : An error was generated for warning 'Microsoft.EntityFrameworkCore.Migrations.PendingModelChangesWarning': The model for context 'WitchCityRopeDbContext' has pending changes. Add a new migration before updating the database. See https://aka.ms/efcore-docs-pending-changes. This exception can be suppressed or logged by passing event ID 'RelationalEventId.PendingModelChangesWarning' to the 'ConfigureWarnings' method in 'DbContext.OnConfiguring' or 'AddDbContext'.</Message>
          <StackTrace>   at Microsoft.EntityFrameworkCore.Diagnostics.EventDefinition`1.Log[TLoggerCategory](IDiagnosticsLogger`1 logger, TParam arg)
   at Microsoft.EntityFrameworkCore.Diagnostics.RelationalLoggerExtensions.PendingModelChangesWarning(IDiagnosticsLogger`1 diagnostics, Type contextType)
   at Microsoft.EntityFrameworkCore.Migrations.Internal.Migrator.ValidateMigrations(Boolean useTransaction, String targetMigration)
   at Microsoft.EntityFrameworkCore.Migrations.Internal.Migrator.MigrateAsync(String targetMigration, CancellationToken cancellationToken)
   at Npgsql.EntityFrameworkCore.PostgreSQL.Migrations.Internal.NpgsqlMigrator.MigrateAsync(String targetMigration, CancellationToken cancellationToken)
   at WitchCityRope.Infrastructure.Tests.Data.MigrationTests.Should_Create_Correct_Indexes() in /home/chad/repos/witchcityrope-react/tests/WitchCityRope.Infrastructure.Tests/Data/MigrationTests.cs:line 95
--- End of stack trace from previous location ---</StackTrace>
        </ErrorInfo>
      </Output>
    </UnitTestResult>
    <UnitTestResult executionId="e9d62461-70c6-4f7a-bc1c-c8c931930a13" testId="ad8c3afd-60d6-cd49-53c0-babc94254028" testName="WitchCityRope.Infrastructure.Tests.Security.EncryptionServiceTests.Constructor_Should_Throw_When_Encryption_Key_Is_Missing" computerName="Unbutu-Ai-Chads-PC" duration="00:00:00.0007125" startTime="2025-09-11T15:38:56.9192153-04:00" endTime="2025-09-11T15:38:56.9198441-04:00" testType="13cdc9d9-ddb5-4fa4-a97d-d965ccfc6d4b" outcome="Passed" testListId="8c84fa94-04c1-424b-9868-57a2d4851a1d" relativeResultsDirectory="e9d62461-70c6-4f7a-bc1c-c8c931930a13" />
    <UnitTestResult executionId="d5a4bbbb-0014-4b41-8d64-b88072bfd965" testId="de0a592c-30a6-23bd-e2fd-8c5dac12d560" testName="WitchCityRope.Infrastructure.Tests.Data.ConcurrencyTests.Should_Handle_Concurrent_Payment_Processing" computerName="Unbutu-Ai-Chads-PC" duration="00:00:00.0102229" startTime="2025-09-11T15:38:56.3743407-04:00" endTime="2025-09-11T15:38:56.4354658-04:00" testType="13cdc9d9-ddb5-4fa4-a97d-d965ccfc6d4b" outcome="Failed" testListId="8c84fa94-04c1-424b-9868-57a2d4851a1d" relativeResultsDirectory="d5a4bbbb-0014-4b41-8d64-b88072bfd965">
      <Output>
        <ErrorInfo>
          <Message>Microsoft.EntityFrameworkCore.DbUpdateException : An error occurred while saving the entity changes. See the inner exception for details.
---- Microsoft.Data.Sqlite.SqliteException : SQLite Error 19: 'NOT NULL constraint failed: Registrations.DietaryRestrictions'.</Message>
          <StackTrace>   at Microsoft.EntityFrameworkCore.Update.ReaderModificationCommandBatch.ExecuteAsync(IRelationalConnection connection, CancellationToken cancellationToken)
   at Microsoft.EntityFrameworkCore.Update.Internal.BatchExecutor.ExecuteAsync(IEnumerable`1 commandBatches, IRelationalConnection connection, CancellationToken cancellationToken)
   at Microsoft.EntityFrameworkCore.Update.Internal.BatchExecutor.ExecuteAsync(IEnumerable`1 commandBatches, IRelationalConnection connection, CancellationToken cancellationToken)
   at Microsoft.EntityFrameworkCore.Update.Internal.BatchExecutor.ExecuteAsync(IEnumerable`1 commandBatches, IRelationalConnection connection, CancellationToken cancellationToken)
   at Microsoft.EntityFrameworkCore.Storage.RelationalDatabase.SaveChangesAsync(IList`1 entries, CancellationToken cancellationToken)
   at Microsoft.EntityFrameworkCore.ChangeTracking.Internal.StateManager.SaveChangesAsync(IList`1 entriesToSave, CancellationToken cancellationToken)
   at Microsoft.EntityFrameworkCore.ChangeTracking.Internal.StateManager.SaveChangesAsync(StateManager stateManager, Boolean acceptAllChangesOnSuccess, CancellationToken cancellationToken)
   at Microsoft.EntityFrameworkCore.DbContext.SaveChangesAsync(Boolean acceptAllChangesOnSuccess, CancellationToken cancellationToken)
   at Microsoft.EntityFrameworkCore.DbContext.SaveChangesAsync(Boolean acceptAllChangesOnSuccess, CancellationToken cancellationToken)
   at WitchCityRope.Infrastructure.Data.WitchCityRopeDbContext.SaveChangesAsync(CancellationToken cancellationToken) in /home/chad/repos/witchcityrope-react/src/WitchCityRope.Infrastructure/Data/WitchCityRopeDbContext.cs:line 58
   at WitchCityRope.Infrastructure.Tests.Data.ConcurrencyTests.Should_Handle_Concurrent_Payment_Processing() in /home/chad/repos/witchcityrope-react/tests/WitchCityRope.Infrastructure.Tests/Data/ConcurrencyTests.cs:line 126
--- End of stack trace from previous location ---
----- Inner Stack Trace -----
   at Microsoft.Data.Sqlite.SqliteException.ThrowExceptionForRC(Int32 rc, sqlite3 db)
   at Microsoft.Data.Sqlite.SqliteDataReader.NextResult()
   at Microsoft.Data.Sqlite.SqliteCommand.ExecuteReader(CommandBehavior behavior)
   at Microsoft.Data.Sqlite.SqliteCommand.ExecuteReaderAsync(CommandBehavior behavior, CancellationToken cancellationToken)
   at Microsoft.Data.Sqlite.SqliteCommand.ExecuteDbDataReaderAsync(CommandBehavior behavior, CancellationToken cancellationToken)
   at Microsoft.EntityFrameworkCore.Storage.RelationalCommand.ExecuteReaderAsync(RelationalCommandParameterObject parameterObject, CancellationToken cancellationToken)
   at Microsoft.EntityFrameworkCore.Storage.RelationalCommand.ExecuteReaderAsync(RelationalCommandParameterObject parameterObject, CancellationToken cancellationToken)
   at Microsoft.EntityFrameworkCore.Update.ReaderModificationCommandBatch.ExecuteAsync(IRelationalConnection connection, CancellationToken cancellationToken)</StackTrace>
        </ErrorInfo>
      </Output>
    </UnitTestResult>
    <UnitTestResult executionId="3718e6a4-3621-477d-9c0a-50e33eb7a13f" testId="264ab6a2-4596-51c5-876b-2d91f4e645a4" testName="WitchCityRope.Infrastructure.Tests.Security.JwtTokenServiceTests.ValidateToken_Should_Return_Null_For_Invalid_Token" computerName="Unbutu-Ai-Chads-PC" duration="00:00:00.0001235" startTime="2025-09-11T15:38:55.2728387-04:00" endTime="2025-09-11T15:38:55.2728776-04:00" testType="13cdc9d9-ddb5-4fa4-a97d-d965ccfc6d4b" outcome="Passed" testListId="8c84fa94-04c1-424b-9868-57a2d4851a1d" relativeResultsDirectory="3718e6a4-3621-477d-9c0a-50e33eb7a13f" />
    <UnitTestResult executionId="4d103fa2-75dd-4410-a19a-f4eebab0ce59" testId="f40dcb59-5570-8947-4c85-82c6660d5c47" testName="WitchCityRope.Infrastructure.Tests.Security.JwtTokenServiceTests.GenerateToken_Should_Include_All_Required_Claims" computerName="Unbutu-Ai-Chads-PC" duration="00:00:00.0069120" startTime="2025-09-11T15:38:55.2729709-04:00" endTime="2025-09-11T15:38:55.2798480-04:00" testType="13cdc9d9-ddb5-4fa4-a97d-d965ccfc6d4b" outcome="Passed" testListId="8c84fa94-04c1-424b-9868-57a2d4851a1d" relativeResultsDirectory="4d103fa2-75dd-4410-a19a-f4eebab0ce59" />
    <UnitTestResult executionId="4ce601d8-0e03-46e4-8f02-d5e7c355a93c" testId="395e9654-511f-4e89-413f-4a0e36424649" testName="WitchCityRope.Infrastructure.Tests.Data.ComplexQueryTests.Should_Execute_Complex_Join_Query" computerName="Unbutu-Ai-Chads-PC" duration="00:00:00.0010000" startTime="2025-09-11T15:38:56.5639048-04:00" endTime="2025-09-11T15:38:56.6983566-04:00" testType="13cdc9d9-ddb5-4fa4-a97d-d965ccfc6d4b" outcome="Failed" testListId="8c84fa94-04c1-424b-9868-57a2d4851a1d" relativeResultsDirectory="4ce601d8-0e03-46e4-8f02-d5e7c355a93c">
      <Output>
        <ErrorInfo>
          <Message>Microsoft.EntityFrameworkCore.DbUpdateException : An error occurred while saving the entity changes. See the inner exception for details.
---- Microsoft.Data.Sqlite.SqliteException : SQLite Error 19: 'NOT NULL constraint failed: Registrations.DietaryRestrictions'.</Message>
          <StackTrace>   at Microsoft.EntityFrameworkCore.Update.ReaderModificationCommandBatch.ExecuteAsync(IRelationalConnection connection, CancellationToken cancellationToken)
   at Microsoft.EntityFrameworkCore.Update.Internal.BatchExecutor.ExecuteAsync(IEnumerable`1 commandBatches, IRelationalConnection connection, CancellationToken cancellationToken)
   at Microsoft.EntityFrameworkCore.Update.Internal.BatchExecutor.ExecuteAsync(IEnumerable`1 commandBatches, IRelationalConnection connection, CancellationToken cancellationToken)
   at Microsoft.EntityFrameworkCore.Update.Internal.BatchExecutor.ExecuteAsync(IEnumerable`1 commandBatches, IRelationalConnection connection, CancellationToken cancellationToken)
   at Microsoft.EntityFrameworkCore.Storage.RelationalDatabase.SaveChangesAsync(IList`1 entries, CancellationToken cancellationToken)
   at Microsoft.EntityFrameworkCore.ChangeTracking.Internal.StateManager.SaveChangesAsync(IList`1 entriesToSave, CancellationToken cancellationToken)
   at Microsoft.EntityFrameworkCore.ChangeTracking.Internal.StateManager.SaveChangesAsync(StateManager stateManager, Boolean acceptAllChangesOnSuccess, CancellationToken cancellationToken)
   at Microsoft.EntityFrameworkCore.DbContext.SaveChangesAsync(Boolean acceptAllChangesOnSuccess, CancellationToken cancellationToken)
   at Microsoft.EntityFrameworkCore.DbContext.SaveChangesAsync(Boolean acceptAllChangesOnSuccess, CancellationToken cancellationToken)
   at WitchCityRope.Infrastructure.Data.WitchCityRopeDbContext.SaveChangesAsync(CancellationToken cancellationToken) in /home/chad/repos/witchcityrope-react/src/WitchCityRope.Infrastructure/Data/WitchCityRopeDbContext.cs:line 58
   at WitchCityRope.Infrastructure.Tests.Data.ComplexQueryTests.SeedDataAsync() in /home/chad/repos/witchcityrope-react/tests/WitchCityRope.Infrastructure.Tests/Data/ComplexQueryTests.cs:line 63
   at WitchCityRope.Infrastructure.Tests.Fixtures.IntegrationTestBase.InitializeAsync() in /home/chad/repos/witchcityrope-react/tests/WitchCityRope.Infrastructure.Tests/Fixtures/IntegrationTestBase.cs:line 41
----- Inner Stack Trace -----
   at Microsoft.Data.Sqlite.SqliteException.ThrowExceptionForRC(Int32 rc, sqlite3 db)
   at Microsoft.Data.Sqlite.SqliteDataReader.NextResult()
   at Microsoft.Data.Sqlite.SqliteCommand.ExecuteReader(CommandBehavior behavior)
   at Microsoft.Data.Sqlite.SqliteCommand.ExecuteReaderAsync(CommandBehavior behavior, CancellationToken cancellationToken)
   at Microsoft.Data.Sqlite.SqliteCommand.ExecuteDbDataReaderAsync(CommandBehavior behavior, CancellationToken cancellationToken)
   at Microsoft.EntityFrameworkCore.Storage.RelationalCommand.ExecuteReaderAsync(RelationalCommandParameterObject parameterObject, CancellationToken cancellationToken)
   at Microsoft.EntityFrameworkCore.Storage.RelationalCommand.ExecuteReaderAsync(RelationalCommandParameterObject parameterObject, CancellationToken cancellationToken)
   at Microsoft.EntityFrameworkCore.Update.ReaderModificationCommandBatch.ExecuteAsync(IRelationalConnection connection, CancellationToken cancellationToken)</StackTrace>
        </ErrorInfo>
      </Output>
    </UnitTestResult>
    <UnitTestResult executionId="5ce498de-01c5-4a6d-b3bf-8fcb23dc96c1" testId="548a09d3-4fa2-75df-faa2-e267f1d73899" testName="WitchCityRope.Infrastructure.Tests.Security.EncryptionServiceTests.EncryptAsync_Should_Return_Empty_String_For_Empty_Input" computerName="Unbutu-Ai-Chads-PC" duration="00:00:00.0004632" startTime="2025-09-11T15:38:59.0209298-04:00" endTime="2025-09-11T15:38:59.0210763-04:00" testType="13cdc9d9-ddb5-4fa4-a97d-d965ccfc6d4b" outcome="Passed" testListId="8c84fa94-04c1-424b-9868-57a2d4851a1d" relativeResultsDirectory="5ce498de-01c5-4a6d-b3bf-8fcb23dc96c1" />
    <UnitTestResult executionId="0c57cfba-f86a-4851-afb1-3684680df82c" testId="bd31f24b-8a56-ffab-1b6d-032aa810c6a3" testName="WitchCityRope.Infrastructure.Tests.Data.ComplexQueryTests.Should_Use_Compiled_Query_For_Performance" computerName="Unbutu-Ai-Chads-PC" duration="00:00:00.0010000" startTime="2025-09-11T15:38:56.2828044-04:00" endTime="2025-09-11T15:38:56.4186506-04:00" testType="13cdc9d9-ddb5-4fa4-a97d-d965ccfc6d4b" outcome="Failed" testListId="8c84fa94-04c1-424b-9868-57a2d4851a1d" relativeResultsDirectory="0c57cfba-f86a-4851-afb1-3684680df82c">
      <Output>
        <ErrorInfo>
          <Message>Microsoft.EntityFrameworkCore.DbUpdateException : An error occurred while saving the entity changes. See the inner exception for details.
---- Microsoft.Data.Sqlite.SqliteException : SQLite Error 19: 'NOT NULL constraint failed: Registrations.DietaryRestrictions'.</Message>
          <StackTrace>   at Microsoft.EntityFrameworkCore.Update.ReaderModificationCommandBatch.ExecuteAsync(IRelationalConnection connection, CancellationToken cancellationToken)
   at Microsoft.EntityFrameworkCore.Update.Internal.BatchExecutor.ExecuteAsync(IEnumerable`1 commandBatches, IRelationalConnection connection, CancellationToken cancellationToken)
   at Microsoft.EntityFrameworkCore.Update.Internal.BatchExecutor.ExecuteAsync(IEnumerable`1 commandBatches, IRelationalConnection connection, CancellationToken cancellationToken)
   at Microsoft.EntityFrameworkCore.Update.Internal.BatchExecutor.ExecuteAsync(IEnumerable`1 commandBatches, IRelationalConnection connection, CancellationToken cancellationToken)
   at Microsoft.EntityFrameworkCore.Storage.RelationalDatabase.SaveChangesAsync(IList`1 entries, CancellationToken cancellationToken)
   at Microsoft.EntityFrameworkCore.ChangeTracking.Internal.StateManager.SaveChangesAsync(IList`1 entriesToSave, CancellationToken cancellationToken)
   at Microsoft.EntityFrameworkCore.ChangeTracking.Internal.StateManager.SaveChangesAsync(StateManager stateManager, Boolean acceptAllChangesOnSuccess, CancellationToken cancellationToken)
   at Microsoft.EntityFrameworkCore.DbContext.SaveChangesAsync(Boolean acceptAllChangesOnSuccess, CancellationToken cancellationToken)
   at Microsoft.EntityFrameworkCore.DbContext.SaveChangesAsync(Boolean acceptAllChangesOnSuccess, CancellationToken cancellationToken)
   at WitchCityRope.Infrastructure.Data.WitchCityRopeDbContext.SaveChangesAsync(CancellationToken cancellationToken) in /home/chad/repos/witchcityrope-react/src/WitchCityRope.Infrastructure/Data/WitchCityRopeDbContext.cs:line 58
   at WitchCityRope.Infrastructure.Tests.Data.ComplexQueryTests.SeedDataAsync() in /home/chad/repos/witchcityrope-react/tests/WitchCityRope.Infrastructure.Tests/Data/ComplexQueryTests.cs:line 63
   at WitchCityRope.Infrastructure.Tests.Fixtures.IntegrationTestBase.InitializeAsync() in /home/chad/repos/witchcityrope-react/tests/WitchCityRope.Infrastructure.Tests/Fixtures/IntegrationTestBase.cs:line 41
----- Inner Stack Trace -----
   at Microsoft.Data.Sqlite.SqliteException.ThrowExceptionForRC(Int32 rc, sqlite3 db)
   at Microsoft.Data.Sqlite.SqliteDataReader.NextResult()
   at Microsoft.Data.Sqlite.SqliteCommand.ExecuteReader(CommandBehavior behavior)
   at Microsoft.Data.Sqlite.SqliteCommand.ExecuteReaderAsync(CommandBehavior behavior, CancellationToken cancellationToken)
   at Microsoft.Data.Sqlite.SqliteCommand.ExecuteDbDataReaderAsync(CommandBehavior behavior, CancellationToken cancellationToken)
   at Microsoft.EntityFrameworkCore.Storage.RelationalCommand.ExecuteReaderAsync(RelationalCommandParameterObject parameterObject, CancellationToken cancellationToken)
   at Microsoft.EntityFrameworkCore.Storage.RelationalCommand.ExecuteReaderAsync(RelationalCommandParameterObject parameterObject, CancellationToken cancellationToken)
   at Microsoft.EntityFrameworkCore.Update.ReaderModificationCommandBatch.ExecuteAsync(IRelationalConnection connection, CancellationToken cancellationToken)</StackTrace>
        </ErrorInfo>
      </Output>
    </UnitTestResult>
    <UnitTestResult executionId="b3d1895b-8adc-42bc-87e4-43ff007a68ae" testId="c99a566a-1630-a491-7e5a-d1e5db3d6a74" testName="WitchCityRope.Infrastructure.Tests.Security.EncryptionServiceTests.VerifyHash_Should_Return_False_For_Invalid_Hash" computerName="Unbutu-Ai-Chads-PC" duration="00:00:00.0019074" startTime="2025-09-11T15:38:55.1938878-04:00" endTime="2025-09-11T15:38:55.1939656-04:00" testType="13cdc9d9-ddb5-4fa4-a97d-d965ccfc6d4b" outcome="Passed" testListId="8c84fa94-04c1-424b-9868-57a2d4851a1d" relativeResultsDirectory="b3d1895b-8adc-42bc-87e4-43ff007a68ae" />
    <UnitTestResult executionId="d507f085-364f-4e93-b4ab-b9f768240a13" testId="c6348b7e-7455-a038-0d62-d669b4fb234b" testName="WitchCityRope.Infrastructure.Tests.Security.EncryptionServiceTests.Constructor_Should_Throw_When_Configuration_Is_Null" computerName="Unbutu-Ai-Chads-PC" duration="00:00:00.0005461" startTime="2025-09-11T15:38:55.1995416-04:00" endTime="2025-09-11T15:38:55.1999006-04:00" testType="13cdc9d9-ddb5-4fa4-a97d-d965ccfc6d4b" outcome="Passed" testListId="8c84fa94-04c1-424b-9868-57a2d4851a1d" relativeResultsDirectory="d507f085-364f-4e93-b4ab-b9f768240a13" />
  </Results>
  <TestDefinitions>
    <UnitTest name="WitchCityRope.Infrastructure.Tests.Security.EncryptionServiceTests.VerifyHash_Should_Return_True_For_Correct_Password" storage="/home/chad/repos/witchcityrope-react/tests/witchcityrope.infrastructure.tests/bin/debug/net9.0/witchcityrope.infrastructure.tests.dll" id="ed657ece-8209-9b5b-aeeb-ee1e361b80b6">
      <Execution id="976f8457-4dfa-4769-9a88-5e59284d08ef" />
      <TestMethod codeBase="/home/chad/repos/witchcityrope-react/tests/WitchCityRope.Infrastructure.Tests/bin/Debug/net9.0/WitchCityRope.Infrastructure.Tests.dll" adapterTypeName="executor://xunit/VsTestRunner3/netcore/" className="WitchCityRope.Infrastructure.Tests.Security.EncryptionServiceTests" name="VerifyHash_Should_Return_True_For_Correct_Password" />
    </UnitTest>
    <UnitTest name="WitchCityRope.Infrastructure.Tests.Data.MigrationTests.Model_Should_Match_Database_Schema" storage="/home/chad/repos/witchcityrope-react/tests/witchcityrope.infrastructure.tests/bin/debug/net9.0/witchcityrope.infrastructure.tests.dll" id="ff4e921f-20b7-1709-b98d-0805a1ad4ff6">
      <Execution id="b8973d14-1182-4127-95a3-52cc22fd7d07" />
      <TestMethod codeBase="/home/chad/repos/witchcityrope-react/tests/WitchCityRope.Infrastructure.Tests/bin/Debug/net9.0/WitchCityRope.Infrastructure.Tests.dll" adapterTypeName="executor://xunit/VsTestRunner3/netcore/" className="WitchCityRope.Infrastructure.Tests.Data.MigrationTests" name="Model_Should_Match_Database_Schema" />
    </UnitTest>
    <UnitTest name="WitchCityRope.Infrastructure.Tests.Email.EmailServiceTests.SendEmailAsync_Should_Return_False_When_Exception_Occurs" storage="/home/chad/repos/witchcityrope-react/tests/witchcityrope.infrastructure.tests/bin/debug/net9.0/witchcityrope.infrastructure.tests.dll" id="00fb0efe-ac5c-dcca-7bdb-1e3f8783f943">
      <Execution id="e206b343-0f4c-4c59-ade4-0ae2f3cfc456" />
      <TestMethod codeBase="/home/chad/repos/witchcityrope-react/tests/WitchCityRope.Infrastructure.Tests/bin/Debug/net9.0/WitchCityRope.Infrastructure.Tests.dll" adapterTypeName="executor://xunit/VsTestRunner3/netcore/" className="WitchCityRope.Infrastructure.Tests.Email.EmailServiceTests" name="SendEmailAsync_Should_Return_False_When_Exception_Occurs" />
    </UnitTest>
    <UnitTest name="WitchCityRope.Infrastructure.Tests.Security.JwtTokenServiceTests.GenerateToken_Should_Create_Valid_JWT_Token" storage="/home/chad/repos/witchcityrope-react/tests/witchcityrope.infrastructure.tests/bin/debug/net9.0/witchcityrope.infrastructure.tests.dll" id="121ed6b8-c36c-7dfd-6ad5-94fe3cb46105">
      <Execution id="fec6b7db-7305-4a0a-ae06-45476eb9b143" />
      <TestMethod codeBase="/home/chad/repos/witchcityrope-react/tests/WitchCityRope.Infrastructure.Tests/bin/Debug/net9.0/WitchCityRope.Infrastructure.Tests.dll" adapterTypeName="executor://xunit/VsTestRunner3/netcore/" className="WitchCityRope.Infrastructure.Tests.Security.JwtTokenServiceTests" name="GenerateToken_Should_Create_Valid_JWT_Token" />
    </UnitTest>
    <UnitTest name="WitchCityRope.Infrastructure.Tests.Security.EncryptionServiceTests.Hash_Should_Throw_For_Null_Input" storage="/home/chad/repos/witchcityrope-react/tests/witchcityrope.infrastructure.tests/bin/debug/net9.0/witchcityrope.infrastructure.tests.dll" id="3678ad7d-a25e-86f2-08f3-061f2d41eeb9">
      <Execution id="4592b6a5-27e9-4e3a-ae94-7b262a395a84" />
      <TestMethod codeBase="/home/chad/repos/witchcityrope-react/tests/WitchCityRope.Infrastructure.Tests/bin/Debug/net9.0/WitchCityRope.Infrastructure.Tests.dll" adapterTypeName="executor://xunit/VsTestRunner3/netcore/" className="WitchCityRope.Infrastructure.Tests.Security.EncryptionServiceTests" name="Hash_Should_Throw_For_Null_Input" />
    </UnitTest>
    <UnitTest name="WitchCityRope.Infrastructure.Tests.Security.EncryptionServiceTests.VerifyHash_Should_Return_False_For_Null_Hash" storage="/home/chad/repos/witchcityrope-react/tests/witchcityrope.infrastructure.tests/bin/debug/net9.0/witchcityrope.infrastructure.tests.dll" id="e006de4c-80eb-9ac9-a4df-a37619cd7add">
      <Execution id="3b111857-bb1d-4c95-b9c8-1908b4847403" />
      <TestMethod codeBase="/home/chad/repos/witchcityrope-react/tests/WitchCityRope.Infrastructure.Tests/bin/Debug/net9.0/WitchCityRope.Infrastructure.Tests.dll" adapterTypeName="executor://xunit/VsTestRunner3/netcore/" className="WitchCityRope.Infrastructure.Tests.Security.EncryptionServiceTests" name="VerifyHash_Should_Return_False_For_Null_Hash" />
    </UnitTest>
    <UnitTest name="WitchCityRope.Infrastructure.Tests.Data.MigrationTests.Should_Handle_Migration_Rollback" storage="/home/chad/repos/witchcityrope-react/tests/witchcityrope.infrastructure.tests/bin/debug/net9.0/witchcityrope.infrastructure.tests.dll" id="b3bf15b1-a9a8-d9c2-b6bd-2d88af5f3f06">
      <Execution id="e5d80e0a-f7c9-44e3-aa69-12a6b09c1549" />
      <TestMethod codeBase="/home/chad/repos/witchcityrope-react/tests/WitchCityRope.Infrastructure.Tests/bin/Debug/net9.0/WitchCityRope.Infrastructure.Tests.dll" adapterTypeName="executor://xunit/VsTestRunner3/netcore/" className="WitchCityRope.Infrastructure.Tests.Data.MigrationTests" name="Should_Handle_Migration_Rollback" />
    </UnitTest>
    <UnitTest name="WitchCityRope.Infrastructure.Tests.Security.JwtTokenServiceTests.ValidateToken_Should_Throw_For_Null_Token" storage="/home/chad/repos/witchcityrope-react/tests/witchcityrope.infrastructure.tests/bin/debug/net9.0/witchcityrope.infrastructure.tests.dll" id="cac2c651-fa59-0f92-f0f1-b284ea5fd816">
      <Execution id="06f53171-35dc-4d50-9041-db046819d374" />
      <TestMethod codeBase="/home/chad/repos/witchcityrope-react/tests/WitchCityRope.Infrastructure.Tests/bin/Debug/net9.0/WitchCityRope.Infrastructure.Tests.dll" adapterTypeName="executor://xunit/VsTestRunner3/netcore/" className="WitchCityRope.Infrastructure.Tests.Security.JwtTokenServiceTests" name="ValidateToken_Should_Throw_For_Null_Token" />
    </UnitTest>
    <UnitTest name="WitchCityRope.Infrastructure.Tests.Security.JwtTokenServiceTests.ValidateToken_Should_Return_Null_For_Invalid_Token" storage="/home/chad/repos/witchcityrope-react/tests/witchcityrope.infrastructure.tests/bin/debug/net9.0/witchcityrope.infrastructure.tests.dll" id="264ab6a2-4596-51c5-876b-2d91f4e645a4">
      <Execution id="3718e6a4-3621-477d-9c0a-50e33eb7a13f" />
      <TestMethod codeBase="/home/chad/repos/witchcityrope-react/tests/WitchCityRope.Infrastructure.Tests/bin/Debug/net9.0/WitchCityRope.Infrastructure.Tests.dll" adapterTypeName="executor://xunit/VsTestRunner3/netcore/" className="WitchCityRope.Infrastructure.Tests.Security.JwtTokenServiceTests" name="ValidateToken_Should_Return_Null_For_Invalid_Token" />
    </UnitTest>
    <UnitTest name="WitchCityRope.Infrastructure.Tests.Security.EncryptionServiceTests.DecryptAsync_Should_Throw_For_Invalid_Base64" storage="/home/chad/repos/witchcityrope-react/tests/witchcityrope.infrastructure.tests/bin/debug/net9.0/witchcityrope.infrastructure.tests.dll" id="5e8c96b7-65ee-a96f-f5e0-222a2affc359">
      <Execution id="b5f5798b-7927-4011-be42-5d950d264030" />
      <TestMethod codeBase="/home/chad/repos/witchcityrope-react/tests/WitchCityRope.Infrastructure.Tests/bin/Debug/net9.0/WitchCityRope.Infrastructure.Tests.dll" adapterTypeName="executor://xunit/VsTestRunner3/netcore/" className="WitchCityRope.Infrastructure.Tests.Security.EncryptionServiceTests" name="DecryptAsync_Should_Throw_For_Invalid_Base64" />
    </UnitTest>
    <UnitTest name="WitchCityRope.Infrastructure.Tests.Data.ComplexQueryTests.Should_Execute_Raw_SQL_Query" storage="/home/chad/repos/witchcityrope-react/tests/witchcityrope.infrastructure.tests/bin/debug/net9.0/witchcityrope.infrastructure.tests.dll" id="4912d116-f7fc-a751-481c-6c5c02960fc1">
      <Execution id="f6d07b8b-367b-4cac-8869-d616df19c84c" />
      <TestMethod codeBase="/home/chad/repos/witchcityrope-react/tests/WitchCityRope.Infrastructure.Tests/bin/Debug/net9.0/WitchCityRope.Infrastructure.Tests.dll" adapterTypeName="executor://xunit/VsTestRunner3/netcore/" className="WitchCityRope.Infrastructure.Tests.Data.ComplexQueryTests" name="Should_Execute_Raw_SQL_Query" />
    </UnitTest>
    <UnitTest name="WitchCityRope.Infrastructure.Tests.PayPal.PayPalServiceTests.Constructor_Should_Throw_When_Configuration_Is_Null" storage="/home/chad/repos/witchcityrope-react/tests/witchcityrope.infrastructure.tests/bin/debug/net9.0/witchcityrope.infrastructure.tests.dll" id="32b805ef-d784-d8e5-9caf-a748c5f789fb">
      <Execution id="739ddb39-2c9c-494d-bc40-c0d8a30d6453" />
      <TestMethod codeBase="/home/chad/repos/witchcityrope-react/tests/WitchCityRope.Infrastructure.Tests/bin/Debug/net9.0/WitchCityRope.Infrastructure.Tests.dll" adapterTypeName="executor://xunit/VsTestRunner3/netcore/" className="WitchCityRope.Infrastructure.Tests.PayPal.PayPalServiceTests" name="Constructor_Should_Throw_When_Configuration_Is_Null" />
    </UnitTest>
    <UnitTest name="WitchCityRope.Infrastructure.Tests.Data.MigrationTests.Should_Apply_All_Migrations_Successfully" storage="/home/chad/repos/witchcityrope-react/tests/witchcityrope.infrastructure.tests/bin/debug/net9.0/witchcityrope.infrastructure.tests.dll" id="3947765f-43ab-cae7-edae-7924657957aa">
      <Execution id="1eee4ad5-a0af-44c4-8a67-0d2bff26a4f9" />
      <TestMethod codeBase="/home/chad/repos/witchcityrope-react/tests/WitchCityRope.Infrastructure.Tests/bin/Debug/net9.0/WitchCityRope.Infrastructure.Tests.dll" adapterTypeName="executor://xunit/VsTestRunner3/netcore/" className="WitchCityRope.Infrastructure.Tests.Data.MigrationTests" name="Should_Apply_All_Migrations_Successfully" />
    </UnitTest>
    <UnitTest name="WitchCityRope.Infrastructure.Tests.Security.JwtTokenServiceTests.GenerateToken_Should_Include_All_Required_Claims" storage="/home/chad/repos/witchcityrope-react/tests/witchcityrope.infrastructure.tests/bin/debug/net9.0/witchcityrope.infrastructure.tests.dll" id="f40dcb59-5570-8947-4c85-82c6660d5c47">
      <Execution id="4d103fa2-75dd-4410-a19a-f4eebab0ce59" />
      <TestMethod codeBase="/home/chad/repos/witchcityrope-react/tests/WitchCityRope.Infrastructure.Tests/bin/Debug/net9.0/WitchCityRope.Infrastructure.Tests.dll" adapterTypeName="executor://xunit/VsTestRunner3/netcore/" className="WitchCityRope.Infrastructure.Tests.Security.JwtTokenServiceTests" name="GenerateToken_Should_Include_All_Required_Claims" />
    </UnitTest>
    <UnitTest name="WitchCityRope.Infrastructure.Tests.Data.ConcurrencyTests.Should_Handle_Concurrent_Updates_With_Retry_Logic" storage="/home/chad/repos/witchcityrope-react/tests/witchcityrope.infrastructure.tests/bin/debug/net9.0/witchcityrope.infrastructure.tests.dll" id="77f47604-3476-c76e-0620-42e3a18a923a">
      <Execution id="0bf578f2-82be-4c17-b6a5-861c11f36ef6" />
      <TestMethod codeBase="/home/chad/repos/witchcityrope-react/tests/WitchCityRope.Infrastructure.Tests/bin/Debug/net9.0/WitchCityRope.Infrastructure.Tests.dll" adapterTypeName="executor://xunit/VsTestRunner3/netcore/" className="WitchCityRope.Infrastructure.Tests.Data.ConcurrencyTests" name="Should_Handle_Concurrent_Updates_With_Retry_Logic" />
    </UnitTest>
    <UnitTest name="WitchCityRope.Infrastructure.Tests.Security.EncryptionServiceTests.Hash_Should_Produce_Different_Hashes_For_Same_Input" storage="/home/chad/repos/witchcityrope-react/tests/witchcityrope.infrastructure.tests/bin/debug/net9.0/witchcityrope.infrastructure.tests.dll" id="6a6f6355-9fd4-91c1-101e-d3a4ddbfd9e9">
      <Execution id="49c2e6af-4ef2-4842-b476-f267d18212ba" />
      <TestMethod codeBase="/home/chad/repos/witchcityrope-react/tests/WitchCityRope.Infrastructure.Tests/bin/Debug/net9.0/WitchCityRope.Infrastructure.Tests.dll" adapterTypeName="executor://xunit/VsTestRunner3/netcore/" className="WitchCityRope.Infrastructure.Tests.Security.EncryptionServiceTests" name="Hash_Should_Produce_Different_Hashes_For_Same_Input" />
    </UnitTest>
    <UnitTest name="WitchCityRope.Infrastructure.Tests.Data.WitchCityRopeDbContextTests.Should_Save_And_Retrieve_User" storage="/home/chad/repos/witchcityrope-react/tests/witchcityrope.infrastructure.tests/bin/debug/net9.0/witchcityrope.infrastructure.tests.dll" id="239858d9-6523-c1b4-9f7d-78a53c1eac10">
      <Execution id="3b7ef523-533d-442c-b9c1-7bed7d31207a" />
      <TestMethod codeBase="/home/chad/repos/witchcityrope-react/tests/WitchCityRope.Infrastructure.Tests/bin/Debug/net9.0/WitchCityRope.Infrastructure.Tests.dll" adapterTypeName="executor://xunit/VsTestRunner3/netcore/" className="WitchCityRope.Infrastructure.Tests.Data.WitchCityRopeDbContextTests" name="Should_Save_And_Retrieve_User" />
    </UnitTest>
    <UnitTest name="WitchCityRope.Infrastructure.Tests.Data.ConcurrencyTests.Should_Handle_Deadlock_Scenario" storage="/home/chad/repos/witchcityrope-react/tests/witchcityrope.infrastructure.tests/bin/debug/net9.0/witchcityrope.infrastructure.tests.dll" id="7e276b69-25a2-1e91-d250-12381a8ea181">
      <Execution id="0a103358-31d7-4fee-8a21-ae2fb2bfc70f" />
      <TestMethod codeBase="/home/chad/repos/witchcityrope-react/tests/WitchCityRope.Infrastructure.Tests/bin/Debug/net9.0/WitchCityRope.Infrastructure.Tests.dll" adapterTypeName="executor://xunit/VsTestRunner3/netcore/" className="WitchCityRope.Infrastructure.Tests.Data.ConcurrencyTests" name="Should_Handle_Deadlock_Scenario" />
    </UnitTest>
    <UnitTest name="WitchCityRope.Infrastructure.Tests.PayPal.PayPalServiceTests.CreatePaymentIntentAsync_Should_Return_Valid_Intent" storage="/home/chad/repos/witchcityrope-react/tests/witchcityrope.infrastructure.tests/bin/debug/net9.0/witchcityrope.infrastructure.tests.dll" id="87abcabe-5648-fdf1-3a5d-705e67f3c3fe">
      <Execution id="98802b15-da49-4919-9192-09da5d8fb3bb" />
      <TestMethod codeBase="/home/chad/repos/witchcityrope-react/tests/WitchCityRope.Infrastructure.Tests/bin/Debug/net9.0/WitchCityRope.Infrastructure.Tests.dll" adapterTypeName="executor://xunit/VsTestRunner3/netcore/" className="WitchCityRope.Infrastructure.Tests.PayPal.PayPalServiceTests" name="CreatePaymentIntentAsync_Should_Return_Valid_Intent" />
    </UnitTest>
    <UnitTest name="WitchCityRope.Infrastructure.Tests.Data.WitchCityRopeDbContextTests.Should_Apply_Global_Query_Filters_If_Configured" storage="/home/chad/repos/witchcityrope-react/tests/witchcityrope.infrastructure.tests/bin/debug/net9.0/witchcityrope.infrastructure.tests.dll" id="e1828be1-cfff-3e34-4b60-0621ccd8e3ab">
      <Execution id="f29df100-dc49-4217-9abe-7d62565b7f5f" />
      <TestMethod codeBase="/home/chad/repos/witchcityrope-react/tests/WitchCityRope.Infrastructure.Tests/bin/Debug/net9.0/WitchCityRope.Infrastructure.Tests.dll" adapterTypeName="executor://xunit/VsTestRunner3/netcore/" className="WitchCityRope.Infrastructure.Tests.Data.WitchCityRopeDbContextTests" name="Should_Apply_Global_Query_Filters_If_Configured" />
    </UnitTest>
    <UnitTest name="WitchCityRope.Infrastructure.Tests.PayPal.PayPalServiceTests.ProcessRefundAsync_Should_Return_Success_Result" storage="/home/chad/repos/witchcityrope-react/tests/witchcityrope.infrastructure.tests/bin/debug/net9.0/witchcityrope.infrastructure.tests.dll" id="f4e2e719-e2ed-ccf6-d6de-453713b765c3">
      <Execution id="4dc3ca7b-ff55-4309-8696-2dc12dd76854" />
      <TestMethod codeBase="/home/chad/repos/witchcityrope-react/tests/WitchCityRope.Infrastructure.Tests/bin/Debug/net9.0/WitchCityRope.Infrastructure.Tests.dll" adapterTypeName="executor://xunit/VsTestRunner3/netcore/" className="WitchCityRope.Infrastructure.Tests.PayPal.PayPalServiceTests" name="ProcessRefundAsync_Should_Return_Success_Result" />
    </UnitTest>
    <UnitTest name="WitchCityRope.Infrastructure.Tests.PayPal.PayPalServiceTests.ProcessRefundAsync_Should_Handle_Exceptions" storage="/home/chad/repos/witchcityrope-react/tests/witchcityrope.infrastructure.tests/bin/debug/net9.0/witchcityrope.infrastructure.tests.dll" id="10d1fa48-3361-6849-5e5d-c459122ca60e">
      <Execution id="88179914-fb50-448d-ad6d-1027dcd2e7ce" />
      <TestMethod codeBase="/home/chad/repos/witchcityrope-react/tests/WitchCityRope.Infrastructure.Tests/bin/Debug/net9.0/WitchCityRope.Infrastructure.Tests.dll" adapterTypeName="executor://xunit/VsTestRunner3/netcore/" className="WitchCityRope.Infrastructure.Tests.PayPal.PayPalServiceTests" name="ProcessRefundAsync_Should_Handle_Exceptions" />
    </UnitTest>
    <UnitTest name="WitchCityRope.Infrastructure.Tests.Email.EmailServiceTests.SendBulkEmailAsync_Should_Batch_Large_Recipient_Lists" storage="/home/chad/repos/witchcityrope-react/tests/witchcityrope.infrastructure.tests/bin/debug/net9.0/witchcityrope.infrastructure.tests.dll" id="646327bb-2edb-21ab-b78e-1f2eefc3c0b3">
      <Execution id="f97cb1b8-29a7-4559-a88e-a5a117b78a33" />
      <TestMethod codeBase="/home/chad/repos/witchcityrope-react/tests/WitchCityRope.Infrastructure.Tests/bin/Debug/net9.0/WitchCityRope.Infrastructure.Tests.dll" adapterTypeName="executor://xunit/VsTestRunner3/netcore/" className="WitchCityRope.Infrastructure.Tests.Email.EmailServiceTests" name="SendBulkEmailAsync_Should_Batch_Large_Recipient_Lists" />
    </UnitTest>
    <UnitTest name="WitchCityRope.Infrastructure.Tests.Security.JwtTokenServiceTests.ValidateToken_Should_Return_Null_For_Wrong_Issuer" storage="/home/chad/repos/witchcityrope-react/tests/witchcityrope.infrastructure.tests/bin/debug/net9.0/witchcityrope.infrastructure.tests.dll" id="3b3ecbd9-1b3c-f621-f2e4-19cb21a63a18">
      <Execution id="2c646843-57de-4b08-a1fa-e1b3be93182f" />
      <TestMethod codeBase="/home/chad/repos/witchcityrope-react/tests/WitchCityRope.Infrastructure.Tests/bin/Debug/net9.0/WitchCityRope.Infrastructure.Tests.dll" adapterTypeName="executor://xunit/VsTestRunner3/netcore/" className="WitchCityRope.Infrastructure.Tests.Security.JwtTokenServiceTests" name="ValidateToken_Should_Return_Null_For_Wrong_Issuer" />
    </UnitTest>
    <UnitTest name="WitchCityRope.Infrastructure.Tests.Email.EmailServiceTests.SendEmailAsync_Should_Send_Email_Successfully" storage="/home/chad/repos/witchcityrope-react/tests/witchcityrope.infrastructure.tests/bin/debug/net9.0/witchcityrope.infrastructure.tests.dll" id="0b2da06c-c211-ec4e-e650-05e93d1799bd">
      <Execution id="f26022da-eb75-41b0-afdb-d7ee66b173ee" />
      <TestMethod codeBase="/home/chad/repos/witchcityrope-react/tests/WitchCityRope.Infrastructure.Tests/bin/Debug/net9.0/WitchCityRope.Infrastructure.Tests.dll" adapterTypeName="executor://xunit/VsTestRunner3/netcore/" className="WitchCityRope.Infrastructure.Tests.Email.EmailServiceTests" name="SendEmailAsync_Should_Send_Email_Successfully" />
    </UnitTest>
    <UnitTest name="WitchCityRope.Infrastructure.Tests.PayPal.PayPalServiceTests.CreatePaymentIntentAsync_Should_Handle_Exceptions" storage="/home/chad/repos/witchcityrope-react/tests/witchcityrope.infrastructure.tests/bin/debug/net9.0/witchcityrope.infrastructure.tests.dll" id="b3ced23f-cb6e-2a17-6541-3fac83d667d8">
      <Execution id="d0b34b23-a6b2-4c5b-8327-5c36790397d9" />
      <TestMethod codeBase="/home/chad/repos/witchcityrope-react/tests/WitchCityRope.Infrastructure.Tests/bin/Debug/net9.0/WitchCityRope.Infrastructure.Tests.dll" adapterTypeName="executor://xunit/VsTestRunner3/netcore/" className="WitchCityRope.Infrastructure.Tests.PayPal.PayPalServiceTests" name="CreatePaymentIntentAsync_Should_Handle_Exceptions" />
    </UnitTest>
    <UnitTest name="WitchCityRope.Infrastructure.Tests.Security.JwtTokenServiceTests.GenerateRefreshToken_Should_Create_Valid_Base64_String" storage="/home/chad/repos/witchcityrope-react/tests/witchcityrope.infrastructure.tests/bin/debug/net9.0/witchcityrope.infrastructure.tests.dll" id="6555fe8c-88a8-9430-9c04-a65f7276a0ba">
      <Execution id="7e0f3a3b-4bd9-4099-b822-958ac6a87563" />
      <TestMethod codeBase="/home/chad/repos/witchcityrope-react/tests/WitchCityRope.Infrastructure.Tests/bin/Debug/net9.0/WitchCityRope.Infrastructure.Tests.dll" adapterTypeName="executor://xunit/VsTestRunner3/netcore/" className="WitchCityRope.Infrastructure.Tests.Security.JwtTokenServiceTests" name="GenerateRefreshToken_Should_Create_Valid_Base64_String" />
    </UnitTest>
    <UnitTest name="WitchCityRope.Infrastructure.Tests.Security.EncryptionServiceTests.VerifyHash_Should_Return_False_For_Invalid_Hash" storage="/home/chad/repos/witchcityrope-react/tests/witchcityrope.infrastructure.tests/bin/debug/net9.0/witchcityrope.infrastructure.tests.dll" id="c99a566a-1630-a491-7e5a-d1e5db3d6a74">
      <Execution id="b3d1895b-8adc-42bc-87e4-43ff007a68ae" />
      <TestMethod codeBase="/home/chad/repos/witchcityrope-react/tests/WitchCityRope.Infrastructure.Tests/bin/Debug/net9.0/WitchCityRope.Infrastructure.Tests.dll" adapterTypeName="executor://xunit/VsTestRunner3/netcore/" className="WitchCityRope.Infrastructure.Tests.Security.EncryptionServiceTests" name="VerifyHash_Should_Return_False_For_Invalid_Hash" />
    </UnitTest>
    <UnitTest name="WitchCityRope.Infrastructure.Tests.PayPal.PayPalServiceTests.GetPaymentStatusAsync_Should_Return_Pending_Status" storage="/home/chad/repos/witchcityrope-react/tests/witchcityrope.infrastructure.tests/bin/debug/net9.0/witchcityrope.infrastructure.tests.dll" id="3902fe4d-f17d-5d21-4746-ba713fd0b58c">
      <Execution id="8648373c-7980-4c30-a313-969b28b84374" />
      <TestMethod codeBase="/home/chad/repos/witchcityrope-react/tests/WitchCityRope.Infrastructure.Tests/bin/Debug/net9.0/WitchCityRope.Infrastructure.Tests.dll" adapterTypeName="executor://xunit/VsTestRunner3/netcore/" className="WitchCityRope.Infrastructure.Tests.PayPal.PayPalServiceTests" name="GetPaymentStatusAsync_Should_Return_Pending_Status" />
    </UnitTest>
    <UnitTest name="WitchCityRope.Infrastructure.Tests.Data.EntityConfigurationTests.Payment_Registration_Relationship_Should_Be_Configured_Correctly" storage="/home/chad/repos/witchcityrope-react/tests/witchcityrope.infrastructure.tests/bin/debug/net9.0/witchcityrope.infrastructure.tests.dll" id="b9694bad-42e0-0c76-3c47-bc8dece9f7e0">
      <Execution id="f0a6f622-1074-4f52-a737-319fb0bc1b38" />
      <TestMethod codeBase="/home/chad/repos/witchcityrope-react/tests/WitchCityRope.Infrastructure.Tests/bin/Debug/net9.0/WitchCityRope.Infrastructure.Tests.dll" adapterTypeName="executor://xunit/VsTestRunner3/netcore/" className="WitchCityRope.Infrastructure.Tests.Data.EntityConfigurationTests" name="Payment_Registration_Relationship_Should_Be_Configured_Correctly" />
    </UnitTest>
    <UnitTest name="WitchCityRope.Infrastructure.Tests.Data.ConcurrencyTests.Should_Handle_Concurrent_Aggregate_Updates" storage="/home/chad/repos/witchcityrope-react/tests/witchcityrope.infrastructure.tests/bin/debug/net9.0/witchcityrope.infrastructure.tests.dll" id="db381720-6b9c-2cfb-d4c6-17232fdeef3b">
      <Execution id="d9bd6bd4-ad60-4517-bdb4-34a4e66ec227" />
      <TestMethod codeBase="/home/chad/repos/witchcityrope-react/tests/WitchCityRope.Infrastructure.Tests/bin/Debug/net9.0/WitchCityRope.Infrastructure.Tests.dll" adapterTypeName="executor://xunit/VsTestRunner3/netcore/" className="WitchCityRope.Infrastructure.Tests.Data.ConcurrencyTests" name="Should_Handle_Concurrent_Aggregate_Updates" />
    </UnitTest>
    <UnitTest name="WitchCityRope.Infrastructure.Tests.Data.ComplexQueryTests.Should_Use_Compiled_Query_For_Performance" storage="/home/chad/repos/witchcityrope-react/tests/witchcityrope.infrastructure.tests/bin/debug/net9.0/witchcityrope.infrastructure.tests.dll" id="bd31f24b-8a56-ffab-1b6d-032aa810c6a3">
      <Execution id="0c57cfba-f86a-4851-afb1-3684680df82c" />
      <TestMethod codeBase="/home/chad/repos/witchcityrope-react/tests/WitchCityRope.Infrastructure.Tests/bin/Debug/net9.0/WitchCityRope.Infrastructure.Tests.dll" adapterTypeName="executor://xunit/VsTestRunner3/netcore/" className="WitchCityRope.Infrastructure.Tests.Data.ComplexQueryTests" name="Should_Use_Compiled_Query_For_Performance" />
    </UnitTest>
    <UnitTest name="WitchCityRope.Infrastructure.Tests.Data.ConcurrencyTests.Should_Handle_Concurrent_Vetting_Application_Reviews" storage="/home/chad/repos/witchcityrope-react/tests/witchcityrope.infrastructure.tests/bin/debug/net9.0/witchcityrope.infrastructure.tests.dll" id="62b65325-048b-ed3a-aab7-f63a342cc22e">
      <Execution id="9e19c59d-011e-4a89-a6a3-bbb310a90174" />
      <TestMethod codeBase="/home/chad/repos/witchcityrope-react/tests/WitchCityRope.Infrastructure.Tests/bin/Debug/net9.0/WitchCityRope.Infrastructure.Tests.dll" adapterTypeName="executor://xunit/VsTestRunner3/netcore/" className="WitchCityRope.Infrastructure.Tests.Data.ConcurrencyTests" name="Should_Handle_Concurrent_Vetting_Application_Reviews" />
    </UnitTest>
    <UnitTest name="WitchCityRope.Infrastructure.Tests.Email.EmailServiceTests.SendTemplateEmailAsync_Should_Throw_For_Unknown_Template" storage="/home/chad/repos/witchcityrope-react/tests/witchcityrope.infrastructure.tests/bin/debug/net9.0/witchcityrope.infrastructure.tests.dll" id="2c2006c0-221d-554f-297a-e29ef198d5bd">
      <Execution id="eb1488d2-5608-434d-aea0-2cf17fc94de7" />
      <TestMethod codeBase="/home/chad/repos/witchcityrope-react/tests/WitchCityRope.Infrastructure.Tests/bin/Debug/net9.0/WitchCityRope.Infrastructure.Tests.dll" adapterTypeName="executor://xunit/VsTestRunner3/netcore/" className="WitchCityRope.Infrastructure.Tests.Email.EmailServiceTests" name="SendTemplateEmailAsync_Should_Throw_For_Unknown_Template" />
    </UnitTest>
    <UnitTest name="WitchCityRope.Infrastructure.Tests.Security.JwtTokenServiceTests.ValidateToken_Should_Return_Null_For_Wrong_Audience" storage="/home/chad/repos/witchcityrope-react/tests/witchcityrope.infrastructure.tests/bin/debug/net9.0/witchcityrope.infrastructure.tests.dll" id="d29fcc06-571a-4921-ed4b-3a531d140ab9">
      <Execution id="2a9e229c-b97c-44db-8aef-c1b48a7a1576" />
      <TestMethod codeBase="/home/chad/repos/witchcityrope-react/tests/WitchCityRope.Infrastructure.Tests/bin/Debug/net9.0/WitchCityRope.Infrastructure.Tests.dll" adapterTypeName="executor://xunit/VsTestRunner3/netcore/" className="WitchCityRope.Infrastructure.Tests.Security.JwtTokenServiceTests" name="ValidateToken_Should_Return_Null_For_Wrong_Audience" />
    </UnitTest>
    <UnitTest name="WitchCityRope.Infrastructure.Tests.Email.EmailServiceTests.SendEmailAsync_Should_Send_PlainText_Email_When_IsHtml_Is_False" storage="/home/chad/repos/witchcityrope-react/tests/witchcityrope.infrastructure.tests/bin/debug/net9.0/witchcityrope.infrastructure.tests.dll" id="2dee0c93-c326-e436-b53d-0e74105a9590">
      <Execution id="7f664535-962c-4cc2-aa06-77d49ee38954" />
      <TestMethod codeBase="/home/chad/repos/witchcityrope-react/tests/WitchCityRope.Infrastructure.Tests/bin/Debug/net9.0/WitchCityRope.Infrastructure.Tests.dll" adapterTypeName="executor://xunit/VsTestRunner3/netcore/" className="WitchCityRope.Infrastructure.Tests.Email.EmailServiceTests" name="SendEmailAsync_Should_Send_PlainText_Email_When_IsHtml_Is_False" />
    </UnitTest>
    <UnitTest name="WitchCityRope.Infrastructure.Tests.Security.JwtTokenServiceTests.ValidateToken_Should_Return_Null_For_Wrong_Secret" storage="/home/chad/repos/witchcityrope-react/tests/witchcityrope.infrastructure.tests/bin/debug/net9.0/witchcityrope.infrastructure.tests.dll" id="d421b930-d649-aa53-9320-f0c3bc7b7be4">
      <Execution id="0a527b23-c54f-4be7-b952-3fd1c7dd1b34" />
      <TestMethod codeBase="/home/chad/repos/witchcityrope-react/tests/WitchCityRope.Infrastructure.Tests/bin/Debug/net9.0/WitchCityRope.Infrastructure.Tests.dll" adapterTypeName="executor://xunit/VsTestRunner3/netcore/" className="WitchCityRope.Infrastructure.Tests.Security.JwtTokenServiceTests" name="ValidateToken_Should_Return_Null_For_Wrong_Secret" />
    </UnitTest>
    <UnitTest name="WitchCityRope.Infrastructure.Tests.Security.JwtTokenServiceTests.Constructor_Should_Throw_When_SecretKey_Is_Missing" storage="/home/chad/repos/witchcityrope-react/tests/witchcityrope.infrastructure.tests/bin/debug/net9.0/witchcityrope.infrastructure.tests.dll" id="12ee414a-a43e-5473-78ad-46199e88b6c7">
      <Execution id="90430900-5514-44dd-ba9a-00e6257293f1" />
      <TestMethod codeBase="/home/chad/repos/witchcityrope-react/tests/WitchCityRope.Infrastructure.Tests/bin/Debug/net9.0/WitchCityRope.Infrastructure.Tests.dll" adapterTypeName="executor://xunit/VsTestRunner3/netcore/" className="WitchCityRope.Infrastructure.Tests.Security.JwtTokenServiceTests" name="Constructor_Should_Throw_When_SecretKey_Is_Missing" />
    </UnitTest>
    <UnitTest name="WitchCityRope.Infrastructure.Tests.Data.ConcurrencyTests.Should_Handle_Parallel_Bulk_Operations" storage="/home/chad/repos/witchcityrope-react/tests/witchcityrope.infrastructure.tests/bin/debug/net9.0/witchcityrope.infrastructure.tests.dll" id="f69cea75-c037-0d47-d3fb-10191b89beda">
      <Execution id="d4cbbed0-7d2a-4c96-932d-f98c117bb363" />
      <TestMethod codeBase="/home/chad/repos/witchcityrope-react/tests/WitchCityRope.Infrastructure.Tests/bin/Debug/net9.0/WitchCityRope.Infrastructure.Tests.dll" adapterTypeName="executor://xunit/VsTestRunner3/netcore/" className="WitchCityRope.Infrastructure.Tests.Data.ConcurrencyTests" name="Should_Handle_Parallel_Bulk_Operations" />
    </UnitTest>
    <UnitTest name="WitchCityRope.Infrastructure.Tests.Security.EncryptionServiceTests.DecryptAsync_Should_Return_Null_For_Null_Input" storage="/home/chad/repos/witchcityrope-react/tests/witchcityrope.infrastructure.tests/bin/debug/net9.0/witchcityrope.infrastructure.tests.dll" id="41ae648d-7fc7-ba2f-c06a-44229c2bffd5">
      <Execution id="c667d734-27ff-4d54-8511-16b0607d8baa" />
      <TestMethod codeBase="/home/chad/repos/witchcityrope-react/tests/WitchCityRope.Infrastructure.Tests/bin/Debug/net9.0/WitchCityRope.Infrastructure.Tests.dll" adapterTypeName="executor://xunit/VsTestRunner3/netcore/" className="WitchCityRope.Infrastructure.Tests.Security.EncryptionServiceTests" name="DecryptAsync_Should_Return_Null_For_Null_Input" />
    </UnitTest>
    <UnitTest name="WitchCityRope.Infrastructure.Tests.Data.ComplexQueryTests.Should_Execute_Complex_Join_Query" storage="/home/chad/repos/witchcityrope-react/tests/witchcityrope.infrastructure.tests/bin/debug/net9.0/witchcityrope.infrastructure.tests.dll" id="395e9654-511f-4e89-413f-4a0e36424649">
      <Execution id="4ce601d8-0e03-46e4-8f02-d5e7c355a93c" />
      <TestMethod codeBase="/home/chad/repos/witchcityrope-react/tests/WitchCityRope.Infrastructure.Tests/bin/Debug/net9.0/WitchCityRope.Infrastructure.Tests.dll" adapterTypeName="executor://xunit/VsTestRunner3/netcore/" className="WitchCityRope.Infrastructure.Tests.Data.ComplexQueryTests" name="Should_Execute_Complex_Join_Query" />
    </UnitTest>
    <UnitTest name="WitchCityRope.Infrastructure.Tests.Security.JwtTokenServiceTests.GetUserIdFromToken_Should_Return_UserId_For_Valid_Token" storage="/home/chad/repos/witchcityrope-react/tests/witchcityrope.infrastructure.tests/bin/debug/net9.0/witchcityrope.infrastructure.tests.dll" id="e21df2cf-ba0a-8810-7404-ab38bf078339">
      <Execution id="4b682fc8-e00b-4534-96e4-1b58d65f17be" />
      <TestMethod codeBase="/home/chad/repos/witchcityrope-react/tests/WitchCityRope.Infrastructure.Tests/bin/Debug/net9.0/WitchCityRope.Infrastructure.Tests.dll" adapterTypeName="executor://xunit/VsTestRunner3/netcore/" className="WitchCityRope.Infrastructure.Tests.Security.JwtTokenServiceTests" name="GetUserIdFromToken_Should_Return_UserId_For_Valid_Token" />
    </UnitTest>
    <UnitTest name="WitchCityRope.Infrastructure.Tests.Security.EncryptionServiceTests.Constructor_Should_Throw_When_Configuration_Is_Null" storage="/home/chad/repos/witchcityrope-react/tests/witchcityrope.infrastructure.tests/bin/debug/net9.0/witchcityrope.infrastructure.tests.dll" id="c6348b7e-7455-a038-0d62-d669b4fb234b">
      <Execution id="d507f085-364f-4e93-b4ab-b9f768240a13" />
      <TestMethod codeBase="/home/chad/repos/witchcityrope-react/tests/WitchCityRope.Infrastructure.Tests/bin/Debug/net9.0/WitchCityRope.Infrastructure.Tests.dll" adapterTypeName="executor://xunit/VsTestRunner3/netcore/" className="WitchCityRope.Infrastructure.Tests.Security.EncryptionServiceTests" name="Constructor_Should_Throw_When_Configuration_Is_Null" />
    </UnitTest>
    <UnitTest name="WitchCityRope.Infrastructure.Tests.PayPal.PayPalServiceTests.ProcessPaymentAsync_Should_Return_Success_Result" storage="/home/chad/repos/witchcityrope-react/tests/witchcityrope.infrastructure.tests/bin/debug/net9.0/witchcityrope.infrastructure.tests.dll" id="3afe0f4f-66e8-c918-74b9-e20778e75e86">
      <Execution id="78bf4700-bbb7-455c-ba52-cbf9e084d85a" />
      <TestMethod codeBase="/home/chad/repos/witchcityrope-react/tests/WitchCityRope.Infrastructure.Tests/bin/Debug/net9.0/WitchCityRope.Infrastructure.Tests.dll" adapterTypeName="executor://xunit/VsTestRunner3/netcore/" className="WitchCityRope.Infrastructure.Tests.PayPal.PayPalServiceTests" name="ProcessPaymentAsync_Should_Return_Success_Result" />
    </UnitTest>
    <UnitTest name="WitchCityRope.Infrastructure.Tests.Security.EncryptionServiceTests.EncryptAsync_Should_Encrypt_Plain_Text" storage="/home/chad/repos/witchcityrope-react/tests/witchcityrope.infrastructure.tests/bin/debug/net9.0/witchcityrope.infrastructure.tests.dll" id="cee07bb6-f0e2-062a-9298-b31e489309dc">
      <Execution id="44f12fb5-2230-4bf1-a4fa-7f91535b052b" />
      <TestMethod codeBase="/home/chad/repos/witchcityrope-react/tests/WitchCityRope.Infrastructure.Tests/bin/Debug/net9.0/WitchCityRope.Infrastructure.Tests.dll" adapterTypeName="executor://xunit/VsTestRunner3/netcore/" className="WitchCityRope.Infrastructure.Tests.Security.EncryptionServiceTests" name="EncryptAsync_Should_Encrypt_Plain_Text" />
    </UnitTest>
    <UnitTest name="WitchCityRope.Infrastructure.Tests.Data.EntityConfigurationTests.User_Configuration_Should_Enforce_Unique_Email" storage="/home/chad/repos/witchcityrope-react/tests/witchcityrope.infrastructure.tests/bin/debug/net9.0/witchcityrope.infrastructure.tests.dll" id="41de6ffd-df72-f5d2-e6b2-2548e17c369e">
      <Execution id="11aad297-267e-4593-8768-d87d190e5daf" />
      <TestMethod codeBase="/home/chad/repos/witchcityrope-react/tests/WitchCityRope.Infrastructure.Tests/bin/Debug/net9.0/WitchCityRope.Infrastructure.Tests.dll" adapterTypeName="executor://xunit/VsTestRunner3/netcore/" className="WitchCityRope.Infrastructure.Tests.Data.EntityConfigurationTests" name="User_Configuration_Should_Enforce_Unique_Email" />
    </UnitTest>
    <UnitTest name="WitchCityRope.Infrastructure.Tests.Data.EntityConfigurationTests.User_Configuration_Should_Store_Value_Objects_Correctly" storage="/home/chad/repos/witchcityrope-react/tests/witchcityrope.infrastructure.tests/bin/debug/net9.0/witchcityrope.infrastructure.tests.dll" id="26b9f878-3757-489b-6626-eca8d0f72307">
      <Execution id="9237008a-4b94-4720-a21a-a23d1151bf7b" />
      <TestMethod codeBase="/home/chad/repos/witchcityrope-react/tests/WitchCityRope.Infrastructure.Tests/bin/Debug/net9.0/WitchCityRope.Infrastructure.Tests.dll" adapterTypeName="executor://xunit/VsTestRunner3/netcore/" className="WitchCityRope.Infrastructure.Tests.Data.EntityConfigurationTests" name="User_Configuration_Should_Store_Value_Objects_Correctly" />
    </UnitTest>
    <UnitTest name="WitchCityRope.Infrastructure.Tests.PayPal.PayPalServiceTests.GetPaymentStatusAsync_Should_Return_Failed_On_Exception" storage="/home/chad/repos/witchcityrope-react/tests/witchcityrope.infrastructure.tests/bin/debug/net9.0/witchcityrope.infrastructure.tests.dll" id="a4c6dfe2-8692-442a-7687-11fe74a57291">
      <Execution id="498ca0e6-a5b8-45a4-bbc8-7a97d9a1fbd6" />
      <TestMethod codeBase="/home/chad/repos/witchcityrope-react/tests/WitchCityRope.Infrastructure.Tests/bin/Debug/net9.0/WitchCityRope.Infrastructure.Tests.dll" adapterTypeName="executor://xunit/VsTestRunner3/netcore/" className="WitchCityRope.Infrastructure.Tests.PayPal.PayPalServiceTests" name="GetPaymentStatusAsync_Should_Return_Failed_On_Exception" />
    </UnitTest>
    <UnitTest name="WitchCityRope.Infrastructure.Tests.Security.EncryptionServiceTests.DecryptAsync_Should_Decrypt_Encrypted_Text" storage="/home/chad/repos/witchcityrope-react/tests/witchcityrope.infrastructure.tests/bin/debug/net9.0/witchcityrope.infrastructure.tests.dll" id="15b6fe83-e163-93ae-7ba9-51007c17c9b1">
      <Execution id="382379b6-d360-4851-a28e-7721a23f7291" />
      <TestMethod codeBase="/home/chad/repos/witchcityrope-react/tests/WitchCityRope.Infrastructure.Tests/bin/Debug/net9.0/WitchCityRope.Infrastructure.Tests.dll" adapterTypeName="executor://xunit/VsTestRunner3/netcore/" className="WitchCityRope.Infrastructure.Tests.Security.EncryptionServiceTests" name="DecryptAsync_Should_Decrypt_Encrypted_Text" />
    </UnitTest>
    <UnitTest name="WitchCityRope.Infrastructure.Tests.Security.EncryptionServiceTests.Hash_Should_Create_BCrypt_Hash" storage="/home/chad/repos/witchcityrope-react/tests/witchcityrope.infrastructure.tests/bin/debug/net9.0/witchcityrope.infrastructure.tests.dll" id="1390353e-4e0e-3135-81d6-685a745aa5fb">
      <Execution id="ca011e5f-a5cd-4656-b960-917cbf917d2d" />
      <TestMethod codeBase="/home/chad/repos/witchcityrope-react/tests/WitchCityRope.Infrastructure.Tests/bin/Debug/net9.0/WitchCityRope.Infrastructure.Tests.dll" adapterTypeName="executor://xunit/VsTestRunner3/netcore/" className="WitchCityRope.Infrastructure.Tests.Security.EncryptionServiceTests" name="Hash_Should_Create_BCrypt_Hash" />
    </UnitTest>
    <UnitTest name="WitchCityRope.Infrastructure.Tests.PayPal.PayPalServiceTests.Constructor_Should_Throw_When_Logger_Is_Null" storage="/home/chad/repos/witchcityrope-react/tests/witchcityrope.infrastructure.tests/bin/debug/net9.0/witchcityrope.infrastructure.tests.dll" id="5baaed9a-7b39-bf0a-975b-3f375a59580f">
      <Execution id="6d05788a-f7e0-4b0c-a2c5-f612ae845d80" />
      <TestMethod codeBase="/home/chad/repos/witchcityrope-react/tests/WitchCityRope.Infrastructure.Tests/bin/Debug/net9.0/WitchCityRope.Infrastructure.Tests.dll" adapterTypeName="executor://xunit/VsTestRunner3/netcore/" className="WitchCityRope.Infrastructure.Tests.PayPal.PayPalServiceTests" name="Constructor_Should_Throw_When_Logger_Is_Null" />
    </UnitTest>
    <UnitTest name="WitchCityRope.Infrastructure.Tests.Security.EncryptionServiceTests.Encryption_Should_Be_Deterministic_With_Same_Key" storage="/home/chad/repos/witchcityrope-react/tests/witchcityrope.infrastructure.tests/bin/debug/net9.0/witchcityrope.infrastructure.tests.dll" id="fb57c710-b9e2-ed4a-59de-d5901369c26e">
      <Execution id="4e2be2ca-1ef3-480f-8be5-f9f9e57c49d7" />
      <TestMethod codeBase="/home/chad/repos/witchcityrope-react/tests/WitchCityRope.Infrastructure.Tests/bin/Debug/net9.0/WitchCityRope.Infrastructure.Tests.dll" adapterTypeName="executor://xunit/VsTestRunner3/netcore/" className="WitchCityRope.Infrastructure.Tests.Security.EncryptionServiceTests" name="Encryption_Should_Be_Deterministic_With_Same_Key" />
    </UnitTest>
    <UnitTest name="WitchCityRope.Infrastructure.Tests.PayPal.PayPalServiceTests.ValidatePaymentMethodAsync_Should_Return_False_For_Empty_Method" storage="/home/chad/repos/witchcityrope-react/tests/witchcityrope.infrastructure.tests/bin/debug/net9.0/witchcityrope.infrastructure.tests.dll" id="79cdb1a1-4a9a-f0b2-2460-493cf93bd7f4">
      <Execution id="761ad4e7-4a8d-492d-8c1c-7997283e4d0c" />
      <TestMethod codeBase="/home/chad/repos/witchcityrope-react/tests/WitchCityRope.Infrastructure.Tests/bin/Debug/net9.0/WitchCityRope.Infrastructure.Tests.dll" adapterTypeName="executor://xunit/VsTestRunner3/netcore/" className="WitchCityRope.Infrastructure.Tests.PayPal.PayPalServiceTests" name="ValidatePaymentMethodAsync_Should_Return_False_For_Empty_Method" />
    </UnitTest>
    <UnitTest name="WitchCityRope.Infrastructure.Tests.Security.JwtTokenServiceTests.GetUserIdFromToken_Should_Return_Null_For_Invalid_Token" storage="/home/chad/repos/witchcityrope-react/tests/witchcityrope.infrastructure.tests/bin/debug/net9.0/witchcityrope.infrastructure.tests.dll" id="9fe6d175-d2ab-6131-d5d1-c65e74e5832a">
      <Execution id="657584af-3084-4c1e-baba-90dda2e67ecf" />
      <TestMethod codeBase="/home/chad/repos/witchcityrope-react/tests/WitchCityRope.Infrastructure.Tests/bin/Debug/net9.0/WitchCityRope.Infrastructure.Tests.dll" adapterTypeName="executor://xunit/VsTestRunner3/netcore/" className="WitchCityRope.Infrastructure.Tests.Security.JwtTokenServiceTests" name="GetUserIdFromToken_Should_Return_Null_For_Invalid_Token" />
    </UnitTest>
    <UnitTest name="WitchCityRope.Infrastructure.Tests.Security.JwtTokenServiceTests.GenerateToken_Should_Throw_For_Null_User" storage="/home/chad/repos/witchcityrope-react/tests/witchcityrope.infrastructure.tests/bin/debug/net9.0/witchcityrope.infrastructure.tests.dll" id="748f8264-f4b3-9b6e-bf21-ba9f263ed688">
      <Execution id="4de4893c-e837-494d-a5a5-e5083a11eb5f" />
      <TestMethod codeBase="/home/chad/repos/witchcityrope-react/tests/WitchCityRope.Infrastructure.Tests/bin/Debug/net9.0/WitchCityRope.Infrastructure.Tests.dll" adapterTypeName="executor://xunit/VsTestRunner3/netcore/" className="WitchCityRope.Infrastructure.Tests.Security.JwtTokenServiceTests" name="GenerateToken_Should_Throw_For_Null_User" />
    </UnitTest>
    <UnitTest name="WitchCityRope.Infrastructure.Tests.Data.ConcurrencyTests.Should_Handle_Concurrent_Event_Registration" storage="/home/chad/repos/witchcityrope-react/tests/witchcityrope.infrastructure.tests/bin/debug/net9.0/witchcityrope.infrastructure.tests.dll" id="5b0a3d64-a64f-8568-d161-26c211e26ebb">
      <Execution id="6e555cb3-4d98-40bf-8973-f41d5ee64113" />
      <TestMethod codeBase="/home/chad/repos/witchcityrope-react/tests/WitchCityRope.Infrastructure.Tests/bin/Debug/net9.0/WitchCityRope.Infrastructure.Tests.dll" adapterTypeName="executor://xunit/VsTestRunner3/netcore/" className="WitchCityRope.Infrastructure.Tests.Data.ConcurrencyTests" name="Should_Handle_Concurrent_Event_Registration" />
    </UnitTest>
    <UnitTest name="WitchCityRope.Infrastructure.Tests.Data.WitchCityRopeDbContextTests.Should_Update_Audit_Fields_On_Modify" storage="/home/chad/repos/witchcityrope-react/tests/witchcityrope.infrastructure.tests/bin/debug/net9.0/witchcityrope.infrastructure.tests.dll" id="69221b6b-5e06-008b-d928-3f77a40328a2">
      <Execution id="43ae2f94-b3e3-473d-856e-ce181124e583" />
      <TestMethod codeBase="/home/chad/repos/witchcityrope-react/tests/WitchCityRope.Infrastructure.Tests/bin/Debug/net9.0/WitchCityRope.Infrastructure.Tests.dll" adapterTypeName="executor://xunit/VsTestRunner3/netcore/" className="WitchCityRope.Infrastructure.Tests.Data.WitchCityRopeDbContextTests" name="Should_Update_Audit_Fields_On_Modify" />
    </UnitTest>
    <UnitTest name="WitchCityRope.Infrastructure.Tests.Email.EmailServiceTests.SendRegistrationConfirmationAsync_Should_Use_Correct_Template" storage="/home/chad/repos/witchcityrope-react/tests/witchcityrope.infrastructure.tests/bin/debug/net9.0/witchcityrope.infrastructure.tests.dll" id="8dde58a5-7529-70d6-f415-cc7c8025de4a">
      <Execution id="cbbbcd5a-efca-4357-b4a5-dcd37452dee3" />
      <TestMethod codeBase="/home/chad/repos/witchcityrope-react/tests/WitchCityRope.Infrastructure.Tests/bin/Debug/net9.0/WitchCityRope.Infrastructure.Tests.dll" adapterTypeName="executor://xunit/VsTestRunner3/netcore/" className="WitchCityRope.Infrastructure.Tests.Email.EmailServiceTests" name="SendRegistrationConfirmationAsync_Should_Use_Correct_Template" />
    </UnitTest>
    <UnitTest name="WitchCityRope.Infrastructure.Tests.Security.EncryptionServiceTests.EncryptAsync_Should_Return_Empty_String_For_Empty_Input" storage="/home/chad/repos/witchcityrope-react/tests/witchcityrope.infrastructure.tests/bin/debug/net9.0/witchcityrope.infrastructure.tests.dll" id="548a09d3-4fa2-75df-faa2-e267f1d73899">
      <Execution id="5ce498de-01c5-4a6d-b3bf-8fcb23dc96c1" />
      <TestMethod codeBase="/home/chad/repos/witchcityrope-react/tests/WitchCityRope.Infrastructure.Tests/bin/Debug/net9.0/WitchCityRope.Infrastructure.Tests.dll" adapterTypeName="executor://xunit/VsTestRunner3/netcore/" className="WitchCityRope.Infrastructure.Tests.Security.EncryptionServiceTests" name="EncryptAsync_Should_Return_Empty_String_For_Empty_Input" />
    </UnitTest>
    <UnitTest name="WitchCityRope.Infrastructure.Tests.Data.WitchCityRopeDbContextTests.Should_Create_Database_Schema" storage="/home/chad/repos/witchcityrope-react/tests/witchcityrope.infrastructure.tests/bin/debug/net9.0/witchcityrope.infrastructure.tests.dll" id="0d50f91b-1973-b06b-3035-cd7f803461f8">
      <Execution id="d0b930f5-ac8f-4242-905d-a6c74ceff87e" />
      <TestMethod codeBase="/home/chad/repos/witchcityrope-react/tests/WitchCityRope.Infrastructure.Tests/bin/Debug/net9.0/WitchCityRope.Infrastructure.Tests.dll" adapterTypeName="executor://xunit/VsTestRunner3/netcore/" className="WitchCityRope.Infrastructure.Tests.Data.WitchCityRopeDbContextTests" name="Should_Create_Database_Schema" />
    </UnitTest>
    <UnitTest name="WitchCityRope.Infrastructure.Tests.PayPal.PayPalServiceTests.Should_Use_Sandbox_Environment_When_Configured" storage="/home/chad/repos/witchcityrope-react/tests/witchcityrope.infrastructure.tests/bin/debug/net9.0/witchcityrope.infrastructure.tests.dll" id="19e6bda6-00bd-7cd6-3c38-90a57abeea2e">
      <Execution id="6b75d933-26b9-4e73-854c-2884201055b9" />
      <TestMethod codeBase="/home/chad/repos/witchcityrope-react/tests/WitchCityRope.Infrastructure.Tests/bin/Debug/net9.0/WitchCityRope.Infrastructure.Tests.dll" adapterTypeName="executor://xunit/VsTestRunner3/netcore/" className="WitchCityRope.Infrastructure.Tests.PayPal.PayPalServiceTests" name="Should_Use_Sandbox_Environment_When_Configured" />
    </UnitTest>
    <UnitTest name="WitchCityRope.Infrastructure.Tests.Security.EncryptionServiceTests.VerifyHash_Should_Return_False_For_Null_PlainText" storage="/home/chad/repos/witchcityrope-react/tests/witchcityrope.infrastructure.tests/bin/debug/net9.0/witchcityrope.infrastructure.tests.dll" id="f768ae59-36e8-7994-fc40-60be4f478e46">
      <Execution id="eea81fbd-345c-48f0-966e-dd10157b76c4" />
      <TestMethod codeBase="/home/chad/repos/witchcityrope-react/tests/WitchCityRope.Infrastructure.Tests/bin/Debug/net9.0/WitchCityRope.Infrastructure.Tests.dll" adapterTypeName="executor://xunit/VsTestRunner3/netcore/" className="WitchCityRope.Infrastructure.Tests.Security.EncryptionServiceTests" name="VerifyHash_Should_Return_False_For_Null_PlainText" />
    </UnitTest>
    <UnitTest name="WitchCityRope.Infrastructure.Tests.Data.ConcurrencyTests.Should_Handle_Optimistic_Concurrency_With_RowVersion" storage="/home/chad/repos/witchcityrope-react/tests/witchcityrope.infrastructure.tests/bin/debug/net9.0/witchcityrope.infrastructure.tests.dll" id="0cf7ed9f-4d8e-2f0c-2cb2-fcd1f0c857e6">
      <Execution id="7c58093b-4a59-4d65-bc37-e4df915d146e" />
      <TestMethod codeBase="/home/chad/repos/witchcityrope-react/tests/WitchCityRope.Infrastructure.Tests/bin/Debug/net9.0/WitchCityRope.Infrastructure.Tests.dll" adapterTypeName="executor://xunit/VsTestRunner3/netcore/" className="WitchCityRope.Infrastructure.Tests.Data.ConcurrencyTests" name="Should_Handle_Optimistic_Concurrency_With_RowVersion" />
    </UnitTest>
    <UnitTest name="WitchCityRope.Infrastructure.Tests.Security.EncryptionServiceTests.Encryption_Should_Fail_With_Different_Keys" storage="/home/chad/repos/witchcityrope-react/tests/witchcityrope.infrastructure.tests/bin/debug/net9.0/witchcityrope.infrastructure.tests.dll" id="e21cd5c6-324b-c676-dab9-0bd35c2ac14e">
      <Execution id="a52a813d-403f-4825-bd34-e2a389a4b1d7" />
      <TestMethod codeBase="/home/chad/repos/witchcityrope-react/tests/WitchCityRope.Infrastructure.Tests/bin/Debug/net9.0/WitchCityRope.Infrastructure.Tests.dll" adapterTypeName="executor://xunit/VsTestRunner3/netcore/" className="WitchCityRope.Infrastructure.Tests.Security.EncryptionServiceTests" name="Encryption_Should_Fail_With_Different_Keys" />
    </UnitTest>
    <UnitTest name="WitchCityRope.Infrastructure.Tests.Data.EntityConfigurationTests.VettingApplication_User_Relationship_Should_Be_Configured_Correctly" storage="/home/chad/repos/witchcityrope-react/tests/witchcityrope.infrastructure.tests/bin/debug/net9.0/witchcityrope.infrastructure.tests.dll" id="2e295478-e22d-9437-5e20-58c9801b1053">
      <Execution id="9457eedf-a48d-4eae-bbb0-77efe420201e" />
      <TestMethod codeBase="/home/chad/repos/witchcityrope-react/tests/WitchCityRope.Infrastructure.Tests/bin/Debug/net9.0/WitchCityRope.Infrastructure.Tests.dll" adapterTypeName="executor://xunit/VsTestRunner3/netcore/" className="WitchCityRope.Infrastructure.Tests.Data.EntityConfigurationTests" name="VettingApplication_User_Relationship_Should_Be_Configured_Correctly" />
    </UnitTest>
    <UnitTest name="WitchCityRope.Infrastructure.Tests.Security.JwtTokenServiceTests.GenerateToken_Should_Set_Correct_Expiration" storage="/home/chad/repos/witchcityrope-react/tests/witchcityrope.infrastructure.tests/bin/debug/net9.0/witchcityrope.infrastructure.tests.dll" id="121b47a1-7650-eac0-8814-509934e34c51">
      <Execution id="71cb229c-e4f7-4469-8ac0-168c6c505b0f" />
      <TestMethod codeBase="/home/chad/repos/witchcityrope-react/tests/WitchCityRope.Infrastructure.Tests/bin/Debug/net9.0/WitchCityRope.Infrastructure.Tests.dll" adapterTypeName="executor://xunit/VsTestRunner3/netcore/" className="WitchCityRope.Infrastructure.Tests.Security.JwtTokenServiceTests" name="GenerateToken_Should_Set_Correct_Expiration" />
    </UnitTest>
    <UnitTest name="WitchCityRope.Infrastructure.Tests.Data.WitchCityRopeDbContextTests.Should_Handle_Transactions" storage="/home/chad/repos/witchcityrope-react/tests/witchcityrope.infrastructure.tests/bin/debug/net9.0/witchcityrope.infrastructure.tests.dll" id="fb5b9c38-8b84-314c-709f-5c4f52c1a376">
      <Execution id="b134ed17-f0ba-4962-a2cc-f8ab698871c6" />
      <TestMethod codeBase="/home/chad/repos/witchcityrope-react/tests/WitchCityRope.Infrastructure.Tests/bin/Debug/net9.0/WitchCityRope.Infrastructure.Tests.dll" adapterTypeName="executor://xunit/VsTestRunner3/netcore/" className="WitchCityRope.Infrastructure.Tests.Data.WitchCityRopeDbContextTests" name="Should_Handle_Transactions" />
    </UnitTest>
    <UnitTest name="WitchCityRope.Infrastructure.Tests.Email.EmailServiceTests.Constructor_Should_Throw_When_SendGridClient_Is_Null" storage="/home/chad/repos/witchcityrope-react/tests/witchcityrope.infrastructure.tests/bin/debug/net9.0/witchcityrope.infrastructure.tests.dll" id="f2a9e942-c5a4-67ec-c6f6-76d8270d8e03">
      <Execution id="ba7e884c-e0da-4986-84c1-321065010248" />
      <TestMethod codeBase="/home/chad/repos/witchcityrope-react/tests/WitchCityRope.Infrastructure.Tests/bin/Debug/net9.0/WitchCityRope.Infrastructure.Tests.dll" adapterTypeName="executor://xunit/VsTestRunner3/netcore/" className="WitchCityRope.Infrastructure.Tests.Email.EmailServiceTests" name="Constructor_Should_Throw_When_SendGridClient_Is_Null" />
    </UnitTest>
    <UnitTest name="WitchCityRope.Infrastructure.Tests.PayPal.PayPalServiceTests.Should_Use_Production_Environment_When_Configured" storage="/home/chad/repos/witchcityrope-react/tests/witchcityrope.infrastructure.tests/bin/debug/net9.0/witchcityrope.infrastructure.tests.dll" id="d09d88d0-e6be-e39b-577c-5d7881b8be2d">
      <Execution id="d2c5f217-9c58-4e0a-8d44-997752118eb3" />
      <TestMethod codeBase="/home/chad/repos/witchcityrope-react/tests/WitchCityRope.Infrastructure.Tests/bin/Debug/net9.0/WitchCityRope.Infrastructure.Tests.dll" adapterTypeName="executor://xunit/VsTestRunner3/netcore/" className="WitchCityRope.Infrastructure.Tests.PayPal.PayPalServiceTests" name="Should_Use_Production_Environment_When_Configured" />
    </UnitTest>
    <UnitTest name="WitchCityRope.Infrastructure.Tests.Security.EncryptionServiceTests.Constructor_Should_Throw_When_Encryption_Key_Is_Missing" storage="/home/chad/repos/witchcityrope-react/tests/witchcityrope.infrastructure.tests/bin/debug/net9.0/witchcityrope.infrastructure.tests.dll" id="ad8c3afd-60d6-cd49-53c0-babc94254028">
      <Execution id="e9d62461-70c6-4f7a-bc1c-c8c931930a13" />
      <TestMethod codeBase="/home/chad/repos/witchcityrope-react/tests/WitchCityRope.Infrastructure.Tests/bin/Debug/net9.0/WitchCityRope.Infrastructure.Tests.dll" adapterTypeName="executor://xunit/VsTestRunner3/netcore/" className="WitchCityRope.Infrastructure.Tests.Security.EncryptionServiceTests" name="Constructor_Should_Throw_When_Encryption_Key_Is_Missing" />
    </UnitTest>
    <UnitTest name="WitchCityRope.Infrastructure.Tests.Data.EntityConfigurationTests.IncidentReport_Should_Support_Anonymous_Reports" storage="/home/chad/repos/witchcityrope-react/tests/witchcityrope.infrastructure.tests/bin/debug/net9.0/witchcityrope.infrastructure.tests.dll" id="591200bf-8c10-cbe7-b292-ba438a5b1619">
      <Execution id="05d411cb-d2a6-49f0-b39f-e909b35a7e6a" />
      <TestMethod codeBase="/home/chad/repos/witchcityrope-react/tests/WitchCityRope.Infrastructure.Tests/bin/Debug/net9.0/WitchCityRope.Infrastructure.Tests.dll" adapterTypeName="executor://xunit/VsTestRunner3/netcore/" className="WitchCityRope.Infrastructure.Tests.Data.EntityConfigurationTests" name="IncidentReport_Should_Support_Anonymous_Reports" />
    </UnitTest>
    <UnitTest name="WitchCityRope.Infrastructure.Tests.Data.WitchCityRopeDbContextTests.Should_Track_Entity_Changes" storage="/home/chad/repos/witchcityrope-react/tests/witchcityrope.infrastructure.tests/bin/debug/net9.0/witchcityrope.infrastructure.tests.dll" id="970cea6b-40ba-903c-9bac-ba8ed8c9ebf1">
      <Execution id="0a268de0-656b-4132-9436-7b3acea5cef3" />
      <TestMethod codeBase="/home/chad/repos/witchcityrope-react/tests/WitchCityRope.Infrastructure.Tests/bin/Debug/net9.0/WitchCityRope.Infrastructure.Tests.dll" adapterTypeName="executor://xunit/VsTestRunner3/netcore/" className="WitchCityRope.Infrastructure.Tests.Data.WitchCityRopeDbContextTests" name="Should_Track_Entity_Changes" />
    </UnitTest>
    <UnitTest name="WitchCityRope.Infrastructure.Tests.Email.EmailServiceTests.SendCancellationConfirmationAsync_Should_Include_Refund_When_Provided" storage="/home/chad/repos/witchcityrope-react/tests/witchcityrope.infrastructure.tests/bin/debug/net9.0/witchcityrope.infrastructure.tests.dll" id="1ae5ff30-1a08-cfcb-e755-65a04829e2b4">
      <Execution id="e4d483a6-7caf-4a35-8a91-2f980d84f1b7" />
      <TestMethod codeBase="/home/chad/repos/witchcityrope-react/tests/WitchCityRope.Infrastructure.Tests/bin/Debug/net9.0/WitchCityRope.Infrastructure.Tests.dll" adapterTypeName="executor://xunit/VsTestRunner3/netcore/" className="WitchCityRope.Infrastructure.Tests.Email.EmailServiceTests" name="SendCancellationConfirmationAsync_Should_Include_Refund_When_Provided" />
    </UnitTest>
    <UnitTest name="WitchCityRope.Infrastructure.Tests.Data.MigrationTests.Should_Create_Correct_Foreign_Keys" storage="/home/chad/repos/witchcityrope-react/tests/witchcityrope.infrastructure.tests/bin/debug/net9.0/witchcityrope.infrastructure.tests.dll" id="0c01b91e-1f31-c944-fe79-657241846334">
      <Execution id="c290fc0e-e400-4bf1-ac36-758f81dc88e8" />
      <TestMethod codeBase="/home/chad/repos/witchcityrope-react/tests/WitchCityRope.Infrastructure.Tests/bin/Debug/net9.0/WitchCityRope.Infrastructure.Tests.dll" adapterTypeName="executor://xunit/VsTestRunner3/netcore/" className="WitchCityRope.Infrastructure.Tests.Data.MigrationTests" name="Should_Create_Correct_Foreign_Keys" />
    </UnitTest>
    <UnitTest name="WitchCityRope.Infrastructure.Tests.Security.JwtTokenServiceTests.ValidateToken_Should_Return_Null_For_Expired_Token" storage="/home/chad/repos/witchcityrope-react/tests/witchcityrope.infrastructure.tests/bin/debug/net9.0/witchcityrope.infrastructure.tests.dll" id="392c6d3e-7870-0e59-cda0-066a33da3da1">
      <Execution id="645efbb7-ea00-4275-bf98-967bc59a5feb" />
      <TestMethod codeBase="/home/chad/repos/witchcityrope-react/tests/WitchCityRope.Infrastructure.Tests/bin/Debug/net9.0/WitchCityRope.Infrastructure.Tests.dll" adapterTypeName="executor://xunit/VsTestRunner3/netcore/" className="WitchCityRope.Infrastructure.Tests.Security.JwtTokenServiceTests" name="ValidateToken_Should_Return_Null_For_Expired_Token" />
    </UnitTest>
    <UnitTest name="WitchCityRope.Infrastructure.Tests.Data.MigrationTests.Should_Create_Correct_Indexes" storage="/home/chad/repos/witchcityrope-react/tests/witchcityrope.infrastructure.tests/bin/debug/net9.0/witchcityrope.infrastructure.tests.dll" id="13bd86c6-f19a-69a0-47da-45392f474030">
      <Execution id="45b71f62-153c-40ba-9914-f3b12da8de27" />
      <TestMethod codeBase="/home/chad/repos/witchcityrope-react/tests/WitchCityRope.Infrastructure.Tests/bin/Debug/net9.0/WitchCityRope.Infrastructure.Tests.dll" adapterTypeName="executor://xunit/VsTestRunner3/netcore/" className="WitchCityRope.Infrastructure.Tests.Data.MigrationTests" name="Should_Create_Correct_Indexes" />
    </UnitTest>
    <UnitTest name="WitchCityRope.Infrastructure.Tests.Data.ComplexQueryTests.Should_Handle_Complex_Filtering_And_Sorting" storage="/home/chad/repos/witchcityrope-react/tests/witchcityrope.infrastructure.tests/bin/debug/net9.0/witchcityrope.infrastructure.tests.dll" id="ce5d819c-5ce5-57c8-bafb-b7d7723680d9">
      <Execution id="7602e40d-9004-40c4-aa37-197865185ab7" />
      <TestMethod codeBase="/home/chad/repos/witchcityrope-react/tests/WitchCityRope.Infrastructure.Tests/bin/Debug/net9.0/WitchCityRope.Infrastructure.Tests.dll" adapterTypeName="executor://xunit/VsTestRunner3/netcore/" className="WitchCityRope.Infrastructure.Tests.Data.ComplexQueryTests" name="Should_Handle_Complex_Filtering_And_Sorting" />
    </UnitTest>
    <UnitTest name="WitchCityRope.Infrastructure.Tests.Security.EncryptionServiceTests.DecryptAsync_Should_Throw_For_Corrupted_Data" storage="/home/chad/repos/witchcityrope-react/tests/witchcityrope.infrastructure.tests/bin/debug/net9.0/witchcityrope.infrastructure.tests.dll" id="207aab20-bd1d-c84f-9d5f-6c6087e30ea0">
      <Execution id="be04dbe1-43c2-48aa-8829-50aa685f6d8f" />
      <TestMethod codeBase="/home/chad/repos/witchcityrope-react/tests/WitchCityRope.Infrastructure.Tests/bin/Debug/net9.0/WitchCityRope.Infrastructure.Tests.dll" adapterTypeName="executor://xunit/VsTestRunner3/netcore/" className="WitchCityRope.Infrastructure.Tests.Security.EncryptionServiceTests" name="DecryptAsync_Should_Throw_For_Corrupted_Data" />
    </UnitTest>
    <UnitTest name="WitchCityRope.Infrastructure.Tests.Email.EmailServiceTests.SendBulkEmailAsync_Should_Send_To_Multiple_Recipients" storage="/home/chad/repos/witchcityrope-react/tests/witchcityrope.infrastructure.tests/bin/debug/net9.0/witchcityrope.infrastructure.tests.dll" id="d34ced5e-61be-8db1-2a33-5a0519fd37ce">
      <Execution id="7511f272-5fa7-422a-a816-3c8213ba2ca6" />
      <TestMethod codeBase="/home/chad/repos/witchcityrope-react/tests/WitchCityRope.Infrastructure.Tests/bin/Debug/net9.0/WitchCityRope.Infrastructure.Tests.dll" adapterTypeName="executor://xunit/VsTestRunner3/netcore/" className="WitchCityRope.Infrastructure.Tests.Email.EmailServiceTests" name="SendBulkEmailAsync_Should_Send_To_Multiple_Recipients" />
    </UnitTest>
    <UnitTest name="WitchCityRope.Infrastructure.Tests.PayPal.PayPalServiceTests.ProcessRefundAsync_Should_Use_Full_Amount_When_Not_Specified" storage="/home/chad/repos/witchcityrope-react/tests/witchcityrope.infrastructure.tests/bin/debug/net9.0/witchcityrope.infrastructure.tests.dll" id="e8fd9f68-55b8-c4bd-47ac-7ccdf891ae01">
      <Execution id="7591aee3-58fe-4df8-a319-029bd11fadc7" />
      <TestMethod codeBase="/home/chad/repos/witchcityrope-react/tests/WitchCityRope.Infrastructure.Tests/bin/Debug/net9.0/WitchCityRope.Infrastructure.Tests.dll" adapterTypeName="executor://xunit/VsTestRunner3/netcore/" className="WitchCityRope.Infrastructure.Tests.PayPal.PayPalServiceTests" name="ProcessRefundAsync_Should_Use_Full_Amount_When_Not_Specified" />
    </UnitTest>
    <UnitTest name="WitchCityRope.Infrastructure.Tests.Data.MigrationTests.Should_Have_Correct_Schema_After_Migration" storage="/home/chad/repos/witchcityrope-react/tests/witchcityrope.infrastructure.tests/bin/debug/net9.0/witchcityrope.infrastructure.tests.dll" id="201d5940-7e4c-301c-43c7-cd72598ac0d0">
      <Execution id="adc380cd-225e-41cd-9181-e58d079342e2" />
      <TestMethod codeBase="/home/chad/repos/witchcityrope-react/tests/WitchCityRope.Infrastructure.Tests/bin/Debug/net9.0/WitchCityRope.Infrastructure.Tests.dll" adapterTypeName="executor://xunit/VsTestRunner3/netcore/" className="WitchCityRope.Infrastructure.Tests.Data.MigrationTests" name="Should_Have_Correct_Schema_After_Migration" />
    </UnitTest>
    <UnitTest name="WitchCityRope.Infrastructure.Tests.Security.EncryptionServiceTests.VerifyHash_Should_Return_False_For_Incorrect_Password" storage="/home/chad/repos/witchcityrope-react/tests/witchcityrope.infrastructure.tests/bin/debug/net9.0/witchcityrope.infrastructure.tests.dll" id="38d9a3a3-e1c3-68c6-2d7a-903c09e97244">
      <Execution id="f784b0a8-85b0-4a82-accd-963c11f7506c" />
      <TestMethod codeBase="/home/chad/repos/witchcityrope-react/tests/WitchCityRope.Infrastructure.Tests/bin/Debug/net9.0/WitchCityRope.Infrastructure.Tests.dll" adapterTypeName="executor://xunit/VsTestRunner3/netcore/" className="WitchCityRope.Infrastructure.Tests.Security.EncryptionServiceTests" name="VerifyHash_Should_Return_False_For_Incorrect_Password" />
    </UnitTest>
    <UnitTest name="WitchCityRope.Infrastructure.Tests.Data.EntityConfigurationTests.Money_ValueObject_Should_Be_Stored_Correctly" storage="/home/chad/repos/witchcityrope-react/tests/witchcityrope.infrastructure.tests/bin/debug/net9.0/witchcityrope.infrastructure.tests.dll" id="ce3791cd-d401-3567-856e-b206412930a4">
      <Execution id="f97d2e0f-2f0c-4112-8b08-fb7ebf6c2fcf" />
      <TestMethod codeBase="/home/chad/repos/witchcityrope-react/tests/WitchCityRope.Infrastructure.Tests/bin/Debug/net9.0/WitchCityRope.Infrastructure.Tests.dll" adapterTypeName="executor://xunit/VsTestRunner3/netcore/" className="WitchCityRope.Infrastructure.Tests.Data.EntityConfigurationTests" name="Money_ValueObject_Should_Be_Stored_Correctly" />
    </UnitTest>
    <UnitTest name="WitchCityRope.Infrastructure.Tests.Data.MigrationTests.Should_Create_All_Expected_Tables" storage="/home/chad/repos/witchcityrope-react/tests/witchcityrope.infrastructure.tests/bin/debug/net9.0/witchcityrope.infrastructure.tests.dll" id="433cedb3-2a7e-2070-b4b6-ff055a4203c2">
      <Execution id="883f0fed-c909-40c9-a05b-26e7fd4b7bda" />
      <TestMethod codeBase="/home/chad/repos/witchcityrope-react/tests/WitchCityRope.Infrastructure.Tests/bin/Debug/net9.0/WitchCityRope.Infrastructure.Tests.dll" adapterTypeName="executor://xunit/VsTestRunner3/netcore/" className="WitchCityRope.Infrastructure.Tests.Data.MigrationTests" name="Should_Create_All_Expected_Tables" />
    </UnitTest>
    <UnitTest name="WitchCityRope.Infrastructure.Tests.Email.EmailServiceTests.Should_Use_Default_From_Email_When_Not_Configured" storage="/home/chad/repos/witchcityrope-react/tests/witchcityrope.infrastructure.tests/bin/debug/net9.0/witchcityrope.infrastructure.tests.dll" id="99d2f9a3-7064-fb89-edfc-d8cf0deede72">
      <Execution id="9d2dc338-68dd-4d15-a17d-d3c6508594fe" />
      <TestMethod codeBase="/home/chad/repos/witchcityrope-react/tests/WitchCityRope.Infrastructure.Tests/bin/Debug/net9.0/WitchCityRope.Infrastructure.Tests.dll" adapterTypeName="executor://xunit/VsTestRunner3/netcore/" className="WitchCityRope.Infrastructure.Tests.Email.EmailServiceTests" name="Should_Use_Default_From_Email_When_Not_Configured" />
    </UnitTest>
    <UnitTest name="WitchCityRope.Infrastructure.Tests.Data.EntityConfigurationTests.Should_Enforce_String_Length_Constraints" storage="/home/chad/repos/witchcityrope-react/tests/witchcityrope.infrastructure.tests/bin/debug/net9.0/witchcityrope.infrastructure.tests.dll" id="29bc5121-cf60-36a7-57b9-1ab204e81280">
      <Execution id="a54781bb-a92c-40c4-a315-b8b6144f2b03" />
      <TestMethod codeBase="/home/chad/repos/witchcityrope-react/tests/WitchCityRope.Infrastructure.Tests/bin/Debug/net9.0/WitchCityRope.Infrastructure.Tests.dll" adapterTypeName="executor://xunit/VsTestRunner3/netcore/" className="WitchCityRope.Infrastructure.Tests.Data.EntityConfigurationTests" name="Should_Enforce_String_Length_Constraints" />
    </UnitTest>
    <UnitTest name="WitchCityRope.Infrastructure.Tests.PayPal.PayPalServiceTests.Should_Default_To_Sandbox_When_IsSandbox_Not_Specified" storage="/home/chad/repos/witchcityrope-react/tests/witchcityrope.infrastructure.tests/bin/debug/net9.0/witchcityrope.infrastructure.tests.dll" id="0ee62c17-dcae-efb1-3027-07f5ee04a932">
      <Execution id="ddf650ca-afde-4b3d-ba8b-f24b24b9ec07" />
      <TestMethod codeBase="/home/chad/repos/witchcityrope-react/tests/WitchCityRope.Infrastructure.Tests/bin/Debug/net9.0/WitchCityRope.Infrastructure.Tests.dll" adapterTypeName="executor://xunit/VsTestRunner3/netcore/" className="WitchCityRope.Infrastructure.Tests.PayPal.PayPalServiceTests" name="Should_Default_To_Sandbox_When_IsSandbox_Not_Specified" />
    </UnitTest>
    <UnitTest name="WitchCityRope.Infrastructure.Tests.Security.JwtTokenServiceTests.Constructor_Should_Throw_When_Configuration_Is_Null" storage="/home/chad/repos/witchcityrope-react/tests/witchcityrope.infrastructure.tests/bin/debug/net9.0/witchcityrope.infrastructure.tests.dll" id="13978cf6-8116-d9d2-5159-ee260bc86d7b">
      <Execution id="c7097357-b12c-4ab0-afd0-b3ea8306cd38" />
      <TestMethod codeBase="/home/chad/repos/witchcityrope-react/tests/WitchCityRope.Infrastructure.Tests/bin/Debug/net9.0/WitchCityRope.Infrastructure.Tests.dll" adapterTypeName="executor://xunit/VsTestRunner3/netcore/" className="WitchCityRope.Infrastructure.Tests.Security.JwtTokenServiceTests" name="Constructor_Should_Throw_When_Configuration_Is_Null" />
    </UnitTest>
    <UnitTest name="WitchCityRope.Infrastructure.Tests.Security.EncryptionServiceTests.Encrypt_Decrypt_Should_Handle_Unicode_Characters" storage="/home/chad/repos/witchcityrope-react/tests/witchcityrope.infrastructure.tests/bin/debug/net9.0/witchcityrope.infrastructure.tests.dll" id="e5db7fe7-0c86-b69a-1876-a463e7e775cd">
      <Execution id="d3173be8-0e3c-48ca-9e84-64f7d0e91021" />
      <TestMethod codeBase="/home/chad/repos/witchcityrope-react/tests/WitchCityRope.Infrastructure.Tests/bin/Debug/net9.0/WitchCityRope.Infrastructure.Tests.dll" adapterTypeName="executor://xunit/VsTestRunner3/netcore/" className="WitchCityRope.Infrastructure.Tests.Security.EncryptionServiceTests" name="Encrypt_Decrypt_Should_Handle_Unicode_Characters" />
    </UnitTest>
    <UnitTest name="WitchCityRope.Infrastructure.Tests.Security.EncryptionServiceTests.DecryptAsync_Should_Return_Empty_String_For_Empty_Input" storage="/home/chad/repos/witchcityrope-react/tests/witchcityrope.infrastructure.tests/bin/debug/net9.0/witchcityrope.infrastructure.tests.dll" id="69fe012a-82fe-3708-098d-5cd009a2da67">
      <Execution id="35a3eacd-3c54-4fbb-b130-f8efeb93f94e" />
      <TestMethod codeBase="/home/chad/repos/witchcityrope-react/tests/WitchCityRope.Infrastructure.Tests/bin/Debug/net9.0/WitchCityRope.Infrastructure.Tests.dll" adapterTypeName="executor://xunit/VsTestRunner3/netcore/" className="WitchCityRope.Infrastructure.Tests.Security.EncryptionServiceTests" name="DecryptAsync_Should_Return_Empty_String_For_Empty_Input" />
    </UnitTest>
    <UnitTest name="WitchCityRope.Infrastructure.Tests.Data.EntityConfigurationTests.Event_Registration_Relationship_Should_Be_Configured_Correctly" storage="/home/chad/repos/witchcityrope-react/tests/witchcityrope.infrastructure.tests/bin/debug/net9.0/witchcityrope.infrastructure.tests.dll" id="ad7d5cca-0afe-aa15-f70e-c563df4cebb9">
      <Execution id="bc752d0e-a75b-4db4-a3d6-5a461c286b30" />
      <TestMethod codeBase="/home/chad/repos/witchcityrope-react/tests/WitchCityRope.Infrastructure.Tests/bin/Debug/net9.0/WitchCityRope.Infrastructure.Tests.dll" adapterTypeName="executor://xunit/VsTestRunner3/netcore/" className="WitchCityRope.Infrastructure.Tests.Data.EntityConfigurationTests" name="Event_Registration_Relationship_Should_Be_Configured_Correctly" />
    </UnitTest>
    <UnitTest name="WitchCityRope.Infrastructure.Tests.Security.JwtTokenServiceTests.GenerateRefreshToken_Should_Create_Unique_Tokens" storage="/home/chad/repos/witchcityrope-react/tests/witchcityrope.infrastructure.tests/bin/debug/net9.0/witchcityrope.infrastructure.tests.dll" id="f4b775dc-9e8c-760a-8f8d-7fae5382e3c6">
      <Execution id="ea9789df-a525-4bae-98ef-f085847512d8" />
      <TestMethod codeBase="/home/chad/repos/witchcityrope-react/tests/WitchCityRope.Infrastructure.Tests/bin/Debug/net9.0/WitchCityRope.Infrastructure.Tests.dll" adapterTypeName="executor://xunit/VsTestRunner3/netcore/" className="WitchCityRope.Infrastructure.Tests.Security.JwtTokenServiceTests" name="GenerateRefreshToken_Should_Create_Unique_Tokens" />
    </UnitTest>
    <UnitTest name="WitchCityRope.Infrastructure.Tests.Data.ComplexQueryTests.Should_Query_Upcoming_Events_With_Available_Spots" storage="/home/chad/repos/witchcityrope-react/tests/witchcityrope.infrastructure.tests/bin/debug/net9.0/witchcityrope.infrastructure.tests.dll" id="b432be91-d64b-9c99-4079-f00a8db2e635">
      <Execution id="75533ded-3299-4f4d-aeab-0b1aff3e8c80" />
      <TestMethod codeBase="/home/chad/repos/witchcityrope-react/tests/WitchCityRope.Infrastructure.Tests/bin/Debug/net9.0/WitchCityRope.Infrastructure.Tests.dll" adapterTypeName="executor://xunit/VsTestRunner3/netcore/" className="WitchCityRope.Infrastructure.Tests.Data.ComplexQueryTests" name="Should_Query_Upcoming_Events_With_Available_Spots" />
    </UnitTest>
    <UnitTest name="WitchCityRope.Infrastructure.Tests.Data.EntityConfigurationTests.Should_Handle_Cascade_Delete_For_Event_Registrations" storage="/home/chad/repos/witchcityrope-react/tests/witchcityrope.infrastructure.tests/bin/debug/net9.0/witchcityrope.infrastructure.tests.dll" id="e5189492-adae-5b47-5b01-837ec60d1504">
      <Execution id="726dddff-b54b-48e1-8e4c-aeba60119c9a" />
      <TestMethod codeBase="/home/chad/repos/witchcityrope-react/tests/WitchCityRope.Infrastructure.Tests/bin/Debug/net9.0/WitchCityRope.Infrastructure.Tests.dll" adapterTypeName="executor://xunit/VsTestRunner3/netcore/" className="WitchCityRope.Infrastructure.Tests.Data.EntityConfigurationTests" name="Should_Handle_Cascade_Delete_For_Event_Registrations" />
    </UnitTest>
    <UnitTest name="WitchCityRope.Infrastructure.Tests.Data.ComplexQueryTests.Should_Handle_Pagination_Correctly" storage="/home/chad/repos/witchcityrope-react/tests/witchcityrope.infrastructure.tests/bin/debug/net9.0/witchcityrope.infrastructure.tests.dll" id="b7600936-7750-95ea-d101-c63e591d45f7">
      <Execution id="7f5d8730-190e-4327-921c-ca37fedfc21a" />
      <TestMethod codeBase="/home/chad/repos/witchcityrope-react/tests/WitchCityRope.Infrastructure.Tests/bin/Debug/net9.0/WitchCityRope.Infrastructure.Tests.dll" adapterTypeName="executor://xunit/VsTestRunner3/netcore/" className="WitchCityRope.Infrastructure.Tests.Data.ComplexQueryTests" name="Should_Handle_Pagination_Correctly" />
    </UnitTest>
    <UnitTest name="WitchCityRope.Infrastructure.Tests.Security.JwtTokenServiceTests.GenerateToken_Should_Set_Correct_Issuer_And_Audience" storage="/home/chad/repos/witchcityrope-react/tests/witchcityrope.infrastructure.tests/bin/debug/net9.0/witchcityrope.infrastructure.tests.dll" id="4da0ee18-6138-8500-2970-48f2f82bb88d">
      <Execution id="5ac7ce85-5763-4a7f-b256-a5badf709735" />
      <TestMethod codeBase="/home/chad/repos/witchcityrope-react/tests/WitchCityRope.Infrastructure.Tests/bin/Debug/net9.0/WitchCityRope.Infrastructure.Tests.dll" adapterTypeName="executor://xunit/VsTestRunner3/netcore/" className="WitchCityRope.Infrastructure.Tests.Security.JwtTokenServiceTests" name="GenerateToken_Should_Set_Correct_Issuer_And_Audience" />
    </UnitTest>
    <UnitTest name="WitchCityRope.Infrastructure.Tests.Email.EmailServiceTests.SendBulkEmailAsync_Should_Return_False_If_Any_Batch_Fails" storage="/home/chad/repos/witchcityrope-react/tests/witchcityrope.infrastructure.tests/bin/debug/net9.0/witchcityrope.infrastructure.tests.dll" id="1e096ccc-e723-7491-b653-eb6d07a2b4e3">
      <Execution id="ba38d1fb-237a-427f-83ef-a1d87b7c7070" />
      <TestMethod codeBase="/home/chad/repos/witchcityrope-react/tests/WitchCityRope.Infrastructure.Tests/bin/Debug/net9.0/WitchCityRope.Infrastructure.Tests.dll" adapterTypeName="executor://xunit/VsTestRunner3/netcore/" className="WitchCityRope.Infrastructure.Tests.Email.EmailServiceTests" name="SendBulkEmailAsync_Should_Return_False_If_Any_Batch_Fails" />
    </UnitTest>
    <UnitTest name="WitchCityRope.Infrastructure.Tests.Data.ComplexQueryTests.Should_Query_User_Registration_History" storage="/home/chad/repos/witchcityrope-react/tests/witchcityrope.infrastructure.tests/bin/debug/net9.0/witchcityrope.infrastructure.tests.dll" id="42dc7df1-96a1-4d9a-de82-432b5eb500ec">
      <Execution id="95e2a3f8-f22d-40f0-98e6-45b54286535b" />
      <TestMethod codeBase="/home/chad/repos/witchcityrope-react/tests/WitchCityRope.Infrastructure.Tests/bin/Debug/net9.0/WitchCityRope.Infrastructure.Tests.dll" adapterTypeName="executor://xunit/VsTestRunner3/netcore/" className="WitchCityRope.Infrastructure.Tests.Data.ComplexQueryTests" name="Should_Query_User_Registration_History" />
    </UnitTest>
    <UnitTest name="WitchCityRope.Infrastructure.Tests.Security.JwtTokenServiceTests.Token_Should_Work_With_Default_Configuration" storage="/home/chad/repos/witchcityrope-react/tests/witchcityrope.infrastructure.tests/bin/debug/net9.0/witchcityrope.infrastructure.tests.dll" id="82b79749-a163-881a-8fc3-03b8db75e151">
      <Execution id="e5a2a058-7c3c-4baa-abe6-5e3026c51ffa" />
      <TestMethod codeBase="/home/chad/repos/witchcityrope-react/tests/WitchCityRope.Infrastructure.Tests/bin/Debug/net9.0/WitchCityRope.Infrastructure.Tests.dll" adapterTypeName="executor://xunit/VsTestRunner3/netcore/" className="WitchCityRope.Infrastructure.Tests.Security.JwtTokenServiceTests" name="Token_Should_Work_With_Default_Configuration" />
    </UnitTest>
    <UnitTest name="WitchCityRope.Infrastructure.Tests.Email.EmailServiceTests.SendEmailAsync_Should_Return_False_When_SendGrid_Fails" storage="/home/chad/repos/witchcityrope-react/tests/witchcityrope.infrastructure.tests/bin/debug/net9.0/witchcityrope.infrastructure.tests.dll" id="cdbfe0a8-e401-5845-0974-d3e362e0c484">
      <Execution id="7e0fac8b-7611-4fb1-9776-649583abf4f7" />
      <TestMethod codeBase="/home/chad/repos/witchcityrope-react/tests/WitchCityRope.Infrastructure.Tests/bin/Debug/net9.0/WitchCityRope.Infrastructure.Tests.dll" adapterTypeName="executor://xunit/VsTestRunner3/netcore/" className="WitchCityRope.Infrastructure.Tests.Email.EmailServiceTests" name="SendEmailAsync_Should_Return_False_When_SendGrid_Fails" />
    </UnitTest>
    <UnitTest name="WitchCityRope.Infrastructure.Tests.Email.EmailServiceTests.SendTemplateEmailAsync_Should_Send_With_Template_Id" storage="/home/chad/repos/witchcityrope-react/tests/witchcityrope.infrastructure.tests/bin/debug/net9.0/witchcityrope.infrastructure.tests.dll" id="c6f8c170-4767-1292-4e2d-1c9d883e8f1e">
      <Execution id="30739b18-b020-4b96-88c0-e9728123d994" />
      <TestMethod codeBase="/home/chad/repos/witchcityrope-react/tests/WitchCityRope.Infrastructure.Tests/bin/Debug/net9.0/WitchCityRope.Infrastructure.Tests.dll" adapterTypeName="executor://xunit/VsTestRunner3/netcore/" className="WitchCityRope.Infrastructure.Tests.Email.EmailServiceTests" name="SendTemplateEmailAsync_Should_Send_With_Template_Id" />
    </UnitTest>
    <UnitTest name="WitchCityRope.Infrastructure.Tests.PayPal.PayPalServiceTests.ProcessPaymentAsync_Should_Handle_Exceptions" storage="/home/chad/repos/witchcityrope-react/tests/witchcityrope.infrastructure.tests/bin/debug/net9.0/witchcityrope.infrastructure.tests.dll" id="9720ebaa-d172-feed-39d4-ea0c237a4355">
      <Execution id="8034afd1-97f6-4326-b0b0-b1bec9ef78e4" />
      <TestMethod codeBase="/home/chad/repos/witchcityrope-react/tests/WitchCityRope.Infrastructure.Tests/bin/Debug/net9.0/WitchCityRope.Infrastructure.Tests.dll" adapterTypeName="executor://xunit/VsTestRunner3/netcore/" className="WitchCityRope.Infrastructure.Tests.PayPal.PayPalServiceTests" name="ProcessPaymentAsync_Should_Handle_Exceptions" />
    </UnitTest>
    <UnitTest name="WitchCityRope.Infrastructure.Tests.Email.EmailServiceTests.SendVettingStatusUpdateAsync_Should_Include_Notes_When_Provided" storage="/home/chad/repos/witchcityrope-react/tests/witchcityrope.infrastructure.tests/bin/debug/net9.0/witchcityrope.infrastructure.tests.dll" id="a2674b3f-bc72-1bcc-0868-ab7ca9fc846f">
      <Execution id="11e6ae0f-aa01-4445-815f-b17d32cec091" />
      <TestMethod codeBase="/home/chad/repos/witchcityrope-react/tests/WitchCityRope.Infrastructure.Tests/bin/Debug/net9.0/WitchCityRope.Infrastructure.Tests.dll" adapterTypeName="executor://xunit/VsTestRunner3/netcore/" className="WitchCityRope.Infrastructure.Tests.Email.EmailServiceTests" name="SendVettingStatusUpdateAsync_Should_Include_Notes_When_Provided" />
    </UnitTest>
    <UnitTest name="WitchCityRope.Infrastructure.Tests.Security.EncryptionServiceTests.EncryptAsync_Should_Return_Null_For_Null_Input" storage="/home/chad/repos/witchcityrope-react/tests/witchcityrope.infrastructure.tests/bin/debug/net9.0/witchcityrope.infrastructure.tests.dll" id="102fc01d-1003-9aad-0ab0-768afa59b2db">
      <Execution id="45d0b601-0f66-452a-b51c-c7fbf108e48e" />
      <TestMethod codeBase="/home/chad/repos/witchcityrope-react/tests/WitchCityRope.Infrastructure.Tests/bin/Debug/net9.0/WitchCityRope.Infrastructure.Tests.dll" adapterTypeName="executor://xunit/VsTestRunner3/netcore/" className="WitchCityRope.Infrastructure.Tests.Security.EncryptionServiceTests" name="EncryptAsync_Should_Return_Null_For_Null_Input" />
    </UnitTest>
    <UnitTest name="WitchCityRope.Infrastructure.Tests.Data.ComplexQueryTests.Should_Query_Event_Statistics" storage="/home/chad/repos/witchcityrope-react/tests/witchcityrope.infrastructure.tests/bin/debug/net9.0/witchcityrope.infrastructure.tests.dll" id="58073b91-70b6-9fb3-000c-90ec0c036dad">
      <Execution id="20f9d14b-2f2e-49fb-8ce5-32969877b6c6" />
      <TestMethod codeBase="/home/chad/repos/witchcityrope-react/tests/WitchCityRope.Infrastructure.Tests/bin/Debug/net9.0/WitchCityRope.Infrastructure.Tests.dll" adapterTypeName="executor://xunit/VsTestRunner3/netcore/" className="WitchCityRope.Infrastructure.Tests.Data.ComplexQueryTests" name="Should_Query_Event_Statistics" />
    </UnitTest>
    <UnitTest name="WitchCityRope.Infrastructure.Tests.Data.WitchCityRopeDbContextTests.Should_Handle_Concurrent_Updates" storage="/home/chad/repos/witchcityrope-react/tests/witchcityrope.infrastructure.tests/bin/debug/net9.0/witchcityrope.infrastructure.tests.dll" id="6babc633-5a84-86ce-3dc5-db3fab1babdf">
      <Execution id="5bef60cd-37ab-423f-a71f-1a54c912da6d" />
      <TestMethod codeBase="/home/chad/repos/witchcityrope-react/tests/WitchCityRope.Infrastructure.Tests/bin/Debug/net9.0/WitchCityRope.Infrastructure.Tests.dll" adapterTypeName="executor://xunit/VsTestRunner3/netcore/" className="WitchCityRope.Infrastructure.Tests.Data.WitchCityRopeDbContextTests" name="Should_Handle_Concurrent_Updates" />
    </UnitTest>
    <UnitTest name="WitchCityRope.Infrastructure.Tests.Data.ConcurrencyTests.Should_Handle_Concurrent_Payment_Processing" storage="/home/chad/repos/witchcityrope-react/tests/witchcityrope.infrastructure.tests/bin/debug/net9.0/witchcityrope.infrastructure.tests.dll" id="de0a592c-30a6-23bd-e2fd-8c5dac12d560">
      <Execution id="d5a4bbbb-0014-4b41-8d64-b88072bfd965" />
      <TestMethod codeBase="/home/chad/repos/witchcityrope-react/tests/WitchCityRope.Infrastructure.Tests/bin/Debug/net9.0/WitchCityRope.Infrastructure.Tests.dll" adapterTypeName="executor://xunit/VsTestRunner3/netcore/" className="WitchCityRope.Infrastructure.Tests.Data.ConcurrencyTests" name="Should_Handle_Concurrent_Payment_Processing" />
    </UnitTest>
    <UnitTest name="WitchCityRope.Infrastructure.Tests.PayPal.PayPalServiceTests.ValidatePaymentMethodAsync_Should_Return_True_For_Valid_Method" storage="/home/chad/repos/witchcityrope-react/tests/witchcityrope.infrastructure.tests/bin/debug/net9.0/witchcityrope.infrastructure.tests.dll" id="db6885b0-37d4-5f8a-fb24-1dbff7efe7b0">
      <Execution id="e5d8180a-baba-444a-9067-7d9aaea35209" />
      <TestMethod codeBase="/home/chad/repos/witchcityrope-react/tests/WitchCityRope.Infrastructure.Tests/bin/Debug/net9.0/WitchCityRope.Infrastructure.Tests.dll" adapterTypeName="executor://xunit/VsTestRunner3/netcore/" className="WitchCityRope.Infrastructure.Tests.PayPal.PayPalServiceTests" name="ValidatePaymentMethodAsync_Should_Return_True_For_Valid_Method" />
    </UnitTest>
    <UnitTest name="WitchCityRope.Infrastructure.Tests.Security.JwtTokenServiceTests.ValidateToken_Should_Return_ClaimsPrincipal_For_Valid_Token" storage="/home/chad/repos/witchcityrope-react/tests/witchcityrope.infrastructure.tests/bin/debug/net9.0/witchcityrope.infrastructure.tests.dll" id="c47800aa-74e3-7062-c49c-f84225a43c10">
      <Execution id="3d4b4f5b-5127-455e-9916-985209525330" />
      <TestMethod codeBase="/home/chad/repos/witchcityrope-react/tests/WitchCityRope.Infrastructure.Tests/bin/Debug/net9.0/WitchCityRope.Infrastructure.Tests.dll" adapterTypeName="executor://xunit/VsTestRunner3/netcore/" className="WitchCityRope.Infrastructure.Tests.Security.JwtTokenServiceTests" name="ValidateToken_Should_Return_ClaimsPrincipal_For_Valid_Token" />
    </UnitTest>
    <UnitTest name="WitchCityRope.Infrastructure.Tests.Security.EncryptionServiceTests.Hash_Should_Throw_For_Empty_Input" storage="/home/chad/repos/witchcityrope-react/tests/witchcityrope.infrastructure.tests/bin/debug/net9.0/witchcityrope.infrastructure.tests.dll" id="4ff4f6ae-7162-7b49-f15b-0e6d2c38da7f">
      <Execution id="4ab54c07-b6fb-4a8b-85c4-e1742c26d75f" />
      <TestMethod codeBase="/home/chad/repos/witchcityrope-react/tests/WitchCityRope.Infrastructure.Tests/bin/Debug/net9.0/WitchCityRope.Infrastructure.Tests.dll" adapterTypeName="executor://xunit/VsTestRunner3/netcore/" className="WitchCityRope.Infrastructure.Tests.Security.EncryptionServiceTests" name="Hash_Should_Throw_For_Empty_Input" />
    </UnitTest>
    <UnitTest name="WitchCityRope.Infrastructure.Tests.Security.EncryptionServiceTests.Encrypt_Should_Produce_Different_Results_For_Different_Inputs" storage="/home/chad/repos/witchcityrope-react/tests/witchcityrope.infrastructure.tests/bin/debug/net9.0/witchcityrope.infrastructure.tests.dll" id="3f3e0fb4-368b-d4ed-b267-a4543a24e99c">
      <Execution id="70ee29de-f8d4-4653-9ce2-8900902c7f80" />
      <TestMethod codeBase="/home/chad/repos/witchcityrope-react/tests/WitchCityRope.Infrastructure.Tests/bin/Debug/net9.0/WitchCityRope.Infrastructure.Tests.dll" adapterTypeName="executor://xunit/VsTestRunner3/netcore/" className="WitchCityRope.Infrastructure.Tests.Security.EncryptionServiceTests" name="Encrypt_Should_Produce_Different_Results_For_Different_Inputs" />
    </UnitTest>
  </TestDefinitions>
  <TestEntries>
    <TestEntry testId="c47800aa-74e3-7062-c49c-f84225a43c10" executionId="3d4b4f5b-5127-455e-9916-985209525330" testListId="8c84fa94-04c1-424b-9868-57a2d4851a1d" />
    <TestEntry testId="4da0ee18-6138-8500-2970-48f2f82bb88d" executionId="5ac7ce85-5763-4a7f-b256-a5badf709735" testListId="8c84fa94-04c1-424b-9868-57a2d4851a1d" />
    <TestEntry testId="3f3e0fb4-368b-d4ed-b267-a4543a24e99c" executionId="70ee29de-f8d4-4653-9ce2-8900902c7f80" testListId="8c84fa94-04c1-424b-9868-57a2d4851a1d" />
    <TestEntry testId="d421b930-d649-aa53-9320-f0c3bc7b7be4" executionId="0a527b23-c54f-4be7-b952-3fd1c7dd1b34" testListId="8c84fa94-04c1-424b-9868-57a2d4851a1d" />
    <TestEntry testId="d34ced5e-61be-8db1-2a33-5a0519fd37ce" executionId="7511f272-5fa7-422a-a816-3c8213ba2ca6" testListId="8c84fa94-04c1-424b-9868-57a2d4851a1d" />
    <TestEntry testId="29bc5121-cf60-36a7-57b9-1ab204e81280" executionId="a54781bb-a92c-40c4-a315-b8b6144f2b03" testListId="8c84fa94-04c1-424b-9868-57a2d4851a1d" />
    <TestEntry testId="1390353e-4e0e-3135-81d6-685a745aa5fb" executionId="ca011e5f-a5cd-4656-b960-917cbf917d2d" testListId="8c84fa94-04c1-424b-9868-57a2d4851a1d" />
    <TestEntry testId="b7600936-7750-95ea-d101-c63e591d45f7" executionId="7f5d8730-190e-4327-921c-ca37fedfc21a" testListId="8c84fa94-04c1-424b-9868-57a2d4851a1d" />
    <TestEntry testId="f4b775dc-9e8c-760a-8f8d-7fae5382e3c6" executionId="ea9789df-a525-4bae-98ef-f085847512d8" testListId="8c84fa94-04c1-424b-9868-57a2d4851a1d" />
    <TestEntry testId="15b6fe83-e163-93ae-7ba9-51007c17c9b1" executionId="382379b6-d360-4851-a28e-7721a23f7291" testListId="8c84fa94-04c1-424b-9868-57a2d4851a1d" />
    <TestEntry testId="121ed6b8-c36c-7dfd-6ad5-94fe3cb46105" executionId="fec6b7db-7305-4a0a-ae06-45476eb9b143" testListId="8c84fa94-04c1-424b-9868-57a2d4851a1d" />
    <TestEntry testId="79cdb1a1-4a9a-f0b2-2460-493cf93bd7f4" executionId="761ad4e7-4a8d-492d-8c1c-7997283e4d0c" testListId="8c84fa94-04c1-424b-9868-57a2d4851a1d" />
    <TestEntry testId="121b47a1-7650-eac0-8814-509934e34c51" executionId="71cb229c-e4f7-4469-8ac0-168c6c505b0f" testListId="8c84fa94-04c1-424b-9868-57a2d4851a1d" />
    <TestEntry testId="2e295478-e22d-9437-5e20-58c9801b1053" executionId="9457eedf-a48d-4eae-bbb0-77efe420201e" testListId="8c84fa94-04c1-424b-9868-57a2d4851a1d" />
    <TestEntry testId="3afe0f4f-66e8-c918-74b9-e20778e75e86" executionId="78bf4700-bbb7-455c-ba52-cbf9e084d85a" testListId="8c84fa94-04c1-424b-9868-57a2d4851a1d" />
    <TestEntry testId="0b2da06c-c211-ec4e-e650-05e93d1799bd" executionId="f26022da-eb75-41b0-afdb-d7ee66b173ee" testListId="8c84fa94-04c1-424b-9868-57a2d4851a1d" />
    <TestEntry testId="db6885b0-37d4-5f8a-fb24-1dbff7efe7b0" executionId="e5d8180a-baba-444a-9067-7d9aaea35209" testListId="8c84fa94-04c1-424b-9868-57a2d4851a1d" />
    <TestEntry testId="db381720-6b9c-2cfb-d4c6-17232fdeef3b" executionId="d9bd6bd4-ad60-4517-bdb4-34a4e66ec227" testListId="8c84fa94-04c1-424b-9868-57a2d4851a1d" />
    <TestEntry testId="3902fe4d-f17d-5d21-4746-ba713fd0b58c" executionId="8648373c-7980-4c30-a313-969b28b84374" testListId="8c84fa94-04c1-424b-9868-57a2d4851a1d" />
    <TestEntry testId="69fe012a-82fe-3708-098d-5cd009a2da67" executionId="35a3eacd-3c54-4fbb-b130-f8efeb93f94e" testListId="8c84fa94-04c1-424b-9868-57a2d4851a1d" />
    <TestEntry testId="cdbfe0a8-e401-5845-0974-d3e362e0c484" executionId="7e0fac8b-7611-4fb1-9776-649583abf4f7" testListId="8c84fa94-04c1-424b-9868-57a2d4851a1d" />
    <TestEntry testId="4912d116-f7fc-a751-481c-6c5c02960fc1" executionId="f6d07b8b-367b-4cac-8869-d616df19c84c" testListId="8c84fa94-04c1-424b-9868-57a2d4851a1d" />
    <TestEntry testId="0c01b91e-1f31-c944-fe79-657241846334" executionId="c290fc0e-e400-4bf1-ac36-758f81dc88e8" testListId="8c84fa94-04c1-424b-9868-57a2d4851a1d" />
    <TestEntry testId="ad7d5cca-0afe-aa15-f70e-c563df4cebb9" executionId="bc752d0e-a75b-4db4-a3d6-5a461c286b30" testListId="8c84fa94-04c1-424b-9868-57a2d4851a1d" />
    <TestEntry testId="6a6f6355-9fd4-91c1-101e-d3a4ddbfd9e9" executionId="49c2e6af-4ef2-4842-b476-f267d18212ba" testListId="8c84fa94-04c1-424b-9868-57a2d4851a1d" />
    <TestEntry testId="7e276b69-25a2-1e91-d250-12381a8ea181" executionId="0a103358-31d7-4fee-8a21-ae2fb2bfc70f" testListId="8c84fa94-04c1-424b-9868-57a2d4851a1d" />
    <TestEntry testId="646327bb-2edb-21ab-b78e-1f2eefc3c0b3" executionId="f97cb1b8-29a7-4559-a88e-a5a117b78a33" testListId="8c84fa94-04c1-424b-9868-57a2d4851a1d" />
    <TestEntry testId="239858d9-6523-c1b4-9f7d-78a53c1eac10" executionId="3b7ef523-533d-442c-b9c1-7bed7d31207a" testListId="8c84fa94-04c1-424b-9868-57a2d4851a1d" />
    <TestEntry testId="2c2006c0-221d-554f-297a-e29ef198d5bd" executionId="eb1488d2-5608-434d-aea0-2cf17fc94de7" testListId="8c84fa94-04c1-424b-9868-57a2d4851a1d" />
    <TestEntry testId="748f8264-f4b3-9b6e-bf21-ba9f263ed688" executionId="4de4893c-e837-494d-a5a5-e5083a11eb5f" testListId="8c84fa94-04c1-424b-9868-57a2d4851a1d" />
    <TestEntry testId="a4c6dfe2-8692-442a-7687-11fe74a57291" executionId="498ca0e6-a5b8-45a4-bbc8-7a97d9a1fbd6" testListId="8c84fa94-04c1-424b-9868-57a2d4851a1d" />
    <TestEntry testId="e8fd9f68-55b8-c4bd-47ac-7ccdf891ae01" executionId="7591aee3-58fe-4df8-a319-029bd11fadc7" testListId="8c84fa94-04c1-424b-9868-57a2d4851a1d" />
    <TestEntry testId="87abcabe-5648-fdf1-3a5d-705e67f3c3fe" executionId="98802b15-da49-4919-9192-09da5d8fb3bb" testListId="8c84fa94-04c1-424b-9868-57a2d4851a1d" />
    <TestEntry testId="b9694bad-42e0-0c76-3c47-bc8dece9f7e0" executionId="f0a6f622-1074-4f52-a737-319fb0bc1b38" testListId="8c84fa94-04c1-424b-9868-57a2d4851a1d" />
    <TestEntry testId="9fe6d175-d2ab-6131-d5d1-c65e74e5832a" executionId="657584af-3084-4c1e-baba-90dda2e67ecf" testListId="8c84fa94-04c1-424b-9868-57a2d4851a1d" />
    <TestEntry testId="201d5940-7e4c-301c-43c7-cd72598ac0d0" executionId="adc380cd-225e-41cd-9181-e58d079342e2" testListId="8c84fa94-04c1-424b-9868-57a2d4851a1d" />
    <TestEntry testId="ff4e921f-20b7-1709-b98d-0805a1ad4ff6" executionId="b8973d14-1182-4127-95a3-52cc22fd7d07" testListId="8c84fa94-04c1-424b-9868-57a2d4851a1d" />
    <TestEntry testId="e21cd5c6-324b-c676-dab9-0bd35c2ac14e" executionId="a52a813d-403f-4825-bd34-e2a389a4b1d7" testListId="8c84fa94-04c1-424b-9868-57a2d4851a1d" />
    <TestEntry testId="13978cf6-8116-d9d2-5159-ee260bc86d7b" executionId="c7097357-b12c-4ab0-afd0-b3ea8306cd38" testListId="8c84fa94-04c1-424b-9868-57a2d4851a1d" />
    <TestEntry testId="cee07bb6-f0e2-062a-9298-b31e489309dc" executionId="44f12fb5-2230-4bf1-a4fa-7f91535b052b" testListId="8c84fa94-04c1-424b-9868-57a2d4851a1d" />
    <TestEntry testId="77f47604-3476-c76e-0620-42e3a18a923a" executionId="0bf578f2-82be-4c17-b6a5-861c11f36ef6" testListId="8c84fa94-04c1-424b-9868-57a2d4851a1d" />
    <TestEntry testId="58073b91-70b6-9fb3-000c-90ec0c036dad" executionId="20f9d14b-2f2e-49fb-8ce5-32969877b6c6" testListId="8c84fa94-04c1-424b-9868-57a2d4851a1d" />
    <TestEntry testId="42dc7df1-96a1-4d9a-de82-432b5eb500ec" executionId="95e2a3f8-f22d-40f0-98e6-45b54286535b" testListId="8c84fa94-04c1-424b-9868-57a2d4851a1d" />
    <TestEntry testId="f69cea75-c037-0d47-d3fb-10191b89beda" executionId="d4cbbed0-7d2a-4c96-932d-f98c117bb363" testListId="8c84fa94-04c1-424b-9868-57a2d4851a1d" />
    <TestEntry testId="5b0a3d64-a64f-8568-d161-26c211e26ebb" executionId="6e555cb3-4d98-40bf-8973-f41d5ee64113" testListId="8c84fa94-04c1-424b-9868-57a2d4851a1d" />
    <TestEntry testId="69221b6b-5e06-008b-d928-3f77a40328a2" executionId="43ae2f94-b3e3-473d-856e-ce181124e583" testListId="8c84fa94-04c1-424b-9868-57a2d4851a1d" />
    <TestEntry testId="41ae648d-7fc7-ba2f-c06a-44229c2bffd5" executionId="c667d734-27ff-4d54-8511-16b0607d8baa" testListId="8c84fa94-04c1-424b-9868-57a2d4851a1d" />
    <TestEntry testId="ce5d819c-5ce5-57c8-bafb-b7d7723680d9" executionId="7602e40d-9004-40c4-aa37-197865185ab7" testListId="8c84fa94-04c1-424b-9868-57a2d4851a1d" />
    <TestEntry testId="38d9a3a3-e1c3-68c6-2d7a-903c09e97244" executionId="f784b0a8-85b0-4a82-accd-963c11f7506c" testListId="8c84fa94-04c1-424b-9868-57a2d4851a1d" />
    <TestEntry testId="26b9f878-3757-489b-6626-eca8d0f72307" executionId="9237008a-4b94-4720-a21a-a23d1151bf7b" testListId="8c84fa94-04c1-424b-9868-57a2d4851a1d" />
    <TestEntry testId="6babc633-5a84-86ce-3dc5-db3fab1babdf" executionId="5bef60cd-37ab-423f-a71f-1a54c912da6d" testListId="8c84fa94-04c1-424b-9868-57a2d4851a1d" />
    <TestEntry testId="cac2c651-fa59-0f92-f0f1-b284ea5fd816" executionId="06f53171-35dc-4d50-9041-db046819d374" testListId="8c84fa94-04c1-424b-9868-57a2d4851a1d" />
    <TestEntry testId="32b805ef-d784-d8e5-9caf-a748c5f789fb" executionId="739ddb39-2c9c-494d-bc40-c0d8a30d6453" testListId="8c84fa94-04c1-424b-9868-57a2d4851a1d" />
    <TestEntry testId="fb5b9c38-8b84-314c-709f-5c4f52c1a376" executionId="b134ed17-f0ba-4962-a2cc-f8ab698871c6" testListId="8c84fa94-04c1-424b-9868-57a2d4851a1d" />
    <TestEntry testId="5baaed9a-7b39-bf0a-975b-3f375a59580f" executionId="6d05788a-f7e0-4b0c-a2c5-f612ae845d80" testListId="8c84fa94-04c1-424b-9868-57a2d4851a1d" />
    <TestEntry testId="0ee62c17-dcae-efb1-3027-07f5ee04a932" executionId="ddf650ca-afde-4b3d-ba8b-f24b24b9ec07" testListId="8c84fa94-04c1-424b-9868-57a2d4851a1d" />
    <TestEntry testId="00fb0efe-ac5c-dcca-7bdb-1e3f8783f943" executionId="e206b343-0f4c-4c59-ade4-0ae2f3cfc456" testListId="8c84fa94-04c1-424b-9868-57a2d4851a1d" />
    <TestEntry testId="433cedb3-2a7e-2070-b4b6-ff055a4203c2" executionId="883f0fed-c909-40c9-a05b-26e7fd4b7bda" testListId="8c84fa94-04c1-424b-9868-57a2d4851a1d" />
    <TestEntry testId="82b79749-a163-881a-8fc3-03b8db75e151" executionId="e5a2a058-7c3c-4baa-abe6-5e3026c51ffa" testListId="8c84fa94-04c1-424b-9868-57a2d4851a1d" />
    <TestEntry testId="3947765f-43ab-cae7-edae-7924657957aa" executionId="1eee4ad5-a0af-44c4-8a67-0d2bff26a4f9" testListId="8c84fa94-04c1-424b-9868-57a2d4851a1d" />
    <TestEntry testId="0cf7ed9f-4d8e-2f0c-2cb2-fcd1f0c857e6" executionId="7c58093b-4a59-4d65-bc37-e4df915d146e" testListId="8c84fa94-04c1-424b-9868-57a2d4851a1d" />
    <TestEntry testId="99d2f9a3-7064-fb89-edfc-d8cf0deede72" executionId="9d2dc338-68dd-4d15-a17d-d3c6508594fe" testListId="8c84fa94-04c1-424b-9868-57a2d4851a1d" />
    <TestEntry testId="9720ebaa-d172-feed-39d4-ea0c237a4355" executionId="8034afd1-97f6-4326-b0b0-b1bec9ef78e4" testListId="8c84fa94-04c1-424b-9868-57a2d4851a1d" />
    <TestEntry testId="fb57c710-b9e2-ed4a-59de-d5901369c26e" executionId="4e2be2ca-1ef3-480f-8be5-f9f9e57c49d7" testListId="8c84fa94-04c1-424b-9868-57a2d4851a1d" />
    <TestEntry testId="e1828be1-cfff-3e34-4b60-0621ccd8e3ab" executionId="f29df100-dc49-4217-9abe-7d62565b7f5f" testListId="8c84fa94-04c1-424b-9868-57a2d4851a1d" />
    <TestEntry testId="41de6ffd-df72-f5d2-e6b2-2548e17c369e" executionId="11aad297-267e-4593-8768-d87d190e5daf" testListId="8c84fa94-04c1-424b-9868-57a2d4851a1d" />
    <TestEntry testId="1e096ccc-e723-7491-b653-eb6d07a2b4e3" executionId="ba38d1fb-237a-427f-83ef-a1d87b7c7070" testListId="8c84fa94-04c1-424b-9868-57a2d4851a1d" />
    <TestEntry testId="62b65325-048b-ed3a-aab7-f63a342cc22e" executionId="9e19c59d-011e-4a89-a6a3-bbb310a90174" testListId="8c84fa94-04c1-424b-9868-57a2d4851a1d" />
    <TestEntry testId="f768ae59-36e8-7994-fc40-60be4f478e46" executionId="eea81fbd-345c-48f0-966e-dd10157b76c4" testListId="8c84fa94-04c1-424b-9868-57a2d4851a1d" />
    <TestEntry testId="ed657ece-8209-9b5b-aeeb-ee1e361b80b6" executionId="976f8457-4dfa-4769-9a88-5e59284d08ef" testListId="8c84fa94-04c1-424b-9868-57a2d4851a1d" />
    <TestEntry testId="970cea6b-40ba-903c-9bac-ba8ed8c9ebf1" executionId="0a268de0-656b-4132-9436-7b3acea5cef3" testListId="8c84fa94-04c1-424b-9868-57a2d4851a1d" />
    <TestEntry testId="e5db7fe7-0c86-b69a-1876-a463e7e775cd" executionId="d3173be8-0e3c-48ca-9e84-64f7d0e91021" testListId="8c84fa94-04c1-424b-9868-57a2d4851a1d" />
    <TestEntry testId="12ee414a-a43e-5473-78ad-46199e88b6c7" executionId="90430900-5514-44dd-ba9a-00e6257293f1" testListId="8c84fa94-04c1-424b-9868-57a2d4851a1d" />
    <TestEntry testId="f4e2e719-e2ed-ccf6-d6de-453713b765c3" executionId="4dc3ca7b-ff55-4309-8696-2dc12dd76854" testListId="8c84fa94-04c1-424b-9868-57a2d4851a1d" />
    <TestEntry testId="3b3ecbd9-1b3c-f621-f2e4-19cb21a63a18" executionId="2c646843-57de-4b08-a1fa-e1b3be93182f" testListId="8c84fa94-04c1-424b-9868-57a2d4851a1d" />
    <TestEntry testId="e006de4c-80eb-9ac9-a4df-a37619cd7add" executionId="3b111857-bb1d-4c95-b9c8-1908b4847403" testListId="8c84fa94-04c1-424b-9868-57a2d4851a1d" />
    <TestEntry testId="1ae5ff30-1a08-cfcb-e755-65a04829e2b4" executionId="e4d483a6-7caf-4a35-8a91-2f980d84f1b7" testListId="8c84fa94-04c1-424b-9868-57a2d4851a1d" />
    <TestEntry testId="5e8c96b7-65ee-a96f-f5e0-222a2affc359" executionId="b5f5798b-7927-4011-be42-5d950d264030" testListId="8c84fa94-04c1-424b-9868-57a2d4851a1d" />
    <TestEntry testId="591200bf-8c10-cbe7-b292-ba438a5b1619" executionId="05d411cb-d2a6-49f0-b39f-e909b35a7e6a" testListId="8c84fa94-04c1-424b-9868-57a2d4851a1d" />
    <TestEntry testId="102fc01d-1003-9aad-0ab0-768afa59b2db" executionId="45d0b601-0f66-452a-b51c-c7fbf108e48e" testListId="8c84fa94-04c1-424b-9868-57a2d4851a1d" />
    <TestEntry testId="392c6d3e-7870-0e59-cda0-066a33da3da1" executionId="645efbb7-ea00-4275-bf98-967bc59a5feb" testListId="8c84fa94-04c1-424b-9868-57a2d4851a1d" />
    <TestEntry testId="d29fcc06-571a-4921-ed4b-3a531d140ab9" executionId="2a9e229c-b97c-44db-8aef-c1b48a7a1576" testListId="8c84fa94-04c1-424b-9868-57a2d4851a1d" />
    <TestEntry testId="ce3791cd-d401-3567-856e-b206412930a4" executionId="f97d2e0f-2f0c-4112-8b08-fb7ebf6c2fcf" testListId="8c84fa94-04c1-424b-9868-57a2d4851a1d" />
    <TestEntry testId="c6f8c170-4767-1292-4e2d-1c9d883e8f1e" executionId="30739b18-b020-4b96-88c0-e9728123d994" testListId="8c84fa94-04c1-424b-9868-57a2d4851a1d" />
    <TestEntry testId="f2a9e942-c5a4-67ec-c6f6-76d8270d8e03" executionId="ba7e884c-e0da-4986-84c1-321065010248" testListId="8c84fa94-04c1-424b-9868-57a2d4851a1d" />
    <TestEntry testId="a2674b3f-bc72-1bcc-0868-ab7ca9fc846f" executionId="11e6ae0f-aa01-4445-815f-b17d32cec091" testListId="8c84fa94-04c1-424b-9868-57a2d4851a1d" />
    <TestEntry testId="207aab20-bd1d-c84f-9d5f-6c6087e30ea0" executionId="be04dbe1-43c2-48aa-8829-50aa685f6d8f" testListId="8c84fa94-04c1-424b-9868-57a2d4851a1d" />
    <TestEntry testId="3678ad7d-a25e-86f2-08f3-061f2d41eeb9" executionId="4592b6a5-27e9-4e3a-ae94-7b262a395a84" testListId="8c84fa94-04c1-424b-9868-57a2d4851a1d" />
    <TestEntry testId="d09d88d0-e6be-e39b-577c-5d7881b8be2d" executionId="d2c5f217-9c58-4e0a-8d44-997752118eb3" testListId="8c84fa94-04c1-424b-9868-57a2d4851a1d" />
    <TestEntry testId="0d50f91b-1973-b06b-3035-cd7f803461f8" executionId="d0b930f5-ac8f-4242-905d-a6c74ceff87e" testListId="8c84fa94-04c1-424b-9868-57a2d4851a1d" />
    <TestEntry testId="e21df2cf-ba0a-8810-7404-ab38bf078339" executionId="4b682fc8-e00b-4534-96e4-1b58d65f17be" testListId="8c84fa94-04c1-424b-9868-57a2d4851a1d" />
    <TestEntry testId="4ff4f6ae-7162-7b49-f15b-0e6d2c38da7f" executionId="4ab54c07-b6fb-4a8b-85c4-e1742c26d75f" testListId="8c84fa94-04c1-424b-9868-57a2d4851a1d" />
    <TestEntry testId="2dee0c93-c326-e436-b53d-0e74105a9590" executionId="7f664535-962c-4cc2-aa06-77d49ee38954" testListId="8c84fa94-04c1-424b-9868-57a2d4851a1d" />
    <TestEntry testId="b3bf15b1-a9a8-d9c2-b6bd-2d88af5f3f06" executionId="e5d80e0a-f7c9-44e3-aa69-12a6b09c1549" testListId="8c84fa94-04c1-424b-9868-57a2d4851a1d" />
    <TestEntry testId="6555fe8c-88a8-9430-9c04-a65f7276a0ba" executionId="7e0f3a3b-4bd9-4099-b822-958ac6a87563" testListId="8c84fa94-04c1-424b-9868-57a2d4851a1d" />
    <TestEntry testId="19e6bda6-00bd-7cd6-3c38-90a57abeea2e" executionId="6b75d933-26b9-4e73-854c-2884201055b9" testListId="8c84fa94-04c1-424b-9868-57a2d4851a1d" />
    <TestEntry testId="10d1fa48-3361-6849-5e5d-c459122ca60e" executionId="88179914-fb50-448d-ad6d-1027dcd2e7ce" testListId="8c84fa94-04c1-424b-9868-57a2d4851a1d" />
    <TestEntry testId="e5189492-adae-5b47-5b01-837ec60d1504" executionId="726dddff-b54b-48e1-8e4c-aeba60119c9a" testListId="8c84fa94-04c1-424b-9868-57a2d4851a1d" />
    <TestEntry testId="b432be91-d64b-9c99-4079-f00a8db2e635" executionId="75533ded-3299-4f4d-aeab-0b1aff3e8c80" testListId="8c84fa94-04c1-424b-9868-57a2d4851a1d" />
    <TestEntry testId="8dde58a5-7529-70d6-f415-cc7c8025de4a" executionId="cbbbcd5a-efca-4357-b4a5-dcd37452dee3" testListId="8c84fa94-04c1-424b-9868-57a2d4851a1d" />
    <TestEntry testId="b3ced23f-cb6e-2a17-6541-3fac83d667d8" executionId="d0b34b23-a6b2-4c5b-8327-5c36790397d9" testListId="8c84fa94-04c1-424b-9868-57a2d4851a1d" />
    <TestEntry testId="13bd86c6-f19a-69a0-47da-45392f474030" executionId="45b71f62-153c-40ba-9914-f3b12da8de27" testListId="8c84fa94-04c1-424b-9868-57a2d4851a1d" />
    <TestEntry testId="ad8c3afd-60d6-cd49-53c0-babc94254028" executionId="e9d62461-70c6-4f7a-bc1c-c8c931930a13" testListId="8c84fa94-04c1-424b-9868-57a2d4851a1d" />
    <TestEntry testId="de0a592c-30a6-23bd-e2fd-8c5dac12d560" executionId="d5a4bbbb-0014-4b41-8d64-b88072bfd965" testListId="8c84fa94-04c1-424b-9868-57a2d4851a1d" />
    <TestEntry testId="264ab6a2-4596-51c5-876b-2d91f4e645a4" executionId="3718e6a4-3621-477d-9c0a-50e33eb7a13f" testListId="8c84fa94-04c1-424b-9868-57a2d4851a1d" />
    <TestEntry testId="f40dcb59-5570-8947-4c85-82c6660d5c47" executionId="4d103fa2-75dd-4410-a19a-f4eebab0ce59" testListId="8c84fa94-04c1-424b-9868-57a2d4851a1d" />
    <TestEntry testId="395e9654-511f-4e89-413f-4a0e36424649" executionId="4ce601d8-0e03-46e4-8f02-d5e7c355a93c" testListId="8c84fa94-04c1-424b-9868-57a2d4851a1d" />
    <TestEntry testId="548a09d3-4fa2-75df-faa2-e267f1d73899" executionId="5ce498de-01c5-4a6d-b3bf-8fcb23dc96c1" testListId="8c84fa94-04c1-424b-9868-57a2d4851a1d" />
    <TestEntry testId="bd31f24b-8a56-ffab-1b6d-032aa810c6a3" executionId="0c57cfba-f86a-4851-afb1-3684680df82c" testListId="8c84fa94-04c1-424b-9868-57a2d4851a1d" />
    <TestEntry testId="c99a566a-1630-a491-7e5a-d1e5db3d6a74" executionId="b3d1895b-8adc-42bc-87e4-43ff007a68ae" testListId="8c84fa94-04c1-424b-9868-57a2d4851a1d" />
    <TestEntry testId="c6348b7e-7455-a038-0d62-d669b4fb234b" executionId="d507f085-364f-4e93-b4ab-b9f768240a13" testListId="8c84fa94-04c1-424b-9868-57a2d4851a1d" />
  </TestEntries>
  <TestLists>
    <TestList name="Results Not in a List" id="8c84fa94-04c1-424b-9868-57a2d4851a1d" />
    <TestList name="All Loaded Results" id="19431567-8539-422a-85d7-44ee4e166bda" />
  </TestLists>
  <ResultSummary outcome="Failed">
    <Counters total="111" executed="87" passed="52" failed="35" error="0" timeout="0" aborted="0" inconclusive="0" passedButRunAborted="0" notRunnable="0" notExecuted="0" disconnected="0" warning="0" completed="0" inProgress="0" pending="0" />
    <Output>
      <StdOut>[xUnit.net 00:00:00.00] xUnit.net VSTest Adapter v3.1.1+bf6400fd51 (64-bit .NET 9.0.6)
[xUnit.net 00:00:00.05]   Discovering: WitchCityRope.Infrastructure.Tests
[xUnit.net 00:00:00.08]   Discovered:  WitchCityRope.Infrastructure.Tests
[xUnit.net 00:00:00.10]   Starting:    WitchCityRope.Infrastructure.Tests
[xUnit.net 00:00:00.12]       Email service not fully implemented - SendGrid integration pending
[xUnit.net 00:00:00.13]       PayPal service not fully implemented - PayPal SDK integration pending
     Warning:
     The component "Fluent Assertions" is governed by the rules defined in the Xceed License Agreement and
     the Xceed Fluent Assertions Community License. You may use Fluent Assertions free of charge for
     non-commercial use only. An active subscription is required to use Fluent Assertions for commercial use.
     Please contact Xceed Sales mailto:sales@xceed.com to acquire a subscription at a very low cost.
     A paid commercial license supports the development and continued increasing support of
     Fluent Assertions users under both commercial and community licenses. Help us
     keep Fluent Assertions at the forefront of unit testing.
     For more information, visit https://xceed.com/products/unit-testing/fluent-assertions/
Test 'WitchCityRope.Infrastructure.Tests.Email.EmailServiceTests.SendBulkEmailAsync_Should_Send_To_Multiple_Recipients' was skipped in the test run.
Test 'WitchCityRope.Infrastructure.Tests.PayPal.PayPalServiceTests.ValidatePaymentMethodAsync_Should_Return_False_For_Empty_Method' was skipped in the test run.
[xUnit.net 00:00:00.16]       Email service not fully implemented - SendGrid integration pending
[xUnit.net 00:00:00.16]       PayPal service not fully implemented - PayPal SDK integration pending
[xUnit.net 00:00:00.16]       Email service not fully implemented - SendGrid integration pending
[xUnit.net 00:00:00.16]       PayPal service not fully implemented - PayPal SDK integration pending
[xUnit.net 00:00:00.17]       Email service not fully implemented - SendGrid integration pending
[xUnit.net 00:00:00.17]       Email service not fully implemented - SendGrid integration pending
[xUnit.net 00:00:00.17]       Email service not fully implemented - SendGrid integration pending
[xUnit.net 00:00:00.17]       Email service not fully implemented - SendGrid integration pending
Test 'WitchCityRope.Infrastructure.Tests.Email.EmailServiceTests.SendEmailAsync_Should_Return_False_When_SendGrid_Fails' was skipped in the test run.
Test 'WitchCityRope.Infrastructure.Tests.PayPal.PayPalServiceTests.ProcessRefundAsync_Should_Use_Full_Amount_When_Not_Specified' was skipped in the test run.
Test 'WitchCityRope.Infrastructure.Tests.Email.EmailServiceTests.Should_Use_Default_From_Email_When_Not_Configured' was skipped in the test run.
Test 'WitchCityRope.Infrastructure.Tests.PayPal.PayPalServiceTests.ProcessRefundAsync_Should_Handle_Exceptions' was skipped in the test run.
Test 'WitchCityRope.Infrastructure.Tests.Email.EmailServiceTests.SendBulkEmailAsync_Should_Return_False_If_Any_Batch_Fails' was skipped in the test run.
Test 'WitchCityRope.Infrastructure.Tests.Email.EmailServiceTests.SendCancellationConfirmationAsync_Should_Include_Refund_When_Provided' was skipped in the test run.
Test 'WitchCityRope.Infrastructure.Tests.Email.EmailServiceTests.SendEmailAsync_Should_Send_PlainText_Email_When_IsHtml_Is_False' was skipped in the test run.
Test 'WitchCityRope.Infrastructure.Tests.Email.EmailServiceTests.SendEmailAsync_Should_Send_Email_Successfully' was skipped in the test run.
[xUnit.net 00:00:00.17]       Email service not fully implemented - SendGrid integration pending
[xUnit.net 00:00:00.17]       Email service not fully implemented - SendGrid integration pending
Test 'WitchCityRope.Infrastructure.Tests.Email.EmailServiceTests.SendVettingStatusUpdateAsync_Should_Include_Notes_When_Provided' was skipped in the test run.
Test 'WitchCityRope.Infrastructure.Tests.Email.EmailServiceTests.SendTemplateEmailAsync_Should_Send_With_Template_Id' was skipped in the test run.
[xUnit.net 00:00:00.20]       PayPal service not fully implemented - PayPal SDK integration pending
[xUnit.net 00:00:00.20]       PayPal service not fully implemented - PayPal SDK integration pending
[xUnit.net 00:00:00.20]       PayPal service not fully implemented - PayPal SDK integration pending
[xUnit.net 00:00:00.20]       PayPal service not fully implemented - PayPal SDK integration pending
Test 'WitchCityRope.Infrastructure.Tests.PayPal.PayPalServiceTests.GetPaymentStatusAsync_Should_Return_Failed_On_Exception' was skipped in the test run.
Test 'WitchCityRope.Infrastructure.Tests.PayPal.PayPalServiceTests.CreatePaymentIntentAsync_Should_Handle_Exceptions' was skipped in the test run.
Test 'WitchCityRope.Infrastructure.Tests.PayPal.PayPalServiceTests.GetPaymentStatusAsync_Should_Return_Pending_Status' was skipped in the test run.
Test 'WitchCityRope.Infrastructure.Tests.PayPal.PayPalServiceTests.ProcessRefundAsync_Should_Return_Success_Result' was skipped in the test run.
[xUnit.net 00:00:00.20]       PayPal service not fully implemented - PayPal SDK integration pending
[xUnit.net 00:00:00.20]       PayPal service not fully implemented - PayPal SDK integration pending
[xUnit.net 00:00:00.20]       PayPal service not fully implemented - PayPal SDK integration pending
[xUnit.net 00:00:00.21]       Expected a &lt;System.ArgumentNullException&gt; to be thrown, but no exception was thrown.
[xUnit.net 00:00:00.21]       Stack Trace:
[xUnit.net 00:00:00.21]            at FluentAssertions.Execution.LateBoundTestFramework.Throw(String message)
[xUnit.net 00:00:00.21]            at FluentAssertions.Execution.DefaultAssertionStrategy.HandleFailure(String message)
[xUnit.net 00:00:00.21]            at FluentAssertions.Execution.AssertionScope.AddPreFormattedFailure(String formattedFailureMessage)
[xUnit.net 00:00:00.21]            at FluentAssertions.Execution.AssertionChain.FailWith(Func`1 getFailureReason)
[xUnit.net 00:00:00.21]            at FluentAssertions.Execution.AssertionChain.FailWith(Func`1 getFailureReason)
[xUnit.net 00:00:00.21]            at FluentAssertions.Execution.AssertionChain.FailWith(String message)
[xUnit.net 00:00:00.21]            at FluentAssertions.Specialized.DelegateAssertionsBase`2.&lt;&gt;c__DisplayClass8_0`1.&lt;ThrowInternal&gt;b__0(AssertionChain chain)
[xUnit.net 00:00:00.21]            at FluentAssertions.Execution.AssertionChain.WithExpectation(String message, Action`1 chain, Object[] args)
[xUnit.net 00:00:00.21]            at FluentAssertions.Execution.AssertionChain.WithExpectation(String message, Object arg1, Action`1 chain)
[xUnit.net 00:00:00.21]            at FluentAssertions.Specialized.DelegateAssertionsBase`2.ThrowInternal[TException](Exception exception, String because, Object[] becauseArgs)
[xUnit.net 00:00:00.21]            at FluentAssertions.Specialized.DelegateAssertions`2.Throw[TException](String because, Object[] becauseArgs)
[xUnit.net 00:00:00.21]         /home/chad/repos/witchcityrope-react/tests/WitchCityRope.Infrastructure.Tests/Email/EmailServiceTests.cs(49,0): at WitchCityRope.Infrastructure.Tests.Email.EmailServiceTests.Constructor_Should_Throw_When_SendGridClient_Is_Null()
[xUnit.net 00:00:00.21]            at System.RuntimeMethodHandle.InvokeMethod(Object target, Void** arguments, Signature sig, Boolean isConstructor)
[xUnit.net 00:00:00.21]            at System.Reflection.MethodBaseInvoker.InvokeWithNoArgs(Object obj, BindingFlags invokeAttr)
[xUnit.net 00:00:00.21]       Email service not fully implemented - SendGrid integration pending
[xUnit.net 00:00:00.21]       Email service not fully implemented - SendGrid integration pending
[xUnit.net 00:00:00.21]       Email service not fully implemented - SendGrid integration pending
[xUnit.net 00:00:00.21]       Email service not fully implemented - SendGrid integration pending
Test 'WitchCityRope.Infrastructure.Tests.PayPal.PayPalServiceTests.ProcessPaymentAsync_Should_Return_Success_Result' was skipped in the test run.
Test 'WitchCityRope.Infrastructure.Tests.PayPal.PayPalServiceTests.ProcessPaymentAsync_Should_Handle_Exceptions' was skipped in the test run.
Test 'WitchCityRope.Infrastructure.Tests.PayPal.PayPalServiceTests.ValidatePaymentMethodAsync_Should_Return_True_For_Valid_Method' was skipped in the test run.
Test 'WitchCityRope.Infrastructure.Tests.Email.EmailServiceTests.SendTemplateEmailAsync_Should_Throw_For_Unknown_Template' was skipped in the test run.
Test 'WitchCityRope.Infrastructure.Tests.Email.EmailServiceTests.SendEmailAsync_Should_Return_False_When_Exception_Occurs' was skipped in the test run.
Test 'WitchCityRope.Infrastructure.Tests.Email.EmailServiceTests.SendBulkEmailAsync_Should_Batch_Large_Recipient_Lists' was skipped in the test run.
Test 'WitchCityRope.Infrastructure.Tests.Email.EmailServiceTests.SendRegistrationConfirmationAsync_Should_Use_Correct_Template' was skipped in the test run.
[xUnit.net 00:00:00.21]       PayPal service not fully implemented - PayPal SDK integration pending
Test 'WitchCityRope.Infrastructure.Tests.PayPal.PayPalServiceTests.CreatePaymentIntentAsync_Should_Return_Valid_Intent' was skipped in the test run.
[testcontainers.org 00:00:00.12] Connected to Docker:
  Host: unix:///var/run/docker.sock
  Server Version: 27.5.1
  Kernel Version: 6.14.0-29-generic
  API Version: 1.47
  Operating System: Ubuntu 24.04.3 LTS
  Total Memory: 62.72 GB
[testcontainers.org 00:00:00.19] Docker container 2023ce817e40 created
[testcontainers.org 00:00:00.21] Start Docker container 2023ce817e40
[testcontainers.org 00:00:00.38] Wait for Docker container 2023ce817e40 to complete readiness checks
[testcontainers.org 00:00:00.38] Docker container 2023ce817e40 ready
[testcontainers.org 00:00:00.40] Docker container f1bbbd46e999 created
[testcontainers.org 00:00:00.40] Start Docker container f1bbbd46e999
[testcontainers.org 00:00:00.55] Wait for Docker container f1bbbd46e999 to complete readiness checks
[testcontainers.org 00:00:00.55] Execute "pg_isready --host localhost --dbname witchcityrope_test --username testuser" at Docker container f1bbbd46e999
[xUnit.net 00:00:01.25]       System.InvalidOperationException : An error was generated for warning 'Microsoft.EntityFrameworkCore.Database.Transaction.TransactionIgnoredWarning': Transactions are not supported by the in-memory store. See https://go.microsoft.com/fwlink/?LinkId=800142 This exception can be suppressed or logged by passing event ID 'InMemoryEventId.TransactionIgnoredWarning' to the 'ConfigureWarnings' method in 'DbContext.OnConfiguring' or 'AddDbContext'.
[xUnit.net 00:00:01.25]       Stack Trace:
[xUnit.net 00:00:01.25]            at Microsoft.EntityFrameworkCore.Diagnostics.EventDefinition.Log[TLoggerCategory](IDiagnosticsLogger`1 logger, Exception exception)
[xUnit.net 00:00:01.25]            at Microsoft.EntityFrameworkCore.InMemory.Internal.InMemoryLoggerExtensions.TransactionIgnoredWarning(IDiagnosticsLogger`1 diagnostics)
[xUnit.net 00:00:01.25]            at Microsoft.EntityFrameworkCore.InMemory.Storage.Internal.InMemoryTransactionManager.BeginTransactionAsync(CancellationToken cancellationToken)
[xUnit.net 00:00:01.25]            at Microsoft.EntityFrameworkCore.Infrastructure.DatabaseFacade.BeginTransactionAsync(CancellationToken cancellationToken)
[xUnit.net 00:00:01.25]         /home/chad/repos/witchcityrope-react/tests/WitchCityRope.Infrastructure.Tests/Data/ConcurrencyTests.cs(332,0): at WitchCityRope.Infrastructure.Tests.Data.ConcurrencyTests.&lt;&gt;c__DisplayClass5_0.&lt;&lt;Should_Handle_Deadlock_Scenario&gt;b__0&gt;d.MoveNext()
[xUnit.net 00:00:01.25]         --- End of stack trace from previous location ---
[xUnit.net 00:00:01.25]         /home/chad/repos/witchcityrope-react/tests/WitchCityRope.Infrastructure.Tests/Data/ConcurrencyTests.cs(389,0): at WitchCityRope.Infrastructure.Tests.Data.ConcurrencyTests.Should_Handle_Deadlock_Scenario()
[xUnit.net 00:00:01.25]         --- End of stack trace from previous location ---
[xUnit.net 00:00:01.26]       Microsoft.EntityFrameworkCore.DbUpdateException : An error occurred while saving the entity changes. See the inner exception for details.
[xUnit.net 00:00:01.26]       ---- Microsoft.Data.Sqlite.SqliteException : SQLite Error 19: 'NOT NULL constraint failed: Registrations.DietaryRestrictions'.
[xUnit.net 00:00:01.26]       Stack Trace:
[xUnit.net 00:00:01.26]            at Microsoft.EntityFrameworkCore.Update.ReaderModificationCommandBatch.ExecuteAsync(IRelationalConnection connection, CancellationToken cancellationToken)
[xUnit.net 00:00:01.26]            at Microsoft.EntityFrameworkCore.Update.Internal.BatchExecutor.ExecuteAsync(IEnumerable`1 commandBatches, IRelationalConnection connection, CancellationToken cancellationToken)
[xUnit.net 00:00:01.26]            at Microsoft.EntityFrameworkCore.Update.Internal.BatchExecutor.ExecuteAsync(IEnumerable`1 commandBatches, IRelationalConnection connection, CancellationToken cancellationToken)
[xUnit.net 00:00:01.26]            at Microsoft.EntityFrameworkCore.Update.Internal.BatchExecutor.ExecuteAsync(IEnumerable`1 commandBatches, IRelationalConnection connection, CancellationToken cancellationToken)
[xUnit.net 00:00:01.26]            at Microsoft.EntityFrameworkCore.Storage.RelationalDatabase.SaveChangesAsync(IList`1 entries, CancellationToken cancellationToken)
[xUnit.net 00:00:01.26]            at Microsoft.EntityFrameworkCore.ChangeTracking.Internal.StateManager.SaveChangesAsync(IList`1 entriesToSave, CancellationToken cancellationToken)
[xUnit.net 00:00:01.26]            at Microsoft.EntityFrameworkCore.ChangeTracking.Internal.StateManager.SaveChangesAsync(StateManager stateManager, Boolean acceptAllChangesOnSuccess, CancellationToken cancellationToken)
[xUnit.net 00:00:01.26]            at Microsoft.EntityFrameworkCore.DbContext.SaveChangesAsync(Boolean acceptAllChangesOnSuccess, CancellationToken cancellationToken)
[xUnit.net 00:00:01.26]            at Microsoft.EntityFrameworkCore.DbContext.SaveChangesAsync(Boolean acceptAllChangesOnSuccess, CancellationToken cancellationToken)
[xUnit.net 00:00:01.26]         /home/chad/repos/witchcityrope-react/src/WitchCityRope.Infrastructure/Data/WitchCityRopeDbContext.cs(58,0): at WitchCityRope.Infrastructure.Data.WitchCityRopeDbContext.SaveChangesAsync(CancellationToken cancellationToken)
[xUnit.net 00:00:01.26]         /home/chad/repos/witchcityrope-react/tests/WitchCityRope.Infrastructure.Tests/Data/ComplexQueryTests.cs(63,0): at WitchCityRope.Infrastructure.Tests.Data.ComplexQueryTests.SeedDataAsync()
[xUnit.net 00:00:01.26]         /home/chad/repos/witchcityrope-react/tests/WitchCityRope.Infrastructure.Tests/Fixtures/IntegrationTestBase.cs(41,0): at WitchCityRope.Infrastructure.Tests.Fixtures.IntegrationTestBase.InitializeAsync()
[xUnit.net 00:00:01.26]         ----- Inner Stack Trace -----
[xUnit.net 00:00:01.26]            at Microsoft.Data.Sqlite.SqliteException.ThrowExceptionForRC(Int32 rc, sqlite3 db)
[xUnit.net 00:00:01.26]            at Microsoft.Data.Sqlite.SqliteDataReader.NextResult()
[xUnit.net 00:00:01.26]            at Microsoft.Data.Sqlite.SqliteCommand.ExecuteReader(CommandBehavior behavior)
[xUnit.net 00:00:01.26]            at Microsoft.Data.Sqlite.SqliteCommand.ExecuteReaderAsync(CommandBehavior behavior, CancellationToken cancellationToken)
[xUnit.net 00:00:01.26]            at Microsoft.Data.Sqlite.SqliteCommand.ExecuteDbDataReaderAsync(CommandBehavior behavior, CancellationToken cancellationToken)
[xUnit.net 00:00:01.26]            at Microsoft.EntityFrameworkCore.Storage.RelationalCommand.ExecuteReaderAsync(RelationalCommandParameterObject parameterObject, CancellationToken cancellationToken)
[xUnit.net 00:00:01.26]            at Microsoft.EntityFrameworkCore.Storage.RelationalCommand.ExecuteReaderAsync(RelationalCommandParameterObject parameterObject, CancellationToken cancellationToken)
[xUnit.net 00:00:01.26]            at Microsoft.EntityFrameworkCore.Update.ReaderModificationCommandBatch.ExecuteAsync(IRelationalConnection connection, CancellationToken cancellationToken)
[xUnit.net 00:00:01.35]       System.InvalidOperationException : Sequence contains no elements
[xUnit.net 00:00:01.35]       Stack Trace:
[xUnit.net 00:00:01.35]            at System.Linq.ThrowHelper.ThrowNoElementsException()
[xUnit.net 00:00:01.35]            at lambda_method1238(Closure)
[xUnit.net 00:00:01.35]            at Microsoft.EntityFrameworkCore.InMemory.Query.Internal.InMemoryQueryExpression.ResultEnumerable.GetEnumerator()
[xUnit.net 00:00:01.35]            at Microsoft.EntityFrameworkCore.InMemory.Query.Internal.InMemoryShapedQueryCompilingExpressionVisitor.QueryingEnumerable`1.Enumerator.MoveNextHelper()
[xUnit.net 00:00:01.35]            at Microsoft.EntityFrameworkCore.InMemory.Query.Internal.InMemoryShapedQueryCompilingExpressionVisitor.QueryingEnumerable`1.Enumerator.MoveNextAsync()
[xUnit.net 00:00:01.35]            at Microsoft.EntityFrameworkCore.Query.ShapedQueryCompilingExpressionVisitor.SingleAsync[TSource](IAsyncEnumerable`1 asyncEnumerable, CancellationToken cancellationToken)
[xUnit.net 00:00:01.35]            at Microsoft.EntityFrameworkCore.Query.ShapedQueryCompilingExpressionVisitor.SingleAsync[TSource](IAsyncEnumerable`1 asyncEnumerable, CancellationToken cancellationToken)
[xUnit.net 00:00:01.35]         /home/chad/repos/witchcityrope-react/tests/WitchCityRope.Infrastructure.Tests/Data/ConcurrencyTests.cs(279,0): at WitchCityRope.Infrastructure.Tests.Data.ConcurrencyTests.&lt;&gt;c__DisplayClass4_1.&lt;&lt;Should_Handle_Concurrent_Updates_With_Retry_Logic&gt;b__1&gt;d.MoveNext()
[xUnit.net 00:00:01.35]         --- End of stack trace from previous location ---
[xUnit.net 00:00:01.35]         /home/chad/repos/witchcityrope-react/tests/WitchCityRope.Infrastructure.Tests/Data/ConcurrencyTests.cs(304,0): at WitchCityRope.Infrastructure.Tests.Data.ConcurrencyTests.Should_Handle_Concurrent_Updates_With_Retry_Logic()
[xUnit.net 00:00:01.35]         --- End of stack trace from previous location ---
[xUnit.net 00:00:01.35]       System.InvalidOperationException : Sequence contains no elements
[xUnit.net 00:00:01.35]       Stack Trace:
[xUnit.net 00:00:01.35]            at System.Linq.ThrowHelper.ThrowNoElementsException()
[xUnit.net 00:00:01.35]            at lambda_method1246(Closure)
[xUnit.net 00:00:01.35]            at Microsoft.EntityFrameworkCore.InMemory.Query.Internal.InMemoryQueryExpression.ResultEnumerable.GetEnumerator()
[xUnit.net 00:00:01.35]            at Microsoft.EntityFrameworkCore.InMemory.Query.Internal.InMemoryShapedQueryCompilingExpressionVisitor.QueryingEnumerable`1.Enumerator.MoveNextHelper()
[xUnit.net 00:00:01.35]            at Microsoft.EntityFrameworkCore.InMemory.Query.Internal.InMemoryShapedQueryCompilingExpressionVisitor.QueryingEnumerable`1.Enumerator.MoveNextAsync()
[xUnit.net 00:00:01.35]            at Microsoft.EntityFrameworkCore.Query.ShapedQueryCompilingExpressionVisitor.SingleAsync[TSource](IAsyncEnumerable`1 asyncEnumerable, CancellationToken cancellationToken)
[xUnit.net 00:00:01.35]            at Microsoft.EntityFrameworkCore.Query.ShapedQueryCompilingExpressionVisitor.SingleAsync[TSource](IAsyncEnumerable`1 asyncEnumerable, CancellationToken cancellationToken)
[xUnit.net 00:00:01.35]         /home/chad/repos/witchcityrope-react/tests/WitchCityRope.Infrastructure.Tests/Data/EntityConfigurationTests.cs(50,0): at WitchCityRope.Infrastructure.Tests.Data.EntityConfigurationTests.&lt;&gt;c__DisplayClass1_0.&lt;&lt;User_Configuration_Should_Store_Value_Objects_Correctly&gt;b__0&gt;d.MoveNext()
[xUnit.net 00:00:01.35]         --- End of stack trace from previous location ---
[xUnit.net 00:00:01.35]         /home/chad/repos/witchcityrope-react/tests/WitchCityRope.Infrastructure.Tests/Fixtures/IntegrationTestBase.cs(89,0): at WitchCityRope.Infrastructure.Tests.Fixtures.IntegrationTestBase.ExecuteWithNewContextAsync[T](Func`2 action)
[xUnit.net 00:00:01.35]         /home/chad/repos/witchcityrope-react/tests/WitchCityRope.Infrastructure.Tests/Data/EntityConfigurationTests.cs(49,0): at WitchCityRope.Infrastructure.Tests.Data.EntityConfigurationTests.User_Configuration_Should_Store_Value_Objects_Correctly()
[xUnit.net 00:00:01.35]         --- End of stack trace from previous location ---
[xUnit.net 00:00:01.35]       Expected retrievedUser not to be &lt;null&gt;.
[xUnit.net 00:00:01.35]       Stack Trace:
[xUnit.net 00:00:01.35]            at FluentAssertions.Execution.LateBoundTestFramework.Throw(String message)
[xUnit.net 00:00:01.35]            at FluentAssertions.Execution.DefaultAssertionStrategy.HandleFailure(String message)
[xUnit.net 00:00:01.35]            at FluentAssertions.Execution.AssertionScope.AddPreFormattedFailure(String formattedFailureMessage)
[xUnit.net 00:00:01.35]            at FluentAssertions.Execution.AssertionChain.FailWith(Func`1 getFailureReason)
[xUnit.net 00:00:01.35]            at FluentAssertions.Execution.AssertionChain.FailWith(Func`1 getFailureReason)
[xUnit.net 00:00:01.35]            at FluentAssertions.Execution.AssertionChain.FailWith(String message)
[xUnit.net 00:00:01.35]            at FluentAssertions.Primitives.ReferenceTypeAssertions`2.NotBeNull(String because, Object[] becauseArgs)
[xUnit.net 00:00:01.35]         /home/chad/repos/witchcityrope-react/tests/WitchCityRope.Infrastructure.Tests/Data/WitchCityRopeDbContextTests.cs(47,0): at WitchCityRope.Infrastructure.Tests.Data.WitchCityRopeDbContextTests.Should_Save_And_Retrieve_User()
[xUnit.net 00:00:01.35]         --- End of stack trace from previous location ---
[xUnit.net 00:00:01.39]       Microsoft.EntityFrameworkCore.DbUpdateException : An error occurred while saving the entity changes. See the inner exception for details.
[xUnit.net 00:00:01.39]       ---- Microsoft.Data.Sqlite.SqliteException : SQLite Error 19: 'NOT NULL constraint failed: Registrations.DietaryRestrictions'.
[xUnit.net 00:00:01.39]       Stack Trace:
[xUnit.net 00:00:01.39]            at Microsoft.EntityFrameworkCore.Update.ReaderModificationCommandBatch.ExecuteAsync(IRelationalConnection connection, CancellationToken cancellationToken)
[xUnit.net 00:00:01.39]            at Microsoft.EntityFrameworkCore.Update.Internal.BatchExecutor.ExecuteAsync(IEnumerable`1 commandBatches, IRelationalConnection connection, CancellationToken cancellationToken)
[xUnit.net 00:00:01.39]            at Microsoft.EntityFrameworkCore.Update.Internal.BatchExecutor.ExecuteAsync(IEnumerable`1 commandBatches, IRelationalConnection connection, CancellationToken cancellationToken)
[xUnit.net 00:00:01.39]            at Microsoft.EntityFrameworkCore.Update.Internal.BatchExecutor.ExecuteAsync(IEnumerable`1 commandBatches, IRelationalConnection connection, CancellationToken cancellationToken)
[xUnit.net 00:00:01.39]            at Microsoft.EntityFrameworkCore.Storage.RelationalDatabase.SaveChangesAsync(IList`1 entries, CancellationToken cancellationToken)
[xUnit.net 00:00:01.39]            at Microsoft.EntityFrameworkCore.ChangeTracking.Internal.StateManager.SaveChangesAsync(IList`1 entriesToSave, CancellationToken cancellationToken)
[xUnit.net 00:00:01.39]            at Microsoft.EntityFrameworkCore.ChangeTracking.Internal.StateManager.SaveChangesAsync(StateManager stateManager, Boolean acceptAllChangesOnSuccess, CancellationToken cancellationToken)
[xUnit.net 00:00:01.39]            at Microsoft.EntityFrameworkCore.DbContext.SaveChangesAsync(Boolean acceptAllChangesOnSuccess, CancellationToken cancellationToken)
[xUnit.net 00:00:01.39]            at Microsoft.EntityFrameworkCore.DbContext.SaveChangesAsync(Boolean acceptAllChangesOnSuccess, CancellationToken cancellationToken)
[xUnit.net 00:00:01.39]         /home/chad/repos/witchcityrope-react/src/WitchCityRope.Infrastructure/Data/WitchCityRopeDbContext.cs(58,0): at WitchCityRope.Infrastructure.Data.WitchCityRopeDbContext.SaveChangesAsync(CancellationToken cancellationToken)
[xUnit.net 00:00:01.40]         /home/chad/repos/witchcityrope-react/tests/WitchCityRope.Infrastructure.Tests/Data/ComplexQueryTests.cs(63,0): at WitchCityRope.Infrastructure.Tests.Data.ComplexQueryTests.SeedDataAsync()
[xUnit.net 00:00:01.40]         /home/chad/repos/witchcityrope-react/tests/WitchCityRope.Infrastructure.Tests/Fixtures/IntegrationTestBase.cs(41,0): at WitchCityRope.Infrastructure.Tests.Fixtures.IntegrationTestBase.InitializeAsync()
[xUnit.net 00:00:01.40]         ----- Inner Stack Trace -----
[xUnit.net 00:00:01.40]            at Microsoft.Data.Sqlite.SqliteException.ThrowExceptionForRC(Int32 rc, sqlite3 db)
[xUnit.net 00:00:01.40]            at Microsoft.Data.Sqlite.SqliteDataReader.NextResult()
[xUnit.net 00:00:01.40]            at Microsoft.Data.Sqlite.SqliteCommand.ExecuteReader(CommandBehavior behavior)
[xUnit.net 00:00:01.40]            at Microsoft.Data.Sqlite.SqliteCommand.ExecuteReaderAsync(CommandBehavior behavior, CancellationToken cancellationToken)
[xUnit.net 00:00:01.40]            at Microsoft.Data.Sqlite.SqliteCommand.ExecuteDbDataReaderAsync(CommandBehavior behavior, CancellationToken cancellationToken)
[xUnit.net 00:00:01.40]            at Microsoft.EntityFrameworkCore.Storage.RelationalCommand.ExecuteReaderAsync(RelationalCommandParameterObject parameterObject, CancellationToken cancellationToken)
[xUnit.net 00:00:01.40]            at Microsoft.EntityFrameworkCore.Storage.RelationalCommand.ExecuteReaderAsync(RelationalCommandParameterObject parameterObject, CancellationToken cancellationToken)
[xUnit.net 00:00:01.40]            at Microsoft.EntityFrameworkCore.Update.ReaderModificationCommandBatch.ExecuteAsync(IRelationalConnection connection, CancellationToken cancellationToken)
[xUnit.net 00:00:01.41]       Microsoft.EntityFrameworkCore.DbUpdateException : An error occurred while saving the entity changes. See the inner exception for details.
[xUnit.net 00:00:01.41]       ---- Microsoft.Data.Sqlite.SqliteException : SQLite Error 19: 'NOT NULL constraint failed: Registrations.DietaryRestrictions'.
[xUnit.net 00:00:01.41]       Stack Trace:
[xUnit.net 00:00:01.41]            at Microsoft.EntityFrameworkCore.Update.ReaderModificationCommandBatch.ExecuteAsync(IRelationalConnection connection, CancellationToken cancellationToken)
[xUnit.net 00:00:01.41]            at Microsoft.EntityFrameworkCore.Update.Internal.BatchExecutor.ExecuteAsync(IEnumerable`1 commandBatches, IRelationalConnection connection, CancellationToken cancellationToken)
[xUnit.net 00:00:01.41]            at Microsoft.EntityFrameworkCore.Update.Internal.BatchExecutor.ExecuteAsync(IEnumerable`1 commandBatches, IRelationalConnection connection, CancellationToken cancellationToken)
[xUnit.net 00:00:01.41]            at Microsoft.EntityFrameworkCore.Update.Internal.BatchExecutor.ExecuteAsync(IEnumerable`1 commandBatches, IRelationalConnection connection, CancellationToken cancellationToken)
[xUnit.net 00:00:01.41]            at Microsoft.EntityFrameworkCore.Storage.RelationalDatabase.SaveChangesAsync(IList`1 entries, CancellationToken cancellationToken)
[xUnit.net 00:00:01.41]            at Microsoft.EntityFrameworkCore.ChangeTracking.Internal.StateManager.SaveChangesAsync(IList`1 entriesToSave, CancellationToken cancellationToken)
[xUnit.net 00:00:01.41]            at Microsoft.EntityFrameworkCore.ChangeTracking.Internal.StateManager.SaveChangesAsync(StateManager stateManager, Boolean acceptAllChangesOnSuccess, CancellationToken cancellationToken)
[xUnit.net 00:00:01.41]            at Microsoft.EntityFrameworkCore.DbContext.SaveChangesAsync(Boolean acceptAllChangesOnSuccess, CancellationToken cancellationToken)
[xUnit.net 00:00:01.41]            at Microsoft.EntityFrameworkCore.DbContext.SaveChangesAsync(Boolean acceptAllChangesOnSuccess, CancellationToken cancellationToken)
[xUnit.net 00:00:01.41]         /home/chad/repos/witchcityrope-react/src/WitchCityRope.Infrastructure/Data/WitchCityRopeDbContext.cs(58,0): at WitchCityRope.Infrastructure.Data.WitchCityRopeDbContext.SaveChangesAsync(CancellationToken cancellationToken)
[xUnit.net 00:00:01.41]         /home/chad/repos/witchcityrope-react/tests/WitchCityRope.Infrastructure.Tests/Data/ConcurrencyTests.cs(126,0): at WitchCityRope.Infrastructure.Tests.Data.ConcurrencyTests.Should_Handle_Concurrent_Payment_Processing()
[xUnit.net 00:00:01.41]         --- End of stack trace from previous location ---
[xUnit.net 00:00:01.41]         ----- Inner Stack Trace -----
[xUnit.net 00:00:01.41]            at Microsoft.Data.Sqlite.SqliteException.ThrowExceptionForRC(Int32 rc, sqlite3 db)
[xUnit.net 00:00:01.41]            at Microsoft.Data.Sqlite.SqliteDataReader.NextResult()
[xUnit.net 00:00:01.41]            at Microsoft.Data.Sqlite.SqliteCommand.ExecuteReader(CommandBehavior behavior)
[xUnit.net 00:00:01.41]            at Microsoft.Data.Sqlite.SqliteCommand.ExecuteReaderAsync(CommandBehavior behavior, CancellationToken cancellationToken)
[xUnit.net 00:00:01.41]            at Microsoft.Data.Sqlite.SqliteCommand.ExecuteDbDataReaderAsync(CommandBehavior behavior, CancellationToken cancellationToken)
[xUnit.net 00:00:01.41]            at Microsoft.EntityFrameworkCore.Storage.RelationalCommand.ExecuteReaderAsync(RelationalCommandParameterObject parameterObject, CancellationToken cancellationToken)
[xUnit.net 00:00:01.41]            at Microsoft.EntityFrameworkCore.Storage.RelationalCommand.ExecuteReaderAsync(RelationalCommandParameterObject parameterObject, CancellationToken cancellationToken)
[xUnit.net 00:00:01.41]            at Microsoft.EntityFrameworkCore.Update.ReaderModificationCommandBatch.ExecuteAsync(IRelationalConnection connection, CancellationToken cancellationToken)
[xUnit.net 00:00:01.45]       Microsoft.EntityFrameworkCore.DbUpdateException : An error occurred while saving the entity changes. See the inner exception for details.
[xUnit.net 00:00:01.45]       ---- Microsoft.Data.Sqlite.SqliteException : SQLite Error 19: 'NOT NULL constraint failed: IncidentReports.ResolutionNotes'.
[xUnit.net 00:00:01.45]       Stack Trace:
[xUnit.net 00:00:01.45]            at Microsoft.EntityFrameworkCore.Update.ReaderModificationCommandBatch.ExecuteAsync(IRelationalConnection connection, CancellationToken cancellationToken)
[xUnit.net 00:00:01.45]            at Microsoft.EntityFrameworkCore.Update.Internal.BatchExecutor.ExecuteAsync(IEnumerable`1 commandBatches, IRelationalConnection connection, CancellationToken cancellationToken)
[xUnit.net 00:00:01.45]            at Microsoft.EntityFrameworkCore.Update.Internal.BatchExecutor.ExecuteAsync(IEnumerable`1 commandBatches, IRelationalConnection connection, CancellationToken cancellationToken)
[xUnit.net 00:00:01.45]            at Microsoft.EntityFrameworkCore.Update.Internal.BatchExecutor.ExecuteAsync(IEnumerable`1 commandBatches, IRelationalConnection connection, CancellationToken cancellationToken)
[xUnit.net 00:00:01.45]            at Microsoft.EntityFrameworkCore.Storage.RelationalDatabase.SaveChangesAsync(IList`1 entries, CancellationToken cancellationToken)
[xUnit.net 00:00:01.45]            at Microsoft.EntityFrameworkCore.ChangeTracking.Internal.StateManager.SaveChangesAsync(IList`1 entriesToSave, CancellationToken cancellationToken)
[xUnit.net 00:00:01.45]            at Microsoft.EntityFrameworkCore.ChangeTracking.Internal.StateManager.SaveChangesAsync(StateManager stateManager, Boolean acceptAllChangesOnSuccess, CancellationToken cancellationToken)
[xUnit.net 00:00:01.45]            at Microsoft.EntityFrameworkCore.DbContext.SaveChangesAsync(Boolean acceptAllChangesOnSuccess, CancellationToken cancellationToken)
[xUnit.net 00:00:01.45]            at Microsoft.EntityFrameworkCore.DbContext.SaveChangesAsync(Boolean acceptAllChangesOnSuccess, CancellationToken cancellationToken)
[xUnit.net 00:00:01.45]         /home/chad/repos/witchcityrope-react/src/WitchCityRope.Infrastructure/Data/WitchCityRopeDbContext.cs(58,0): at WitchCityRope.Infrastructure.Data.WitchCityRopeDbContext.SaveChangesAsync(CancellationToken cancellationToken)
[xUnit.net 00:00:01.45]         /home/chad/repos/witchcityrope-react/tests/WitchCityRope.Infrastructure.Tests/Data/EntityConfigurationTests.cs(187,0): at WitchCityRope.Infrastructure.Tests.Data.EntityConfigurationTests.IncidentReport_Should_Support_Anonymous_Reports()
[xUnit.net 00:00:01.45]         --- End of stack trace from previous location ---
[xUnit.net 00:00:01.45]         ----- Inner Stack Trace -----
[xUnit.net 00:00:01.45]            at Microsoft.Data.Sqlite.SqliteException.ThrowExceptionForRC(Int32 rc, sqlite3 db)
[xUnit.net 00:00:01.45]            at Microsoft.Data.Sqlite.SqliteDataReader.NextResult()
[xUnit.net 00:00:01.45]            at Microsoft.Data.Sqlite.SqliteCommand.ExecuteReader(CommandBehavior behavior)
[xUnit.net 00:00:01.45]            at Microsoft.Data.Sqlite.SqliteCommand.ExecuteReaderAsync(CommandBehavior behavior, CancellationToken cancellationToken)
[xUnit.net 00:00:01.45]            at Microsoft.Data.Sqlite.SqliteCommand.ExecuteDbDataReaderAsync(CommandBehavior behavior, CancellationToken cancellationToken)
[xUnit.net 00:00:01.45]            at Microsoft.EntityFrameworkCore.Storage.RelationalCommand.ExecuteReaderAsync(RelationalCommandParameterObject parameterObject, CancellationToken cancellationToken)
[xUnit.net 00:00:01.45]            at Microsoft.EntityFrameworkCore.Storage.RelationalCommand.ExecuteReaderAsync(RelationalCommandParameterObject parameterObject, CancellationToken cancellationToken)
[xUnit.net 00:00:01.45]            at Microsoft.EntityFrameworkCore.Update.ReaderModificationCommandBatch.ExecuteAsync(IRelationalConnection connection, CancellationToken cancellationToken)
[xUnit.net 00:00:01.51]       Microsoft.EntityFrameworkCore.DbUpdateException : An error occurred while saving the entity changes. See the inner exception for details.
[xUnit.net 00:00:01.51]       ---- Microsoft.Data.Sqlite.SqliteException : SQLite Error 19: 'NOT NULL constraint failed: Registrations.DietaryRestrictions'.
[xUnit.net 00:00:01.51]       Stack Trace:
[xUnit.net 00:00:01.51]            at Microsoft.EntityFrameworkCore.Update.ReaderModificationCommandBatch.ExecuteAsync(IRelationalConnection connection, CancellationToken cancellationToken)
[xUnit.net 00:00:01.51]            at Microsoft.EntityFrameworkCore.Update.Internal.BatchExecutor.ExecuteAsync(IEnumerable`1 commandBatches, IRelationalConnection connection, CancellationToken cancellationToken)
[xUnit.net 00:00:01.51]            at Microsoft.EntityFrameworkCore.Update.Internal.BatchExecutor.ExecuteAsync(IEnumerable`1 commandBatches, IRelationalConnection connection, CancellationToken cancellationToken)
[xUnit.net 00:00:01.51]            at Microsoft.EntityFrameworkCore.Update.Internal.BatchExecutor.ExecuteAsync(IEnumerable`1 commandBatches, IRelationalConnection connection, CancellationToken cancellationToken)
[xUnit.net 00:00:01.51]            at Microsoft.EntityFrameworkCore.Storage.RelationalDatabase.SaveChangesAsync(IList`1 entries, CancellationToken cancellationToken)
[xUnit.net 00:00:01.51]            at Microsoft.EntityFrameworkCore.ChangeTracking.Internal.StateManager.SaveChangesAsync(IList`1 entriesToSave, CancellationToken cancellationToken)
[xUnit.net 00:00:01.51]            at Microsoft.EntityFrameworkCore.ChangeTracking.Internal.StateManager.SaveChangesAsync(StateManager stateManager, Boolean acceptAllChangesOnSuccess, CancellationToken cancellationToken)
[xUnit.net 00:00:01.51]            at Microsoft.EntityFrameworkCore.DbContext.SaveChangesAsync(Boolean acceptAllChangesOnSuccess, CancellationToken cancellationToken)
[xUnit.net 00:00:01.51]            at Microsoft.EntityFrameworkCore.DbContext.SaveChangesAsync(Boolean acceptAllChangesOnSuccess, CancellationToken cancellationToken)
[xUnit.net 00:00:01.51]         /home/chad/repos/witchcityrope-react/src/WitchCityRope.Infrastructure/Data/WitchCityRopeDbContext.cs(58,0): at WitchCityRope.Infrastructure.Data.WitchCityRopeDbContext.SaveChangesAsync(CancellationToken cancellationToken)
[xUnit.net 00:00:01.51]         /home/chad/repos/witchcityrope-react/tests/WitchCityRope.Infrastructure.Tests/Data/EntityConfigurationTests.cs(76,0): at WitchCityRope.Infrastructure.Tests.Data.EntityConfigurationTests.Event_Registration_Relationship_Should_Be_Configured_Correctly()
[xUnit.net 00:00:01.51]         --- End of stack trace from previous location ---
[xUnit.net 00:00:01.51]         ----- Inner Stack Trace -----
[xUnit.net 00:00:01.51]            at Microsoft.Data.Sqlite.SqliteException.ThrowExceptionForRC(Int32 rc, sqlite3 db)
[xUnit.net 00:00:01.51]            at Microsoft.Data.Sqlite.SqliteDataReader.NextResult()
[xUnit.net 00:00:01.51]            at Microsoft.Data.Sqlite.SqliteCommand.ExecuteReader(CommandBehavior behavior)
[xUnit.net 00:00:01.51]            at Microsoft.Data.Sqlite.SqliteCommand.ExecuteReaderAsync(CommandBehavior behavior, CancellationToken cancellationToken)
[xUnit.net 00:00:01.51]            at Microsoft.Data.Sqlite.SqliteCommand.ExecuteDbDataReaderAsync(CommandBehavior behavior, CancellationToken cancellationToken)
[xUnit.net 00:00:01.51]            at Microsoft.EntityFrameworkCore.Storage.RelationalCommand.ExecuteReaderAsync(RelationalCommandParameterObject parameterObject, CancellationToken cancellationToken)
[xUnit.net 00:00:01.51]            at Microsoft.EntityFrameworkCore.Storage.RelationalCommand.ExecuteReaderAsync(RelationalCommandParameterObject parameterObject, CancellationToken cancellationToken)
[xUnit.net 00:00:01.51]            at Microsoft.EntityFrameworkCore.Update.ReaderModificationCommandBatch.ExecuteAsync(IRelationalConnection connection, CancellationToken cancellationToken)
[xUnit.net 00:00:01.52]       Expected modifiedProperties {"UpdatedAt"} to contain "SceneName".
[xUnit.net 00:00:01.52]       Stack Trace:
[xUnit.net 00:00:01.52]            at FluentAssertions.Execution.LateBoundTestFramework.Throw(String message)
[xUnit.net 00:00:01.52]            at FluentAssertions.Execution.DefaultAssertionStrategy.HandleFailure(String message)
[xUnit.net 00:00:01.52]            at FluentAssertions.Execution.AssertionScope.AddPreFormattedFailure(String formattedFailureMessage)
[xUnit.net 00:00:01.52]            at FluentAssertions.Execution.AssertionChain.FailWith(Func`1 getFailureReason)
[xUnit.net 00:00:01.52]            at FluentAssertions.Execution.AssertionChain.FailWith(Func`1 getFailureReason)
[xUnit.net 00:00:01.52]            at FluentAssertions.Execution.AssertionChain.FailWith(String message, Object[] args)
[xUnit.net 00:00:01.52]            at FluentAssertions.Collections.GenericCollectionAssertions`3.Contain(T expected, String because, Object[] becauseArgs)
[xUnit.net 00:00:01.52]         /home/chad/repos/witchcityrope-react/tests/WitchCityRope.Infrastructure.Tests/Data/WitchCityRopeDbContextTests.cs(179,0): at WitchCityRope.Infrastructure.Tests.Data.WitchCityRopeDbContextTests.Should_Track_Entity_Changes()
[xUnit.net 00:00:01.52]         --- End of stack trace from previous location ---
[xUnit.net 00:00:01.54]       Microsoft.EntityFrameworkCore.DbUpdateException : An error occurred while saving the entity changes. See the inner exception for details.
[xUnit.net 00:00:01.54]       ---- Microsoft.Data.Sqlite.SqliteException : SQLite Error 19: 'NOT NULL constraint failed: Registrations.DietaryRestrictions'.
[xUnit.net 00:00:01.54]       Stack Trace:
[xUnit.net 00:00:01.54]            at Microsoft.EntityFrameworkCore.Update.ReaderModificationCommandBatch.ExecuteAsync(IRelationalConnection connection, CancellationToken cancellationToken)
[xUnit.net 00:00:01.54]            at Microsoft.EntityFrameworkCore.Update.Internal.BatchExecutor.ExecuteAsync(IEnumerable`1 commandBatches, IRelationalConnection connection, CancellationToken cancellationToken)
[xUnit.net 00:00:01.54]            at Microsoft.EntityFrameworkCore.Update.Internal.BatchExecutor.ExecuteAsync(IEnumerable`1 commandBatches, IRelationalConnection connection, CancellationToken cancellationToken)
[xUnit.net 00:00:01.54]            at Microsoft.EntityFrameworkCore.Update.Internal.BatchExecutor.ExecuteAsync(IEnumerable`1 commandBatches, IRelationalConnection connection, CancellationToken cancellationToken)
[xUnit.net 00:00:01.54]            at Microsoft.EntityFrameworkCore.Storage.RelationalDatabase.SaveChangesAsync(IList`1 entries, CancellationToken cancellationToken)
[xUnit.net 00:00:01.54]            at Microsoft.EntityFrameworkCore.ChangeTracking.Internal.StateManager.SaveChangesAsync(IList`1 entriesToSave, CancellationToken cancellationToken)
[xUnit.net 00:00:01.54]            at Microsoft.EntityFrameworkCore.ChangeTracking.Internal.StateManager.SaveChangesAsync(StateManager stateManager, Boolean acceptAllChangesOnSuccess, CancellationToken cancellationToken)
[xUnit.net 00:00:01.54]            at Microsoft.EntityFrameworkCore.DbContext.SaveChangesAsync(Boolean acceptAllChangesOnSuccess, CancellationToken cancellationToken)
[xUnit.net 00:00:01.54]            at Microsoft.EntityFrameworkCore.DbContext.SaveChangesAsync(Boolean acceptAllChangesOnSuccess, CancellationToken cancellationToken)
[xUnit.net 00:00:01.54]         /home/chad/repos/witchcityrope-react/src/WitchCityRope.Infrastructure/Data/WitchCityRopeDbContext.cs(58,0): at WitchCityRope.Infrastructure.Data.WitchCityRopeDbContext.SaveChangesAsync(CancellationToken cancellationToken)
[xUnit.net 00:00:01.54]         /home/chad/repos/witchcityrope-react/tests/WitchCityRope.Infrastructure.Tests/Data/ComplexQueryTests.cs(63,0): at WitchCityRope.Infrastructure.Tests.Data.ComplexQueryTests.SeedDataAsync()
[xUnit.net 00:00:01.54]         /home/chad/repos/witchcityrope-react/tests/WitchCityRope.Infrastructure.Tests/Fixtures/IntegrationTestBase.cs(41,0): at WitchCityRope.Infrastructure.Tests.Fixtures.IntegrationTestBase.InitializeAsync()
[xUnit.net 00:00:01.54]         ----- Inner Stack Trace -----
[xUnit.net 00:00:01.54]            at Microsoft.Data.Sqlite.SqliteException.ThrowExceptionForRC(Int32 rc, sqlite3 db)
[xUnit.net 00:00:01.54]            at Microsoft.Data.Sqlite.SqliteDataReader.NextResult()
[xUnit.net 00:00:01.54]            at Microsoft.Data.Sqlite.SqliteCommand.ExecuteReader(CommandBehavior behavior)
[xUnit.net 00:00:01.54]            at Microsoft.Data.Sqlite.SqliteCommand.ExecuteReaderAsync(CommandBehavior behavior, CancellationToken cancellationToken)
[xUnit.net 00:00:01.54]            at Microsoft.Data.Sqlite.SqliteCommand.ExecuteDbDataReaderAsync(CommandBehavior behavior, CancellationToken cancellationToken)
[xUnit.net 00:00:01.54]            at Microsoft.EntityFrameworkCore.Storage.RelationalCommand.ExecuteReaderAsync(RelationalCommandParameterObject parameterObject, CancellationToken cancellationToken)
[xUnit.net 00:00:01.54]            at Microsoft.EntityFrameworkCore.Storage.RelationalCommand.ExecuteReaderAsync(RelationalCommandParameterObject parameterObject, CancellationToken cancellationToken)
[xUnit.net 00:00:01.54]            at Microsoft.EntityFrameworkCore.Update.ReaderModificationCommandBatch.ExecuteAsync(IRelationalConnection connection, CancellationToken cancellationToken)
[xUnit.net 00:00:01.57]       Microsoft.EntityFrameworkCore.DbUpdateException : An error occurred while saving the entity changes. See the inner exception for details.
[xUnit.net 00:00:01.57]       ---- Microsoft.Data.Sqlite.SqliteException : SQLite Error 19: 'NOT NULL constraint failed: Registrations.DietaryRestrictions'.
[xUnit.net 00:00:01.57]       Stack Trace:
[xUnit.net 00:00:01.57]            at Microsoft.EntityFrameworkCore.Update.ReaderModificationCommandBatch.ExecuteAsync(IRelationalConnection connection, CancellationToken cancellationToken)
[xUnit.net 00:00:01.57]            at Microsoft.EntityFrameworkCore.Update.Internal.BatchExecutor.ExecuteAsync(IEnumerable`1 commandBatches, IRelationalConnection connection, CancellationToken cancellationToken)
[xUnit.net 00:00:01.57]            at Microsoft.EntityFrameworkCore.Update.Internal.BatchExecutor.ExecuteAsync(IEnumerable`1 commandBatches, IRelationalConnection connection, CancellationToken cancellationToken)
[xUnit.net 00:00:01.57]            at Microsoft.EntityFrameworkCore.Update.Internal.BatchExecutor.ExecuteAsync(IEnumerable`1 commandBatches, IRelationalConnection connection, CancellationToken cancellationToken)
[xUnit.net 00:00:01.57]            at Microsoft.EntityFrameworkCore.Storage.RelationalDatabase.SaveChangesAsync(IList`1 entries, CancellationToken cancellationToken)
[xUnit.net 00:00:01.57]            at Microsoft.EntityFrameworkCore.ChangeTracking.Internal.StateManager.SaveChangesAsync(IList`1 entriesToSave, CancellationToken cancellationToken)
[xUnit.net 00:00:01.57]            at Microsoft.EntityFrameworkCore.ChangeTracking.Internal.StateManager.SaveChangesAsync(StateManager stateManager, Boolean acceptAllChangesOnSuccess, CancellationToken cancellationToken)
[xUnit.net 00:00:01.57]            at Microsoft.EntityFrameworkCore.DbContext.SaveChangesAsync(Boolean acceptAllChangesOnSuccess, CancellationToken cancellationToken)
[xUnit.net 00:00:01.57]            at Microsoft.EntityFrameworkCore.DbContext.SaveChangesAsync(Boolean acceptAllChangesOnSuccess, CancellationToken cancellationToken)
[xUnit.net 00:00:01.57]         /home/chad/repos/witchcityrope-react/src/WitchCityRope.Infrastructure/Data/WitchCityRopeDbContext.cs(58,0): at WitchCityRope.Infrastructure.Data.WitchCityRopeDbContext.SaveChangesAsync(CancellationToken cancellationToken)
[xUnit.net 00:00:01.57]         /home/chad/repos/witchcityrope-react/tests/WitchCityRope.Infrastructure.Tests/Data/EntityConfigurationTests.cs(211,0): at WitchCityRope.Infrastructure.Tests.Data.EntityConfigurationTests.Should_Handle_Cascade_Delete_For_Event_Registrations()
[xUnit.net 00:00:01.57]         --- End of stack trace from previous location ---
[xUnit.net 00:00:01.57]         ----- Inner Stack Trace -----
[xUnit.net 00:00:01.57]            at Microsoft.Data.Sqlite.SqliteException.ThrowExceptionForRC(Int32 rc, sqlite3 db)
[xUnit.net 00:00:01.57]            at Microsoft.Data.Sqlite.SqliteDataReader.NextResult()
[xUnit.net 00:00:01.57]            at Microsoft.Data.Sqlite.SqliteCommand.ExecuteReader(CommandBehavior behavior)
[xUnit.net 00:00:01.57]            at Microsoft.Data.Sqlite.SqliteCommand.ExecuteReaderAsync(CommandBehavior behavior, CancellationToken cancellationToken)
[xUnit.net 00:00:01.57]            at Microsoft.Data.Sqlite.SqliteCommand.ExecuteDbDataReaderAsync(CommandBehavior behavior, CancellationToken cancellationToken)
[xUnit.net 00:00:01.57]            at Microsoft.EntityFrameworkCore.Storage.RelationalCommand.ExecuteReaderAsync(RelationalCommandParameterObject parameterObject, CancellationToken cancellationToken)
[xUnit.net 00:00:01.57]            at Microsoft.EntityFrameworkCore.Storage.RelationalCommand.ExecuteReaderAsync(RelationalCommandParameterObject parameterObject, CancellationToken cancellationToken)
[xUnit.net 00:00:01.57]            at Microsoft.EntityFrameworkCore.Update.ReaderModificationCommandBatch.ExecuteAsync(IRelationalConnection connection, CancellationToken cancellationToken)
[xUnit.net 00:00:01.64]       Microsoft.EntityFrameworkCore.DbUpdateException : An error occurred while saving the entity changes. See the inner exception for details.
[xUnit.net 00:00:01.64]       ---- Microsoft.Data.Sqlite.SqliteException : SQLite Error 19: 'NOT NULL constraint failed: Registrations.DietaryRestrictions'.
[xUnit.net 00:00:01.64]       Stack Trace:
[xUnit.net 00:00:01.64]            at Microsoft.EntityFrameworkCore.Update.ReaderModificationCommandBatch.ExecuteAsync(IRelationalConnection connection, CancellationToken cancellationToken)
[xUnit.net 00:00:01.64]            at Microsoft.EntityFrameworkCore.Update.Internal.BatchExecutor.ExecuteAsync(IEnumerable`1 commandBatches, IRelationalConnection connection, CancellationToken cancellationToken)
[xUnit.net 00:00:01.64]            at Microsoft.EntityFrameworkCore.Update.Internal.BatchExecutor.ExecuteAsync(IEnumerable`1 commandBatches, IRelationalConnection connection, CancellationToken cancellationToken)
[xUnit.net 00:00:01.64]            at Microsoft.EntityFrameworkCore.Update.Internal.BatchExecutor.ExecuteAsync(IEnumerable`1 commandBatches, IRelationalConnection connection, CancellationToken cancellationToken)
[xUnit.net 00:00:01.64]            at Microsoft.EntityFrameworkCore.Storage.RelationalDatabase.SaveChangesAsync(IList`1 entries, CancellationToken cancellationToken)
[xUnit.net 00:00:01.64]            at Microsoft.EntityFrameworkCore.ChangeTracking.Internal.StateManager.SaveChangesAsync(IList`1 entriesToSave, CancellationToken cancellationToken)
[xUnit.net 00:00:01.64]            at Microsoft.EntityFrameworkCore.ChangeTracking.Internal.StateManager.SaveChangesAsync(StateManager stateManager, Boolean acceptAllChangesOnSuccess, CancellationToken cancellationToken)
[xUnit.net 00:00:01.64]            at Microsoft.EntityFrameworkCore.DbContext.SaveChangesAsync(Boolean acceptAllChangesOnSuccess, CancellationToken cancellationToken)
[xUnit.net 00:00:01.64]            at Microsoft.EntityFrameworkCore.DbContext.SaveChangesAsync(Boolean acceptAllChangesOnSuccess, CancellationToken cancellationToken)
[xUnit.net 00:00:01.64]         /home/chad/repos/witchcityrope-react/src/WitchCityRope.Infrastructure/Data/WitchCityRopeDbContext.cs(58,0): at WitchCityRope.Infrastructure.Data.WitchCityRopeDbContext.SaveChangesAsync(CancellationToken cancellationToken)
[xUnit.net 00:00:01.64]         /home/chad/repos/witchcityrope-react/tests/WitchCityRope.Infrastructure.Tests/Data/EntityConfigurationTests.cs(234,0): at WitchCityRope.Infrastructure.Tests.Data.EntityConfigurationTests.Money_ValueObject_Should_Be_Stored_Correctly()
[xUnit.net 00:00:01.64]         --- End of stack trace from previous location ---
[xUnit.net 00:00:01.64]         ----- Inner Stack Trace -----
[xUnit.net 00:00:01.64]            at Microsoft.Data.Sqlite.SqliteException.ThrowExceptionForRC(Int32 rc, sqlite3 db)
[xUnit.net 00:00:01.64]            at Microsoft.Data.Sqlite.SqliteDataReader.NextResult()
[xUnit.net 00:00:01.64]            at Microsoft.Data.Sqlite.SqliteCommand.ExecuteReader(CommandBehavior behavior)
[xUnit.net 00:00:01.64]            at Microsoft.Data.Sqlite.SqliteCommand.ExecuteReaderAsync(CommandBehavior behavior, CancellationToken cancellationToken)
[xUnit.net 00:00:01.64]            at Microsoft.Data.Sqlite.SqliteCommand.ExecuteDbDataReaderAsync(CommandBehavior behavior, CancellationToken cancellationToken)
[xUnit.net 00:00:01.64]            at Microsoft.EntityFrameworkCore.Storage.RelationalCommand.ExecuteReaderAsync(RelationalCommandParameterObject parameterObject, CancellationToken cancellationToken)
[xUnit.net 00:00:01.64]            at Microsoft.EntityFrameworkCore.Storage.RelationalCommand.ExecuteReaderAsync(RelationalCommandParameterObject parameterObject, CancellationToken cancellationToken)
[xUnit.net 00:00:01.64]            at Microsoft.EntityFrameworkCore.Update.ReaderModificationCommandBatch.ExecuteAsync(IRelationalConnection connection, CancellationToken cancellationToken)
[xUnit.net 00:00:01.67]       Microsoft.EntityFrameworkCore.DbUpdateException : An error occurred while saving the entity changes. See the inner exception for details.
[xUnit.net 00:00:01.67]       ---- Microsoft.Data.Sqlite.SqliteException : SQLite Error 19: 'NOT NULL constraint failed: Registrations.DietaryRestrictions'.
[xUnit.net 00:00:01.67]       Stack Trace:
[xUnit.net 00:00:01.67]            at Microsoft.EntityFrameworkCore.Update.ReaderModificationCommandBatch.ExecuteAsync(IRelationalConnection connection, CancellationToken cancellationToken)
[xUnit.net 00:00:01.67]            at Microsoft.EntityFrameworkCore.Update.Internal.BatchExecutor.ExecuteAsync(IEnumerable`1 commandBatches, IRelationalConnection connection, CancellationToken cancellationToken)
[xUnit.net 00:00:01.67]            at Microsoft.EntityFrameworkCore.Update.Internal.BatchExecutor.ExecuteAsync(IEnumerable`1 commandBatches, IRelationalConnection connection, CancellationToken cancellationToken)
[xUnit.net 00:00:01.67]            at Microsoft.EntityFrameworkCore.Update.Internal.BatchExecutor.ExecuteAsync(IEnumerable`1 commandBatches, IRelationalConnection connection, CancellationToken cancellationToken)
[xUnit.net 00:00:01.67]            at Microsoft.EntityFrameworkCore.Storage.RelationalDatabase.SaveChangesAsync(IList`1 entries, CancellationToken cancellationToken)
[xUnit.net 00:00:01.67]            at Microsoft.EntityFrameworkCore.ChangeTracking.Internal.StateManager.SaveChangesAsync(IList`1 entriesToSave, CancellationToken cancellationToken)
[xUnit.net 00:00:01.67]            at Microsoft.EntityFrameworkCore.ChangeTracking.Internal.StateManager.SaveChangesAsync(StateManager stateManager, Boolean acceptAllChangesOnSuccess, CancellationToken cancellationToken)
[xUnit.net 00:00:01.67]            at Microsoft.EntityFrameworkCore.DbContext.SaveChangesAsync(Boolean acceptAllChangesOnSuccess, CancellationToken cancellationToken)
[xUnit.net 00:00:01.67]            at Microsoft.EntityFrameworkCore.DbContext.SaveChangesAsync(Boolean acceptAllChangesOnSuccess, CancellationToken cancellationToken)
[xUnit.net 00:00:01.67]         /home/chad/repos/witchcityrope-react/src/WitchCityRope.Infrastructure/Data/WitchCityRopeDbContext.cs(58,0): at WitchCityRope.Infrastructure.Data.WitchCityRopeDbContext.SaveChangesAsync(CancellationToken cancellationToken)
[xUnit.net 00:00:01.67]         /home/chad/repos/witchcityrope-react/tests/WitchCityRope.Infrastructure.Tests/Data/ComplexQueryTests.cs(63,0): at WitchCityRope.Infrastructure.Tests.Data.ComplexQueryTests.SeedDataAsync()
[xUnit.net 00:00:01.67]         /home/chad/repos/witchcityrope-react/tests/WitchCityRope.Infrastructure.Tests/Fixtures/IntegrationTestBase.cs(41,0): at WitchCityRope.Infrastructure.Tests.Fixtures.IntegrationTestBase.InitializeAsync()
[xUnit.net 00:00:01.67]         ----- Inner Stack Trace -----
[xUnit.net 00:00:01.67]            at Microsoft.Data.Sqlite.SqliteException.ThrowExceptionForRC(Int32 rc, sqlite3 db)
[xUnit.net 00:00:01.67]            at Microsoft.Data.Sqlite.SqliteDataReader.NextResult()
[xUnit.net 00:00:01.67]            at Microsoft.Data.Sqlite.SqliteCommand.ExecuteReader(CommandBehavior behavior)
[xUnit.net 00:00:01.67]            at Microsoft.Data.Sqlite.SqliteCommand.ExecuteReaderAsync(CommandBehavior behavior, CancellationToken cancellationToken)
[xUnit.net 00:00:01.67]            at Microsoft.Data.Sqlite.SqliteCommand.ExecuteDbDataReaderAsync(CommandBehavior behavior, CancellationToken cancellationToken)
[xUnit.net 00:00:01.67]            at Microsoft.EntityFrameworkCore.Storage.RelationalCommand.ExecuteReaderAsync(RelationalCommandParameterObject parameterObject, CancellationToken cancellationToken)
[xUnit.net 00:00:01.67]            at Microsoft.EntityFrameworkCore.Storage.RelationalCommand.ExecuteReaderAsync(RelationalCommandParameterObject parameterObject, CancellationToken cancellationToken)
[xUnit.net 00:00:01.67]            at Microsoft.EntityFrameworkCore.Update.ReaderModificationCommandBatch.ExecuteAsync(IRelationalConnection connection, CancellationToken cancellationToken)
[xUnit.net 00:00:01.71]       Microsoft.EntityFrameworkCore.DbUpdateException : An error occurred while saving the entity changes. See the inner exception for details.
[xUnit.net 00:00:01.71]       ---- Microsoft.Data.Sqlite.SqliteException : SQLite Error 19: 'NOT NULL constraint failed: VettingApplications.ExperienceDescription'.
[xUnit.net 00:00:01.71]       Stack Trace:
[xUnit.net 00:00:01.71]            at Microsoft.EntityFrameworkCore.Update.ReaderModificationCommandBatch.ExecuteAsync(IRelationalConnection connection, CancellationToken cancellationToken)
[xUnit.net 00:00:01.71]            at Microsoft.EntityFrameworkCore.Update.Internal.BatchExecutor.ExecuteAsync(IEnumerable`1 commandBatches, IRelationalConnection connection, CancellationToken cancellationToken)
[xUnit.net 00:00:01.71]            at Microsoft.EntityFrameworkCore.Update.Internal.BatchExecutor.ExecuteAsync(IEnumerable`1 commandBatches, IRelationalConnection connection, CancellationToken cancellationToken)
[xUnit.net 00:00:01.71]            at Microsoft.EntityFrameworkCore.Update.Internal.BatchExecutor.ExecuteAsync(IEnumerable`1 commandBatches, IRelationalConnection connection, CancellationToken cancellationToken)
[xUnit.net 00:00:01.71]            at Microsoft.EntityFrameworkCore.Storage.RelationalDatabase.SaveChangesAsync(IList`1 entries, CancellationToken cancellationToken)
[xUnit.net 00:00:01.71]            at Microsoft.EntityFrameworkCore.ChangeTracking.Internal.StateManager.SaveChangesAsync(IList`1 entriesToSave, CancellationToken cancellationToken)
[xUnit.net 00:00:01.71]            at Microsoft.EntityFrameworkCore.ChangeTracking.Internal.StateManager.SaveChangesAsync(StateManager stateManager, Boolean acceptAllChangesOnSuccess, CancellationToken cancellationToken)
[xUnit.net 00:00:01.71]            at Microsoft.EntityFrameworkCore.DbContext.SaveChangesAsync(Boolean acceptAllChangesOnSuccess, CancellationToken cancellationToken)
[xUnit.net 00:00:01.71]            at Microsoft.EntityFrameworkCore.DbContext.SaveChangesAsync(Boolean acceptAllChangesOnSuccess, CancellationToken cancellationToken)
[xUnit.net 00:00:01.71]         /home/chad/repos/witchcityrope-react/src/WitchCityRope.Infrastructure/Data/WitchCityRopeDbContext.cs(58,0): at WitchCityRope.Infrastructure.Data.WitchCityRopeDbContext.SaveChangesAsync(CancellationToken cancellationToken)
[xUnit.net 00:00:01.71]         /home/chad/repos/witchcityrope-react/tests/WitchCityRope.Infrastructure.Tests/Data/EntityConfigurationTests.cs(143,0): at WitchCityRope.Infrastructure.Tests.Data.EntityConfigurationTests.VettingApplication_User_Relationship_Should_Be_Configured_Correctly()
[xUnit.net 00:00:01.71]         --- End of stack trace from previous location ---
[xUnit.net 00:00:01.71]         ----- Inner Stack Trace -----
[xUnit.net 00:00:01.71]            at Microsoft.Data.Sqlite.SqliteException.ThrowExceptionForRC(Int32 rc, sqlite3 db)
[xUnit.net 00:00:01.71]            at Microsoft.Data.Sqlite.SqliteDataReader.NextResult()
[xUnit.net 00:00:01.71]            at Microsoft.Data.Sqlite.SqliteCommand.ExecuteReader(CommandBehavior behavior)
[xUnit.net 00:00:01.71]            at Microsoft.Data.Sqlite.SqliteCommand.ExecuteReaderAsync(CommandBehavior behavior, CancellationToken cancellationToken)
[xUnit.net 00:00:01.71]            at Microsoft.Data.Sqlite.SqliteCommand.ExecuteDbDataReaderAsync(CommandBehavior behavior, CancellationToken cancellationToken)
[xUnit.net 00:00:01.71]            at Microsoft.EntityFrameworkCore.Storage.RelationalCommand.ExecuteReaderAsync(RelationalCommandParameterObject parameterObject, CancellationToken cancellationToken)
[xUnit.net 00:00:01.71]            at Microsoft.EntityFrameworkCore.Storage.RelationalCommand.ExecuteReaderAsync(RelationalCommandParameterObject parameterObject, CancellationToken cancellationToken)
[xUnit.net 00:00:01.71]            at Microsoft.EntityFrameworkCore.Update.ReaderModificationCommandBatch.ExecuteAsync(IRelationalConnection connection, CancellationToken cancellationToken)
[xUnit.net 00:00:01.71]       Microsoft.EntityFrameworkCore.DbUpdateException : An error occurred while saving the entity changes. See the inner exception for details.
[xUnit.net 00:00:01.71]       ---- Microsoft.Data.Sqlite.SqliteException : SQLite Error 19: 'NOT NULL constraint failed: VettingApplications.ExperienceDescription'.
[xUnit.net 00:00:01.71]       Stack Trace:
[xUnit.net 00:00:01.71]            at Microsoft.EntityFrameworkCore.Update.ReaderModificationCommandBatch.ExecuteAsync(IRelationalConnection connection, CancellationToken cancellationToken)
[xUnit.net 00:00:01.71]            at Microsoft.EntityFrameworkCore.Update.Internal.BatchExecutor.ExecuteAsync(IEnumerable`1 commandBatches, IRelationalConnection connection, CancellationToken cancellationToken)
[xUnit.net 00:00:01.71]            at Microsoft.EntityFrameworkCore.Update.Internal.BatchExecutor.ExecuteAsync(IEnumerable`1 commandBatches, IRelationalConnection connection, CancellationToken cancellationToken)
[xUnit.net 00:00:01.71]            at Microsoft.EntityFrameworkCore.Update.Internal.BatchExecutor.ExecuteAsync(IEnumerable`1 commandBatches, IRelationalConnection connection, CancellationToken cancellationToken)
[xUnit.net 00:00:01.71]            at Microsoft.EntityFrameworkCore.Storage.RelationalDatabase.SaveChangesAsync(IList`1 entries, CancellationToken cancellationToken)
[xUnit.net 00:00:01.71]            at Microsoft.EntityFrameworkCore.ChangeTracking.Internal.StateManager.SaveChangesAsync(IList`1 entriesToSave, CancellationToken cancellationToken)
[xUnit.net 00:00:01.71]            at Microsoft.EntityFrameworkCore.ChangeTracking.Internal.StateManager.SaveChangesAsync(StateManager stateManager, Boolean acceptAllChangesOnSuccess, CancellationToken cancellationToken)
[xUnit.net 00:00:01.71]            at Microsoft.EntityFrameworkCore.DbContext.SaveChangesAsync(Boolean acceptAllChangesOnSuccess, CancellationToken cancellationToken)
[xUnit.net 00:00:01.71]            at Microsoft.EntityFrameworkCore.DbContext.SaveChangesAsync(Boolean acceptAllChangesOnSuccess, CancellationToken cancellationToken)
[xUnit.net 00:00:01.71]         /home/chad/repos/witchcityrope-react/src/WitchCityRope.Infrastructure/Data/WitchCityRopeDbContext.cs(58,0): at WitchCityRope.Infrastructure.Data.WitchCityRopeDbContext.SaveChangesAsync(CancellationToken cancellationToken)
[xUnit.net 00:00:01.71]         /home/chad/repos/witchcityrope-react/tests/WitchCityRope.Infrastructure.Tests/Data/ConcurrencyTests.cs(195,0): at WitchCityRope.Infrastructure.Tests.Data.ConcurrencyTests.Should_Handle_Concurrent_Vetting_Application_Reviews()
[xUnit.net 00:00:01.71]         --- End of stack trace from previous location ---
[xUnit.net 00:00:01.71]         ----- Inner Stack Trace -----
[xUnit.net 00:00:01.71]            at Microsoft.Data.Sqlite.SqliteException.ThrowExceptionForRC(Int32 rc, sqlite3 db)
[xUnit.net 00:00:01.71]            at Microsoft.Data.Sqlite.SqliteDataReader.NextResult()
[xUnit.net 00:00:01.71]            at Microsoft.Data.Sqlite.SqliteCommand.ExecuteReader(CommandBehavior behavior)
[xUnit.net 00:00:01.71]            at Microsoft.Data.Sqlite.SqliteCommand.ExecuteReaderAsync(CommandBehavior behavior, CancellationToken cancellationToken)
[xUnit.net 00:00:01.71]            at Microsoft.Data.Sqlite.SqliteCommand.ExecuteDbDataReaderAsync(CommandBehavior behavior, CancellationToken cancellationToken)
[xUnit.net 00:00:01.71]            at Microsoft.EntityFrameworkCore.Storage.RelationalCommand.ExecuteReaderAsync(RelationalCommandParameterObject parameterObject, CancellationToken cancellationToken)
[xUnit.net 00:00:01.71]            at Microsoft.EntityFrameworkCore.Storage.RelationalCommand.ExecuteReaderAsync(RelationalCommandParameterObject parameterObject, CancellationToken cancellationToken)
[xUnit.net 00:00:01.71]            at Microsoft.EntityFrameworkCore.Update.ReaderModificationCommandBatch.ExecuteAsync(IRelationalConnection connection, CancellationToken cancellationToken)
[xUnit.net 00:00:01.75]       System.InvalidOperationException : Sequence contains no elements
[xUnit.net 00:00:01.76]       Stack Trace:
[xUnit.net 00:00:01.76]            at System.Linq.ThrowHelper.ThrowNoElementsException()
[xUnit.net 00:00:01.76]            at lambda_method1246(Closure)
[xUnit.net 00:00:01.76]            at Microsoft.EntityFrameworkCore.InMemory.Query.Internal.InMemoryQueryExpression.ResultEnumerable.GetEnumerator()
[xUnit.net 00:00:01.76]            at Microsoft.EntityFrameworkCore.InMemory.Query.Internal.InMemoryShapedQueryCompilingExpressionVisitor.QueryingEnumerable`1.Enumerator.MoveNextHelper()
[xUnit.net 00:00:01.76]            at Microsoft.EntityFrameworkCore.InMemory.Query.Internal.InMemoryShapedQueryCompilingExpressionVisitor.QueryingEnumerable`1.Enumerator.MoveNextAsync()
[xUnit.net 00:00:01.76]            at Microsoft.EntityFrameworkCore.Query.ShapedQueryCompilingExpressionVisitor.SingleAsync[TSource](IAsyncEnumerable`1 asyncEnumerable, CancellationToken cancellationToken)
[xUnit.net 00:00:01.76]            at Microsoft.EntityFrameworkCore.Query.ShapedQueryCompilingExpressionVisitor.SingleAsync[TSource](IAsyncEnumerable`1 asyncEnumerable, CancellationToken cancellationToken)
[xUnit.net 00:00:01.76]         /home/chad/repos/witchcityrope-react/tests/WitchCityRope.Infrastructure.Tests/Data/ConcurrencyTests.cs(32,0): at WitchCityRope.Infrastructure.Tests.Data.ConcurrencyTests.Should_Handle_Optimistic_Concurrency_With_RowVersion()
[xUnit.net 00:00:01.76]         --- End of stack trace from previous location ---
[xUnit.net 00:00:01.76]       System.InvalidOperationException : The property 'EmailAddress.UserId' is part of a key and so cannot be modified or marked as modified. To change the principal of an existing entity with an identifying foreign key, first delete the dependent and invoke 'SaveChanges', and then associate the dependent with the new principal.
[xUnit.net 00:00:01.76]       Stack Trace:
[xUnit.net 00:00:01.76]            at Microsoft.EntityFrameworkCore.ChangeTracking.Internal.InternalEntityEntry.SetPropertyModified(IProperty property, Boolean changeState, Boolean isModified, Boolean isConceptualNull, Boolean acceptChanges)
[xUnit.net 00:00:01.76]            at Microsoft.EntityFrameworkCore.ChangeTracking.Internal.ChangeDetector.PropertyChanged(InternalEntityEntry entry, IPropertyBase propertyBase, Boolean setModified)
[xUnit.net 00:00:01.76]            at Microsoft.EntityFrameworkCore.ChangeTracking.Internal.InternalEntityEntryNotifier.PropertyChanged(InternalEntityEntry entry, IPropertyBase property, Boolean setModified)
[xUnit.net 00:00:01.76]            at Microsoft.EntityFrameworkCore.ChangeTracking.Internal.InternalEntityEntry.SetProperty(IPropertyBase propertyBase, Object value, Boolean isMaterialization, Boolean setModified, Boolean isCascadeDelete, CurrentValueType valueType)
[xUnit.net 00:00:01.76]            at Microsoft.EntityFrameworkCore.ChangeTracking.Internal.InternalEntityEntry.SetProperty(IPropertyBase propertyBase, Object value, Boolean isMaterialization, Boolean setModified, Boolean isCascadeDelete)
[xUnit.net 00:00:01.76]            at Microsoft.EntityFrameworkCore.ChangeTracking.Internal.InternalEntityEntry.PropagateValue(InternalEntityEntry principalEntry, IProperty principalProperty, IProperty dependentProperty, Boolean isMaterialization, Boolean setModified)
[xUnit.net 00:00:01.76]            at Microsoft.EntityFrameworkCore.ChangeTracking.Internal.NavigationFixer.SetForeignKeyProperties(InternalEntityEntry dependentEntry, InternalEntityEntry principalEntry, IForeignKey foreignKey, Boolean setModified, Boolean fromQuery)
[xUnit.net 00:00:01.76]            at Microsoft.EntityFrameworkCore.ChangeTracking.Internal.NavigationFixer.FixupToDependent(InternalEntityEntry principalEntry, InternalEntityEntry dependentEntry, IForeignKey foreignKey, Boolean setModified, Boolean fromQuery)
[xUnit.net 00:00:01.76]            at Microsoft.EntityFrameworkCore.ChangeTracking.Internal.NavigationFixer.InitialFixup(InternalEntityEntry entry, InternalEntityEntry duplicateEntry, Boolean fromQuery)
[xUnit.net 00:00:01.76]            at Microsoft.EntityFrameworkCore.ChangeTracking.Internal.NavigationFixer.StateChanged(InternalEntityEntry entry, EntityState oldState, Boolean fromQuery)
[xUnit.net 00:00:01.76]            at Microsoft.EntityFrameworkCore.ChangeTracking.Internal.InternalEntityEntryNotifier.StateChanged(InternalEntityEntry entry, EntityState oldState, Boolean fromQuery)
[xUnit.net 00:00:01.76]            at Microsoft.EntityFrameworkCore.ChangeTracking.Internal.InternalEntityEntry.FireStateChanged(EntityState oldState)
[xUnit.net 00:00:01.76]            at Microsoft.EntityFrameworkCore.ChangeTracking.Internal.InternalEntityEntry.SetEntityState(EntityState oldState, EntityState newState, Boolean acceptChanges, Boolean modifyProperties)
[xUnit.net 00:00:01.76]            at Microsoft.EntityFrameworkCore.ChangeTracking.Internal.InternalEntityEntry.SetEntityState(EntityState entityState, Boolean acceptChanges, Boolean modifyProperties, Nullable`1 forceStateWhenUnknownKey, Nullable`1 fallbackState)
[xUnit.net 00:00:01.76]            at Microsoft.EntityFrameworkCore.ChangeTracking.Internal.EntityGraphAttacher.PaintAction(EntityEntryGraphNode`1 node)
[xUnit.net 00:00:01.76]            at Microsoft.EntityFrameworkCore.ChangeTracking.Internal.EntityEntryGraphIterator.TraverseGraph[TState](EntityEntryGraphNode`1 node, Func`2 handleNode)
[xUnit.net 00:00:01.76]            at Microsoft.EntityFrameworkCore.ChangeTracking.Internal.EntityGraphAttacher.AttachGraph(InternalEntityEntry rootEntry, EntityState targetState, EntityState storeGeneratedWithKeySetTargetState, Boolean forceStateWhenUnknownKey)
[xUnit.net 00:00:01.76]            at Microsoft.EntityFrameworkCore.Internal.InternalDbSet`1.SetEntityState(InternalEntityEntry entry, EntityState entityState)
[xUnit.net 00:00:01.76]            at Microsoft.EntityFrameworkCore.Internal.InternalDbSet`1.Add(TEntity entity)
[xUnit.net 00:00:01.76]         /home/chad/repos/witchcityrope-react/tests/WitchCityRope.Infrastructure.Tests/Data/EntityConfigurationTests.cs(29,0): at WitchCityRope.Infrastructure.Tests.Data.EntityConfigurationTests.User_Configuration_Should_Enforce_Unique_Email()
[xUnit.net 00:00:01.76]         --- End of stack trace from previous location ---
[xUnit.net 00:00:01.78]       Expected users to contain 2 item(s), but found 0: {empty}.
[xUnit.net 00:00:01.79]       Stack Trace:
[xUnit.net 00:00:01.79]            at FluentAssertions.Execution.LateBoundTestFramework.Throw(String message)
[xUnit.net 00:00:01.79]            at FluentAssertions.Execution.DefaultAssertionStrategy.HandleFailure(String message)
[xUnit.net 00:00:01.79]            at FluentAssertions.Execution.AssertionScope.AddPreFormattedFailure(String formattedFailureMessage)
[xUnit.net 00:00:01.79]            at FluentAssertions.Execution.AssertionChain.FailWith(Func`1 getFailureReason)
[xUnit.net 00:00:01.79]            at FluentAssertions.Execution.AssertionChain.FailWith(Func`1 getFailureReason)
[xUnit.net 00:00:01.79]            at FluentAssertions.Execution.AssertionChain.FailWith(String message, Object[] args)
[xUnit.net 00:00:01.79]            at FluentAssertions.Collections.GenericCollectionAssertions`3.HaveCount(Int32 expected, String because, Object[] becauseArgs)
[xUnit.net 00:00:01.79]         /home/chad/repos/witchcityrope-react/tests/WitchCityRope.Infrastructure.Tests/Data/WitchCityRopeDbContextTests.cs(152,0): at WitchCityRope.Infrastructure.Tests.Data.WitchCityRopeDbContextTests.Should_Apply_Global_Query_Filters_If_Configured()
[xUnit.net 00:00:01.79]         --- End of stack trace from previous location ---
[testcontainers.org 00:00:01.63] Execute "pg_isready --host localhost --dbname witchcityrope_test --username testuser" at Docker container f1bbbd46e999
[xUnit.net 00:00:01.82]       Microsoft.EntityFrameworkCore.DbUpdateException : An error occurred while saving the entity changes. See the inner exception for details.
[xUnit.net 00:00:01.82]       ---- Microsoft.Data.Sqlite.SqliteException : SQLite Error 19: 'NOT NULL constraint failed: Registrations.DietaryRestrictions'.
[xUnit.net 00:00:01.82]       Stack Trace:
[xUnit.net 00:00:01.82]            at Microsoft.EntityFrameworkCore.Update.ReaderModificationCommandBatch.ExecuteAsync(IRelationalConnection connection, CancellationToken cancellationToken)
[xUnit.net 00:00:01.82]            at Microsoft.EntityFrameworkCore.Update.Internal.BatchExecutor.ExecuteAsync(IEnumerable`1 commandBatches, IRelationalConnection connection, CancellationToken cancellationToken)
[xUnit.net 00:00:01.82]            at Microsoft.EntityFrameworkCore.Update.Internal.BatchExecutor.ExecuteAsync(IEnumerable`1 commandBatches, IRelationalConnection connection, CancellationToken cancellationToken)
[xUnit.net 00:00:01.82]            at Microsoft.EntityFrameworkCore.Update.Internal.BatchExecutor.ExecuteAsync(IEnumerable`1 commandBatches, IRelationalConnection connection, CancellationToken cancellationToken)
[xUnit.net 00:00:01.82]            at Microsoft.EntityFrameworkCore.Storage.RelationalDatabase.SaveChangesAsync(IList`1 entries, CancellationToken cancellationToken)
[xUnit.net 00:00:01.82]            at Microsoft.EntityFrameworkCore.ChangeTracking.Internal.StateManager.SaveChangesAsync(IList`1 entriesToSave, CancellationToken cancellationToken)
[xUnit.net 00:00:01.82]            at Microsoft.EntityFrameworkCore.ChangeTracking.Internal.StateManager.SaveChangesAsync(StateManager stateManager, Boolean acceptAllChangesOnSuccess, CancellationToken cancellationToken)
[xUnit.net 00:00:01.82]            at Microsoft.EntityFrameworkCore.DbContext.SaveChangesAsync(Boolean acceptAllChangesOnSuccess, CancellationToken cancellationToken)
[xUnit.net 00:00:01.82]            at Microsoft.EntityFrameworkCore.DbContext.SaveChangesAsync(Boolean acceptAllChangesOnSuccess, CancellationToken cancellationToken)
[xUnit.net 00:00:01.82]         /home/chad/repos/witchcityrope-react/src/WitchCityRope.Infrastructure/Data/WitchCityRopeDbContext.cs(58,0): at WitchCityRope.Infrastructure.Data.WitchCityRopeDbContext.SaveChangesAsync(CancellationToken cancellationToken)
[xUnit.net 00:00:01.82]         /home/chad/repos/witchcityrope-react/tests/WitchCityRope.Infrastructure.Tests/Data/ComplexQueryTests.cs(63,0): at WitchCityRope.Infrastructure.Tests.Data.ComplexQueryTests.SeedDataAsync()
[xUnit.net 00:00:01.82]         /home/chad/repos/witchcityrope-react/tests/WitchCityRope.Infrastructure.Tests/Fixtures/IntegrationTestBase.cs(41,0): at WitchCityRope.Infrastructure.Tests.Fixtures.IntegrationTestBase.InitializeAsync()
[xUnit.net 00:00:01.82]         ----- Inner Stack Trace -----
[xUnit.net 00:00:01.82]            at Microsoft.Data.Sqlite.SqliteException.ThrowExceptionForRC(Int32 rc, sqlite3 db)
[xUnit.net 00:00:01.82]            at Microsoft.Data.Sqlite.SqliteDataReader.NextResult()
[xUnit.net 00:00:01.82]            at Microsoft.Data.Sqlite.SqliteCommand.ExecuteReader(CommandBehavior behavior)
[xUnit.net 00:00:01.82]            at Microsoft.Data.Sqlite.SqliteCommand.ExecuteReaderAsync(CommandBehavior behavior, CancellationToken cancellationToken)
[xUnit.net 00:00:01.82]            at Microsoft.Data.Sqlite.SqliteCommand.ExecuteDbDataReaderAsync(CommandBehavior behavior, CancellationToken cancellationToken)
[xUnit.net 00:00:01.83]            at Microsoft.EntityFrameworkCore.Storage.RelationalCommand.ExecuteReaderAsync(RelationalCommandParameterObject parameterObject, CancellationToken cancellationToken)
[xUnit.net 00:00:01.83]            at Microsoft.EntityFrameworkCore.Storage.RelationalCommand.ExecuteReaderAsync(RelationalCommandParameterObject parameterObject, CancellationToken cancellationToken)
[xUnit.net 00:00:01.83]            at Microsoft.EntityFrameworkCore.Update.ReaderModificationCommandBatch.ExecuteAsync(IRelationalConnection connection, CancellationToken cancellationToken)
[xUnit.net 00:00:01.83]       Microsoft.EntityFrameworkCore.DbUpdateException : An error occurred while saving the entity changes. See the inner exception for details.
[xUnit.net 00:00:01.83]       ---- Microsoft.Data.Sqlite.SqliteException : SQLite Error 19: 'NOT NULL constraint failed: Registrations.DietaryRestrictions'.
[xUnit.net 00:00:01.83]       Stack Trace:
[xUnit.net 00:00:01.83]            at Microsoft.EntityFrameworkCore.Update.ReaderModificationCommandBatch.ExecuteAsync(IRelationalConnection connection, CancellationToken cancellationToken)
[xUnit.net 00:00:01.83]            at Microsoft.EntityFrameworkCore.Update.Internal.BatchExecutor.ExecuteAsync(IEnumerable`1 commandBatches, IRelationalConnection connection, CancellationToken cancellationToken)
[xUnit.net 00:00:01.83]            at Microsoft.EntityFrameworkCore.Update.Internal.BatchExecutor.ExecuteAsync(IEnumerable`1 commandBatches, IRelationalConnection connection, CancellationToken cancellationToken)
[xUnit.net 00:00:01.83]            at Microsoft.EntityFrameworkCore.Update.Internal.BatchExecutor.ExecuteAsync(IEnumerable`1 commandBatches, IRelationalConnection connection, CancellationToken cancellationToken)
[xUnit.net 00:00:01.83]            at Microsoft.EntityFrameworkCore.Storage.RelationalDatabase.SaveChangesAsync(IList`1 entries, CancellationToken cancellationToken)
[xUnit.net 00:00:01.83]            at Microsoft.EntityFrameworkCore.ChangeTracking.Internal.StateManager.SaveChangesAsync(IList`1 entriesToSave, CancellationToken cancellationToken)
[xUnit.net 00:00:01.83]            at Microsoft.EntityFrameworkCore.ChangeTracking.Internal.StateManager.SaveChangesAsync(StateManager stateManager, Boolean acceptAllChangesOnSuccess, CancellationToken cancellationToken)
[xUnit.net 00:00:01.83]            at Microsoft.EntityFrameworkCore.DbContext.SaveChangesAsync(Boolean acceptAllChangesOnSuccess, CancellationToken cancellationToken)
[xUnit.net 00:00:01.83]            at Microsoft.EntityFrameworkCore.DbContext.SaveChangesAsync(Boolean acceptAllChangesOnSuccess, CancellationToken cancellationToken)
[xUnit.net 00:00:01.83]         /home/chad/repos/witchcityrope-react/src/WitchCityRope.Infrastructure/Data/WitchCityRopeDbContext.cs(58,0): at WitchCityRope.Infrastructure.Data.WitchCityRopeDbContext.SaveChangesAsync(CancellationToken cancellationToken)
[xUnit.net 00:00:01.83]         /home/chad/repos/witchcityrope-react/tests/WitchCityRope.Infrastructure.Tests/Data/EntityConfigurationTests.cs(111,0): at WitchCityRope.Infrastructure.Tests.Data.EntityConfigurationTests.Payment_Registration_Relationship_Should_Be_Configured_Correctly()
[xUnit.net 00:00:01.83]         --- End of stack trace from previous location ---
[xUnit.net 00:00:01.83]         ----- Inner Stack Trace -----
[xUnit.net 00:00:01.83]            at Microsoft.Data.Sqlite.SqliteException.ThrowExceptionForRC(Int32 rc, sqlite3 db)
[xUnit.net 00:00:01.83]            at Microsoft.Data.Sqlite.SqliteDataReader.NextResult()
[xUnit.net 00:00:01.83]            at Microsoft.Data.Sqlite.SqliteCommand.ExecuteReader(CommandBehavior behavior)
[xUnit.net 00:00:01.83]            at Microsoft.Data.Sqlite.SqliteCommand.ExecuteReaderAsync(CommandBehavior behavior, CancellationToken cancellationToken)
[xUnit.net 00:00:01.83]            at Microsoft.Data.Sqlite.SqliteCommand.ExecuteDbDataReaderAsync(CommandBehavior behavior, CancellationToken cancellationToken)
[xUnit.net 00:00:01.83]            at Microsoft.EntityFrameworkCore.Storage.RelationalCommand.ExecuteReaderAsync(RelationalCommandParameterObject parameterObject, CancellationToken cancellationToken)
[xUnit.net 00:00:01.83]            at Microsoft.EntityFrameworkCore.Storage.RelationalCommand.ExecuteReaderAsync(RelationalCommandParameterObject parameterObject, CancellationToken cancellationToken)
[xUnit.net 00:00:01.83]            at Microsoft.EntityFrameworkCore.Update.ReaderModificationCommandBatch.ExecuteAsync(IRelationalConnection connection, CancellationToken cancellationToken)
[xUnit.net 00:00:01.83]       System.InvalidOperationException : Sequence contains no elements
[xUnit.net 00:00:01.83]       Stack Trace:
[xUnit.net 00:00:01.83]            at System.Linq.ThrowHelper.ThrowNoElementsException()
[xUnit.net 00:00:01.83]            at lambda_method2696(Closure)
[xUnit.net 00:00:01.83]            at Microsoft.EntityFrameworkCore.InMemory.Query.Internal.InMemoryQueryExpression.ResultEnumerable.GetEnumerator()
[xUnit.net 00:00:01.83]            at Microsoft.EntityFrameworkCore.InMemory.Query.Internal.InMemoryShapedQueryCompilingExpressionVisitor.QueryingEnumerable`1.Enumerator.MoveNextHelper()
[xUnit.net 00:00:01.83]            at Microsoft.EntityFrameworkCore.InMemory.Query.Internal.InMemoryShapedQueryCompilingExpressionVisitor.QueryingEnumerable`1.Enumerator.MoveNextAsync()
[xUnit.net 00:00:01.83]            at Microsoft.EntityFrameworkCore.Query.ShapedQueryCompilingExpressionVisitor.SingleAsync[TSource](IAsyncEnumerable`1 asyncEnumerable, CancellationToken cancellationToken)
[xUnit.net 00:00:01.83]            at Microsoft.EntityFrameworkCore.Query.ShapedQueryCompilingExpressionVisitor.SingleAsync[TSource](IAsyncEnumerable`1 asyncEnumerable, CancellationToken cancellationToken)
[xUnit.net 00:00:01.83]         /home/chad/repos/witchcityrope-react/tests/WitchCityRope.Infrastructure.Tests/Data/ConcurrencyTests.cs(72,0): at WitchCityRope.Infrastructure.Tests.Data.ConcurrencyTests.&lt;&gt;c__DisplayClass1_1.&lt;&lt;Should_Handle_Concurrent_Event_Registration&gt;b__1&gt;d.MoveNext()
[xUnit.net 00:00:01.83]         --- End of stack trace from previous location ---
[xUnit.net 00:00:01.83]         /home/chad/repos/witchcityrope-react/tests/WitchCityRope.Infrastructure.Tests/Data/ConcurrencyTests.cs(107,0): at WitchCityRope.Infrastructure.Tests.Data.ConcurrencyTests.Should_Handle_Concurrent_Event_Registration()
[xUnit.net 00:00:01.84]         --- End of stack trace from previous location ---
[testcontainers.org 00:00:01.68] Docker container f1bbbd46e999 ready
[xUnit.net 00:00:01.90]       System.InvalidOperationException : Sequence contains no elements
[xUnit.net 00:00:01.90]       Stack Trace:
[xUnit.net 00:00:01.90]            at System.Linq.ThrowHelper.ThrowNoElementsException()
[xUnit.net 00:00:01.90]            at lambda_method1246(Closure)
[xUnit.net 00:00:01.90]            at Microsoft.EntityFrameworkCore.InMemory.Query.Internal.InMemoryQueryExpression.ResultEnumerable.GetEnumerator()
[xUnit.net 00:00:01.90]            at Microsoft.EntityFrameworkCore.InMemory.Query.Internal.InMemoryShapedQueryCompilingExpressionVisitor.QueryingEnumerable`1.Enumerator.MoveNextHelper()
[xUnit.net 00:00:01.90]            at Microsoft.EntityFrameworkCore.InMemory.Query.Internal.InMemoryShapedQueryCompilingExpressionVisitor.QueryingEnumerable`1.Enumerator.MoveNextAsync()
[xUnit.net 00:00:01.90]            at Microsoft.EntityFrameworkCore.Query.ShapedQueryCompilingExpressionVisitor.SingleAsync[TSource](IAsyncEnumerable`1 asyncEnumerable, CancellationToken cancellationToken)
[xUnit.net 00:00:01.90]            at Microsoft.EntityFrameworkCore.Query.ShapedQueryCompilingExpressionVisitor.SingleAsync[TSource](IAsyncEnumerable`1 asyncEnumerable, CancellationToken cancellationToken)
[xUnit.net 00:00:01.90]         /home/chad/repos/witchcityrope-react/tests/WitchCityRope.Infrastructure.Tests/Data/WitchCityRopeDbContextTests.cs(83,0): at WitchCityRope.Infrastructure.Tests.Data.WitchCityRopeDbContextTests.Should_Handle_Concurrent_Updates()
[xUnit.net 00:00:01.90]         --- End of stack trace from previous location ---
[xUnit.net 00:00:01.92]       Expected results.All(r =&gt; r) to be True, but found False.
[xUnit.net 00:00:01.92]       Stack Trace:
[xUnit.net 00:00:01.92]            at FluentAssertions.Execution.LateBoundTestFramework.Throw(String message)
[xUnit.net 00:00:01.92]            at FluentAssertions.Execution.DefaultAssertionStrategy.HandleFailure(String message)
[xUnit.net 00:00:01.92]            at FluentAssertions.Execution.AssertionScope.AddPreFormattedFailure(String formattedFailureMessage)
[xUnit.net 00:00:01.92]            at FluentAssertions.Execution.AssertionChain.FailWith(Func`1 getFailureReason)
[xUnit.net 00:00:01.92]            at FluentAssertions.Execution.AssertionChain.FailWith(Func`1 getFailureReason)
[xUnit.net 00:00:01.92]            at FluentAssertions.Execution.AssertionChain.FailWith(String message, Object[] args)
[xUnit.net 00:00:01.92]            at FluentAssertions.Primitives.BooleanAssertions`1.BeTrue(String because, Object[] becauseArgs)
[xUnit.net 00:00:01.92]         /home/chad/repos/witchcityrope-react/tests/WitchCityRope.Infrastructure.Tests/Data/ConcurrencyTests.cs(487,0): at WitchCityRope.Infrastructure.Tests.Data.ConcurrencyTests.Should_Handle_Concurrent_Aggregate_Updates()
[xUnit.net 00:00:01.92]         --- End of stack trace from previous location ---
[xUnit.net 00:00:01.96]       Microsoft.EntityFrameworkCore.DbUpdateException : An error occurred while saving the entity changes. See the inner exception for details.
[xUnit.net 00:00:01.96]       ---- Microsoft.Data.Sqlite.SqliteException : SQLite Error 19: 'NOT NULL constraint failed: Registrations.DietaryRestrictions'.
[xUnit.net 00:00:01.96]       Stack Trace:
[xUnit.net 00:00:01.96]            at Microsoft.EntityFrameworkCore.Update.ReaderModificationCommandBatch.ExecuteAsync(IRelationalConnection connection, CancellationToken cancellationToken)
[xUnit.net 00:00:01.96]            at Microsoft.EntityFrameworkCore.Update.Internal.BatchExecutor.ExecuteAsync(IEnumerable`1 commandBatches, IRelationalConnection connection, CancellationToken cancellationToken)
[xUnit.net 00:00:01.96]            at Microsoft.EntityFrameworkCore.Update.Internal.BatchExecutor.ExecuteAsync(IEnumerable`1 commandBatches, IRelationalConnection connection, CancellationToken cancellationToken)
[xUnit.net 00:00:01.96]            at Microsoft.EntityFrameworkCore.Update.Internal.BatchExecutor.ExecuteAsync(IEnumerable`1 commandBatches, IRelationalConnection connection, CancellationToken cancellationToken)
[xUnit.net 00:00:01.96]            at Microsoft.EntityFrameworkCore.Storage.RelationalDatabase.SaveChangesAsync(IList`1 entries, CancellationToken cancellationToken)
[xUnit.net 00:00:01.96]            at Microsoft.EntityFrameworkCore.ChangeTracking.Internal.StateManager.SaveChangesAsync(IList`1 entriesToSave, CancellationToken cancellationToken)
[xUnit.net 00:00:01.96]            at Microsoft.EntityFrameworkCore.ChangeTracking.Internal.StateManager.SaveChangesAsync(StateManager stateManager, Boolean acceptAllChangesOnSuccess, CancellationToken cancellationToken)
[xUnit.net 00:00:01.96]            at Microsoft.EntityFrameworkCore.DbContext.SaveChangesAsync(Boolean acceptAllChangesOnSuccess, CancellationToken cancellationToken)
[xUnit.net 00:00:01.96]            at Microsoft.EntityFrameworkCore.DbContext.SaveChangesAsync(Boolean acceptAllChangesOnSuccess, CancellationToken cancellationToken)
[xUnit.net 00:00:01.96]         /home/chad/repos/witchcityrope-react/src/WitchCityRope.Infrastructure/Data/WitchCityRopeDbContext.cs(58,0): at WitchCityRope.Infrastructure.Data.WitchCityRopeDbContext.SaveChangesAsync(CancellationToken cancellationToken)
[xUnit.net 00:00:01.96]         /home/chad/repos/witchcityrope-react/tests/WitchCityRope.Infrastructure.Tests/Data/ComplexQueryTests.cs(63,0): at WitchCityRope.Infrastructure.Tests.Data.ComplexQueryTests.SeedDataAsync()
[xUnit.net 00:00:01.96]         /home/chad/repos/witchcityrope-react/tests/WitchCityRope.Infrastructure.Tests/Fixtures/IntegrationTestBase.cs(41,0): at WitchCityRope.Infrastructure.Tests.Fixtures.IntegrationTestBase.InitializeAsync()
[xUnit.net 00:00:01.96]         ----- Inner Stack Trace -----
[xUnit.net 00:00:01.96]            at Microsoft.Data.Sqlite.SqliteException.ThrowExceptionForRC(Int32 rc, sqlite3 db)
[xUnit.net 00:00:01.96]            at Microsoft.Data.Sqlite.SqliteDataReader.NextResult()
[xUnit.net 00:00:01.96]            at Microsoft.Data.Sqlite.SqliteCommand.ExecuteReader(CommandBehavior behavior)
[xUnit.net 00:00:01.96]            at Microsoft.Data.Sqlite.SqliteCommand.ExecuteReaderAsync(CommandBehavior behavior, CancellationToken cancellationToken)
[xUnit.net 00:00:01.96]            at Microsoft.Data.Sqlite.SqliteCommand.ExecuteDbDataReaderAsync(CommandBehavior behavior, CancellationToken cancellationToken)
[xUnit.net 00:00:01.96]            at Microsoft.EntityFrameworkCore.Storage.RelationalCommand.ExecuteReaderAsync(RelationalCommandParameterObject parameterObject, CancellationToken cancellationToken)
[xUnit.net 00:00:01.96]            at Microsoft.EntityFrameworkCore.Storage.RelationalCommand.ExecuteReaderAsync(RelationalCommandParameterObject parameterObject, CancellationToken cancellationToken)
[xUnit.net 00:00:01.96]            at Microsoft.EntityFrameworkCore.Update.ReaderModificationCommandBatch.ExecuteAsync(IRelationalConnection connection, CancellationToken cancellationToken)
[xUnit.net 00:00:02.09]       Microsoft.EntityFrameworkCore.DbUpdateException : An error occurred while saving the entity changes. See the inner exception for details.
[xUnit.net 00:00:02.09]       ---- Microsoft.Data.Sqlite.SqliteException : SQLite Error 19: 'NOT NULL constraint failed: Registrations.DietaryRestrictions'.
[xUnit.net 00:00:02.09]       Stack Trace:
[xUnit.net 00:00:02.09]            at Microsoft.EntityFrameworkCore.Update.ReaderModificationCommandBatch.ExecuteAsync(IRelationalConnection connection, CancellationToken cancellationToken)
[xUnit.net 00:00:02.09]            at Microsoft.EntityFrameworkCore.Update.Internal.BatchExecutor.ExecuteAsync(IEnumerable`1 commandBatches, IRelationalConnection connection, CancellationToken cancellationToken)
[xUnit.net 00:00:02.09]            at Microsoft.EntityFrameworkCore.Update.Internal.BatchExecutor.ExecuteAsync(IEnumerable`1 commandBatches, IRelationalConnection connection, CancellationToken cancellationToken)
[xUnit.net 00:00:02.09]            at Microsoft.EntityFrameworkCore.Update.Internal.BatchExecutor.ExecuteAsync(IEnumerable`1 commandBatches, IRelationalConnection connection, CancellationToken cancellationToken)
[xUnit.net 00:00:02.09]            at Microsoft.EntityFrameworkCore.Storage.RelationalDatabase.SaveChangesAsync(IList`1 entries, CancellationToken cancellationToken)
[xUnit.net 00:00:02.09]            at Microsoft.EntityFrameworkCore.ChangeTracking.Internal.StateManager.SaveChangesAsync(IList`1 entriesToSave, CancellationToken cancellationToken)
[xUnit.net 00:00:02.09]            at Microsoft.EntityFrameworkCore.ChangeTracking.Internal.StateManager.SaveChangesAsync(StateManager stateManager, Boolean acceptAllChangesOnSuccess, CancellationToken cancellationToken)
[xUnit.net 00:00:02.09]            at Microsoft.EntityFrameworkCore.DbContext.SaveChangesAsync(Boolean acceptAllChangesOnSuccess, CancellationToken cancellationToken)
[xUnit.net 00:00:02.09]            at Microsoft.EntityFrameworkCore.DbContext.SaveChangesAsync(Boolean acceptAllChangesOnSuccess, CancellationToken cancellationToken)
[xUnit.net 00:00:02.09]         /home/chad/repos/witchcityrope-react/src/WitchCityRope.Infrastructure/Data/WitchCityRopeDbContext.cs(58,0): at WitchCityRope.Infrastructure.Data.WitchCityRopeDbContext.SaveChangesAsync(CancellationToken cancellationToken)
[xUnit.net 00:00:02.09]         /home/chad/repos/witchcityrope-react/tests/WitchCityRope.Infrastructure.Tests/Data/ComplexQueryTests.cs(63,0): at WitchCityRope.Infrastructure.Tests.Data.ComplexQueryTests.SeedDataAsync()
[xUnit.net 00:00:02.09]         /home/chad/repos/witchcityrope-react/tests/WitchCityRope.Infrastructure.Tests/Fixtures/IntegrationTestBase.cs(41,0): at WitchCityRope.Infrastructure.Tests.Fixtures.IntegrationTestBase.InitializeAsync()
[xUnit.net 00:00:02.09]         ----- Inner Stack Trace -----
[xUnit.net 00:00:02.09]            at Microsoft.Data.Sqlite.SqliteException.ThrowExceptionForRC(Int32 rc, sqlite3 db)
[xUnit.net 00:00:02.09]            at Microsoft.Data.Sqlite.SqliteDataReader.NextResult()
[xUnit.net 00:00:02.09]            at Microsoft.Data.Sqlite.SqliteCommand.ExecuteReader(CommandBehavior behavior)
[xUnit.net 00:00:02.09]            at Microsoft.Data.Sqlite.SqliteCommand.ExecuteReaderAsync(CommandBehavior behavior, CancellationToken cancellationToken)
[xUnit.net 00:00:02.09]            at Microsoft.Data.Sqlite.SqliteCommand.ExecuteDbDataReaderAsync(CommandBehavior behavior, CancellationToken cancellationToken)
[xUnit.net 00:00:02.09]            at Microsoft.EntityFrameworkCore.Storage.RelationalCommand.ExecuteReaderAsync(RelationalCommandParameterObject parameterObject, CancellationToken cancellationToken)
[xUnit.net 00:00:02.09]            at Microsoft.EntityFrameworkCore.Storage.RelationalCommand.ExecuteReaderAsync(RelationalCommandParameterObject parameterObject, CancellationToken cancellationToken)
[xUnit.net 00:00:02.09]            at Microsoft.EntityFrameworkCore.Update.ReaderModificationCommandBatch.ExecuteAsync(IRelationalConnection connection, CancellationToken cancellationToken)
[xUnit.net 00:00:02.21]       Microsoft.EntityFrameworkCore.DbUpdateException : An error occurred while saving the entity changes. See the inner exception for details.
[xUnit.net 00:00:02.21]       ---- Microsoft.Data.Sqlite.SqliteException : SQLite Error 19: 'NOT NULL constraint failed: Registrations.DietaryRestrictions'.
[xUnit.net 00:00:02.21]       Stack Trace:
[xUnit.net 00:00:02.21]            at Microsoft.EntityFrameworkCore.Update.ReaderModificationCommandBatch.ExecuteAsync(IRelationalConnection connection, CancellationToken cancellationToken)
[xUnit.net 00:00:02.21]            at Microsoft.EntityFrameworkCore.Update.Internal.BatchExecutor.ExecuteAsync(IEnumerable`1 commandBatches, IRelationalConnection connection, CancellationToken cancellationToken)
[xUnit.net 00:00:02.21]            at Microsoft.EntityFrameworkCore.Update.Internal.BatchExecutor.ExecuteAsync(IEnumerable`1 commandBatches, IRelationalConnection connection, CancellationToken cancellationToken)
[xUnit.net 00:00:02.21]            at Microsoft.EntityFrameworkCore.Update.Internal.BatchExecutor.ExecuteAsync(IEnumerable`1 commandBatches, IRelationalConnection connection, CancellationToken cancellationToken)
[xUnit.net 00:00:02.21]            at Microsoft.EntityFrameworkCore.Storage.RelationalDatabase.SaveChangesAsync(IList`1 entries, CancellationToken cancellationToken)
[xUnit.net 00:00:02.21]            at Microsoft.EntityFrameworkCore.ChangeTracking.Internal.StateManager.SaveChangesAsync(IList`1 entriesToSave, CancellationToken cancellationToken)
[xUnit.net 00:00:02.21]            at Microsoft.EntityFrameworkCore.ChangeTracking.Internal.StateManager.SaveChangesAsync(StateManager stateManager, Boolean acceptAllChangesOnSuccess, CancellationToken cancellationToken)
[xUnit.net 00:00:02.21]            at Microsoft.EntityFrameworkCore.DbContext.SaveChangesAsync(Boolean acceptAllChangesOnSuccess, CancellationToken cancellationToken)
[xUnit.net 00:00:02.21]            at Microsoft.EntityFrameworkCore.DbContext.SaveChangesAsync(Boolean acceptAllChangesOnSuccess, CancellationToken cancellationToken)
[xUnit.net 00:00:02.21]         /home/chad/repos/witchcityrope-react/src/WitchCityRope.Infrastructure/Data/WitchCityRopeDbContext.cs(58,0): at WitchCityRope.Infrastructure.Data.WitchCityRopeDbContext.SaveChangesAsync(CancellationToken cancellationToken)
[xUnit.net 00:00:02.21]         /home/chad/repos/witchcityrope-react/tests/WitchCityRope.Infrastructure.Tests/Data/ComplexQueryTests.cs(63,0): at WitchCityRope.Infrastructure.Tests.Data.ComplexQueryTests.SeedDataAsync()
[xUnit.net 00:00:02.21]         /home/chad/repos/witchcityrope-react/tests/WitchCityRope.Infrastructure.Tests/Fixtures/IntegrationTestBase.cs(41,0): at WitchCityRope.Infrastructure.Tests.Fixtures.IntegrationTestBase.InitializeAsync()
[xUnit.net 00:00:02.21]         ----- Inner Stack Trace -----
[xUnit.net 00:00:02.21]            at Microsoft.Data.Sqlite.SqliteException.ThrowExceptionForRC(Int32 rc, sqlite3 db)
[xUnit.net 00:00:02.21]            at Microsoft.Data.Sqlite.SqliteDataReader.NextResult()
[xUnit.net 00:00:02.21]            at Microsoft.Data.Sqlite.SqliteCommand.ExecuteReader(CommandBehavior behavior)
[xUnit.net 00:00:02.21]            at Microsoft.Data.Sqlite.SqliteCommand.ExecuteReaderAsync(CommandBehavior behavior, CancellationToken cancellationToken)
[xUnit.net 00:00:02.21]            at Microsoft.Data.Sqlite.SqliteCommand.ExecuteDbDataReaderAsync(CommandBehavior behavior, CancellationToken cancellationToken)
[xUnit.net 00:00:02.21]            at Microsoft.EntityFrameworkCore.Storage.RelationalCommand.ExecuteReaderAsync(RelationalCommandParameterObject parameterObject, CancellationToken cancellationToken)
[xUnit.net 00:00:02.21]            at Microsoft.EntityFrameworkCore.Storage.RelationalCommand.ExecuteReaderAsync(RelationalCommandParameterObject parameterObject, CancellationToken cancellationToken)
[xUnit.net 00:00:02.21]            at Microsoft.EntityFrameworkCore.Update.ReaderModificationCommandBatch.ExecuteAsync(IRelationalConnection connection, CancellationToken cancellationToken)
[xUnit.net 00:00:02.56]       System.InvalidOperationException : An error was generated for warning 'Microsoft.EntityFrameworkCore.Migrations.PendingModelChangesWarning': The model for context 'WitchCityRopeDbContext' has pending changes. Add a new migration before updating the database. See https://aka.ms/efcore-docs-pending-changes. This exception can be suppressed or logged by passing event ID 'RelationalEventId.PendingModelChangesWarning' to the 'ConfigureWarnings' method in 'DbContext.OnConfiguring' or 'AddDbContext'.
[xUnit.net 00:00:02.56]       Stack Trace:
[xUnit.net 00:00:02.56]            at Microsoft.EntityFrameworkCore.Diagnostics.EventDefinition`1.Log[TLoggerCategory](IDiagnosticsLogger`1 logger, TParam arg)
[xUnit.net 00:00:02.56]            at Microsoft.EntityFrameworkCore.Diagnostics.RelationalLoggerExtensions.PendingModelChangesWarning(IDiagnosticsLogger`1 diagnostics, Type contextType)
[xUnit.net 00:00:02.56]            at Microsoft.EntityFrameworkCore.Migrations.Internal.Migrator.ValidateMigrations(Boolean useTransaction, String targetMigration)
[xUnit.net 00:00:02.56]            at Microsoft.EntityFrameworkCore.Migrations.Internal.Migrator.MigrateAsync(String targetMigration, CancellationToken cancellationToken)
[xUnit.net 00:00:02.56]            at Npgsql.EntityFrameworkCore.PostgreSQL.Migrations.Internal.NpgsqlMigrator.MigrateAsync(String targetMigration, CancellationToken cancellationToken)
[xUnit.net 00:00:02.56]         /home/chad/repos/witchcityrope-react/tests/WitchCityRope.Infrastructure.Tests/Data/MigrationTests.cs(110,0): at WitchCityRope.Infrastructure.Tests.Data.MigrationTests.Should_Create_Correct_Foreign_Keys()
[xUnit.net 00:00:02.56]         --- End of stack trace from previous location ---
[xUnit.net 00:00:02.80]       System.InvalidOperationException : An error was generated for warning 'Microsoft.EntityFrameworkCore.Migrations.PendingModelChangesWarning': The model for context 'WitchCityRopeDbContext' has pending changes. Add a new migration before updating the database. See https://aka.ms/efcore-docs-pending-changes. This exception can be suppressed or logged by passing event ID 'RelationalEventId.PendingModelChangesWarning' to the 'ConfigureWarnings' method in 'DbContext.OnConfiguring' or 'AddDbContext'.
[xUnit.net 00:00:02.80]       Stack Trace:
[xUnit.net 00:00:02.80]            at Microsoft.EntityFrameworkCore.Diagnostics.EventDefinition`1.Log[TLoggerCategory](IDiagnosticsLogger`1 logger, TParam arg)
[xUnit.net 00:00:02.80]            at Microsoft.EntityFrameworkCore.Diagnostics.RelationalLoggerExtensions.PendingModelChangesWarning(IDiagnosticsLogger`1 diagnostics, Type contextType)
[xUnit.net 00:00:02.80]            at Microsoft.EntityFrameworkCore.Migrations.Internal.Migrator.ValidateMigrations(Boolean useTransaction, String targetMigration)
[xUnit.net 00:00:02.80]            at Microsoft.EntityFrameworkCore.Migrations.Internal.Migrator.MigrateAsync(String targetMigration, CancellationToken cancellationToken)
[xUnit.net 00:00:02.80]            at Npgsql.EntityFrameworkCore.PostgreSQL.Migrations.Internal.NpgsqlMigrator.MigrateAsync(String targetMigration, CancellationToken cancellationToken)
[xUnit.net 00:00:02.80]         /home/chad/repos/witchcityrope-react/tests/WitchCityRope.Infrastructure.Tests/Data/MigrationTests.cs(31,0): at WitchCityRope.Infrastructure.Tests.Data.MigrationTests.Should_Apply_All_Migrations_Successfully()
[xUnit.net 00:00:02.80]         --- End of stack trace from previous location ---
[xUnit.net 00:00:03.06]       System.InvalidOperationException : An error was generated for warning 'Microsoft.EntityFrameworkCore.Migrations.PendingModelChangesWarning': The model for context 'WitchCityRopeDbContext' has pending changes. Add a new migration before updating the database. See https://aka.ms/efcore-docs-pending-changes. This exception can be suppressed or logged by passing event ID 'RelationalEventId.PendingModelChangesWarning' to the 'ConfigureWarnings' method in 'DbContext.OnConfiguring' or 'AddDbContext'.
[xUnit.net 00:00:03.06]       Stack Trace:
[xUnit.net 00:00:03.06]            at Microsoft.EntityFrameworkCore.Diagnostics.EventDefinition`1.Log[TLoggerCategory](IDiagnosticsLogger`1 logger, TParam arg)
[xUnit.net 00:00:03.06]            at Microsoft.EntityFrameworkCore.Diagnostics.RelationalLoggerExtensions.PendingModelChangesWarning(IDiagnosticsLogger`1 diagnostics, Type contextType)
[xUnit.net 00:00:03.06]            at Microsoft.EntityFrameworkCore.Migrations.Internal.Migrator.ValidateMigrations(Boolean useTransaction, String targetMigration)
[xUnit.net 00:00:03.06]            at Microsoft.EntityFrameworkCore.Migrations.Internal.Migrator.MigrateAsync(String targetMigration, CancellationToken cancellationToken)
[xUnit.net 00:00:03.06]            at Npgsql.EntityFrameworkCore.PostgreSQL.Migrations.Internal.NpgsqlMigrator.MigrateAsync(String targetMigration, CancellationToken cancellationToken)
[xUnit.net 00:00:03.06]         /home/chad/repos/witchcityrope-react/tests/WitchCityRope.Infrastructure.Tests/Data/MigrationTests.cs(160,0): at WitchCityRope.Infrastructure.Tests.Data.MigrationTests.Should_Handle_Migration_Rollback()
[xUnit.net 00:00:03.06]         --- End of stack trace from previous location ---
[xUnit.net 00:00:03.28]       System.InvalidOperationException : An error was generated for warning 'Microsoft.EntityFrameworkCore.Migrations.PendingModelChangesWarning': The model for context 'WitchCityRopeDbContext' has pending changes. Add a new migration before updating the database. See https://aka.ms/efcore-docs-pending-changes. This exception can be suppressed or logged by passing event ID 'RelationalEventId.PendingModelChangesWarning' to the 'ConfigureWarnings' method in 'DbContext.OnConfiguring' or 'AddDbContext'.
[xUnit.net 00:00:03.28]       Stack Trace:
[xUnit.net 00:00:03.28]            at Microsoft.EntityFrameworkCore.Diagnostics.EventDefinition`1.Log[TLoggerCategory](IDiagnosticsLogger`1 logger, TParam arg)
[xUnit.net 00:00:03.28]            at Microsoft.EntityFrameworkCore.Diagnostics.RelationalLoggerExtensions.PendingModelChangesWarning(IDiagnosticsLogger`1 diagnostics, Type contextType)
[xUnit.net 00:00:03.28]            at Microsoft.EntityFrameworkCore.Migrations.Internal.Migrator.ValidateMigrations(Boolean useTransaction, String targetMigration)
[xUnit.net 00:00:03.28]            at Microsoft.EntityFrameworkCore.Migrations.Internal.Migrator.MigrateAsync(String targetMigration, CancellationToken cancellationToken)
[xUnit.net 00:00:03.28]            at Npgsql.EntityFrameworkCore.PostgreSQL.Migrations.Internal.NpgsqlMigrator.MigrateAsync(String targetMigration, CancellationToken cancellationToken)
[xUnit.net 00:00:03.28]         /home/chad/repos/witchcityrope-react/tests/WitchCityRope.Infrastructure.Tests/Data/MigrationTests.cs(65,0): at WitchCityRope.Infrastructure.Tests.Data.MigrationTests.Should_Have_Correct_Schema_After_Migration()
[xUnit.net 00:00:03.28]         --- End of stack trace from previous location ---
[xUnit.net 00:00:03.50]       System.InvalidOperationException : An error was generated for warning 'Microsoft.EntityFrameworkCore.Migrations.PendingModelChangesWarning': The model for context 'WitchCityRopeDbContext' has pending changes. Add a new migration before updating the database. See https://aka.ms/efcore-docs-pending-changes. This exception can be suppressed or logged by passing event ID 'RelationalEventId.PendingModelChangesWarning' to the 'ConfigureWarnings' method in 'DbContext.OnConfiguring' or 'AddDbContext'.
[xUnit.net 00:00:03.50]       Stack Trace:
[xUnit.net 00:00:03.50]            at Microsoft.EntityFrameworkCore.Diagnostics.EventDefinition`1.Log[TLoggerCategory](IDiagnosticsLogger`1 logger, TParam arg)
[xUnit.net 00:00:03.50]            at Microsoft.EntityFrameworkCore.Diagnostics.RelationalLoggerExtensions.PendingModelChangesWarning(IDiagnosticsLogger`1 diagnostics, Type contextType)
[xUnit.net 00:00:03.50]            at Microsoft.EntityFrameworkCore.Migrations.Internal.Migrator.ValidateMigrations(Boolean useTransaction, String targetMigration)
[xUnit.net 00:00:03.50]            at Microsoft.EntityFrameworkCore.Migrations.Internal.Migrator.MigrateAsync(String targetMigration, CancellationToken cancellationToken)
[xUnit.net 00:00:03.50]            at Npgsql.EntityFrameworkCore.PostgreSQL.Migrations.Internal.NpgsqlMigrator.MigrateAsync(String targetMigration, CancellationToken cancellationToken)
[xUnit.net 00:00:03.50]         /home/chad/repos/witchcityrope-react/tests/WitchCityRope.Infrastructure.Tests/Data/MigrationTests.cs(45,0): at WitchCityRope.Infrastructure.Tests.Data.MigrationTests.Should_Create_All_Expected_Tables()
[xUnit.net 00:00:03.50]         --- End of stack trace from previous location ---
[xUnit.net 00:00:03.70]       System.InvalidOperationException : An error was generated for warning 'Microsoft.EntityFrameworkCore.Migrations.PendingModelChangesWarning': The model for context 'WitchCityRopeDbContext' has pending changes. Add a new migration before updating the database. See https://aka.ms/efcore-docs-pending-changes. This exception can be suppressed or logged by passing event ID 'RelationalEventId.PendingModelChangesWarning' to the 'ConfigureWarnings' method in 'DbContext.OnConfiguring' or 'AddDbContext'.
[xUnit.net 00:00:03.70]       Stack Trace:
[xUnit.net 00:00:03.70]            at Microsoft.EntityFrameworkCore.Diagnostics.EventDefinition`1.Log[TLoggerCategory](IDiagnosticsLogger`1 logger, TParam arg)
[xUnit.net 00:00:03.70]            at Microsoft.EntityFrameworkCore.Diagnostics.RelationalLoggerExtensions.PendingModelChangesWarning(IDiagnosticsLogger`1 diagnostics, Type contextType)
[xUnit.net 00:00:03.70]            at Microsoft.EntityFrameworkCore.Migrations.Internal.Migrator.ValidateMigrations(Boolean useTransaction, String targetMigration)
[xUnit.net 00:00:03.70]            at Microsoft.EntityFrameworkCore.Migrations.Internal.Migrator.MigrateAsync(String targetMigration, CancellationToken cancellationToken)
[xUnit.net 00:00:03.70]            at Npgsql.EntityFrameworkCore.PostgreSQL.Migrations.Internal.NpgsqlMigrator.MigrateAsync(String targetMigration, CancellationToken cancellationToken)
[xUnit.net 00:00:03.70]         /home/chad/repos/witchcityrope-react/tests/WitchCityRope.Infrastructure.Tests/Data/MigrationTests.cs(95,0): at WitchCityRope.Infrastructure.Tests.Data.MigrationTests.Should_Create_Correct_Indexes()
[xUnit.net 00:00:03.70]         --- End of stack trace from previous location ---
[xUnit.net 00:00:03.74]       Expected pendingModelChanges to be False because The model should match the database schema, but found True.
[xUnit.net 00:00:03.74]       Stack Trace:
[xUnit.net 00:00:03.74]            at FluentAssertions.Execution.LateBoundTestFramework.Throw(String message)
[xUnit.net 00:00:03.74]            at FluentAssertions.Execution.DefaultAssertionStrategy.HandleFailure(String message)
[xUnit.net 00:00:03.74]            at FluentAssertions.Execution.AssertionScope.AddPreFormattedFailure(String formattedFailureMessage)
[xUnit.net 00:00:03.74]            at FluentAssertions.Execution.AssertionChain.FailWith(Func`1 getFailureReason)
[xUnit.net 00:00:03.74]            at FluentAssertions.Execution.AssertionChain.FailWith(Func`1 getFailureReason)
[xUnit.net 00:00:03.74]            at FluentAssertions.Execution.AssertionChain.FailWith(String message, Object[] args)
[xUnit.net 00:00:03.74]            at FluentAssertions.Primitives.BooleanAssertions`1.BeFalse(String because, Object[] becauseArgs)
[xUnit.net 00:00:03.74]         /home/chad/repos/witchcityrope-react/tests/WitchCityRope.Infrastructure.Tests/Data/MigrationTests.cs(138,0): at WitchCityRope.Infrastructure.Tests.Data.MigrationTests.Model_Should_Match_Database_Schema()
[xUnit.net 00:00:03.74]            at System.RuntimeMethodHandle.InvokeMethod(Object target, Void** arguments, Signature sig, Boolean isConstructor)
[xUnit.net 00:00:03.74]            at System.Reflection.MethodBaseInvoker.InvokeWithNoArgs(Object obj, BindingFlags invokeAttr)
[testcontainers.org 00:00:03.55] Delete Docker container f1bbbd46e999
[xUnit.net 00:00:04.01]   Finished:    WitchCityRope.Infrastructure.Tests
</StdOut>
    </Output>
    <RunInfos>
      <RunInfo computerName="Unbutu-Ai-Chads-PC" outcome="Warning" timestamp="2025-09-11T15:38:55.1487156-04:00">
        <Text>[xUnit.net 00:00:00.12]     WitchCityRope.Infrastructure.Tests.Email.EmailServiceTests.SendBulkEmailAsync_Should_Send_To_Multiple_Recipients [SKIP]</Text>
      </RunInfo>
      <RunInfo computerName="Unbutu-Ai-Chads-PC" outcome="Warning" timestamp="2025-09-11T15:38:55.1513314-04:00">
        <Text>[xUnit.net 00:00:00.13]     WitchCityRope.Infrastructure.Tests.PayPal.PayPalServiceTests.ValidatePaymentMethodAsync_Should_Return_False_For_Empty_Method [SKIP]</Text>
      </RunInfo>
      <RunInfo computerName="Unbutu-Ai-Chads-PC" outcome="Warning" timestamp="2025-09-11T15:38:55.2196919-04:00">
        <Text>[xUnit.net 00:00:00.16]     WitchCityRope.Infrastructure.Tests.Email.EmailServiceTests.SendEmailAsync_Should_Return_False_When_SendGrid_Fails [SKIP]</Text>
      </RunInfo>
      <RunInfo computerName="Unbutu-Ai-Chads-PC" outcome="Warning" timestamp="2025-09-11T15:38:55.2197072-04:00">
        <Text>[xUnit.net 00:00:00.16]     WitchCityRope.Infrastructure.Tests.PayPal.PayPalServiceTests.ProcessRefundAsync_Should_Use_Full_Amount_When_Not_Specified [SKIP]</Text>
      </RunInfo>
      <RunInfo computerName="Unbutu-Ai-Chads-PC" outcome="Warning" timestamp="2025-09-11T15:38:55.2197170-04:00">
        <Text>[xUnit.net 00:00:00.16]     WitchCityRope.Infrastructure.Tests.Email.EmailServiceTests.Should_Use_Default_From_Email_When_Not_Configured [SKIP]</Text>
      </RunInfo>
      <RunInfo computerName="Unbutu-Ai-Chads-PC" outcome="Warning" timestamp="2025-09-11T15:38:55.2197269-04:00">
        <Text>[xUnit.net 00:00:00.16]     WitchCityRope.Infrastructure.Tests.PayPal.PayPalServiceTests.ProcessRefundAsync_Should_Handle_Exceptions [SKIP]</Text>
      </RunInfo>
      <RunInfo computerName="Unbutu-Ai-Chads-PC" outcome="Warning" timestamp="2025-09-11T15:38:55.2197405-04:00">
        <Text>[xUnit.net 00:00:00.17]     WitchCityRope.Infrastructure.Tests.Email.EmailServiceTests.SendBulkEmailAsync_Should_Return_False_If_Any_Batch_Fails [SKIP]</Text>
      </RunInfo>
      <RunInfo computerName="Unbutu-Ai-Chads-PC" outcome="Warning" timestamp="2025-09-11T15:38:55.2197496-04:00">
        <Text>[xUnit.net 00:00:00.17]     WitchCityRope.Infrastructure.Tests.Email.EmailServiceTests.SendCancellationConfirmationAsync_Should_Include_Refund_When_Provided [SKIP]</Text>
      </RunInfo>
      <RunInfo computerName="Unbutu-Ai-Chads-PC" outcome="Warning" timestamp="2025-09-11T15:38:55.2197588-04:00">
        <Text>[xUnit.net 00:00:00.17]     WitchCityRope.Infrastructure.Tests.Email.EmailServiceTests.SendEmailAsync_Should_Send_PlainText_Email_When_IsHtml_Is_False [SKIP]</Text>
      </RunInfo>
      <RunInfo computerName="Unbutu-Ai-Chads-PC" outcome="Warning" timestamp="2025-09-11T15:38:55.2197680-04:00">
        <Text>[xUnit.net 00:00:00.17]     WitchCityRope.Infrastructure.Tests.Email.EmailServiceTests.SendEmailAsync_Should_Send_Email_Successfully [SKIP]</Text>
      </RunInfo>
      <RunInfo computerName="Unbutu-Ai-Chads-PC" outcome="Warning" timestamp="2025-09-11T15:38:55.2208428-04:00">
        <Text>[xUnit.net 00:00:00.17]     WitchCityRope.Infrastructure.Tests.Email.EmailServiceTests.SendVettingStatusUpdateAsync_Should_Include_Notes_When_Provided [SKIP]</Text>
      </RunInfo>
      <RunInfo computerName="Unbutu-Ai-Chads-PC" outcome="Warning" timestamp="2025-09-11T15:38:55.2208540-04:00">
        <Text>[xUnit.net 00:00:00.17]     WitchCityRope.Infrastructure.Tests.Email.EmailServiceTests.SendTemplateEmailAsync_Should_Send_With_Template_Id [SKIP]</Text>
      </RunInfo>
      <RunInfo computerName="Unbutu-Ai-Chads-PC" outcome="Warning" timestamp="2025-09-11T15:38:55.2261264-04:00">
        <Text>[xUnit.net 00:00:00.20]     WitchCityRope.Infrastructure.Tests.PayPal.PayPalServiceTests.GetPaymentStatusAsync_Should_Return_Failed_On_Exception [SKIP]</Text>
      </RunInfo>
      <RunInfo computerName="Unbutu-Ai-Chads-PC" outcome="Warning" timestamp="2025-09-11T15:38:55.2262786-04:00">
        <Text>[xUnit.net 00:00:00.20]     WitchCityRope.Infrastructure.Tests.PayPal.PayPalServiceTests.CreatePaymentIntentAsync_Should_Handle_Exceptions [SKIP]</Text>
      </RunInfo>
      <RunInfo computerName="Unbutu-Ai-Chads-PC" outcome="Warning" timestamp="2025-09-11T15:38:55.2264207-04:00">
        <Text>[xUnit.net 00:00:00.20]     WitchCityRope.Infrastructure.Tests.PayPal.PayPalServiceTests.GetPaymentStatusAsync_Should_Return_Pending_Status [SKIP]</Text>
      </RunInfo>
      <RunInfo computerName="Unbutu-Ai-Chads-PC" outcome="Warning" timestamp="2025-09-11T15:38:55.2270621-04:00">
        <Text>[xUnit.net 00:00:00.20]     WitchCityRope.Infrastructure.Tests.PayPal.PayPalServiceTests.ProcessRefundAsync_Should_Return_Success_Result [SKIP]</Text>
      </RunInfo>
      <RunInfo computerName="Unbutu-Ai-Chads-PC" outcome="Warning" timestamp="2025-09-11T15:38:55.2294312-04:00">
        <Text>[xUnit.net 00:00:00.20]     WitchCityRope.Infrastructure.Tests.PayPal.PayPalServiceTests.ProcessPaymentAsync_Should_Return_Success_Result [SKIP]</Text>
      </RunInfo>
      <RunInfo computerName="Unbutu-Ai-Chads-PC" outcome="Warning" timestamp="2025-09-11T15:38:55.2294439-04:00">
        <Text>[xUnit.net 00:00:00.20]     WitchCityRope.Infrastructure.Tests.PayPal.PayPalServiceTests.ProcessPaymentAsync_Should_Handle_Exceptions [SKIP]</Text>
      </RunInfo>
      <RunInfo computerName="Unbutu-Ai-Chads-PC" outcome="Warning" timestamp="2025-09-11T15:38:55.2294609-04:00">
        <Text>[xUnit.net 00:00:00.20]     WitchCityRope.Infrastructure.Tests.PayPal.PayPalServiceTests.ValidatePaymentMethodAsync_Should_Return_True_For_Valid_Method [SKIP]</Text>
      </RunInfo>
      <RunInfo computerName="Unbutu-Ai-Chads-PC" outcome="Error" timestamp="2025-09-11T15:38:55.2303166-04:00">
        <Text>[xUnit.net 00:00:00.21]     WitchCityRope.Infrastructure.Tests.Email.EmailServiceTests.Constructor_Should_Throw_When_SendGridClient_Is_Null [FAIL]</Text>
      </RunInfo>
      <RunInfo computerName="Unbutu-Ai-Chads-PC" outcome="Warning" timestamp="2025-09-11T15:38:55.2320963-04:00">
        <Text>[xUnit.net 00:00:00.21]     WitchCityRope.Infrastructure.Tests.Email.EmailServiceTests.SendTemplateEmailAsync_Should_Throw_For_Unknown_Template [SKIP]</Text>
      </RunInfo>
      <RunInfo computerName="Unbutu-Ai-Chads-PC" outcome="Warning" timestamp="2025-09-11T15:38:55.2322843-04:00">
        <Text>[xUnit.net 00:00:00.21]     WitchCityRope.Infrastructure.Tests.Email.EmailServiceTests.SendEmailAsync_Should_Return_False_When_Exception_Occurs [SKIP]</Text>
      </RunInfo>
      <RunInfo computerName="Unbutu-Ai-Chads-PC" outcome="Warning" timestamp="2025-09-11T15:38:55.2324996-04:00">
        <Text>[xUnit.net 00:00:00.21]     WitchCityRope.Infrastructure.Tests.Email.EmailServiceTests.SendBulkEmailAsync_Should_Batch_Large_Recipient_Lists [SKIP]</Text>
      </RunInfo>
      <RunInfo computerName="Unbutu-Ai-Chads-PC" outcome="Warning" timestamp="2025-09-11T15:38:55.2327431-04:00">
        <Text>[xUnit.net 00:00:00.21]     WitchCityRope.Infrastructure.Tests.Email.EmailServiceTests.SendRegistrationConfirmationAsync_Should_Use_Correct_Template [SKIP]</Text>
      </RunInfo>
      <RunInfo computerName="Unbutu-Ai-Chads-PC" outcome="Warning" timestamp="2025-09-11T15:38:55.2355982-04:00">
        <Text>[xUnit.net 00:00:00.21]     WitchCityRope.Infrastructure.Tests.PayPal.PayPalServiceTests.CreatePaymentIntentAsync_Should_Return_Valid_Intent [SKIP]</Text>
      </RunInfo>
      <RunInfo computerName="Unbutu-Ai-Chads-PC" outcome="Error" timestamp="2025-09-11T15:38:56.2739893-04:00">
        <Text>[xUnit.net 00:00:01.25]     WitchCityRope.Infrastructure.Tests.Data.ConcurrencyTests.Should_Handle_Deadlock_Scenario [FAIL]</Text>
      </RunInfo>
      <RunInfo computerName="Unbutu-Ai-Chads-PC" outcome="Error" timestamp="2025-09-11T15:38:56.2807967-04:00">
        <Text>[xUnit.net 00:00:01.26]     WitchCityRope.Infrastructure.Tests.Data.ComplexQueryTests.Should_Query_User_Registration_History [FAIL]</Text>
      </RunInfo>
      <RunInfo computerName="Unbutu-Ai-Chads-PC" outcome="Error" timestamp="2025-09-11T15:38:56.3738285-04:00">
        <Text>[xUnit.net 00:00:01.35]     WitchCityRope.Infrastructure.Tests.Data.ConcurrencyTests.Should_Handle_Concurrent_Updates_With_Retry_Logic [FAIL]</Text>
      </RunInfo>
      <RunInfo computerName="Unbutu-Ai-Chads-PC" outcome="Error" timestamp="2025-09-11T15:38:56.3753242-04:00">
        <Text>[xUnit.net 00:00:01.35]     WitchCityRope.Infrastructure.Tests.Data.EntityConfigurationTests.User_Configuration_Should_Store_Value_Objects_Correctly [FAIL]</Text>
      </RunInfo>
      <RunInfo computerName="Unbutu-Ai-Chads-PC" outcome="Error" timestamp="2025-09-11T15:38:56.3760883-04:00">
        <Text>[xUnit.net 00:00:01.35]     WitchCityRope.Infrastructure.Tests.Data.WitchCityRopeDbContextTests.Should_Save_And_Retrieve_User [FAIL]</Text>
      </RunInfo>
      <RunInfo computerName="Unbutu-Ai-Chads-PC" outcome="Error" timestamp="2025-09-11T15:38:56.4191325-04:00">
        <Text>[xUnit.net 00:00:01.39]     WitchCityRope.Infrastructure.Tests.Data.ComplexQueryTests.Should_Use_Compiled_Query_For_Performance [FAIL]</Text>
      </RunInfo>
      <RunInfo computerName="Unbutu-Ai-Chads-PC" outcome="Error" timestamp="2025-09-11T15:38:56.4358108-04:00">
        <Text>[xUnit.net 00:00:01.41]     WitchCityRope.Infrastructure.Tests.Data.ConcurrencyTests.Should_Handle_Concurrent_Payment_Processing [FAIL]</Text>
      </RunInfo>
      <RunInfo computerName="Unbutu-Ai-Chads-PC" outcome="Error" timestamp="2025-09-11T15:38:56.4788359-04:00">
        <Text>[xUnit.net 00:00:01.45]     WitchCityRope.Infrastructure.Tests.Data.EntityConfigurationTests.IncidentReport_Should_Support_Anonymous_Reports [FAIL]</Text>
      </RunInfo>
      <RunInfo computerName="Unbutu-Ai-Chads-PC" outcome="Error" timestamp="2025-09-11T15:38:56.5387043-04:00">
        <Text>[xUnit.net 00:00:01.51]     WitchCityRope.Infrastructure.Tests.Data.EntityConfigurationTests.Event_Registration_Relationship_Should_Be_Configured_Correctly [FAIL]</Text>
      </RunInfo>
      <RunInfo computerName="Unbutu-Ai-Chads-PC" outcome="Error" timestamp="2025-09-11T15:38:56.5468821-04:00">
        <Text>[xUnit.net 00:00:01.52]     WitchCityRope.Infrastructure.Tests.Data.WitchCityRopeDbContextTests.Should_Track_Entity_Changes [FAIL]</Text>
      </RunInfo>
      <RunInfo computerName="Unbutu-Ai-Chads-PC" outcome="Error" timestamp="2025-09-11T15:38:56.5630536-04:00">
        <Text>[xUnit.net 00:00:01.54]     WitchCityRope.Infrastructure.Tests.Data.ComplexQueryTests.Should_Query_Event_Statistics [FAIL]</Text>
      </RunInfo>
      <RunInfo computerName="Unbutu-Ai-Chads-PC" outcome="Error" timestamp="2025-09-11T15:38:56.5912911-04:00">
        <Text>[xUnit.net 00:00:01.57]     WitchCityRope.Infrastructure.Tests.Data.EntityConfigurationTests.Should_Handle_Cascade_Delete_For_Event_Registrations [FAIL]</Text>
      </RunInfo>
      <RunInfo computerName="Unbutu-Ai-Chads-PC" outcome="Error" timestamp="2025-09-11T15:38:56.6639281-04:00">
        <Text>[xUnit.net 00:00:01.64]     WitchCityRope.Infrastructure.Tests.Data.EntityConfigurationTests.Money_ValueObject_Should_Be_Stored_Correctly [FAIL]</Text>
      </RunInfo>
      <RunInfo computerName="Unbutu-Ai-Chads-PC" outcome="Error" timestamp="2025-09-11T15:38:56.6986428-04:00">
        <Text>[xUnit.net 00:00:01.67]     WitchCityRope.Infrastructure.Tests.Data.ComplexQueryTests.Should_Execute_Complex_Join_Query [FAIL]</Text>
      </RunInfo>
      <RunInfo computerName="Unbutu-Ai-Chads-PC" outcome="Error" timestamp="2025-09-11T15:38:56.7325337-04:00">
        <Text>[xUnit.net 00:00:01.71]     WitchCityRope.Infrastructure.Tests.Data.EntityConfigurationTests.VettingApplication_User_Relationship_Should_Be_Configured_Correctly [FAIL]</Text>
      </RunInfo>
      <RunInfo computerName="Unbutu-Ai-Chads-PC" outcome="Error" timestamp="2025-09-11T15:38:56.7331854-04:00">
        <Text>[xUnit.net 00:00:01.71]     WitchCityRope.Infrastructure.Tests.Data.ConcurrencyTests.Should_Handle_Concurrent_Vetting_Application_Reviews [FAIL]</Text>
      </RunInfo>
      <RunInfo computerName="Unbutu-Ai-Chads-PC" outcome="Error" timestamp="2025-09-11T15:38:56.7796825-04:00">
        <Text>[xUnit.net 00:00:01.75]     WitchCityRope.Infrastructure.Tests.Data.ConcurrencyTests.Should_Handle_Optimistic_Concurrency_With_RowVersion [FAIL]</Text>
      </RunInfo>
      <RunInfo computerName="Unbutu-Ai-Chads-PC" outcome="Error" timestamp="2025-09-11T15:38:56.7858059-04:00">
        <Text>[xUnit.net 00:00:01.76]     WitchCityRope.Infrastructure.Tests.Data.EntityConfigurationTests.User_Configuration_Should_Enforce_Unique_Email [FAIL]</Text>
      </RunInfo>
      <RunInfo computerName="Unbutu-Ai-Chads-PC" outcome="Error" timestamp="2025-09-11T15:38:56.8098442-04:00">
        <Text>[xUnit.net 00:00:01.78]     WitchCityRope.Infrastructure.Tests.Data.WitchCityRopeDbContextTests.Should_Apply_Global_Query_Filters_If_Configured [FAIL]</Text>
      </RunInfo>
      <RunInfo computerName="Unbutu-Ai-Chads-PC" outcome="Error" timestamp="2025-09-11T15:38:56.8490674-04:00">
        <Text>[xUnit.net 00:00:01.82]     WitchCityRope.Infrastructure.Tests.Data.ComplexQueryTests.Should_Query_Upcoming_Events_With_Available_Spots [FAIL]</Text>
      </RunInfo>
      <RunInfo computerName="Unbutu-Ai-Chads-PC" outcome="Error" timestamp="2025-09-11T15:38:56.8538685-04:00">
        <Text>[xUnit.net 00:00:01.83]     WitchCityRope.Infrastructure.Tests.Data.EntityConfigurationTests.Payment_Registration_Relationship_Should_Be_Configured_Correctly [FAIL]</Text>
      </RunInfo>
      <RunInfo computerName="Unbutu-Ai-Chads-PC" outcome="Error" timestamp="2025-09-11T15:38:56.8594174-04:00">
        <Text>[xUnit.net 00:00:01.83]     WitchCityRope.Infrastructure.Tests.Data.ConcurrencyTests.Should_Handle_Concurrent_Event_Registration [FAIL]</Text>
      </RunInfo>
      <RunInfo computerName="Unbutu-Ai-Chads-PC" outcome="Error" timestamp="2025-09-11T15:38:56.9268308-04:00">
        <Text>[xUnit.net 00:00:01.90]     WitchCityRope.Infrastructure.Tests.Data.WitchCityRopeDbContextTests.Should_Handle_Concurrent_Updates [FAIL]</Text>
      </RunInfo>
      <RunInfo computerName="Unbutu-Ai-Chads-PC" outcome="Error" timestamp="2025-09-11T15:38:56.9452682-04:00">
        <Text>[xUnit.net 00:00:01.92]     WitchCityRope.Infrastructure.Tests.Data.ConcurrencyTests.Should_Handle_Concurrent_Aggregate_Updates [FAIL]</Text>
      </RunInfo>
      <RunInfo computerName="Unbutu-Ai-Chads-PC" outcome="Error" timestamp="2025-09-11T15:38:56.9820571-04:00">
        <Text>[xUnit.net 00:00:01.96]     WitchCityRope.Infrastructure.Tests.Data.ComplexQueryTests.Should_Execute_Raw_SQL_Query [FAIL]</Text>
      </RunInfo>
      <RunInfo computerName="Unbutu-Ai-Chads-PC" outcome="Error" timestamp="2025-09-11T15:38:57.1142938-04:00">
        <Text>[xUnit.net 00:00:02.09]     WitchCityRope.Infrastructure.Tests.Data.ComplexQueryTests.Should_Handle_Pagination_Correctly [FAIL]</Text>
      </RunInfo>
      <RunInfo computerName="Unbutu-Ai-Chads-PC" outcome="Error" timestamp="2025-09-11T15:38:57.2355560-04:00">
        <Text>[xUnit.net 00:00:02.21]     WitchCityRope.Infrastructure.Tests.Data.ComplexQueryTests.Should_Handle_Complex_Filtering_And_Sorting [FAIL]</Text>
      </RunInfo>
      <RunInfo computerName="Unbutu-Ai-Chads-PC" outcome="Error" timestamp="2025-09-11T15:38:57.5801084-04:00">
        <Text>[xUnit.net 00:00:02.56]     WitchCityRope.Infrastructure.Tests.Data.MigrationTests.Should_Create_Correct_Foreign_Keys [FAIL]</Text>
      </RunInfo>
      <RunInfo computerName="Unbutu-Ai-Chads-PC" outcome="Error" timestamp="2025-09-11T15:38:57.8264891-04:00">
        <Text>[xUnit.net 00:00:02.80]     WitchCityRope.Infrastructure.Tests.Data.MigrationTests.Should_Apply_All_Migrations_Successfully [FAIL]</Text>
      </RunInfo>
      <RunInfo computerName="Unbutu-Ai-Chads-PC" outcome="Error" timestamp="2025-09-11T15:38:58.0888641-04:00">
        <Text>[xUnit.net 00:00:03.06]     WitchCityRope.Infrastructure.Tests.Data.MigrationTests.Should_Handle_Migration_Rollback [FAIL]</Text>
      </RunInfo>
      <RunInfo computerName="Unbutu-Ai-Chads-PC" outcome="Error" timestamp="2025-09-11T15:38:58.3081162-04:00">
        <Text>[xUnit.net 00:00:03.28]     WitchCityRope.Infrastructure.Tests.Data.MigrationTests.Should_Have_Correct_Schema_After_Migration [FAIL]</Text>
      </RunInfo>
      <RunInfo computerName="Unbutu-Ai-Chads-PC" outcome="Error" timestamp="2025-09-11T15:38:58.5223290-04:00">
        <Text>[xUnit.net 00:00:03.50]     WitchCityRope.Infrastructure.Tests.Data.MigrationTests.Should_Create_All_Expected_Tables [FAIL]</Text>
      </RunInfo>
      <RunInfo computerName="Unbutu-Ai-Chads-PC" outcome="Error" timestamp="2025-09-11T15:38:58.7229666-04:00">
        <Text>[xUnit.net 00:00:03.70]     WitchCityRope.Infrastructure.Tests.Data.MigrationTests.Should_Create_Correct_Indexes [FAIL]</Text>
      </RunInfo>
      <RunInfo computerName="Unbutu-Ai-Chads-PC" outcome="Error" timestamp="2025-09-11T15:38:58.7622320-04:00">
        <Text>[xUnit.net 00:00:03.74]     WitchCityRope.Infrastructure.Tests.Data.MigrationTests.Model_Should_Match_Database_Schema [FAIL]</Text>
      </RunInfo>
    </RunInfos>
  </ResultSummary>
</TestRun>